[0.060s] DEBUG:colcon:Command line arguments: ['/usr/bin/colcon', 'build', '--symlink-install']
[0.060s] DEBUG:colcon:Parsed command line arguments: Namespace(log_base=None, log_level=None, verb_name='build', build_base='build', install_base='install', merge_install=False, symlink_install=True, test_result_base=None, continue_on_error=False, executor='parallel', parallel_workers=20, event_handlers=None, ignore_user_meta=False, metas=['./colcon.meta'], base_paths=['.'], packages_ignore=None, packages_ignore_regex=None, paths=None, packages_up_to=None, packages_up_to_regex=None, packages_above=None, packages_above_and_dependencies=None, packages_above_depth=None, packages_select_by_dep=None, packages_skip_by_dep=None, packages_skip_up_to=None, packages_select_build_failed=False, packages_skip_build_finished=False, packages_select_test_failures=False, packages_skip_test_passed=False, packages_select=None, packages_skip=None, packages_select_regex=None, packages_skip_regex=None, packages_start=None, packages_end=None, allow_overriding=[], cmake_args=None, cmake_target=None, cmake_target_skip_unavailable=False, cmake_clean_cache=False, cmake_clean_first=False, cmake_force_configure=False, ament_cmake_args=None, catkin_cmake_args=None, catkin_skip_building_tests=False, mixin_files=None, mixin=None, verb_parser=<colcon_mixin.mixin.mixin_argument.MixinArgumentDecorator object at 0x7c292f665930>, verb_extension=<colcon_core.verb.build.BuildVerb object at 0x7c292f665270>, main=<bound method BuildVerb.main of <colcon_core.verb.build.BuildVerb object at 0x7c292f665270>>, mixin_verb=('build',))
[0.144s] Level 1:colcon.colcon_core.package_discovery:discover_packages(colcon_meta) check parameters
[0.144s] Level 1:colcon.colcon_core.package_discovery:discover_packages(recursive) check parameters
[0.144s] Level 1:colcon.colcon_core.package_discovery:discover_packages(ignore) check parameters
[0.144s] Level 1:colcon.colcon_core.package_discovery:discover_packages(path) check parameters
[0.144s] Level 1:colcon.colcon_core.package_discovery:discover_packages(colcon_meta) discover
[0.144s] Level 1:colcon.colcon_core.package_discovery:discover_packages(recursive) discover
[0.144s] INFO:colcon.colcon_core.package_discovery:Crawling recursively for packages in '/home/user/robo/sb-robot/ros_ws'
[0.144s] Level 1:colcon.colcon_core.package_identification:_identify(.) by extensions ['ignore', 'ignore_ament_install']
[0.144s] Level 1:colcon.colcon_core.package_identification:_identify(.) by extension 'ignore'
[0.144s] Level 1:colcon.colcon_core.package_identification:_identify(.) by extension 'ignore_ament_install'
[0.144s] Level 1:colcon.colcon_core.package_identification:_identify(.) by extensions ['colcon_pkg']
[0.144s] Level 1:colcon.colcon_core.package_identification:_identify(.) by extension 'colcon_pkg'
[0.144s] Level 1:colcon.colcon_core.package_identification:_identify(.) by extensions ['colcon_meta']
[0.144s] Level 1:colcon.colcon_core.package_identification:_identify(.) by extension 'colcon_meta'
[0.144s] Level 1:colcon.colcon_core.package_identification:_identify(.) by extensions ['ros']
[0.144s] Level 1:colcon.colcon_core.package_identification:_identify(.) by extension 'ros'
[0.151s] Level 1:colcon.colcon_core.package_identification:_identify(.) by extensions ['cmake', 'python']
[0.151s] Level 1:colcon.colcon_core.package_identification:_identify(.) by extension 'cmake'
[0.151s] Level 1:colcon.colcon_core.package_identification:_identify(.) by extension 'python'
[0.151s] Level 1:colcon.colcon_core.package_identification:_identify(.) by extensions ['python_setup_py']
[0.151s] Level 1:colcon.colcon_core.package_identification:_identify(.) by extension 'python_setup_py'
[0.151s] Level 1:colcon.colcon_core.package_identification:_identify(build) by extensions ['ignore', 'ignore_ament_install']
[0.151s] Level 1:colcon.colcon_core.package_identification:_identify(build) by extension 'ignore'
[0.151s] Level 1:colcon.colcon_core.package_identification:_identify(build) ignored
[0.151s] Level 1:colcon.colcon_core.package_identification:_identify(install) by extensions ['ignore', 'ignore_ament_install']
[0.151s] Level 1:colcon.colcon_core.package_identification:_identify(install) by extension 'ignore'
[0.151s] Level 1:colcon.colcon_core.package_identification:_identify(install) ignored
[0.151s] Level 1:colcon.colcon_core.package_identification:_identify(log) by extensions ['ignore', 'ignore_ament_install']
[0.151s] Level 1:colcon.colcon_core.package_identification:_identify(log) by extension 'ignore'
[0.151s] Level 1:colcon.colcon_core.package_identification:_identify(log) ignored
[0.151s] Level 1:colcon.colcon_core.package_identification:_identify(src) by extensions ['ignore', 'ignore_ament_install']
[0.151s] Level 1:colcon.colcon_core.package_identification:_identify(src) by extension 'ignore'
[0.151s] Level 1:colcon.colcon_core.package_identification:_identify(src) by extension 'ignore_ament_install'
[0.151s] Level 1:colcon.colcon_core.package_identification:_identify(src) by extensions ['colcon_pkg']
[0.151s] Level 1:colcon.colcon_core.package_identification:_identify(src) by extension 'colcon_pkg'
[0.151s] Level 1:colcon.colcon_core.package_identification:_identify(src) by extensions ['colcon_meta']
[0.151s] Level 1:colcon.colcon_core.package_identification:_identify(src) by extension 'colcon_meta'
[0.151s] Level 1:colcon.colcon_core.package_identification:_identify(src) by extensions ['ros']
[0.151s] Level 1:colcon.colcon_core.package_identification:_identify(src) by extension 'ros'
[0.151s] Level 1:colcon.colcon_core.package_identification:_identify(src) by extensions ['cmake', 'python']
[0.151s] Level 1:colcon.colcon_core.package_identification:_identify(src) by extension 'cmake'
[0.151s] Level 1:colcon.colcon_core.package_identification:_identify(src) by extension 'python'
[0.152s] Level 1:colcon.colcon_core.package_identification:_identify(src) by extensions ['python_setup_py']
[0.152s] Level 1:colcon.colcon_core.package_identification:_identify(src) by extension 'python_setup_py'
[0.152s] Level 1:colcon.colcon_core.package_identification:_identify(src/joy_tester) by extensions ['ignore', 'ignore_ament_install']
[0.152s] Level 1:colcon.colcon_core.package_identification:_identify(src/joy_tester) by extension 'ignore'
[0.152s] Level 1:colcon.colcon_core.package_identification:_identify(src/joy_tester) by extension 'ignore_ament_install'
[0.152s] Level 1:colcon.colcon_core.package_identification:_identify(src/joy_tester) by extensions ['colcon_pkg']
[0.152s] Level 1:colcon.colcon_core.package_identification:_identify(src/joy_tester) by extension 'colcon_pkg'
[0.152s] Level 1:colcon.colcon_core.package_identification:_identify(src/joy_tester) by extensions ['colcon_meta']
[0.152s] Level 1:colcon.colcon_core.package_identification:_identify(src/joy_tester) by extension 'colcon_meta'
[0.152s] Level 1:colcon.colcon_core.package_identification:_identify(src/joy_tester) by extensions ['ros']
[0.152s] Level 1:colcon.colcon_core.package_identification:_identify(src/joy_tester) by extension 'ros'
[0.153s] DEBUG:colcon.colcon_core.package_identification:Package 'src/joy_tester' with type 'ros.ament_python' and name 'joy_tester'
[0.153s] Level 1:colcon.colcon_core.package_identification:_identify(src/sb_robot) by extensions ['ignore', 'ignore_ament_install']
[0.153s] Level 1:colcon.colcon_core.package_identification:_identify(src/sb_robot) by extension 'ignore'
[0.153s] Level 1:colcon.colcon_core.package_identification:_identify(src/sb_robot) by extension 'ignore_ament_install'
[0.153s] Level 1:colcon.colcon_core.package_identification:_identify(src/sb_robot) by extensions ['colcon_pkg']
[0.153s] Level 1:colcon.colcon_core.package_identification:_identify(src/sb_robot) by extension 'colcon_pkg'
[0.153s] Level 1:colcon.colcon_core.package_identification:_identify(src/sb_robot) by extensions ['colcon_meta']
[0.153s] Level 1:colcon.colcon_core.package_identification:_identify(src/sb_robot) by extension 'colcon_meta'
[0.154s] Level 1:colcon.colcon_core.package_identification:_identify(src/sb_robot) by extensions ['ros']
[0.154s] Level 1:colcon.colcon_core.package_identification:_identify(src/sb_robot) by extension 'ros'
[0.154s] DEBUG:colcon.colcon_core.package_identification:Package 'src/sb_robot' with type 'ros.ament_cmake' and name 'sb_robot'
[0.154s] Level 1:colcon.colcon_core.package_identification:_identify(src/ws_hw_interface) by extensions ['ignore', 'ignore_ament_install']
[0.154s] Level 1:colcon.colcon_core.package_identification:_identify(src/ws_hw_interface) by extension 'ignore'
[0.154s] Level 1:colcon.colcon_core.package_identification:_identify(src/ws_hw_interface) by extension 'ignore_ament_install'
[0.154s] Level 1:colcon.colcon_core.package_identification:_identify(src/ws_hw_interface) by extensions ['colcon_pkg']
[0.154s] Level 1:colcon.colcon_core.package_identification:_identify(src/ws_hw_interface) by extension 'colcon_pkg'
[0.154s] Level 1:colcon.colcon_core.package_identification:_identify(src/ws_hw_interface) by extensions ['colcon_meta']
[0.154s] Level 1:colcon.colcon_core.package_identification:_identify(src/ws_hw_interface) by extension 'colcon_meta'
[0.154s] Level 1:colcon.colcon_core.package_identification:_identify(src/ws_hw_interface) by extensions ['ros']
[0.154s] Level 1:colcon.colcon_core.package_identification:_identify(src/ws_hw_interface) by extension 'ros'
[0.155s] DEBUG:colcon.colcon_core.package_identification:Package 'src/ws_hw_interface' with type 'ros.ament_cmake' and name 'ws_hw_interface'
[0.155s] Level 1:colcon.colcon_core.package_identification:_identify(test) by extensions ['ignore', 'ignore_ament_install']
[0.155s] Level 1:colcon.colcon_core.package_identification:_identify(test) by extension 'ignore'
[0.155s] Level 1:colcon.colcon_core.package_identification:_identify(test) ignored
[0.155s] Level 1:colcon.colcon_core.package_discovery:discover_packages(recursive) using defaults
[0.155s] Level 1:colcon.colcon_core.package_discovery:discover_packages(ignore) discover
[0.155s] Level 1:colcon.colcon_core.package_discovery:discover_packages(ignore) using defaults
[0.155s] Level 1:colcon.colcon_core.package_discovery:discover_packages(path) discover
[0.155s] Level 1:colcon.colcon_core.package_discovery:discover_packages(path) using defaults
[0.172s] Level 1:colcon.colcon_core.package_discovery:discover_packages(prefix_path) check parameters
[0.172s] Level 1:colcon.colcon_core.package_discovery:discover_packages(prefix_path) discover
[0.173s] DEBUG:colcon.colcon_installed_package_information.package_discovery:Found 283 installed packages in /opt/ros/humble
[0.174s] Level 1:colcon.colcon_core.package_discovery:discover_packages(prefix_path) using defaults
[0.192s] Level 5:colcon.colcon_core.verb:set package 'joy_tester' build argument 'cmake_args' from command line to 'None'
[0.192s] Level 5:colcon.colcon_core.verb:set package 'joy_tester' build argument 'cmake_target' from command line to 'None'
[0.192s] Level 5:colcon.colcon_core.verb:set package 'joy_tester' build argument 'cmake_target_skip_unavailable' from command line to 'False'
[0.192s] Level 5:colcon.colcon_core.verb:set package 'joy_tester' build argument 'cmake_clean_cache' from command line to 'False'
[0.192s] Level 5:colcon.colcon_core.verb:set package 'joy_tester' build argument 'cmake_clean_first' from command line to 'False'
[0.192s] Level 5:colcon.colcon_core.verb:set package 'joy_tester' build argument 'cmake_force_configure' from command line to 'False'
[0.192s] Level 5:colcon.colcon_core.verb:set package 'joy_tester' build argument 'ament_cmake_args' from command line to 'None'
[0.192s] Level 5:colcon.colcon_core.verb:set package 'joy_tester' build argument 'catkin_cmake_args' from command line to 'None'
[0.192s] Level 5:colcon.colcon_core.verb:set package 'joy_tester' build argument 'catkin_skip_building_tests' from command line to 'False'
[0.192s] DEBUG:colcon.colcon_core.verb:Building package 'joy_tester' with the following arguments: {'ament_cmake_args': None, 'build_base': '/home/user/robo/sb-robot/ros_ws/build/joy_tester', 'catkin_cmake_args': None, 'catkin_skip_building_tests': False, 'cmake_args': None, 'cmake_clean_cache': False, 'cmake_clean_first': False, 'cmake_force_configure': False, 'cmake_target': None, 'cmake_target_skip_unavailable': False, 'install_base': '/home/user/robo/sb-robot/ros_ws/install/joy_tester', 'merge_install': False, 'path': '/home/user/robo/sb-robot/ros_ws/src/joy_tester', 'symlink_install': True, 'test_result_base': None}
[0.192s] Level 5:colcon.colcon_core.verb:set package 'sb_robot' build argument 'cmake_args' from command line to 'None'
[0.192s] Level 5:colcon.colcon_core.verb:set package 'sb_robot' build argument 'cmake_target' from command line to 'None'
[0.192s] Level 5:colcon.colcon_core.verb:set package 'sb_robot' build argument 'cmake_target_skip_unavailable' from command line to 'False'
[0.192s] Level 5:colcon.colcon_core.verb:set package 'sb_robot' build argument 'cmake_clean_cache' from command line to 'False'
[0.192s] Level 5:colcon.colcon_core.verb:set package 'sb_robot' build argument 'cmake_clean_first' from command line to 'False'
[0.192s] Level 5:colcon.colcon_core.verb:set package 'sb_robot' build argument 'cmake_force_configure' from command line to 'False'
[0.192s] Level 5:colcon.colcon_core.verb:set package 'sb_robot' build argument 'ament_cmake_args' from command line to 'None'
[0.192s] Level 5:colcon.colcon_core.verb:set package 'sb_robot' build argument 'catkin_cmake_args' from command line to 'None'
[0.192s] Level 5:colcon.colcon_core.verb:set package 'sb_robot' build argument 'catkin_skip_building_tests' from command line to 'False'
[0.192s] DEBUG:colcon.colcon_core.verb:Building package 'sb_robot' with the following arguments: {'ament_cmake_args': None, 'build_base': '/home/user/robo/sb-robot/ros_ws/build/sb_robot', 'catkin_cmake_args': None, 'catkin_skip_building_tests': False, 'cmake_args': None, 'cmake_clean_cache': False, 'cmake_clean_first': False, 'cmake_force_configure': False, 'cmake_target': None, 'cmake_target_skip_unavailable': False, 'install_base': '/home/user/robo/sb-robot/ros_ws/install/sb_robot', 'merge_install': False, 'path': '/home/user/robo/sb-robot/ros_ws/src/sb_robot', 'symlink_install': True, 'test_result_base': None}
[0.192s] Level 5:colcon.colcon_core.verb:set package 'ws_hw_interface' build argument 'cmake_args' from command line to 'None'
[0.193s] Level 5:colcon.colcon_core.verb:set package 'ws_hw_interface' build argument 'cmake_target' from command line to 'None'
[0.193s] Level 5:colcon.colcon_core.verb:set package 'ws_hw_interface' build argument 'cmake_target_skip_unavailable' from command line to 'False'
[0.193s] Level 5:colcon.colcon_core.verb:set package 'ws_hw_interface' build argument 'cmake_clean_cache' from command line to 'False'
[0.193s] Level 5:colcon.colcon_core.verb:set package 'ws_hw_interface' build argument 'cmake_clean_first' from command line to 'False'
[0.193s] Level 5:colcon.colcon_core.verb:set package 'ws_hw_interface' build argument 'cmake_force_configure' from command line to 'False'
[0.193s] Level 5:colcon.colcon_core.verb:set package 'ws_hw_interface' build argument 'ament_cmake_args' from command line to 'None'
[0.193s] Level 5:colcon.colcon_core.verb:set package 'ws_hw_interface' build argument 'catkin_cmake_args' from command line to 'None'
[0.193s] Level 5:colcon.colcon_core.verb:set package 'ws_hw_interface' build argument 'catkin_skip_building_tests' from command line to 'False'
[0.193s] DEBUG:colcon.colcon_core.verb:Building package 'ws_hw_interface' with the following arguments: {'ament_cmake_args': None, 'build_base': '/home/user/robo/sb-robot/ros_ws/build/ws_hw_interface', 'catkin_cmake_args': None, 'catkin_skip_building_tests': False, 'cmake_args': None, 'cmake_clean_cache': False, 'cmake_clean_first': False, 'cmake_force_configure': False, 'cmake_target': None, 'cmake_target_skip_unavailable': False, 'install_base': '/home/user/robo/sb-robot/ros_ws/install/ws_hw_interface', 'merge_install': False, 'path': '/home/user/robo/sb-robot/ros_ws/src/ws_hw_interface', 'symlink_install': True, 'test_result_base': None}
[0.193s] INFO:colcon.colcon_core.executor:Executing jobs using 'parallel' executor
[0.193s] DEBUG:colcon.colcon_parallel_executor.executor.parallel:run_until_complete
[0.194s] INFO:colcon.colcon_ros.task.ament_python.build:Building ROS package in '/home/user/robo/sb-robot/ros_ws/src/joy_tester' with build type 'ament_python'
[0.194s] Level 1:colcon.colcon_core.shell:create_environment_hook('joy_tester', 'ament_prefix_path')
[0.195s] INFO:colcon.colcon_core.plugin_system:Skipping extension 'colcon_core.shell.bat': Not used on non-Windows systems
[0.195s] INFO:colcon.colcon_core.shell:Creating environment hook '/home/user/robo/sb-robot/ros_ws/install/joy_tester/share/joy_tester/hook/ament_prefix_path.ps1'
[0.195s] INFO:colcon.colcon_core.shell:Creating environment descriptor '/home/user/robo/sb-robot/ros_ws/install/joy_tester/share/joy_tester/hook/ament_prefix_path.dsv'
[0.195s] INFO:colcon.colcon_core.shell:Creating environment hook '/home/user/robo/sb-robot/ros_ws/install/joy_tester/share/joy_tester/hook/ament_prefix_path.sh'
[0.196s] INFO:colcon.colcon_core.shell:Skip shell extension 'powershell' for command environment: Not usable outside of PowerShell
[0.196s] DEBUG:colcon.colcon_core.shell:Skip shell extension 'dsv' for command environment
[0.197s] INFO:colcon.colcon_ros.task.ament_cmake.build:Building ROS package in '/home/user/robo/sb-robot/ros_ws/src/sb_robot' with build type 'ament_cmake'
[0.197s] INFO:colcon.colcon_cmake.task.cmake.build:Building CMake package in '/home/user/robo/sb-robot/ros_ws/src/sb_robot'
[0.197s] INFO:colcon.colcon_core.shell:Skip shell extension 'powershell' for command environment: Not usable outside of PowerShell
[0.197s] DEBUG:colcon.colcon_core.shell:Skip shell extension 'dsv' for command environment
[0.199s] INFO:colcon.colcon_ros.task.ament_cmake.build:Building ROS package in '/home/user/robo/sb-robot/ros_ws/src/ws_hw_interface' with build type 'ament_cmake'
[0.199s] INFO:colcon.colcon_cmake.task.cmake.build:Building CMake package in '/home/user/robo/sb-robot/ros_ws/src/ws_hw_interface'
[0.199s] INFO:colcon.colcon_core.shell:Skip shell extension 'powershell' for command environment: Not usable outside of PowerShell
[0.199s] DEBUG:colcon.colcon_core.shell:Skip shell extension 'dsv' for command environment
[0.337s] INFO:colcon.colcon_core.task.python.build:Building Python package in '/home/user/robo/sb-robot/ros_ws/src/joy_tester'
[0.337s] INFO:colcon.colcon_core.shell:Skip shell extension 'powershell' for command environment: Not usable outside of PowerShell
[0.337s] DEBUG:colcon.colcon_core.shell:Skip shell extension 'dsv' for command environment
[0.342s] DEBUG:colcon.colcon_core.event_handler.log_command:Invoking command in '/home/user/robo/sb-robot/ros_ws/build/sb_robot': CMAKE_PREFIX_PATH=/opt/ros/humble /usr/bin/cmake --build /home/user/robo/sb-robot/ros_ws/build/sb_robot -- -j20 -l20
[0.344s] DEBUG:colcon.colcon_core.event_handler.log_command:Invoking command in '/home/user/robo/sb-robot/ros_ws/build/ws_hw_interface': CMAKE_PREFIX_PATH=/opt/ros/humble /usr/bin/cmake --build /home/user/robo/sb-robot/ros_ws/build/ws_hw_interface -- -j20 -l20
[0.368s] DEBUG:colcon.colcon_core.event_handler.log_command:Invoked command in '/home/user/robo/sb-robot/ros_ws/build/sb_robot' returned '0': CMAKE_PREFIX_PATH=/opt/ros/humble /usr/bin/cmake --build /home/user/robo/sb-robot/ros_ws/build/sb_robot -- -j20 -l20
[0.376s] DEBUG:colcon.colcon_core.event_handler.log_command:Invoking command in '/home/user/robo/sb-robot/ros_ws/build/sb_robot': CMAKE_PREFIX_PATH=/opt/ros/humble /usr/bin/cmake --install /home/user/robo/sb-robot/ros_ws/build/sb_robot
[0.390s] Level 1:colcon.colcon_core.environment:create_environment_scripts_only(sb_robot)
[0.391s] DEBUG:colcon.colcon_core.event_handler.log_command:Invoked command in '/home/user/robo/sb-robot/ros_ws/build/sb_robot' returned '0': CMAKE_PREFIX_PATH=/opt/ros/humble /usr/bin/cmake --install /home/user/robo/sb-robot/ros_ws/build/sb_robot
[0.392s] Level 1:colcon.colcon_core.environment:checking '/home/user/robo/sb-robot/ros_ws/install/sb_robot' for CMake module files
[0.392s] Level 1:colcon.colcon_core.environment:checking '/home/user/robo/sb-robot/ros_ws/install/sb_robot' for CMake config files
[0.392s] Level 1:colcon.colcon_core.shell:create_environment_hook('sb_robot', 'cmake_prefix_path')
[0.393s] INFO:colcon.colcon_core.shell:Creating environment hook '/home/user/robo/sb-robot/ros_ws/install/sb_robot/share/sb_robot/hook/cmake_prefix_path.ps1'
[0.393s] INFO:colcon.colcon_core.shell:Creating environment descriptor '/home/user/robo/sb-robot/ros_ws/install/sb_robot/share/sb_robot/hook/cmake_prefix_path.dsv'
[0.393s] INFO:colcon.colcon_core.shell:Creating environment hook '/home/user/robo/sb-robot/ros_ws/install/sb_robot/share/sb_robot/hook/cmake_prefix_path.sh'
[0.394s] Level 1:colcon.colcon_core.environment:checking '/home/user/robo/sb-robot/ros_ws/install/sb_robot/bin'
[0.394s] Level 1:colcon.colcon_core.environment:checking '/home/user/robo/sb-robot/ros_ws/install/sb_robot/lib/pkgconfig/sb_robot.pc'
[0.394s] Level 1:colcon.colcon_core.environment:checking '/home/user/robo/sb-robot/ros_ws/install/sb_robot/lib/python3.10/site-packages'
[0.394s] Level 1:colcon.colcon_core.environment:checking '/home/user/robo/sb-robot/ros_ws/install/sb_robot/bin'
[0.395s] INFO:colcon.colcon_core.shell:Creating package script '/home/user/robo/sb-robot/ros_ws/install/sb_robot/share/sb_robot/package.ps1'
[0.395s] INFO:colcon.colcon_core.shell:Creating package descriptor '/home/user/robo/sb-robot/ros_ws/install/sb_robot/share/sb_robot/package.dsv'
[0.396s] INFO:colcon.colcon_core.shell:Creating package script '/home/user/robo/sb-robot/ros_ws/install/sb_robot/share/sb_robot/package.sh'
[0.396s] INFO:colcon.colcon_core.shell:Creating package script '/home/user/robo/sb-robot/ros_ws/install/sb_robot/share/sb_robot/package.bash'
[0.397s] INFO:colcon.colcon_core.shell:Creating package script '/home/user/robo/sb-robot/ros_ws/install/sb_robot/share/sb_robot/package.zsh'
[0.397s] Level 1:colcon.colcon_core.environment:create_file_with_runtime_dependencies(/home/user/robo/sb-robot/ros_ws/install/sb_robot/share/colcon-core/packages/sb_robot)
[0.398s] Level 1:colcon.colcon_core.environment:create_environment_scripts_only(sb_robot)
[0.398s] Level 1:colcon.colcon_core.environment:checking '/home/user/robo/sb-robot/ros_ws/install/sb_robot' for CMake module files
[0.398s] Level 1:colcon.colcon_core.environment:checking '/home/user/robo/sb-robot/ros_ws/install/sb_robot' for CMake config files
[0.398s] Level 1:colcon.colcon_core.shell:create_environment_hook('sb_robot', 'cmake_prefix_path')
[0.399s] INFO:colcon.colcon_core.shell:Creating environment hook '/home/user/robo/sb-robot/ros_ws/install/sb_robot/share/sb_robot/hook/cmake_prefix_path.ps1'
[0.399s] INFO:colcon.colcon_core.shell:Creating environment descriptor '/home/user/robo/sb-robot/ros_ws/install/sb_robot/share/sb_robot/hook/cmake_prefix_path.dsv'
[0.399s] INFO:colcon.colcon_core.shell:Creating environment hook '/home/user/robo/sb-robot/ros_ws/install/sb_robot/share/sb_robot/hook/cmake_prefix_path.sh'
[0.399s] Level 1:colcon.colcon_core.environment:checking '/home/user/robo/sb-robot/ros_ws/install/sb_robot/bin'
[0.399s] Level 1:colcon.colcon_core.environment:checking '/home/user/robo/sb-robot/ros_ws/install/sb_robot/lib/pkgconfig/sb_robot.pc'
[0.400s] Level 1:colcon.colcon_core.environment:checking '/home/user/robo/sb-robot/ros_ws/install/sb_robot/lib/python3.10/site-packages'
[0.400s] Level 1:colcon.colcon_core.environment:checking '/home/user/robo/sb-robot/ros_ws/install/sb_robot/bin'
[0.400s] INFO:colcon.colcon_core.shell:Creating package script '/home/user/robo/sb-robot/ros_ws/install/sb_robot/share/sb_robot/package.ps1'
[0.400s] INFO:colcon.colcon_core.shell:Creating package descriptor '/home/user/robo/sb-robot/ros_ws/install/sb_robot/share/sb_robot/package.dsv'
[0.400s] INFO:colcon.colcon_core.shell:Creating package script '/home/user/robo/sb-robot/ros_ws/install/sb_robot/share/sb_robot/package.sh'
[0.401s] INFO:colcon.colcon_core.shell:Creating package script '/home/user/robo/sb-robot/ros_ws/install/sb_robot/share/sb_robot/package.bash'
[0.401s] INFO:colcon.colcon_core.shell:Creating package script '/home/user/robo/sb-robot/ros_ws/install/sb_robot/share/sb_robot/package.zsh'
[0.401s] Level 1:colcon.colcon_core.environment:create_file_with_runtime_dependencies(/home/user/robo/sb-robot/ros_ws/install/sb_robot/share/colcon-core/packages/sb_robot)
[0.402s] DEBUG:colcon.colcon_core.event_handler.log_command:Invoked command in '/home/user/robo/sb-robot/ros_ws/build/ws_hw_interface' returned '0': CMAKE_PREFIX_PATH=/opt/ros/humble /usr/bin/cmake --build /home/user/robo/sb-robot/ros_ws/build/ws_hw_interface -- -j20 -l20
[0.403s] DEBUG:colcon.colcon_core.event_handler.log_command:Invoking command in '/home/user/robo/sb-robot/ros_ws/build/ws_hw_interface': CMAKE_PREFIX_PATH=/opt/ros/humble /usr/bin/cmake --install /home/user/robo/sb-robot/ros_ws/build/ws_hw_interface
[0.417s] Level 1:colcon.colcon_core.environment:create_environment_scripts_only(ws_hw_interface)
[0.417s] Level 1:colcon.colcon_core.environment:checking '/home/user/robo/sb-robot/ros_ws/install/ws_hw_interface' for CMake module files
[0.418s] DEBUG:colcon.colcon_core.event_handler.log_command:Invoked command in '/home/user/robo/sb-robot/ros_ws/build/ws_hw_interface' returned '0': CMAKE_PREFIX_PATH=/opt/ros/humble /usr/bin/cmake --install /home/user/robo/sb-robot/ros_ws/build/ws_hw_interface
[0.418s] Level 1:colcon.colcon_core.environment:checking '/home/user/robo/sb-robot/ros_ws/install/ws_hw_interface' for CMake config files
[0.418s] Level 1:colcon.colcon_core.shell:create_environment_hook('ws_hw_interface', 'cmake_prefix_path')
[0.418s] INFO:colcon.colcon_core.shell:Creating environment hook '/home/user/robo/sb-robot/ros_ws/install/ws_hw_interface/share/ws_hw_interface/hook/cmake_prefix_path.ps1'
[0.418s] INFO:colcon.colcon_core.shell:Creating environment descriptor '/home/user/robo/sb-robot/ros_ws/install/ws_hw_interface/share/ws_hw_interface/hook/cmake_prefix_path.dsv'
[0.419s] INFO:colcon.colcon_core.shell:Creating environment hook '/home/user/robo/sb-robot/ros_ws/install/ws_hw_interface/share/ws_hw_interface/hook/cmake_prefix_path.sh'
[0.419s] Level 1:colcon.colcon_core.environment:checking '/home/user/robo/sb-robot/ros_ws/install/ws_hw_interface/lib'
[0.419s] Level 1:colcon.colcon_core.shell:create_environment_hook('ws_hw_interface', 'ld_library_path_lib')
[0.419s] INFO:colcon.colcon_core.shell:Creating environment hook '/home/user/robo/sb-robot/ros_ws/install/ws_hw_interface/share/ws_hw_interface/hook/ld_library_path_lib.ps1'
[0.420s] INFO:colcon.colcon_core.shell:Creating environment descriptor '/home/user/robo/sb-robot/ros_ws/install/ws_hw_interface/share/ws_hw_interface/hook/ld_library_path_lib.dsv'
[0.420s] INFO:colcon.colcon_core.shell:Creating environment hook '/home/user/robo/sb-robot/ros_ws/install/ws_hw_interface/share/ws_hw_interface/hook/ld_library_path_lib.sh'
[0.420s] Level 1:colcon.colcon_core.environment:checking '/home/user/robo/sb-robot/ros_ws/install/ws_hw_interface/bin'
[0.420s] Level 1:colcon.colcon_core.environment:checking '/home/user/robo/sb-robot/ros_ws/install/ws_hw_interface/lib/pkgconfig/ws_hw_interface.pc'
[0.420s] Level 1:colcon.colcon_core.environment:checking '/home/user/robo/sb-robot/ros_ws/install/ws_hw_interface/lib/python3.10/site-packages'
[0.420s] Level 1:colcon.colcon_core.environment:checking '/home/user/robo/sb-robot/ros_ws/install/ws_hw_interface/bin'
[0.421s] INFO:colcon.colcon_core.shell:Creating package script '/home/user/robo/sb-robot/ros_ws/install/ws_hw_interface/share/ws_hw_interface/package.ps1'
[0.421s] INFO:colcon.colcon_core.shell:Creating package descriptor '/home/user/robo/sb-robot/ros_ws/install/ws_hw_interface/share/ws_hw_interface/package.dsv'
[0.421s] INFO:colcon.colcon_core.shell:Creating package script '/home/user/robo/sb-robot/ros_ws/install/ws_hw_interface/share/ws_hw_interface/package.sh'
[0.421s] INFO:colcon.colcon_core.shell:Creating package script '/home/user/robo/sb-robot/ros_ws/install/ws_hw_interface/share/ws_hw_interface/package.bash'
[0.422s] INFO:colcon.colcon_core.shell:Creating package script '/home/user/robo/sb-robot/ros_ws/install/ws_hw_interface/share/ws_hw_interface/package.zsh'
[0.422s] Level 1:colcon.colcon_core.environment:create_file_with_runtime_dependencies(/home/user/robo/sb-robot/ros_ws/install/ws_hw_interface/share/colcon-core/packages/ws_hw_interface)
[0.422s] Level 1:colcon.colcon_core.environment:create_environment_scripts_only(ws_hw_interface)
[0.422s] Level 1:colcon.colcon_core.environment:checking '/home/user/robo/sb-robot/ros_ws/install/ws_hw_interface' for CMake module files
[0.423s] Level 1:colcon.colcon_core.environment:checking '/home/user/robo/sb-robot/ros_ws/install/ws_hw_interface' for CMake config files
[0.423s] Level 1:colcon.colcon_core.shell:create_environment_hook('ws_hw_interface', 'cmake_prefix_path')
[0.423s] INFO:colcon.colcon_core.shell:Creating environment hook '/home/user/robo/sb-robot/ros_ws/install/ws_hw_interface/share/ws_hw_interface/hook/cmake_prefix_path.ps1'
[0.423s] INFO:colcon.colcon_core.shell:Creating environment descriptor '/home/user/robo/sb-robot/ros_ws/install/ws_hw_interface/share/ws_hw_interface/hook/cmake_prefix_path.dsv'
[0.424s] INFO:colcon.colcon_core.shell:Creating environment hook '/home/user/robo/sb-robot/ros_ws/install/ws_hw_interface/share/ws_hw_interface/hook/cmake_prefix_path.sh'
[0.424s] Level 1:colcon.colcon_core.environment:checking '/home/user/robo/sb-robot/ros_ws/install/ws_hw_interface/lib'
[0.424s] Level 1:colcon.colcon_core.shell:create_environment_hook('ws_hw_interface', 'ld_library_path_lib')
[0.424s] INFO:colcon.colcon_core.shell:Creating environment hook '/home/user/robo/sb-robot/ros_ws/install/ws_hw_interface/share/ws_hw_interface/hook/ld_library_path_lib.ps1'
[0.425s] INFO:colcon.colcon_core.shell:Creating environment descriptor '/home/user/robo/sb-robot/ros_ws/install/ws_hw_interface/share/ws_hw_interface/hook/ld_library_path_lib.dsv'
[0.425s] INFO:colcon.colcon_core.shell:Creating environment hook '/home/user/robo/sb-robot/ros_ws/install/ws_hw_interface/share/ws_hw_interface/hook/ld_library_path_lib.sh'
[0.425s] Level 1:colcon.colcon_core.environment:checking '/home/user/robo/sb-robot/ros_ws/install/ws_hw_interface/bin'
[0.425s] Level 1:colcon.colcon_core.environment:checking '/home/user/robo/sb-robot/ros_ws/install/ws_hw_interface/lib/pkgconfig/ws_hw_interface.pc'
[0.425s] Level 1:colcon.colcon_core.environment:checking '/home/user/robo/sb-robot/ros_ws/install/ws_hw_interface/lib/python3.10/site-packages'
[0.426s] Level 1:colcon.colcon_core.environment:checking '/home/user/robo/sb-robot/ros_ws/install/ws_hw_interface/bin'
[0.426s] INFO:colcon.colcon_core.shell:Creating package script '/home/user/robo/sb-robot/ros_ws/install/ws_hw_interface/share/ws_hw_interface/package.ps1'
[0.426s] INFO:colcon.colcon_core.shell:Creating package descriptor '/home/user/robo/sb-robot/ros_ws/install/ws_hw_interface/share/ws_hw_interface/package.dsv'
[0.427s] INFO:colcon.colcon_core.shell:Creating package script '/home/user/robo/sb-robot/ros_ws/install/ws_hw_interface/share/ws_hw_interface/package.sh'
[0.427s] INFO:colcon.colcon_core.shell:Creating package script '/home/user/robo/sb-robot/ros_ws/install/ws_hw_interface/share/ws_hw_interface/package.bash'
[0.428s] INFO:colcon.colcon_core.shell:Creating package script '/home/user/robo/sb-robot/ros_ws/install/ws_hw_interface/share/ws_hw_interface/package.zsh'
[0.428s] Level 1:colcon.colcon_core.environment:create_file_with_runtime_dependencies(/home/user/robo/sb-robot/ros_ws/install/ws_hw_interface/share/colcon-core/packages/ws_hw_interface)
[0.534s] DEBUG:colcon.colcon_core.event_handler.log_command:Invoking command in '/home/user/robo/sb-robot/ros_ws/build/joy_tester': PYTHONPATH=/home/user/robo/sb-robot/ros_ws/build/joy_tester/prefix_override:/usr/lib/python3/dist-packages/colcon_core/task/python/colcon_distutils_commands:/home/user/robo/sb-robot/ros_ws/install/joy_tester/lib/python3.10/site-packages:${PYTHONPATH} /usr/bin/python3 -W ignore:setup.py install is deprecated -W ignore:easy_install command is deprecated setup.py develop --editable --build-directory /home/user/robo/sb-robot/ros_ws/build/joy_tester/build --no-deps symlink_data
[0.766s] Level 1:colcon.colcon_core.shell:create_environment_hook('joy_tester', 'pythonpath_develop')
[0.766s] INFO:colcon.colcon_core.shell:Creating environment hook '/home/user/robo/sb-robot/ros_ws/build/joy_tester/share/joy_tester/hook/pythonpath_develop.ps1'
[0.767s] DEBUG:colcon.colcon_core.event_handler.log_command:Invoked command in '/home/user/robo/sb-robot/ros_ws/build/joy_tester' returned '0': PYTHONPATH=/home/user/robo/sb-robot/ros_ws/build/joy_tester/prefix_override:/usr/lib/python3/dist-packages/colcon_core/task/python/colcon_distutils_commands:/home/user/robo/sb-robot/ros_ws/install/joy_tester/lib/python3.10/site-packages:${PYTHONPATH} /usr/bin/python3 -W ignore:setup.py install is deprecated -W ignore:easy_install command is deprecated setup.py develop --editable --build-directory /home/user/robo/sb-robot/ros_ws/build/joy_tester/build --no-deps symlink_data
[0.767s] INFO:colcon.colcon_core.shell:Creating environment descriptor '/home/user/robo/sb-robot/ros_ws/build/joy_tester/share/joy_tester/hook/pythonpath_develop.dsv'
[0.767s] INFO:colcon.colcon_core.shell:Creating environment hook '/home/user/robo/sb-robot/ros_ws/build/joy_tester/share/joy_tester/hook/pythonpath_develop.sh'
[0.767s] Level 1:colcon.colcon_core.environment:checking '/home/user/robo/sb-robot/ros_ws/install/joy_tester' for CMake module files
[0.767s] Level 1:colcon.colcon_core.environment:checking '/home/user/robo/sb-robot/ros_ws/install/joy_tester' for CMake config files
[0.768s] Level 1:colcon.colcon_core.environment:checking '/home/user/robo/sb-robot/ros_ws/install/joy_tester/lib'
[0.768s] Level 1:colcon.colcon_core.environment:checking '/home/user/robo/sb-robot/ros_ws/install/joy_tester/bin'
[0.768s] Level 1:colcon.colcon_core.environment:checking '/home/user/robo/sb-robot/ros_ws/install/joy_tester/lib/pkgconfig/joy_tester.pc'
[0.768s] Level 1:colcon.colcon_core.environment:checking '/home/user/robo/sb-robot/ros_ws/install/joy_tester/lib/python3.10/site-packages'
[0.768s] Level 1:colcon.colcon_core.shell:create_environment_hook('joy_tester', 'pythonpath')
[0.768s] INFO:colcon.colcon_core.shell:Creating environment hook '/home/user/robo/sb-robot/ros_ws/install/joy_tester/share/joy_tester/hook/pythonpath.ps1'
[0.768s] INFO:colcon.colcon_core.shell:Creating environment descriptor '/home/user/robo/sb-robot/ros_ws/install/joy_tester/share/joy_tester/hook/pythonpath.dsv'
[0.769s] INFO:colcon.colcon_core.shell:Creating environment hook '/home/user/robo/sb-robot/ros_ws/install/joy_tester/share/joy_tester/hook/pythonpath.sh'
[0.769s] Level 1:colcon.colcon_core.environment:checking '/home/user/robo/sb-robot/ros_ws/install/joy_tester/bin'
[0.769s] Level 1:colcon.colcon_core.environment:create_environment_scripts_only(joy_tester)
[0.769s] INFO:colcon.colcon_core.shell:Creating package script '/home/user/robo/sb-robot/ros_ws/install/joy_tester/share/joy_tester/package.ps1'
[0.770s] INFO:colcon.colcon_core.shell:Creating package descriptor '/home/user/robo/sb-robot/ros_ws/install/joy_tester/share/joy_tester/package.dsv'
[0.770s] INFO:colcon.colcon_core.shell:Creating package script '/home/user/robo/sb-robot/ros_ws/install/joy_tester/share/joy_tester/package.sh'
[0.770s] INFO:colcon.colcon_core.shell:Creating package script '/home/user/robo/sb-robot/ros_ws/install/joy_tester/share/joy_tester/package.bash'
[0.770s] INFO:colcon.colcon_core.shell:Creating package script '/home/user/robo/sb-robot/ros_ws/install/joy_tester/share/joy_tester/package.zsh'
[0.770s] Level 1:colcon.colcon_core.environment:create_file_with_runtime_dependencies(/home/user/robo/sb-robot/ros_ws/install/joy_tester/share/colcon-core/packages/joy_tester)
[0.771s] DEBUG:colcon.colcon_parallel_executor.executor.parallel:closing loop
[0.771s] DEBUG:colcon.colcon_parallel_executor.executor.parallel:loop closed
[0.771s] DEBUG:colcon.colcon_parallel_executor.executor.parallel:run_until_complete finished with '0'
[0.771s] DEBUG:colcon.colcon_core.event_reactor:joining thread
[0.775s] INFO:colcon.colcon_core.plugin_system:Skipping extension 'colcon_notification.desktop_notification.terminal_notifier': Not used on non-Darwin systems
[0.775s] INFO:colcon.colcon_core.plugin_system:Skipping extension 'colcon_notification.desktop_notification.win32': Not used on non-Windows systems
[0.775s] INFO:colcon.colcon_notification.desktop_notification:Sending desktop notification using 'notify2'
[0.784s] DEBUG:colcon.colcon_core.event_reactor:joined thread
[0.785s] INFO:colcon.colcon_core.shell:Creating prefix script '/home/user/robo/sb-robot/ros_ws/install/local_setup.ps1'
[0.786s] INFO:colcon.colcon_core.shell:Creating prefix util module '/home/user/robo/sb-robot/ros_ws/install/_local_setup_util_ps1.py'
[0.787s] INFO:colcon.colcon_core.shell:Creating prefix chain script '/home/user/robo/sb-robot/ros_ws/install/setup.ps1'
[0.787s] INFO:colcon.colcon_core.shell:Creating prefix script '/home/user/robo/sb-robot/ros_ws/install/local_setup.sh'
[0.787s] INFO:colcon.colcon_core.shell:Creating prefix util module '/home/user/robo/sb-robot/ros_ws/install/_local_setup_util_sh.py'
[0.788s] INFO:colcon.colcon_core.shell:Creating prefix chain script '/home/user/robo/sb-robot/ros_ws/install/setup.sh'
[0.788s] INFO:colcon.colcon_core.shell:Creating prefix script '/home/user/robo/sb-robot/ros_ws/install/local_setup.bash'
[0.788s] INFO:colcon.colcon_core.shell:Creating prefix chain script '/home/user/robo/sb-robot/ros_ws/install/setup.bash'
[0.789s] INFO:colcon.colcon_core.shell:Creating prefix script '/home/user/robo/sb-robot/ros_ws/install/local_setup.zsh'
[0.789s] INFO:colcon.colcon_core.shell:Creating prefix chain script '/home/user/robo/sb-robot/ros_ws/install/setup.zsh'
