[0.011s] Invoking command in '/home/user/robo/sb-robot/microros_ws/build/builtin_interfaces': CMAKE_PREFIX_PATH=${CMAKE_PREFIX_PATH}:/home/user/robo/sb-robot/microros_ws/install/sensor_msgs_py:/opt/ros/humble /usr/bin/cmake /home/user/robo/sb-robot/microros_ws/src/ros2/rcl_interfaces/builtin_interfaces -DUAGENT_BUILD_EXECUTABLE=OFF -DUAGENT_P2P_PROFILE=OFF --no-warn-unused-cli -DCMAKE_INSTALL_PREFIX=/home/user/robo/sb-robot/microros_ws/install/builtin_interfaces
[0.019s] Not searching for unused variables given on the command line.
[0.022s] -- Found ament_cmake: 1.3.11 (/opt/ros/humble/share/ament_cmake/cmake)
[0.120s] -- Found rosidl_default_generators: 1.2.0 (/opt/ros/humble/share/rosidl_default_generators/cmake)
[0.125s] -- Using all available rosidl_typesupport_c: rosidl_typesupport_microxrcedds_c;rosidl_typesupport_fastrtps_c;rosidl_typesupport_introspection_c
[0.126s] -- Found rosidl_adapter: 3.1.6 (/opt/ros/humble/share/rosidl_adapter/cmake)
[0.149s] -- Using all available rosidl_typesupport_cpp: rosidl_typesupport_microxrcedds_cpp;rosidl_typesupport_fastrtps_cpp;rosidl_typesupport_introspection_cpp
[0.363s] -- Found ament_cmake_cppcheck: 0.12.11 (/opt/ros/humble/share/ament_cmake_cppcheck/cmake)
[0.364s] -- Found ament_cmake_cpplint: 0.12.11 (/opt/ros/humble/share/ament_cmake_cpplint/cmake)
[0.364s] -- Found ament_cmake_uncrustify: 0.12.11 (/opt/ros/humble/share/ament_cmake_uncrustify/cmake)
[0.364s] -- Found ament_cmake_ros: 0.10.0 (/opt/ros/humble/share/ament_cmake_ros/cmake)
[0.575s] -- Using all available rosidl_typesupport_c: rosidl_typesupport_microxrcedds_c;rosidl_typesupport_fastrtps_c;rosidl_typesupport_introspection_c
[0.826s] -- Using all available rosidl_typesupport_cpp: rosidl_typesupport_microxrcedds_cpp;rosidl_typesupport_fastrtps_cpp;rosidl_typesupport_introspection_cpp
[0.846s] -- Found python_cmake_module: 0.10.0 (/opt/ros/humble/share/python_cmake_module/cmake)
[0.866s] -- Using PYTHON_EXECUTABLE: /usr/bin/python3
[0.866s] -- Using PYTHON_INCLUDE_DIRS: /usr/include/python3.10
[0.866s] -- Using PYTHON_LIBRARIES: /usr/lib/x86_64-linux-gnu/libpython3.10.so
[0.887s] -- Found ament_cmake_flake8: 0.12.11 (/opt/ros/humble/share/ament_cmake_flake8/cmake)
[0.887s] -- Found ament_cmake_pep257: 0.12.11 (/opt/ros/humble/share/ament_cmake_pep257/cmake)
[0.890s] -- Configuring done
[0.908s] -- Generating done
[0.915s] -- Build files have been written to: /home/user/robo/sb-robot/microros_ws/build/builtin_interfaces
[0.921s] Invoked command in '/home/user/robo/sb-robot/microros_ws/build/builtin_interfaces' returned '0': CMAKE_PREFIX_PATH=${CMAKE_PREFIX_PATH}:/home/user/robo/sb-robot/microros_ws/install/sensor_msgs_py:/opt/ros/humble /usr/bin/cmake /home/user/robo/sb-robot/microros_ws/src/ros2/rcl_interfaces/builtin_interfaces -DUAGENT_BUILD_EXECUTABLE=OFF -DUAGENT_P2P_PROFILE=OFF --no-warn-unused-cli -DCMAKE_INSTALL_PREFIX=/home/user/robo/sb-robot/microros_ws/install/builtin_interfaces
[0.921s] Invoking command in '/home/user/robo/sb-robot/microros_ws/build/builtin_interfaces': CMAKE_PREFIX_PATH=${CMAKE_PREFIX_PATH}:/home/user/robo/sb-robot/microros_ws/install/sensor_msgs_py:/opt/ros/humble /usr/bin/cmake --build /home/user/robo/sb-robot/microros_ws/build/builtin_interfaces -- -j20 -l20
[0.963s] [35m[1mConsolidate compiler generated dependencies of target builtin_interfaces__rosidl_generator_c[0m
[0.974s] [  2%] Built target builtin_interfaces__cpp
[0.975s] [ 10%] Built target builtin_interfaces__rosidl_generator_c
[0.984s] [35m[1mConsolidate compiler generated dependencies of target builtin_interfaces__rosidl_typesupport_microxrcedds_cpp[0m
[0.985s] [ 10%] Built target ament_cmake_python_copy_builtin_interfaces
[0.985s] [35m[1mConsolidate compiler generated dependencies of target builtin_interfaces__rosidl_typesupport_fastrtps_cpp[0m
[0.986s] [35m[1mConsolidate compiler generated dependencies of target builtin_interfaces__rosidl_typesupport_cpp[0m
[0.987s] [35m[1mConsolidate compiler generated dependencies of target builtin_interfaces__rosidl_typesupport_introspection_cpp[0m
[0.998s] [35m[1mConsolidate compiler generated dependencies of target builtin_interfaces__rosidl_typesupport_microxrcedds_c[0m
[0.999s] [35m[1mConsolidate compiler generated dependencies of target builtin_interfaces__rosidl_typesupport_c[0m
[0.999s] [ 18%] Built target builtin_interfaces__rosidl_typesupport_microxrcedds_cpp
[1.002s] [35m[1mConsolidate compiler generated dependencies of target builtin_interfaces__rosidl_typesupport_fastrtps_c[0m
[1.003s] [35m[1mConsolidate compiler generated dependencies of target builtin_interfaces__rosidl_typesupport_introspection_c[0m
[1.003s] [ 26%] Built target builtin_interfaces__rosidl_typesupport_cpp
[1.003s] [ 34%] Built target builtin_interfaces__rosidl_typesupport_fastrtps_cpp
[1.005s] [ 42%] Built target builtin_interfaces__rosidl_typesupport_introspection_cpp
[1.010s] [ 51%] Built target builtin_interfaces__rosidl_typesupport_introspection_c
[1.011s] [ 59%] Built target builtin_interfaces__rosidl_typesupport_c
[1.012s] [ 67%] Built target builtin_interfaces__rosidl_typesupport_microxrcedds_c
[1.017s] [ 75%] Built target builtin_interfaces__rosidl_typesupport_fastrtps_c
[1.041s] [ 75%] Built target builtin_interfaces
[1.065s] [ 77%] Built target builtin_interfaces__py
[1.079s] [35m[1mConsolidate compiler generated dependencies of target builtin_interfaces__rosidl_generator_py[0m
[1.096s] [ 83%] Built target builtin_interfaces__rosidl_generator_py
[1.106s] [35m[1mConsolidate compiler generated dependencies of target builtin_interfaces__rosidl_typesupport_fastrtps_c__pyext[0m
[1.110s] [35m[1mConsolidate compiler generated dependencies of target builtin_interfaces__rosidl_typesupport_microxrcedds_c__pyext[0m
[1.110s] [35m[1mConsolidate compiler generated dependencies of target builtin_interfaces__rosidl_typesupport_introspection_c__pyext[0m
[1.111s] [35m[1mConsolidate compiler generated dependencies of target builtin_interfaces__rosidl_typesupport_c__pyext[0m
[1.118s] [ 87%] Built target builtin_interfaces__rosidl_typesupport_fastrtps_c__pyext
[1.125s] [ 91%] Built target builtin_interfaces__rosidl_typesupport_introspection_c__pyext
[1.127s] [ 95%] Built target builtin_interfaces__rosidl_typesupport_c__pyext
[1.128s] [100%] Built target builtin_interfaces__rosidl_typesupport_microxrcedds_c__pyext
[1.178s] running egg_info
[1.179s] writing builtin_interfaces.egg-info/PKG-INFO
[1.179s] writing dependency_links to builtin_interfaces.egg-info/dependency_links.txt
[1.179s] writing top-level names to builtin_interfaces.egg-info/top_level.txt
[1.181s] reading manifest file 'builtin_interfaces.egg-info/SOURCES.txt'
[1.181s] writing manifest file 'builtin_interfaces.egg-info/SOURCES.txt'
[1.203s] [100%] Built target ament_cmake_python_build_builtin_interfaces_egg
[1.219s] Invoked command in '/home/user/robo/sb-robot/microros_ws/build/builtin_interfaces' returned '0': CMAKE_PREFIX_PATH=${CMAKE_PREFIX_PATH}:/home/user/robo/sb-robot/microros_ws/install/sensor_msgs_py:/opt/ros/humble /usr/bin/cmake --build /home/user/robo/sb-robot/microros_ws/build/builtin_interfaces -- -j20 -l20
[1.220s] Invoking command in '/home/user/robo/sb-robot/microros_ws/build/builtin_interfaces': CMAKE_PREFIX_PATH=${CMAKE_PREFIX_PATH}:/home/user/robo/sb-robot/microros_ws/install/sensor_msgs_py:/opt/ros/humble /usr/bin/cmake --install /home/user/robo/sb-robot/microros_ws/build/builtin_interfaces
[1.232s] -- Install configuration: ""
[1.233s] -- Up-to-date: /home/user/robo/sb-robot/microros_ws/install/builtin_interfaces/share/ament_index/resource_index/rosidl_interfaces/builtin_interfaces
[1.233s] -- Up-to-date: /home/user/robo/sb-robot/microros_ws/install/builtin_interfaces/include/builtin_interfaces/builtin_interfaces
[1.233s] -- Up-to-date: /home/user/robo/sb-robot/microros_ws/install/builtin_interfaces/include/builtin_interfaces/builtin_interfaces/msg
[1.233s] -- Up-to-date: /home/user/robo/sb-robot/microros_ws/install/builtin_interfaces/include/builtin_interfaces/builtin_interfaces/msg/detail
[1.233s] -- Up-to-date: /home/user/robo/sb-robot/microros_ws/install/builtin_interfaces/include/builtin_interfaces/builtin_interfaces/msg/detail/time__struct.h
[1.233s] -- Up-to-date: /home/user/robo/sb-robot/microros_ws/install/builtin_interfaces/include/builtin_interfaces/builtin_interfaces/msg/detail/time__type_support.h
[1.233s] -- Up-to-date: /home/user/robo/sb-robot/microros_ws/install/builtin_interfaces/include/builtin_interfaces/builtin_interfaces/msg/detail/time__functions.c
[1.234s] -- Up-to-date: /home/user/robo/sb-robot/microros_ws/install/builtin_interfaces/include/builtin_interfaces/builtin_interfaces/msg/detail/duration__type_support.h
[1.234s] -- Up-to-date: /home/user/robo/sb-robot/microros_ws/install/builtin_interfaces/include/builtin_interfaces/builtin_interfaces/msg/detail/time__functions.h
[1.234s] -- Up-to-date: /home/user/robo/sb-robot/microros_ws/install/builtin_interfaces/include/builtin_interfaces/builtin_interfaces/msg/detail/duration__functions.c
[1.234s] -- Up-to-date: /home/user/robo/sb-robot/microros_ws/install/builtin_interfaces/include/builtin_interfaces/builtin_interfaces/msg/detail/duration__struct.h
[1.234s] -- Up-to-date: /home/user/robo/sb-robot/microros_ws/install/builtin_interfaces/include/builtin_interfaces/builtin_interfaces/msg/detail/duration__functions.h
[1.234s] -- Up-to-date: /home/user/robo/sb-robot/microros_ws/install/builtin_interfaces/include/builtin_interfaces/builtin_interfaces/msg/duration.h
[1.234s] -- Up-to-date: /home/user/robo/sb-robot/microros_ws/install/builtin_interfaces/include/builtin_interfaces/builtin_interfaces/msg/rosidl_generator_c__visibility_control.h
[1.234s] -- Up-to-date: /home/user/robo/sb-robot/microros_ws/install/builtin_interfaces/include/builtin_interfaces/builtin_interfaces/msg/time.h
[1.234s] -- Up-to-date: /home/user/robo/sb-robot/microros_ws/install/builtin_interfaces/share/builtin_interfaces/environment/library_path.sh
[1.234s] -- Installing: /home/user/robo/sb-robot/microros_ws/install/builtin_interfaces/share/builtin_interfaces/environment/library_path.dsv
[1.234s] -- Up-to-date: /home/user/robo/sb-robot/microros_ws/install/builtin_interfaces/lib/libbuiltin_interfaces__rosidl_generator_c.so
[1.235s] -- Up-to-date: /home/user/robo/sb-robot/microros_ws/install/builtin_interfaces/include/builtin_interfaces
[1.235s] -- Up-to-date: /home/user/robo/sb-robot/microros_ws/install/builtin_interfaces/include/builtin_interfaces/msg
[1.235s] -- Up-to-date: /home/user/robo/sb-robot/microros_ws/install/builtin_interfaces/include/builtin_interfaces/msg/rosidl_typesupport_microxrcedds_c__visibility_control.h
[1.235s] -- Up-to-date: /home/user/robo/sb-robot/microros_ws/install/builtin_interfaces/include/builtin_interfaces/msg/detail
[1.235s] -- Up-to-date: /home/user/robo/sb-robot/microros_ws/install/builtin_interfaces/include/builtin_interfaces/msg/detail/microxrcedds
[1.235s] -- Up-to-date: /home/user/robo/sb-robot/microros_ws/install/builtin_interfaces/include/builtin_interfaces/msg/detail/duration__rosidl_typesupport_microxrcedds_c.h
[1.235s] -- Up-to-date: /home/user/robo/sb-robot/microros_ws/install/builtin_interfaces/include/builtin_interfaces/msg/detail/time__rosidl_typesupport_microxrcedds_c.h
[1.235s] -- Up-to-date: /home/user/robo/sb-robot/microros_ws/install/builtin_interfaces/lib/libbuiltin_interfaces__rosidl_typesupport_microxrcedds_c.so
[1.236s] -- Up-to-date: /home/user/robo/sb-robot/microros_ws/install/builtin_interfaces/include/builtin_interfaces/builtin_interfaces
[1.236s] -- Up-to-date: /home/user/robo/sb-robot/microros_ws/install/builtin_interfaces/include/builtin_interfaces/builtin_interfaces/msg
[1.236s] -- Up-to-date: /home/user/robo/sb-robot/microros_ws/install/builtin_interfaces/include/builtin_interfaces/builtin_interfaces/msg/detail
[1.236s] -- Up-to-date: /home/user/robo/sb-robot/microros_ws/install/builtin_interfaces/include/builtin_interfaces/builtin_interfaces/msg/detail/time__rosidl_typesupport_fastrtps_c.h
[1.236s] -- Up-to-date: /home/user/robo/sb-robot/microros_ws/install/builtin_interfaces/include/builtin_interfaces/builtin_interfaces/msg/detail/duration__rosidl_typesupport_fastrtps_c.h
[1.236s] -- Up-to-date: /home/user/robo/sb-robot/microros_ws/install/builtin_interfaces/include/builtin_interfaces/builtin_interfaces/msg/rosidl_typesupport_fastrtps_c__visibility_control.h
[1.236s] -- Up-to-date: /home/user/robo/sb-robot/microros_ws/install/builtin_interfaces/lib/libbuiltin_interfaces__rosidl_typesupport_fastrtps_c.so
[1.236s] -- Up-to-date: /home/user/robo/sb-robot/microros_ws/install/builtin_interfaces/include/builtin_interfaces/builtin_interfaces
[1.236s] -- Up-to-date: /home/user/robo/sb-robot/microros_ws/install/builtin_interfaces/include/builtin_interfaces/builtin_interfaces/msg
[1.236s] -- Up-to-date: /home/user/robo/sb-robot/microros_ws/install/builtin_interfaces/include/builtin_interfaces/builtin_interfaces/msg/detail
[1.236s] -- Up-to-date: /home/user/robo/sb-robot/microros_ws/install/builtin_interfaces/include/builtin_interfaces/builtin_interfaces/msg/detail/time__rosidl_typesupport_introspection_c.h
[1.236s] -- Up-to-date: /home/user/robo/sb-robot/microros_ws/install/builtin_interfaces/include/builtin_interfaces/builtin_interfaces/msg/detail/time__type_support.c
[1.236s] -- Up-to-date: /home/user/robo/sb-robot/microros_ws/install/builtin_interfaces/include/builtin_interfaces/builtin_interfaces/msg/detail/duration__type_support.c
[1.236s] -- Up-to-date: /home/user/robo/sb-robot/microros_ws/install/builtin_interfaces/include/builtin_interfaces/builtin_interfaces/msg/detail/duration__rosidl_typesupport_introspection_c.h
[1.236s] -- Up-to-date: /home/user/robo/sb-robot/microros_ws/install/builtin_interfaces/include/builtin_interfaces/builtin_interfaces/msg/rosidl_typesupport_introspection_c__visibility_control.h
[1.236s] -- Up-to-date: /home/user/robo/sb-robot/microros_ws/install/builtin_interfaces/lib/libbuiltin_interfaces__rosidl_typesupport_introspection_c.so
[1.236s] -- Up-to-date: /home/user/robo/sb-robot/microros_ws/install/builtin_interfaces/lib/libbuiltin_interfaces__rosidl_typesupport_c.so
[1.237s] -- Up-to-date: /home/user/robo/sb-robot/microros_ws/install/builtin_interfaces/include/builtin_interfaces/builtin_interfaces
[1.237s] -- Up-to-date: /home/user/robo/sb-robot/microros_ws/install/builtin_interfaces/include/builtin_interfaces/builtin_interfaces/msg
[1.237s] -- Up-to-date: /home/user/robo/sb-robot/microros_ws/install/builtin_interfaces/include/builtin_interfaces/builtin_interfaces/msg/rosidl_generator_cpp__visibility_control.hpp
[1.237s] -- Up-to-date: /home/user/robo/sb-robot/microros_ws/install/builtin_interfaces/include/builtin_interfaces/builtin_interfaces/msg/detail
[1.237s] -- Up-to-date: /home/user/robo/sb-robot/microros_ws/install/builtin_interfaces/include/builtin_interfaces/builtin_interfaces/msg/detail/time__struct.hpp
[1.237s] -- Up-to-date: /home/user/robo/sb-robot/microros_ws/install/builtin_interfaces/include/builtin_interfaces/builtin_interfaces/msg/detail/time__type_support.hpp
[1.237s] -- Up-to-date: /home/user/robo/sb-robot/microros_ws/install/builtin_interfaces/include/builtin_interfaces/builtin_interfaces/msg/detail/duration__struct.hpp
[1.237s] -- Up-to-date: /home/user/robo/sb-robot/microros_ws/install/builtin_interfaces/include/builtin_interfaces/builtin_interfaces/msg/detail/duration__builder.hpp
[1.237s] -- Up-to-date: /home/user/robo/sb-robot/microros_ws/install/builtin_interfaces/include/builtin_interfaces/builtin_interfaces/msg/detail/time__traits.hpp
[1.237s] -- Up-to-date: /home/user/robo/sb-robot/microros_ws/install/builtin_interfaces/include/builtin_interfaces/builtin_interfaces/msg/detail/duration__traits.hpp
[1.237s] -- Up-to-date: /home/user/robo/sb-robot/microros_ws/install/builtin_interfaces/include/builtin_interfaces/builtin_interfaces/msg/detail/duration__type_support.hpp
[1.237s] -- Up-to-date: /home/user/robo/sb-robot/microros_ws/install/builtin_interfaces/include/builtin_interfaces/builtin_interfaces/msg/detail/time__builder.hpp
[1.237s] -- Up-to-date: /home/user/robo/sb-robot/microros_ws/install/builtin_interfaces/include/builtin_interfaces/builtin_interfaces/msg/time.hpp
[1.237s] -- Up-to-date: /home/user/robo/sb-robot/microros_ws/install/builtin_interfaces/include/builtin_interfaces/builtin_interfaces/msg/duration.hpp
[1.237s] -- Up-to-date: /home/user/robo/sb-robot/microros_ws/install/builtin_interfaces/include/builtin_interfaces
[1.237s] -- Up-to-date: /home/user/robo/sb-robot/microros_ws/install/builtin_interfaces/include/builtin_interfaces/msg
[1.237s] -- Up-to-date: /home/user/robo/sb-robot/microros_ws/install/builtin_interfaces/include/builtin_interfaces/msg/detail
[1.237s] -- Up-to-date: /home/user/robo/sb-robot/microros_ws/install/builtin_interfaces/include/builtin_interfaces/msg/detail/microxrcedds
[1.237s] -- Up-to-date: /home/user/robo/sb-robot/microros_ws/install/builtin_interfaces/include/builtin_interfaces/msg/detail/microxrcedds/time__type_support_cpp.cpp
[1.237s] -- Up-to-date: /home/user/robo/sb-robot/microros_ws/install/builtin_interfaces/include/builtin_interfaces/msg/detail/microxrcedds/duration__type_support_cpp.cpp
[1.237s] -- Up-to-date: /home/user/robo/sb-robot/microros_ws/install/builtin_interfaces/include/builtin_interfaces/msg/detail/time__rosidl_typesupport_microxrcedds_cpp.hpp
[1.237s] -- Up-to-date: /home/user/robo/sb-robot/microros_ws/install/builtin_interfaces/include/builtin_interfaces/msg/detail/duration__rosidl_typesupport_microxrcedds_cpp.hpp
[1.237s] -- Up-to-date: /home/user/robo/sb-robot/microros_ws/install/builtin_interfaces/include/builtin_interfaces/msg/rosidl_typesupport_microxrcedds_cpp__visibility_control.h
[1.237s] -- Up-to-date: /home/user/robo/sb-robot/microros_ws/install/builtin_interfaces/lib/libbuiltin_interfaces__rosidl_typesupport_microxrcedds_cpp.so
[1.237s] -- Up-to-date: /home/user/robo/sb-robot/microros_ws/install/builtin_interfaces/include/builtin_interfaces/builtin_interfaces
[1.237s] -- Up-to-date: /home/user/robo/sb-robot/microros_ws/install/builtin_interfaces/include/builtin_interfaces/builtin_interfaces/msg
[1.237s] -- Up-to-date: /home/user/robo/sb-robot/microros_ws/install/builtin_interfaces/include/builtin_interfaces/builtin_interfaces/msg/rosidl_typesupport_fastrtps_cpp__visibility_control.h
[1.237s] -- Up-to-date: /home/user/robo/sb-robot/microros_ws/install/builtin_interfaces/include/builtin_interfaces/builtin_interfaces/msg/detail
[1.237s] -- Up-to-date: /home/user/robo/sb-robot/microros_ws/install/builtin_interfaces/include/builtin_interfaces/builtin_interfaces/msg/detail/duration__rosidl_typesupport_fastrtps_cpp.hpp
[1.237s] -- Up-to-date: /home/user/robo/sb-robot/microros_ws/install/builtin_interfaces/include/builtin_interfaces/builtin_interfaces/msg/detail/time__rosidl_typesupport_fastrtps_cpp.hpp
[1.237s] -- Up-to-date: /home/user/robo/sb-robot/microros_ws/install/builtin_interfaces/include/builtin_interfaces/builtin_interfaces/msg/detail/dds_fastrtps
[1.237s] -- Up-to-date: /home/user/robo/sb-robot/microros_ws/install/builtin_interfaces/lib/libbuiltin_interfaces__rosidl_typesupport_fastrtps_cpp.so
[1.238s] -- Up-to-date: /home/user/robo/sb-robot/microros_ws/install/builtin_interfaces/include/builtin_interfaces/builtin_interfaces
[1.238s] -- Up-to-date: /home/user/robo/sb-robot/microros_ws/install/builtin_interfaces/include/builtin_interfaces/builtin_interfaces/msg
[1.238s] -- Up-to-date: /home/user/robo/sb-robot/microros_ws/install/builtin_interfaces/include/builtin_interfaces/builtin_interfaces/msg/detail
[1.238s] -- Up-to-date: /home/user/robo/sb-robot/microros_ws/install/builtin_interfaces/include/builtin_interfaces/builtin_interfaces/msg/detail/time__type_support.cpp
[1.238s] -- Up-to-date: /home/user/robo/sb-robot/microros_ws/install/builtin_interfaces/include/builtin_interfaces/builtin_interfaces/msg/detail/time__rosidl_typesupport_introspection_cpp.hpp
[1.238s] -- Up-to-date: /home/user/robo/sb-robot/microros_ws/install/builtin_interfaces/include/builtin_interfaces/builtin_interfaces/msg/detail/duration__type_support.cpp
[1.238s] -- Up-to-date: /home/user/robo/sb-robot/microros_ws/install/builtin_interfaces/include/builtin_interfaces/builtin_interfaces/msg/detail/duration__rosidl_typesupport_introspection_cpp.hpp
[1.238s] -- Up-to-date: /home/user/robo/sb-robot/microros_ws/install/builtin_interfaces/lib/libbuiltin_interfaces__rosidl_typesupport_introspection_cpp.so
[1.238s] -- Up-to-date: /home/user/robo/sb-robot/microros_ws/install/builtin_interfaces/lib/libbuiltin_interfaces__rosidl_typesupport_cpp.so
[1.238s] -- Up-to-date: /home/user/robo/sb-robot/microros_ws/install/builtin_interfaces/share/builtin_interfaces/environment/pythonpath.sh
[1.238s] -- Installing: /home/user/robo/sb-robot/microros_ws/install/builtin_interfaces/share/builtin_interfaces/environment/pythonpath.dsv
[1.238s] -- Up-to-date: /home/user/robo/sb-robot/microros_ws/install/builtin_interfaces/local/lib/python3.10/dist-packages/builtin_interfaces-1.2.1-py3.10.egg-info
[1.238s] -- Installing: /home/user/robo/sb-robot/microros_ws/install/builtin_interfaces/local/lib/python3.10/dist-packages/builtin_interfaces-1.2.1-py3.10.egg-info/top_level.txt
[1.238s] -- Installing: /home/user/robo/sb-robot/microros_ws/install/builtin_interfaces/local/lib/python3.10/dist-packages/builtin_interfaces-1.2.1-py3.10.egg-info/dependency_links.txt
[1.238s] -- Installing: /home/user/robo/sb-robot/microros_ws/install/builtin_interfaces/local/lib/python3.10/dist-packages/builtin_interfaces-1.2.1-py3.10.egg-info/PKG-INFO
[1.238s] -- Installing: /home/user/robo/sb-robot/microros_ws/install/builtin_interfaces/local/lib/python3.10/dist-packages/builtin_interfaces-1.2.1-py3.10.egg-info/SOURCES.txt
[1.238s] -- Up-to-date: /home/user/robo/sb-robot/microros_ws/install/builtin_interfaces/local/lib/python3.10/dist-packages/builtin_interfaces
[1.238s] -- Up-to-date: /home/user/robo/sb-robot/microros_ws/install/builtin_interfaces/local/lib/python3.10/dist-packages/builtin_interfaces/_builtin_interfaces_s.ep.rosidl_typesupport_introspection_c.c
[1.238s] -- Up-to-date: /home/user/robo/sb-robot/microros_ws/install/builtin_interfaces/local/lib/python3.10/dist-packages/builtin_interfaces/builtin_interfaces_s__rosidl_typesupport_c.cpython-310-x86_64-linux-gnu.so
[1.238s] -- Up-to-date: /home/user/robo/sb-robot/microros_ws/install/builtin_interfaces/local/lib/python3.10/dist-packages/builtin_interfaces/builtin_interfaces_s__rosidl_typesupport_microxrcedds_c.cpython-310-x86_64-linux-gnu.so
[1.238s] -- Up-to-date: /home/user/robo/sb-robot/microros_ws/install/builtin_interfaces/local/lib/python3.10/dist-packages/builtin_interfaces/_builtin_interfaces_s.ep.rosidl_typesupport_fastrtps_c.c
[1.238s] -- Up-to-date: /home/user/robo/sb-robot/microros_ws/install/builtin_interfaces/local/lib/python3.10/dist-packages/builtin_interfaces/builtin_interfaces_s__rosidl_typesupport_fastrtps_c.cpython-310-x86_64-linux-gnu.so
[1.238s] -- Up-to-date: /home/user/robo/sb-robot/microros_ws/install/builtin_interfaces/local/lib/python3.10/dist-packages/builtin_interfaces/libbuiltin_interfaces__rosidl_generator_py.so
[1.238s] -- Up-to-date: /home/user/robo/sb-robot/microros_ws/install/builtin_interfaces/local/lib/python3.10/dist-packages/builtin_interfaces/builtin_interfaces_s__rosidl_typesupport_introspection_c.cpython-310-x86_64-linux-gnu.so
[1.238s] -- Installing: /home/user/robo/sb-robot/microros_ws/install/builtin_interfaces/local/lib/python3.10/dist-packages/builtin_interfaces/__init__.py
[1.238s] -- Up-to-date: /home/user/robo/sb-robot/microros_ws/install/builtin_interfaces/local/lib/python3.10/dist-packages/builtin_interfaces/_builtin_interfaces_s.ep.rosidl_typesupport_microxrcedds_c.c
[1.238s] -- Up-to-date: /home/user/robo/sb-robot/microros_ws/install/builtin_interfaces/local/lib/python3.10/dist-packages/builtin_interfaces/_builtin_interfaces_s.ep.rosidl_typesupport_c.c
[1.238s] -- Up-to-date: /home/user/robo/sb-robot/microros_ws/install/builtin_interfaces/local/lib/python3.10/dist-packages/builtin_interfaces/msg
[1.238s] -- Up-to-date: /home/user/robo/sb-robot/microros_ws/install/builtin_interfaces/local/lib/python3.10/dist-packages/builtin_interfaces/msg/_time.py
[1.238s] -- Up-to-date: /home/user/robo/sb-robot/microros_ws/install/builtin_interfaces/local/lib/python3.10/dist-packages/builtin_interfaces/msg/_time_s.c
[1.238s] -- Up-to-date: /home/user/robo/sb-robot/microros_ws/install/builtin_interfaces/local/lib/python3.10/dist-packages/builtin_interfaces/msg/_duration.py
[1.238s] -- Up-to-date: /home/user/robo/sb-robot/microros_ws/install/builtin_interfaces/local/lib/python3.10/dist-packages/builtin_interfaces/msg/_duration_s.c
[1.238s] -- Up-to-date: /home/user/robo/sb-robot/microros_ws/install/builtin_interfaces/local/lib/python3.10/dist-packages/builtin_interfaces/msg/__init__.py
[1.262s] Listing '/home/user/robo/sb-robot/microros_ws/install/builtin_interfaces/local/lib/python3.10/dist-packages/builtin_interfaces'...
[1.262s] Compiling '/home/user/robo/sb-robot/microros_ws/install/builtin_interfaces/local/lib/python3.10/dist-packages/builtin_interfaces/__init__.py'...
[1.262s] Listing '/home/user/robo/sb-robot/microros_ws/install/builtin_interfaces/local/lib/python3.10/dist-packages/builtin_interfaces/msg'...
[1.267s] -- Up-to-date: /home/user/robo/sb-robot/microros_ws/install/builtin_interfaces/local/lib/python3.10/dist-packages/builtin_interfaces/builtin_interfaces_s__rosidl_typesupport_microxrcedds_c.cpython-310-x86_64-linux-gnu.so
[1.268s] -- Up-to-date: /home/user/robo/sb-robot/microros_ws/install/builtin_interfaces/local/lib/python3.10/dist-packages/builtin_interfaces/builtin_interfaces_s__rosidl_typesupport_fastrtps_c.cpython-310-x86_64-linux-gnu.so
[1.268s] -- Up-to-date: /home/user/robo/sb-robot/microros_ws/install/builtin_interfaces/local/lib/python3.10/dist-packages/builtin_interfaces/builtin_interfaces_s__rosidl_typesupport_introspection_c.cpython-310-x86_64-linux-gnu.so
[1.268s] -- Up-to-date: /home/user/robo/sb-robot/microros_ws/install/builtin_interfaces/local/lib/python3.10/dist-packages/builtin_interfaces/builtin_interfaces_s__rosidl_typesupport_c.cpython-310-x86_64-linux-gnu.so
[1.268s] -- Up-to-date: /home/user/robo/sb-robot/microros_ws/install/builtin_interfaces/lib/libbuiltin_interfaces__rosidl_generator_py.so
[1.268s] -- Up-to-date: /home/user/robo/sb-robot/microros_ws/install/builtin_interfaces/share/builtin_interfaces/msg/Duration.idl
[1.268s] -- Up-to-date: /home/user/robo/sb-robot/microros_ws/install/builtin_interfaces/share/builtin_interfaces/msg/Time.idl
[1.268s] -- Up-to-date: /home/user/robo/sb-robot/microros_ws/install/builtin_interfaces/share/builtin_interfaces/msg/Duration.msg
[1.268s] -- Up-to-date: /home/user/robo/sb-robot/microros_ws/install/builtin_interfaces/share/builtin_interfaces/msg/Time.msg
[1.268s] -- Up-to-date: /home/user/robo/sb-robot/microros_ws/install/builtin_interfaces/share/ament_index/resource_index/package_run_dependencies/builtin_interfaces
[1.268s] -- Installing: /home/user/robo/sb-robot/microros_ws/install/builtin_interfaces/share/ament_index/resource_index/parent_prefix_path/builtin_interfaces
[1.268s] -- Up-to-date: /home/user/robo/sb-robot/microros_ws/install/builtin_interfaces/share/builtin_interfaces/environment/ament_prefix_path.sh
[1.268s] -- Installing: /home/user/robo/sb-robot/microros_ws/install/builtin_interfaces/share/builtin_interfaces/environment/ament_prefix_path.dsv
[1.269s] -- Up-to-date: /home/user/robo/sb-robot/microros_ws/install/builtin_interfaces/share/builtin_interfaces/environment/path.sh
[1.269s] -- Installing: /home/user/robo/sb-robot/microros_ws/install/builtin_interfaces/share/builtin_interfaces/environment/path.dsv
[1.269s] -- Up-to-date: /home/user/robo/sb-robot/microros_ws/install/builtin_interfaces/share/builtin_interfaces/local_setup.bash
[1.269s] -- Up-to-date: /home/user/robo/sb-robot/microros_ws/install/builtin_interfaces/share/builtin_interfaces/local_setup.sh
[1.269s] -- Up-to-date: /home/user/robo/sb-robot/microros_ws/install/builtin_interfaces/share/builtin_interfaces/local_setup.zsh
[1.269s] -- Installing: /home/user/robo/sb-robot/microros_ws/install/builtin_interfaces/share/builtin_interfaces/local_setup.dsv
[1.269s] -- Installing: /home/user/robo/sb-robot/microros_ws/install/builtin_interfaces/share/builtin_interfaces/package.dsv
[1.269s] -- Up-to-date: /home/user/robo/sb-robot/microros_ws/install/builtin_interfaces/share/ament_index/resource_index/packages/builtin_interfaces
[1.269s] -- Up-to-date: /home/user/robo/sb-robot/microros_ws/install/builtin_interfaces/share/builtin_interfaces/cmake/export_builtin_interfaces__rosidl_generator_cExport.cmake
[1.269s] -- Up-to-date: /home/user/robo/sb-robot/microros_ws/install/builtin_interfaces/share/builtin_interfaces/cmake/export_builtin_interfaces__rosidl_generator_cExport-noconfig.cmake
[1.269s] -- Up-to-date: /home/user/robo/sb-robot/microros_ws/install/builtin_interfaces/share/builtin_interfaces/cmake/export_builtin_interfaces__rosidl_typesupport_fastrtps_cExport.cmake
[1.269s] -- Up-to-date: /home/user/robo/sb-robot/microros_ws/install/builtin_interfaces/share/builtin_interfaces/cmake/export_builtin_interfaces__rosidl_typesupport_fastrtps_cExport-noconfig.cmake
[1.269s] -- Up-to-date: /home/user/robo/sb-robot/microros_ws/install/builtin_interfaces/share/builtin_interfaces/cmake/builtin_interfaces__rosidl_typesupport_introspection_cExport.cmake
[1.269s] -- Up-to-date: /home/user/robo/sb-robot/microros_ws/install/builtin_interfaces/share/builtin_interfaces/cmake/builtin_interfaces__rosidl_typesupport_introspection_cExport-noconfig.cmake
[1.269s] -- Up-to-date: /home/user/robo/sb-robot/microros_ws/install/builtin_interfaces/share/builtin_interfaces/cmake/builtin_interfaces__rosidl_typesupport_cExport.cmake
[1.269s] -- Up-to-date: /home/user/robo/sb-robot/microros_ws/install/builtin_interfaces/share/builtin_interfaces/cmake/builtin_interfaces__rosidl_typesupport_cExport-noconfig.cmake
[1.269s] -- Up-to-date: /home/user/robo/sb-robot/microros_ws/install/builtin_interfaces/share/builtin_interfaces/cmake/export_builtin_interfaces__rosidl_generator_cppExport.cmake
[1.269s] -- Up-to-date: /home/user/robo/sb-robot/microros_ws/install/builtin_interfaces/share/builtin_interfaces/cmake/export_builtin_interfaces__rosidl_typesupport_fastrtps_cppExport.cmake
[1.269s] -- Up-to-date: /home/user/robo/sb-robot/microros_ws/install/builtin_interfaces/share/builtin_interfaces/cmake/export_builtin_interfaces__rosidl_typesupport_fastrtps_cppExport-noconfig.cmake
[1.269s] -- Up-to-date: /home/user/robo/sb-robot/microros_ws/install/builtin_interfaces/share/builtin_interfaces/cmake/builtin_interfaces__rosidl_typesupport_introspection_cppExport.cmake
[1.269s] -- Up-to-date: /home/user/robo/sb-robot/microros_ws/install/builtin_interfaces/share/builtin_interfaces/cmake/builtin_interfaces__rosidl_typesupport_introspection_cppExport-noconfig.cmake
[1.269s] -- Up-to-date: /home/user/robo/sb-robot/microros_ws/install/builtin_interfaces/share/builtin_interfaces/cmake/builtin_interfaces__rosidl_typesupport_cppExport.cmake
[1.269s] -- Up-to-date: /home/user/robo/sb-robot/microros_ws/install/builtin_interfaces/share/builtin_interfaces/cmake/builtin_interfaces__rosidl_typesupport_cppExport-noconfig.cmake
[1.270s] -- Up-to-date: /home/user/robo/sb-robot/microros_ws/install/builtin_interfaces/share/builtin_interfaces/cmake/export_builtin_interfaces__rosidl_generator_pyExport.cmake
[1.270s] -- Up-to-date: /home/user/robo/sb-robot/microros_ws/install/builtin_interfaces/share/builtin_interfaces/cmake/export_builtin_interfaces__rosidl_generator_pyExport-noconfig.cmake
[1.270s] -- Up-to-date: /home/user/robo/sb-robot/microros_ws/install/builtin_interfaces/share/builtin_interfaces/cmake/rosidl_cmake-extras.cmake
[1.270s] -- Up-to-date: /home/user/robo/sb-robot/microros_ws/install/builtin_interfaces/share/builtin_interfaces/cmake/ament_cmake_export_include_directories-extras.cmake
[1.270s] -- Up-to-date: /home/user/robo/sb-robot/microros_ws/install/builtin_interfaces/share/builtin_interfaces/cmake/ament_cmake_export_libraries-extras.cmake
[1.270s] -- Up-to-date: /home/user/robo/sb-robot/microros_ws/install/builtin_interfaces/share/builtin_interfaces/cmake/ament_cmake_export_targets-extras.cmake
[1.270s] -- Up-to-date: /home/user/robo/sb-robot/microros_ws/install/builtin_interfaces/share/builtin_interfaces/cmake/rosidl_cmake_export_typesupport_targets-extras.cmake
[1.270s] -- Up-to-date: /home/user/robo/sb-robot/microros_ws/install/builtin_interfaces/share/builtin_interfaces/cmake/ament_cmake_export_dependencies-extras.cmake
[1.270s] -- Up-to-date: /home/user/robo/sb-robot/microros_ws/install/builtin_interfaces/share/builtin_interfaces/cmake/rosidl_cmake_export_typesupport_libraries-extras.cmake
[1.270s] -- Up-to-date: /home/user/robo/sb-robot/microros_ws/install/builtin_interfaces/share/builtin_interfaces/cmake/builtin_interfacesConfig.cmake
[1.270s] -- Up-to-date: /home/user/robo/sb-robot/microros_ws/install/builtin_interfaces/share/builtin_interfaces/cmake/builtin_interfacesConfig-version.cmake
[1.270s] -- Up-to-date: /home/user/robo/sb-robot/microros_ws/install/builtin_interfaces/share/builtin_interfaces/package.xml
[1.290s] Invoked command in '/home/user/robo/sb-robot/microros_ws/build/builtin_interfaces' returned '0': CMAKE_PREFIX_PATH=${CMAKE_PREFIX_PATH}:/home/user/robo/sb-robot/microros_ws/install/sensor_msgs_py:/opt/ros/humble /usr/bin/cmake --install /home/user/robo/sb-robot/microros_ws/build/builtin_interfaces
