[0.015s] Invoking command in '/home/user/robo/sb-robot/microros_ws/src/build/micro_ros_utilities': CMAKE_PREFIX_PATH=${CMAKE_PREFIX_PATH}:/opt/ros/humble /usr/bin/cmake /home/user/robo/sb-robot/microros_ws/src/uros/micro_ros_utilities -DCMAKE_INSTALL_PREFIX=/home/user/robo/sb-robot/microros_ws/src/install/micro_ros_utilities
[0.054s] -- The C compiler identification is GNU 11.4.0
[0.097s] -- The CXX compiler identification is GNU 11.4.0
[0.103s] -- Detecting C compiler ABI info
[0.149s] -- Detecting C compiler ABI info - done
[0.154s] -- Check for working C compiler: /usr/bin/cc - skipped
[0.154s] -- Detecting C compile features
[0.154s] -- Detecting C compile features - done
[0.156s] -- Detecting CXX compiler ABI info
[0.216s] -- Detecting CXX compiler ABI info - done
[0.222s] -- Check for working CXX compiler: /usr/bin/c++ - skipped
[0.222s] -- Detecting CXX compile features
[0.222s] -- Detecting CXX compile features - done
[0.224s] -- Found ament_cmake: 1.3.11 (/opt/ros/humble/share/ament_cmake/cmake)
[0.344s] -- Found Python3: /usr/bin/python3 (found version "3.10.12") found components: Interpreter 
[0.430s] -- Found rosidl_typesupport_introspection_c: 3.1.6 (/opt/ros/humble/share/rosidl_typesupport_introspection_c/cmake)
[0.438s] -- Found rosidl_adapter: 3.1.6 (/opt/ros/humble/share/rosidl_adapter/cmake)
[0.467s] -- Found ament_lint_auto: 0.12.11 (/opt/ros/humble/share/ament_lint_auto/cmake)
[0.469s] -- Found ament_cmake_gtest: 1.3.11 (/opt/ros/humble/share/ament_cmake_gtest/cmake)
[0.473s] -- Found std_msgs: 4.2.4 (/opt/ros/humble/share/std_msgs/cmake)
[0.499s] -- Found rosidl_generator_cpp: 3.1.6 (/opt/ros/humble/share/rosidl_generator_cpp/cmake)
[0.514s] -- Using all available rosidl_typesupport_c: rosidl_typesupport_fastrtps_c;rosidl_typesupport_introspection_c
[0.529s] -- Using all available rosidl_typesupport_cpp: rosidl_typesupport_fastrtps_cpp;rosidl_typesupport_introspection_cpp
[0.570s] -- Found trajectory_msgs: 4.2.4 (/opt/ros/humble/share/trajectory_msgs/cmake)
[0.701s] -- Found gtest sources under '/opt/ros/humble/src/gtest_vendor': C++ tests using 'Google Test' will be built
[0.703s] -- Looking for pthread.h
[0.758s] -- Looking for pthread.h - found
[0.759s] -- Performing Test CMAKE_HAVE_LIBC_PTHREAD
[0.822s] -- Performing Test CMAKE_HAVE_LIBC_PTHREAD - Success
[0.823s] -- Found Threads: TRUE  
[0.834s] -- Added test 'cppcheck' to perform static code analysis on C / C++ code
[0.834s] -- Configured cppcheck include dirs: $<BUILD_INTERFACE:/home/user/robo/sb-robot/microros_ws/src/uros/micro_ros_utilities/include>;$<BUILD_INTERFACE:/home/user/robo/sb-robot/microros_ws/src/uros/micro_ros_utilities/src>;/home/user/robo/sb-robot/microros_ws/src/uros/micro_ros_utilities/include;/home/user/robo/sb-robot/microros_ws/src/uros/micro_ros_utilities/src
[0.834s] -- Configured cppcheck exclude dirs and/or files: 
[0.836s] -- Added test 'cpplint' to check C / C++ code against the Google style
[0.836s] -- Configured cpplint exclude dirs and/or files: 
[0.837s] -- Added test 'lint_cmake' to check CMake code style
[0.839s] -- Added test 'uncrustify' to check C / C++ code style
[0.839s] -- Configured uncrustify additional arguments: 
[0.840s] -- Added test 'xmllint' to check XML markup files
[0.841s] -- Configuring done
[0.848s] -- Generating done
[0.851s] -- Build files have been written to: /home/user/robo/sb-robot/microros_ws/src/build/micro_ros_utilities
[0.859s] Invoked command in '/home/user/robo/sb-robot/microros_ws/src/build/micro_ros_utilities' returned '0': CMAKE_PREFIX_PATH=${CMAKE_PREFIX_PATH}:/opt/ros/humble /usr/bin/cmake /home/user/robo/sb-robot/microros_ws/src/uros/micro_ros_utilities -DCMAKE_INSTALL_PREFIX=/home/user/robo/sb-robot/microros_ws/src/install/micro_ros_utilities
[0.861s] Invoking command in '/home/user/robo/sb-robot/microros_ws/src/build/micro_ros_utilities': CMAKE_PREFIX_PATH=${CMAKE_PREFIX_PATH}:/opt/ros/humble /usr/bin/cmake --build /home/user/robo/sb-robot/microros_ws/src/build/micro_ros_utilities -- -j20 -l20
[0.898s] [ 20%] [32mBuilding CXX object gtest/CMakeFiles/gtest.dir/src/gtest-all.cc.o[0m
[0.898s] [ 10%] [32mBuilding CXX object gtest/CMakeFiles/gtest_main.dir/src/gtest_main.cc.o[0m
[0.899s] [ 30%] [32mBuilding C object CMakeFiles/micro_ros_utilities.dir/src/type_utilities.c.o[0m
[0.900s] [ 40%] [32mBuilding C object CMakeFiles/micro_ros_utilities.dir/src/string_utilities.c.o[0m
[0.944s] [ 50%] [32m[1mLinking C static library libmicro_ros_utilities.a[0m
[1.126s] [ 50%] Built target micro_ros_utilities
[2.033s] [ 60%] [32m[1mLinking CXX static library libgtest_main.a[0m
[2.158s] [ 60%] Built target gtest_main
[6.165s] [ 70%] [32m[1mLinking CXX static library libgtest.a[0m
[6.306s] [ 70%] Built target gtest
[6.330s] [ 90%] [32mBuilding CXX object CMakeFiles/micro_ros_utilities_test.dir/test/micro_ros_utilities/test_memory.cpp.o[0m
[6.331s] [ 90%] [32mBuilding CXX object CMakeFiles/micro_ros_utilities_test.dir/test/micro_ros_utilities/test_string.cpp.o[0m
[7.716s] [100%] [32m[1mLinking CXX executable micro_ros_utilities_test[0m
[8.066s] [100%] Built target micro_ros_utilities_test
[8.090s] Invoked command in '/home/user/robo/sb-robot/microros_ws/src/build/micro_ros_utilities' returned '0': CMAKE_PREFIX_PATH=${CMAKE_PREFIX_PATH}:/opt/ros/humble /usr/bin/cmake --build /home/user/robo/sb-robot/microros_ws/src/build/micro_ros_utilities -- -j20 -l20
[8.090s] Invoking command in '/home/user/robo/sb-robot/microros_ws/src/build/micro_ros_utilities': CMAKE_PREFIX_PATH=${CMAKE_PREFIX_PATH}:/opt/ros/humble /usr/bin/cmake --install /home/user/robo/sb-robot/microros_ws/src/build/micro_ros_utilities
[8.104s] -- Install configuration: ""
[8.104s] -- Installing: /home/user/robo/sb-robot/microros_ws/src/install/micro_ros_utilities/include
[8.104s] -- Installing: /home/user/robo/sb-robot/microros_ws/src/install/micro_ros_utilities/include/micro_ros_utilities
[8.105s] -- Installing: /home/user/robo/sb-robot/microros_ws/src/install/micro_ros_utilities/include/micro_ros_utilities/string_utilities.h
[8.105s] -- Installing: /home/user/robo/sb-robot/microros_ws/src/install/micro_ros_utilities/include/micro_ros_utilities/visibility_control.h
[8.105s] -- Installing: /home/user/robo/sb-robot/microros_ws/src/install/micro_ros_utilities/include/micro_ros_utilities/type_utilities.h
[8.105s] -- Installing: /home/user/robo/sb-robot/microros_ws/src/install/micro_ros_utilities/lib/libmicro_ros_utilities.a
[8.106s] -- Installing: /home/user/robo/sb-robot/microros_ws/src/install/micro_ros_utilities/share/micro_ros_utilities/environment/library_path.sh
[8.107s] -- Installing: /home/user/robo/sb-robot/microros_ws/src/install/micro_ros_utilities/share/micro_ros_utilities/environment/library_path.dsv
[8.108s] -- Installing: /home/user/robo/sb-robot/microros_ws/src/install/micro_ros_utilities/share/ament_index/resource_index/package_run_dependencies/micro_ros_utilities
[8.108s] -- Installing: /home/user/robo/sb-robot/microros_ws/src/install/micro_ros_utilities/share/ament_index/resource_index/parent_prefix_path/micro_ros_utilities
[8.108s] -- Installing: /home/user/robo/sb-robot/microros_ws/src/install/micro_ros_utilities/share/micro_ros_utilities/environment/ament_prefix_path.sh
[8.108s] -- Installing: /home/user/robo/sb-robot/microros_ws/src/install/micro_ros_utilities/share/micro_ros_utilities/environment/ament_prefix_path.dsv
[8.108s] -- Installing: /home/user/robo/sb-robot/microros_ws/src/install/micro_ros_utilities/share/micro_ros_utilities/environment/path.sh
[8.108s] -- Installing: /home/user/robo/sb-robot/microros_ws/src/install/micro_ros_utilities/share/micro_ros_utilities/environment/path.dsv
[8.108s] -- Installing: /home/user/robo/sb-robot/microros_ws/src/install/micro_ros_utilities/share/micro_ros_utilities/local_setup.bash
[8.111s] -- Installing: /home/user/robo/sb-robot/microros_ws/src/install/micro_ros_utilities/share/micro_ros_utilities/local_setup.sh
[8.111s] -- Installing: /home/user/robo/sb-robot/microros_ws/src/install/micro_ros_utilities/share/micro_ros_utilities/local_setup.zsh
[8.111s] -- Installing: /home/user/robo/sb-robot/microros_ws/src/install/micro_ros_utilities/share/micro_ros_utilities/local_setup.dsv
[8.111s] -- Installing: /home/user/robo/sb-robot/microros_ws/src/install/micro_ros_utilities/share/micro_ros_utilities/package.dsv
[8.112s] -- Installing: /home/user/robo/sb-robot/microros_ws/src/install/micro_ros_utilities/share/ament_index/resource_index/packages/micro_ros_utilities
[8.112s] -- Installing: /home/user/robo/sb-robot/microros_ws/src/install/micro_ros_utilities/share/micro_ros_utilities/cmake/ament_cmake_export_include_directories-extras.cmake
[8.112s] -- Installing: /home/user/robo/sb-robot/microros_ws/src/install/micro_ros_utilities/share/micro_ros_utilities/cmake/ament_cmake_export_libraries-extras.cmake
[8.112s] -- Installing: /home/user/robo/sb-robot/microros_ws/src/install/micro_ros_utilities/share/micro_ros_utilities/cmake/ament_cmake_export_dependencies-extras.cmake
[8.112s] -- Installing: /home/user/robo/sb-robot/microros_ws/src/install/micro_ros_utilities/share/micro_ros_utilities/cmake/micro_ros_utilitiesConfig.cmake
[8.112s] -- Installing: /home/user/robo/sb-robot/microros_ws/src/install/micro_ros_utilities/share/micro_ros_utilities/cmake/micro_ros_utilitiesConfig-version.cmake
[8.112s] -- Installing: /home/user/robo/sb-robot/microros_ws/src/install/micro_ros_utilities/share/micro_ros_utilities/package.xml
[8.116s] Invoked command in '/home/user/robo/sb-robot/microros_ws/src/build/micro_ros_utilities' returned '0': CMAKE_PREFIX_PATH=${CMAKE_PREFIX_PATH}:/opt/ros/humble /usr/bin/cmake --install /home/user/robo/sb-robot/microros_ws/src/build/micro_ros_utilities
