[0.013s] Invoking command in '/home/user/robo/sb-robot/microros_ws/build/microxrcedds_client': CMAKE_PREFIX_PATH=/home/user/robo/sb-robot/microros_ws/install/microcdr:${CMAKE_PREFIX_PATH} /usr/bin/cmake /home/user/robo/sb-robot/microros_ws/src/eProsima/Micro-XRCE-DDS-Client -DUCLIENT_ISOLATED_INSTALL=OFF -DUCLIENT_SUPERBUILD=OFF -DCMAKE_INSTALL_PREFIX=/home/user/robo/sb-robot/microros_ws/install/microxrcedds_client
[0.083s] -- The C compiler identification is GNU 11.4.0
[0.092s] -- Detecting C compiler ABI info
[0.200s] -- Detecting C compiler ABI info - done
[0.210s] -- Check for working C compiler: /usr/bin/cc - skipped
[0.210s] -- Detecting C compile features
[0.211s] -- Detecting C compile features - done
[0.212s] -- Setting build type to 'Release' as none was specified.
[0.223s] -- Looking for pthread.h
[0.338s] -- Looking for pthread.h - found
[0.338s] -- Performing Test CMAKE_HAVE_LIBC_PTHREAD
[0.507s] -- Performing Test CMAKE_HAVE_LIBC_PTHREAD - Success
[0.507s] -- Found Threads: TRUE  
[0.510s] -- Configuring done
[0.519s] -- Generating done
[0.522s] -- Build files have been written to: /home/user/robo/sb-robot/microros_ws/build/microxrcedds_client
[0.531s] Invoked command in '/home/user/robo/sb-robot/microros_ws/build/microxrcedds_client' returned '0': CMAKE_PREFIX_PATH=/home/user/robo/sb-robot/microros_ws/install/microcdr:${CMAKE_PREFIX_PATH} /usr/bin/cmake /home/user/robo/sb-robot/microros_ws/src/eProsima/Micro-XRCE-DDS-Client -DUCLIENT_ISOLATED_INSTALL=OFF -DUCLIENT_SUPERBUILD=OFF -DCMAKE_INSTALL_PREFIX=/home/user/robo/sb-robot/microros_ws/install/microxrcedds_client
[0.532s] Invoking command in '/home/user/robo/sb-robot/microros_ws/build/microxrcedds_client': CMAKE_PREFIX_PATH=/home/user/robo/sb-robot/microros_ws/install/microcdr:${CMAKE_PREFIX_PATH} /usr/bin/cmake --build /home/user/robo/sb-robot/microros_ws/build/microxrcedds_client -- -j20 -l20
[0.612s] [  8%] [32mBuilding C object CMakeFiles/microxrcedds_client.dir/src/c/core/session/stream/input_best_effort_stream.c.o[0m
[0.616s] [  8%] [32mBuilding C object CMakeFiles/microxrcedds_client.dir/src/c/core/session/stream/input_reliable_stream.c.o[0m
[0.616s] [  8%] [32mBuilding C object CMakeFiles/microxrcedds_client.dir/src/c/core/session/stream/output_best_effort_stream.c.o[0m
[0.617s] [ 14%] [32mBuilding C object CMakeFiles/microxrcedds_client.dir/src/c/core/session/stream/output_reliable_stream.c.o[0m
[0.617s] [ 14%] [32mBuilding C object CMakeFiles/microxrcedds_client.dir/src/c/core/session/stream/stream_storage.c.o[0m
[0.633s] [ 17%] [32mBuilding C object CMakeFiles/microxrcedds_client.dir/src/c/core/session/session.c.o[0m
[0.633s] [ 20%] [32mBuilding C object CMakeFiles/microxrcedds_client.dir/src/c/core/session/stream/seq_num.c.o[0m
[0.640s] [ 23%] [32mBuilding C object CMakeFiles/microxrcedds_client.dir/src/c/core/session/stream/stream_id.c.o[0m
[0.657s] [ 26%] [32mBuilding C object CMakeFiles/microxrcedds_client.dir/src/c/core/session/submessage.c.o[0m
[0.669s] [ 29%] [32mBuilding C object CMakeFiles/microxrcedds_client.dir/src/c/core/session/object_id.c.o[0m
[0.669s] [ 32%] [32mBuilding C object CMakeFiles/microxrcedds_client.dir/src/c/core/serialization/xrce_subheader.c.o[0m
[0.670s] [ 35%] [32mBuilding C object CMakeFiles/microxrcedds_client.dir/src/c/core/session/session_info.c.o[0m
[0.676s] [ 38%] [32mBuilding C object CMakeFiles/microxrcedds_client.dir/src/c/core/serialization/xrce_types.c.o[0m
[0.684s] [ 41%] [32mBuilding C object CMakeFiles/microxrcedds_client.dir/src/c/core/serialization/xrce_header.c.o[0m
[0.690s] [ 44%] [32mBuilding C object CMakeFiles/microxrcedds_client.dir/src/c/util/ping.c.o[0m
[0.690s] [ 47%] [32mBuilding C object CMakeFiles/microxrcedds_client.dir/src/c/util/time.c.o[0m
[0.693s] [ 52%] [32mBuilding C object CMakeFiles/microxrcedds_client.dir/src/c/core/session/create_entities_xml.c.o[0m
[0.694s] [ 52%] [32mBuilding C object CMakeFiles/microxrcedds_client.dir/src/c/core/session/create_entities_ref.c.o[0m
[0.700s] [ 55%] [32mBuilding C object CMakeFiles/microxrcedds_client.dir/src/c/core/session/common_create_entities.c.o[0m
[0.718s] [ 58%] [32mBuilding C object CMakeFiles/microxrcedds_client.dir/src/c/core/session/write_access.c.o[0m
[0.718s] [ 61%] [32mBuilding C object CMakeFiles/microxrcedds_client.dir/src/c/core/session/create_entities_bin.c.o[0m
[0.718s] [ 64%] [32mBuilding C object CMakeFiles/microxrcedds_client.dir/src/c/profile/transport/stream_framing/stream_framing_protocol.c.o[0m
[0.726s] [ 67%] [32mBuilding C object CMakeFiles/microxrcedds_client.dir/src/c/core/session/read_access.c.o[0m
[0.742s] [ 70%] [32mBuilding C object CMakeFiles/microxrcedds_client.dir/src/c/profile/transport/ip/udp/udp_transport.c.o[0m
[0.751s] [ 73%] [32mBuilding C object CMakeFiles/microxrcedds_client.dir/src/c/profile/transport/ip/udp/udp_transport_posix.c.o[0m
[0.765s] [ 76%] [32mBuilding C object CMakeFiles/microxrcedds_client.dir/src/c/profile/transport/ip/tcp/tcp_transport_posix.c.o[0m
[0.765s] [ 79%] [32mBuilding C object CMakeFiles/microxrcedds_client.dir/src/c/profile/transport/ip/tcp/tcp_transport.c.o[0m
[0.793s] [ 82%] [32mBuilding C object CMakeFiles/microxrcedds_client.dir/src/c/profile/transport/serial/serial_transport.c.o[0m
[0.799s] [ 85%] [32mBuilding C object CMakeFiles/microxrcedds_client.dir/src/c/profile/discovery/discovery.c.o[0m
[0.799s] [ 88%] [32mBuilding C object CMakeFiles/microxrcedds_client.dir/src/c/profile/transport/serial/serial_transport_posix.c.o[0m
[0.806s] [ 91%] [32mBuilding C object CMakeFiles/microxrcedds_client.dir/src/c/profile/discovery/transport/udp_transport_datagram_posix.c.o[0m
[0.810s] [ 94%] [32mBuilding C object CMakeFiles/microxrcedds_client.dir/src/c/profile/transport/ip/ip_posix.c.o[0m
[0.817s] [ 97%] [32mBuilding C object CMakeFiles/microxrcedds_client.dir/src/c/profile/transport/custom/custom_transport.c.o[0m
[1.258s] [100%] [32m[1mLinking C static library libmicroxrcedds_client.a[0m
[1.423s] [100%] Built target microxrcedds_client
[1.443s] Invoked command in '/home/user/robo/sb-robot/microros_ws/build/microxrcedds_client' returned '0': CMAKE_PREFIX_PATH=/home/user/robo/sb-robot/microros_ws/install/microcdr:${CMAKE_PREFIX_PATH} /usr/bin/cmake --build /home/user/robo/sb-robot/microros_ws/build/microxrcedds_client -- -j20 -l20
[1.445s] Invoking command in '/home/user/robo/sb-robot/microros_ws/build/microxrcedds_client': CMAKE_PREFIX_PATH=/home/user/robo/sb-robot/microros_ws/install/microcdr:${CMAKE_PREFIX_PATH} /usr/bin/cmake --install /home/user/robo/sb-robot/microros_ws/build/microxrcedds_client
[1.464s] -- Install configuration: "Release"
[1.469s] -- Installing: /home/user/robo/sb-robot/microros_ws/install/microxrcedds_client/lib/libmicroxrcedds_client.a
[1.469s] -- Installing: /home/user/robo/sb-robot/microros_ws/install/microxrcedds_client/include/uxr/client
[1.469s] -- Installing: /home/user/robo/sb-robot/microros_ws/install/microxrcedds_client/include/uxr/client/defines.h
[1.469s] -- Installing: /home/user/robo/sb-robot/microros_ws/install/microxrcedds_client/include/uxr/client/visibility.h
[1.469s] -- Installing: /home/user/robo/sb-robot/microros_ws/install/microxrcedds_client/include/uxr/client/transport.h
[1.469s] -- Installing: /home/user/robo/sb-robot/microros_ws/install/microxrcedds_client/include/uxr/client/util
[1.469s] -- Installing: /home/user/robo/sb-robot/microros_ws/install/microxrcedds_client/include/uxr/client/util/ping.h
[1.469s] -- Installing: /home/user/robo/sb-robot/microros_ws/install/microxrcedds_client/include/uxr/client/util/time.h
[1.470s] -- Installing: /home/user/robo/sb-robot/microros_ws/install/microxrcedds_client/include/uxr/client/client.h
[1.470s] -- Installing: /home/user/robo/sb-robot/microros_ws/install/microxrcedds_client/include/uxr/client/core
[1.470s] -- Installing: /home/user/robo/sb-robot/microros_ws/install/microxrcedds_client/include/uxr/client/core/session
[1.470s] -- Installing: /home/user/robo/sb-robot/microros_ws/install/microxrcedds_client/include/uxr/client/core/session/object_id.h
[1.470s] -- Installing: /home/user/robo/sb-robot/microros_ws/install/microxrcedds_client/include/uxr/client/core/session/time_sync.h
[1.470s] -- Installing: /home/user/robo/sb-robot/microros_ws/install/microxrcedds_client/include/uxr/client/core/session/create_entities_bin.h
[1.470s] -- Installing: /home/user/robo/sb-robot/microros_ws/install/microxrcedds_client/include/uxr/client/core/session/read_access.h
[1.470s] -- Installing: /home/user/robo/sb-robot/microros_ws/install/microxrcedds_client/include/uxr/client/core/session/write_access.h
[1.470s] -- Installing: /home/user/robo/sb-robot/microros_ws/install/microxrcedds_client/include/uxr/client/core/session/create_entities_ref.h
[1.470s] -- Installing: /home/user/robo/sb-robot/microros_ws/install/microxrcedds_client/include/uxr/client/core/session/common_create_entities.h
[1.470s] -- Installing: /home/user/robo/sb-robot/microros_ws/install/microxrcedds_client/include/uxr/client/core/session/stream
[1.470s] -- Installing: /home/user/robo/sb-robot/microros_ws/install/microxrcedds_client/include/uxr/client/core/session/stream/output_best_effort_stream.h
[1.471s] -- Installing: /home/user/robo/sb-robot/microros_ws/install/microxrcedds_client/include/uxr/client/core/session/stream/reliable_stream.h
[1.471s] -- Installing: /home/user/robo/sb-robot/microros_ws/install/microxrcedds_client/include/uxr/client/core/session/stream/input_reliable_stream.h
[1.471s] -- Installing: /home/user/robo/sb-robot/microros_ws/install/microxrcedds_client/include/uxr/client/core/session/stream/seq_num.h
[1.471s] -- Installing: /home/user/robo/sb-robot/microros_ws/install/microxrcedds_client/include/uxr/client/core/session/stream/stream_storage.h
[1.471s] -- Installing: /home/user/robo/sb-robot/microros_ws/install/microxrcedds_client/include/uxr/client/core/session/stream/input_best_effort_stream.h
[1.471s] -- Installing: /home/user/robo/sb-robot/microros_ws/install/microxrcedds_client/include/uxr/client/core/session/stream/stream_id.h
[1.471s] -- Installing: /home/user/robo/sb-robot/microros_ws/install/microxrcedds_client/include/uxr/client/core/session/stream/output_reliable_stream.h
[1.475s] -- Installing: /home/user/robo/sb-robot/microros_ws/install/microxrcedds_client/include/uxr/client/core/session/create_entities_xml.h
[1.475s] -- Installing: /home/user/robo/sb-robot/microros_ws/install/microxrcedds_client/include/uxr/client/core/session/session.h
[1.475s] -- Installing: /home/user/robo/sb-robot/microros_ws/install/microxrcedds_client/include/uxr/client/core/session/session_info.h
[1.475s] -- Installing: /home/user/robo/sb-robot/microros_ws/install/microxrcedds_client/include/uxr/client/core/type
[1.476s] -- Installing: /home/user/robo/sb-robot/microros_ws/install/microxrcedds_client/include/uxr/client/core/type/xrce_types.h
[1.476s] -- Installing: /home/user/robo/sb-robot/microros_ws/install/microxrcedds_client/include/uxr/client/core/communication
[1.476s] -- Installing: /home/user/robo/sb-robot/microros_ws/install/microxrcedds_client/include/uxr/client/core/communication/communication.h
[1.476s] -- Installing: /home/user/robo/sb-robot/microros_ws/install/microxrcedds_client/include/uxr/client/profile
[1.476s] -- Installing: /home/user/robo/sb-robot/microros_ws/install/microxrcedds_client/include/uxr/client/profile/transport
[1.476s] -- Installing: /home/user/robo/sb-robot/microros_ws/install/microxrcedds_client/include/uxr/client/profile/transport/stream_framing
[1.476s] -- Installing: /home/user/robo/sb-robot/microros_ws/install/microxrcedds_client/include/uxr/client/profile/transport/stream_framing/stream_framing_protocol.h
[1.476s] -- Installing: /home/user/robo/sb-robot/microros_ws/install/microxrcedds_client/include/uxr/client/profile/transport/ip
[1.476s] -- Installing: /home/user/robo/sb-robot/microros_ws/install/microxrcedds_client/include/uxr/client/profile/transport/ip/tcp
[1.476s] -- Installing: /home/user/robo/sb-robot/microros_ws/install/microxrcedds_client/include/uxr/client/profile/transport/ip/tcp/tcp_transport_posix_nopoll.h
[1.476s] -- Installing: /home/user/robo/sb-robot/microros_ws/install/microxrcedds_client/include/uxr/client/profile/transport/ip/tcp/tcp_transport_windows.h
[1.476s] -- Installing: /home/user/robo/sb-robot/microros_ws/install/microxrcedds_client/include/uxr/client/profile/transport/ip/tcp/tcp_transport_rtems_bsd_net.h
[1.476s] -- Installing: /home/user/robo/sb-robot/microros_ws/install/microxrcedds_client/include/uxr/client/profile/transport/ip/tcp/tcp_transport_posix.h
[1.477s] -- Installing: /home/user/robo/sb-robot/microros_ws/install/microxrcedds_client/include/uxr/client/profile/transport/ip/tcp/tcp_transport_freertos_plus_tcp.h
[1.477s] -- Installing: /home/user/robo/sb-robot/microros_ws/install/microxrcedds_client/include/uxr/client/profile/transport/ip/tcp/tcp_transport.h
[1.477s] -- Installing: /home/user/robo/sb-robot/microros_ws/install/microxrcedds_client/include/uxr/client/profile/transport/ip/ip.h
[1.477s] -- Installing: /home/user/robo/sb-robot/microros_ws/install/microxrcedds_client/include/uxr/client/profile/transport/ip/udp
[1.477s] -- Installing: /home/user/robo/sb-robot/microros_ws/install/microxrcedds_client/include/uxr/client/profile/transport/ip/udp/udp_transport_windows.h
[1.477s] -- Installing: /home/user/robo/sb-robot/microros_ws/install/microxrcedds_client/include/uxr/client/profile/transport/ip/udp/udp_transport_rtems_bsd_net.h
[1.477s] -- Installing: /home/user/robo/sb-robot/microros_ws/install/microxrcedds_client/include/uxr/client/profile/transport/ip/udp/udp_transport_posix_nopoll.h
[1.477s] -- Installing: /home/user/robo/sb-robot/microros_ws/install/microxrcedds_client/include/uxr/client/profile/transport/ip/udp/udp_transport_posix.h
[1.477s] -- Installing: /home/user/robo/sb-robot/microros_ws/install/microxrcedds_client/include/uxr/client/profile/transport/ip/udp/udp_transport_freertos_plus_tcp.h
[1.478s] -- Installing: /home/user/robo/sb-robot/microros_ws/install/microxrcedds_client/include/uxr/client/profile/transport/ip/udp/udp_transport.h
[1.478s] -- Installing: /home/user/robo/sb-robot/microros_ws/install/microxrcedds_client/include/uxr/client/profile/transport/serial
[1.478s] -- Installing: /home/user/robo/sb-robot/microros_ws/install/microxrcedds_client/include/uxr/client/profile/transport/serial/serial_transport_platform.h
[1.481s] -- Installing: /home/user/robo/sb-robot/microros_ws/install/microxrcedds_client/include/uxr/client/profile/transport/serial/serial_transport_posix.h
[1.481s] -- Installing: /home/user/robo/sb-robot/microros_ws/install/microxrcedds_client/include/uxr/client/profile/transport/serial/serial_transport_rtems_bsd_net.h
[1.482s] -- Installing: /home/user/robo/sb-robot/microros_ws/install/microxrcedds_client/include/uxr/client/profile/transport/serial/serial_transport.h
[1.482s] -- Installing: /home/user/robo/sb-robot/microros_ws/install/microxrcedds_client/include/uxr/client/profile/transport/custom
[1.482s] -- Installing: /home/user/robo/sb-robot/microros_ws/install/microxrcedds_client/include/uxr/client/profile/transport/custom/custom_transport.h
[1.482s] -- Installing: /home/user/robo/sb-robot/microros_ws/install/microxrcedds_client/include/uxr/client/profile/transport/can
[1.482s] -- Installing: /home/user/robo/sb-robot/microros_ws/install/microxrcedds_client/include/uxr/client/profile/transport/can/can_transport_posix.h
[1.483s] -- Installing: /home/user/robo/sb-robot/microros_ws/install/microxrcedds_client/include/uxr/client/profile/transport/can/can_transport.h
[1.483s] -- Installing: /home/user/robo/sb-robot/microros_ws/install/microxrcedds_client/include/uxr/client/profile/discovery
[1.486s] -- Installing: /home/user/robo/sb-robot/microros_ws/install/microxrcedds_client/include/uxr/client/profile/discovery/discovery.h
[1.486s] -- Installing: /home/user/robo/sb-robot/microros_ws/install/microxrcedds_client/include/uxr/client/profile/multithread
[1.486s] -- Installing: /home/user/robo/sb-robot/microros_ws/install/microxrcedds_client/include/uxr/client/profile/multithread/multithread.h
[1.486s] -- Installing: /home/user/robo/sb-robot/microros_ws/install/microxrcedds_client/include/uxr/client/config.h
[1.486s] -- Installing: /home/user/robo/sb-robot/microros_ws/install/microxrcedds_client/share/microxrcedds_client/cmake/microxrcedds_clientTargets.cmake
[1.487s] -- Installing: /home/user/robo/sb-robot/microros_ws/install/microxrcedds_client/share/microxrcedds_client/cmake/microxrcedds_clientTargets-release.cmake
[1.487s] -- Installing: /home/user/robo/sb-robot/microros_ws/install/microxrcedds_client/share/microxrcedds_client/cmake/microxrcedds_clientConfig.cmake
[1.487s] -- Installing: /home/user/robo/sb-robot/microros_ws/install/microxrcedds_client/share/microxrcedds_client/cmake/microxrcedds_clientConfigVersion.cmake
[1.493s] Invoked command in '/home/user/robo/sb-robot/microros_ws/build/microxrcedds_client' returned '0': CMAKE_PREFIX_PATH=/home/user/robo/sb-robot/microros_ws/install/microcdr:${CMAKE_PREFIX_PATH} /usr/bin/cmake --install /home/user/robo/sb-robot/microros_ws/build/microxrcedds_client
