[0.017s] Invoking command in '/home/user/robo/sb-robot/microros_ws/build/diagnostic_msgs': AMENT_PREFIX_PATH=/home/user/robo/sb-robot/microros_ws/install/geometry_msgs:/home/user/robo/sb-robot/microros_ws/install/std_msgs:${AMENT_PREFIX_PATH} CMAKE_PREFIX_PATH=/home/user/robo/sb-robot/microros_ws/install/geometry_msgs:/home/user/robo/sb-robot/microros_ws/install/std_msgs:/home/user/robo/sb-robot/microros_ws/install/builtin_interfaces:/home/user/robo/sb-robot/microros_ws/src/install/action_msgs:/home/user/robo/sb-robot/microros_ws/src/install/unique_identifier_msgs:/home/user/robo/sb-robot/microros_ws/src/install/std_srvs:/home/user/robo/sb-robot/microros_ws/src/install/statistics_msgs:/home/user/robo/sb-robot/microros_ws/src/install/rmw_microxrcedds:/home/user/robo/sb-robot/microros_ws/src/install/rosidl_typesupport_microxrcedds_cpp:/home/user/robo/sb-robot/microros_ws/src/install/rosidl_typesupport_microxrcedds_c:/home/user/robo/sb-robot/microros_ws/src/install/rosgraph_msgs:/home/user/robo/sb-robot/microros_ws/src/install/microxrcedds_client:/home/user/robo/sb-robot/microros_ws/src/install/microcdr:/home/user/robo/sb-robot/microros_ws/src/install/micro_ros_utilities:/home/user/robo/sb-robot/microros_ws/src/install/micro_ros_setup:/home/user/robo/sb-robot/microros_ws/src/install/micro_ros_msgs:/home/user/robo/sb-robot/microros_ws/src/install/lifecycle_msgs:/home/user/robo/sb-robot/microros_ws/src/install/complex_msgs:/home/user/robo/sb-robot/microros_ws/src/install/builtin_interfaces:/home/user/robo/sb-robot/microros_ws/install/micro_ros_setup:/home/user/robo/sb-robot/microros_ws/install/micro_ros_agent:/home/user/robo/sb-robot/microros_ws/install/micro_ros_msgs:/opt/ros/humble LD_LIBRARY_PATH=/home/user/robo/sb-robot/microros_ws/install/geometry_msgs/lib:/home/user/robo/sb-robot/microros_ws/install/std_msgs/lib:/home/user/robo/sb-robot/microros_ws/install/builtin_interfaces/lib:/home/user/robo/sb-robot/microros_ws/src/install/action_msgs/lib:/home/user/robo/sb-robot/microros_ws/src/install/unique_identifier_msgs/lib:/home/user/robo/sb-robot/microros_ws/src/install/std_srvs/lib:/home/user/robo/sb-robot/microros_ws/src/install/statistics_msgs/lib:/home/user/robo/sb-robot/microros_ws/src/install/rmw_microxrcedds/lib:/home/user/robo/sb-robot/microros_ws/src/install/rosidl_typesupport_microxrcedds_cpp/lib:/home/user/robo/sb-robot/microros_ws/src/install/rosidl_typesupport_microxrcedds_c/lib:/home/user/robo/sb-robot/microros_ws/src/install/rosgraph_msgs/lib:/home/user/robo/sb-robot/microros_ws/src/install/microxrcedds_client/lib:/home/user/robo/sb-robot/microros_ws/src/install/microcdr/lib:/home/user/robo/sb-robot/microros_ws/src/install/micro_ros_utilities/lib:/home/user/robo/sb-robot/microros_ws/src/install/micro_ros_msgs/lib:/home/user/robo/sb-robot/microros_ws/src/install/lifecycle_msgs/lib:/home/user/robo/sb-robot/microros_ws/src/install/complex_msgs/lib:/home/user/robo/sb-robot/microros_ws/src/install/builtin_interfaces/lib:/home/user/robo/sb-robot/microros_ws/install/micro_ros_agent/lib:/home/user/robo/sb-robot/microros_ws/install/micro_ros_msgs/lib:/usr/lib/x86_64-linux-gnu/gazebo-11/plugins:/opt/ros/humble/opt/rviz_ogre_vendor/lib:/opt/ros/humble/lib/x86_64-linux-gnu:/opt/ros/humble/lib PYTHONPATH=/home/user/robo/sb-robot/microros_ws/install/geometry_msgs/local/lib/python3.10/dist-packages:/home/user/robo/sb-robot/microros_ws/install/std_msgs/local/lib/python3.10/dist-packages:${PYTHONPATH} /usr/bin/cmake /home/user/robo/sb-robot/microros_ws/src/ros2/common_interfaces/diagnostic_msgs -DCMAKE_INSTALL_PREFIX=/home/user/robo/sb-robot/microros_ws/install/diagnostic_msgs
[0.063s] -- The C compiler identification is GNU 11.4.0
[0.107s] -- The CXX compiler identification is GNU 11.4.0
[0.113s] -- Detecting C compiler ABI info
[0.165s] -- Detecting C compiler ABI info - done
[0.172s] -- Check for working C compiler: /usr/bin/cc - skipped
[0.172s] -- Detecting C compile features
[0.172s] -- Detecting C compile features - done
[0.174s] -- Detecting CXX compiler ABI info
[0.232s] -- Detecting CXX compiler ABI info - done
[0.236s] -- Check for working CXX compiler: /usr/bin/c++ - skipped
[0.236s] -- Detecting CXX compile features
[0.237s] -- Detecting CXX compile features - done
[0.239s] -- Found ament_cmake: 1.3.11 (/opt/ros/humble/share/ament_cmake/cmake)
[0.361s] -- Found Python3: /usr/bin/python3 (found version "3.10.12") found components: Interpreter 
[0.446s] -- Found rosidl_default_generators: 1.2.0 (/opt/ros/humble/share/rosidl_default_generators/cmake)
[0.453s] -- Using all available rosidl_typesupport_c: rosidl_typesupport_microxrcedds_c;rosidl_typesupport_fastrtps_c;rosidl_typesupport_introspection_c
[0.464s] -- Found rosidl_adapter: 3.1.6 (/opt/ros/humble/share/rosidl_adapter/cmake)
[0.506s] -- Using all available rosidl_typesupport_cpp: rosidl_typesupport_microxrcedds_cpp;rosidl_typesupport_fastrtps_cpp;rosidl_typesupport_introspection_cpp
[0.532s] -- Found std_msgs: 4.2.4 (/home/user/robo/sb-robot/microros_ws/install/std_msgs/share/std_msgs/cmake)
[0.785s] -- Found ament_cmake_cppcheck: 0.12.11 (/opt/ros/humble/share/ament_cmake_cppcheck/cmake)
[0.788s] -- Found ament_cmake_cpplint: 0.12.11 (/opt/ros/humble/share/ament_cmake_cpplint/cmake)
[0.790s] -- Found ament_cmake_uncrustify: 0.12.11 (/opt/ros/humble/share/ament_cmake_uncrustify/cmake)
[0.793s] -- Found ament_cmake_ros: 0.10.0 (/opt/ros/humble/share/ament_cmake_ros/cmake)
[1.023s] -- Using all available rosidl_typesupport_c: rosidl_typesupport_microxrcedds_c;rosidl_typesupport_fastrtps_c;rosidl_typesupport_introspection_c
[1.362s] -- Using all available rosidl_typesupport_cpp: rosidl_typesupport_microxrcedds_cpp;rosidl_typesupport_fastrtps_cpp;rosidl_typesupport_introspection_cpp
[1.382s] -- Found PythonInterp: /usr/bin/python3 (found suitable version "3.10.12", minimum required is "3.6") 
[1.386s] -- Found python_cmake_module: 0.10.0 (/opt/ros/humble/share/python_cmake_module/cmake)
[1.415s] -- Found PythonLibs: /usr/lib/x86_64-linux-gnu/libpython3.10.so (found suitable version "3.10.12", minimum required is "3.5") 
[1.415s] -- Using PYTHON_EXECUTABLE: /usr/bin/python3
[1.415s] -- Using PYTHON_INCLUDE_DIRS: /usr/include/python3.10
[1.415s] -- Using PYTHON_LIBRARIES: /usr/lib/x86_64-linux-gnu/libpython3.10.so
[1.433s] -- Found PythonExtra: .so  
[1.489s] -- Found ament_cmake_flake8: 0.12.11 (/opt/ros/humble/share/ament_cmake_flake8/cmake)
[1.491s] -- Found ament_cmake_pep257: 0.12.11 (/opt/ros/humble/share/ament_cmake_pep257/cmake)
[1.496s] -- Configuring done
[1.526s] -- Generating done
[1.537s] -- Build files have been written to: /home/user/robo/sb-robot/microros_ws/build/diagnostic_msgs
[1.547s] Invoked command in '/home/user/robo/sb-robot/microros_ws/build/diagnostic_msgs' returned '0': AMENT_PREFIX_PATH=/home/user/robo/sb-robot/microros_ws/install/geometry_msgs:/home/user/robo/sb-robot/microros_ws/install/std_msgs:${AMENT_PREFIX_PATH} CMAKE_PREFIX_PATH=/home/user/robo/sb-robot/microros_ws/install/geometry_msgs:/home/user/robo/sb-robot/microros_ws/install/std_msgs:/home/user/robo/sb-robot/microros_ws/install/builtin_interfaces:/home/user/robo/sb-robot/microros_ws/src/install/action_msgs:/home/user/robo/sb-robot/microros_ws/src/install/unique_identifier_msgs:/home/user/robo/sb-robot/microros_ws/src/install/std_srvs:/home/user/robo/sb-robot/microros_ws/src/install/statistics_msgs:/home/user/robo/sb-robot/microros_ws/src/install/rmw_microxrcedds:/home/user/robo/sb-robot/microros_ws/src/install/rosidl_typesupport_microxrcedds_cpp:/home/user/robo/sb-robot/microros_ws/src/install/rosidl_typesupport_microxrcedds_c:/home/user/robo/sb-robot/microros_ws/src/install/rosgraph_msgs:/home/user/robo/sb-robot/microros_ws/src/install/microxrcedds_client:/home/user/robo/sb-robot/microros_ws/src/install/microcdr:/home/user/robo/sb-robot/microros_ws/src/install/micro_ros_utilities:/home/user/robo/sb-robot/microros_ws/src/install/micro_ros_setup:/home/user/robo/sb-robot/microros_ws/src/install/micro_ros_msgs:/home/user/robo/sb-robot/microros_ws/src/install/lifecycle_msgs:/home/user/robo/sb-robot/microros_ws/src/install/complex_msgs:/home/user/robo/sb-robot/microros_ws/src/install/builtin_interfaces:/home/user/robo/sb-robot/microros_ws/install/micro_ros_setup:/home/user/robo/sb-robot/microros_ws/install/micro_ros_agent:/home/user/robo/sb-robot/microros_ws/install/micro_ros_msgs:/opt/ros/humble LD_LIBRARY_PATH=/home/user/robo/sb-robot/microros_ws/install/geometry_msgs/lib:/home/user/robo/sb-robot/microros_ws/install/std_msgs/lib:/home/user/robo/sb-robot/microros_ws/install/builtin_interfaces/lib:/home/user/robo/sb-robot/microros_ws/src/install/action_msgs/lib:/home/user/robo/sb-robot/microros_ws/src/install/unique_identifier_msgs/lib:/home/user/robo/sb-robot/microros_ws/src/install/std_srvs/lib:/home/user/robo/sb-robot/microros_ws/src/install/statistics_msgs/lib:/home/user/robo/sb-robot/microros_ws/src/install/rmw_microxrcedds/lib:/home/user/robo/sb-robot/microros_ws/src/install/rosidl_typesupport_microxrcedds_cpp/lib:/home/user/robo/sb-robot/microros_ws/src/install/rosidl_typesupport_microxrcedds_c/lib:/home/user/robo/sb-robot/microros_ws/src/install/rosgraph_msgs/lib:/home/user/robo/sb-robot/microros_ws/src/install/microxrcedds_client/lib:/home/user/robo/sb-robot/microros_ws/src/install/microcdr/lib:/home/user/robo/sb-robot/microros_ws/src/install/micro_ros_utilities/lib:/home/user/robo/sb-robot/microros_ws/src/install/micro_ros_msgs/lib:/home/user/robo/sb-robot/microros_ws/src/install/lifecycle_msgs/lib:/home/user/robo/sb-robot/microros_ws/src/install/complex_msgs/lib:/home/user/robo/sb-robot/microros_ws/src/install/builtin_interfaces/lib:/home/user/robo/sb-robot/microros_ws/install/micro_ros_agent/lib:/home/user/robo/sb-robot/microros_ws/install/micro_ros_msgs/lib:/usr/lib/x86_64-linux-gnu/gazebo-11/plugins:/opt/ros/humble/opt/rviz_ogre_vendor/lib:/opt/ros/humble/lib/x86_64-linux-gnu:/opt/ros/humble/lib PYTHONPATH=/home/user/robo/sb-robot/microros_ws/install/geometry_msgs/local/lib/python3.10/dist-packages:/home/user/robo/sb-robot/microros_ws/install/std_msgs/local/lib/python3.10/dist-packages:${PYTHONPATH} /usr/bin/cmake /home/user/robo/sb-robot/microros_ws/src/ros2/common_interfaces/diagnostic_msgs -DCMAKE_INSTALL_PREFIX=/home/user/robo/sb-robot/microros_ws/install/diagnostic_msgs
[1.548s] Invoking command in '/home/user/robo/sb-robot/microros_ws/build/diagnostic_msgs': AMENT_PREFIX_PATH=/home/user/robo/sb-robot/microros_ws/install/geometry_msgs:/home/user/robo/sb-robot/microros_ws/install/std_msgs:${AMENT_PREFIX_PATH} CMAKE_PREFIX_PATH=/home/user/robo/sb-robot/microros_ws/install/geometry_msgs:/home/user/robo/sb-robot/microros_ws/install/std_msgs:/home/user/robo/sb-robot/microros_ws/install/builtin_interfaces:/home/user/robo/sb-robot/microros_ws/src/install/action_msgs:/home/user/robo/sb-robot/microros_ws/src/install/unique_identifier_msgs:/home/user/robo/sb-robot/microros_ws/src/install/std_srvs:/home/user/robo/sb-robot/microros_ws/src/install/statistics_msgs:/home/user/robo/sb-robot/microros_ws/src/install/rmw_microxrcedds:/home/user/robo/sb-robot/microros_ws/src/install/rosidl_typesupport_microxrcedds_cpp:/home/user/robo/sb-robot/microros_ws/src/install/rosidl_typesupport_microxrcedds_c:/home/user/robo/sb-robot/microros_ws/src/install/rosgraph_msgs:/home/user/robo/sb-robot/microros_ws/src/install/microxrcedds_client:/home/user/robo/sb-robot/microros_ws/src/install/microcdr:/home/user/robo/sb-robot/microros_ws/src/install/micro_ros_utilities:/home/user/robo/sb-robot/microros_ws/src/install/micro_ros_setup:/home/user/robo/sb-robot/microros_ws/src/install/micro_ros_msgs:/home/user/robo/sb-robot/microros_ws/src/install/lifecycle_msgs:/home/user/robo/sb-robot/microros_ws/src/install/complex_msgs:/home/user/robo/sb-robot/microros_ws/src/install/builtin_interfaces:/home/user/robo/sb-robot/microros_ws/install/micro_ros_setup:/home/user/robo/sb-robot/microros_ws/install/micro_ros_agent:/home/user/robo/sb-robot/microros_ws/install/micro_ros_msgs:/opt/ros/humble LD_LIBRARY_PATH=/home/user/robo/sb-robot/microros_ws/install/geometry_msgs/lib:/home/user/robo/sb-robot/microros_ws/install/std_msgs/lib:/home/user/robo/sb-robot/microros_ws/install/builtin_interfaces/lib:/home/user/robo/sb-robot/microros_ws/src/install/action_msgs/lib:/home/user/robo/sb-robot/microros_ws/src/install/unique_identifier_msgs/lib:/home/user/robo/sb-robot/microros_ws/src/install/std_srvs/lib:/home/user/robo/sb-robot/microros_ws/src/install/statistics_msgs/lib:/home/user/robo/sb-robot/microros_ws/src/install/rmw_microxrcedds/lib:/home/user/robo/sb-robot/microros_ws/src/install/rosidl_typesupport_microxrcedds_cpp/lib:/home/user/robo/sb-robot/microros_ws/src/install/rosidl_typesupport_microxrcedds_c/lib:/home/user/robo/sb-robot/microros_ws/src/install/rosgraph_msgs/lib:/home/user/robo/sb-robot/microros_ws/src/install/microxrcedds_client/lib:/home/user/robo/sb-robot/microros_ws/src/install/microcdr/lib:/home/user/robo/sb-robot/microros_ws/src/install/micro_ros_utilities/lib:/home/user/robo/sb-robot/microros_ws/src/install/micro_ros_msgs/lib:/home/user/robo/sb-robot/microros_ws/src/install/lifecycle_msgs/lib:/home/user/robo/sb-robot/microros_ws/src/install/complex_msgs/lib:/home/user/robo/sb-robot/microros_ws/src/install/builtin_interfaces/lib:/home/user/robo/sb-robot/microros_ws/install/micro_ros_agent/lib:/home/user/robo/sb-robot/microros_ws/install/micro_ros_msgs/lib:/usr/lib/x86_64-linux-gnu/gazebo-11/plugins:/opt/ros/humble/opt/rviz_ogre_vendor/lib:/opt/ros/humble/lib/x86_64-linux-gnu:/opt/ros/humble/lib PYTHONPATH=/home/user/robo/sb-robot/microros_ws/install/geometry_msgs/local/lib/python3.10/dist-packages:/home/user/robo/sb-robot/microros_ws/install/std_msgs/local/lib/python3.10/dist-packages:${PYTHONPATH} /usr/bin/cmake --build /home/user/robo/sb-robot/microros_ws/build/diagnostic_msgs -- -j20 -l20
[1.586s] [  1%] [34m[1mGenerating C code for ROS interfaces[0m
[1.596s] [  2%] [34m[1mGenerating C++ code for ROS interfaces[0m
[1.603s] [  2%] Built target ament_cmake_python_copy_diagnostic_msgs
[1.808s] running egg_info
[1.809s] creating diagnostic_msgs.egg-info
[1.809s] writing diagnostic_msgs.egg-info/PKG-INFO
[1.809s] writing dependency_links to diagnostic_msgs.egg-info/dependency_links.txt
[1.809s] writing top-level names to diagnostic_msgs.egg-info/top_level.txt
[1.809s] writing manifest file 'diagnostic_msgs.egg-info/SOURCES.txt'
[1.811s] reading manifest file 'diagnostic_msgs.egg-info/SOURCES.txt'
[1.811s] writing manifest file 'diagnostic_msgs.egg-info/SOURCES.txt'
[1.835s] [  2%] Built target ament_cmake_python_build_diagnostic_msgs_egg
[2.450s] [  2%] Built target diagnostic_msgs__cpp
[2.472s] [  3%] [34m[1mGenerating C++ type support dispatch for ROS interfaces[0m
[2.476s] [  5%] [34m[1mGenerating C++ type support for eProsima Micro XRCE-DDS[0m
[2.484s] [  6%] [34m[1mGenerating C++ type support for eProsima Fast-RTPS[0m
[2.489s] [  7%] [34m[1mGenerating C++ introspection for ROS interfaces[0m
[2.524s] [  8%] [32mBuilding C object CMakeFiles/diagnostic_msgs__rosidl_generator_c.dir/rosidl_generator_c/diagnostic_msgs/msg/detail/key_value__functions.c.o[0m
[2.526s] [ 10%] [32mBuilding C object CMakeFiles/diagnostic_msgs__rosidl_generator_c.dir/rosidl_generator_c/diagnostic_msgs/msg/detail/diagnostic_array__functions.c.o[0m
[2.529s] [ 11%] [32mBuilding C object CMakeFiles/diagnostic_msgs__rosidl_generator_c.dir/rosidl_generator_c/diagnostic_msgs/msg/detail/diagnostic_status__functions.c.o[0m
[2.529s] [ 12%] [32mBuilding C object CMakeFiles/diagnostic_msgs__rosidl_generator_c.dir/rosidl_generator_c/diagnostic_msgs/srv/detail/add_diagnostics__functions.c.o[0m
[2.536s] [ 13%] [32mBuilding C object CMakeFiles/diagnostic_msgs__rosidl_generator_c.dir/rosidl_generator_c/diagnostic_msgs/srv/detail/self_test__functions.c.o[0m
[2.787s] [ 15%] [32m[1mLinking C shared library libdiagnostic_msgs__rosidl_generator_c.so[0m
[2.916s] [ 15%] Built target diagnostic_msgs__rosidl_generator_c
[2.951s] [ 16%] [34m[1mGenerating C type support for eProsima Fast-RTPS[0m
[2.952s] [ 17%] [34m[1mGenerating C introspection for ROS interfaces[0m
[2.954s] [ 18%] [34m[1mGenerating C type support for eProsima Micro XRCE-DDS[0m
[2.963s] [ 20%] [34m[1mGenerating C type support dispatch for ROS interfaces[0m
[4.369s] [ 21%] [32mBuilding CXX object CMakeFiles/diagnostic_msgs__rosidl_typesupport_cpp.dir/rosidl_typesupport_cpp/diagnostic_msgs/msg/diagnostic_array__type_support.cpp.o[0m
[4.388s] [ 22%] [32mBuilding CXX object CMakeFiles/diagnostic_msgs__rosidl_typesupport_cpp.dir/rosidl_typesupport_cpp/diagnostic_msgs/srv/add_diagnostics__type_support.cpp.o[0m
[4.393s] [ 24%] [32mBuilding CXX object CMakeFiles/diagnostic_msgs__rosidl_typesupport_cpp.dir/rosidl_typesupport_cpp/diagnostic_msgs/msg/key_value__type_support.cpp.o[0m
[4.402s] [ 25%] [32mBuilding CXX object CMakeFiles/diagnostic_msgs__rosidl_typesupport_cpp.dir/rosidl_typesupport_cpp/diagnostic_msgs/msg/diagnostic_status__type_support.cpp.o[0m
[4.405s] [ 26%] [32mBuilding CXX object CMakeFiles/diagnostic_msgs__rosidl_typesupport_fastrtps_cpp.dir/rosidl_typesupport_fastrtps_cpp/diagnostic_msgs/msg/detail/dds_fastrtps/diagnostic_array__type_support.cpp.o[0m
[4.423s] [ 27%] [32mBuilding CXX object CMakeFiles/diagnostic_msgs__rosidl_typesupport_cpp.dir/rosidl_typesupport_cpp/diagnostic_msgs/srv/self_test__type_support.cpp.o[0m
[4.428s] [ 29%] [32mBuilding CXX object CMakeFiles/diagnostic_msgs__rosidl_typesupport_fastrtps_cpp.dir/rosidl_typesupport_fastrtps_cpp/diagnostic_msgs/msg/detail/dds_fastrtps/diagnostic_status__type_support.cpp.o[0m
[4.428s] [ 30%] [32mBuilding CXX object CMakeFiles/diagnostic_msgs__rosidl_typesupport_fastrtps_cpp.dir/rosidl_typesupport_fastrtps_cpp/diagnostic_msgs/srv/detail/dds_fastrtps/add_diagnostics__type_support.cpp.o[0m
[4.431s] [ 31%] [32mBuilding CXX object CMakeFiles/diagnostic_msgs__rosidl_typesupport_fastrtps_cpp.dir/rosidl_typesupport_fastrtps_cpp/diagnostic_msgs/srv/detail/dds_fastrtps/self_test__type_support.cpp.o[0m
[4.443s] [ 32%] [32mBuilding CXX object CMakeFiles/diagnostic_msgs__rosidl_typesupport_fastrtps_cpp.dir/rosidl_typesupport_fastrtps_cpp/diagnostic_msgs/msg/detail/dds_fastrtps/key_value__type_support.cpp.o[0m
[4.452s] [ 34%] [32mBuilding CXX object CMakeFiles/diagnostic_msgs__rosidl_typesupport_introspection_cpp.dir/rosidl_typesupport_introspection_cpp/diagnostic_msgs/msg/detail/diagnostic_array__type_support.cpp.o[0m
[4.476s] [ 35%] [32mBuilding CXX object CMakeFiles/diagnostic_msgs__rosidl_typesupport_introspection_cpp.dir/rosidl_typesupport_introspection_cpp/diagnostic_msgs/msg/detail/diagnostic_status__type_support.cpp.o[0m
[4.491s] [ 36%] [32mBuilding CXX object CMakeFiles/diagnostic_msgs__rosidl_typesupport_introspection_cpp.dir/rosidl_typesupport_introspection_cpp/diagnostic_msgs/srv/detail/add_diagnostics__type_support.cpp.o[0m
[4.500s] [ 37%] [32mBuilding CXX object CMakeFiles/diagnostic_msgs__rosidl_typesupport_introspection_cpp.dir/rosidl_typesupport_introspection_cpp/diagnostic_msgs/msg/detail/key_value__type_support.cpp.o[0m
[4.512s] [ 39%] [32mBuilding CXX object CMakeFiles/diagnostic_msgs__rosidl_typesupport_introspection_cpp.dir/rosidl_typesupport_introspection_cpp/diagnostic_msgs/srv/detail/self_test__type_support.cpp.o[0m
[4.604s] [ 40%] [32mBuilding CXX object CMakeFiles/diagnostic_msgs__rosidl_typesupport_microxrcedds_cpp.dir/rosidl_typesupport_microxrcedds_cpp/diagnostic_msgs/msg/detail/microxrcedds/diagnostic_array__type_support_cpp.cpp.o[0m
[5.688s] [ 41%] [32mBuilding CXX object CMakeFiles/diagnostic_msgs__rosidl_typesupport_c.dir/rosidl_typesupport_c/diagnostic_msgs/msg/diagnostic_array__type_support.cpp.o[0m
[5.688s] [ 43%] [32mBuilding CXX object CMakeFiles/diagnostic_msgs__rosidl_typesupport_c.dir/rosidl_typesupport_c/diagnostic_msgs/msg/diagnostic_status__type_support.cpp.o[0m
[5.746s] [ 44%] [32mBuilding CXX object CMakeFiles/diagnostic_msgs__rosidl_typesupport_c.dir/rosidl_typesupport_c/diagnostic_msgs/msg/key_value__type_support.cpp.o[0m
[5.784s] [ 45%] [32mBuilding CXX object CMakeFiles/diagnostic_msgs__rosidl_typesupport_microxrcedds_cpp.dir/rosidl_typesupport_microxrcedds_cpp/diagnostic_msgs/msg/detail/microxrcedds/diagnostic_status__type_support_cpp.cpp.o[0m
[5.836s] [ 46%] [32mBuilding CXX object CMakeFiles/diagnostic_msgs__rosidl_typesupport_c.dir/rosidl_typesupport_c/diagnostic_msgs/srv/add_diagnostics__type_support.cpp.o[0m
[5.855s] [ 48%] [32mBuilding CXX object CMakeFiles/diagnostic_msgs__rosidl_typesupport_microxrcedds_cpp.dir/rosidl_typesupport_microxrcedds_cpp/diagnostic_msgs/msg/detail/microxrcedds/key_value__type_support_cpp.cpp.o[0m
[5.867s] [ 49%] [32mBuilding CXX object CMakeFiles/diagnostic_msgs__rosidl_typesupport_microxrcedds_cpp.dir/rosidl_typesupport_microxrcedds_cpp/diagnostic_msgs/srv/detail/microxrcedds/add_diagnostics__type_support_cpp.cpp.o[0m
[5.917s] [ 50%] [32m[1mLinking CXX shared library libdiagnostic_msgs__rosidl_typesupport_cpp.so[0m
[5.930s] [ 51%] [32mBuilding CXX object CMakeFiles/diagnostic_msgs__rosidl_typesupport_c.dir/rosidl_typesupport_c/diagnostic_msgs/srv/self_test__type_support.cpp.o[0m
[6.000s] [ 53%] [32mBuilding CXX object CMakeFiles/diagnostic_msgs__rosidl_typesupport_microxrcedds_cpp.dir/rosidl_typesupport_microxrcedds_cpp/diagnostic_msgs/srv/detail/microxrcedds/self_test__type_support_cpp.cpp.o[0m
[6.007s] [ 54%] [32m[1mLinking CXX shared library libdiagnostic_msgs__rosidl_typesupport_c.so[0m
[6.067s] [ 54%] Built target diagnostic_msgs__rosidl_typesupport_cpp
[6.145s] [ 55%] [32mBuilding C object CMakeFiles/diagnostic_msgs__rosidl_typesupport_introspection_c.dir/rosidl_typesupport_introspection_c/diagnostic_msgs/msg/detail/diagnostic_array__type_support.c.o[0m
[6.151s] [ 56%] [32mBuilding C object CMakeFiles/diagnostic_msgs__rosidl_typesupport_introspection_c.dir/rosidl_typesupport_introspection_c/diagnostic_msgs/msg/detail/diagnostic_status__type_support.c.o[0m
[6.168s] [ 58%] [32mBuilding C object CMakeFiles/diagnostic_msgs__rosidl_typesupport_introspection_c.dir/rosidl_typesupport_introspection_c/diagnostic_msgs/srv/detail/add_diagnostics__type_support.c.o[0m
[6.187s] [ 59%] [32mBuilding C object CMakeFiles/diagnostic_msgs__rosidl_typesupport_introspection_c.dir/rosidl_typesupport_introspection_c/diagnostic_msgs/msg/detail/key_value__type_support.c.o[0m
[6.187s] [ 59%] Built target diagnostic_msgs__rosidl_typesupport_c
[6.203s] [ 60%] [32mBuilding C object CMakeFiles/diagnostic_msgs__rosidl_typesupport_microxrcedds_c.dir/rosidl_typesupport_microxrcedds_c/diagnostic_msgs/msg/detail/microxrcedds/diagnostic_array__type_support_c.c.o[0m
[6.230s] [ 62%] [32mBuilding C object CMakeFiles/diagnostic_msgs__rosidl_typesupport_introspection_c.dir/rosidl_typesupport_introspection_c/diagnostic_msgs/srv/detail/self_test__type_support.c.o[0m
[6.230s] [ 63%] [32mBuilding CXX object CMakeFiles/diagnostic_msgs__rosidl_typesupport_fastrtps_c.dir/rosidl_typesupport_fastrtps_c/diagnostic_msgs/msg/detail/diagnostic_array__type_support_c.cpp.o[0m
[6.239s] [ 64%] [32mBuilding C object CMakeFiles/diagnostic_msgs__rosidl_typesupport_microxrcedds_c.dir/rosidl_typesupport_microxrcedds_c/diagnostic_msgs/msg/detail/microxrcedds/diagnostic_status__type_support_c.c.o[0m
[6.260s] [ 65%] [32mBuilding C object CMakeFiles/diagnostic_msgs__rosidl_typesupport_microxrcedds_c.dir/rosidl_typesupport_microxrcedds_c/diagnostic_msgs/msg/detail/microxrcedds/key_value__type_support_c.c.o[0m
[6.285s] [ 67%] [32mBuilding CXX object CMakeFiles/diagnostic_msgs__rosidl_typesupport_fastrtps_c.dir/rosidl_typesupport_fastrtps_c/diagnostic_msgs/msg/detail/diagnostic_status__type_support_c.cpp.o[0m
[6.286s] [ 68%] [32mBuilding C object CMakeFiles/diagnostic_msgs__rosidl_typesupport_microxrcedds_c.dir/rosidl_typesupport_microxrcedds_c/diagnostic_msgs/srv/detail/microxrcedds/add_diagnostics__type_support_c.c.o[0m
[6.338s] [ 69%] [32mBuilding C object CMakeFiles/diagnostic_msgs__rosidl_typesupport_microxrcedds_c.dir/rosidl_typesupport_microxrcedds_c/diagnostic_msgs/srv/detail/microxrcedds/self_test__type_support_c.c.o[0m
[6.353s] [ 70%] [32mBuilding CXX object CMakeFiles/diagnostic_msgs__rosidl_typesupport_fastrtps_c.dir/rosidl_typesupport_fastrtps_c/diagnostic_msgs/srv/detail/add_diagnostics__type_support_c.cpp.o[0m
[6.353s] [ 72%] [32mBuilding CXX object CMakeFiles/diagnostic_msgs__rosidl_typesupport_fastrtps_c.dir/rosidl_typesupport_fastrtps_c/diagnostic_msgs/msg/detail/key_value__type_support_c.cpp.o[0m
[6.376s] [ 74%] [32m[1mLinking C shared library libdiagnostic_msgs__rosidl_typesupport_introspection_c.so[0m
[6.376s] [ 74%] [32mBuilding CXX object CMakeFiles/diagnostic_msgs__rosidl_typesupport_fastrtps_c.dir/rosidl_typesupport_fastrtps_c/diagnostic_msgs/srv/detail/self_test__type_support_c.cpp.o[0m
[6.521s] [ 74%] Built target diagnostic_msgs__rosidl_typesupport_introspection_c
[6.532s] [ 75%] [32m[1mLinking C shared library libdiagnostic_msgs__rosidl_typesupport_microxrcedds_c.so[0m
[6.624s] [ 77%] [32m[1mLinking CXX shared library libdiagnostic_msgs__rosidl_typesupport_introspection_cpp.so[0m
[6.689s] [ 77%] Built target diagnostic_msgs__rosidl_typesupport_microxrcedds_c
[6.724s] [ 78%] [32m[1mLinking CXX shared library libdiagnostic_msgs__rosidl_typesupport_fastrtps_cpp.so[0m
[6.875s] [ 78%] Built target diagnostic_msgs__rosidl_typesupport_introspection_cpp
[6.921s] [ 79%] [32m[1mLinking CXX shared library libdiagnostic_msgs__rosidl_typesupport_microxrcedds_cpp.so[0m
[6.950s] [ 79%] Built target diagnostic_msgs__rosidl_typesupport_fastrtps_cpp
[7.041s] [ 81%] [32m[1mLinking CXX shared library libdiagnostic_msgs__rosidl_typesupport_fastrtps_c.so[0m
[7.086s] [ 81%] Built target diagnostic_msgs__rosidl_typesupport_microxrcedds_cpp
[7.299s] [ 81%] Built target diagnostic_msgs__rosidl_typesupport_fastrtps_c
[7.392s] [ 81%] Built target diagnostic_msgs
[7.475s] [ 82%] [34m[1mGenerating Python code for ROS interfaces[0m
[10.242s] [ 82%] Built target diagnostic_msgs__py
[10.270s] [ 83%] [32mBuilding C object CMakeFiles/diagnostic_msgs__rosidl_generator_py.dir/rosidl_generator_py/diagnostic_msgs/msg/_diagnostic_array_s.c.o[0m
[10.270s] [ 84%] [32mBuilding C object CMakeFiles/diagnostic_msgs__rosidl_generator_py.dir/rosidl_generator_py/diagnostic_msgs/msg/_diagnostic_status_s.c.o[0m
[10.270s] [ 86%] [32mBuilding C object CMakeFiles/diagnostic_msgs__rosidl_generator_py.dir/rosidl_generator_py/diagnostic_msgs/msg/_key_value_s.c.o[0m
[10.392s] [ 87%] [32mBuilding C object CMakeFiles/diagnostic_msgs__rosidl_generator_py.dir/rosidl_generator_py/diagnostic_msgs/srv/_add_diagnostics_s.c.o[0m
[10.392s] [ 88%] [32mBuilding C object CMakeFiles/diagnostic_msgs__rosidl_generator_py.dir/rosidl_generator_py/diagnostic_msgs/srv/_self_test_s.c.o[0m
[10.515s] [ 89%] [32m[1mLinking C shared library rosidl_generator_py/diagnostic_msgs/libdiagnostic_msgs__rosidl_generator_py.so[0m
[10.559s] [ 89%] Built target diagnostic_msgs__rosidl_generator_py
[10.576s] [ 91%] [32mBuilding C object CMakeFiles/diagnostic_msgs__rosidl_typesupport_fastrtps_c__pyext.dir/rosidl_generator_py/diagnostic_msgs/_diagnostic_msgs_s.ep.rosidl_typesupport_fastrtps_c.c.o[0m
[10.580s] [ 92%] [32mBuilding C object CMakeFiles/diagnostic_msgs__rosidl_typesupport_introspection_c__pyext.dir/rosidl_generator_py/diagnostic_msgs/_diagnostic_msgs_s.ep.rosidl_typesupport_introspection_c.c.o[0m
[10.584s] [ 93%] [32mBuilding C object CMakeFiles/diagnostic_msgs__rosidl_typesupport_microxrcedds_c__pyext.dir/rosidl_generator_py/diagnostic_msgs/_diagnostic_msgs_s.ep.rosidl_typesupport_microxrcedds_c.c.o[0m
[10.660s] [ 94%] [32m[1mLinking C shared library rosidl_generator_py/diagnostic_msgs/diagnostic_msgs_s__rosidl_typesupport_introspection_c.cpython-310-x86_64-linux-gnu.so[0m
[10.673s] [ 96%] [32m[1mLinking C shared library rosidl_generator_py/diagnostic_msgs/diagnostic_msgs_s__rosidl_typesupport_microxrcedds_c.cpython-310-x86_64-linux-gnu.so[0m
[10.707s] [ 96%] Built target diagnostic_msgs__rosidl_typesupport_introspection_c__pyext
[10.709s] [ 97%] [32m[1mLinking C shared library rosidl_generator_py/diagnostic_msgs/diagnostic_msgs_s__rosidl_typesupport_fastrtps_c.cpython-310-x86_64-linux-gnu.so[0m
[10.730s] [ 97%] Built target diagnostic_msgs__rosidl_typesupport_microxrcedds_c__pyext
[10.737s] [ 98%] [32mBuilding C object CMakeFiles/diagnostic_msgs__rosidl_typesupport_c__pyext.dir/rosidl_generator_py/diagnostic_msgs/_diagnostic_msgs_s.ep.rosidl_typesupport_c.c.o[0m
[10.743s] [ 98%] Built target diagnostic_msgs__rosidl_typesupport_fastrtps_c__pyext
[10.819s] [100%] [32m[1mLinking C shared library rosidl_generator_py/diagnostic_msgs/diagnostic_msgs_s__rosidl_typesupport_c.cpython-310-x86_64-linux-gnu.so[0m
[10.853s] [100%] Built target diagnostic_msgs__rosidl_typesupport_c__pyext
[10.865s] Invoked command in '/home/user/robo/sb-robot/microros_ws/build/diagnostic_msgs' returned '0': AMENT_PREFIX_PATH=/home/user/robo/sb-robot/microros_ws/install/geometry_msgs:/home/user/robo/sb-robot/microros_ws/install/std_msgs:${AMENT_PREFIX_PATH} CMAKE_PREFIX_PATH=/home/user/robo/sb-robot/microros_ws/install/geometry_msgs:/home/user/robo/sb-robot/microros_ws/install/std_msgs:/home/user/robo/sb-robot/microros_ws/install/builtin_interfaces:/home/user/robo/sb-robot/microros_ws/src/install/action_msgs:/home/user/robo/sb-robot/microros_ws/src/install/unique_identifier_msgs:/home/user/robo/sb-robot/microros_ws/src/install/std_srvs:/home/user/robo/sb-robot/microros_ws/src/install/statistics_msgs:/home/user/robo/sb-robot/microros_ws/src/install/rmw_microxrcedds:/home/user/robo/sb-robot/microros_ws/src/install/rosidl_typesupport_microxrcedds_cpp:/home/user/robo/sb-robot/microros_ws/src/install/rosidl_typesupport_microxrcedds_c:/home/user/robo/sb-robot/microros_ws/src/install/rosgraph_msgs:/home/user/robo/sb-robot/microros_ws/src/install/microxrcedds_client:/home/user/robo/sb-robot/microros_ws/src/install/microcdr:/home/user/robo/sb-robot/microros_ws/src/install/micro_ros_utilities:/home/user/robo/sb-robot/microros_ws/src/install/micro_ros_setup:/home/user/robo/sb-robot/microros_ws/src/install/micro_ros_msgs:/home/user/robo/sb-robot/microros_ws/src/install/lifecycle_msgs:/home/user/robo/sb-robot/microros_ws/src/install/complex_msgs:/home/user/robo/sb-robot/microros_ws/src/install/builtin_interfaces:/home/user/robo/sb-robot/microros_ws/install/micro_ros_setup:/home/user/robo/sb-robot/microros_ws/install/micro_ros_agent:/home/user/robo/sb-robot/microros_ws/install/micro_ros_msgs:/opt/ros/humble LD_LIBRARY_PATH=/home/user/robo/sb-robot/microros_ws/install/geometry_msgs/lib:/home/user/robo/sb-robot/microros_ws/install/std_msgs/lib:/home/user/robo/sb-robot/microros_ws/install/builtin_interfaces/lib:/home/user/robo/sb-robot/microros_ws/src/install/action_msgs/lib:/home/user/robo/sb-robot/microros_ws/src/install/unique_identifier_msgs/lib:/home/user/robo/sb-robot/microros_ws/src/install/std_srvs/lib:/home/user/robo/sb-robot/microros_ws/src/install/statistics_msgs/lib:/home/user/robo/sb-robot/microros_ws/src/install/rmw_microxrcedds/lib:/home/user/robo/sb-robot/microros_ws/src/install/rosidl_typesupport_microxrcedds_cpp/lib:/home/user/robo/sb-robot/microros_ws/src/install/rosidl_typesupport_microxrcedds_c/lib:/home/user/robo/sb-robot/microros_ws/src/install/rosgraph_msgs/lib:/home/user/robo/sb-robot/microros_ws/src/install/microxrcedds_client/lib:/home/user/robo/sb-robot/microros_ws/src/install/microcdr/lib:/home/user/robo/sb-robot/microros_ws/src/install/micro_ros_utilities/lib:/home/user/robo/sb-robot/microros_ws/src/install/micro_ros_msgs/lib:/home/user/robo/sb-robot/microros_ws/src/install/lifecycle_msgs/lib:/home/user/robo/sb-robot/microros_ws/src/install/complex_msgs/lib:/home/user/robo/sb-robot/microros_ws/src/install/builtin_interfaces/lib:/home/user/robo/sb-robot/microros_ws/install/micro_ros_agent/lib:/home/user/robo/sb-robot/microros_ws/install/micro_ros_msgs/lib:/usr/lib/x86_64-linux-gnu/gazebo-11/plugins:/opt/ros/humble/opt/rviz_ogre_vendor/lib:/opt/ros/humble/lib/x86_64-linux-gnu:/opt/ros/humble/lib PYTHONPATH=/home/user/robo/sb-robot/microros_ws/install/geometry_msgs/local/lib/python3.10/dist-packages:/home/user/robo/sb-robot/microros_ws/install/std_msgs/local/lib/python3.10/dist-packages:${PYTHONPATH} /usr/bin/cmake --build /home/user/robo/sb-robot/microros_ws/build/diagnostic_msgs -- -j20 -l20
[10.866s] Invoking command in '/home/user/robo/sb-robot/microros_ws/build/diagnostic_msgs': AMENT_PREFIX_PATH=/home/user/robo/sb-robot/microros_ws/install/geometry_msgs:/home/user/robo/sb-robot/microros_ws/install/std_msgs:${AMENT_PREFIX_PATH} CMAKE_PREFIX_PATH=/home/user/robo/sb-robot/microros_ws/install/geometry_msgs:/home/user/robo/sb-robot/microros_ws/install/std_msgs:/home/user/robo/sb-robot/microros_ws/install/builtin_interfaces:/home/user/robo/sb-robot/microros_ws/src/install/action_msgs:/home/user/robo/sb-robot/microros_ws/src/install/unique_identifier_msgs:/home/user/robo/sb-robot/microros_ws/src/install/std_srvs:/home/user/robo/sb-robot/microros_ws/src/install/statistics_msgs:/home/user/robo/sb-robot/microros_ws/src/install/rmw_microxrcedds:/home/user/robo/sb-robot/microros_ws/src/install/rosidl_typesupport_microxrcedds_cpp:/home/user/robo/sb-robot/microros_ws/src/install/rosidl_typesupport_microxrcedds_c:/home/user/robo/sb-robot/microros_ws/src/install/rosgraph_msgs:/home/user/robo/sb-robot/microros_ws/src/install/microxrcedds_client:/home/user/robo/sb-robot/microros_ws/src/install/microcdr:/home/user/robo/sb-robot/microros_ws/src/install/micro_ros_utilities:/home/user/robo/sb-robot/microros_ws/src/install/micro_ros_setup:/home/user/robo/sb-robot/microros_ws/src/install/micro_ros_msgs:/home/user/robo/sb-robot/microros_ws/src/install/lifecycle_msgs:/home/user/robo/sb-robot/microros_ws/src/install/complex_msgs:/home/user/robo/sb-robot/microros_ws/src/install/builtin_interfaces:/home/user/robo/sb-robot/microros_ws/install/micro_ros_setup:/home/user/robo/sb-robot/microros_ws/install/micro_ros_agent:/home/user/robo/sb-robot/microros_ws/install/micro_ros_msgs:/opt/ros/humble LD_LIBRARY_PATH=/home/user/robo/sb-robot/microros_ws/install/geometry_msgs/lib:/home/user/robo/sb-robot/microros_ws/install/std_msgs/lib:/home/user/robo/sb-robot/microros_ws/install/builtin_interfaces/lib:/home/user/robo/sb-robot/microros_ws/src/install/action_msgs/lib:/home/user/robo/sb-robot/microros_ws/src/install/unique_identifier_msgs/lib:/home/user/robo/sb-robot/microros_ws/src/install/std_srvs/lib:/home/user/robo/sb-robot/microros_ws/src/install/statistics_msgs/lib:/home/user/robo/sb-robot/microros_ws/src/install/rmw_microxrcedds/lib:/home/user/robo/sb-robot/microros_ws/src/install/rosidl_typesupport_microxrcedds_cpp/lib:/home/user/robo/sb-robot/microros_ws/src/install/rosidl_typesupport_microxrcedds_c/lib:/home/user/robo/sb-robot/microros_ws/src/install/rosgraph_msgs/lib:/home/user/robo/sb-robot/microros_ws/src/install/microxrcedds_client/lib:/home/user/robo/sb-robot/microros_ws/src/install/microcdr/lib:/home/user/robo/sb-robot/microros_ws/src/install/micro_ros_utilities/lib:/home/user/robo/sb-robot/microros_ws/src/install/micro_ros_msgs/lib:/home/user/robo/sb-robot/microros_ws/src/install/lifecycle_msgs/lib:/home/user/robo/sb-robot/microros_ws/src/install/complex_msgs/lib:/home/user/robo/sb-robot/microros_ws/src/install/builtin_interfaces/lib:/home/user/robo/sb-robot/microros_ws/install/micro_ros_agent/lib:/home/user/robo/sb-robot/microros_ws/install/micro_ros_msgs/lib:/usr/lib/x86_64-linux-gnu/gazebo-11/plugins:/opt/ros/humble/opt/rviz_ogre_vendor/lib:/opt/ros/humble/lib/x86_64-linux-gnu:/opt/ros/humble/lib PYTHONPATH=/home/user/robo/sb-robot/microros_ws/install/geometry_msgs/local/lib/python3.10/dist-packages:/home/user/robo/sb-robot/microros_ws/install/std_msgs/local/lib/python3.10/dist-packages:${PYTHONPATH} /usr/bin/cmake --install /home/user/robo/sb-robot/microros_ws/build/diagnostic_msgs
[10.873s] -- Install configuration: ""
[10.873s] -- Installing: /home/user/robo/sb-robot/microros_ws/install/diagnostic_msgs/share/ament_index/resource_index/rosidl_interfaces/diagnostic_msgs
[10.873s] -- Installing: /home/user/robo/sb-robot/microros_ws/install/diagnostic_msgs/include/diagnostic_msgs/diagnostic_msgs
[10.873s] -- Installing: /home/user/robo/sb-robot/microros_ws/install/diagnostic_msgs/include/diagnostic_msgs/diagnostic_msgs/srv
[10.873s] -- Installing: /home/user/robo/sb-robot/microros_ws/install/diagnostic_msgs/include/diagnostic_msgs/diagnostic_msgs/srv/self_test.h
[10.873s] -- Installing: /home/user/robo/sb-robot/microros_ws/install/diagnostic_msgs/include/diagnostic_msgs/diagnostic_msgs/srv/detail
[10.874s] -- Installing: /home/user/robo/sb-robot/microros_ws/install/diagnostic_msgs/include/diagnostic_msgs/diagnostic_msgs/srv/detail/self_test__functions.c
[10.874s] -- Installing: /home/user/robo/sb-robot/microros_ws/install/diagnostic_msgs/include/diagnostic_msgs/diagnostic_msgs/srv/detail/self_test__functions.h
[10.874s] -- Installing: /home/user/robo/sb-robot/microros_ws/install/diagnostic_msgs/include/diagnostic_msgs/diagnostic_msgs/srv/detail/self_test__type_support.h
[10.874s] -- Installing: /home/user/robo/sb-robot/microros_ws/install/diagnostic_msgs/include/diagnostic_msgs/diagnostic_msgs/srv/detail/add_diagnostics__type_support.h
[10.874s] -- Installing: /home/user/robo/sb-robot/microros_ws/install/diagnostic_msgs/include/diagnostic_msgs/diagnostic_msgs/srv/detail/add_diagnostics__struct.h
[10.874s] -- Installing: /home/user/robo/sb-robot/microros_ws/install/diagnostic_msgs/include/diagnostic_msgs/diagnostic_msgs/srv/detail/add_diagnostics__functions.h
[10.874s] -- Installing: /home/user/robo/sb-robot/microros_ws/install/diagnostic_msgs/include/diagnostic_msgs/diagnostic_msgs/srv/detail/add_diagnostics__functions.c
[10.874s] -- Installing: /home/user/robo/sb-robot/microros_ws/install/diagnostic_msgs/include/diagnostic_msgs/diagnostic_msgs/srv/detail/self_test__struct.h
[10.874s] -- Installing: /home/user/robo/sb-robot/microros_ws/install/diagnostic_msgs/include/diagnostic_msgs/diagnostic_msgs/srv/add_diagnostics.h
[10.874s] -- Installing: /home/user/robo/sb-robot/microros_ws/install/diagnostic_msgs/include/diagnostic_msgs/diagnostic_msgs/msg
[10.875s] -- Installing: /home/user/robo/sb-robot/microros_ws/install/diagnostic_msgs/include/diagnostic_msgs/diagnostic_msgs/msg/detail
[10.875s] -- Installing: /home/user/robo/sb-robot/microros_ws/install/diagnostic_msgs/include/diagnostic_msgs/diagnostic_msgs/msg/detail/key_value__struct.h
[10.875s] -- Installing: /home/user/robo/sb-robot/microros_ws/install/diagnostic_msgs/include/diagnostic_msgs/diagnostic_msgs/msg/detail/diagnostic_status__type_support.h
[10.875s] -- Installing: /home/user/robo/sb-robot/microros_ws/install/diagnostic_msgs/include/diagnostic_msgs/diagnostic_msgs/msg/detail/key_value__type_support.h
[10.875s] -- Installing: /home/user/robo/sb-robot/microros_ws/install/diagnostic_msgs/include/diagnostic_msgs/diagnostic_msgs/msg/detail/diagnostic_array__struct.h
[10.875s] -- Installing: /home/user/robo/sb-robot/microros_ws/install/diagnostic_msgs/include/diagnostic_msgs/diagnostic_msgs/msg/detail/diagnostic_array__type_support.h
[10.875s] -- Installing: /home/user/robo/sb-robot/microros_ws/install/diagnostic_msgs/include/diagnostic_msgs/diagnostic_msgs/msg/detail/key_value__functions.h
[10.875s] -- Installing: /home/user/robo/sb-robot/microros_ws/install/diagnostic_msgs/include/diagnostic_msgs/diagnostic_msgs/msg/detail/diagnostic_status__struct.h
[10.875s] -- Installing: /home/user/robo/sb-robot/microros_ws/install/diagnostic_msgs/include/diagnostic_msgs/diagnostic_msgs/msg/detail/key_value__functions.c
[10.875s] -- Installing: /home/user/robo/sb-robot/microros_ws/install/diagnostic_msgs/include/diagnostic_msgs/diagnostic_msgs/msg/detail/diagnostic_array__functions.h
[10.875s] -- Installing: /home/user/robo/sb-robot/microros_ws/install/diagnostic_msgs/include/diagnostic_msgs/diagnostic_msgs/msg/detail/diagnostic_status__functions.h
[10.876s] -- Installing: /home/user/robo/sb-robot/microros_ws/install/diagnostic_msgs/include/diagnostic_msgs/diagnostic_msgs/msg/detail/diagnostic_status__functions.c
[10.876s] -- Installing: /home/user/robo/sb-robot/microros_ws/install/diagnostic_msgs/include/diagnostic_msgs/diagnostic_msgs/msg/detail/diagnostic_array__functions.c
[10.876s] -- Installing: /home/user/robo/sb-robot/microros_ws/install/diagnostic_msgs/include/diagnostic_msgs/diagnostic_msgs/msg/rosidl_generator_c__visibility_control.h
[10.876s] -- Installing: /home/user/robo/sb-robot/microros_ws/install/diagnostic_msgs/include/diagnostic_msgs/diagnostic_msgs/msg/diagnostic_status.h
[10.876s] -- Installing: /home/user/robo/sb-robot/microros_ws/install/diagnostic_msgs/include/diagnostic_msgs/diagnostic_msgs/msg/key_value.h
[10.876s] -- Installing: /home/user/robo/sb-robot/microros_ws/install/diagnostic_msgs/include/diagnostic_msgs/diagnostic_msgs/msg/diagnostic_array.h
[10.876s] -- Installing: /home/user/robo/sb-robot/microros_ws/install/diagnostic_msgs/share/diagnostic_msgs/environment/library_path.sh
[10.876s] -- Installing: /home/user/robo/sb-robot/microros_ws/install/diagnostic_msgs/share/diagnostic_msgs/environment/library_path.dsv
[10.876s] -- Installing: /home/user/robo/sb-robot/microros_ws/install/diagnostic_msgs/lib/libdiagnostic_msgs__rosidl_generator_c.so
[10.876s] -- Set runtime path of "/home/user/robo/sb-robot/microros_ws/install/diagnostic_msgs/lib/libdiagnostic_msgs__rosidl_generator_c.so" to ""
[10.876s] -- Up-to-date: /home/user/robo/sb-robot/microros_ws/install/diagnostic_msgs/include/diagnostic_msgs
[10.877s] -- Installing: /home/user/robo/sb-robot/microros_ws/install/diagnostic_msgs/include/diagnostic_msgs/srv
[10.877s] -- Installing: /home/user/robo/sb-robot/microros_ws/install/diagnostic_msgs/include/diagnostic_msgs/srv/detail
[10.877s] -- Installing: /home/user/robo/sb-robot/microros_ws/install/diagnostic_msgs/include/diagnostic_msgs/srv/detail/microxrcedds
[10.877s] -- Installing: /home/user/robo/sb-robot/microros_ws/install/diagnostic_msgs/include/diagnostic_msgs/srv/detail/self_test__rosidl_typesupport_microxrcedds_c.h
[10.877s] -- Installing: /home/user/robo/sb-robot/microros_ws/install/diagnostic_msgs/include/diagnostic_msgs/srv/detail/add_diagnostics__rosidl_typesupport_microxrcedds_c.h
[10.877s] -- Installing: /home/user/robo/sb-robot/microros_ws/install/diagnostic_msgs/include/diagnostic_msgs/msg
[10.877s] -- Installing: /home/user/robo/sb-robot/microros_ws/install/diagnostic_msgs/include/diagnostic_msgs/msg/rosidl_typesupport_microxrcedds_c__visibility_control.h
[10.877s] -- Installing: /home/user/robo/sb-robot/microros_ws/install/diagnostic_msgs/include/diagnostic_msgs/msg/detail
[10.877s] -- Installing: /home/user/robo/sb-robot/microros_ws/install/diagnostic_msgs/include/diagnostic_msgs/msg/detail/microxrcedds
[10.877s] -- Installing: /home/user/robo/sb-robot/microros_ws/install/diagnostic_msgs/include/diagnostic_msgs/msg/detail/key_value__rosidl_typesupport_microxrcedds_c.h
[10.877s] -- Installing: /home/user/robo/sb-robot/microros_ws/install/diagnostic_msgs/include/diagnostic_msgs/msg/detail/diagnostic_array__rosidl_typesupport_microxrcedds_c.h
[10.878s] -- Installing: /home/user/robo/sb-robot/microros_ws/install/diagnostic_msgs/include/diagnostic_msgs/msg/detail/diagnostic_status__rosidl_typesupport_microxrcedds_c.h
[10.878s] -- Installing: /home/user/robo/sb-robot/microros_ws/install/diagnostic_msgs/lib/libdiagnostic_msgs__rosidl_typesupport_microxrcedds_c.so
[10.878s] -- Set runtime path of "/home/user/robo/sb-robot/microros_ws/install/diagnostic_msgs/lib/libdiagnostic_msgs__rosidl_typesupport_microxrcedds_c.so" to ""
[10.878s] -- Up-to-date: /home/user/robo/sb-robot/microros_ws/install/diagnostic_msgs/include/diagnostic_msgs/diagnostic_msgs
[10.878s] -- Up-to-date: /home/user/robo/sb-robot/microros_ws/install/diagnostic_msgs/include/diagnostic_msgs/diagnostic_msgs/srv
[10.878s] -- Up-to-date: /home/user/robo/sb-robot/microros_ws/install/diagnostic_msgs/include/diagnostic_msgs/diagnostic_msgs/srv/detail
[10.878s] -- Installing: /home/user/robo/sb-robot/microros_ws/install/diagnostic_msgs/include/diagnostic_msgs/diagnostic_msgs/srv/detail/add_diagnostics__rosidl_typesupport_fastrtps_c.h
[10.878s] -- Installing: /home/user/robo/sb-robot/microros_ws/install/diagnostic_msgs/include/diagnostic_msgs/diagnostic_msgs/srv/detail/self_test__rosidl_typesupport_fastrtps_c.h
[10.878s] -- Up-to-date: /home/user/robo/sb-robot/microros_ws/install/diagnostic_msgs/include/diagnostic_msgs/diagnostic_msgs/msg
[10.878s] -- Up-to-date: /home/user/robo/sb-robot/microros_ws/install/diagnostic_msgs/include/diagnostic_msgs/diagnostic_msgs/msg/detail
[10.878s] -- Installing: /home/user/robo/sb-robot/microros_ws/install/diagnostic_msgs/include/diagnostic_msgs/diagnostic_msgs/msg/detail/diagnostic_array__rosidl_typesupport_fastrtps_c.h
[10.879s] -- Installing: /home/user/robo/sb-robot/microros_ws/install/diagnostic_msgs/include/diagnostic_msgs/diagnostic_msgs/msg/detail/key_value__rosidl_typesupport_fastrtps_c.h
[10.879s] -- Installing: /home/user/robo/sb-robot/microros_ws/install/diagnostic_msgs/include/diagnostic_msgs/diagnostic_msgs/msg/detail/diagnostic_status__rosidl_typesupport_fastrtps_c.h
[10.879s] -- Installing: /home/user/robo/sb-robot/microros_ws/install/diagnostic_msgs/include/diagnostic_msgs/diagnostic_msgs/msg/rosidl_typesupport_fastrtps_c__visibility_control.h
[10.879s] -- Installing: /home/user/robo/sb-robot/microros_ws/install/diagnostic_msgs/lib/libdiagnostic_msgs__rosidl_typesupport_fastrtps_c.so
[10.879s] -- Set runtime path of "/home/user/robo/sb-robot/microros_ws/install/diagnostic_msgs/lib/libdiagnostic_msgs__rosidl_typesupport_fastrtps_c.so" to ""
[10.879s] -- Up-to-date: /home/user/robo/sb-robot/microros_ws/install/diagnostic_msgs/include/diagnostic_msgs/diagnostic_msgs
[10.879s] -- Up-to-date: /home/user/robo/sb-robot/microros_ws/install/diagnostic_msgs/include/diagnostic_msgs/diagnostic_msgs/srv
[10.879s] -- Up-to-date: /home/user/robo/sb-robot/microros_ws/install/diagnostic_msgs/include/diagnostic_msgs/diagnostic_msgs/srv/detail
[10.879s] -- Installing: /home/user/robo/sb-robot/microros_ws/install/diagnostic_msgs/include/diagnostic_msgs/diagnostic_msgs/srv/detail/self_test__type_support.c
[10.879s] -- Installing: /home/user/robo/sb-robot/microros_ws/install/diagnostic_msgs/include/diagnostic_msgs/diagnostic_msgs/srv/detail/add_diagnostics__type_support.c
[10.880s] -- Installing: /home/user/robo/sb-robot/microros_ws/install/diagnostic_msgs/include/diagnostic_msgs/diagnostic_msgs/srv/detail/add_diagnostics__rosidl_typesupport_introspection_c.h
[10.880s] -- Installing: /home/user/robo/sb-robot/microros_ws/install/diagnostic_msgs/include/diagnostic_msgs/diagnostic_msgs/srv/detail/self_test__rosidl_typesupport_introspection_c.h
[10.880s] -- Up-to-date: /home/user/robo/sb-robot/microros_ws/install/diagnostic_msgs/include/diagnostic_msgs/diagnostic_msgs/msg
[10.880s] -- Up-to-date: /home/user/robo/sb-robot/microros_ws/install/diagnostic_msgs/include/diagnostic_msgs/diagnostic_msgs/msg/detail
[10.880s] -- Installing: /home/user/robo/sb-robot/microros_ws/install/diagnostic_msgs/include/diagnostic_msgs/diagnostic_msgs/msg/detail/key_value__type_support.c
[10.880s] -- Installing: /home/user/robo/sb-robot/microros_ws/install/diagnostic_msgs/include/diagnostic_msgs/diagnostic_msgs/msg/detail/key_value__rosidl_typesupport_introspection_c.h
[10.880s] -- Installing: /home/user/robo/sb-robot/microros_ws/install/diagnostic_msgs/include/diagnostic_msgs/diagnostic_msgs/msg/detail/diagnostic_array__type_support.c
[10.880s] -- Installing: /home/user/robo/sb-robot/microros_ws/install/diagnostic_msgs/include/diagnostic_msgs/diagnostic_msgs/msg/detail/diagnostic_status__rosidl_typesupport_introspection_c.h
[10.880s] -- Installing: /home/user/robo/sb-robot/microros_ws/install/diagnostic_msgs/include/diagnostic_msgs/diagnostic_msgs/msg/detail/diagnostic_status__type_support.c
[10.880s] -- Installing: /home/user/robo/sb-robot/microros_ws/install/diagnostic_msgs/include/diagnostic_msgs/diagnostic_msgs/msg/detail/diagnostic_array__rosidl_typesupport_introspection_c.h
[10.881s] -- Installing: /home/user/robo/sb-robot/microros_ws/install/diagnostic_msgs/include/diagnostic_msgs/diagnostic_msgs/msg/rosidl_typesupport_introspection_c__visibility_control.h
[10.881s] -- Installing: /home/user/robo/sb-robot/microros_ws/install/diagnostic_msgs/lib/libdiagnostic_msgs__rosidl_typesupport_introspection_c.so
[10.881s] -- Set runtime path of "/home/user/robo/sb-robot/microros_ws/install/diagnostic_msgs/lib/libdiagnostic_msgs__rosidl_typesupport_introspection_c.so" to ""
[10.881s] -- Installing: /home/user/robo/sb-robot/microros_ws/install/diagnostic_msgs/lib/libdiagnostic_msgs__rosidl_typesupport_c.so
[10.881s] -- Set runtime path of "/home/user/robo/sb-robot/microros_ws/install/diagnostic_msgs/lib/libdiagnostic_msgs__rosidl_typesupport_c.so" to ""
[10.881s] -- Up-to-date: /home/user/robo/sb-robot/microros_ws/install/diagnostic_msgs/include/diagnostic_msgs/diagnostic_msgs
[10.881s] -- Up-to-date: /home/user/robo/sb-robot/microros_ws/install/diagnostic_msgs/include/diagnostic_msgs/diagnostic_msgs/srv
[10.882s] -- Installing: /home/user/robo/sb-robot/microros_ws/install/diagnostic_msgs/include/diagnostic_msgs/diagnostic_msgs/srv/self_test.hpp
[10.882s] -- Installing: /home/user/robo/sb-robot/microros_ws/install/diagnostic_msgs/include/diagnostic_msgs/diagnostic_msgs/srv/add_diagnostics.hpp
[10.882s] -- Up-to-date: /home/user/robo/sb-robot/microros_ws/install/diagnostic_msgs/include/diagnostic_msgs/diagnostic_msgs/srv/detail
[10.882s] -- Installing: /home/user/robo/sb-robot/microros_ws/install/diagnostic_msgs/include/diagnostic_msgs/diagnostic_msgs/srv/detail/add_diagnostics__builder.hpp
[10.882s] -- Installing: /home/user/robo/sb-robot/microros_ws/install/diagnostic_msgs/include/diagnostic_msgs/diagnostic_msgs/srv/detail/self_test__builder.hpp
[10.882s] -- Installing: /home/user/robo/sb-robot/microros_ws/install/diagnostic_msgs/include/diagnostic_msgs/diagnostic_msgs/srv/detail/self_test__struct.hpp
[10.882s] -- Installing: /home/user/robo/sb-robot/microros_ws/install/diagnostic_msgs/include/diagnostic_msgs/diagnostic_msgs/srv/detail/self_test__traits.hpp
[10.882s] -- Installing: /home/user/robo/sb-robot/microros_ws/install/diagnostic_msgs/include/diagnostic_msgs/diagnostic_msgs/srv/detail/add_diagnostics__struct.hpp
[10.882s] -- Installing: /home/user/robo/sb-robot/microros_ws/install/diagnostic_msgs/include/diagnostic_msgs/diagnostic_msgs/srv/detail/add_diagnostics__traits.hpp
[10.882s] -- Installing: /home/user/robo/sb-robot/microros_ws/install/diagnostic_msgs/include/diagnostic_msgs/diagnostic_msgs/srv/detail/self_test__type_support.hpp
[10.883s] -- Installing: /home/user/robo/sb-robot/microros_ws/install/diagnostic_msgs/include/diagnostic_msgs/diagnostic_msgs/srv/detail/add_diagnostics__type_support.hpp
[10.883s] -- Up-to-date: /home/user/robo/sb-robot/microros_ws/install/diagnostic_msgs/include/diagnostic_msgs/diagnostic_msgs/msg
[10.883s] -- Installing: /home/user/robo/sb-robot/microros_ws/install/diagnostic_msgs/include/diagnostic_msgs/diagnostic_msgs/msg/key_value.hpp
[10.883s] -- Installing: /home/user/robo/sb-robot/microros_ws/install/diagnostic_msgs/include/diagnostic_msgs/diagnostic_msgs/msg/diagnostic_status.hpp
[10.883s] -- Installing: /home/user/robo/sb-robot/microros_ws/install/diagnostic_msgs/include/diagnostic_msgs/diagnostic_msgs/msg/rosidl_generator_cpp__visibility_control.hpp
[10.883s] -- Installing: /home/user/robo/sb-robot/microros_ws/install/diagnostic_msgs/include/diagnostic_msgs/diagnostic_msgs/msg/diagnostic_array.hpp
[10.883s] -- Up-to-date: /home/user/robo/sb-robot/microros_ws/install/diagnostic_msgs/include/diagnostic_msgs/diagnostic_msgs/msg/detail
[10.883s] -- Installing: /home/user/robo/sb-robot/microros_ws/install/diagnostic_msgs/include/diagnostic_msgs/diagnostic_msgs/msg/detail/diagnostic_array__struct.hpp
[10.883s] -- Installing: /home/user/robo/sb-robot/microros_ws/install/diagnostic_msgs/include/diagnostic_msgs/diagnostic_msgs/msg/detail/diagnostic_array__traits.hpp
[10.883s] -- Installing: /home/user/robo/sb-robot/microros_ws/install/diagnostic_msgs/include/diagnostic_msgs/diagnostic_msgs/msg/detail/diagnostic_status__type_support.hpp
[10.884s] -- Installing: /home/user/robo/sb-robot/microros_ws/install/diagnostic_msgs/include/diagnostic_msgs/diagnostic_msgs/msg/detail/diagnostic_status__builder.hpp
[10.884s] -- Installing: /home/user/robo/sb-robot/microros_ws/install/diagnostic_msgs/include/diagnostic_msgs/diagnostic_msgs/msg/detail/diagnostic_status__struct.hpp
[10.884s] -- Installing: /home/user/robo/sb-robot/microros_ws/install/diagnostic_msgs/include/diagnostic_msgs/diagnostic_msgs/msg/detail/diagnostic_array__type_support.hpp
[10.884s] -- Installing: /home/user/robo/sb-robot/microros_ws/install/diagnostic_msgs/include/diagnostic_msgs/diagnostic_msgs/msg/detail/key_value__builder.hpp
[10.884s] -- Installing: /home/user/robo/sb-robot/microros_ws/install/diagnostic_msgs/include/diagnostic_msgs/diagnostic_msgs/msg/detail/diagnostic_array__builder.hpp
[10.884s] -- Installing: /home/user/robo/sb-robot/microros_ws/install/diagnostic_msgs/include/diagnostic_msgs/diagnostic_msgs/msg/detail/key_value__type_support.hpp
[10.884s] -- Installing: /home/user/robo/sb-robot/microros_ws/install/diagnostic_msgs/include/diagnostic_msgs/diagnostic_msgs/msg/detail/diagnostic_status__traits.hpp
[10.884s] -- Installing: /home/user/robo/sb-robot/microros_ws/install/diagnostic_msgs/include/diagnostic_msgs/diagnostic_msgs/msg/detail/key_value__traits.hpp
[10.884s] -- Installing: /home/user/robo/sb-robot/microros_ws/install/diagnostic_msgs/include/diagnostic_msgs/diagnostic_msgs/msg/detail/key_value__struct.hpp
[10.884s] -- Up-to-date: /home/user/robo/sb-robot/microros_ws/install/diagnostic_msgs/include/diagnostic_msgs
[10.884s] -- Up-to-date: /home/user/robo/sb-robot/microros_ws/install/diagnostic_msgs/include/diagnostic_msgs/srv
[10.885s] -- Up-to-date: /home/user/robo/sb-robot/microros_ws/install/diagnostic_msgs/include/diagnostic_msgs/srv/detail
[10.885s] -- Up-to-date: /home/user/robo/sb-robot/microros_ws/install/diagnostic_msgs/include/diagnostic_msgs/srv/detail/microxrcedds
[10.885s] -- Installing: /home/user/robo/sb-robot/microros_ws/install/diagnostic_msgs/include/diagnostic_msgs/srv/detail/microxrcedds/self_test__type_support_cpp.cpp
[10.885s] -- Installing: /home/user/robo/sb-robot/microros_ws/install/diagnostic_msgs/include/diagnostic_msgs/srv/detail/microxrcedds/add_diagnostics__type_support_cpp.cpp
[10.885s] -- Installing: /home/user/robo/sb-robot/microros_ws/install/diagnostic_msgs/include/diagnostic_msgs/srv/detail/add_diagnostics__rosidl_typesupport_microxrcedds_cpp.hpp
[10.885s] -- Installing: /home/user/robo/sb-robot/microros_ws/install/diagnostic_msgs/include/diagnostic_msgs/srv/detail/self_test__rosidl_typesupport_microxrcedds_cpp.hpp
[10.885s] -- Up-to-date: /home/user/robo/sb-robot/microros_ws/install/diagnostic_msgs/include/diagnostic_msgs/msg
[10.885s] -- Up-to-date: /home/user/robo/sb-robot/microros_ws/install/diagnostic_msgs/include/diagnostic_msgs/msg/detail
[10.885s] -- Up-to-date: /home/user/robo/sb-robot/microros_ws/install/diagnostic_msgs/include/diagnostic_msgs/msg/detail/microxrcedds
[10.885s] -- Installing: /home/user/robo/sb-robot/microros_ws/install/diagnostic_msgs/include/diagnostic_msgs/msg/detail/microxrcedds/diagnostic_array__type_support_cpp.cpp
[10.885s] -- Installing: /home/user/robo/sb-robot/microros_ws/install/diagnostic_msgs/include/diagnostic_msgs/msg/detail/microxrcedds/key_value__type_support_cpp.cpp
[10.885s] -- Installing: /home/user/robo/sb-robot/microros_ws/install/diagnostic_msgs/include/diagnostic_msgs/msg/detail/microxrcedds/diagnostic_status__type_support_cpp.cpp
[10.885s] -- Installing: /home/user/robo/sb-robot/microros_ws/install/diagnostic_msgs/include/diagnostic_msgs/msg/detail/diagnostic_array__rosidl_typesupport_microxrcedds_cpp.hpp
[10.885s] -- Installing: /home/user/robo/sb-robot/microros_ws/install/diagnostic_msgs/include/diagnostic_msgs/msg/detail/diagnostic_status__rosidl_typesupport_microxrcedds_cpp.hpp
[10.886s] -- Installing: /home/user/robo/sb-robot/microros_ws/install/diagnostic_msgs/include/diagnostic_msgs/msg/detail/key_value__rosidl_typesupport_microxrcedds_cpp.hpp
[10.886s] -- Installing: /home/user/robo/sb-robot/microros_ws/install/diagnostic_msgs/include/diagnostic_msgs/msg/rosidl_typesupport_microxrcedds_cpp__visibility_control.h
[10.886s] -- Installing: /home/user/robo/sb-robot/microros_ws/install/diagnostic_msgs/lib/libdiagnostic_msgs__rosidl_typesupport_microxrcedds_cpp.so
[10.886s] -- Set runtime path of "/home/user/robo/sb-robot/microros_ws/install/diagnostic_msgs/lib/libdiagnostic_msgs__rosidl_typesupport_microxrcedds_cpp.so" to ""
[10.887s] -- Up-to-date: /home/user/robo/sb-robot/microros_ws/install/diagnostic_msgs/include/diagnostic_msgs/diagnostic_msgs
[10.887s] -- Up-to-date: /home/user/robo/sb-robot/microros_ws/install/diagnostic_msgs/include/diagnostic_msgs/diagnostic_msgs/srv
[10.887s] -- Up-to-date: /home/user/robo/sb-robot/microros_ws/install/diagnostic_msgs/include/diagnostic_msgs/diagnostic_msgs/srv/detail
[10.887s] -- Installing: /home/user/robo/sb-robot/microros_ws/install/diagnostic_msgs/include/diagnostic_msgs/diagnostic_msgs/srv/detail/self_test__rosidl_typesupport_fastrtps_cpp.hpp
[10.887s] -- Installing: /home/user/robo/sb-robot/microros_ws/install/diagnostic_msgs/include/diagnostic_msgs/diagnostic_msgs/srv/detail/dds_fastrtps
[10.887s] -- Installing: /home/user/robo/sb-robot/microros_ws/install/diagnostic_msgs/include/diagnostic_msgs/diagnostic_msgs/srv/detail/add_diagnostics__rosidl_typesupport_fastrtps_cpp.hpp
[10.887s] -- Up-to-date: /home/user/robo/sb-robot/microros_ws/install/diagnostic_msgs/include/diagnostic_msgs/diagnostic_msgs/msg
[10.887s] -- Installing: /home/user/robo/sb-robot/microros_ws/install/diagnostic_msgs/include/diagnostic_msgs/diagnostic_msgs/msg/rosidl_typesupport_fastrtps_cpp__visibility_control.h
[10.887s] -- Up-to-date: /home/user/robo/sb-robot/microros_ws/install/diagnostic_msgs/include/diagnostic_msgs/diagnostic_msgs/msg/detail
[10.887s] -- Installing: /home/user/robo/sb-robot/microros_ws/install/diagnostic_msgs/include/diagnostic_msgs/diagnostic_msgs/msg/detail/key_value__rosidl_typesupport_fastrtps_cpp.hpp
[10.887s] -- Installing: /home/user/robo/sb-robot/microros_ws/install/diagnostic_msgs/include/diagnostic_msgs/diagnostic_msgs/msg/detail/diagnostic_status__rosidl_typesupport_fastrtps_cpp.hpp
[10.887s] -- Installing: /home/user/robo/sb-robot/microros_ws/install/diagnostic_msgs/include/diagnostic_msgs/diagnostic_msgs/msg/detail/diagnostic_array__rosidl_typesupport_fastrtps_cpp.hpp
[10.887s] -- Installing: /home/user/robo/sb-robot/microros_ws/install/diagnostic_msgs/include/diagnostic_msgs/diagnostic_msgs/msg/detail/dds_fastrtps
[10.887s] -- Installing: /home/user/robo/sb-robot/microros_ws/install/diagnostic_msgs/lib/libdiagnostic_msgs__rosidl_typesupport_fastrtps_cpp.so
[10.888s] -- Set runtime path of "/home/user/robo/sb-robot/microros_ws/install/diagnostic_msgs/lib/libdiagnostic_msgs__rosidl_typesupport_fastrtps_cpp.so" to ""
[10.888s] -- Up-to-date: /home/user/robo/sb-robot/microros_ws/install/diagnostic_msgs/include/diagnostic_msgs/diagnostic_msgs
[10.888s] -- Up-to-date: /home/user/robo/sb-robot/microros_ws/install/diagnostic_msgs/include/diagnostic_msgs/diagnostic_msgs/srv
[10.888s] -- Up-to-date: /home/user/robo/sb-robot/microros_ws/install/diagnostic_msgs/include/diagnostic_msgs/diagnostic_msgs/srv/detail
[10.888s] -- Installing: /home/user/robo/sb-robot/microros_ws/install/diagnostic_msgs/include/diagnostic_msgs/diagnostic_msgs/srv/detail/self_test__type_support.cpp
[10.888s] -- Installing: /home/user/robo/sb-robot/microros_ws/install/diagnostic_msgs/include/diagnostic_msgs/diagnostic_msgs/srv/detail/self_test__rosidl_typesupport_introspection_cpp.hpp
[10.888s] -- Installing: /home/user/robo/sb-robot/microros_ws/install/diagnostic_msgs/include/diagnostic_msgs/diagnostic_msgs/srv/detail/add_diagnostics__rosidl_typesupport_introspection_cpp.hpp
[10.889s] -- Installing: /home/user/robo/sb-robot/microros_ws/install/diagnostic_msgs/include/diagnostic_msgs/diagnostic_msgs/srv/detail/add_diagnostics__type_support.cpp
[10.889s] -- Up-to-date: /home/user/robo/sb-robot/microros_ws/install/diagnostic_msgs/include/diagnostic_msgs/diagnostic_msgs/msg
[10.889s] -- Up-to-date: /home/user/robo/sb-robot/microros_ws/install/diagnostic_msgs/include/diagnostic_msgs/diagnostic_msgs/msg/detail
[10.889s] -- Installing: /home/user/robo/sb-robot/microros_ws/install/diagnostic_msgs/include/diagnostic_msgs/diagnostic_msgs/msg/detail/key_value__type_support.cpp
[10.889s] -- Installing: /home/user/robo/sb-robot/microros_ws/install/diagnostic_msgs/include/diagnostic_msgs/diagnostic_msgs/msg/detail/diagnostic_status__rosidl_typesupport_introspection_cpp.hpp
[10.889s] -- Installing: /home/user/robo/sb-robot/microros_ws/install/diagnostic_msgs/include/diagnostic_msgs/diagnostic_msgs/msg/detail/key_value__rosidl_typesupport_introspection_cpp.hpp
[10.889s] -- Installing: /home/user/robo/sb-robot/microros_ws/install/diagnostic_msgs/include/diagnostic_msgs/diagnostic_msgs/msg/detail/diagnostic_status__type_support.cpp
[10.889s] -- Installing: /home/user/robo/sb-robot/microros_ws/install/diagnostic_msgs/include/diagnostic_msgs/diagnostic_msgs/msg/detail/diagnostic_array__type_support.cpp
[10.889s] -- Installing: /home/user/robo/sb-robot/microros_ws/install/diagnostic_msgs/include/diagnostic_msgs/diagnostic_msgs/msg/detail/diagnostic_array__rosidl_typesupport_introspection_cpp.hpp
[10.889s] -- Installing: /home/user/robo/sb-robot/microros_ws/install/diagnostic_msgs/lib/libdiagnostic_msgs__rosidl_typesupport_introspection_cpp.so
[10.890s] -- Set runtime path of "/home/user/robo/sb-robot/microros_ws/install/diagnostic_msgs/lib/libdiagnostic_msgs__rosidl_typesupport_introspection_cpp.so" to ""
[10.890s] -- Installing: /home/user/robo/sb-robot/microros_ws/install/diagnostic_msgs/lib/libdiagnostic_msgs__rosidl_typesupport_cpp.so
[10.890s] -- Set runtime path of "/home/user/robo/sb-robot/microros_ws/install/diagnostic_msgs/lib/libdiagnostic_msgs__rosidl_typesupport_cpp.so" to ""
[10.891s] -- Installing: /home/user/robo/sb-robot/microros_ws/install/diagnostic_msgs/share/diagnostic_msgs/environment/pythonpath.sh
[10.891s] -- Installing: /home/user/robo/sb-robot/microros_ws/install/diagnostic_msgs/share/diagnostic_msgs/environment/pythonpath.dsv
[10.891s] -- Installing: /home/user/robo/sb-robot/microros_ws/install/diagnostic_msgs/local/lib/python3.10/dist-packages/diagnostic_msgs-4.2.4-py3.10.egg-info
[10.891s] -- Installing: /home/user/robo/sb-robot/microros_ws/install/diagnostic_msgs/local/lib/python3.10/dist-packages/diagnostic_msgs-4.2.4-py3.10.egg-info/top_level.txt
[10.891s] -- Installing: /home/user/robo/sb-robot/microros_ws/install/diagnostic_msgs/local/lib/python3.10/dist-packages/diagnostic_msgs-4.2.4-py3.10.egg-info/dependency_links.txt
[10.891s] -- Installing: /home/user/robo/sb-robot/microros_ws/install/diagnostic_msgs/local/lib/python3.10/dist-packages/diagnostic_msgs-4.2.4-py3.10.egg-info/PKG-INFO
[10.891s] -- Installing: /home/user/robo/sb-robot/microros_ws/install/diagnostic_msgs/local/lib/python3.10/dist-packages/diagnostic_msgs-4.2.4-py3.10.egg-info/SOURCES.txt
[10.891s] -- Installing: /home/user/robo/sb-robot/microros_ws/install/diagnostic_msgs/local/lib/python3.10/dist-packages/diagnostic_msgs
[10.891s] -- Installing: /home/user/robo/sb-robot/microros_ws/install/diagnostic_msgs/local/lib/python3.10/dist-packages/diagnostic_msgs/diagnostic_msgs_s__rosidl_typesupport_microxrcedds_c.cpython-310-x86_64-linux-gnu.so
[10.892s] -- Installing: /home/user/robo/sb-robot/microros_ws/install/diagnostic_msgs/local/lib/python3.10/dist-packages/diagnostic_msgs/diagnostic_msgs_s__rosidl_typesupport_fastrtps_c.cpython-310-x86_64-linux-gnu.so
[10.892s] -- Installing: /home/user/robo/sb-robot/microros_ws/install/diagnostic_msgs/local/lib/python3.10/dist-packages/diagnostic_msgs/_diagnostic_msgs_s.ep.rosidl_typesupport_c.c
[10.892s] -- Installing: /home/user/robo/sb-robot/microros_ws/install/diagnostic_msgs/local/lib/python3.10/dist-packages/diagnostic_msgs/srv
[10.892s] -- Installing: /home/user/robo/sb-robot/microros_ws/install/diagnostic_msgs/local/lib/python3.10/dist-packages/diagnostic_msgs/srv/_add_diagnostics.py
[10.892s] -- Installing: /home/user/robo/sb-robot/microros_ws/install/diagnostic_msgs/local/lib/python3.10/dist-packages/diagnostic_msgs/srv/_self_test_s.c
[10.892s] -- Installing: /home/user/robo/sb-robot/microros_ws/install/diagnostic_msgs/local/lib/python3.10/dist-packages/diagnostic_msgs/srv/__init__.py
[10.892s] -- Installing: /home/user/robo/sb-robot/microros_ws/install/diagnostic_msgs/local/lib/python3.10/dist-packages/diagnostic_msgs/srv/_add_diagnostics_s.c
[10.892s] -- Installing: /home/user/robo/sb-robot/microros_ws/install/diagnostic_msgs/local/lib/python3.10/dist-packages/diagnostic_msgs/srv/_self_test.py
[10.893s] -- Installing: /home/user/robo/sb-robot/microros_ws/install/diagnostic_msgs/local/lib/python3.10/dist-packages/diagnostic_msgs/libdiagnostic_msgs__rosidl_generator_py.so
[10.893s] -- Installing: /home/user/robo/sb-robot/microros_ws/install/diagnostic_msgs/local/lib/python3.10/dist-packages/diagnostic_msgs/__init__.py
[10.893s] -- Installing: /home/user/robo/sb-robot/microros_ws/install/diagnostic_msgs/local/lib/python3.10/dist-packages/diagnostic_msgs/diagnostic_msgs_s__rosidl_typesupport_c.cpython-310-x86_64-linux-gnu.so
[10.893s] -- Installing: /home/user/robo/sb-robot/microros_ws/install/diagnostic_msgs/local/lib/python3.10/dist-packages/diagnostic_msgs/_diagnostic_msgs_s.ep.rosidl_typesupport_introspection_c.c
[10.893s] -- Installing: /home/user/robo/sb-robot/microros_ws/install/diagnostic_msgs/local/lib/python3.10/dist-packages/diagnostic_msgs/diagnostic_msgs_s__rosidl_typesupport_introspection_c.cpython-310-x86_64-linux-gnu.so
[10.895s] -- Installing: /home/user/robo/sb-robot/microros_ws/install/diagnostic_msgs/local/lib/python3.10/dist-packages/diagnostic_msgs/_diagnostic_msgs_s.ep.rosidl_typesupport_microxrcedds_c.c
[10.895s] -- Installing: /home/user/robo/sb-robot/microros_ws/install/diagnostic_msgs/local/lib/python3.10/dist-packages/diagnostic_msgs/msg
[10.895s] -- Installing: /home/user/robo/sb-robot/microros_ws/install/diagnostic_msgs/local/lib/python3.10/dist-packages/diagnostic_msgs/msg/_key_value_s.c
[10.895s] -- Installing: /home/user/robo/sb-robot/microros_ws/install/diagnostic_msgs/local/lib/python3.10/dist-packages/diagnostic_msgs/msg/_diagnostic_status.py
[10.895s] -- Installing: /home/user/robo/sb-robot/microros_ws/install/diagnostic_msgs/local/lib/python3.10/dist-packages/diagnostic_msgs/msg/_key_value.py
[10.895s] -- Installing: /home/user/robo/sb-robot/microros_ws/install/diagnostic_msgs/local/lib/python3.10/dist-packages/diagnostic_msgs/msg/_diagnostic_status_s.c
[10.895s] -- Installing: /home/user/robo/sb-robot/microros_ws/install/diagnostic_msgs/local/lib/python3.10/dist-packages/diagnostic_msgs/msg/_diagnostic_array_s.c
[10.895s] -- Installing: /home/user/robo/sb-robot/microros_ws/install/diagnostic_msgs/local/lib/python3.10/dist-packages/diagnostic_msgs/msg/__init__.py
[10.895s] -- Installing: /home/user/robo/sb-robot/microros_ws/install/diagnostic_msgs/local/lib/python3.10/dist-packages/diagnostic_msgs/msg/_diagnostic_array.py
[10.895s] -- Installing: /home/user/robo/sb-robot/microros_ws/install/diagnostic_msgs/local/lib/python3.10/dist-packages/diagnostic_msgs/_diagnostic_msgs_s.ep.rosidl_typesupport_fastrtps_c.c
[10.952s] Listing '/home/user/robo/sb-robot/microros_ws/install/diagnostic_msgs/local/lib/python3.10/dist-packages/diagnostic_msgs'...
[10.952s] Compiling '/home/user/robo/sb-robot/microros_ws/install/diagnostic_msgs/local/lib/python3.10/dist-packages/diagnostic_msgs/__init__.py'...
[10.952s] Listing '/home/user/robo/sb-robot/microros_ws/install/diagnostic_msgs/local/lib/python3.10/dist-packages/diagnostic_msgs/msg'...
[10.953s] Compiling '/home/user/robo/sb-robot/microros_ws/install/diagnostic_msgs/local/lib/python3.10/dist-packages/diagnostic_msgs/msg/__init__.py'...
[10.953s] Compiling '/home/user/robo/sb-robot/microros_ws/install/diagnostic_msgs/local/lib/python3.10/dist-packages/diagnostic_msgs/msg/_diagnostic_array.py'...
[10.953s] Compiling '/home/user/robo/sb-robot/microros_ws/install/diagnostic_msgs/local/lib/python3.10/dist-packages/diagnostic_msgs/msg/_diagnostic_status.py'...
[10.953s] Compiling '/home/user/robo/sb-robot/microros_ws/install/diagnostic_msgs/local/lib/python3.10/dist-packages/diagnostic_msgs/msg/_key_value.py'...
[10.953s] Listing '/home/user/robo/sb-robot/microros_ws/install/diagnostic_msgs/local/lib/python3.10/dist-packages/diagnostic_msgs/srv'...
[10.953s] Compiling '/home/user/robo/sb-robot/microros_ws/install/diagnostic_msgs/local/lib/python3.10/dist-packages/diagnostic_msgs/srv/__init__.py'...
[10.953s] Compiling '/home/user/robo/sb-robot/microros_ws/install/diagnostic_msgs/local/lib/python3.10/dist-packages/diagnostic_msgs/srv/_add_diagnostics.py'...
[10.953s] Compiling '/home/user/robo/sb-robot/microros_ws/install/diagnostic_msgs/local/lib/python3.10/dist-packages/diagnostic_msgs/srv/_self_test.py'...
[10.958s] -- Installing: /home/user/robo/sb-robot/microros_ws/install/diagnostic_msgs/local/lib/python3.10/dist-packages/diagnostic_msgs/diagnostic_msgs_s__rosidl_typesupport_microxrcedds_c.cpython-310-x86_64-linux-gnu.so
[10.958s] -- Set runtime path of "/home/user/robo/sb-robot/microros_ws/install/diagnostic_msgs/local/lib/python3.10/dist-packages/diagnostic_msgs/diagnostic_msgs_s__rosidl_typesupport_microxrcedds_c.cpython-310-x86_64-linux-gnu.so" to ""
[10.958s] -- Installing: /home/user/robo/sb-robot/microros_ws/install/diagnostic_msgs/local/lib/python3.10/dist-packages/diagnostic_msgs/diagnostic_msgs_s__rosidl_typesupport_fastrtps_c.cpython-310-x86_64-linux-gnu.so
[10.959s] -- Set runtime path of "/home/user/robo/sb-robot/microros_ws/install/diagnostic_msgs/local/lib/python3.10/dist-packages/diagnostic_msgs/diagnostic_msgs_s__rosidl_typesupport_fastrtps_c.cpython-310-x86_64-linux-gnu.so" to ""
[10.959s] -- Installing: /home/user/robo/sb-robot/microros_ws/install/diagnostic_msgs/local/lib/python3.10/dist-packages/diagnostic_msgs/diagnostic_msgs_s__rosidl_typesupport_introspection_c.cpython-310-x86_64-linux-gnu.so
[10.959s] -- Set runtime path of "/home/user/robo/sb-robot/microros_ws/install/diagnostic_msgs/local/lib/python3.10/dist-packages/diagnostic_msgs/diagnostic_msgs_s__rosidl_typesupport_introspection_c.cpython-310-x86_64-linux-gnu.so" to ""
[10.960s] -- Installing: /home/user/robo/sb-robot/microros_ws/install/diagnostic_msgs/local/lib/python3.10/dist-packages/diagnostic_msgs/diagnostic_msgs_s__rosidl_typesupport_c.cpython-310-x86_64-linux-gnu.so
[10.960s] -- Set runtime path of "/home/user/robo/sb-robot/microros_ws/install/diagnostic_msgs/local/lib/python3.10/dist-packages/diagnostic_msgs/diagnostic_msgs_s__rosidl_typesupport_c.cpython-310-x86_64-linux-gnu.so" to ""
[10.960s] -- Installing: /home/user/robo/sb-robot/microros_ws/install/diagnostic_msgs/lib/libdiagnostic_msgs__rosidl_generator_py.so
[10.960s] -- Set runtime path of "/home/user/robo/sb-robot/microros_ws/install/diagnostic_msgs/lib/libdiagnostic_msgs__rosidl_generator_py.so" to ""
[10.960s] -- Installing: /home/user/robo/sb-robot/microros_ws/install/diagnostic_msgs/share/diagnostic_msgs/msg/DiagnosticArray.idl
[10.961s] -- Installing: /home/user/robo/sb-robot/microros_ws/install/diagnostic_msgs/share/diagnostic_msgs/msg/DiagnosticStatus.idl
[10.961s] -- Installing: /home/user/robo/sb-robot/microros_ws/install/diagnostic_msgs/share/diagnostic_msgs/msg/KeyValue.idl
[10.961s] -- Installing: /home/user/robo/sb-robot/microros_ws/install/diagnostic_msgs/share/diagnostic_msgs/srv/AddDiagnostics.idl
[10.961s] -- Installing: /home/user/robo/sb-robot/microros_ws/install/diagnostic_msgs/share/diagnostic_msgs/srv/SelfTest.idl
[10.961s] -- Installing: /home/user/robo/sb-robot/microros_ws/install/diagnostic_msgs/share/diagnostic_msgs/msg/DiagnosticArray.msg
[10.961s] -- Installing: /home/user/robo/sb-robot/microros_ws/install/diagnostic_msgs/share/diagnostic_msgs/msg/DiagnosticStatus.msg
[10.961s] -- Installing: /home/user/robo/sb-robot/microros_ws/install/diagnostic_msgs/share/diagnostic_msgs/msg/KeyValue.msg
[10.962s] -- Installing: /home/user/robo/sb-robot/microros_ws/install/diagnostic_msgs/share/diagnostic_msgs/srv/AddDiagnostics.srv
[10.962s] -- Installing: /home/user/robo/sb-robot/microros_ws/install/diagnostic_msgs/share/diagnostic_msgs/srv/AddDiagnostics_Request.msg
[10.962s] -- Installing: /home/user/robo/sb-robot/microros_ws/install/diagnostic_msgs/share/diagnostic_msgs/srv/AddDiagnostics_Response.msg
[10.962s] -- Installing: /home/user/robo/sb-robot/microros_ws/install/diagnostic_msgs/share/diagnostic_msgs/srv/SelfTest.srv
[10.962s] -- Installing: /home/user/robo/sb-robot/microros_ws/install/diagnostic_msgs/share/diagnostic_msgs/srv/SelfTest_Request.msg
[10.962s] -- Installing: /home/user/robo/sb-robot/microros_ws/install/diagnostic_msgs/share/diagnostic_msgs/srv/SelfTest_Response.msg
[10.962s] -- Installing: /home/user/robo/sb-robot/microros_ws/install/diagnostic_msgs/share/ament_index/resource_index/package_run_dependencies/diagnostic_msgs
[10.963s] -- Installing: /home/user/robo/sb-robot/microros_ws/install/diagnostic_msgs/share/ament_index/resource_index/parent_prefix_path/diagnostic_msgs
[10.963s] -- Installing: /home/user/robo/sb-robot/microros_ws/install/diagnostic_msgs/share/diagnostic_msgs/environment/ament_prefix_path.sh
[10.963s] -- Installing: /home/user/robo/sb-robot/microros_ws/install/diagnostic_msgs/share/diagnostic_msgs/environment/ament_prefix_path.dsv
[10.963s] -- Installing: /home/user/robo/sb-robot/microros_ws/install/diagnostic_msgs/share/diagnostic_msgs/environment/path.sh
[10.963s] -- Installing: /home/user/robo/sb-robot/microros_ws/install/diagnostic_msgs/share/diagnostic_msgs/environment/path.dsv
[10.963s] -- Installing: /home/user/robo/sb-robot/microros_ws/install/diagnostic_msgs/share/diagnostic_msgs/local_setup.bash
[10.964s] -- Installing: /home/user/robo/sb-robot/microros_ws/install/diagnostic_msgs/share/diagnostic_msgs/local_setup.sh
[10.964s] -- Installing: /home/user/robo/sb-robot/microros_ws/install/diagnostic_msgs/share/diagnostic_msgs/local_setup.zsh
[10.964s] -- Installing: /home/user/robo/sb-robot/microros_ws/install/diagnostic_msgs/share/diagnostic_msgs/local_setup.dsv
[10.964s] -- Installing: /home/user/robo/sb-robot/microros_ws/install/diagnostic_msgs/share/diagnostic_msgs/package.dsv
[10.964s] -- Installing: /home/user/robo/sb-robot/microros_ws/install/diagnostic_msgs/share/ament_index/resource_index/packages/diagnostic_msgs
[10.964s] -- Installing: /home/user/robo/sb-robot/microros_ws/install/diagnostic_msgs/share/diagnostic_msgs/cmake/export_diagnostic_msgs__rosidl_generator_cExport.cmake
[10.964s] -- Installing: /home/user/robo/sb-robot/microros_ws/install/diagnostic_msgs/share/diagnostic_msgs/cmake/export_diagnostic_msgs__rosidl_generator_cExport-noconfig.cmake
[10.965s] -- Installing: /home/user/robo/sb-robot/microros_ws/install/diagnostic_msgs/share/diagnostic_msgs/cmake/export_diagnostic_msgs__rosidl_typesupport_fastrtps_cExport.cmake
[10.965s] -- Installing: /home/user/robo/sb-robot/microros_ws/install/diagnostic_msgs/share/diagnostic_msgs/cmake/export_diagnostic_msgs__rosidl_typesupport_fastrtps_cExport-noconfig.cmake
[10.965s] -- Installing: /home/user/robo/sb-robot/microros_ws/install/diagnostic_msgs/share/diagnostic_msgs/cmake/diagnostic_msgs__rosidl_typesupport_introspection_cExport.cmake
[10.965s] -- Installing: /home/user/robo/sb-robot/microros_ws/install/diagnostic_msgs/share/diagnostic_msgs/cmake/diagnostic_msgs__rosidl_typesupport_introspection_cExport-noconfig.cmake
[10.965s] -- Installing: /home/user/robo/sb-robot/microros_ws/install/diagnostic_msgs/share/diagnostic_msgs/cmake/diagnostic_msgs__rosidl_typesupport_cExport.cmake
[10.965s] -- Installing: /home/user/robo/sb-robot/microros_ws/install/diagnostic_msgs/share/diagnostic_msgs/cmake/diagnostic_msgs__rosidl_typesupport_cExport-noconfig.cmake
[10.966s] -- Installing: /home/user/robo/sb-robot/microros_ws/install/diagnostic_msgs/share/diagnostic_msgs/cmake/export_diagnostic_msgs__rosidl_generator_cppExport.cmake
[10.966s] -- Installing: /home/user/robo/sb-robot/microros_ws/install/diagnostic_msgs/share/diagnostic_msgs/cmake/export_diagnostic_msgs__rosidl_typesupport_fastrtps_cppExport.cmake
[10.966s] -- Installing: /home/user/robo/sb-robot/microros_ws/install/diagnostic_msgs/share/diagnostic_msgs/cmake/export_diagnostic_msgs__rosidl_typesupport_fastrtps_cppExport-noconfig.cmake
[10.966s] -- Installing: /home/user/robo/sb-robot/microros_ws/install/diagnostic_msgs/share/diagnostic_msgs/cmake/diagnostic_msgs__rosidl_typesupport_introspection_cppExport.cmake
[10.966s] -- Installing: /home/user/robo/sb-robot/microros_ws/install/diagnostic_msgs/share/diagnostic_msgs/cmake/diagnostic_msgs__rosidl_typesupport_introspection_cppExport-noconfig.cmake
[10.966s] -- Installing: /home/user/robo/sb-robot/microros_ws/install/diagnostic_msgs/share/diagnostic_msgs/cmake/diagnostic_msgs__rosidl_typesupport_cppExport.cmake
[10.966s] -- Installing: /home/user/robo/sb-robot/microros_ws/install/diagnostic_msgs/share/diagnostic_msgs/cmake/diagnostic_msgs__rosidl_typesupport_cppExport-noconfig.cmake
[10.967s] -- Installing: /home/user/robo/sb-robot/microros_ws/install/diagnostic_msgs/share/diagnostic_msgs/cmake/export_diagnostic_msgs__rosidl_generator_pyExport.cmake
[10.967s] -- Installing: /home/user/robo/sb-robot/microros_ws/install/diagnostic_msgs/share/diagnostic_msgs/cmake/export_diagnostic_msgs__rosidl_generator_pyExport-noconfig.cmake
[10.967s] -- Installing: /home/user/robo/sb-robot/microros_ws/install/diagnostic_msgs/share/diagnostic_msgs/cmake/rosidl_cmake-extras.cmake
[10.967s] -- Installing: /home/user/robo/sb-robot/microros_ws/install/diagnostic_msgs/share/diagnostic_msgs/cmake/ament_cmake_export_dependencies-extras.cmake
[10.967s] -- Installing: /home/user/robo/sb-robot/microros_ws/install/diagnostic_msgs/share/diagnostic_msgs/cmake/ament_cmake_export_include_directories-extras.cmake
[10.967s] -- Installing: /home/user/robo/sb-robot/microros_ws/install/diagnostic_msgs/share/diagnostic_msgs/cmake/ament_cmake_export_libraries-extras.cmake
[10.968s] -- Installing: /home/user/robo/sb-robot/microros_ws/install/diagnostic_msgs/share/diagnostic_msgs/cmake/ament_cmake_export_targets-extras.cmake
[10.968s] -- Installing: /home/user/robo/sb-robot/microros_ws/install/diagnostic_msgs/share/diagnostic_msgs/cmake/rosidl_cmake_export_typesupport_targets-extras.cmake
[10.968s] -- Installing: /home/user/robo/sb-robot/microros_ws/install/diagnostic_msgs/share/diagnostic_msgs/cmake/rosidl_cmake_export_typesupport_libraries-extras.cmake
[10.968s] -- Installing: /home/user/robo/sb-robot/microros_ws/install/diagnostic_msgs/share/diagnostic_msgs/cmake/diagnostic_msgsConfig.cmake
[10.968s] -- Installing: /home/user/robo/sb-robot/microros_ws/install/diagnostic_msgs/share/diagnostic_msgs/cmake/diagnostic_msgsConfig-version.cmake
[10.968s] -- Installing: /home/user/robo/sb-robot/microros_ws/install/diagnostic_msgs/share/diagnostic_msgs/package.xml
[10.971s] Invoked command in '/home/user/robo/sb-robot/microros_ws/build/diagnostic_msgs' returned '0': AMENT_PREFIX_PATH=/home/user/robo/sb-robot/microros_ws/install/geometry_msgs:/home/user/robo/sb-robot/microros_ws/install/std_msgs:${AMENT_PREFIX_PATH} CMAKE_PREFIX_PATH=/home/user/robo/sb-robot/microros_ws/install/geometry_msgs:/home/user/robo/sb-robot/microros_ws/install/std_msgs:/home/user/robo/sb-robot/microros_ws/install/builtin_interfaces:/home/user/robo/sb-robot/microros_ws/src/install/action_msgs:/home/user/robo/sb-robot/microros_ws/src/install/unique_identifier_msgs:/home/user/robo/sb-robot/microros_ws/src/install/std_srvs:/home/user/robo/sb-robot/microros_ws/src/install/statistics_msgs:/home/user/robo/sb-robot/microros_ws/src/install/rmw_microxrcedds:/home/user/robo/sb-robot/microros_ws/src/install/rosidl_typesupport_microxrcedds_cpp:/home/user/robo/sb-robot/microros_ws/src/install/rosidl_typesupport_microxrcedds_c:/home/user/robo/sb-robot/microros_ws/src/install/rosgraph_msgs:/home/user/robo/sb-robot/microros_ws/src/install/microxrcedds_client:/home/user/robo/sb-robot/microros_ws/src/install/microcdr:/home/user/robo/sb-robot/microros_ws/src/install/micro_ros_utilities:/home/user/robo/sb-robot/microros_ws/src/install/micro_ros_setup:/home/user/robo/sb-robot/microros_ws/src/install/micro_ros_msgs:/home/user/robo/sb-robot/microros_ws/src/install/lifecycle_msgs:/home/user/robo/sb-robot/microros_ws/src/install/complex_msgs:/home/user/robo/sb-robot/microros_ws/src/install/builtin_interfaces:/home/user/robo/sb-robot/microros_ws/install/micro_ros_setup:/home/user/robo/sb-robot/microros_ws/install/micro_ros_agent:/home/user/robo/sb-robot/microros_ws/install/micro_ros_msgs:/opt/ros/humble LD_LIBRARY_PATH=/home/user/robo/sb-robot/microros_ws/install/geometry_msgs/lib:/home/user/robo/sb-robot/microros_ws/install/std_msgs/lib:/home/user/robo/sb-robot/microros_ws/install/builtin_interfaces/lib:/home/user/robo/sb-robot/microros_ws/src/install/action_msgs/lib:/home/user/robo/sb-robot/microros_ws/src/install/unique_identifier_msgs/lib:/home/user/robo/sb-robot/microros_ws/src/install/std_srvs/lib:/home/user/robo/sb-robot/microros_ws/src/install/statistics_msgs/lib:/home/user/robo/sb-robot/microros_ws/src/install/rmw_microxrcedds/lib:/home/user/robo/sb-robot/microros_ws/src/install/rosidl_typesupport_microxrcedds_cpp/lib:/home/user/robo/sb-robot/microros_ws/src/install/rosidl_typesupport_microxrcedds_c/lib:/home/user/robo/sb-robot/microros_ws/src/install/rosgraph_msgs/lib:/home/user/robo/sb-robot/microros_ws/src/install/microxrcedds_client/lib:/home/user/robo/sb-robot/microros_ws/src/install/microcdr/lib:/home/user/robo/sb-robot/microros_ws/src/install/micro_ros_utilities/lib:/home/user/robo/sb-robot/microros_ws/src/install/micro_ros_msgs/lib:/home/user/robo/sb-robot/microros_ws/src/install/lifecycle_msgs/lib:/home/user/robo/sb-robot/microros_ws/src/install/complex_msgs/lib:/home/user/robo/sb-robot/microros_ws/src/install/builtin_interfaces/lib:/home/user/robo/sb-robot/microros_ws/install/micro_ros_agent/lib:/home/user/robo/sb-robot/microros_ws/install/micro_ros_msgs/lib:/usr/lib/x86_64-linux-gnu/gazebo-11/plugins:/opt/ros/humble/opt/rviz_ogre_vendor/lib:/opt/ros/humble/lib/x86_64-linux-gnu:/opt/ros/humble/lib PYTHONPATH=/home/user/robo/sb-robot/microros_ws/install/geometry_msgs/local/lib/python3.10/dist-packages:/home/user/robo/sb-robot/microros_ws/install/std_msgs/local/lib/python3.10/dist-packages:${PYTHONPATH} /usr/bin/cmake --install /home/user/robo/sb-robot/microros_ws/build/diagnostic_msgs
