[0.015s] Invoking command in '/home/user/robo/sb-robot/microros_ws/src/build/lifecycle_msgs': CMAKE_PREFIX_PATH=${CMAKE_PREFIX_PATH}:/opt/ros/humble /usr/bin/cmake /home/user/robo/sb-robot/microros_ws/src/ros2/rcl_interfaces/lifecycle_msgs -DCMAKE_INSTALL_PREFIX=/home/user/robo/sb-robot/microros_ws/src/install/lifecycle_msgs
[0.054s] -- The C compiler identification is GNU 11.4.0
[0.093s] -- The CXX compiler identification is GNU 11.4.0
[0.098s] -- Detecting C compiler ABI info
[0.146s] -- Detecting C compiler ABI info - done
[0.154s] -- Check for working C compiler: /usr/bin/cc - skipped
[0.154s] -- Detecting C compile features
[0.154s] -- Detecting C compile features - done
[0.157s] -- Detecting CXX compiler ABI info
[0.220s] -- Detecting CXX compiler ABI info - done
[0.229s] -- Check for working CXX compiler: /usr/bin/c++ - skipped
[0.229s] -- Detecting CXX compile features
[0.229s] -- Detecting CXX compile features - done
[0.232s] -- Found ament_cmake: 1.3.11 (/opt/ros/humble/share/ament_cmake/cmake)
[0.347s] -- Found Python3: /usr/bin/python3 (found version "3.10.12") found components: Interpreter 
[0.420s] -- Found rosidl_default_generators: 1.2.0 (/opt/ros/humble/share/rosidl_default_generators/cmake)
[0.423s] -- Using all available rosidl_typesupport_c: rosidl_typesupport_fastrtps_c;rosidl_typesupport_introspection_c
[0.427s] -- Found rosidl_adapter: 3.1.6 (/opt/ros/humble/share/rosidl_adapter/cmake)
[0.456s] -- Using all available rosidl_typesupport_cpp: rosidl_typesupport_fastrtps_cpp;rosidl_typesupport_introspection_cpp
[0.723s] -- Found ament_cmake_cppcheck: 0.12.11 (/opt/ros/humble/share/ament_cmake_cppcheck/cmake)
[0.725s] -- Found ament_cmake_cpplint: 0.12.11 (/opt/ros/humble/share/ament_cmake_cpplint/cmake)
[0.726s] -- Found ament_cmake_uncrustify: 0.12.11 (/opt/ros/humble/share/ament_cmake_uncrustify/cmake)
[0.728s] -- Found ament_cmake_ros: 0.10.0 (/opt/ros/humble/share/ament_cmake_ros/cmake)
[0.879s] -- Using all available rosidl_typesupport_c: rosidl_typesupport_fastrtps_c;rosidl_typesupport_introspection_c
[1.070s] -- Using all available rosidl_typesupport_cpp: rosidl_typesupport_fastrtps_cpp;rosidl_typesupport_introspection_cpp
[1.095s] -- Found PythonInterp: /usr/bin/python3 (found suitable version "3.10.12", minimum required is "3.6") 
[1.098s] -- Found python_cmake_module: 0.10.0 (/opt/ros/humble/share/python_cmake_module/cmake)
[1.127s] -- Found PythonLibs: /usr/lib/x86_64-linux-gnu/libpython3.10.so (found suitable version "3.10.12", minimum required is "3.5") 
[1.127s] -- Using PYTHON_EXECUTABLE: /usr/bin/python3
[1.127s] -- Using PYTHON_INCLUDE_DIRS: /usr/include/python3.10
[1.127s] -- Using PYTHON_LIBRARIES: /usr/lib/x86_64-linux-gnu/libpython3.10.so
[1.143s] -- Found PythonExtra: .so  
[1.180s] -- Found ament_cmake_flake8: 0.12.11 (/opt/ros/humble/share/ament_cmake_flake8/cmake)
[1.183s] -- Found ament_cmake_pep257: 0.12.11 (/opt/ros/humble/share/ament_cmake_pep257/cmake)
[1.187s] -- Found ament_lint_auto: 0.12.11 (/opt/ros/humble/share/ament_lint_auto/cmake)
[1.205s] -- Added test 'copyright' to check source files copyright and LICENSE
[1.206s] -- Added test 'lint_cmake' to check CMake code style
[1.206s] -- Added test 'xmllint' to check XML markup files
[1.209s] -- Configuring done
[1.256s] -- Generating done
[1.271s] -- Build files have been written to: /home/user/robo/sb-robot/microros_ws/src/build/lifecycle_msgs
[1.284s] Invoked command in '/home/user/robo/sb-robot/microros_ws/src/build/lifecycle_msgs' returned '0': CMAKE_PREFIX_PATH=${CMAKE_PREFIX_PATH}:/opt/ros/humble /usr/bin/cmake /home/user/robo/sb-robot/microros_ws/src/ros2/rcl_interfaces/lifecycle_msgs -DCMAKE_INSTALL_PREFIX=/home/user/robo/sb-robot/microros_ws/src/install/lifecycle_msgs
[1.286s] Invoking command in '/home/user/robo/sb-robot/microros_ws/src/build/lifecycle_msgs': CMAKE_PREFIX_PATH=${CMAKE_PREFIX_PATH}:/opt/ros/humble /usr/bin/cmake --build /home/user/robo/sb-robot/microros_ws/src/build/lifecycle_msgs -- -j20 -l20
[1.347s] [  1%] [34m[1mGenerating C code for ROS interfaces[0m
[1.362s] [  2%] [34m[1mGenerating C++ code for ROS interfaces[0m
[1.391s] [  2%] Built target ament_cmake_python_copy_lifecycle_msgs
[1.807s] running egg_info
[1.810s] creating lifecycle_msgs.egg-info
[1.810s] writing lifecycle_msgs.egg-info/PKG-INFO
[1.810s] writing dependency_links to lifecycle_msgs.egg-info/dependency_links.txt
[1.810s] writing top-level names to lifecycle_msgs.egg-info/top_level.txt
[1.811s] writing manifest file 'lifecycle_msgs.egg-info/SOURCES.txt'
[1.813s] reading manifest file 'lifecycle_msgs.egg-info/SOURCES.txt'
[1.814s] writing manifest file 'lifecycle_msgs.egg-info/SOURCES.txt'
[1.926s] [  2%] Built target ament_cmake_python_build_lifecycle_msgs_egg
[3.620s] [  3%] [32mBuilding C object CMakeFiles/lifecycle_msgs__rosidl_generator_c.dir/rosidl_generator_c/lifecycle_msgs/msg/detail/transition_event__functions.c.o[0m
[3.620s] [  4%] [32mBuilding C object CMakeFiles/lifecycle_msgs__rosidl_generator_c.dir/rosidl_generator_c/lifecycle_msgs/msg/detail/transition__functions.c.o[0m
[3.626s] [  6%] [32mBuilding C object CMakeFiles/lifecycle_msgs__rosidl_generator_c.dir/rosidl_generator_c/lifecycle_msgs/msg/detail/transition_description__functions.c.o[0m
[3.626s] [  6%] [32mBuilding C object CMakeFiles/lifecycle_msgs__rosidl_generator_c.dir/rosidl_generator_c/lifecycle_msgs/msg/detail/state__functions.c.o[0m
[3.626s] [  8%] [32mBuilding C object CMakeFiles/lifecycle_msgs__rosidl_generator_c.dir/rosidl_generator_c/lifecycle_msgs/srv/detail/get_available_states__functions.c.o[0m
[3.630s] [  9%] [32mBuilding C object CMakeFiles/lifecycle_msgs__rosidl_generator_c.dir/rosidl_generator_c/lifecycle_msgs/srv/detail/change_state__functions.c.o[0m
[3.634s] [ 10%] [32mBuilding C object CMakeFiles/lifecycle_msgs__rosidl_generator_c.dir/rosidl_generator_c/lifecycle_msgs/srv/detail/get_available_transitions__functions.c.o[0m
[3.636s] [ 11%] [32mBuilding C object CMakeFiles/lifecycle_msgs__rosidl_generator_c.dir/rosidl_generator_c/lifecycle_msgs/srv/detail/get_state__functions.c.o[0m
[3.709s] [ 11%] Built target lifecycle_msgs__cpp
[3.739s] [ 12%] [34m[1mGenerating C++ introspection for ROS interfaces[0m
[3.742s] [ 13%] [34m[1mGenerating C++ type support dispatch for ROS interfaces[0m
[3.761s] [ 14%] [34m[1mGenerating C++ type support for eProsima Fast-RTPS[0m
[3.891s] [ 16%] [32m[1mLinking C shared library liblifecycle_msgs__rosidl_generator_c.so[0m
[3.987s] [ 16%] Built target lifecycle_msgs__rosidl_generator_c
[4.010s] [ 17%] [34m[1mGenerating C type support for eProsima Fast-RTPS[0m
[4.022s] [ 18%] [34m[1mGenerating C type support dispatch for ROS interfaces[0m
[4.037s] [ 19%] [34m[1mGenerating C introspection for ROS interfaces[0m
[4.794s] [ 21%] [32mBuilding CXX object CMakeFiles/lifecycle_msgs__rosidl_typesupport_cpp.dir/rosidl_typesupport_cpp/lifecycle_msgs/msg/state__type_support.cpp.o[0m
[4.794s] [ 21%] [32mBuilding CXX object CMakeFiles/lifecycle_msgs__rosidl_typesupport_cpp.dir/rosidl_typesupport_cpp/lifecycle_msgs/srv/change_state__type_support.cpp.o[0m
[4.794s] [ 22%] [32mBuilding CXX object CMakeFiles/lifecycle_msgs__rosidl_typesupport_cpp.dir/rosidl_typesupport_cpp/lifecycle_msgs/msg/transition_description__type_support.cpp.o[0m
[4.794s] [ 24%] [32mBuilding CXX object CMakeFiles/lifecycle_msgs__rosidl_typesupport_cpp.dir/rosidl_typesupport_cpp/lifecycle_msgs/msg/transition_event__type_support.cpp.o[0m
[4.796s] [ 25%] [32mBuilding CXX object CMakeFiles/lifecycle_msgs__rosidl_typesupport_cpp.dir/rosidl_typesupport_cpp/lifecycle_msgs/msg/transition__type_support.cpp.o[0m
[4.798s] [ 26%] [32mBuilding CXX object CMakeFiles/lifecycle_msgs__rosidl_typesupport_cpp.dir/rosidl_typesupport_cpp/lifecycle_msgs/srv/get_state__type_support.cpp.o[0m
[4.802s] [ 27%] [32mBuilding CXX object CMakeFiles/lifecycle_msgs__rosidl_typesupport_cpp.dir/rosidl_typesupport_cpp/lifecycle_msgs/srv/get_available_states__type_support.cpp.o[0m
[4.807s] [ 28%] [32mBuilding CXX object CMakeFiles/lifecycle_msgs__rosidl_typesupport_cpp.dir/rosidl_typesupport_cpp/lifecycle_msgs/srv/get_available_transitions__type_support.cpp.o[0m
[4.892s] [ 29%] [32mBuilding CXX object CMakeFiles/lifecycle_msgs__rosidl_typesupport_c.dir/rosidl_typesupport_c/lifecycle_msgs/msg/state__type_support.cpp.o[0m
[4.912s] [ 31%] [32mBuilding CXX object CMakeFiles/lifecycle_msgs__rosidl_typesupport_c.dir/rosidl_typesupport_c/lifecycle_msgs/msg/transition__type_support.cpp.o[0m
[4.912s] [ 32%] [32mBuilding CXX object CMakeFiles/lifecycle_msgs__rosidl_typesupport_c.dir/rosidl_typesupport_c/lifecycle_msgs/msg/transition_event__type_support.cpp.o[0m
[4.912s] [ 33%] [32mBuilding CXX object CMakeFiles/lifecycle_msgs__rosidl_typesupport_c.dir/rosidl_typesupport_c/lifecycle_msgs/msg/transition_description__type_support.cpp.o[0m
[4.913s] [ 34%] [32mBuilding CXX object CMakeFiles/lifecycle_msgs__rosidl_typesupport_c.dir/rosidl_typesupport_c/lifecycle_msgs/srv/get_available_states__type_support.cpp.o[0m
[4.914s] [ 35%] [32mBuilding CXX object CMakeFiles/lifecycle_msgs__rosidl_typesupport_c.dir/rosidl_typesupport_c/lifecycle_msgs/srv/change_state__type_support.cpp.o[0m
[4.923s] [ 36%] [32mBuilding CXX object CMakeFiles/lifecycle_msgs__rosidl_typesupport_c.dir/rosidl_typesupport_c/lifecycle_msgs/srv/get_state__type_support.cpp.o[0m
[4.927s] [ 37%] [32mBuilding CXX object CMakeFiles/lifecycle_msgs__rosidl_typesupport_c.dir/rosidl_typesupport_c/lifecycle_msgs/srv/get_available_transitions__type_support.cpp.o[0m
[4.993s] [ 39%] [32m[1mLinking CXX shared library liblifecycle_msgs__rosidl_typesupport_c.so[0m
[5.048s] [ 39%] Built target lifecycle_msgs__rosidl_typesupport_c
[5.164s] [ 40%] [32m[1mLinking CXX shared library liblifecycle_msgs__rosidl_typesupport_cpp.so[0m
[5.206s] [ 40%] Built target lifecycle_msgs__rosidl_typesupport_cpp
[5.214s] [ 41%] [32mBuilding CXX object CMakeFiles/lifecycle_msgs__rosidl_typesupport_introspection_cpp.dir/rosidl_typesupport_introspection_cpp/lifecycle_msgs/msg/detail/state__type_support.cpp.o[0m
[5.215s] [ 42%] [32mBuilding CXX object CMakeFiles/lifecycle_msgs__rosidl_typesupport_introspection_cpp.dir/rosidl_typesupport_introspection_cpp/lifecycle_msgs/msg/detail/transition__type_support.cpp.o[0m
[5.216s] [ 43%] [32mBuilding CXX object CMakeFiles/lifecycle_msgs__rosidl_typesupport_introspection_cpp.dir/rosidl_typesupport_introspection_cpp/lifecycle_msgs/msg/detail/transition_event__type_support.cpp.o[0m
[5.216s] [ 44%] [32mBuilding CXX object CMakeFiles/lifecycle_msgs__rosidl_typesupport_introspection_cpp.dir/rosidl_typesupport_introspection_cpp/lifecycle_msgs/srv/detail/get_available_transitions__type_support.cpp.o[0m
[5.217s] [ 45%] [32mBuilding CXX object CMakeFiles/lifecycle_msgs__rosidl_typesupport_introspection_cpp.dir/rosidl_typesupport_introspection_cpp/lifecycle_msgs/srv/detail/change_state__type_support.cpp.o[0m
[5.217s] [ 48%] [32mBuilding CXX object CMakeFiles/lifecycle_msgs__rosidl_typesupport_introspection_cpp.dir/rosidl_typesupport_introspection_cpp/lifecycle_msgs/srv/detail/get_state__type_support.cpp.o[0m
[5.218s] [ 47%] [32mBuilding CXX object CMakeFiles/lifecycle_msgs__rosidl_typesupport_introspection_cpp.dir/rosidl_typesupport_introspection_cpp/lifecycle_msgs/msg/detail/transition_description__type_support.cpp.o[0m
[5.218s] [ 49%] [32mBuilding CXX object CMakeFiles/lifecycle_msgs__rosidl_typesupport_introspection_cpp.dir/rosidl_typesupport_introspection_cpp/lifecycle_msgs/srv/detail/get_available_states__type_support.cpp.o[0m
[5.315s] [ 51%] [32mBuilding C object CMakeFiles/lifecycle_msgs__rosidl_typesupport_introspection_c.dir/rosidl_typesupport_introspection_c/lifecycle_msgs/msg/detail/transition__type_support.c.o[0m
[5.316s] [ 51%] [32mBuilding C object CMakeFiles/lifecycle_msgs__rosidl_typesupport_introspection_c.dir/rosidl_typesupport_introspection_c/lifecycle_msgs/msg/detail/state__type_support.c.o[0m
[5.316s] [ 52%] [32mBuilding C object CMakeFiles/lifecycle_msgs__rosidl_typesupport_introspection_c.dir/rosidl_typesupport_introspection_c/lifecycle_msgs/msg/detail/transition_description__type_support.c.o[0m
[5.316s] [ 54%] [32mBuilding C object CMakeFiles/lifecycle_msgs__rosidl_typesupport_introspection_c.dir/rosidl_typesupport_introspection_c/lifecycle_msgs/srv/detail/get_available_states__type_support.c.o[0m
[5.316s] [ 55%] [32mBuilding C object CMakeFiles/lifecycle_msgs__rosidl_typesupport_introspection_c.dir/rosidl_typesupport_introspection_c/lifecycle_msgs/msg/detail/transition_event__type_support.c.o[0m
[5.316s] [ 56%] [32mBuilding C object CMakeFiles/lifecycle_msgs__rosidl_typesupport_introspection_c.dir/rosidl_typesupport_introspection_c/lifecycle_msgs/srv/detail/change_state__type_support.c.o[0m
[5.316s] [ 57%] [32mBuilding C object CMakeFiles/lifecycle_msgs__rosidl_typesupport_introspection_c.dir/rosidl_typesupport_introspection_c/lifecycle_msgs/srv/detail/get_state__type_support.c.o[0m
[5.316s] [ 58%] [32mBuilding C object CMakeFiles/lifecycle_msgs__rosidl_typesupport_introspection_c.dir/rosidl_typesupport_introspection_c/lifecycle_msgs/srv/detail/get_available_transitions__type_support.c.o[0m
[5.333s] [ 59%] [32mBuilding CXX object CMakeFiles/lifecycle_msgs__rosidl_typesupport_fastrtps_cpp.dir/rosidl_typesupport_fastrtps_cpp/lifecycle_msgs/msg/detail/dds_fastrtps/state__type_support.cpp.o[0m
[5.339s] [ 60%] [32mBuilding CXX object CMakeFiles/lifecycle_msgs__rosidl_typesupport_fastrtps_cpp.dir/rosidl_typesupport_fastrtps_cpp/lifecycle_msgs/msg/detail/dds_fastrtps/transition__type_support.cpp.o[0m
[5.340s] [ 62%] [32mBuilding CXX object CMakeFiles/lifecycle_msgs__rosidl_typesupport_fastrtps_cpp.dir/rosidl_typesupport_fastrtps_cpp/lifecycle_msgs/msg/detail/dds_fastrtps/transition_description__type_support.cpp.o[0m
[5.350s] [ 63%] [32mBuilding CXX object CMakeFiles/lifecycle_msgs__rosidl_typesupport_fastrtps_cpp.dir/rosidl_typesupport_fastrtps_cpp/lifecycle_msgs/srv/detail/dds_fastrtps/change_state__type_support.cpp.o[0m
[5.350s] [ 64%] [32mBuilding CXX object CMakeFiles/lifecycle_msgs__rosidl_typesupport_fastrtps_cpp.dir/rosidl_typesupport_fastrtps_cpp/lifecycle_msgs/msg/detail/dds_fastrtps/transition_event__type_support.cpp.o[0m
[5.355s] [ 65%] [32mBuilding CXX object CMakeFiles/lifecycle_msgs__rosidl_typesupport_fastrtps_cpp.dir/rosidl_typesupport_fastrtps_cpp/lifecycle_msgs/srv/detail/dds_fastrtps/get_available_states__type_support.cpp.o[0m
[5.369s] [ 66%] [32mBuilding CXX object CMakeFiles/lifecycle_msgs__rosidl_typesupport_fastrtps_cpp.dir/rosidl_typesupport_fastrtps_cpp/lifecycle_msgs/srv/detail/dds_fastrtps/get_state__type_support.cpp.o[0m
[5.376s] [ 67%] [32mBuilding CXX object CMakeFiles/lifecycle_msgs__rosidl_typesupport_fastrtps_cpp.dir/rosidl_typesupport_fastrtps_cpp/lifecycle_msgs/srv/detail/dds_fastrtps/get_available_transitions__type_support.cpp.o[0m
[5.381s] [ 68%] [32m[1mLinking C shared library liblifecycle_msgs__rosidl_typesupport_introspection_c.so[0m
[5.446s] [ 68%] Built target lifecycle_msgs__rosidl_typesupport_introspection_c
[5.656s] [ 70%] [32mBuilding CXX object CMakeFiles/lifecycle_msgs__rosidl_typesupport_fastrtps_c.dir/rosidl_typesupport_fastrtps_c/lifecycle_msgs/msg/detail/transition_description__type_support_c.cpp.o[0m
[5.662s] [ 73%] [32mBuilding CXX object CMakeFiles/lifecycle_msgs__rosidl_typesupport_fastrtps_c.dir/rosidl_typesupport_fastrtps_c/lifecycle_msgs/msg/detail/state__type_support_c.cpp.o[0m
[5.664s] [ 73%] [32mBuilding CXX object CMakeFiles/lifecycle_msgs__rosidl_typesupport_fastrtps_c.dir/rosidl_typesupport_fastrtps_c/lifecycle_msgs/msg/detail/transition_event__type_support_c.cpp.o[0m
[5.665s] [ 73%] [32mBuilding CXX object CMakeFiles/lifecycle_msgs__rosidl_typesupport_fastrtps_c.dir/rosidl_typesupport_fastrtps_c/lifecycle_msgs/msg/detail/transition__type_support_c.cpp.o[0m
[5.803s] [ 74%] [32mBuilding CXX object CMakeFiles/lifecycle_msgs__rosidl_typesupport_fastrtps_c.dir/rosidl_typesupport_fastrtps_c/lifecycle_msgs/srv/detail/change_state__type_support_c.cpp.o[0m
[5.803s] [ 75%] [32mBuilding CXX object CMakeFiles/lifecycle_msgs__rosidl_typesupport_fastrtps_c.dir/rosidl_typesupport_fastrtps_c/lifecycle_msgs/srv/detail/get_available_states__type_support_c.cpp.o[0m
[5.820s] [ 77%] [32mBuilding CXX object CMakeFiles/lifecycle_msgs__rosidl_typesupport_fastrtps_c.dir/rosidl_typesupport_fastrtps_c/lifecycle_msgs/srv/detail/get_available_transitions__type_support_c.cpp.o[0m
[5.842s] [ 78%] [32mBuilding CXX object CMakeFiles/lifecycle_msgs__rosidl_typesupport_fastrtps_c.dir/rosidl_typesupport_fastrtps_c/lifecycle_msgs/srv/detail/get_state__type_support_c.cpp.o[0m
[5.957s] [ 79%] [32m[1mLinking CXX shared library liblifecycle_msgs__rosidl_typesupport_introspection_cpp.so[0m
[6.172s] [ 79%] Built target lifecycle_msgs__rosidl_typesupport_introspection_cpp
[6.251s] [ 80%] [32m[1mLinking CXX shared library liblifecycle_msgs__rosidl_typesupport_fastrtps_cpp.so[0m
[6.417s] [ 80%] Built target lifecycle_msgs__rosidl_typesupport_fastrtps_cpp
[6.485s] [ 81%] [32m[1mLinking CXX shared library liblifecycle_msgs__rosidl_typesupport_fastrtps_c.so[0m
[6.578s] [ 81%] Built target lifecycle_msgs__rosidl_typesupport_fastrtps_c
[6.595s] [ 81%] Built target lifecycle_msgs
[6.617s] [ 82%] [34m[1mGenerating Python code for ROS interfaces[0m
[9.237s] [ 82%] Built target lifecycle_msgs__py
[9.304s] [ 83%] [32mBuilding C object CMakeFiles/lifecycle_msgs__rosidl_generator_py.dir/rosidl_generator_py/lifecycle_msgs/msg/_transition_description_s.c.o[0m
[9.305s] [ 85%] [32mBuilding C object CMakeFiles/lifecycle_msgs__rosidl_generator_py.dir/rosidl_generator_py/lifecycle_msgs/msg/_transition_s.c.o[0m
[9.305s] [ 86%] [32mBuilding C object CMakeFiles/lifecycle_msgs__rosidl_generator_py.dir/rosidl_generator_py/lifecycle_msgs/msg/_state_s.c.o[0m
[9.310s] [ 87%] [32mBuilding C object CMakeFiles/lifecycle_msgs__rosidl_generator_py.dir/rosidl_generator_py/lifecycle_msgs/msg/_transition_event_s.c.o[0m
[9.311s] [ 88%] [32mBuilding C object CMakeFiles/lifecycle_msgs__rosidl_generator_py.dir/rosidl_generator_py/lifecycle_msgs/srv/_change_state_s.c.o[0m
[9.311s] [ 89%] [32mBuilding C object CMakeFiles/lifecycle_msgs__rosidl_generator_py.dir/rosidl_generator_py/lifecycle_msgs/srv/_get_available_states_s.c.o[0m
[9.313s] [ 90%] [32mBuilding C object CMakeFiles/lifecycle_msgs__rosidl_generator_py.dir/rosidl_generator_py/lifecycle_msgs/srv/_get_available_transitions_s.c.o[0m
[9.332s] [ 91%] [32mBuilding C object CMakeFiles/lifecycle_msgs__rosidl_generator_py.dir/rosidl_generator_py/lifecycle_msgs/srv/_get_state_s.c.o[0m
[9.715s] [ 93%] [32m[1mLinking C shared library rosidl_generator_py/lifecycle_msgs/liblifecycle_msgs__rosidl_generator_py.so[0m
[9.851s] [ 93%] Built target lifecycle_msgs__rosidl_generator_py
[9.928s] [ 94%] [32mBuilding C object CMakeFiles/lifecycle_msgs__rosidl_typesupport_fastrtps_c__pyext.dir/rosidl_generator_py/lifecycle_msgs/_lifecycle_msgs_s.ep.rosidl_typesupport_fastrtps_c.c.o[0m
[9.930s] [ 95%] [32mBuilding C object CMakeFiles/lifecycle_msgs__rosidl_typesupport_c__pyext.dir/rosidl_generator_py/lifecycle_msgs/_lifecycle_msgs_s.ep.rosidl_typesupport_c.c.o[0m
[9.942s] [ 96%] [32mBuilding C object CMakeFiles/lifecycle_msgs__rosidl_typesupport_introspection_c__pyext.dir/rosidl_generator_py/lifecycle_msgs/_lifecycle_msgs_s.ep.rosidl_typesupport_introspection_c.c.o[0m
[10.181s] [ 97%] [32m[1mLinking C shared library rosidl_generator_py/lifecycle_msgs/lifecycle_msgs_s__rosidl_typesupport_introspection_c.cpython-310-x86_64-linux-gnu.so[0m
[10.196s] [ 98%] [32m[1mLinking C shared library rosidl_generator_py/lifecycle_msgs/lifecycle_msgs_s__rosidl_typesupport_c.cpython-310-x86_64-linux-gnu.so[0m
[10.222s] [100%] [32m[1mLinking C shared library rosidl_generator_py/lifecycle_msgs/lifecycle_msgs_s__rosidl_typesupport_fastrtps_c.cpython-310-x86_64-linux-gnu.so[0m
[10.261s] [100%] Built target lifecycle_msgs__rosidl_typesupport_introspection_c__pyext
[10.282s] [100%] Built target lifecycle_msgs__rosidl_typesupport_c__pyext
[10.298s] [100%] Built target lifecycle_msgs__rosidl_typesupport_fastrtps_c__pyext
[10.348s] Invoked command in '/home/user/robo/sb-robot/microros_ws/src/build/lifecycle_msgs' returned '0': CMAKE_PREFIX_PATH=${CMAKE_PREFIX_PATH}:/opt/ros/humble /usr/bin/cmake --build /home/user/robo/sb-robot/microros_ws/src/build/lifecycle_msgs -- -j20 -l20
[10.349s] Invoking command in '/home/user/robo/sb-robot/microros_ws/src/build/lifecycle_msgs': CMAKE_PREFIX_PATH=${CMAKE_PREFIX_PATH}:/opt/ros/humble /usr/bin/cmake --install /home/user/robo/sb-robot/microros_ws/src/build/lifecycle_msgs
[10.374s] -- Install configuration: ""
[10.374s] -- Installing: /home/user/robo/sb-robot/microros_ws/src/install/lifecycle_msgs/share/ament_index/resource_index/rosidl_interfaces/lifecycle_msgs
[10.374s] -- Installing: /home/user/robo/sb-robot/microros_ws/src/install/lifecycle_msgs/include/lifecycle_msgs/lifecycle_msgs
[10.374s] -- Installing: /home/user/robo/sb-robot/microros_ws/src/install/lifecycle_msgs/include/lifecycle_msgs/lifecycle_msgs/srv
[10.374s] -- Installing: /home/user/robo/sb-robot/microros_ws/src/install/lifecycle_msgs/include/lifecycle_msgs/lifecycle_msgs/srv/get_available_states.h
[10.374s] -- Installing: /home/user/robo/sb-robot/microros_ws/src/install/lifecycle_msgs/include/lifecycle_msgs/lifecycle_msgs/srv/change_state.h
[10.374s] -- Installing: /home/user/robo/sb-robot/microros_ws/src/install/lifecycle_msgs/include/lifecycle_msgs/lifecycle_msgs/srv/get_available_transitions.h
[10.374s] -- Installing: /home/user/robo/sb-robot/microros_ws/src/install/lifecycle_msgs/include/lifecycle_msgs/lifecycle_msgs/srv/get_state.h
[10.375s] -- Installing: /home/user/robo/sb-robot/microros_ws/src/install/lifecycle_msgs/include/lifecycle_msgs/lifecycle_msgs/srv/detail
[10.375s] -- Installing: /home/user/robo/sb-robot/microros_ws/src/install/lifecycle_msgs/include/lifecycle_msgs/lifecycle_msgs/srv/detail/get_state__functions.h
[10.375s] -- Installing: /home/user/robo/sb-robot/microros_ws/src/install/lifecycle_msgs/include/lifecycle_msgs/lifecycle_msgs/srv/detail/change_state__functions.h
[10.375s] -- Installing: /home/user/robo/sb-robot/microros_ws/src/install/lifecycle_msgs/include/lifecycle_msgs/lifecycle_msgs/srv/detail/get_state__type_support.h
[10.375s] -- Installing: /home/user/robo/sb-robot/microros_ws/src/install/lifecycle_msgs/include/lifecycle_msgs/lifecycle_msgs/srv/detail/get_available_transitions__type_support.h
[10.375s] -- Installing: /home/user/robo/sb-robot/microros_ws/src/install/lifecycle_msgs/include/lifecycle_msgs/lifecycle_msgs/srv/detail/change_state__type_support.h
[10.378s] -- Installing: /home/user/robo/sb-robot/microros_ws/src/install/lifecycle_msgs/include/lifecycle_msgs/lifecycle_msgs/srv/detail/get_available_transitions__functions.h
[10.378s] -- Installing: /home/user/robo/sb-robot/microros_ws/src/install/lifecycle_msgs/include/lifecycle_msgs/lifecycle_msgs/srv/detail/get_state__functions.c
[10.378s] -- Installing: /home/user/robo/sb-robot/microros_ws/src/install/lifecycle_msgs/include/lifecycle_msgs/lifecycle_msgs/srv/detail/get_available_states__type_support.h
[10.378s] -- Installing: /home/user/robo/sb-robot/microros_ws/src/install/lifecycle_msgs/include/lifecycle_msgs/lifecycle_msgs/srv/detail/change_state__struct.h
[10.378s] -- Installing: /home/user/robo/sb-robot/microros_ws/src/install/lifecycle_msgs/include/lifecycle_msgs/lifecycle_msgs/srv/detail/get_available_states__struct.h
[10.378s] -- Installing: /home/user/robo/sb-robot/microros_ws/src/install/lifecycle_msgs/include/lifecycle_msgs/lifecycle_msgs/srv/detail/get_state__struct.h
[10.379s] -- Installing: /home/user/robo/sb-robot/microros_ws/src/install/lifecycle_msgs/include/lifecycle_msgs/lifecycle_msgs/srv/detail/get_available_transitions__struct.h
[10.379s] -- Installing: /home/user/robo/sb-robot/microros_ws/src/install/lifecycle_msgs/include/lifecycle_msgs/lifecycle_msgs/srv/detail/change_state__functions.c
[10.379s] -- Installing: /home/user/robo/sb-robot/microros_ws/src/install/lifecycle_msgs/include/lifecycle_msgs/lifecycle_msgs/srv/detail/get_available_transitions__functions.c
[10.379s] -- Installing: /home/user/robo/sb-robot/microros_ws/src/install/lifecycle_msgs/include/lifecycle_msgs/lifecycle_msgs/srv/detail/get_available_states__functions.c
[10.379s] -- Installing: /home/user/robo/sb-robot/microros_ws/src/install/lifecycle_msgs/include/lifecycle_msgs/lifecycle_msgs/srv/detail/get_available_states__functions.h
[10.379s] -- Installing: /home/user/robo/sb-robot/microros_ws/src/install/lifecycle_msgs/include/lifecycle_msgs/lifecycle_msgs/msg
[10.379s] -- Installing: /home/user/robo/sb-robot/microros_ws/src/install/lifecycle_msgs/include/lifecycle_msgs/lifecycle_msgs/msg/state.h
[10.379s] -- Installing: /home/user/robo/sb-robot/microros_ws/src/install/lifecycle_msgs/include/lifecycle_msgs/lifecycle_msgs/msg/transition.h
[10.379s] -- Installing: /home/user/robo/sb-robot/microros_ws/src/install/lifecycle_msgs/include/lifecycle_msgs/lifecycle_msgs/msg/transition_description.h
[10.379s] -- Installing: /home/user/robo/sb-robot/microros_ws/src/install/lifecycle_msgs/include/lifecycle_msgs/lifecycle_msgs/msg/detail
[10.380s] -- Installing: /home/user/robo/sb-robot/microros_ws/src/install/lifecycle_msgs/include/lifecycle_msgs/lifecycle_msgs/msg/detail/state__functions.h
[10.380s] -- Installing: /home/user/robo/sb-robot/microros_ws/src/install/lifecycle_msgs/include/lifecycle_msgs/lifecycle_msgs/msg/detail/transition_event__type_support.h
[10.380s] -- Installing: /home/user/robo/sb-robot/microros_ws/src/install/lifecycle_msgs/include/lifecycle_msgs/lifecycle_msgs/msg/detail/state__type_support.h
[10.380s] -- Installing: /home/user/robo/sb-robot/microros_ws/src/install/lifecycle_msgs/include/lifecycle_msgs/lifecycle_msgs/msg/detail/transition_description__functions.h
[10.380s] -- Installing: /home/user/robo/sb-robot/microros_ws/src/install/lifecycle_msgs/include/lifecycle_msgs/lifecycle_msgs/msg/detail/transition_event__struct.h
[10.380s] -- Installing: /home/user/robo/sb-robot/microros_ws/src/install/lifecycle_msgs/include/lifecycle_msgs/lifecycle_msgs/msg/detail/transition_description__type_support.h
[10.380s] -- Installing: /home/user/robo/sb-robot/microros_ws/src/install/lifecycle_msgs/include/lifecycle_msgs/lifecycle_msgs/msg/detail/transition__functions.c
[10.380s] -- Installing: /home/user/robo/sb-robot/microros_ws/src/install/lifecycle_msgs/include/lifecycle_msgs/lifecycle_msgs/msg/detail/transition__type_support.h
[10.380s] -- Installing: /home/user/robo/sb-robot/microros_ws/src/install/lifecycle_msgs/include/lifecycle_msgs/lifecycle_msgs/msg/detail/transition_description__functions.c
[10.380s] -- Installing: /home/user/robo/sb-robot/microros_ws/src/install/lifecycle_msgs/include/lifecycle_msgs/lifecycle_msgs/msg/detail/transition_event__functions.c
[10.380s] -- Installing: /home/user/robo/sb-robot/microros_ws/src/install/lifecycle_msgs/include/lifecycle_msgs/lifecycle_msgs/msg/detail/state__struct.h
[10.380s] -- Installing: /home/user/robo/sb-robot/microros_ws/src/install/lifecycle_msgs/include/lifecycle_msgs/lifecycle_msgs/msg/detail/transition_event__functions.h
[10.380s] -- Installing: /home/user/robo/sb-robot/microros_ws/src/install/lifecycle_msgs/include/lifecycle_msgs/lifecycle_msgs/msg/detail/state__functions.c
[10.381s] -- Installing: /home/user/robo/sb-robot/microros_ws/src/install/lifecycle_msgs/include/lifecycle_msgs/lifecycle_msgs/msg/detail/transition__struct.h
[10.381s] -- Installing: /home/user/robo/sb-robot/microros_ws/src/install/lifecycle_msgs/include/lifecycle_msgs/lifecycle_msgs/msg/detail/transition_description__struct.h
[10.381s] -- Installing: /home/user/robo/sb-robot/microros_ws/src/install/lifecycle_msgs/include/lifecycle_msgs/lifecycle_msgs/msg/detail/transition__functions.h
[10.381s] -- Installing: /home/user/robo/sb-robot/microros_ws/src/install/lifecycle_msgs/include/lifecycle_msgs/lifecycle_msgs/msg/rosidl_generator_c__visibility_control.h
[10.381s] -- Installing: /home/user/robo/sb-robot/microros_ws/src/install/lifecycle_msgs/include/lifecycle_msgs/lifecycle_msgs/msg/transition_event.h
[10.381s] -- Installing: /home/user/robo/sb-robot/microros_ws/src/install/lifecycle_msgs/share/lifecycle_msgs/environment/library_path.sh
[10.381s] -- Installing: /home/user/robo/sb-robot/microros_ws/src/install/lifecycle_msgs/share/lifecycle_msgs/environment/library_path.dsv
[10.381s] -- Installing: /home/user/robo/sb-robot/microros_ws/src/install/lifecycle_msgs/lib/liblifecycle_msgs__rosidl_generator_c.so
[10.381s] -- Set runtime path of "/home/user/robo/sb-robot/microros_ws/src/install/lifecycle_msgs/lib/liblifecycle_msgs__rosidl_generator_c.so" to ""
[10.381s] -- Up-to-date: /home/user/robo/sb-robot/microros_ws/src/install/lifecycle_msgs/include/lifecycle_msgs/lifecycle_msgs
[10.381s] -- Up-to-date: /home/user/robo/sb-robot/microros_ws/src/install/lifecycle_msgs/include/lifecycle_msgs/lifecycle_msgs/srv
[10.381s] -- Up-to-date: /home/user/robo/sb-robot/microros_ws/src/install/lifecycle_msgs/include/lifecycle_msgs/lifecycle_msgs/srv/detail
[10.382s] -- Installing: /home/user/robo/sb-robot/microros_ws/src/install/lifecycle_msgs/include/lifecycle_msgs/lifecycle_msgs/srv/detail/get_available_states__rosidl_typesupport_fastrtps_c.h
[10.382s] -- Installing: /home/user/robo/sb-robot/microros_ws/src/install/lifecycle_msgs/include/lifecycle_msgs/lifecycle_msgs/srv/detail/get_available_transitions__rosidl_typesupport_fastrtps_c.h
[10.382s] -- Installing: /home/user/robo/sb-robot/microros_ws/src/install/lifecycle_msgs/include/lifecycle_msgs/lifecycle_msgs/srv/detail/change_state__rosidl_typesupport_fastrtps_c.h
[10.382s] -- Installing: /home/user/robo/sb-robot/microros_ws/src/install/lifecycle_msgs/include/lifecycle_msgs/lifecycle_msgs/srv/detail/get_state__rosidl_typesupport_fastrtps_c.h
[10.382s] -- Up-to-date: /home/user/robo/sb-robot/microros_ws/src/install/lifecycle_msgs/include/lifecycle_msgs/lifecycle_msgs/msg
[10.382s] -- Up-to-date: /home/user/robo/sb-robot/microros_ws/src/install/lifecycle_msgs/include/lifecycle_msgs/lifecycle_msgs/msg/detail
[10.386s] -- Installing: /home/user/robo/sb-robot/microros_ws/src/install/lifecycle_msgs/include/lifecycle_msgs/lifecycle_msgs/msg/detail/transition_description__rosidl_typesupport_fastrtps_c.h
[10.387s] -- Installing: /home/user/robo/sb-robot/microros_ws/src/install/lifecycle_msgs/include/lifecycle_msgs/lifecycle_msgs/msg/detail/transition__rosidl_typesupport_fastrtps_c.h
[10.387s] -- Installing: /home/user/robo/sb-robot/microros_ws/src/install/lifecycle_msgs/include/lifecycle_msgs/lifecycle_msgs/msg/detail/state__rosidl_typesupport_fastrtps_c.h
[10.388s] -- Installing: /home/user/robo/sb-robot/microros_ws/src/install/lifecycle_msgs/include/lifecycle_msgs/lifecycle_msgs/msg/detail/transition_event__rosidl_typesupport_fastrtps_c.h
[10.388s] -- Installing: /home/user/robo/sb-robot/microros_ws/src/install/lifecycle_msgs/include/lifecycle_msgs/lifecycle_msgs/msg/rosidl_typesupport_fastrtps_c__visibility_control.h
[10.388s] -- Installing: /home/user/robo/sb-robot/microros_ws/src/install/lifecycle_msgs/lib/liblifecycle_msgs__rosidl_typesupport_fastrtps_c.so
[10.389s] -- Set runtime path of "/home/user/robo/sb-robot/microros_ws/src/install/lifecycle_msgs/lib/liblifecycle_msgs__rosidl_typesupport_fastrtps_c.so" to ""
[10.389s] -- Up-to-date: /home/user/robo/sb-robot/microros_ws/src/install/lifecycle_msgs/include/lifecycle_msgs/lifecycle_msgs
[10.390s] -- Up-to-date: /home/user/robo/sb-robot/microros_ws/src/install/lifecycle_msgs/include/lifecycle_msgs/lifecycle_msgs/srv
[10.390s] -- Up-to-date: /home/user/robo/sb-robot/microros_ws/src/install/lifecycle_msgs/include/lifecycle_msgs/lifecycle_msgs/srv/detail
[10.390s] -- Installing: /home/user/robo/sb-robot/microros_ws/src/install/lifecycle_msgs/include/lifecycle_msgs/lifecycle_msgs/srv/detail/get_state__type_support.c
[10.390s] -- Installing: /home/user/robo/sb-robot/microros_ws/src/install/lifecycle_msgs/include/lifecycle_msgs/lifecycle_msgs/srv/detail/get_available_transitions__rosidl_typesupport_introspection_c.h
[10.390s] -- Installing: /home/user/robo/sb-robot/microros_ws/src/install/lifecycle_msgs/include/lifecycle_msgs/lifecycle_msgs/srv/detail/get_available_transitions__type_support.c
[10.390s] -- Installing: /home/user/robo/sb-robot/microros_ws/src/install/lifecycle_msgs/include/lifecycle_msgs/lifecycle_msgs/srv/detail/get_available_states__rosidl_typesupport_introspection_c.h
[10.390s] -- Installing: /home/user/robo/sb-robot/microros_ws/src/install/lifecycle_msgs/include/lifecycle_msgs/lifecycle_msgs/srv/detail/get_available_states__type_support.c
[10.390s] -- Installing: /home/user/robo/sb-robot/microros_ws/src/install/lifecycle_msgs/include/lifecycle_msgs/lifecycle_msgs/srv/detail/change_state__rosidl_typesupport_introspection_c.h
[10.390s] -- Installing: /home/user/robo/sb-robot/microros_ws/src/install/lifecycle_msgs/include/lifecycle_msgs/lifecycle_msgs/srv/detail/get_state__rosidl_typesupport_introspection_c.h
[10.390s] -- Installing: /home/user/robo/sb-robot/microros_ws/src/install/lifecycle_msgs/include/lifecycle_msgs/lifecycle_msgs/srv/detail/change_state__type_support.c
[10.390s] -- Up-to-date: /home/user/robo/sb-robot/microros_ws/src/install/lifecycle_msgs/include/lifecycle_msgs/lifecycle_msgs/msg
[10.390s] -- Up-to-date: /home/user/robo/sb-robot/microros_ws/src/install/lifecycle_msgs/include/lifecycle_msgs/lifecycle_msgs/msg/detail
[10.391s] -- Installing: /home/user/robo/sb-robot/microros_ws/src/install/lifecycle_msgs/include/lifecycle_msgs/lifecycle_msgs/msg/detail/transition_event__type_support.c
[10.391s] -- Installing: /home/user/robo/sb-robot/microros_ws/src/install/lifecycle_msgs/include/lifecycle_msgs/lifecycle_msgs/msg/detail/state__type_support.c
[10.394s] -- Installing: /home/user/robo/sb-robot/microros_ws/src/install/lifecycle_msgs/include/lifecycle_msgs/lifecycle_msgs/msg/detail/transition_description__type_support.c
[10.395s] -- Installing: /home/user/robo/sb-robot/microros_ws/src/install/lifecycle_msgs/include/lifecycle_msgs/lifecycle_msgs/msg/detail/transition__type_support.c
[10.395s] -- Installing: /home/user/robo/sb-robot/microros_ws/src/install/lifecycle_msgs/include/lifecycle_msgs/lifecycle_msgs/msg/detail/transition_event__rosidl_typesupport_introspection_c.h
[10.395s] -- Installing: /home/user/robo/sb-robot/microros_ws/src/install/lifecycle_msgs/include/lifecycle_msgs/lifecycle_msgs/msg/detail/state__rosidl_typesupport_introspection_c.h
[10.395s] -- Installing: /home/user/robo/sb-robot/microros_ws/src/install/lifecycle_msgs/include/lifecycle_msgs/lifecycle_msgs/msg/detail/transition_description__rosidl_typesupport_introspection_c.h
[10.395s] -- Installing: /home/user/robo/sb-robot/microros_ws/src/install/lifecycle_msgs/include/lifecycle_msgs/lifecycle_msgs/msg/detail/transition__rosidl_typesupport_introspection_c.h
[10.395s] -- Installing: /home/user/robo/sb-robot/microros_ws/src/install/lifecycle_msgs/include/lifecycle_msgs/lifecycle_msgs/msg/rosidl_typesupport_introspection_c__visibility_control.h
[10.396s] -- Installing: /home/user/robo/sb-robot/microros_ws/src/install/lifecycle_msgs/lib/liblifecycle_msgs__rosidl_typesupport_introspection_c.so
[10.396s] -- Set runtime path of "/home/user/robo/sb-robot/microros_ws/src/install/lifecycle_msgs/lib/liblifecycle_msgs__rosidl_typesupport_introspection_c.so" to ""
[10.396s] -- Installing: /home/user/robo/sb-robot/microros_ws/src/install/lifecycle_msgs/lib/liblifecycle_msgs__rosidl_typesupport_c.so
[10.396s] -- Set runtime path of "/home/user/robo/sb-robot/microros_ws/src/install/lifecycle_msgs/lib/liblifecycle_msgs__rosidl_typesupport_c.so" to ""
[10.396s] -- Up-to-date: /home/user/robo/sb-robot/microros_ws/src/install/lifecycle_msgs/include/lifecycle_msgs/lifecycle_msgs
[10.396s] -- Up-to-date: /home/user/robo/sb-robot/microros_ws/src/install/lifecycle_msgs/include/lifecycle_msgs/lifecycle_msgs/srv
[10.396s] -- Installing: /home/user/robo/sb-robot/microros_ws/src/install/lifecycle_msgs/include/lifecycle_msgs/lifecycle_msgs/srv/get_state.hpp
[10.396s] -- Up-to-date: /home/user/robo/sb-robot/microros_ws/src/install/lifecycle_msgs/include/lifecycle_msgs/lifecycle_msgs/srv/detail
[10.396s] -- Installing: /home/user/robo/sb-robot/microros_ws/src/install/lifecycle_msgs/include/lifecycle_msgs/lifecycle_msgs/srv/detail/change_state__struct.hpp
[10.396s] -- Installing: /home/user/robo/sb-robot/microros_ws/src/install/lifecycle_msgs/include/lifecycle_msgs/lifecycle_msgs/srv/detail/get_available_states__type_support.hpp
[10.396s] -- Installing: /home/user/robo/sb-robot/microros_ws/src/install/lifecycle_msgs/include/lifecycle_msgs/lifecycle_msgs/srv/detail/change_state__traits.hpp
[10.396s] -- Installing: /home/user/robo/sb-robot/microros_ws/src/install/lifecycle_msgs/include/lifecycle_msgs/lifecycle_msgs/srv/detail/get_available_transitions__type_support.hpp
[10.397s] -- Installing: /home/user/robo/sb-robot/microros_ws/src/install/lifecycle_msgs/include/lifecycle_msgs/lifecycle_msgs/srv/detail/get_available_states__builder.hpp
[10.397s] -- Installing: /home/user/robo/sb-robot/microros_ws/src/install/lifecycle_msgs/include/lifecycle_msgs/lifecycle_msgs/srv/detail/get_state__struct.hpp
[10.397s] -- Installing: /home/user/robo/sb-robot/microros_ws/src/install/lifecycle_msgs/include/lifecycle_msgs/lifecycle_msgs/srv/detail/get_available_transitions__builder.hpp
[10.397s] -- Installing: /home/user/robo/sb-robot/microros_ws/src/install/lifecycle_msgs/include/lifecycle_msgs/lifecycle_msgs/srv/detail/get_available_states__struct.hpp
[10.397s] -- Installing: /home/user/robo/sb-robot/microros_ws/src/install/lifecycle_msgs/include/lifecycle_msgs/lifecycle_msgs/srv/detail/change_state__builder.hpp
[10.397s] -- Installing: /home/user/robo/sb-robot/microros_ws/src/install/lifecycle_msgs/include/lifecycle_msgs/lifecycle_msgs/srv/detail/get_state__builder.hpp
[10.397s] -- Installing: /home/user/robo/sb-robot/microros_ws/src/install/lifecycle_msgs/include/lifecycle_msgs/lifecycle_msgs/srv/detail/get_state__type_support.hpp
[10.397s] -- Installing: /home/user/robo/sb-robot/microros_ws/src/install/lifecycle_msgs/include/lifecycle_msgs/lifecycle_msgs/srv/detail/get_state__traits.hpp
[10.397s] -- Installing: /home/user/robo/sb-robot/microros_ws/src/install/lifecycle_msgs/include/lifecycle_msgs/lifecycle_msgs/srv/detail/change_state__type_support.hpp
[10.397s] -- Installing: /home/user/robo/sb-robot/microros_ws/src/install/lifecycle_msgs/include/lifecycle_msgs/lifecycle_msgs/srv/detail/get_available_transitions__struct.hpp
[10.397s] -- Installing: /home/user/robo/sb-robot/microros_ws/src/install/lifecycle_msgs/include/lifecycle_msgs/lifecycle_msgs/srv/detail/get_available_transitions__traits.hpp
[10.397s] -- Installing: /home/user/robo/sb-robot/microros_ws/src/install/lifecycle_msgs/include/lifecycle_msgs/lifecycle_msgs/srv/detail/get_available_states__traits.hpp
[10.397s] -- Installing: /home/user/robo/sb-robot/microros_ws/src/install/lifecycle_msgs/include/lifecycle_msgs/lifecycle_msgs/srv/get_available_transitions.hpp
[10.397s] -- Installing: /home/user/robo/sb-robot/microros_ws/src/install/lifecycle_msgs/include/lifecycle_msgs/lifecycle_msgs/srv/change_state.hpp
[10.398s] -- Installing: /home/user/robo/sb-robot/microros_ws/src/install/lifecycle_msgs/include/lifecycle_msgs/lifecycle_msgs/srv/get_available_states.hpp
[10.398s] -- Up-to-date: /home/user/robo/sb-robot/microros_ws/src/install/lifecycle_msgs/include/lifecycle_msgs/lifecycle_msgs/msg
[10.398s] -- Installing: /home/user/robo/sb-robot/microros_ws/src/install/lifecycle_msgs/include/lifecycle_msgs/lifecycle_msgs/msg/rosidl_generator_cpp__visibility_control.hpp
[10.398s] -- Installing: /home/user/robo/sb-robot/microros_ws/src/install/lifecycle_msgs/include/lifecycle_msgs/lifecycle_msgs/msg/transition.hpp
[10.398s] -- Up-to-date: /home/user/robo/sb-robot/microros_ws/src/install/lifecycle_msgs/include/lifecycle_msgs/lifecycle_msgs/msg/detail
[10.398s] -- Installing: /home/user/robo/sb-robot/microros_ws/src/install/lifecycle_msgs/include/lifecycle_msgs/lifecycle_msgs/msg/detail/transition_event__type_support.hpp
[10.398s] -- Installing: /home/user/robo/sb-robot/microros_ws/src/install/lifecycle_msgs/include/lifecycle_msgs/lifecycle_msgs/msg/detail/transition_description__type_support.hpp
[10.398s] -- Installing: /home/user/robo/sb-robot/microros_ws/src/install/lifecycle_msgs/include/lifecycle_msgs/lifecycle_msgs/msg/detail/state__struct.hpp
[10.398s] -- Installing: /home/user/robo/sb-robot/microros_ws/src/install/lifecycle_msgs/include/lifecycle_msgs/lifecycle_msgs/msg/detail/transition_event__traits.hpp
[10.398s] -- Installing: /home/user/robo/sb-robot/microros_ws/src/install/lifecycle_msgs/include/lifecycle_msgs/lifecycle_msgs/msg/detail/state__builder.hpp
[10.398s] -- Installing: /home/user/robo/sb-robot/microros_ws/src/install/lifecycle_msgs/include/lifecycle_msgs/lifecycle_msgs/msg/detail/state__traits.hpp
[10.398s] -- Installing: /home/user/robo/sb-robot/microros_ws/src/install/lifecycle_msgs/include/lifecycle_msgs/lifecycle_msgs/msg/detail/transition__type_support.hpp
[10.398s] -- Installing: /home/user/robo/sb-robot/microros_ws/src/install/lifecycle_msgs/include/lifecycle_msgs/lifecycle_msgs/msg/detail/transition_description__struct.hpp
[10.399s] -- Installing: /home/user/robo/sb-robot/microros_ws/src/install/lifecycle_msgs/include/lifecycle_msgs/lifecycle_msgs/msg/detail/transition_description__builder.hpp
[10.399s] -- Installing: /home/user/robo/sb-robot/microros_ws/src/install/lifecycle_msgs/include/lifecycle_msgs/lifecycle_msgs/msg/detail/transition_event__builder.hpp
[10.399s] -- Installing: /home/user/robo/sb-robot/microros_ws/src/install/lifecycle_msgs/include/lifecycle_msgs/lifecycle_msgs/msg/detail/transition_event__struct.hpp
[10.399s] -- Installing: /home/user/robo/sb-robot/microros_ws/src/install/lifecycle_msgs/include/lifecycle_msgs/lifecycle_msgs/msg/detail/state__type_support.hpp
[10.399s] -- Installing: /home/user/robo/sb-robot/microros_ws/src/install/lifecycle_msgs/include/lifecycle_msgs/lifecycle_msgs/msg/detail/transition__struct.hpp
[10.399s] -- Installing: /home/user/robo/sb-robot/microros_ws/src/install/lifecycle_msgs/include/lifecycle_msgs/lifecycle_msgs/msg/detail/transition_description__traits.hpp
[10.399s] -- Installing: /home/user/robo/sb-robot/microros_ws/src/install/lifecycle_msgs/include/lifecycle_msgs/lifecycle_msgs/msg/detail/transition__builder.hpp
[10.405s] -- Installing: /home/user/robo/sb-robot/microros_ws/src/install/lifecycle_msgs/include/lifecycle_msgs/lifecycle_msgs/msg/detail/transition__traits.hpp
[10.405s] -- Installing: /home/user/robo/sb-robot/microros_ws/src/install/lifecycle_msgs/include/lifecycle_msgs/lifecycle_msgs/msg/transition_description.hpp
[10.406s] -- Installing: /home/user/robo/sb-robot/microros_ws/src/install/lifecycle_msgs/include/lifecycle_msgs/lifecycle_msgs/msg/state.hpp
[10.406s] -- Installing: /home/user/robo/sb-robot/microros_ws/src/install/lifecycle_msgs/include/lifecycle_msgs/lifecycle_msgs/msg/transition_event.hpp
[10.406s] -- Up-to-date: /home/user/robo/sb-robot/microros_ws/src/install/lifecycle_msgs/include/lifecycle_msgs/lifecycle_msgs
[10.406s] -- Up-to-date: /home/user/robo/sb-robot/microros_ws/src/install/lifecycle_msgs/include/lifecycle_msgs/lifecycle_msgs/srv
[10.406s] -- Up-to-date: /home/user/robo/sb-robot/microros_ws/src/install/lifecycle_msgs/include/lifecycle_msgs/lifecycle_msgs/srv/detail
[10.406s] -- Installing: /home/user/robo/sb-robot/microros_ws/src/install/lifecycle_msgs/include/lifecycle_msgs/lifecycle_msgs/srv/detail/get_available_transitions__rosidl_typesupport_fastrtps_cpp.hpp
[10.406s] -- Installing: /home/user/robo/sb-robot/microros_ws/src/install/lifecycle_msgs/include/lifecycle_msgs/lifecycle_msgs/srv/detail/get_available_states__rosidl_typesupport_fastrtps_cpp.hpp
[10.406s] -- Installing: /home/user/robo/sb-robot/microros_ws/src/install/lifecycle_msgs/include/lifecycle_msgs/lifecycle_msgs/srv/detail/change_state__rosidl_typesupport_fastrtps_cpp.hpp
[10.406s] -- Installing: /home/user/robo/sb-robot/microros_ws/src/install/lifecycle_msgs/include/lifecycle_msgs/lifecycle_msgs/srv/detail/get_state__rosidl_typesupport_fastrtps_cpp.hpp
[10.406s] -- Installing: /home/user/robo/sb-robot/microros_ws/src/install/lifecycle_msgs/include/lifecycle_msgs/lifecycle_msgs/srv/detail/dds_fastrtps
[10.406s] -- Up-to-date: /home/user/robo/sb-robot/microros_ws/src/install/lifecycle_msgs/include/lifecycle_msgs/lifecycle_msgs/msg
[10.406s] -- Installing: /home/user/robo/sb-robot/microros_ws/src/install/lifecycle_msgs/include/lifecycle_msgs/lifecycle_msgs/msg/rosidl_typesupport_fastrtps_cpp__visibility_control.h
[10.407s] -- Up-to-date: /home/user/robo/sb-robot/microros_ws/src/install/lifecycle_msgs/include/lifecycle_msgs/lifecycle_msgs/msg/detail
[10.407s] -- Installing: /home/user/robo/sb-robot/microros_ws/src/install/lifecycle_msgs/include/lifecycle_msgs/lifecycle_msgs/msg/detail/transition_description__rosidl_typesupport_fastrtps_cpp.hpp
[10.407s] -- Installing: /home/user/robo/sb-robot/microros_ws/src/install/lifecycle_msgs/include/lifecycle_msgs/lifecycle_msgs/msg/detail/transition__rosidl_typesupport_fastrtps_cpp.hpp
[10.407s] -- Installing: /home/user/robo/sb-robot/microros_ws/src/install/lifecycle_msgs/include/lifecycle_msgs/lifecycle_msgs/msg/detail/transition_event__rosidl_typesupport_fastrtps_cpp.hpp
[10.407s] -- Installing: /home/user/robo/sb-robot/microros_ws/src/install/lifecycle_msgs/include/lifecycle_msgs/lifecycle_msgs/msg/detail/state__rosidl_typesupport_fastrtps_cpp.hpp
[10.407s] -- Installing: /home/user/robo/sb-robot/microros_ws/src/install/lifecycle_msgs/include/lifecycle_msgs/lifecycle_msgs/msg/detail/dds_fastrtps
[10.407s] -- Installing: /home/user/robo/sb-robot/microros_ws/src/install/lifecycle_msgs/lib/liblifecycle_msgs__rosidl_typesupport_fastrtps_cpp.so
[10.407s] -- Set runtime path of "/home/user/robo/sb-robot/microros_ws/src/install/lifecycle_msgs/lib/liblifecycle_msgs__rosidl_typesupport_fastrtps_cpp.so" to ""
[10.407s] -- Up-to-date: /home/user/robo/sb-robot/microros_ws/src/install/lifecycle_msgs/include/lifecycle_msgs/lifecycle_msgs
[10.407s] -- Up-to-date: /home/user/robo/sb-robot/microros_ws/src/install/lifecycle_msgs/include/lifecycle_msgs/lifecycle_msgs/srv
[10.407s] -- Up-to-date: /home/user/robo/sb-robot/microros_ws/src/install/lifecycle_msgs/include/lifecycle_msgs/lifecycle_msgs/srv/detail
[10.407s] -- Installing: /home/user/robo/sb-robot/microros_ws/src/install/lifecycle_msgs/include/lifecycle_msgs/lifecycle_msgs/srv/detail/get_available_transitions__type_support.cpp
[10.414s] -- Installing: /home/user/robo/sb-robot/microros_ws/src/install/lifecycle_msgs/include/lifecycle_msgs/lifecycle_msgs/srv/detail/get_available_states__rosidl_typesupport_introspection_cpp.hpp
[10.414s] -- Installing: /home/user/robo/sb-robot/microros_ws/src/install/lifecycle_msgs/include/lifecycle_msgs/lifecycle_msgs/srv/detail/change_state__rosidl_typesupport_introspection_cpp.hpp
[10.415s] -- Installing: /home/user/robo/sb-robot/microros_ws/src/install/lifecycle_msgs/include/lifecycle_msgs/lifecycle_msgs/srv/detail/get_available_transitions__rosidl_typesupport_introspection_cpp.hpp
[10.415s] -- Installing: /home/user/robo/sb-robot/microros_ws/src/install/lifecycle_msgs/include/lifecycle_msgs/lifecycle_msgs/srv/detail/get_state__type_support.cpp
[10.415s] -- Installing: /home/user/robo/sb-robot/microros_ws/src/install/lifecycle_msgs/include/lifecycle_msgs/lifecycle_msgs/srv/detail/get_state__rosidl_typesupport_introspection_cpp.hpp
[10.415s] -- Installing: /home/user/robo/sb-robot/microros_ws/src/install/lifecycle_msgs/include/lifecycle_msgs/lifecycle_msgs/srv/detail/get_available_states__type_support.cpp
[10.415s] -- Installing: /home/user/robo/sb-robot/microros_ws/src/install/lifecycle_msgs/include/lifecycle_msgs/lifecycle_msgs/srv/detail/change_state__type_support.cpp
[10.415s] -- Up-to-date: /home/user/robo/sb-robot/microros_ws/src/install/lifecycle_msgs/include/lifecycle_msgs/lifecycle_msgs/msg
[10.415s] -- Up-to-date: /home/user/robo/sb-robot/microros_ws/src/install/lifecycle_msgs/include/lifecycle_msgs/lifecycle_msgs/msg/detail
[10.415s] -- Installing: /home/user/robo/sb-robot/microros_ws/src/install/lifecycle_msgs/include/lifecycle_msgs/lifecycle_msgs/msg/detail/state__type_support.cpp
[10.415s] -- Installing: /home/user/robo/sb-robot/microros_ws/src/install/lifecycle_msgs/include/lifecycle_msgs/lifecycle_msgs/msg/detail/transition_event__type_support.cpp
[10.415s] -- Installing: /home/user/robo/sb-robot/microros_ws/src/install/lifecycle_msgs/include/lifecycle_msgs/lifecycle_msgs/msg/detail/transition_event__rosidl_typesupport_introspection_cpp.hpp
[10.415s] -- Installing: /home/user/robo/sb-robot/microros_ws/src/install/lifecycle_msgs/include/lifecycle_msgs/lifecycle_msgs/msg/detail/state__rosidl_typesupport_introspection_cpp.hpp
[10.415s] -- Installing: /home/user/robo/sb-robot/microros_ws/src/install/lifecycle_msgs/include/lifecycle_msgs/lifecycle_msgs/msg/detail/transition_description__type_support.cpp
[10.416s] -- Installing: /home/user/robo/sb-robot/microros_ws/src/install/lifecycle_msgs/include/lifecycle_msgs/lifecycle_msgs/msg/detail/transition__type_support.cpp
[10.416s] -- Installing: /home/user/robo/sb-robot/microros_ws/src/install/lifecycle_msgs/include/lifecycle_msgs/lifecycle_msgs/msg/detail/transition_description__rosidl_typesupport_introspection_cpp.hpp
[10.416s] -- Installing: /home/user/robo/sb-robot/microros_ws/src/install/lifecycle_msgs/include/lifecycle_msgs/lifecycle_msgs/msg/detail/transition__rosidl_typesupport_introspection_cpp.hpp
[10.416s] -- Installing: /home/user/robo/sb-robot/microros_ws/src/install/lifecycle_msgs/lib/liblifecycle_msgs__rosidl_typesupport_introspection_cpp.so
[10.416s] -- Set runtime path of "/home/user/robo/sb-robot/microros_ws/src/install/lifecycle_msgs/lib/liblifecycle_msgs__rosidl_typesupport_introspection_cpp.so" to ""
[10.416s] -- Installing: /home/user/robo/sb-robot/microros_ws/src/install/lifecycle_msgs/lib/liblifecycle_msgs__rosidl_typesupport_cpp.so
[10.416s] -- Set runtime path of "/home/user/robo/sb-robot/microros_ws/src/install/lifecycle_msgs/lib/liblifecycle_msgs__rosidl_typesupport_cpp.so" to ""
[10.416s] -- Installing: /home/user/robo/sb-robot/microros_ws/src/install/lifecycle_msgs/share/lifecycle_msgs/environment/pythonpath.sh
[10.416s] -- Installing: /home/user/robo/sb-robot/microros_ws/src/install/lifecycle_msgs/share/lifecycle_msgs/environment/pythonpath.dsv
[10.416s] -- Installing: /home/user/robo/sb-robot/microros_ws/src/install/lifecycle_msgs/local/lib/python3.10/dist-packages/lifecycle_msgs-1.2.1-py3.10.egg-info
[10.416s] -- Installing: /home/user/robo/sb-robot/microros_ws/src/install/lifecycle_msgs/local/lib/python3.10/dist-packages/lifecycle_msgs-1.2.1-py3.10.egg-info/top_level.txt
[10.416s] -- Installing: /home/user/robo/sb-robot/microros_ws/src/install/lifecycle_msgs/local/lib/python3.10/dist-packages/lifecycle_msgs-1.2.1-py3.10.egg-info/dependency_links.txt
[10.416s] -- Installing: /home/user/robo/sb-robot/microros_ws/src/install/lifecycle_msgs/local/lib/python3.10/dist-packages/lifecycle_msgs-1.2.1-py3.10.egg-info/PKG-INFO
[10.416s] -- Installing: /home/user/robo/sb-robot/microros_ws/src/install/lifecycle_msgs/local/lib/python3.10/dist-packages/lifecycle_msgs-1.2.1-py3.10.egg-info/SOURCES.txt
[10.417s] -- Installing: /home/user/robo/sb-robot/microros_ws/src/install/lifecycle_msgs/local/lib/python3.10/dist-packages/lifecycle_msgs
[10.417s] -- Installing: /home/user/robo/sb-robot/microros_ws/src/install/lifecycle_msgs/local/lib/python3.10/dist-packages/lifecycle_msgs/lifecycle_msgs_s__rosidl_typesupport_fastrtps_c.cpython-310-x86_64-linux-gnu.so
[10.417s] -- Installing: /home/user/robo/sb-robot/microros_ws/src/install/lifecycle_msgs/local/lib/python3.10/dist-packages/lifecycle_msgs/_lifecycle_msgs_s.ep.rosidl_typesupport_c.c
[10.417s] -- Installing: /home/user/robo/sb-robot/microros_ws/src/install/lifecycle_msgs/local/lib/python3.10/dist-packages/lifecycle_msgs/srv
[10.417s] -- Installing: /home/user/robo/sb-robot/microros_ws/src/install/lifecycle_msgs/local/lib/python3.10/dist-packages/lifecycle_msgs/srv/_get_available_states_s.c
[10.417s] -- Installing: /home/user/robo/sb-robot/microros_ws/src/install/lifecycle_msgs/local/lib/python3.10/dist-packages/lifecycle_msgs/srv/_get_state_s.c
[10.417s] -- Installing: /home/user/robo/sb-robot/microros_ws/src/install/lifecycle_msgs/local/lib/python3.10/dist-packages/lifecycle_msgs/srv/__init__.py
[10.417s] -- Installing: /home/user/robo/sb-robot/microros_ws/src/install/lifecycle_msgs/local/lib/python3.10/dist-packages/lifecycle_msgs/srv/_change_state.py
[10.417s] -- Installing: /home/user/robo/sb-robot/microros_ws/src/install/lifecycle_msgs/local/lib/python3.10/dist-packages/lifecycle_msgs/srv/_get_available_transitions_s.c
[10.417s] -- Installing: /home/user/robo/sb-robot/microros_ws/src/install/lifecycle_msgs/local/lib/python3.10/dist-packages/lifecycle_msgs/srv/_get_state.py
[10.417s] -- Installing: /home/user/robo/sb-robot/microros_ws/src/install/lifecycle_msgs/local/lib/python3.10/dist-packages/lifecycle_msgs/srv/_get_available_transitions.py
[10.417s] -- Installing: /home/user/robo/sb-robot/microros_ws/src/install/lifecycle_msgs/local/lib/python3.10/dist-packages/lifecycle_msgs/srv/_get_available_states.py
[10.417s] -- Installing: /home/user/robo/sb-robot/microros_ws/src/install/lifecycle_msgs/local/lib/python3.10/dist-packages/lifecycle_msgs/srv/_change_state_s.c
[10.417s] -- Installing: /home/user/robo/sb-robot/microros_ws/src/install/lifecycle_msgs/local/lib/python3.10/dist-packages/lifecycle_msgs/__init__.py
[10.418s] -- Installing: /home/user/robo/sb-robot/microros_ws/src/install/lifecycle_msgs/local/lib/python3.10/dist-packages/lifecycle_msgs/liblifecycle_msgs__rosidl_generator_py.so
[10.418s] -- Installing: /home/user/robo/sb-robot/microros_ws/src/install/lifecycle_msgs/local/lib/python3.10/dist-packages/lifecycle_msgs/lifecycle_msgs_s__rosidl_typesupport_c.cpython-310-x86_64-linux-gnu.so
[10.418s] -- Installing: /home/user/robo/sb-robot/microros_ws/src/install/lifecycle_msgs/local/lib/python3.10/dist-packages/lifecycle_msgs/_lifecycle_msgs_s.ep.rosidl_typesupport_fastrtps_c.c
[10.418s] -- Installing: /home/user/robo/sb-robot/microros_ws/src/install/lifecycle_msgs/local/lib/python3.10/dist-packages/lifecycle_msgs/_lifecycle_msgs_s.ep.rosidl_typesupport_introspection_c.c
[10.418s] -- Installing: /home/user/robo/sb-robot/microros_ws/src/install/lifecycle_msgs/local/lib/python3.10/dist-packages/lifecycle_msgs/lifecycle_msgs_s__rosidl_typesupport_introspection_c.cpython-310-x86_64-linux-gnu.so
[10.418s] -- Installing: /home/user/robo/sb-robot/microros_ws/src/install/lifecycle_msgs/local/lib/python3.10/dist-packages/lifecycle_msgs/msg
[10.421s] -- Installing: /home/user/robo/sb-robot/microros_ws/src/install/lifecycle_msgs/local/lib/python3.10/dist-packages/lifecycle_msgs/msg/_transition_event_s.c
[10.421s] -- Installing: /home/user/robo/sb-robot/microros_ws/src/install/lifecycle_msgs/local/lib/python3.10/dist-packages/lifecycle_msgs/msg/_transition_description.py
[10.421s] -- Installing: /home/user/robo/sb-robot/microros_ws/src/install/lifecycle_msgs/local/lib/python3.10/dist-packages/lifecycle_msgs/msg/_transition_s.c
[10.422s] -- Installing: /home/user/robo/sb-robot/microros_ws/src/install/lifecycle_msgs/local/lib/python3.10/dist-packages/lifecycle_msgs/msg/_transition_event.py
[10.422s] -- Installing: /home/user/robo/sb-robot/microros_ws/src/install/lifecycle_msgs/local/lib/python3.10/dist-packages/lifecycle_msgs/msg/__init__.py
[10.422s] -- Installing: /home/user/robo/sb-robot/microros_ws/src/install/lifecycle_msgs/local/lib/python3.10/dist-packages/lifecycle_msgs/msg/_state_s.c
[10.422s] -- Installing: /home/user/robo/sb-robot/microros_ws/src/install/lifecycle_msgs/local/lib/python3.10/dist-packages/lifecycle_msgs/msg/_transition_description_s.c
[10.422s] -- Installing: /home/user/robo/sb-robot/microros_ws/src/install/lifecycle_msgs/local/lib/python3.10/dist-packages/lifecycle_msgs/msg/_state.py
[10.422s] -- Installing: /home/user/robo/sb-robot/microros_ws/src/install/lifecycle_msgs/local/lib/python3.10/dist-packages/lifecycle_msgs/msg/_transition.py
[10.535s] Listing '/home/user/robo/sb-robot/microros_ws/src/install/lifecycle_msgs/local/lib/python3.10/dist-packages/lifecycle_msgs'...
[10.535s] Compiling '/home/user/robo/sb-robot/microros_ws/src/install/lifecycle_msgs/local/lib/python3.10/dist-packages/lifecycle_msgs/__init__.py'...
[10.535s] Listing '/home/user/robo/sb-robot/microros_ws/src/install/lifecycle_msgs/local/lib/python3.10/dist-packages/lifecycle_msgs/msg'...
[10.535s] Compiling '/home/user/robo/sb-robot/microros_ws/src/install/lifecycle_msgs/local/lib/python3.10/dist-packages/lifecycle_msgs/msg/__init__.py'...
[10.535s] Compiling '/home/user/robo/sb-robot/microros_ws/src/install/lifecycle_msgs/local/lib/python3.10/dist-packages/lifecycle_msgs/msg/_state.py'...
[10.535s] Compiling '/home/user/robo/sb-robot/microros_ws/src/install/lifecycle_msgs/local/lib/python3.10/dist-packages/lifecycle_msgs/msg/_transition.py'...
[10.535s] Compiling '/home/user/robo/sb-robot/microros_ws/src/install/lifecycle_msgs/local/lib/python3.10/dist-packages/lifecycle_msgs/msg/_transition_description.py'...
[10.535s] Compiling '/home/user/robo/sb-robot/microros_ws/src/install/lifecycle_msgs/local/lib/python3.10/dist-packages/lifecycle_msgs/msg/_transition_event.py'...
[10.535s] Listing '/home/user/robo/sb-robot/microros_ws/src/install/lifecycle_msgs/local/lib/python3.10/dist-packages/lifecycle_msgs/srv'...
[10.535s] Compiling '/home/user/robo/sb-robot/microros_ws/src/install/lifecycle_msgs/local/lib/python3.10/dist-packages/lifecycle_msgs/srv/__init__.py'...
[10.535s] Compiling '/home/user/robo/sb-robot/microros_ws/src/install/lifecycle_msgs/local/lib/python3.10/dist-packages/lifecycle_msgs/srv/_change_state.py'...
[10.536s] Compiling '/home/user/robo/sb-robot/microros_ws/src/install/lifecycle_msgs/local/lib/python3.10/dist-packages/lifecycle_msgs/srv/_get_available_states.py'...
[10.536s] Compiling '/home/user/robo/sb-robot/microros_ws/src/install/lifecycle_msgs/local/lib/python3.10/dist-packages/lifecycle_msgs/srv/_get_available_transitions.py'...
[10.536s] Compiling '/home/user/robo/sb-robot/microros_ws/src/install/lifecycle_msgs/local/lib/python3.10/dist-packages/lifecycle_msgs/srv/_get_state.py'...
[10.571s] -- Installing: /home/user/robo/sb-robot/microros_ws/src/install/lifecycle_msgs/local/lib/python3.10/dist-packages/lifecycle_msgs/lifecycle_msgs_s__rosidl_typesupport_fastrtps_c.cpython-310-x86_64-linux-gnu.so
[10.573s] -- Set runtime path of "/home/user/robo/sb-robot/microros_ws/src/install/lifecycle_msgs/local/lib/python3.10/dist-packages/lifecycle_msgs/lifecycle_msgs_s__rosidl_typesupport_fastrtps_c.cpython-310-x86_64-linux-gnu.so" to ""
[10.573s] -- Installing: /home/user/robo/sb-robot/microros_ws/src/install/lifecycle_msgs/local/lib/python3.10/dist-packages/lifecycle_msgs/lifecycle_msgs_s__rosidl_typesupport_introspection_c.cpython-310-x86_64-linux-gnu.so
[10.573s] -- Set runtime path of "/home/user/robo/sb-robot/microros_ws/src/install/lifecycle_msgs/local/lib/python3.10/dist-packages/lifecycle_msgs/lifecycle_msgs_s__rosidl_typesupport_introspection_c.cpython-310-x86_64-linux-gnu.so" to ""
[10.574s] -- Installing: /home/user/robo/sb-robot/microros_ws/src/install/lifecycle_msgs/local/lib/python3.10/dist-packages/lifecycle_msgs/lifecycle_msgs_s__rosidl_typesupport_c.cpython-310-x86_64-linux-gnu.so
[10.574s] -- Set runtime path of "/home/user/robo/sb-robot/microros_ws/src/install/lifecycle_msgs/local/lib/python3.10/dist-packages/lifecycle_msgs/lifecycle_msgs_s__rosidl_typesupport_c.cpython-310-x86_64-linux-gnu.so" to ""
[10.575s] -- Installing: /home/user/robo/sb-robot/microros_ws/src/install/lifecycle_msgs/lib/liblifecycle_msgs__rosidl_generator_py.so
[10.577s] -- Set runtime path of "/home/user/robo/sb-robot/microros_ws/src/install/lifecycle_msgs/lib/liblifecycle_msgs__rosidl_generator_py.so" to ""
[10.577s] -- Installing: /home/user/robo/sb-robot/microros_ws/src/install/lifecycle_msgs/share/lifecycle_msgs/msg/State.idl
[10.578s] -- Installing: /home/user/robo/sb-robot/microros_ws/src/install/lifecycle_msgs/share/lifecycle_msgs/msg/Transition.idl
[10.578s] -- Installing: /home/user/robo/sb-robot/microros_ws/src/install/lifecycle_msgs/share/lifecycle_msgs/msg/TransitionDescription.idl
[10.578s] -- Installing: /home/user/robo/sb-robot/microros_ws/src/install/lifecycle_msgs/share/lifecycle_msgs/msg/TransitionEvent.idl
[10.578s] -- Installing: /home/user/robo/sb-robot/microros_ws/src/install/lifecycle_msgs/share/lifecycle_msgs/srv/ChangeState.idl
[10.578s] -- Installing: /home/user/robo/sb-robot/microros_ws/src/install/lifecycle_msgs/share/lifecycle_msgs/srv/GetAvailableStates.idl
[10.578s] -- Installing: /home/user/robo/sb-robot/microros_ws/src/install/lifecycle_msgs/share/lifecycle_msgs/srv/GetAvailableTransitions.idl
[10.578s] -- Installing: /home/user/robo/sb-robot/microros_ws/src/install/lifecycle_msgs/share/lifecycle_msgs/srv/GetState.idl
[10.578s] -- Installing: /home/user/robo/sb-robot/microros_ws/src/install/lifecycle_msgs/share/lifecycle_msgs/msg/State.msg
[10.583s] -- Installing: /home/user/robo/sb-robot/microros_ws/src/install/lifecycle_msgs/share/lifecycle_msgs/msg/Transition.msg
[10.584s] -- Installing: /home/user/robo/sb-robot/microros_ws/src/install/lifecycle_msgs/share/lifecycle_msgs/msg/TransitionDescription.msg
[10.584s] -- Installing: /home/user/robo/sb-robot/microros_ws/src/install/lifecycle_msgs/share/lifecycle_msgs/msg/TransitionEvent.msg
[10.584s] -- Installing: /home/user/robo/sb-robot/microros_ws/src/install/lifecycle_msgs/share/lifecycle_msgs/srv/ChangeState.srv
[10.585s] -- Installing: /home/user/robo/sb-robot/microros_ws/src/install/lifecycle_msgs/share/lifecycle_msgs/srv/ChangeState_Request.msg
[10.585s] -- Installing: /home/user/robo/sb-robot/microros_ws/src/install/lifecycle_msgs/share/lifecycle_msgs/srv/ChangeState_Response.msg
[10.585s] -- Installing: /home/user/robo/sb-robot/microros_ws/src/install/lifecycle_msgs/share/lifecycle_msgs/srv/GetAvailableStates.srv
[10.585s] -- Installing: /home/user/robo/sb-robot/microros_ws/src/install/lifecycle_msgs/share/lifecycle_msgs/srv/GetAvailableStates_Request.msg
[10.585s] -- Installing: /home/user/robo/sb-robot/microros_ws/src/install/lifecycle_msgs/share/lifecycle_msgs/srv/GetAvailableStates_Response.msg
[10.585s] -- Installing: /home/user/robo/sb-robot/microros_ws/src/install/lifecycle_msgs/share/lifecycle_msgs/srv/GetAvailableTransitions.srv
[10.585s] -- Installing: /home/user/robo/sb-robot/microros_ws/src/install/lifecycle_msgs/share/lifecycle_msgs/srv/GetAvailableTransitions_Request.msg
[10.588s] -- Installing: /home/user/robo/sb-robot/microros_ws/src/install/lifecycle_msgs/share/lifecycle_msgs/srv/GetAvailableTransitions_Response.msg
[10.588s] -- Installing: /home/user/robo/sb-robot/microros_ws/src/install/lifecycle_msgs/share/lifecycle_msgs/srv/GetState.srv
[10.588s] -- Installing: /home/user/robo/sb-robot/microros_ws/src/install/lifecycle_msgs/share/lifecycle_msgs/srv/GetState_Request.msg
[10.588s] -- Installing: /home/user/robo/sb-robot/microros_ws/src/install/lifecycle_msgs/share/lifecycle_msgs/srv/GetState_Response.msg
[10.588s] -- Installing: /home/user/robo/sb-robot/microros_ws/src/install/lifecycle_msgs/share/ament_index/resource_index/package_run_dependencies/lifecycle_msgs
[10.588s] -- Installing: /home/user/robo/sb-robot/microros_ws/src/install/lifecycle_msgs/share/ament_index/resource_index/parent_prefix_path/lifecycle_msgs
[10.588s] -- Installing: /home/user/robo/sb-robot/microros_ws/src/install/lifecycle_msgs/share/lifecycle_msgs/environment/ament_prefix_path.sh
[10.590s] -- Installing: /home/user/robo/sb-robot/microros_ws/src/install/lifecycle_msgs/share/lifecycle_msgs/environment/ament_prefix_path.dsv
[10.590s] -- Installing: /home/user/robo/sb-robot/microros_ws/src/install/lifecycle_msgs/share/lifecycle_msgs/environment/path.sh
[10.590s] -- Installing: /home/user/robo/sb-robot/microros_ws/src/install/lifecycle_msgs/share/lifecycle_msgs/environment/path.dsv
[10.590s] -- Installing: /home/user/robo/sb-robot/microros_ws/src/install/lifecycle_msgs/share/lifecycle_msgs/local_setup.bash
[10.590s] -- Installing: /home/user/robo/sb-robot/microros_ws/src/install/lifecycle_msgs/share/lifecycle_msgs/local_setup.sh
[10.590s] -- Installing: /home/user/robo/sb-robot/microros_ws/src/install/lifecycle_msgs/share/lifecycle_msgs/local_setup.zsh
[10.590s] -- Installing: /home/user/robo/sb-robot/microros_ws/src/install/lifecycle_msgs/share/lifecycle_msgs/local_setup.dsv
[10.590s] -- Installing: /home/user/robo/sb-robot/microros_ws/src/install/lifecycle_msgs/share/lifecycle_msgs/package.dsv
[10.590s] -- Installing: /home/user/robo/sb-robot/microros_ws/src/install/lifecycle_msgs/share/ament_index/resource_index/packages/lifecycle_msgs
[10.594s] -- Installing: /home/user/robo/sb-robot/microros_ws/src/install/lifecycle_msgs/share/lifecycle_msgs/cmake/export_lifecycle_msgs__rosidl_generator_cExport.cmake
[10.594s] -- Installing: /home/user/robo/sb-robot/microros_ws/src/install/lifecycle_msgs/share/lifecycle_msgs/cmake/export_lifecycle_msgs__rosidl_generator_cExport-noconfig.cmake
[10.594s] -- Installing: /home/user/robo/sb-robot/microros_ws/src/install/lifecycle_msgs/share/lifecycle_msgs/cmake/export_lifecycle_msgs__rosidl_typesupport_fastrtps_cExport.cmake
[10.595s] -- Installing: /home/user/robo/sb-robot/microros_ws/src/install/lifecycle_msgs/share/lifecycle_msgs/cmake/export_lifecycle_msgs__rosidl_typesupport_fastrtps_cExport-noconfig.cmake
[10.595s] -- Installing: /home/user/robo/sb-robot/microros_ws/src/install/lifecycle_msgs/share/lifecycle_msgs/cmake/lifecycle_msgs__rosidl_typesupport_introspection_cExport.cmake
[10.595s] -- Installing: /home/user/robo/sb-robot/microros_ws/src/install/lifecycle_msgs/share/lifecycle_msgs/cmake/lifecycle_msgs__rosidl_typesupport_introspection_cExport-noconfig.cmake
[10.595s] -- Installing: /home/user/robo/sb-robot/microros_ws/src/install/lifecycle_msgs/share/lifecycle_msgs/cmake/lifecycle_msgs__rosidl_typesupport_cExport.cmake
[10.595s] -- Installing: /home/user/robo/sb-robot/microros_ws/src/install/lifecycle_msgs/share/lifecycle_msgs/cmake/lifecycle_msgs__rosidl_typesupport_cExport-noconfig.cmake
[10.595s] -- Installing: /home/user/robo/sb-robot/microros_ws/src/install/lifecycle_msgs/share/lifecycle_msgs/cmake/export_lifecycle_msgs__rosidl_generator_cppExport.cmake
[10.599s] -- Installing: /home/user/robo/sb-robot/microros_ws/src/install/lifecycle_msgs/share/lifecycle_msgs/cmake/export_lifecycle_msgs__rosidl_typesupport_fastrtps_cppExport.cmake
[10.600s] -- Installing: /home/user/robo/sb-robot/microros_ws/src/install/lifecycle_msgs/share/lifecycle_msgs/cmake/export_lifecycle_msgs__rosidl_typesupport_fastrtps_cppExport-noconfig.cmake
[10.600s] -- Installing: /home/user/robo/sb-robot/microros_ws/src/install/lifecycle_msgs/share/lifecycle_msgs/cmake/lifecycle_msgs__rosidl_typesupport_introspection_cppExport.cmake
[10.600s] -- Installing: /home/user/robo/sb-robot/microros_ws/src/install/lifecycle_msgs/share/lifecycle_msgs/cmake/lifecycle_msgs__rosidl_typesupport_introspection_cppExport-noconfig.cmake
[10.600s] -- Installing: /home/user/robo/sb-robot/microros_ws/src/install/lifecycle_msgs/share/lifecycle_msgs/cmake/lifecycle_msgs__rosidl_typesupport_cppExport.cmake
[10.600s] -- Installing: /home/user/robo/sb-robot/microros_ws/src/install/lifecycle_msgs/share/lifecycle_msgs/cmake/lifecycle_msgs__rosidl_typesupport_cppExport-noconfig.cmake
[10.600s] -- Installing: /home/user/robo/sb-robot/microros_ws/src/install/lifecycle_msgs/share/lifecycle_msgs/cmake/export_lifecycle_msgs__rosidl_generator_pyExport.cmake
[10.600s] -- Installing: /home/user/robo/sb-robot/microros_ws/src/install/lifecycle_msgs/share/lifecycle_msgs/cmake/export_lifecycle_msgs__rosidl_generator_pyExport-noconfig.cmake
[10.600s] -- Installing: /home/user/robo/sb-robot/microros_ws/src/install/lifecycle_msgs/share/lifecycle_msgs/cmake/rosidl_cmake-extras.cmake
[10.600s] -- Installing: /home/user/robo/sb-robot/microros_ws/src/install/lifecycle_msgs/share/lifecycle_msgs/cmake/ament_cmake_export_include_directories-extras.cmake
[10.600s] -- Installing: /home/user/robo/sb-robot/microros_ws/src/install/lifecycle_msgs/share/lifecycle_msgs/cmake/ament_cmake_export_libraries-extras.cmake
[10.600s] -- Installing: /home/user/robo/sb-robot/microros_ws/src/install/lifecycle_msgs/share/lifecycle_msgs/cmake/ament_cmake_export_targets-extras.cmake
[10.600s] -- Installing: /home/user/robo/sb-robot/microros_ws/src/install/lifecycle_msgs/share/lifecycle_msgs/cmake/rosidl_cmake_export_typesupport_targets-extras.cmake
[10.600s] -- Installing: /home/user/robo/sb-robot/microros_ws/src/install/lifecycle_msgs/share/lifecycle_msgs/cmake/ament_cmake_export_dependencies-extras.cmake
[10.601s] -- Installing: /home/user/robo/sb-robot/microros_ws/src/install/lifecycle_msgs/share/lifecycle_msgs/cmake/rosidl_cmake_export_typesupport_libraries-extras.cmake
[10.601s] -- Installing: /home/user/robo/sb-robot/microros_ws/src/install/lifecycle_msgs/share/lifecycle_msgs/cmake/lifecycle_msgsConfig.cmake
[10.601s] -- Installing: /home/user/robo/sb-robot/microros_ws/src/install/lifecycle_msgs/share/lifecycle_msgs/cmake/lifecycle_msgsConfig-version.cmake
[10.601s] -- Installing: /home/user/robo/sb-robot/microros_ws/src/install/lifecycle_msgs/share/lifecycle_msgs/package.xml
[10.608s] Invoked command in '/home/user/robo/sb-robot/microros_ws/src/build/lifecycle_msgs' returned '0': CMAKE_PREFIX_PATH=${CMAKE_PREFIX_PATH}:/opt/ros/humble /usr/bin/cmake --install /home/user/robo/sb-robot/microros_ws/src/build/lifecycle_msgs
