[0.008s] Invoking command in '/home/user/robo/sb-robot/ros_ws/build/sb_robot': CMAKE_PREFIX_PATH=/opt/ros/humble /usr/bin/cmake --build /home/user/robo/sb-robot/ros_ws/build/sb_robot -- -j20 -l20
[0.064s] -- Found ament_cmake: 1.3.11 (/opt/ros/humble/share/ament_cmake/cmake)
[0.150s] -- Override CMake install command with custom implementation using symlinks instead of copying resources
[0.161s] -- Found ament_lint_auto: 0.12.11 (/opt/ros/humble/share/ament_lint_auto/cmake)
[0.205s] -- Configuring done
[0.209s] -- Generating done
[0.210s] -- Build files have been written to: /home/user/robo/sb-robot/ros_ws/build/sb_robot
[0.226s] Invoked command in '/home/user/robo/sb-robot/ros_ws/build/sb_robot' returned '0': CMAKE_PREFIX_PATH=/opt/ros/humble /usr/bin/cmake --build /home/user/robo/sb-robot/ros_ws/build/sb_robot -- -j20 -l20
[0.234s] Invoking command in '/home/user/robo/sb-robot/ros_ws/build/sb_robot': CMAKE_PREFIX_PATH=/opt/ros/humble /usr/bin/cmake --install /home/user/robo/sb-robot/ros_ws/build/sb_robot
[0.239s] -- Install configuration: ""
[0.239s] -- Execute custom install script
[0.240s] -- Up-to-date symlink: /home/user/robo/sb-robot/ros_ws/install/sb_robot/share/sb_robot/config/my_controllers.yaml
[0.240s] -- Symlinking: /home/user/robo/sb-robot/ros_ws/install/sb_robot/share/sb_robot/config/params_pid.yaml
[0.246s] -- Symlinking: /home/user/robo/sb-robot/ros_ws/install/sb_robot/share/sb_robot/config/pid_config.yaml
[0.253s] -- Up-to-date symlink: /home/user/robo/sb-robot/ros_ws/install/sb_robot/share/sb_robot/config/ppp.yaml
[0.253s] -- Up-to-date symlink: /home/user/robo/sb-robot/ros_ws/install/sb_robot/share/sb_robot/meshes/base_link.STL
[0.253s] -- Symlinking: /home/user/robo/sb-robot/ros_ws/install/sb_robot/share/sb_robot/meshes/chassis.STL
[0.259s] -- Symlinking: /home/user/robo/sb-robot/ros_ws/install/sb_robot/share/sb_robot/meshes/imu_link.STL
[0.265s] -- Up-to-date symlink: /home/user/robo/sb-robot/ros_ws/install/sb_robot/share/sb_robot/meshes/laser_link.STL
[0.265s] -- Symlinking: /home/user/robo/sb-robot/ros_ws/install/sb_robot/share/sb_robot/meshes/lw_link.STL
[0.270s] -- Symlinking: /home/user/robo/sb-robot/ros_ws/install/sb_robot/share/sb_robot/meshes/rw_link.STL
[0.276s] -- Up-to-date symlink: /home/user/robo/sb-robot/ros_ws/install/sb_robot/share/sb_robot/launch/launch_robo.launch.py
[0.276s] -- Up-to-date symlink: /home/user/robo/sb-robot/ros_ws/install/sb_robot/share/sb_robot/launch/rsp.launch.py
[0.277s] -- Up-to-date symlink: /home/user/robo/sb-robot/ros_ws/install/sb_robot/share/sb_robot/description/robot.urdf.xacro
[0.277s] -- Up-to-date symlink: /home/user/robo/sb-robot/ros_ws/install/sb_robot/share/sb_robot/description/robot_core.xacro
[0.277s] -- Up-to-date symlink: /home/user/robo/sb-robot/ros_ws/install/sb_robot/share/sb_robot/description/ros2_control.xacro
[0.277s] -- Up-to-date symlink: /home/user/robo/sb-robot/ros_ws/install/sb_robot/share/sb_robot/description/unused/bno055.xacro
[0.277s] -- Up-to-date symlink: /home/user/robo/sb-robot/ros_ws/install/sb_robot/share/sb_robot/description/unused/camera.xacro
[0.277s] -- Up-to-date symlink: /home/user/robo/sb-robot/ros_ws/install/sb_robot/share/sb_robot/description/unused/gazebo_control.xacro
[0.277s] -- Up-to-date symlink: /home/user/robo/sb-robot/ros_ws/install/sb_robot/share/sb_robot/description/unused/inertial_macros.xacro
[0.277s] -- Up-to-date symlink: /home/user/robo/sb-robot/ros_ws/install/sb_robot/share/sb_robot/description/unused/lidar.xacro
[0.277s] -- Up-to-date symlink: /home/user/robo/sb-robot/ros_ws/install/sb_robot/share/sb_robot/description/unused/lidar_rotating.xacro
[0.277s] -- Up-to-date symlink: /home/user/robo/sb-robot/ros_ws/install/sb_robot/share/ament_index/resource_index/package_run_dependencies/sb_robot
[0.277s] -- Up-to-date symlink: /home/user/robo/sb-robot/ros_ws/install/sb_robot/share/ament_index/resource_index/parent_prefix_path/sb_robot
[0.278s] -- Up-to-date symlink: /home/user/robo/sb-robot/ros_ws/install/sb_robot/share/sb_robot/environment/ament_prefix_path.sh
[0.278s] -- Up-to-date symlink: /home/user/robo/sb-robot/ros_ws/install/sb_robot/share/sb_robot/environment/ament_prefix_path.dsv
[0.278s] -- Up-to-date symlink: /home/user/robo/sb-robot/ros_ws/install/sb_robot/share/sb_robot/environment/path.sh
[0.278s] -- Up-to-date symlink: /home/user/robo/sb-robot/ros_ws/install/sb_robot/share/sb_robot/environment/path.dsv
[0.278s] -- Up-to-date symlink: /home/user/robo/sb-robot/ros_ws/install/sb_robot/share/sb_robot/local_setup.bash
[0.278s] -- Up-to-date symlink: /home/user/robo/sb-robot/ros_ws/install/sb_robot/share/sb_robot/local_setup.sh
[0.278s] -- Up-to-date symlink: /home/user/robo/sb-robot/ros_ws/install/sb_robot/share/sb_robot/local_setup.zsh
[0.278s] -- Up-to-date symlink: /home/user/robo/sb-robot/ros_ws/install/sb_robot/share/sb_robot/local_setup.dsv
[0.278s] -- Symlinking: /home/user/robo/sb-robot/ros_ws/install/sb_robot/share/sb_robot/package.dsv
[0.283s] -- Up-to-date symlink: /home/user/robo/sb-robot/ros_ws/install/sb_robot/share/ament_index/resource_index/packages/sb_robot
[0.283s] -- Up-to-date symlink: /home/user/robo/sb-robot/ros_ws/install/sb_robot/share/sb_robot/cmake/sb_robotConfig.cmake
[0.283s] -- Up-to-date symlink: /home/user/robo/sb-robot/ros_ws/install/sb_robot/share/sb_robot/cmake/sb_robotConfig-version.cmake
[0.283s] -- Up-to-date symlink: /home/user/robo/sb-robot/ros_ws/install/sb_robot/share/sb_robot/package.xml
[0.285s] Invoked command in '/home/user/robo/sb-robot/ros_ws/build/sb_robot' returned '0': CMAKE_PREFIX_PATH=/opt/ros/humble /usr/bin/cmake --install /home/user/robo/sb-robot/ros_ws/build/sb_robot
