[0.134s] Invoking command in '/home/user/robo/sb-robot/microros_ws/build/complex_msgs': CMAKE_PREFIX_PATH=/home/user/robo/sb-robot/microros_ws/install/builtin_interfaces:/home/user/robo/sb-robot/microros_ws/src/install/action_msgs:/home/user/robo/sb-robot/microros_ws/src/install/unique_identifier_msgs:/home/user/robo/sb-robot/microros_ws/src/install/std_srvs:/home/user/robo/sb-robot/microros_ws/src/install/statistics_msgs:/home/user/robo/sb-robot/microros_ws/src/install/rmw_microxrcedds:/home/user/robo/sb-robot/microros_ws/src/install/rosidl_typesupport_microxrcedds_cpp:/home/user/robo/sb-robot/microros_ws/src/install/rosidl_typesupport_microxrcedds_c:/home/user/robo/sb-robot/microros_ws/src/install/rosgraph_msgs:/home/user/robo/sb-robot/microros_ws/src/install/microxrcedds_client:/home/user/robo/sb-robot/microros_ws/src/install/microcdr:/home/user/robo/sb-robot/microros_ws/src/install/micro_ros_utilities:/home/user/robo/sb-robot/microros_ws/src/install/micro_ros_setup:/home/user/robo/sb-robot/microros_ws/src/install/micro_ros_msgs:/home/user/robo/sb-robot/microros_ws/src/install/lifecycle_msgs:/home/user/robo/sb-robot/microros_ws/src/install/complex_msgs:/home/user/robo/sb-robot/microros_ws/src/install/builtin_interfaces:/home/user/robo/sb-robot/microros_ws/install/micro_ros_setup:/home/user/robo/sb-robot/microros_ws/install/micro_ros_agent:/home/user/robo/sb-robot/microros_ws/install/micro_ros_msgs:/opt/ros/humble LD_LIBRARY_PATH=/home/user/robo/sb-robot/microros_ws/install/builtin_interfaces/lib:/home/user/robo/sb-robot/microros_ws/src/install/action_msgs/lib:/home/user/robo/sb-robot/microros_ws/src/install/unique_identifier_msgs/lib:/home/user/robo/sb-robot/microros_ws/src/install/std_srvs/lib:/home/user/robo/sb-robot/microros_ws/src/install/statistics_msgs/lib:/home/user/robo/sb-robot/microros_ws/src/install/rmw_microxrcedds/lib:/home/user/robo/sb-robot/microros_ws/src/install/rosidl_typesupport_microxrcedds_cpp/lib:/home/user/robo/sb-robot/microros_ws/src/install/rosidl_typesupport_microxrcedds_c/lib:/home/user/robo/sb-robot/microros_ws/src/install/rosgraph_msgs/lib:/home/user/robo/sb-robot/microros_ws/src/install/microxrcedds_client/lib:/home/user/robo/sb-robot/microros_ws/src/install/microcdr/lib:/home/user/robo/sb-robot/microros_ws/src/install/micro_ros_utilities/lib:/home/user/robo/sb-robot/microros_ws/src/install/micro_ros_msgs/lib:/home/user/robo/sb-robot/microros_ws/src/install/lifecycle_msgs/lib:/home/user/robo/sb-robot/microros_ws/src/install/complex_msgs/lib:/home/user/robo/sb-robot/microros_ws/src/install/builtin_interfaces/lib:/home/user/robo/sb-robot/microros_ws/install/micro_ros_agent/lib:/home/user/robo/sb-robot/microros_ws/install/micro_ros_msgs/lib:/usr/lib/x86_64-linux-gnu/gazebo-11/plugins:/opt/ros/humble/opt/rviz_ogre_vendor/lib:/opt/ros/humble/lib/x86_64-linux-gnu:/opt/ros/humble/lib /usr/bin/cmake /home/user/robo/sb-robot/microros_ws/src/uros/micro-ROS-demos/messages/complex_msg -DCMAKE_INSTALL_PREFIX=/home/user/robo/sb-robot/microros_ws/install/complex_msgs
[0.252s] -- The C compiler identification is GNU 11.4.0
[0.375s] -- The CXX compiler identification is GNU 11.4.0
[0.386s] -- Detecting C compiler ABI info
[0.474s] -- Detecting C compiler ABI info - done
[0.484s] -- Check for working C compiler: /usr/bin/cc - skipped
[0.485s] -- Detecting C compile features
[0.485s] -- Detecting C compile features - done
[0.489s] -- Detecting CXX compiler ABI info
[0.615s] -- Detecting CXX compiler ABI info - done
[0.627s] -- Check for working CXX compiler: /usr/bin/c++ - skipped
[0.628s] -- Detecting CXX compile features
[0.629s] -- Detecting CXX compile features - done
[0.634s] -- Found ament_cmake: 1.3.11 (/opt/ros/humble/share/ament_cmake/cmake)
[0.867s] -- Found Python3: /usr/bin/python3 (found version "3.10.12") found components: Interpreter 
[1.052s] -- Found builtin_interfaces: 1.2.1 (/home/user/robo/sb-robot/microros_ws/install/builtin_interfaces/share/builtin_interfaces/cmake)
[1.110s] -- Found rosidl_generator_c: 3.1.6 (/opt/ros/humble/share/rosidl_generator_c/cmake)
[1.121s] -- Found rosidl_adapter: 3.1.6 (/opt/ros/humble/share/rosidl_adapter/cmake)
[1.139s] -- Found rosidl_generator_cpp: 3.1.6 (/opt/ros/humble/share/rosidl_generator_cpp/cmake)
[1.158s] -- Using all available rosidl_typesupport_c: rosidl_typesupport_microxrcedds_c;rosidl_typesupport_fastrtps_c;rosidl_typesupport_introspection_c
[1.201s] -- Using all available rosidl_typesupport_cpp: rosidl_typesupport_microxrcedds_cpp;rosidl_typesupport_fastrtps_cpp;rosidl_typesupport_introspection_cpp
[1.239s] -- Found rosidl_default_generators: 1.2.0 (/opt/ros/humble/share/rosidl_default_generators/cmake)
[1.736s] -- Found ament_cmake_cppcheck: 0.12.11 (/opt/ros/humble/share/ament_cmake_cppcheck/cmake)
[1.756s] -- Found ament_cmake_cpplint: 0.12.11 (/opt/ros/humble/share/ament_cmake_cpplint/cmake)
[1.771s] -- Found ament_cmake_uncrustify: 0.12.11 (/opt/ros/humble/share/ament_cmake_uncrustify/cmake)
[1.780s] -- Found ament_cmake_ros: 0.10.0 (/opt/ros/humble/share/ament_cmake_ros/cmake)
[3.142s] -- Using all available rosidl_typesupport_c: rosidl_typesupport_microxrcedds_c;rosidl_typesupport_fastrtps_c;rosidl_typesupport_introspection_c
[3.534s] -- Using all available rosidl_typesupport_cpp: rosidl_typesupport_microxrcedds_cpp;rosidl_typesupport_fastrtps_cpp;rosidl_typesupport_introspection_cpp
[3.576s] -- Found PythonInterp: /usr/bin/python3 (found suitable version "3.10.12", minimum required is "3.6") 
[3.581s] -- Found python_cmake_module: 0.10.0 (/opt/ros/humble/share/python_cmake_module/cmake)
[3.611s] -- Found PythonLibs: /usr/lib/x86_64-linux-gnu/libpython3.10.so (found suitable version "3.10.12", minimum required is "3.5") 
[3.611s] -- Using PYTHON_EXECUTABLE: /usr/bin/python3
[3.611s] -- Using PYTHON_INCLUDE_DIRS: /usr/include/python3.10
[3.611s] -- Using PYTHON_LIBRARIES: /usr/lib/x86_64-linux-gnu/libpython3.10.so
[3.643s] -- Found PythonExtra: .so  
[3.704s] -- Found ament_cmake_flake8: 0.12.11 (/opt/ros/humble/share/ament_cmake_flake8/cmake)
[3.709s] -- Found ament_cmake_pep257: 0.12.11 (/opt/ros/humble/share/ament_cmake_pep257/cmake)
[3.719s] -- Configuring done
[3.768s] -- Generating done
[3.784s] -- Build files have been written to: /home/user/robo/sb-robot/microros_ws/build/complex_msgs
[3.799s] Invoked command in '/home/user/robo/sb-robot/microros_ws/build/complex_msgs' returned '0': CMAKE_PREFIX_PATH=/home/user/robo/sb-robot/microros_ws/install/builtin_interfaces:/home/user/robo/sb-robot/microros_ws/src/install/action_msgs:/home/user/robo/sb-robot/microros_ws/src/install/unique_identifier_msgs:/home/user/robo/sb-robot/microros_ws/src/install/std_srvs:/home/user/robo/sb-robot/microros_ws/src/install/statistics_msgs:/home/user/robo/sb-robot/microros_ws/src/install/rmw_microxrcedds:/home/user/robo/sb-robot/microros_ws/src/install/rosidl_typesupport_microxrcedds_cpp:/home/user/robo/sb-robot/microros_ws/src/install/rosidl_typesupport_microxrcedds_c:/home/user/robo/sb-robot/microros_ws/src/install/rosgraph_msgs:/home/user/robo/sb-robot/microros_ws/src/install/microxrcedds_client:/home/user/robo/sb-robot/microros_ws/src/install/microcdr:/home/user/robo/sb-robot/microros_ws/src/install/micro_ros_utilities:/home/user/robo/sb-robot/microros_ws/src/install/micro_ros_setup:/home/user/robo/sb-robot/microros_ws/src/install/micro_ros_msgs:/home/user/robo/sb-robot/microros_ws/src/install/lifecycle_msgs:/home/user/robo/sb-robot/microros_ws/src/install/complex_msgs:/home/user/robo/sb-robot/microros_ws/src/install/builtin_interfaces:/home/user/robo/sb-robot/microros_ws/install/micro_ros_setup:/home/user/robo/sb-robot/microros_ws/install/micro_ros_agent:/home/user/robo/sb-robot/microros_ws/install/micro_ros_msgs:/opt/ros/humble LD_LIBRARY_PATH=/home/user/robo/sb-robot/microros_ws/install/builtin_interfaces/lib:/home/user/robo/sb-robot/microros_ws/src/install/action_msgs/lib:/home/user/robo/sb-robot/microros_ws/src/install/unique_identifier_msgs/lib:/home/user/robo/sb-robot/microros_ws/src/install/std_srvs/lib:/home/user/robo/sb-robot/microros_ws/src/install/statistics_msgs/lib:/home/user/robo/sb-robot/microros_ws/src/install/rmw_microxrcedds/lib:/home/user/robo/sb-robot/microros_ws/src/install/rosidl_typesupport_microxrcedds_cpp/lib:/home/user/robo/sb-robot/microros_ws/src/install/rosidl_typesupport_microxrcedds_c/lib:/home/user/robo/sb-robot/microros_ws/src/install/rosgraph_msgs/lib:/home/user/robo/sb-robot/microros_ws/src/install/microxrcedds_client/lib:/home/user/robo/sb-robot/microros_ws/src/install/microcdr/lib:/home/user/robo/sb-robot/microros_ws/src/install/micro_ros_utilities/lib:/home/user/robo/sb-robot/microros_ws/src/install/micro_ros_msgs/lib:/home/user/robo/sb-robot/microros_ws/src/install/lifecycle_msgs/lib:/home/user/robo/sb-robot/microros_ws/src/install/complex_msgs/lib:/home/user/robo/sb-robot/microros_ws/src/install/builtin_interfaces/lib:/home/user/robo/sb-robot/microros_ws/install/micro_ros_agent/lib:/home/user/robo/sb-robot/microros_ws/install/micro_ros_msgs/lib:/usr/lib/x86_64-linux-gnu/gazebo-11/plugins:/opt/ros/humble/opt/rviz_ogre_vendor/lib:/opt/ros/humble/lib/x86_64-linux-gnu:/opt/ros/humble/lib /usr/bin/cmake /home/user/robo/sb-robot/microros_ws/src/uros/micro-ROS-demos/messages/complex_msg -DCMAKE_INSTALL_PREFIX=/home/user/robo/sb-robot/microros_ws/install/complex_msgs
[3.802s] Invoking command in '/home/user/robo/sb-robot/microros_ws/build/complex_msgs': CMAKE_PREFIX_PATH=/home/user/robo/sb-robot/microros_ws/install/builtin_interfaces:/home/user/robo/sb-robot/microros_ws/src/install/action_msgs:/home/user/robo/sb-robot/microros_ws/src/install/unique_identifier_msgs:/home/user/robo/sb-robot/microros_ws/src/install/std_srvs:/home/user/robo/sb-robot/microros_ws/src/install/statistics_msgs:/home/user/robo/sb-robot/microros_ws/src/install/rmw_microxrcedds:/home/user/robo/sb-robot/microros_ws/src/install/rosidl_typesupport_microxrcedds_cpp:/home/user/robo/sb-robot/microros_ws/src/install/rosidl_typesupport_microxrcedds_c:/home/user/robo/sb-robot/microros_ws/src/install/rosgraph_msgs:/home/user/robo/sb-robot/microros_ws/src/install/microxrcedds_client:/home/user/robo/sb-robot/microros_ws/src/install/microcdr:/home/user/robo/sb-robot/microros_ws/src/install/micro_ros_utilities:/home/user/robo/sb-robot/microros_ws/src/install/micro_ros_setup:/home/user/robo/sb-robot/microros_ws/src/install/micro_ros_msgs:/home/user/robo/sb-robot/microros_ws/src/install/lifecycle_msgs:/home/user/robo/sb-robot/microros_ws/src/install/complex_msgs:/home/user/robo/sb-robot/microros_ws/src/install/builtin_interfaces:/home/user/robo/sb-robot/microros_ws/install/micro_ros_setup:/home/user/robo/sb-robot/microros_ws/install/micro_ros_agent:/home/user/robo/sb-robot/microros_ws/install/micro_ros_msgs:/opt/ros/humble LD_LIBRARY_PATH=/home/user/robo/sb-robot/microros_ws/install/builtin_interfaces/lib:/home/user/robo/sb-robot/microros_ws/src/install/action_msgs/lib:/home/user/robo/sb-robot/microros_ws/src/install/unique_identifier_msgs/lib:/home/user/robo/sb-robot/microros_ws/src/install/std_srvs/lib:/home/user/robo/sb-robot/microros_ws/src/install/statistics_msgs/lib:/home/user/robo/sb-robot/microros_ws/src/install/rmw_microxrcedds/lib:/home/user/robo/sb-robot/microros_ws/src/install/rosidl_typesupport_microxrcedds_cpp/lib:/home/user/robo/sb-robot/microros_ws/src/install/rosidl_typesupport_microxrcedds_c/lib:/home/user/robo/sb-robot/microros_ws/src/install/rosgraph_msgs/lib:/home/user/robo/sb-robot/microros_ws/src/install/microxrcedds_client/lib:/home/user/robo/sb-robot/microros_ws/src/install/microcdr/lib:/home/user/robo/sb-robot/microros_ws/src/install/micro_ros_utilities/lib:/home/user/robo/sb-robot/microros_ws/src/install/micro_ros_msgs/lib:/home/user/robo/sb-robot/microros_ws/src/install/lifecycle_msgs/lib:/home/user/robo/sb-robot/microros_ws/src/install/complex_msgs/lib:/home/user/robo/sb-robot/microros_ws/src/install/builtin_interfaces/lib:/home/user/robo/sb-robot/microros_ws/install/micro_ros_agent/lib:/home/user/robo/sb-robot/microros_ws/install/micro_ros_msgs/lib:/usr/lib/x86_64-linux-gnu/gazebo-11/plugins:/opt/ros/humble/opt/rviz_ogre_vendor/lib:/opt/ros/humble/lib/x86_64-linux-gnu:/opt/ros/humble/lib /usr/bin/cmake --build /home/user/robo/sb-robot/microros_ws/build/complex_msgs -- -j20 -l20
[3.854s] [  2%] [34m[1mGenerating C code for ROS interfaces[0m
[3.868s] [  4%] [34m[1mGenerating C++ code for ROS interfaces[0m
[3.887s] [  4%] Built target ament_cmake_python_copy_complex_msgs
[4.266s] running egg_info
[4.268s] creating complex_msgs.egg-info
[4.268s] writing complex_msgs.egg-info/PKG-INFO
[4.270s] writing dependency_links to complex_msgs.egg-info/dependency_links.txt
[4.274s] writing top-level names to complex_msgs.egg-info/top_level.txt
[4.274s] writing manifest file 'complex_msgs.egg-info/SOURCES.txt'
[4.282s] reading manifest file 'complex_msgs.egg-info/SOURCES.txt'
[4.282s] writing manifest file 'complex_msgs.egg-info/SOURCES.txt'
[4.293s] [  4%] Built target complex_msgs__cpp
[4.296s] [  6%] [32mBuilding C object CMakeFiles/complex_msgs__rosidl_generator_c.dir/rosidl_generator_c/complex_msgs/msg/detail/multi_string_test__functions.c.o[0m
[4.322s] [  8%] [32mBuilding C object CMakeFiles/complex_msgs__rosidl_generator_c.dir/rosidl_generator_c/complex_msgs/msg/detail/nested_msg_test__functions.c.o[0m
[4.323s] [ 10%] [34m[1mGenerating C++ type support dispatch for ROS interfaces[0m
[4.334s] [ 12%] [34m[1mGenerating C++ introspection for ROS interfaces[0m
[4.335s] [ 14%] [34m[1mGenerating C++ type support for eProsima Fast-RTPS[0m
[4.345s] [ 16%] [34m[1mGenerating C++ type support for eProsima Micro XRCE-DDS[0m
[4.466s] [ 18%] [32m[1mLinking C shared library libcomplex_msgs__rosidl_generator_c.so[0m
[4.524s] [ 18%] Built target ament_cmake_python_build_complex_msgs_egg
[4.611s] [ 18%] Built target complex_msgs__rosidl_generator_c
[4.657s] [ 20%] [34m[1mGenerating C type support for eProsima Micro XRCE-DDS[0m
[4.661s] [ 22%] [34m[1mGenerating C type support dispatch for ROS interfaces[0m
[4.662s] [ 24%] [34m[1mGenerating C type support for eProsima Fast-RTPS[0m
[4.670s] [ 26%] [34m[1mGenerating C introspection for ROS interfaces[0m
[4.953s] [ 28%] [32mBuilding CXX object CMakeFiles/complex_msgs__rosidl_typesupport_introspection_cpp.dir/rosidl_typesupport_introspection_cpp/complex_msgs/msg/detail/multi_string_test__type_support.cpp.o[0m
[4.955s] [ 30%] [32mBuilding CXX object CMakeFiles/complex_msgs__rosidl_typesupport_introspection_cpp.dir/rosidl_typesupport_introspection_cpp/complex_msgs/msg/detail/nested_msg_test__type_support.cpp.o[0m
[5.069s] [ 32%] [32mBuilding CXX object CMakeFiles/complex_msgs__rosidl_typesupport_cpp.dir/rosidl_typesupport_cpp/complex_msgs/msg/multi_string_test__type_support.cpp.o[0m
[5.072s] [ 34%] [32mBuilding CXX object CMakeFiles/complex_msgs__rosidl_typesupport_cpp.dir/rosidl_typesupport_cpp/complex_msgs/msg/nested_msg_test__type_support.cpp.o[0m
[5.092s] [ 36%] [32mBuilding CXX object CMakeFiles/complex_msgs__rosidl_typesupport_fastrtps_cpp.dir/rosidl_typesupport_fastrtps_cpp/complex_msgs/msg/detail/dds_fastrtps/multi_string_test__type_support.cpp.o[0m
[5.103s] [ 38%] [32mBuilding CXX object CMakeFiles/complex_msgs__rosidl_typesupport_fastrtps_cpp.dir/rosidl_typesupport_fastrtps_cpp/complex_msgs/msg/detail/dds_fastrtps/nested_msg_test__type_support.cpp.o[0m
[5.190s] [ 42%] [32mBuilding CXX object CMakeFiles/complex_msgs__rosidl_typesupport_microxrcedds_cpp.dir/rosidl_typesupport_microxrcedds_cpp/complex_msgs/msg/detail/microxrcedds/multi_string_test__type_support_cpp.cpp.o[0m
[5.190s] [ 42%] [32mBuilding CXX object CMakeFiles/complex_msgs__rosidl_typesupport_microxrcedds_cpp.dir/rosidl_typesupport_microxrcedds_cpp/complex_msgs/msg/detail/microxrcedds/nested_msg_test__type_support_cpp.cpp.o[0m
[5.381s] [ 44%] [32mBuilding C object CMakeFiles/complex_msgs__rosidl_typesupport_introspection_c.dir/rosidl_typesupport_introspection_c/complex_msgs/msg/detail/multi_string_test__type_support.c.o[0m
[5.381s] [ 46%] [32mBuilding C object CMakeFiles/complex_msgs__rosidl_typesupport_introspection_c.dir/rosidl_typesupport_introspection_c/complex_msgs/msg/detail/nested_msg_test__type_support.c.o[0m
[5.433s] [ 48%] [32mBuilding C object CMakeFiles/complex_msgs__rosidl_typesupport_microxrcedds_c.dir/rosidl_typesupport_microxrcedds_c/complex_msgs/msg/detail/microxrcedds/multi_string_test__type_support_c.c.o[0m
[5.433s] [ 51%] [32mBuilding C object CMakeFiles/complex_msgs__rosidl_typesupport_microxrcedds_c.dir/rosidl_typesupport_microxrcedds_c/complex_msgs/msg/detail/microxrcedds/nested_msg_test__type_support_c.c.o[0m
[5.497s] [ 53%] [32mBuilding CXX object CMakeFiles/complex_msgs__rosidl_typesupport_c.dir/rosidl_typesupport_c/complex_msgs/msg/multi_string_test__type_support.cpp.o[0m
[5.508s] [ 55%] [32mBuilding CXX object CMakeFiles/complex_msgs__rosidl_typesupport_c.dir/rosidl_typesupport_c/complex_msgs/msg/nested_msg_test__type_support.cpp.o[0m
[5.522s] [ 57%] [32m[1mLinking C shared library libcomplex_msgs__rosidl_typesupport_introspection_c.so[0m
[5.600s] [ 59%] [32m[1mLinking CXX shared library libcomplex_msgs__rosidl_typesupport_c.so[0m
[5.615s] [ 61%] [32m[1mLinking C shared library libcomplex_msgs__rosidl_typesupport_microxrcedds_c.so[0m
[5.639s] [ 61%] Built target complex_msgs__rosidl_typesupport_introspection_c
[5.703s] [ 63%] [32mBuilding CXX object CMakeFiles/complex_msgs__rosidl_typesupport_fastrtps_c.dir/rosidl_typesupport_fastrtps_c/complex_msgs/msg/detail/nested_msg_test__type_support_c.cpp.o[0m
[5.704s] [ 65%] [32mBuilding CXX object CMakeFiles/complex_msgs__rosidl_typesupport_fastrtps_c.dir/rosidl_typesupport_fastrtps_c/complex_msgs/msg/detail/multi_string_test__type_support_c.cpp.o[0m
[5.727s] [ 65%] Built target complex_msgs__rosidl_typesupport_c
[5.750s] [ 65%] Built target complex_msgs__rosidl_typesupport_microxrcedds_c
[5.821s] [ 67%] [32m[1mLinking CXX shared library libcomplex_msgs__rosidl_typesupport_introspection_cpp.so[0m
[5.870s] [ 69%] [32m[1mLinking CXX shared library libcomplex_msgs__rosidl_typesupport_microxrcedds_cpp.so[0m
[5.884s] [ 71%] [32m[1mLinking CXX shared library libcomplex_msgs__rosidl_typesupport_cpp.so[0m
[6.021s] [ 71%] Built target complex_msgs__rosidl_typesupport_cpp
[6.030s] [ 71%] Built target complex_msgs__rosidl_typesupport_introspection_cpp
[6.070s] [ 73%] [32m[1mLinking CXX shared library libcomplex_msgs__rosidl_typesupport_fastrtps_cpp.so[0m
[6.228s] [ 73%] Built target complex_msgs__rosidl_typesupport_microxrcedds_cpp
[6.323s] [ 75%] [32m[1mLinking CXX shared library libcomplex_msgs__rosidl_typesupport_fastrtps_c.so[0m
[6.325s] [ 75%] Built target complex_msgs__rosidl_typesupport_fastrtps_cpp
[6.688s] [ 75%] Built target complex_msgs__rosidl_typesupport_fastrtps_c
[6.758s] [ 75%] Built target complex_msgs
[6.815s] [ 77%] [34m[1mGenerating Python code for ROS interfaces[0m
[7.272s] [ 77%] Built target complex_msgs__py
[7.296s] [ 79%] [32mBuilding C object CMakeFiles/complex_msgs__rosidl_generator_py.dir/rosidl_generator_py/complex_msgs/msg/_multi_string_test_s.c.o[0m
[7.298s] [ 81%] [32mBuilding C object CMakeFiles/complex_msgs__rosidl_generator_py.dir/rosidl_generator_py/complex_msgs/msg/_nested_msg_test_s.c.o[0m
[7.400s] [ 83%] [32m[1mLinking C shared library rosidl_generator_py/complex_msgs/libcomplex_msgs__rosidl_generator_py.so[0m
[7.470s] [ 83%] Built target complex_msgs__rosidl_generator_py
[7.534s] [ 85%] [32mBuilding C object CMakeFiles/complex_msgs__rosidl_typesupport_c__pyext.dir/rosidl_generator_py/complex_msgs/_complex_msgs_s.ep.rosidl_typesupport_c.c.o[0m
[7.538s] [ 87%] [32mBuilding C object CMakeFiles/complex_msgs__rosidl_typesupport_microxrcedds_c__pyext.dir/rosidl_generator_py/complex_msgs/_complex_msgs_s.ep.rosidl_typesupport_microxrcedds_c.c.o[0m
[7.555s] [ 89%] [32mBuilding C object CMakeFiles/complex_msgs__rosidl_typesupport_fastrtps_c__pyext.dir/rosidl_generator_py/complex_msgs/_complex_msgs_s.ep.rosidl_typesupport_fastrtps_c.c.o[0m
[7.556s] [ 91%] [32mBuilding C object CMakeFiles/complex_msgs__rosidl_typesupport_introspection_c__pyext.dir/rosidl_generator_py/complex_msgs/_complex_msgs_s.ep.rosidl_typesupport_introspection_c.c.o[0m
[7.724s] [ 93%] [32m[1mLinking C shared library rosidl_generator_py/complex_msgs/complex_msgs_s__rosidl_typesupport_microxrcedds_c.cpython-310-x86_64-linux-gnu.so[0m
[7.786s] [ 95%] [32m[1mLinking C shared library rosidl_generator_py/complex_msgs/complex_msgs_s__rosidl_typesupport_fastrtps_c.cpython-310-x86_64-linux-gnu.so[0m
[7.793s] [ 97%] [32m[1mLinking C shared library rosidl_generator_py/complex_msgs/complex_msgs_s__rosidl_typesupport_c.cpython-310-x86_64-linux-gnu.so[0m
[7.823s] [100%] [32m[1mLinking C shared library rosidl_generator_py/complex_msgs/complex_msgs_s__rosidl_typesupport_introspection_c.cpython-310-x86_64-linux-gnu.so[0m
[7.846s] [100%] Built target complex_msgs__rosidl_typesupport_microxrcedds_c__pyext
[7.949s] [100%] Built target complex_msgs__rosidl_typesupport_fastrtps_c__pyext
[7.979s] [100%] Built target complex_msgs__rosidl_typesupport_introspection_c__pyext
[8.007s] [100%] Built target complex_msgs__rosidl_typesupport_c__pyext
[8.042s] Invoked command in '/home/user/robo/sb-robot/microros_ws/build/complex_msgs' returned '0': CMAKE_PREFIX_PATH=/home/user/robo/sb-robot/microros_ws/install/builtin_interfaces:/home/user/robo/sb-robot/microros_ws/src/install/action_msgs:/home/user/robo/sb-robot/microros_ws/src/install/unique_identifier_msgs:/home/user/robo/sb-robot/microros_ws/src/install/std_srvs:/home/user/robo/sb-robot/microros_ws/src/install/statistics_msgs:/home/user/robo/sb-robot/microros_ws/src/install/rmw_microxrcedds:/home/user/robo/sb-robot/microros_ws/src/install/rosidl_typesupport_microxrcedds_cpp:/home/user/robo/sb-robot/microros_ws/src/install/rosidl_typesupport_microxrcedds_c:/home/user/robo/sb-robot/microros_ws/src/install/rosgraph_msgs:/home/user/robo/sb-robot/microros_ws/src/install/microxrcedds_client:/home/user/robo/sb-robot/microros_ws/src/install/microcdr:/home/user/robo/sb-robot/microros_ws/src/install/micro_ros_utilities:/home/user/robo/sb-robot/microros_ws/src/install/micro_ros_setup:/home/user/robo/sb-robot/microros_ws/src/install/micro_ros_msgs:/home/user/robo/sb-robot/microros_ws/src/install/lifecycle_msgs:/home/user/robo/sb-robot/microros_ws/src/install/complex_msgs:/home/user/robo/sb-robot/microros_ws/src/install/builtin_interfaces:/home/user/robo/sb-robot/microros_ws/install/micro_ros_setup:/home/user/robo/sb-robot/microros_ws/install/micro_ros_agent:/home/user/robo/sb-robot/microros_ws/install/micro_ros_msgs:/opt/ros/humble LD_LIBRARY_PATH=/home/user/robo/sb-robot/microros_ws/install/builtin_interfaces/lib:/home/user/robo/sb-robot/microros_ws/src/install/action_msgs/lib:/home/user/robo/sb-robot/microros_ws/src/install/unique_identifier_msgs/lib:/home/user/robo/sb-robot/microros_ws/src/install/std_srvs/lib:/home/user/robo/sb-robot/microros_ws/src/install/statistics_msgs/lib:/home/user/robo/sb-robot/microros_ws/src/install/rmw_microxrcedds/lib:/home/user/robo/sb-robot/microros_ws/src/install/rosidl_typesupport_microxrcedds_cpp/lib:/home/user/robo/sb-robot/microros_ws/src/install/rosidl_typesupport_microxrcedds_c/lib:/home/user/robo/sb-robot/microros_ws/src/install/rosgraph_msgs/lib:/home/user/robo/sb-robot/microros_ws/src/install/microxrcedds_client/lib:/home/user/robo/sb-robot/microros_ws/src/install/microcdr/lib:/home/user/robo/sb-robot/microros_ws/src/install/micro_ros_utilities/lib:/home/user/robo/sb-robot/microros_ws/src/install/micro_ros_msgs/lib:/home/user/robo/sb-robot/microros_ws/src/install/lifecycle_msgs/lib:/home/user/robo/sb-robot/microros_ws/src/install/complex_msgs/lib:/home/user/robo/sb-robot/microros_ws/src/install/builtin_interfaces/lib:/home/user/robo/sb-robot/microros_ws/install/micro_ros_agent/lib:/home/user/robo/sb-robot/microros_ws/install/micro_ros_msgs/lib:/usr/lib/x86_64-linux-gnu/gazebo-11/plugins:/opt/ros/humble/opt/rviz_ogre_vendor/lib:/opt/ros/humble/lib/x86_64-linux-gnu:/opt/ros/humble/lib /usr/bin/cmake --build /home/user/robo/sb-robot/microros_ws/build/complex_msgs -- -j20 -l20
[8.050s] Invoking command in '/home/user/robo/sb-robot/microros_ws/build/complex_msgs': CMAKE_PREFIX_PATH=/home/user/robo/sb-robot/microros_ws/install/builtin_interfaces:/home/user/robo/sb-robot/microros_ws/src/install/action_msgs:/home/user/robo/sb-robot/microros_ws/src/install/unique_identifier_msgs:/home/user/robo/sb-robot/microros_ws/src/install/std_srvs:/home/user/robo/sb-robot/microros_ws/src/install/statistics_msgs:/home/user/robo/sb-robot/microros_ws/src/install/rmw_microxrcedds:/home/user/robo/sb-robot/microros_ws/src/install/rosidl_typesupport_microxrcedds_cpp:/home/user/robo/sb-robot/microros_ws/src/install/rosidl_typesupport_microxrcedds_c:/home/user/robo/sb-robot/microros_ws/src/install/rosgraph_msgs:/home/user/robo/sb-robot/microros_ws/src/install/microxrcedds_client:/home/user/robo/sb-robot/microros_ws/src/install/microcdr:/home/user/robo/sb-robot/microros_ws/src/install/micro_ros_utilities:/home/user/robo/sb-robot/microros_ws/src/install/micro_ros_setup:/home/user/robo/sb-robot/microros_ws/src/install/micro_ros_msgs:/home/user/robo/sb-robot/microros_ws/src/install/lifecycle_msgs:/home/user/robo/sb-robot/microros_ws/src/install/complex_msgs:/home/user/robo/sb-robot/microros_ws/src/install/builtin_interfaces:/home/user/robo/sb-robot/microros_ws/install/micro_ros_setup:/home/user/robo/sb-robot/microros_ws/install/micro_ros_agent:/home/user/robo/sb-robot/microros_ws/install/micro_ros_msgs:/opt/ros/humble LD_LIBRARY_PATH=/home/user/robo/sb-robot/microros_ws/install/builtin_interfaces/lib:/home/user/robo/sb-robot/microros_ws/src/install/action_msgs/lib:/home/user/robo/sb-robot/microros_ws/src/install/unique_identifier_msgs/lib:/home/user/robo/sb-robot/microros_ws/src/install/std_srvs/lib:/home/user/robo/sb-robot/microros_ws/src/install/statistics_msgs/lib:/home/user/robo/sb-robot/microros_ws/src/install/rmw_microxrcedds/lib:/home/user/robo/sb-robot/microros_ws/src/install/rosidl_typesupport_microxrcedds_cpp/lib:/home/user/robo/sb-robot/microros_ws/src/install/rosidl_typesupport_microxrcedds_c/lib:/home/user/robo/sb-robot/microros_ws/src/install/rosgraph_msgs/lib:/home/user/robo/sb-robot/microros_ws/src/install/microxrcedds_client/lib:/home/user/robo/sb-robot/microros_ws/src/install/microcdr/lib:/home/user/robo/sb-robot/microros_ws/src/install/micro_ros_utilities/lib:/home/user/robo/sb-robot/microros_ws/src/install/micro_ros_msgs/lib:/home/user/robo/sb-robot/microros_ws/src/install/lifecycle_msgs/lib:/home/user/robo/sb-robot/microros_ws/src/install/complex_msgs/lib:/home/user/robo/sb-robot/microros_ws/src/install/builtin_interfaces/lib:/home/user/robo/sb-robot/microros_ws/install/micro_ros_agent/lib:/home/user/robo/sb-robot/microros_ws/install/micro_ros_msgs/lib:/usr/lib/x86_64-linux-gnu/gazebo-11/plugins:/opt/ros/humble/opt/rviz_ogre_vendor/lib:/opt/ros/humble/lib/x86_64-linux-gnu:/opt/ros/humble/lib /usr/bin/cmake --install /home/user/robo/sb-robot/microros_ws/build/complex_msgs
[8.077s] -- Install configuration: ""
[8.077s] -- Installing: /home/user/robo/sb-robot/microros_ws/install/complex_msgs/share/ament_index/resource_index/rosidl_interfaces/complex_msgs
[8.077s] -- Installing: /home/user/robo/sb-robot/microros_ws/install/complex_msgs/include/complex_msgs/complex_msgs
[8.078s] -- Installing: /home/user/robo/sb-robot/microros_ws/install/complex_msgs/include/complex_msgs/complex_msgs/msg
[8.078s] -- Installing: /home/user/robo/sb-robot/microros_ws/install/complex_msgs/include/complex_msgs/complex_msgs/msg/multi_string_test.h
[8.078s] -- Installing: /home/user/robo/sb-robot/microros_ws/install/complex_msgs/include/complex_msgs/complex_msgs/msg/nested_msg_test.h
[8.078s] -- Installing: /home/user/robo/sb-robot/microros_ws/install/complex_msgs/include/complex_msgs/complex_msgs/msg/detail
[8.078s] -- Installing: /home/user/robo/sb-robot/microros_ws/install/complex_msgs/include/complex_msgs/complex_msgs/msg/detail/nested_msg_test__functions.h
[8.078s] -- Installing: /home/user/robo/sb-robot/microros_ws/install/complex_msgs/include/complex_msgs/complex_msgs/msg/detail/multi_string_test__functions.c
[8.078s] -- Installing: /home/user/robo/sb-robot/microros_ws/install/complex_msgs/include/complex_msgs/complex_msgs/msg/detail/nested_msg_test__functions.c
[8.078s] -- Installing: /home/user/robo/sb-robot/microros_ws/install/complex_msgs/include/complex_msgs/complex_msgs/msg/detail/multi_string_test__struct.h
[8.078s] -- Installing: /home/user/robo/sb-robot/microros_ws/install/complex_msgs/include/complex_msgs/complex_msgs/msg/detail/multi_string_test__type_support.h
[8.078s] -- Installing: /home/user/robo/sb-robot/microros_ws/install/complex_msgs/include/complex_msgs/complex_msgs/msg/detail/nested_msg_test__type_support.h
[8.078s] -- Installing: /home/user/robo/sb-robot/microros_ws/install/complex_msgs/include/complex_msgs/complex_msgs/msg/detail/nested_msg_test__struct.h
[8.079s] -- Installing: /home/user/robo/sb-robot/microros_ws/install/complex_msgs/include/complex_msgs/complex_msgs/msg/detail/multi_string_test__functions.h
[8.079s] -- Installing: /home/user/robo/sb-robot/microros_ws/install/complex_msgs/include/complex_msgs/complex_msgs/msg/rosidl_generator_c__visibility_control.h
[8.079s] -- Installing: /home/user/robo/sb-robot/microros_ws/install/complex_msgs/share/complex_msgs/environment/library_path.sh
[8.079s] -- Installing: /home/user/robo/sb-robot/microros_ws/install/complex_msgs/share/complex_msgs/environment/library_path.dsv
[8.079s] -- Installing: /home/user/robo/sb-robot/microros_ws/install/complex_msgs/lib/libcomplex_msgs__rosidl_generator_c.so
[8.084s] -- Set runtime path of "/home/user/robo/sb-robot/microros_ws/install/complex_msgs/lib/libcomplex_msgs__rosidl_generator_c.so" to ""
[8.084s] -- Up-to-date: /home/user/robo/sb-robot/microros_ws/install/complex_msgs/include/complex_msgs/complex_msgs
[8.084s] -- Up-to-date: /home/user/robo/sb-robot/microros_ws/install/complex_msgs/include/complex_msgs/complex_msgs/msg
[8.084s] -- Up-to-date: /home/user/robo/sb-robot/microros_ws/install/complex_msgs/include/complex_msgs/complex_msgs/msg/detail
[8.084s] -- Installing: /home/user/robo/sb-robot/microros_ws/install/complex_msgs/include/complex_msgs/complex_msgs/msg/detail/nested_msg_test__rosidl_typesupport_fastrtps_c.h
[8.084s] -- Installing: /home/user/robo/sb-robot/microros_ws/install/complex_msgs/include/complex_msgs/complex_msgs/msg/detail/multi_string_test__rosidl_typesupport_fastrtps_c.h
[8.084s] -- Installing: /home/user/robo/sb-robot/microros_ws/install/complex_msgs/include/complex_msgs/complex_msgs/msg/rosidl_typesupport_fastrtps_c__visibility_control.h
[8.084s] -- Installing: /home/user/robo/sb-robot/microros_ws/install/complex_msgs/lib/libcomplex_msgs__rosidl_typesupport_fastrtps_c.so
[8.084s] -- Set runtime path of "/home/user/robo/sb-robot/microros_ws/install/complex_msgs/lib/libcomplex_msgs__rosidl_typesupport_fastrtps_c.so" to ""
[8.085s] -- Up-to-date: /home/user/robo/sb-robot/microros_ws/install/complex_msgs/include/complex_msgs/complex_msgs
[8.085s] -- Up-to-date: /home/user/robo/sb-robot/microros_ws/install/complex_msgs/include/complex_msgs/complex_msgs/msg
[8.085s] -- Installing: /home/user/robo/sb-robot/microros_ws/install/complex_msgs/include/complex_msgs/complex_msgs/msg/rosidl_generator_cpp__visibility_control.hpp
[8.085s] -- Installing: /home/user/robo/sb-robot/microros_ws/install/complex_msgs/include/complex_msgs/complex_msgs/msg/multi_string_test.hpp
[8.085s] -- Up-to-date: /home/user/robo/sb-robot/microros_ws/install/complex_msgs/include/complex_msgs/complex_msgs/msg/detail
[8.085s] -- Installing: /home/user/robo/sb-robot/microros_ws/install/complex_msgs/include/complex_msgs/complex_msgs/msg/detail/multi_string_test__struct.hpp
[8.085s] -- Installing: /home/user/robo/sb-robot/microros_ws/install/complex_msgs/include/complex_msgs/complex_msgs/msg/detail/multi_string_test__builder.hpp
[8.085s] -- Installing: /home/user/robo/sb-robot/microros_ws/install/complex_msgs/include/complex_msgs/complex_msgs/msg/detail/nested_msg_test__traits.hpp
[8.085s] -- Installing: /home/user/robo/sb-robot/microros_ws/install/complex_msgs/include/complex_msgs/complex_msgs/msg/detail/nested_msg_test__builder.hpp
[8.085s] -- Installing: /home/user/robo/sb-robot/microros_ws/install/complex_msgs/include/complex_msgs/complex_msgs/msg/detail/nested_msg_test__struct.hpp
[8.086s] -- Installing: /home/user/robo/sb-robot/microros_ws/install/complex_msgs/include/complex_msgs/complex_msgs/msg/detail/multi_string_test__type_support.hpp
[8.086s] -- Installing: /home/user/robo/sb-robot/microros_ws/install/complex_msgs/include/complex_msgs/complex_msgs/msg/detail/multi_string_test__traits.hpp
[8.086s] -- Installing: /home/user/robo/sb-robot/microros_ws/install/complex_msgs/include/complex_msgs/complex_msgs/msg/detail/nested_msg_test__type_support.hpp
[8.086s] -- Installing: /home/user/robo/sb-robot/microros_ws/install/complex_msgs/include/complex_msgs/complex_msgs/msg/nested_msg_test.hpp
[8.086s] -- Up-to-date: /home/user/robo/sb-robot/microros_ws/install/complex_msgs/include/complex_msgs/complex_msgs
[8.086s] -- Up-to-date: /home/user/robo/sb-robot/microros_ws/install/complex_msgs/include/complex_msgs/complex_msgs/msg
[8.086s] -- Installing: /home/user/robo/sb-robot/microros_ws/install/complex_msgs/include/complex_msgs/complex_msgs/msg/rosidl_typesupport_fastrtps_cpp__visibility_control.h
[8.086s] -- Up-to-date: /home/user/robo/sb-robot/microros_ws/install/complex_msgs/include/complex_msgs/complex_msgs/msg/detail
[8.086s] -- Installing: /home/user/robo/sb-robot/microros_ws/install/complex_msgs/include/complex_msgs/complex_msgs/msg/detail/multi_string_test__rosidl_typesupport_fastrtps_cpp.hpp
[8.087s] -- Installing: /home/user/robo/sb-robot/microros_ws/install/complex_msgs/include/complex_msgs/complex_msgs/msg/detail/dds_fastrtps
[8.087s] -- Installing: /home/user/robo/sb-robot/microros_ws/install/complex_msgs/include/complex_msgs/complex_msgs/msg/detail/nested_msg_test__rosidl_typesupport_fastrtps_cpp.hpp
[8.087s] -- Installing: /home/user/robo/sb-robot/microros_ws/install/complex_msgs/lib/libcomplex_msgs__rosidl_typesupport_fastrtps_cpp.so
[8.090s] -- Set runtime path of "/home/user/robo/sb-robot/microros_ws/install/complex_msgs/lib/libcomplex_msgs__rosidl_typesupport_fastrtps_cpp.so" to ""
[8.091s] -- Up-to-date: /home/user/robo/sb-robot/microros_ws/install/complex_msgs/include/complex_msgs
[8.092s] -- Installing: /home/user/robo/sb-robot/microros_ws/install/complex_msgs/include/complex_msgs/msg
[8.092s] -- Installing: /home/user/robo/sb-robot/microros_ws/install/complex_msgs/include/complex_msgs/msg/rosidl_typesupport_microxrcedds_c__visibility_control.h
[8.094s] -- Installing: /home/user/robo/sb-robot/microros_ws/install/complex_msgs/include/complex_msgs/msg/detail
[8.094s] -- Installing: /home/user/robo/sb-robot/microros_ws/install/complex_msgs/include/complex_msgs/msg/detail/microxrcedds
[8.094s] -- Installing: /home/user/robo/sb-robot/microros_ws/install/complex_msgs/include/complex_msgs/msg/detail/multi_string_test__rosidl_typesupport_microxrcedds_c.h
[8.094s] -- Installing: /home/user/robo/sb-robot/microros_ws/install/complex_msgs/include/complex_msgs/msg/detail/nested_msg_test__rosidl_typesupport_microxrcedds_c.h
[8.094s] -- Installing: /home/user/robo/sb-robot/microros_ws/install/complex_msgs/lib/libcomplex_msgs__rosidl_typesupport_microxrcedds_c.so
[8.094s] -- Set runtime path of "/home/user/robo/sb-robot/microros_ws/install/complex_msgs/lib/libcomplex_msgs__rosidl_typesupport_microxrcedds_c.so" to ""
[8.094s] -- Up-to-date: /home/user/robo/sb-robot/microros_ws/install/complex_msgs/include/complex_msgs/complex_msgs
[8.094s] -- Up-to-date: /home/user/robo/sb-robot/microros_ws/install/complex_msgs/include/complex_msgs/complex_msgs/msg
[8.095s] -- Up-to-date: /home/user/robo/sb-robot/microros_ws/install/complex_msgs/include/complex_msgs/complex_msgs/msg/detail
[8.095s] -- Installing: /home/user/robo/sb-robot/microros_ws/install/complex_msgs/include/complex_msgs/complex_msgs/msg/detail/nested_msg_test__rosidl_typesupport_introspection_c.h
[8.095s] -- Installing: /home/user/robo/sb-robot/microros_ws/install/complex_msgs/include/complex_msgs/complex_msgs/msg/detail/multi_string_test__rosidl_typesupport_introspection_c.h
[8.095s] -- Installing: /home/user/robo/sb-robot/microros_ws/install/complex_msgs/include/complex_msgs/complex_msgs/msg/detail/multi_string_test__type_support.c
[8.095s] -- Installing: /home/user/robo/sb-robot/microros_ws/install/complex_msgs/include/complex_msgs/complex_msgs/msg/detail/nested_msg_test__type_support.c
[8.095s] -- Installing: /home/user/robo/sb-robot/microros_ws/install/complex_msgs/include/complex_msgs/complex_msgs/msg/rosidl_typesupport_introspection_c__visibility_control.h
[8.095s] -- Installing: /home/user/robo/sb-robot/microros_ws/install/complex_msgs/lib/libcomplex_msgs__rosidl_typesupport_introspection_c.so
[8.095s] -- Set runtime path of "/home/user/robo/sb-robot/microros_ws/install/complex_msgs/lib/libcomplex_msgs__rosidl_typesupport_introspection_c.so" to ""
[8.095s] -- Installing: /home/user/robo/sb-robot/microros_ws/install/complex_msgs/lib/libcomplex_msgs__rosidl_typesupport_c.so
[8.095s] -- Set runtime path of "/home/user/robo/sb-robot/microros_ws/install/complex_msgs/lib/libcomplex_msgs__rosidl_typesupport_c.so" to ""
[8.095s] -- Up-to-date: /home/user/robo/sb-robot/microros_ws/install/complex_msgs/include/complex_msgs
[8.095s] -- Up-to-date: /home/user/robo/sb-robot/microros_ws/install/complex_msgs/include/complex_msgs/msg
[8.095s] -- Up-to-date: /home/user/robo/sb-robot/microros_ws/install/complex_msgs/include/complex_msgs/msg/detail
[8.095s] -- Up-to-date: /home/user/robo/sb-robot/microros_ws/install/complex_msgs/include/complex_msgs/msg/detail/microxrcedds
[8.095s] -- Installing: /home/user/robo/sb-robot/microros_ws/install/complex_msgs/include/complex_msgs/msg/detail/microxrcedds/nested_msg_test__type_support_cpp.cpp
[8.095s] -- Installing: /home/user/robo/sb-robot/microros_ws/install/complex_msgs/include/complex_msgs/msg/detail/microxrcedds/multi_string_test__type_support_cpp.cpp
[8.098s] -- Installing: /home/user/robo/sb-robot/microros_ws/install/complex_msgs/include/complex_msgs/msg/detail/nested_msg_test__rosidl_typesupport_microxrcedds_cpp.hpp
[8.098s] -- Installing: /home/user/robo/sb-robot/microros_ws/install/complex_msgs/include/complex_msgs/msg/detail/multi_string_test__rosidl_typesupport_microxrcedds_cpp.hpp
[8.098s] -- Installing: /home/user/robo/sb-robot/microros_ws/install/complex_msgs/include/complex_msgs/msg/rosidl_typesupport_microxrcedds_cpp__visibility_control.h
[8.098s] -- Installing: /home/user/robo/sb-robot/microros_ws/install/complex_msgs/lib/libcomplex_msgs__rosidl_typesupport_microxrcedds_cpp.so
[8.098s] -- Set runtime path of "/home/user/robo/sb-robot/microros_ws/install/complex_msgs/lib/libcomplex_msgs__rosidl_typesupport_microxrcedds_cpp.so" to ""
[8.098s] -- Up-to-date: /home/user/robo/sb-robot/microros_ws/install/complex_msgs/include/complex_msgs/complex_msgs
[8.098s] -- Up-to-date: /home/user/robo/sb-robot/microros_ws/install/complex_msgs/include/complex_msgs/complex_msgs/msg
[8.099s] -- Up-to-date: /home/user/robo/sb-robot/microros_ws/install/complex_msgs/include/complex_msgs/complex_msgs/msg/detail
[8.099s] -- Installing: /home/user/robo/sb-robot/microros_ws/install/complex_msgs/include/complex_msgs/complex_msgs/msg/detail/multi_string_test__rosidl_typesupport_introspection_cpp.hpp
[8.099s] -- Installing: /home/user/robo/sb-robot/microros_ws/install/complex_msgs/include/complex_msgs/complex_msgs/msg/detail/nested_msg_test__type_support.cpp
[8.099s] -- Installing: /home/user/robo/sb-robot/microros_ws/install/complex_msgs/include/complex_msgs/complex_msgs/msg/detail/multi_string_test__type_support.cpp
[8.099s] -- Installing: /home/user/robo/sb-robot/microros_ws/install/complex_msgs/include/complex_msgs/complex_msgs/msg/detail/nested_msg_test__rosidl_typesupport_introspection_cpp.hpp
[8.099s] -- Installing: /home/user/robo/sb-robot/microros_ws/install/complex_msgs/lib/libcomplex_msgs__rosidl_typesupport_introspection_cpp.so
[8.099s] -- Set runtime path of "/home/user/robo/sb-robot/microros_ws/install/complex_msgs/lib/libcomplex_msgs__rosidl_typesupport_introspection_cpp.so" to ""
[8.099s] -- Installing: /home/user/robo/sb-robot/microros_ws/install/complex_msgs/lib/libcomplex_msgs__rosidl_typesupport_cpp.so
[8.102s] -- Set runtime path of "/home/user/robo/sb-robot/microros_ws/install/complex_msgs/lib/libcomplex_msgs__rosidl_typesupport_cpp.so" to ""
[8.103s] -- Installing: /home/user/robo/sb-robot/microros_ws/install/complex_msgs/share/complex_msgs/environment/pythonpath.sh
[8.103s] -- Installing: /home/user/robo/sb-robot/microros_ws/install/complex_msgs/share/complex_msgs/environment/pythonpath.dsv
[8.103s] -- Installing: /home/user/robo/sb-robot/microros_ws/install/complex_msgs/local/lib/python3.10/dist-packages/complex_msgs-3.0.2-py3.10.egg-info
[8.103s] -- Installing: /home/user/robo/sb-robot/microros_ws/install/complex_msgs/local/lib/python3.10/dist-packages/complex_msgs-3.0.2-py3.10.egg-info/top_level.txt
[8.103s] -- Installing: /home/user/robo/sb-robot/microros_ws/install/complex_msgs/local/lib/python3.10/dist-packages/complex_msgs-3.0.2-py3.10.egg-info/dependency_links.txt
[8.103s] -- Installing: /home/user/robo/sb-robot/microros_ws/install/complex_msgs/local/lib/python3.10/dist-packages/complex_msgs-3.0.2-py3.10.egg-info/PKG-INFO
[8.103s] -- Installing: /home/user/robo/sb-robot/microros_ws/install/complex_msgs/local/lib/python3.10/dist-packages/complex_msgs-3.0.2-py3.10.egg-info/SOURCES.txt
[8.104s] -- Installing: /home/user/robo/sb-robot/microros_ws/install/complex_msgs/local/lib/python3.10/dist-packages/complex_msgs
[8.104s] -- Installing: /home/user/robo/sb-robot/microros_ws/install/complex_msgs/local/lib/python3.10/dist-packages/complex_msgs/_complex_msgs_s.ep.rosidl_typesupport_microxrcedds_c.c
[8.104s] -- Installing: /home/user/robo/sb-robot/microros_ws/install/complex_msgs/local/lib/python3.10/dist-packages/complex_msgs/complex_msgs_s__rosidl_typesupport_c.cpython-310-x86_64-linux-gnu.so
[8.104s] -- Installing: /home/user/robo/sb-robot/microros_ws/install/complex_msgs/local/lib/python3.10/dist-packages/complex_msgs/_complex_msgs_s.ep.rosidl_typesupport_c.c
[8.106s] -- Installing: /home/user/robo/sb-robot/microros_ws/install/complex_msgs/local/lib/python3.10/dist-packages/complex_msgs/complex_msgs_s__rosidl_typesupport_introspection_c.cpython-310-x86_64-linux-gnu.so
[8.106s] -- Installing: /home/user/robo/sb-robot/microros_ws/install/complex_msgs/local/lib/python3.10/dist-packages/complex_msgs/complex_msgs_s__rosidl_typesupport_microxrcedds_c.cpython-310-x86_64-linux-gnu.so
[8.106s] -- Installing: /home/user/robo/sb-robot/microros_ws/install/complex_msgs/local/lib/python3.10/dist-packages/complex_msgs/__init__.py
[8.106s] -- Installing: /home/user/robo/sb-robot/microros_ws/install/complex_msgs/local/lib/python3.10/dist-packages/complex_msgs/_complex_msgs_s.ep.rosidl_typesupport_fastrtps_c.c
[8.107s] -- Installing: /home/user/robo/sb-robot/microros_ws/install/complex_msgs/local/lib/python3.10/dist-packages/complex_msgs/_complex_msgs_s.ep.rosidl_typesupport_introspection_c.c
[8.107s] -- Installing: /home/user/robo/sb-robot/microros_ws/install/complex_msgs/local/lib/python3.10/dist-packages/complex_msgs/msg
[8.107s] -- Installing: /home/user/robo/sb-robot/microros_ws/install/complex_msgs/local/lib/python3.10/dist-packages/complex_msgs/msg/_nested_msg_test.py
[8.107s] -- Installing: /home/user/robo/sb-robot/microros_ws/install/complex_msgs/local/lib/python3.10/dist-packages/complex_msgs/msg/_multi_string_test_s.c
[8.107s] -- Installing: /home/user/robo/sb-robot/microros_ws/install/complex_msgs/local/lib/python3.10/dist-packages/complex_msgs/msg/_multi_string_test.py
[8.107s] -- Installing: /home/user/robo/sb-robot/microros_ws/install/complex_msgs/local/lib/python3.10/dist-packages/complex_msgs/msg/__init__.py
[8.107s] -- Installing: /home/user/robo/sb-robot/microros_ws/install/complex_msgs/local/lib/python3.10/dist-packages/complex_msgs/msg/_nested_msg_test_s.c
[8.107s] -- Installing: /home/user/robo/sb-robot/microros_ws/install/complex_msgs/local/lib/python3.10/dist-packages/complex_msgs/complex_msgs_s__rosidl_typesupport_fastrtps_c.cpython-310-x86_64-linux-gnu.so
[8.107s] -- Installing: /home/user/robo/sb-robot/microros_ws/install/complex_msgs/local/lib/python3.10/dist-packages/complex_msgs/libcomplex_msgs__rosidl_generator_py.so
[8.190s] Listing '/home/user/robo/sb-robot/microros_ws/install/complex_msgs/local/lib/python3.10/dist-packages/complex_msgs'...
[8.190s] Compiling '/home/user/robo/sb-robot/microros_ws/install/complex_msgs/local/lib/python3.10/dist-packages/complex_msgs/__init__.py'...
[8.190s] Listing '/home/user/robo/sb-robot/microros_ws/install/complex_msgs/local/lib/python3.10/dist-packages/complex_msgs/msg'...
[8.190s] Compiling '/home/user/robo/sb-robot/microros_ws/install/complex_msgs/local/lib/python3.10/dist-packages/complex_msgs/msg/__init__.py'...
[8.190s] Compiling '/home/user/robo/sb-robot/microros_ws/install/complex_msgs/local/lib/python3.10/dist-packages/complex_msgs/msg/_multi_string_test.py'...
[8.190s] Compiling '/home/user/robo/sb-robot/microros_ws/install/complex_msgs/local/lib/python3.10/dist-packages/complex_msgs/msg/_nested_msg_test.py'...
[8.210s] -- Installing: /home/user/robo/sb-robot/microros_ws/install/complex_msgs/local/lib/python3.10/dist-packages/complex_msgs/complex_msgs_s__rosidl_typesupport_microxrcedds_c.cpython-310-x86_64-linux-gnu.so
[8.210s] -- Set runtime path of "/home/user/robo/sb-robot/microros_ws/install/complex_msgs/local/lib/python3.10/dist-packages/complex_msgs/complex_msgs_s__rosidl_typesupport_microxrcedds_c.cpython-310-x86_64-linux-gnu.so" to ""
[8.210s] -- Installing: /home/user/robo/sb-robot/microros_ws/install/complex_msgs/local/lib/python3.10/dist-packages/complex_msgs/complex_msgs_s__rosidl_typesupport_fastrtps_c.cpython-310-x86_64-linux-gnu.so
[8.210s] -- Set runtime path of "/home/user/robo/sb-robot/microros_ws/install/complex_msgs/local/lib/python3.10/dist-packages/complex_msgs/complex_msgs_s__rosidl_typesupport_fastrtps_c.cpython-310-x86_64-linux-gnu.so" to ""
[8.211s] -- Installing: /home/user/robo/sb-robot/microros_ws/install/complex_msgs/local/lib/python3.10/dist-packages/complex_msgs/complex_msgs_s__rosidl_typesupport_introspection_c.cpython-310-x86_64-linux-gnu.so
[8.211s] -- Set runtime path of "/home/user/robo/sb-robot/microros_ws/install/complex_msgs/local/lib/python3.10/dist-packages/complex_msgs/complex_msgs_s__rosidl_typesupport_introspection_c.cpython-310-x86_64-linux-gnu.so" to ""
[8.211s] -- Installing: /home/user/robo/sb-robot/microros_ws/install/complex_msgs/local/lib/python3.10/dist-packages/complex_msgs/complex_msgs_s__rosidl_typesupport_c.cpython-310-x86_64-linux-gnu.so
[8.212s] -- Set runtime path of "/home/user/robo/sb-robot/microros_ws/install/complex_msgs/local/lib/python3.10/dist-packages/complex_msgs/complex_msgs_s__rosidl_typesupport_c.cpython-310-x86_64-linux-gnu.so" to ""
[8.212s] -- Installing: /home/user/robo/sb-robot/microros_ws/install/complex_msgs/lib/libcomplex_msgs__rosidl_generator_py.so
[8.213s] -- Set runtime path of "/home/user/robo/sb-robot/microros_ws/install/complex_msgs/lib/libcomplex_msgs__rosidl_generator_py.so" to ""
[8.221s] -- Installing: /home/user/robo/sb-robot/microros_ws/install/complex_msgs/share/complex_msgs/msg/MultiStringTest.idl
[8.221s] -- Installing: /home/user/robo/sb-robot/microros_ws/install/complex_msgs/share/complex_msgs/msg/NestedMsgTest.idl
[8.221s] -- Installing: /home/user/robo/sb-robot/microros_ws/install/complex_msgs/share/complex_msgs/msg/MultiStringTest.msg
[8.221s] -- Installing: /home/user/robo/sb-robot/microros_ws/install/complex_msgs/share/complex_msgs/msg/NestedMsgTest.msg
[8.221s] -- Installing: /home/user/robo/sb-robot/microros_ws/install/complex_msgs/share/ament_index/resource_index/package_run_dependencies/complex_msgs
[8.222s] -- Installing: /home/user/robo/sb-robot/microros_ws/install/complex_msgs/share/ament_index/resource_index/parent_prefix_path/complex_msgs
[8.222s] -- Installing: /home/user/robo/sb-robot/microros_ws/install/complex_msgs/share/complex_msgs/environment/ament_prefix_path.sh
[8.222s] -- Installing: /home/user/robo/sb-robot/microros_ws/install/complex_msgs/share/complex_msgs/environment/ament_prefix_path.dsv
[8.222s] -- Installing: /home/user/robo/sb-robot/microros_ws/install/complex_msgs/share/complex_msgs/environment/path.sh
[8.222s] -- Installing: /home/user/robo/sb-robot/microros_ws/install/complex_msgs/share/complex_msgs/environment/path.dsv
[8.222s] -- Installing: /home/user/robo/sb-robot/microros_ws/install/complex_msgs/share/complex_msgs/local_setup.bash
[8.222s] -- Installing: /home/user/robo/sb-robot/microros_ws/install/complex_msgs/share/complex_msgs/local_setup.sh
[8.222s] -- Installing: /home/user/robo/sb-robot/microros_ws/install/complex_msgs/share/complex_msgs/local_setup.zsh
[8.222s] -- Installing: /home/user/robo/sb-robot/microros_ws/install/complex_msgs/share/complex_msgs/local_setup.dsv
[8.222s] -- Installing: /home/user/robo/sb-robot/microros_ws/install/complex_msgs/share/complex_msgs/package.dsv
[8.225s] -- Installing: /home/user/robo/sb-robot/microros_ws/install/complex_msgs/share/ament_index/resource_index/packages/complex_msgs
[8.225s] -- Installing: /home/user/robo/sb-robot/microros_ws/install/complex_msgs/share/complex_msgs/cmake/export_complex_msgs__rosidl_generator_cExport.cmake
[8.226s] -- Installing: /home/user/robo/sb-robot/microros_ws/install/complex_msgs/share/complex_msgs/cmake/export_complex_msgs__rosidl_generator_cExport-noconfig.cmake
[8.226s] -- Installing: /home/user/robo/sb-robot/microros_ws/install/complex_msgs/share/complex_msgs/cmake/export_complex_msgs__rosidl_typesupport_fastrtps_cExport.cmake
[8.227s] -- Installing: /home/user/robo/sb-robot/microros_ws/install/complex_msgs/share/complex_msgs/cmake/export_complex_msgs__rosidl_typesupport_fastrtps_cExport-noconfig.cmake
[8.227s] -- Installing: /home/user/robo/sb-robot/microros_ws/install/complex_msgs/share/complex_msgs/cmake/export_complex_msgs__rosidl_generator_cppExport.cmake
[8.227s] -- Installing: /home/user/robo/sb-robot/microros_ws/install/complex_msgs/share/complex_msgs/cmake/export_complex_msgs__rosidl_typesupport_fastrtps_cppExport.cmake
[8.227s] -- Installing: /home/user/robo/sb-robot/microros_ws/install/complex_msgs/share/complex_msgs/cmake/export_complex_msgs__rosidl_typesupport_fastrtps_cppExport-noconfig.cmake
[8.227s] -- Installing: /home/user/robo/sb-robot/microros_ws/install/complex_msgs/share/complex_msgs/cmake/complex_msgs__rosidl_typesupport_introspection_cExport.cmake
[8.228s] -- Installing: /home/user/robo/sb-robot/microros_ws/install/complex_msgs/share/complex_msgs/cmake/complex_msgs__rosidl_typesupport_introspection_cExport-noconfig.cmake
[8.228s] -- Installing: /home/user/robo/sb-robot/microros_ws/install/complex_msgs/share/complex_msgs/cmake/complex_msgs__rosidl_typesupport_cExport.cmake
[8.228s] -- Installing: /home/user/robo/sb-robot/microros_ws/install/complex_msgs/share/complex_msgs/cmake/complex_msgs__rosidl_typesupport_cExport-noconfig.cmake
[8.228s] -- Installing: /home/user/robo/sb-robot/microros_ws/install/complex_msgs/share/complex_msgs/cmake/complex_msgs__rosidl_typesupport_introspection_cppExport.cmake
[8.228s] -- Installing: /home/user/robo/sb-robot/microros_ws/install/complex_msgs/share/complex_msgs/cmake/complex_msgs__rosidl_typesupport_introspection_cppExport-noconfig.cmake
[8.228s] -- Installing: /home/user/robo/sb-robot/microros_ws/install/complex_msgs/share/complex_msgs/cmake/complex_msgs__rosidl_typesupport_cppExport.cmake
[8.229s] -- Installing: /home/user/robo/sb-robot/microros_ws/install/complex_msgs/share/complex_msgs/cmake/complex_msgs__rosidl_typesupport_cppExport-noconfig.cmake
[8.229s] -- Installing: /home/user/robo/sb-robot/microros_ws/install/complex_msgs/share/complex_msgs/cmake/export_complex_msgs__rosidl_generator_pyExport.cmake
[8.229s] -- Installing: /home/user/robo/sb-robot/microros_ws/install/complex_msgs/share/complex_msgs/cmake/export_complex_msgs__rosidl_generator_pyExport-noconfig.cmake
[8.237s] -- Installing: /home/user/robo/sb-robot/microros_ws/install/complex_msgs/share/complex_msgs/cmake/rosidl_cmake-extras.cmake
[8.237s] -- Installing: /home/user/robo/sb-robot/microros_ws/install/complex_msgs/share/complex_msgs/cmake/ament_cmake_export_dependencies-extras.cmake
[8.237s] -- Installing: /home/user/robo/sb-robot/microros_ws/install/complex_msgs/share/complex_msgs/cmake/ament_cmake_export_include_directories-extras.cmake
[8.237s] -- Installing: /home/user/robo/sb-robot/microros_ws/install/complex_msgs/share/complex_msgs/cmake/ament_cmake_export_libraries-extras.cmake
[8.237s] -- Installing: /home/user/robo/sb-robot/microros_ws/install/complex_msgs/share/complex_msgs/cmake/ament_cmake_export_targets-extras.cmake
[8.237s] -- Installing: /home/user/robo/sb-robot/microros_ws/install/complex_msgs/share/complex_msgs/cmake/rosidl_cmake_export_typesupport_targets-extras.cmake
[8.237s] -- Installing: /home/user/robo/sb-robot/microros_ws/install/complex_msgs/share/complex_msgs/cmake/rosidl_cmake_export_typesupport_libraries-extras.cmake
[8.238s] -- Installing: /home/user/robo/sb-robot/microros_ws/install/complex_msgs/share/complex_msgs/cmake/complex_msgsConfig.cmake
[8.238s] -- Installing: /home/user/robo/sb-robot/microros_ws/install/complex_msgs/share/complex_msgs/cmake/complex_msgsConfig-version.cmake
[8.238s] -- Installing: /home/user/robo/sb-robot/microros_ws/install/complex_msgs/share/complex_msgs/package.xml
[8.259s] Invoked command in '/home/user/robo/sb-robot/microros_ws/build/complex_msgs' returned '0': CMAKE_PREFIX_PATH=/home/user/robo/sb-robot/microros_ws/install/builtin_interfaces:/home/user/robo/sb-robot/microros_ws/src/install/action_msgs:/home/user/robo/sb-robot/microros_ws/src/install/unique_identifier_msgs:/home/user/robo/sb-robot/microros_ws/src/install/std_srvs:/home/user/robo/sb-robot/microros_ws/src/install/statistics_msgs:/home/user/robo/sb-robot/microros_ws/src/install/rmw_microxrcedds:/home/user/robo/sb-robot/microros_ws/src/install/rosidl_typesupport_microxrcedds_cpp:/home/user/robo/sb-robot/microros_ws/src/install/rosidl_typesupport_microxrcedds_c:/home/user/robo/sb-robot/microros_ws/src/install/rosgraph_msgs:/home/user/robo/sb-robot/microros_ws/src/install/microxrcedds_client:/home/user/robo/sb-robot/microros_ws/src/install/microcdr:/home/user/robo/sb-robot/microros_ws/src/install/micro_ros_utilities:/home/user/robo/sb-robot/microros_ws/src/install/micro_ros_setup:/home/user/robo/sb-robot/microros_ws/src/install/micro_ros_msgs:/home/user/robo/sb-robot/microros_ws/src/install/lifecycle_msgs:/home/user/robo/sb-robot/microros_ws/src/install/complex_msgs:/home/user/robo/sb-robot/microros_ws/src/install/builtin_interfaces:/home/user/robo/sb-robot/microros_ws/install/micro_ros_setup:/home/user/robo/sb-robot/microros_ws/install/micro_ros_agent:/home/user/robo/sb-robot/microros_ws/install/micro_ros_msgs:/opt/ros/humble LD_LIBRARY_PATH=/home/user/robo/sb-robot/microros_ws/install/builtin_interfaces/lib:/home/user/robo/sb-robot/microros_ws/src/install/action_msgs/lib:/home/user/robo/sb-robot/microros_ws/src/install/unique_identifier_msgs/lib:/home/user/robo/sb-robot/microros_ws/src/install/std_srvs/lib:/home/user/robo/sb-robot/microros_ws/src/install/statistics_msgs/lib:/home/user/robo/sb-robot/microros_ws/src/install/rmw_microxrcedds/lib:/home/user/robo/sb-robot/microros_ws/src/install/rosidl_typesupport_microxrcedds_cpp/lib:/home/user/robo/sb-robot/microros_ws/src/install/rosidl_typesupport_microxrcedds_c/lib:/home/user/robo/sb-robot/microros_ws/src/install/rosgraph_msgs/lib:/home/user/robo/sb-robot/microros_ws/src/install/microxrcedds_client/lib:/home/user/robo/sb-robot/microros_ws/src/install/microcdr/lib:/home/user/robo/sb-robot/microros_ws/src/install/micro_ros_utilities/lib:/home/user/robo/sb-robot/microros_ws/src/install/micro_ros_msgs/lib:/home/user/robo/sb-robot/microros_ws/src/install/lifecycle_msgs/lib:/home/user/robo/sb-robot/microros_ws/src/install/complex_msgs/lib:/home/user/robo/sb-robot/microros_ws/src/install/builtin_interfaces/lib:/home/user/robo/sb-robot/microros_ws/install/micro_ros_agent/lib:/home/user/robo/sb-robot/microros_ws/install/micro_ros_msgs/lib:/usr/lib/x86_64-linux-gnu/gazebo-11/plugins:/opt/ros/humble/opt/rviz_ogre_vendor/lib:/opt/ros/humble/lib/x86_64-linux-gnu:/opt/ros/humble/lib /usr/bin/cmake --install /home/user/robo/sb-robot/microros_ws/build/complex_msgs
