[0.014s] Invoking command in '/home/user/robo/sb-robot/ros_ws/build/ws_hw_interface': CMAKE_PREFIX_PATH=/opt/ros/humble /usr/bin/cmake --build /home/user/robo/sb-robot/ros_ws/build/ws_hw_interface -- -j20 -l20
[0.114s] [ 33%] [32mBuilding CXX object CMakeFiles/ws_hw_interface.dir/src/sb_system.cpp.o[0m
[3.922s] [ 66%] [32m[1mLinking CXX shared library libws_hw_interface.so[0m
[4.374s] [100%] Built target ws_hw_interface
[4.384s] Invoked command in '/home/user/robo/sb-robot/ros_ws/build/ws_hw_interface' returned '0': CMAKE_PREFIX_PATH=/opt/ros/humble /usr/bin/cmake --build /home/user/robo/sb-robot/ros_ws/build/ws_hw_interface -- -j20 -l20
[4.385s] Invoking command in '/home/user/robo/sb-robot/ros_ws/build/ws_hw_interface': CMAKE_PREFIX_PATH=/opt/ros/humble /usr/bin/cmake --install /home/user/robo/sb-robot/ros_ws/build/ws_hw_interface
[4.391s] -- Install configuration: ""
[4.391s] -- Execute custom install script
[4.391s] -- Up-to-date symlink: /home/user/robo/sb-robot/ros_ws/install/ws_hw_interface/share/ws_hw_interface//ws_hw_interface.xml
[4.391s] -- Up-to-date symlink: /home/user/robo/sb-robot/ros_ws/install/ws_hw_interface/lib/libws_hw_interface.so
[4.392s] -- Up-to-date symlink: /home/user/robo/sb-robot/ros_ws/install/ws_hw_interface/include//ws_hw_interface/sb_system.hpp
[4.392s] -- Up-to-date symlink: /home/user/robo/sb-robot/ros_ws/install/ws_hw_interface/include//ws_hw_interface/wheel.hpp
[4.392s] -- Up-to-date symlink: /home/user/robo/sb-robot/ros_ws/install/ws_hw_interface/include//ws_hw_interface/ws_driver.hpp
[4.392s] -- Up-to-date symlink: /home/user/robo/sb-robot/ros_ws/install/ws_hw_interface/include//ws_hw_interface/ws_driver.hpp_
[4.392s] -- Up-to-date symlink: /home/user/robo/sb-robot/ros_ws/install/ws_hw_interface/share/ws_hw_interface/ws_hw_interface.xml
[4.392s] -- Up-to-date symlink: /home/user/robo/sb-robot/ros_ws/install/ws_hw_interface/share/ament_index/resource_index/package_run_dependencies/ws_hw_interface
[4.392s] -- Up-to-date symlink: /home/user/robo/sb-robot/ros_ws/install/ws_hw_interface/share/ament_index/resource_index/parent_prefix_path/ws_hw_interface
[4.392s] -- Up-to-date symlink: /home/user/robo/sb-robot/ros_ws/install/ws_hw_interface/share/ws_hw_interface/environment/ament_prefix_path.sh
[4.392s] -- Up-to-date symlink: /home/user/robo/sb-robot/ros_ws/install/ws_hw_interface/share/ws_hw_interface/environment/ament_prefix_path.dsv
[4.392s] -- Up-to-date symlink: /home/user/robo/sb-robot/ros_ws/install/ws_hw_interface/share/ws_hw_interface/environment/path.sh
[4.392s] -- Up-to-date symlink: /home/user/robo/sb-robot/ros_ws/install/ws_hw_interface/share/ws_hw_interface/environment/path.dsv
[4.392s] -- Up-to-date symlink: /home/user/robo/sb-robot/ros_ws/install/ws_hw_interface/share/ws_hw_interface/local_setup.bash
[4.392s] -- Up-to-date symlink: /home/user/robo/sb-robot/ros_ws/install/ws_hw_interface/share/ws_hw_interface/local_setup.sh
[4.393s] -- Up-to-date symlink: /home/user/robo/sb-robot/ros_ws/install/ws_hw_interface/share/ws_hw_interface/local_setup.zsh
[4.393s] -- Up-to-date symlink: /home/user/robo/sb-robot/ros_ws/install/ws_hw_interface/share/ws_hw_interface/local_setup.dsv
[4.393s] -- Symlinking: /home/user/robo/sb-robot/ros_ws/install/ws_hw_interface/share/ws_hw_interface/package.dsv
[4.399s] -- Up-to-date symlink: /home/user/robo/sb-robot/ros_ws/install/ws_hw_interface/share/ament_index/resource_index/packages/ws_hw_interface
[4.399s] -- Up-to-date symlink: /home/user/robo/sb-robot/ros_ws/install/ws_hw_interface/share/ament_index/resource_index/hardware_interface__pluginlib__plugin/ws_hw_interface
[4.399s] -- Up-to-date symlink: /home/user/robo/sb-robot/ros_ws/install/ws_hw_interface/share/ws_hw_interface/cmake/ws_hw_interfaceConfig.cmake
[4.400s] -- Up-to-date symlink: /home/user/robo/sb-robot/ros_ws/install/ws_hw_interface/share/ws_hw_interface/cmake/ws_hw_interfaceConfig-version.cmake
[4.400s] -- Up-to-date symlink: /home/user/robo/sb-robot/ros_ws/install/ws_hw_interface/share/ws_hw_interface/package.xml
[4.401s] Invoked command in '/home/user/robo/sb-robot/ros_ws/build/ws_hw_interface' returned '0': CMAKE_PREFIX_PATH=/opt/ros/humble /usr/bin/cmake --install /home/user/robo/sb-robot/ros_ws/build/ws_hw_interface
