-- The C compiler identification is GNU 11.4.0
-- The CXX compiler identification is GNU 11.4.0
-- Detecting C compiler ABI info
-- Detecting C compiler ABI info - done
-- Check for working C compiler: /usr/bin/cc - skipped
-- Detecting C compile features
-- Detecting C compile features - done
-- Detecting CXX compiler ABI info
-- Detecting CXX compiler ABI info - done
-- Check for working CXX compiler: /usr/bin/c++ - skipped
-- Detecting CXX compile features
-- Detecting CXX compile features - done
-- Found ament_cmake: 1.3.11 (/opt/ros/humble/share/ament_cmake/cmake)
-- Found Python3: /usr/bin/python3 (found version "3.10.12") found components: Interpreter 
-- Found rosidl_typesupport_introspection_c: 3.1.6 (/opt/ros/humble/share/rosidl_typesupport_introspection_c/cmake)
-- Found rosidl_adapter: 3.1.6 (/opt/ros/humble/share/rosidl_adapter/cmake)
-- Found ament_lint_auto: 0.12.11 (/opt/ros/humble/share/ament_lint_auto/cmake)
-- Found ament_cmake_gtest: 1.3.11 (/opt/ros/humble/share/ament_cmake_gtest/cmake)
-- Found std_msgs: 4.2.4 (/opt/ros/humble/share/std_msgs/cmake)
-- Found rosidl_generator_cpp: 3.1.6 (/opt/ros/humble/share/rosidl_generator_cpp/cmake)
-- Using all available rosidl_typesupport_c: rosidl_typesupport_microxrcedds_c;rosidl_typesupport_fastrtps_c;rosidl_typesupport_introspection_c
-- Using all available rosidl_typesupport_cpp: rosidl_typesupport_microxrcedds_cpp;rosidl_typesupport_fastrtps_cpp;rosidl_typesupport_introspection_cpp
-- Found trajectory_msgs: 4.2.4 (/opt/ros/humble/share/trajectory_msgs/cmake)
-- Found gtest sources under '/opt/ros/humble/src/gtest_vendor': C++ tests using 'Google Test' will be built
-- Looking for pthread.h
-- Looking for pthread.h - found
-- Performing Test CMAKE_HAVE_LIBC_PTHREAD
-- Performing Test CMAKE_HAVE_LIBC_PTHREAD - Success
-- Found Threads: TRUE  
-- Added test 'cppcheck' to perform static code analysis on C / C++ code
-- Configured cppcheck include dirs: $<BUILD_INTERFACE:/home/user/robo/sb-robot/microros_ws/src/uros/micro_ros_utilities/include>;$<BUILD_INTERFACE:/home/user/robo/sb-robot/microros_ws/src/uros/micro_ros_utilities/src>;/home/user/robo/sb-robot/microros_ws/src/uros/micro_ros_utilities/include;/home/user/robo/sb-robot/microros_ws/src/uros/micro_ros_utilities/src
-- Configured cppcheck exclude dirs and/or files: 
-- Added test 'cpplint' to check C / C++ code against the Google style
-- Configured cpplint exclude dirs and/or files: 
-- Added test 'lint_cmake' to check CMake code style
-- Added test 'uncrustify' to check C / C++ code style
-- Configured uncrustify additional arguments: 
-- Added test 'xmllint' to check XML markup files
-- Configuring done
-- Generating done
-- Build files have been written to: /home/user/robo/sb-robot/microros_ws/build/micro_ros_utilities
[ 40%] [32mBuilding C object CMakeFiles/micro_ros_utilities.dir/src/type_utilities.c.o[0m
[ 40%] [32mBuilding CXX object gtest/CMakeFiles/gtest.dir/src/gtest-all.cc.o[0m
[ 40%] [32mBuilding CXX object gtest/CMakeFiles/gtest_main.dir/src/gtest_main.cc.o[0m
[ 40%] [32mBuilding C object CMakeFiles/micro_ros_utilities.dir/src/string_utilities.c.o[0m
[ 50%] [32m[1mLinking C static library libmicro_ros_utilities.a[0m
[ 50%] Built target micro_ros_utilities
[ 60%] [32m[1mLinking CXX static library libgtest_main.a[0m
[ 60%] Built target gtest_main
[ 70%] [32m[1mLinking CXX static library libgtest.a[0m
[ 70%] Built target gtest
[ 80%] [32mBuilding CXX object CMakeFiles/micro_ros_utilities_test.dir/test/micro_ros_utilities/test_string.cpp.o[0m
[ 90%] [32mBuilding CXX object CMakeFiles/micro_ros_utilities_test.dir/test/micro_ros_utilities/test_memory.cpp.o[0m
[100%] [32m[1mLinking CXX executable micro_ros_utilities_test[0m
[100%] Built target micro_ros_utilities_test
-- Install configuration: ""
-- Installing: /home/user/robo/sb-robot/microros_ws/install/micro_ros_utilities/include
-- Installing: /home/user/robo/sb-robot/microros_ws/install/micro_ros_utilities/include/micro_ros_utilities
-- Installing: /home/user/robo/sb-robot/microros_ws/install/micro_ros_utilities/include/micro_ros_utilities/string_utilities.h
-- Installing: /home/user/robo/sb-robot/microros_ws/install/micro_ros_utilities/include/micro_ros_utilities/visibility_control.h
-- Installing: /home/user/robo/sb-robot/microros_ws/install/micro_ros_utilities/include/micro_ros_utilities/type_utilities.h
-- Installing: /home/user/robo/sb-robot/microros_ws/install/micro_ros_utilities/lib/libmicro_ros_utilities.a
-- Installing: /home/user/robo/sb-robot/microros_ws/install/micro_ros_utilities/share/micro_ros_utilities/environment/library_path.sh
-- Installing: /home/user/robo/sb-robot/microros_ws/install/micro_ros_utilities/share/micro_ros_utilities/environment/library_path.dsv
-- Installing: /home/user/robo/sb-robot/microros_ws/install/micro_ros_utilities/share/ament_index/resource_index/package_run_dependencies/micro_ros_utilities
-- Installing: /home/user/robo/sb-robot/microros_ws/install/micro_ros_utilities/share/ament_index/resource_index/parent_prefix_path/micro_ros_utilities
-- Installing: /home/user/robo/sb-robot/microros_ws/install/micro_ros_utilities/share/micro_ros_utilities/environment/ament_prefix_path.sh
-- Installing: /home/user/robo/sb-robot/microros_ws/install/micro_ros_utilities/share/micro_ros_utilities/environment/ament_prefix_path.dsv
-- Installing: /home/user/robo/sb-robot/microros_ws/install/micro_ros_utilities/share/micro_ros_utilities/environment/path.sh
-- Installing: /home/user/robo/sb-robot/microros_ws/install/micro_ros_utilities/share/micro_ros_utilities/environment/path.dsv
-- Installing: /home/user/robo/sb-robot/microros_ws/install/micro_ros_utilities/share/micro_ros_utilities/local_setup.bash
-- Installing: /home/user/robo/sb-robot/microros_ws/install/micro_ros_utilities/share/micro_ros_utilities/local_setup.sh
-- Installing: /home/user/robo/sb-robot/microros_ws/install/micro_ros_utilities/share/micro_ros_utilities/local_setup.zsh
-- Installing: /home/user/robo/sb-robot/microros_ws/install/micro_ros_utilities/share/micro_ros_utilities/local_setup.dsv
-- Installing: /home/user/robo/sb-robot/microros_ws/install/micro_ros_utilities/share/micro_ros_utilities/package.dsv
-- Installing: /home/user/robo/sb-robot/microros_ws/install/micro_ros_utilities/share/ament_index/resource_index/packages/micro_ros_utilities
-- Installing: /home/user/robo/sb-robot/microros_ws/install/micro_ros_utilities/share/micro_ros_utilities/cmake/ament_cmake_export_include_directories-extras.cmake
-- Installing: /home/user/robo/sb-robot/microros_ws/install/micro_ros_utilities/share/micro_ros_utilities/cmake/ament_cmake_export_libraries-extras.cmake
-- Installing: /home/user/robo/sb-robot/microros_ws/install/micro_ros_utilities/share/micro_ros_utilities/cmake/ament_cmake_export_dependencies-extras.cmake
-- Installing: /home/user/robo/sb-robot/microros_ws/install/micro_ros_utilities/share/micro_ros_utilities/cmake/micro_ros_utilitiesConfig.cmake
-- Installing: /home/user/robo/sb-robot/microros_ws/install/micro_ros_utilities/share/micro_ros_utilities/cmake/micro_ros_utilitiesConfig-version.cmake
-- Installing: /home/user/robo/sb-robot/microros_ws/install/micro_ros_utilities/share/micro_ros_utilities/package.xml
