[0.019s] Invoking command in '/home/user/robo/sb-robot/microros_ws/build/micro_ros_utilities': CMAKE_PREFIX_PATH=${CMAKE_PREFIX_PATH}:/opt/ros/humble /usr/bin/cmake /home/user/robo/sb-robot/microros_ws/src/uros/micro_ros_utilities -DCMAKE_INSTALL_PREFIX=/home/user/robo/sb-robot/microros_ws/install/micro_ros_utilities
[0.062s] -- The C compiler identification is GNU 11.4.0
[0.107s] -- The CXX compiler identification is GNU 11.4.0
[0.112s] -- Detecting C compiler ABI info
[0.164s] -- Detecting C compiler ABI info - done
[0.172s] -- Check for working C compiler: /usr/bin/cc - skipped
[0.172s] -- Detecting C compile features
[0.172s] -- Detecting C compile features - done
[0.175s] -- Detecting CXX compiler ABI info
[0.240s] -- Detecting CXX compiler ABI info - done
[0.248s] -- Check for working CXX compiler: /usr/bin/c++ - skipped
[0.248s] -- Detecting CXX compile features
[0.249s] -- Detecting CXX compile features - done
[0.253s] -- Found ament_cmake: 1.3.11 (/opt/ros/humble/share/ament_cmake/cmake)
[0.390s] -- Found Python3: /usr/bin/python3 (found version "3.10.12") found components: Interpreter 
[0.470s] -- Found rosidl_typesupport_introspection_c: 3.1.6 (/opt/ros/humble/share/rosidl_typesupport_introspection_c/cmake)
[0.477s] -- Found rosidl_adapter: 3.1.6 (/opt/ros/humble/share/rosidl_adapter/cmake)
[0.497s] -- Found ament_lint_auto: 0.12.11 (/opt/ros/humble/share/ament_lint_auto/cmake)
[0.499s] -- Found ament_cmake_gtest: 1.3.11 (/opt/ros/humble/share/ament_cmake_gtest/cmake)
[0.501s] -- Found std_msgs: 4.2.4 (/opt/ros/humble/share/std_msgs/cmake)
[0.524s] -- Found rosidl_generator_cpp: 3.1.6 (/opt/ros/humble/share/rosidl_generator_cpp/cmake)
[0.535s] -- Using all available rosidl_typesupport_c: rosidl_typesupport_microxrcedds_c;rosidl_typesupport_fastrtps_c;rosidl_typesupport_introspection_c
[0.550s] -- Using all available rosidl_typesupport_cpp: rosidl_typesupport_microxrcedds_cpp;rosidl_typesupport_fastrtps_cpp;rosidl_typesupport_introspection_cpp
[0.575s] -- Found trajectory_msgs: 4.2.4 (/opt/ros/humble/share/trajectory_msgs/cmake)
[0.662s] -- Found gtest sources under '/opt/ros/humble/src/gtest_vendor': C++ tests using 'Google Test' will be built
[0.664s] -- Looking for pthread.h
[0.731s] -- Looking for pthread.h - found
[0.731s] -- Performing Test CMAKE_HAVE_LIBC_PTHREAD
[0.790s] -- Performing Test CMAKE_HAVE_LIBC_PTHREAD - Success
[0.791s] -- Found Threads: TRUE  
[0.797s] -- Added test 'cppcheck' to perform static code analysis on C / C++ code
[0.797s] -- Configured cppcheck include dirs: $<BUILD_INTERFACE:/home/user/robo/sb-robot/microros_ws/src/uros/micro_ros_utilities/include>;$<BUILD_INTERFACE:/home/user/robo/sb-robot/microros_ws/src/uros/micro_ros_utilities/src>;/home/user/robo/sb-robot/microros_ws/src/uros/micro_ros_utilities/include;/home/user/robo/sb-robot/microros_ws/src/uros/micro_ros_utilities/src
[0.797s] -- Configured cppcheck exclude dirs and/or files: 
[0.799s] -- Added test 'cpplint' to check C / C++ code against the Google style
[0.799s] -- Configured cpplint exclude dirs and/or files: 
[0.800s] -- Added test 'lint_cmake' to check CMake code style
[0.803s] -- Added test 'uncrustify' to check C / C++ code style
[0.803s] -- Configured uncrustify additional arguments: 
[0.803s] -- Added test 'xmllint' to check XML markup files
[0.805s] -- Configuring done
[0.817s] -- Generating done
[0.821s] -- Build files have been written to: /home/user/robo/sb-robot/microros_ws/build/micro_ros_utilities
[0.829s] Invoked command in '/home/user/robo/sb-robot/microros_ws/build/micro_ros_utilities' returned '0': CMAKE_PREFIX_PATH=${CMAKE_PREFIX_PATH}:/opt/ros/humble /usr/bin/cmake /home/user/robo/sb-robot/microros_ws/src/uros/micro_ros_utilities -DCMAKE_INSTALL_PREFIX=/home/user/robo/sb-robot/microros_ws/install/micro_ros_utilities
[0.830s] Invoking command in '/home/user/robo/sb-robot/microros_ws/build/micro_ros_utilities': CMAKE_PREFIX_PATH=${CMAKE_PREFIX_PATH}:/opt/ros/humble /usr/bin/cmake --build /home/user/robo/sb-robot/microros_ws/build/micro_ros_utilities -- -j20 -l20
[0.873s] [ 40%] [32mBuilding C object CMakeFiles/micro_ros_utilities.dir/src/type_utilities.c.o[0m
[0.873s] [ 40%] [32mBuilding CXX object gtest/CMakeFiles/gtest.dir/src/gtest-all.cc.o[0m
[0.873s] [ 40%] [32mBuilding CXX object gtest/CMakeFiles/gtest_main.dir/src/gtest_main.cc.o[0m
[0.874s] [ 40%] [32mBuilding C object CMakeFiles/micro_ros_utilities.dir/src/string_utilities.c.o[0m
[0.936s] [ 50%] [32m[1mLinking C static library libmicro_ros_utilities.a[0m
[1.003s] [ 50%] Built target micro_ros_utilities
[2.001s] [ 60%] [32m[1mLinking CXX static library libgtest_main.a[0m
[2.171s] [ 60%] Built target gtest_main
[5.506s] [ 70%] [32m[1mLinking CXX static library libgtest.a[0m
[5.840s] [ 70%] Built target gtest
[5.891s] [ 80%] [32mBuilding CXX object CMakeFiles/micro_ros_utilities_test.dir/test/micro_ros_utilities/test_string.cpp.o[0m
[5.929s] [ 90%] [32mBuilding CXX object CMakeFiles/micro_ros_utilities_test.dir/test/micro_ros_utilities/test_memory.cpp.o[0m
[7.954s] [100%] [32m[1mLinking CXX executable micro_ros_utilities_test[0m
[8.235s] [100%] Built target micro_ros_utilities_test
[8.295s] Invoked command in '/home/user/robo/sb-robot/microros_ws/build/micro_ros_utilities' returned '0': CMAKE_PREFIX_PATH=${CMAKE_PREFIX_PATH}:/opt/ros/humble /usr/bin/cmake --build /home/user/robo/sb-robot/microros_ws/build/micro_ros_utilities -- -j20 -l20
[8.297s] Invoking command in '/home/user/robo/sb-robot/microros_ws/build/micro_ros_utilities': CMAKE_PREFIX_PATH=${CMAKE_PREFIX_PATH}:/opt/ros/humble /usr/bin/cmake --install /home/user/robo/sb-robot/microros_ws/build/micro_ros_utilities
[8.333s] -- Install configuration: ""
[8.333s] -- Installing: /home/user/robo/sb-robot/microros_ws/install/micro_ros_utilities/include
[8.333s] -- Installing: /home/user/robo/sb-robot/microros_ws/install/micro_ros_utilities/include/micro_ros_utilities
[8.333s] -- Installing: /home/user/robo/sb-robot/microros_ws/install/micro_ros_utilities/include/micro_ros_utilities/string_utilities.h
[8.333s] -- Installing: /home/user/robo/sb-robot/microros_ws/install/micro_ros_utilities/include/micro_ros_utilities/visibility_control.h
[8.334s] -- Installing: /home/user/robo/sb-robot/microros_ws/install/micro_ros_utilities/include/micro_ros_utilities/type_utilities.h
[8.334s] -- Installing: /home/user/robo/sb-robot/microros_ws/install/micro_ros_utilities/lib/libmicro_ros_utilities.a
[8.334s] -- Installing: /home/user/robo/sb-robot/microros_ws/install/micro_ros_utilities/share/micro_ros_utilities/environment/library_path.sh
[8.335s] -- Installing: /home/user/robo/sb-robot/microros_ws/install/micro_ros_utilities/share/micro_ros_utilities/environment/library_path.dsv
[8.335s] -- Installing: /home/user/robo/sb-robot/microros_ws/install/micro_ros_utilities/share/ament_index/resource_index/package_run_dependencies/micro_ros_utilities
[8.335s] -- Installing: /home/user/robo/sb-robot/microros_ws/install/micro_ros_utilities/share/ament_index/resource_index/parent_prefix_path/micro_ros_utilities
[8.335s] -- Installing: /home/user/robo/sb-robot/microros_ws/install/micro_ros_utilities/share/micro_ros_utilities/environment/ament_prefix_path.sh
[8.335s] -- Installing: /home/user/robo/sb-robot/microros_ws/install/micro_ros_utilities/share/micro_ros_utilities/environment/ament_prefix_path.dsv
[8.336s] -- Installing: /home/user/robo/sb-robot/microros_ws/install/micro_ros_utilities/share/micro_ros_utilities/environment/path.sh
[8.336s] -- Installing: /home/user/robo/sb-robot/microros_ws/install/micro_ros_utilities/share/micro_ros_utilities/environment/path.dsv
[8.336s] -- Installing: /home/user/robo/sb-robot/microros_ws/install/micro_ros_utilities/share/micro_ros_utilities/local_setup.bash
[8.336s] -- Installing: /home/user/robo/sb-robot/microros_ws/install/micro_ros_utilities/share/micro_ros_utilities/local_setup.sh
[8.336s] -- Installing: /home/user/robo/sb-robot/microros_ws/install/micro_ros_utilities/share/micro_ros_utilities/local_setup.zsh
[8.337s] -- Installing: /home/user/robo/sb-robot/microros_ws/install/micro_ros_utilities/share/micro_ros_utilities/local_setup.dsv
[8.337s] -- Installing: /home/user/robo/sb-robot/microros_ws/install/micro_ros_utilities/share/micro_ros_utilities/package.dsv
[8.337s] -- Installing: /home/user/robo/sb-robot/microros_ws/install/micro_ros_utilities/share/ament_index/resource_index/packages/micro_ros_utilities
[8.337s] -- Installing: /home/user/robo/sb-robot/microros_ws/install/micro_ros_utilities/share/micro_ros_utilities/cmake/ament_cmake_export_include_directories-extras.cmake
[8.345s] -- Installing: /home/user/robo/sb-robot/microros_ws/install/micro_ros_utilities/share/micro_ros_utilities/cmake/ament_cmake_export_libraries-extras.cmake
[8.345s] -- Installing: /home/user/robo/sb-robot/microros_ws/install/micro_ros_utilities/share/micro_ros_utilities/cmake/ament_cmake_export_dependencies-extras.cmake
[8.345s] -- Installing: /home/user/robo/sb-robot/microros_ws/install/micro_ros_utilities/share/micro_ros_utilities/cmake/micro_ros_utilitiesConfig.cmake
[8.345s] -- Installing: /home/user/robo/sb-robot/microros_ws/install/micro_ros_utilities/share/micro_ros_utilities/cmake/micro_ros_utilitiesConfig-version.cmake
[8.345s] -- Installing: /home/user/robo/sb-robot/microros_ws/install/micro_ros_utilities/share/micro_ros_utilities/package.xml
[8.372s] Invoked command in '/home/user/robo/sb-robot/microros_ws/build/micro_ros_utilities' returned '0': CMAKE_PREFIX_PATH=${CMAKE_PREFIX_PATH}:/opt/ros/humble /usr/bin/cmake --install /home/user/robo/sb-robot/microros_ws/build/micro_ros_utilities
