[0.006s] Invoking command in '/home/user/robo/sb-robot/ros_ws/build/ws_hw_interface': CMAKE_PREFIX_PATH=/opt/ros/humble /usr/bin/cmake --build /home/user/robo/sb-robot/ros_ws/build/ws_hw_interface -- -j20 -l20
[0.022s] -- Found ament_cmake: 1.3.11 (/opt/ros/humble/share/ament_cmake/cmake)
[0.094s] -- Override CMake install command with custom implementation using symlinks instead of copying resources
[0.098s] -- Found rclcpp: 16.0.11 (/opt/ros/humble/share/rclcpp/cmake)
[0.115s] -- Found rosidl_generator_c: 3.1.6 (/opt/ros/humble/share/rosidl_generator_c/cmake)
[0.116s] -- Found rosidl_adapter: 3.1.6 (/opt/ros/humble/share/rosidl_adapter/cmake)
[0.119s] -- Found rosidl_generator_cpp: 3.1.6 (/opt/ros/humble/share/rosidl_generator_cpp/cmake)
[0.124s] -- Using all available rosidl_typesupport_c: rosidl_typesupport_fastrtps_c;rosidl_typesupport_introspection_c
[0.130s] -- Using all available rosidl_typesupport_cpp: rosidl_typesupport_fastrtps_cpp;rosidl_typesupport_introspection_cpp
[0.147s] -- Found rmw_implementation_cmake: 6.1.2 (/opt/ros/humble/share/rmw_implementation_cmake/cmake)
[0.148s] -- Found rmw_fastrtps_cpp: 6.2.7 (/opt/ros/humble/share/rmw_fastrtps_cpp/cmake)
[0.207s] -- Using RMW implementation 'rmw_fastrtps_cpp' as default
[0.233s] -- Found hardware_interface: 2.48.0 (/opt/ros/humble/share/hardware_interface/cmake)
[0.303s] -- Configuring incomplete, errors occurred!
[0.303s] See also "/home/user/robo/sb-robot/ros_ws/build/ws_hw_interface/CMakeFiles/CMakeOutput.log".
[0.303s] [31mCMake Error at CMakeLists.txt:14 (find_package):
[0.303s]   By not providing "Findnlohmann_json.cmake" in CMAKE_MODULE_PATH this
[0.303s]   project has asked CMake to find a package configuration file provided by
[0.304s]   "nlohmann_json", but CMake did not find one.
[0.304s] 
[0.304s]   Could not find a package configuration file provided by "nlohmann_json"
[0.304s]   with any of the following names:
[0.304s] 
[0.304s]     nlohmann_jsonConfig.cmake
[0.304s]     nlohmann_json-config.cmake
[0.304s] 
[0.304s]   Add the installation prefix of "nlohmann_json" to CMAKE_PREFIX_PATH or set
[0.304s]   "nlohmann_json_DIR" to a directory containing one of the above files.  If
[0.304s]   "nlohmann_json" provides a separate development package or SDK, be sure it
[0.304s]   has been installed.
[0.304s] 
[0.304s] [0m
[0.308s] gmake: *** [Makefile:294: cmake_check_build_system] Error 1
[0.310s] Invoked command in '/home/user/robo/sb-robot/ros_ws/build/ws_hw_interface' returned '2': CMAKE_PREFIX_PATH=/opt/ros/humble /usr/bin/cmake --build /home/user/robo/sb-robot/ros_ws/build/ws_hw_interface -- -j20 -l20
