[0.007s] Invoking command in '/home/user/robo/sb-robot/ros_ws/build/sb_robot': CMAKE_PREFIX_PATH=/opt/ros/humble /usr/bin/cmake --build /home/user/robo/sb-robot/ros_ws/build/sb_robot -- -j20 -l20
[0.025s] -- Found ament_cmake: 1.3.11 (/opt/ros/humble/share/ament_cmake/cmake)
[0.098s] -- Override CMake install command with custom implementation using symlinks instead of copying resources
[0.102s] -- Found ament_lint_auto: 0.12.11 (/opt/ros/humble/share/ament_lint_auto/cmake)
[0.142s] -- Configuring done
[0.142s] -- Generating done
[0.143s] -- Build files have been written to: /home/user/robo/sb-robot/ros_ws/build/sb_robot
[0.160s] Invoked command in '/home/user/robo/sb-robot/ros_ws/build/sb_robot' returned '0': CMAKE_PREFIX_PATH=/opt/ros/humble /usr/bin/cmake --build /home/user/robo/sb-robot/ros_ws/build/sb_robot -- -j20 -l20
[0.167s] Invoking command in '/home/user/robo/sb-robot/ros_ws/build/sb_robot': CMAKE_PREFIX_PATH=/opt/ros/humble /usr/bin/cmake --install /home/user/robo/sb-robot/ros_ws/build/sb_robot
[0.172s] -- Install configuration: ""
[0.172s] -- Execute custom install script
[0.172s] -- Symlinking: /home/user/robo/sb-robot/ros_ws/install/sb_robot/share/sb_robot/config/params_pid
[0.177s] -- Symlinking: /home/user/robo/sb-robot/ros_ws/install/sb_robot/share/sb_robot/config/pid_config
[0.182s] -- Symlinking: /home/user/robo/sb-robot/ros_ws/install/sb_robot/share/sb_robot/config/ppp.yaml
[0.188s] -- Symlinking: /home/user/robo/sb-robot/ros_ws/install/sb_robot/share/sb_robot/meshes/IMU_link.STL
[0.193s] -- Symlinking: /home/user/robo/sb-robot/ros_ws/install/sb_robot/share/sb_robot/meshes/LW_link.STL
[0.197s] -- Symlinking: /home/user/robo/sb-robot/ros_ws/install/sb_robot/share/sb_robot/meshes/RW_link.STL
[0.204s] -- Symlinking: /home/user/robo/sb-robot/ros_ws/install/sb_robot/share/sb_robot/meshes/base_link.STL
[0.210s] -- Symlinking: /home/user/robo/sb-robot/ros_ws/install/sb_robot/share/sb_robot/meshes/camera_link.STL
[0.217s] -- Symlinking: /home/user/robo/sb-robot/ros_ws/install/sb_robot/share/sb_robot/meshes/chassis_link.STL
[0.224s] -- Symlinking: /home/user/robo/sb-robot/ros_ws/install/sb_robot/share/sb_robot/meshes/laser_link.STL
[0.230s] -- Symlinking: /home/user/robo/sb-robot/ros_ws/install/sb_robot/share/sb_robot/launch/rsp.launch.py
[0.235s] -- Symlinking: /home/user/robo/sb-robot/ros_ws/install/sb_robot/share/sb_robot/description/bno055.xacro
[0.242s] -- Symlinking: /home/user/robo/sb-robot/ros_ws/install/sb_robot/share/sb_robot/description/camera.xacro
[0.248s] -- Symlinking: /home/user/robo/sb-robot/ros_ws/install/sb_robot/share/sb_robot/description/gazebo_control.xacro
[0.254s] -- Symlinking: /home/user/robo/sb-robot/ros_ws/install/sb_robot/share/sb_robot/description/inertial_macros.xacro
[0.259s] -- Symlinking: /home/user/robo/sb-robot/ros_ws/install/sb_robot/share/sb_robot/description/lidar.xacro
[0.266s] -- Symlinking: /home/user/robo/sb-robot/ros_ws/install/sb_robot/share/sb_robot/description/lidar_rotating.xacro
[0.273s] -- Symlinking: /home/user/robo/sb-robot/ros_ws/install/sb_robot/share/sb_robot/description/robot.urdf.xacro
[0.280s] -- Symlinking: /home/user/robo/sb-robot/ros_ws/install/sb_robot/share/sb_robot/description/robot_core.xacro
[0.288s] -- Symlinking: /home/user/robo/sb-robot/ros_ws/install/sb_robot/share/sb_robot/description/ros2_control.xacro
[0.296s] -- Up-to-date symlink: /home/user/robo/sb-robot/ros_ws/install/sb_robot/share/ament_index/resource_index/package_run_dependencies/sb_robot
[0.296s] -- Up-to-date symlink: /home/user/robo/sb-robot/ros_ws/install/sb_robot/share/ament_index/resource_index/parent_prefix_path/sb_robot
[0.296s] -- Up-to-date symlink: /home/user/robo/sb-robot/ros_ws/install/sb_robot/share/sb_robot/environment/ament_prefix_path.sh
[0.296s] -- Up-to-date symlink: /home/user/robo/sb-robot/ros_ws/install/sb_robot/share/sb_robot/environment/ament_prefix_path.dsv
[0.296s] -- Up-to-date symlink: /home/user/robo/sb-robot/ros_ws/install/sb_robot/share/sb_robot/environment/path.sh
[0.296s] -- Up-to-date symlink: /home/user/robo/sb-robot/ros_ws/install/sb_robot/share/sb_robot/environment/path.dsv
[0.296s] -- Up-to-date symlink: /home/user/robo/sb-robot/ros_ws/install/sb_robot/share/sb_robot/local_setup.bash
[0.296s] -- Up-to-date symlink: /home/user/robo/sb-robot/ros_ws/install/sb_robot/share/sb_robot/local_setup.sh
[0.296s] -- Up-to-date symlink: /home/user/robo/sb-robot/ros_ws/install/sb_robot/share/sb_robot/local_setup.zsh
[0.297s] -- Up-to-date symlink: /home/user/robo/sb-robot/ros_ws/install/sb_robot/share/sb_robot/local_setup.dsv
[0.297s] -- Symlinking: /home/user/robo/sb-robot/ros_ws/install/sb_robot/share/sb_robot/package.dsv
[0.306s] -- Up-to-date symlink: /home/user/robo/sb-robot/ros_ws/install/sb_robot/share/ament_index/resource_index/packages/sb_robot
[0.306s] -- Up-to-date symlink: /home/user/robo/sb-robot/ros_ws/install/sb_robot/share/sb_robot/cmake/sb_robotConfig.cmake
[0.306s] -- Up-to-date symlink: /home/user/robo/sb-robot/ros_ws/install/sb_robot/share/sb_robot/cmake/sb_robotConfig-version.cmake
[0.306s] -- Up-to-date symlink: /home/user/robo/sb-robot/ros_ws/install/sb_robot/share/sb_robot/package.xml
[0.309s] Invoked command in '/home/user/robo/sb-robot/ros_ws/build/sb_robot' returned '0': CMAKE_PREFIX_PATH=/opt/ros/humble /usr/bin/cmake --install /home/user/robo/sb-robot/ros_ws/build/sb_robot
