[0.022s] Invoking command in '/home/user/robo/sb-robot/microros_ws/build/action_msgs': AMENT_PREFIX_PATH=/home/user/robo/sb-robot/microros_ws/install/unique_identifier_msgs:${AMENT_PREFIX_PATH} CMAKE_PREFIX_PATH=/home/user/robo/sb-robot/microros_ws/install/unique_identifier_msgs:/home/user/robo/sb-robot/microros_ws/install/builtin_interfaces:/home/user/robo/sb-robot/microros_ws/src/install/action_msgs:/home/user/robo/sb-robot/microros_ws/src/install/unique_identifier_msgs:/home/user/robo/sb-robot/microros_ws/src/install/std_srvs:/home/user/robo/sb-robot/microros_ws/src/install/statistics_msgs:/home/user/robo/sb-robot/microros_ws/src/install/rmw_microxrcedds:/home/user/robo/sb-robot/microros_ws/src/install/rosidl_typesupport_microxrcedds_cpp:/home/user/robo/sb-robot/microros_ws/src/install/rosidl_typesupport_microxrcedds_c:/home/user/robo/sb-robot/microros_ws/src/install/rosgraph_msgs:/home/user/robo/sb-robot/microros_ws/src/install/microxrcedds_client:/home/user/robo/sb-robot/microros_ws/src/install/microcdr:/home/user/robo/sb-robot/microros_ws/src/install/micro_ros_utilities:/home/user/robo/sb-robot/microros_ws/src/install/micro_ros_setup:/home/user/robo/sb-robot/microros_ws/src/install/micro_ros_msgs:/home/user/robo/sb-robot/microros_ws/src/install/lifecycle_msgs:/home/user/robo/sb-robot/microros_ws/src/install/complex_msgs:/home/user/robo/sb-robot/microros_ws/src/install/builtin_interfaces:/home/user/robo/sb-robot/microros_ws/install/micro_ros_setup:/home/user/robo/sb-robot/microros_ws/install/micro_ros_agent:/home/user/robo/sb-robot/microros_ws/install/micro_ros_msgs:/opt/ros/humble LD_LIBRARY_PATH=/home/user/robo/sb-robot/microros_ws/install/unique_identifier_msgs/lib:/home/user/robo/sb-robot/microros_ws/install/builtin_interfaces/lib:/home/user/robo/sb-robot/microros_ws/src/install/action_msgs/lib:/home/user/robo/sb-robot/microros_ws/src/install/unique_identifier_msgs/lib:/home/user/robo/sb-robot/microros_ws/src/install/std_srvs/lib:/home/user/robo/sb-robot/microros_ws/src/install/statistics_msgs/lib:/home/user/robo/sb-robot/microros_ws/src/install/rmw_microxrcedds/lib:/home/user/robo/sb-robot/microros_ws/src/install/rosidl_typesupport_microxrcedds_cpp/lib:/home/user/robo/sb-robot/microros_ws/src/install/rosidl_typesupport_microxrcedds_c/lib:/home/user/robo/sb-robot/microros_ws/src/install/rosgraph_msgs/lib:/home/user/robo/sb-robot/microros_ws/src/install/microxrcedds_client/lib:/home/user/robo/sb-robot/microros_ws/src/install/microcdr/lib:/home/user/robo/sb-robot/microros_ws/src/install/micro_ros_utilities/lib:/home/user/robo/sb-robot/microros_ws/src/install/micro_ros_msgs/lib:/home/user/robo/sb-robot/microros_ws/src/install/lifecycle_msgs/lib:/home/user/robo/sb-robot/microros_ws/src/install/complex_msgs/lib:/home/user/robo/sb-robot/microros_ws/src/install/builtin_interfaces/lib:/home/user/robo/sb-robot/microros_ws/install/micro_ros_agent/lib:/home/user/robo/sb-robot/microros_ws/install/micro_ros_msgs/lib:/usr/lib/x86_64-linux-gnu/gazebo-11/plugins:/opt/ros/humble/opt/rviz_ogre_vendor/lib:/opt/ros/humble/lib/x86_64-linux-gnu:/opt/ros/humble/lib PYTHONPATH=/home/user/robo/sb-robot/microros_ws/install/unique_identifier_msgs/local/lib/python3.10/dist-packages:${PYTHONPATH} /usr/bin/cmake /home/user/robo/sb-robot/microros_ws/src/ros2/rcl_interfaces/action_msgs -DCMAKE_INSTALL_PREFIX=/home/user/robo/sb-robot/microros_ws/install/action_msgs
[0.096s] -- The C compiler identification is GNU 11.4.0
[0.197s] -- The CXX compiler identification is GNU 11.4.0
[0.216s] -- Detecting C compiler ABI info
[0.434s] -- Detecting C compiler ABI info - done
[0.454s] -- Check for working C compiler: /usr/bin/cc - skipped
[0.464s] -- Detecting C compile features
[0.464s] -- Detecting C compile features - done
[0.470s] -- Detecting CXX compiler ABI info
[0.690s] -- Detecting CXX compiler ABI info - done
[0.708s] -- Check for working CXX compiler: /usr/bin/c++ - skipped
[0.712s] -- Detecting CXX compile features
[0.713s] -- Detecting CXX compile features - done
[0.727s] -- Found ament_cmake: 1.3.11 (/opt/ros/humble/share/ament_cmake/cmake)
[1.312s] -- Found Python3: /usr/bin/python3 (found version "3.10.12") found components: Interpreter 
[1.689s] -- Found builtin_interfaces: 1.2.1 (/home/user/robo/sb-robot/microros_ws/install/builtin_interfaces/share/builtin_interfaces/cmake)
[1.826s] -- Found rosidl_generator_c: 3.1.6 (/opt/ros/humble/share/rosidl_generator_c/cmake)
[1.849s] -- Found rosidl_adapter: 3.1.6 (/opt/ros/humble/share/rosidl_adapter/cmake)
[1.886s] -- Found rosidl_generator_cpp: 3.1.6 (/opt/ros/humble/share/rosidl_generator_cpp/cmake)
[1.937s] -- Using all available rosidl_typesupport_c: rosidl_typesupport_microxrcedds_c;rosidl_typesupport_fastrtps_c;rosidl_typesupport_introspection_c
[2.007s] -- Using all available rosidl_typesupport_cpp: rosidl_typesupport_microxrcedds_cpp;rosidl_typesupport_fastrtps_cpp;rosidl_typesupport_introspection_cpp
[2.089s] -- Found rosidl_default_generators: 1.2.0 (/opt/ros/humble/share/rosidl_default_generators/cmake)
[2.110s] -- Found unique_identifier_msgs: 2.2.1 (/home/user/robo/sb-robot/microros_ws/install/unique_identifier_msgs/share/unique_identifier_msgs/cmake)
[2.538s] -- Found ament_cmake_cppcheck: 0.12.11 (/opt/ros/humble/share/ament_cmake_cppcheck/cmake)
[2.546s] -- Found ament_cmake_cpplint: 0.12.11 (/opt/ros/humble/share/ament_cmake_cpplint/cmake)
[2.550s] -- Found ament_cmake_uncrustify: 0.12.11 (/opt/ros/humble/share/ament_cmake_uncrustify/cmake)
[2.556s] -- Found ament_cmake_ros: 0.10.0 (/opt/ros/humble/share/ament_cmake_ros/cmake)
[3.495s] -- Using all available rosidl_typesupport_c: rosidl_typesupport_microxrcedds_c;rosidl_typesupport_fastrtps_c;rosidl_typesupport_introspection_c
[4.071s] -- Using all available rosidl_typesupport_cpp: rosidl_typesupport_microxrcedds_cpp;rosidl_typesupport_fastrtps_cpp;rosidl_typesupport_introspection_cpp
[4.158s] -- Found PythonInterp: /usr/bin/python3 (found suitable version "3.10.12", minimum required is "3.6") 
[4.166s] -- Found python_cmake_module: 0.10.0 (/opt/ros/humble/share/python_cmake_module/cmake)
[4.265s] -- Found PythonLibs: /usr/lib/x86_64-linux-gnu/libpython3.10.so (found suitable version "3.10.12", minimum required is "3.5") 
[4.267s] -- Using PYTHON_EXECUTABLE: /usr/bin/python3
[4.267s] -- Using PYTHON_INCLUDE_DIRS: /usr/include/python3.10
[4.267s] -- Using PYTHON_LIBRARIES: /usr/lib/x86_64-linux-gnu/libpython3.10.so
[4.340s] -- Found PythonExtra: .so  
[4.470s] -- Found ament_cmake_flake8: 0.12.11 (/opt/ros/humble/share/ament_cmake_flake8/cmake)
[4.482s] -- Found ament_cmake_pep257: 0.12.11 (/opt/ros/humble/share/ament_cmake_pep257/cmake)
[4.489s] -- Found ament_lint_auto: 0.12.11 (/opt/ros/humble/share/ament_lint_auto/cmake)
[4.537s] -- Added test 'copyright' to check source files copyright and LICENSE
[4.541s] -- Added test 'lint_cmake' to check CMake code style
[4.546s] -- Added test 'xmllint' to check XML markup files
[4.555s] -- Configuring done
[4.769s] -- Generating done
[4.801s] -- Build files have been written to: /home/user/robo/sb-robot/microros_ws/build/action_msgs
[4.821s] Invoked command in '/home/user/robo/sb-robot/microros_ws/build/action_msgs' returned '0': AMENT_PREFIX_PATH=/home/user/robo/sb-robot/microros_ws/install/unique_identifier_msgs:${AMENT_PREFIX_PATH} CMAKE_PREFIX_PATH=/home/user/robo/sb-robot/microros_ws/install/unique_identifier_msgs:/home/user/robo/sb-robot/microros_ws/install/builtin_interfaces:/home/user/robo/sb-robot/microros_ws/src/install/action_msgs:/home/user/robo/sb-robot/microros_ws/src/install/unique_identifier_msgs:/home/user/robo/sb-robot/microros_ws/src/install/std_srvs:/home/user/robo/sb-robot/microros_ws/src/install/statistics_msgs:/home/user/robo/sb-robot/microros_ws/src/install/rmw_microxrcedds:/home/user/robo/sb-robot/microros_ws/src/install/rosidl_typesupport_microxrcedds_cpp:/home/user/robo/sb-robot/microros_ws/src/install/rosidl_typesupport_microxrcedds_c:/home/user/robo/sb-robot/microros_ws/src/install/rosgraph_msgs:/home/user/robo/sb-robot/microros_ws/src/install/microxrcedds_client:/home/user/robo/sb-robot/microros_ws/src/install/microcdr:/home/user/robo/sb-robot/microros_ws/src/install/micro_ros_utilities:/home/user/robo/sb-robot/microros_ws/src/install/micro_ros_setup:/home/user/robo/sb-robot/microros_ws/src/install/micro_ros_msgs:/home/user/robo/sb-robot/microros_ws/src/install/lifecycle_msgs:/home/user/robo/sb-robot/microros_ws/src/install/complex_msgs:/home/user/robo/sb-robot/microros_ws/src/install/builtin_interfaces:/home/user/robo/sb-robot/microros_ws/install/micro_ros_setup:/home/user/robo/sb-robot/microros_ws/install/micro_ros_agent:/home/user/robo/sb-robot/microros_ws/install/micro_ros_msgs:/opt/ros/humble LD_LIBRARY_PATH=/home/user/robo/sb-robot/microros_ws/install/unique_identifier_msgs/lib:/home/user/robo/sb-robot/microros_ws/install/builtin_interfaces/lib:/home/user/robo/sb-robot/microros_ws/src/install/action_msgs/lib:/home/user/robo/sb-robot/microros_ws/src/install/unique_identifier_msgs/lib:/home/user/robo/sb-robot/microros_ws/src/install/std_srvs/lib:/home/user/robo/sb-robot/microros_ws/src/install/statistics_msgs/lib:/home/user/robo/sb-robot/microros_ws/src/install/rmw_microxrcedds/lib:/home/user/robo/sb-robot/microros_ws/src/install/rosidl_typesupport_microxrcedds_cpp/lib:/home/user/robo/sb-robot/microros_ws/src/install/rosidl_typesupport_microxrcedds_c/lib:/home/user/robo/sb-robot/microros_ws/src/install/rosgraph_msgs/lib:/home/user/robo/sb-robot/microros_ws/src/install/microxrcedds_client/lib:/home/user/robo/sb-robot/microros_ws/src/install/microcdr/lib:/home/user/robo/sb-robot/microros_ws/src/install/micro_ros_utilities/lib:/home/user/robo/sb-robot/microros_ws/src/install/micro_ros_msgs/lib:/home/user/robo/sb-robot/microros_ws/src/install/lifecycle_msgs/lib:/home/user/robo/sb-robot/microros_ws/src/install/complex_msgs/lib:/home/user/robo/sb-robot/microros_ws/src/install/builtin_interfaces/lib:/home/user/robo/sb-robot/microros_ws/install/micro_ros_agent/lib:/home/user/robo/sb-robot/microros_ws/install/micro_ros_msgs/lib:/usr/lib/x86_64-linux-gnu/gazebo-11/plugins:/opt/ros/humble/opt/rviz_ogre_vendor/lib:/opt/ros/humble/lib/x86_64-linux-gnu:/opt/ros/humble/lib PYTHONPATH=/home/user/robo/sb-robot/microros_ws/install/unique_identifier_msgs/local/lib/python3.10/dist-packages:${PYTHONPATH} /usr/bin/cmake /home/user/robo/sb-robot/microros_ws/src/ros2/rcl_interfaces/action_msgs -DCMAKE_INSTALL_PREFIX=/home/user/robo/sb-robot/microros_ws/install/action_msgs
[4.826s] Invoking command in '/home/user/robo/sb-robot/microros_ws/build/action_msgs': AMENT_PREFIX_PATH=/home/user/robo/sb-robot/microros_ws/install/unique_identifier_msgs:${AMENT_PREFIX_PATH} CMAKE_PREFIX_PATH=/home/user/robo/sb-robot/microros_ws/install/unique_identifier_msgs:/home/user/robo/sb-robot/microros_ws/install/builtin_interfaces:/home/user/robo/sb-robot/microros_ws/src/install/action_msgs:/home/user/robo/sb-robot/microros_ws/src/install/unique_identifier_msgs:/home/user/robo/sb-robot/microros_ws/src/install/std_srvs:/home/user/robo/sb-robot/microros_ws/src/install/statistics_msgs:/home/user/robo/sb-robot/microros_ws/src/install/rmw_microxrcedds:/home/user/robo/sb-robot/microros_ws/src/install/rosidl_typesupport_microxrcedds_cpp:/home/user/robo/sb-robot/microros_ws/src/install/rosidl_typesupport_microxrcedds_c:/home/user/robo/sb-robot/microros_ws/src/install/rosgraph_msgs:/home/user/robo/sb-robot/microros_ws/src/install/microxrcedds_client:/home/user/robo/sb-robot/microros_ws/src/install/microcdr:/home/user/robo/sb-robot/microros_ws/src/install/micro_ros_utilities:/home/user/robo/sb-robot/microros_ws/src/install/micro_ros_setup:/home/user/robo/sb-robot/microros_ws/src/install/micro_ros_msgs:/home/user/robo/sb-robot/microros_ws/src/install/lifecycle_msgs:/home/user/robo/sb-robot/microros_ws/src/install/complex_msgs:/home/user/robo/sb-robot/microros_ws/src/install/builtin_interfaces:/home/user/robo/sb-robot/microros_ws/install/micro_ros_setup:/home/user/robo/sb-robot/microros_ws/install/micro_ros_agent:/home/user/robo/sb-robot/microros_ws/install/micro_ros_msgs:/opt/ros/humble LD_LIBRARY_PATH=/home/user/robo/sb-robot/microros_ws/install/unique_identifier_msgs/lib:/home/user/robo/sb-robot/microros_ws/install/builtin_interfaces/lib:/home/user/robo/sb-robot/microros_ws/src/install/action_msgs/lib:/home/user/robo/sb-robot/microros_ws/src/install/unique_identifier_msgs/lib:/home/user/robo/sb-robot/microros_ws/src/install/std_srvs/lib:/home/user/robo/sb-robot/microros_ws/src/install/statistics_msgs/lib:/home/user/robo/sb-robot/microros_ws/src/install/rmw_microxrcedds/lib:/home/user/robo/sb-robot/microros_ws/src/install/rosidl_typesupport_microxrcedds_cpp/lib:/home/user/robo/sb-robot/microros_ws/src/install/rosidl_typesupport_microxrcedds_c/lib:/home/user/robo/sb-robot/microros_ws/src/install/rosgraph_msgs/lib:/home/user/robo/sb-robot/microros_ws/src/install/microxrcedds_client/lib:/home/user/robo/sb-robot/microros_ws/src/install/microcdr/lib:/home/user/robo/sb-robot/microros_ws/src/install/micro_ros_utilities/lib:/home/user/robo/sb-robot/microros_ws/src/install/micro_ros_msgs/lib:/home/user/robo/sb-robot/microros_ws/src/install/lifecycle_msgs/lib:/home/user/robo/sb-robot/microros_ws/src/install/complex_msgs/lib:/home/user/robo/sb-robot/microros_ws/src/install/builtin_interfaces/lib:/home/user/robo/sb-robot/microros_ws/install/micro_ros_agent/lib:/home/user/robo/sb-robot/microros_ws/install/micro_ros_msgs/lib:/usr/lib/x86_64-linux-gnu/gazebo-11/plugins:/opt/ros/humble/opt/rviz_ogre_vendor/lib:/opt/ros/humble/lib/x86_64-linux-gnu:/opt/ros/humble/lib PYTHONPATH=/home/user/robo/sb-robot/microros_ws/install/unique_identifier_msgs/local/lib/python3.10/dist-packages:${PYTHONPATH} /usr/bin/cmake --build /home/user/robo/sb-robot/microros_ws/build/action_msgs -- -j20 -l20
[4.948s] [  1%] [34m[1mGenerating C code for ROS interfaces[0m
[4.976s] [  2%] [34m[1mGenerating C++ code for ROS interfaces[0m
[5.017s] [  2%] Built target ament_cmake_python_copy_action_msgs
[5.570s] running egg_info
[5.571s] creating action_msgs.egg-info
[5.575s] writing action_msgs.egg-info/PKG-INFO
[5.575s] writing dependency_links to action_msgs.egg-info/dependency_links.txt
[5.576s] writing top-level names to action_msgs.egg-info/top_level.txt
[5.576s] writing manifest file 'action_msgs.egg-info/SOURCES.txt'
[5.576s] reading manifest file 'action_msgs.egg-info/SOURCES.txt'
[5.579s] writing manifest file 'action_msgs.egg-info/SOURCES.txt'
[5.644s] [  2%] Built target ament_cmake_python_build_action_msgs_egg
[6.013s] [  2%] Built target action_msgs__cpp
[6.022s] [  5%] [34m[1mGenerating C++ type support dispatch for ROS interfaces[0m
[6.022s] [  5%] [34m[1mGenerating C++ introspection for ROS interfaces[0m
[6.025s] [  8%] [34m[1mGenerating C++ type support for eProsima Micro XRCE-DDS[0m
[6.025s] [  8%] [34m[1mGenerating C++ type support for eProsima Fast-RTPS[0m
[6.196s] [ 10%] [32mBuilding C object CMakeFiles/action_msgs__rosidl_generator_c.dir/rosidl_generator_c/action_msgs/msg/detail/goal_info__functions.c.o[0m
[6.202s] [ 11%] [32mBuilding C object CMakeFiles/action_msgs__rosidl_generator_c.dir/rosidl_generator_c/action_msgs/srv/detail/cancel_goal__functions.c.o[0m
[6.202s] [ 13%] [32mBuilding C object CMakeFiles/action_msgs__rosidl_generator_c.dir/rosidl_generator_c/action_msgs/msg/detail/goal_status_array__functions.c.o[0m
[6.209s] [ 14%] [32mBuilding C object CMakeFiles/action_msgs__rosidl_generator_c.dir/rosidl_generator_c/action_msgs/msg/detail/goal_status__functions.c.o[0m
[6.351s] [ 15%] [32m[1mLinking C shared library libaction_msgs__rosidl_generator_c.so[0m
[6.446s] [ 15%] Built target action_msgs__rosidl_generator_c
[6.470s] [ 17%] [34m[1mGenerating C type support for eProsima Micro XRCE-DDS[0m
[6.479s] [ 18%] [34m[1mGenerating C type support for eProsima Fast-RTPS[0m
[6.479s] [ 20%] [34m[1mGenerating C type support dispatch for ROS interfaces[0m
[6.479s] [ 21%] [34m[1mGenerating C introspection for ROS interfaces[0m
[7.179s] [ 23%] [32mBuilding CXX object CMakeFiles/action_msgs__rosidl_typesupport_microxrcedds_cpp.dir/rosidl_typesupport_microxrcedds_cpp/action_msgs/msg/detail/microxrcedds/goal_info__type_support_cpp.cpp.o[0m
[7.203s] [ 24%] [32mBuilding CXX object CMakeFiles/action_msgs__rosidl_typesupport_microxrcedds_cpp.dir/rosidl_typesupport_microxrcedds_cpp/action_msgs/msg/detail/microxrcedds/goal_status_array__type_support_cpp.cpp.o[0m
[7.204s] [ 26%] [32mBuilding CXX object CMakeFiles/action_msgs__rosidl_typesupport_microxrcedds_cpp.dir/rosidl_typesupport_microxrcedds_cpp/action_msgs/srv/detail/microxrcedds/cancel_goal__type_support_cpp.cpp.o[0m
[7.231s] [ 27%] [32mBuilding CXX object CMakeFiles/action_msgs__rosidl_typesupport_microxrcedds_cpp.dir/rosidl_typesupport_microxrcedds_cpp/action_msgs/msg/detail/microxrcedds/goal_status__type_support_cpp.cpp.o[0m
[7.240s] [ 28%] [32mBuilding CXX object CMakeFiles/action_msgs__rosidl_typesupport_cpp.dir/rosidl_typesupport_cpp/action_msgs/msg/goal_info__type_support.cpp.o[0m
[7.246s] [ 30%] [32mBuilding CXX object CMakeFiles/action_msgs__rosidl_typesupport_cpp.dir/rosidl_typesupport_cpp/action_msgs/msg/goal_status_array__type_support.cpp.o[0m
[7.250s] [ 31%] [32mBuilding CXX object CMakeFiles/action_msgs__rosidl_typesupport_cpp.dir/rosidl_typesupport_cpp/action_msgs/msg/goal_status__type_support.cpp.o[0m
[7.259s] [ 33%] [32mBuilding CXX object CMakeFiles/action_msgs__rosidl_typesupport_fastrtps_cpp.dir/rosidl_typesupport_fastrtps_cpp/action_msgs/msg/detail/dds_fastrtps/goal_info__type_support.cpp.o[0m
[7.259s] [ 34%] [32mBuilding CXX object CMakeFiles/action_msgs__rosidl_typesupport_fastrtps_cpp.dir/rosidl_typesupport_fastrtps_cpp/action_msgs/msg/detail/dds_fastrtps/goal_status_array__type_support.cpp.o[0m
[7.260s] [ 36%] [32mBuilding CXX object CMakeFiles/action_msgs__rosidl_typesupport_cpp.dir/rosidl_typesupport_cpp/action_msgs/srv/cancel_goal__type_support.cpp.o[0m
[7.264s] [ 37%] [32mBuilding CXX object CMakeFiles/action_msgs__rosidl_typesupport_fastrtps_cpp.dir/rosidl_typesupport_fastrtps_cpp/action_msgs/msg/detail/dds_fastrtps/goal_status__type_support.cpp.o[0m
[7.269s] [ 39%] [32mBuilding CXX object CMakeFiles/action_msgs__rosidl_typesupport_fastrtps_cpp.dir/rosidl_typesupport_fastrtps_cpp/action_msgs/srv/detail/dds_fastrtps/cancel_goal__type_support.cpp.o[0m
[7.329s] [ 40%] [32mBuilding CXX object CMakeFiles/action_msgs__rosidl_typesupport_introspection_cpp.dir/rosidl_typesupport_introspection_cpp/action_msgs/msg/detail/goal_info__type_support.cpp.o[0m
[7.329s] [ 42%] [32mBuilding CXX object CMakeFiles/action_msgs__rosidl_typesupport_introspection_cpp.dir/rosidl_typesupport_introspection_cpp/action_msgs/msg/detail/goal_status__type_support.cpp.o[0m
[7.337s] [ 44%] [32mBuilding CXX object CMakeFiles/action_msgs__rosidl_typesupport_introspection_cpp.dir/rosidl_typesupport_introspection_cpp/action_msgs/msg/detail/goal_status_array__type_support.cpp.o[0m
[7.337s] [ 44%] [32mBuilding CXX object CMakeFiles/action_msgs__rosidl_typesupport_introspection_cpp.dir/rosidl_typesupport_introspection_cpp/action_msgs/srv/detail/cancel_goal__type_support.cpp.o[0m
[8.009s] [ 46%] [32mBuilding CXX object CMakeFiles/action_msgs__rosidl_typesupport_fastrtps_c.dir/rosidl_typesupport_fastrtps_c/action_msgs/msg/detail/goal_info__type_support_c.cpp.o[0m
[8.026s] [ 47%] [32mBuilding CXX object CMakeFiles/action_msgs__rosidl_typesupport_fastrtps_c.dir/rosidl_typesupport_fastrtps_c/action_msgs/msg/detail/goal_status__type_support_c.cpp.o[0m
[8.037s] [ 49%] [32mBuilding CXX object CMakeFiles/action_msgs__rosidl_typesupport_fastrtps_c.dir/rosidl_typesupport_fastrtps_c/action_msgs/msg/detail/goal_status_array__type_support_c.cpp.o[0m
[8.039s] [ 50%] [32mBuilding CXX object CMakeFiles/action_msgs__rosidl_typesupport_c.dir/rosidl_typesupport_c/action_msgs/msg/goal_info__type_support.cpp.o[0m
[8.070s] [ 52%] [32mBuilding CXX object CMakeFiles/action_msgs__rosidl_typesupport_c.dir/rosidl_typesupport_c/action_msgs/msg/goal_status__type_support.cpp.o[0m
[8.134s] [ 53%] [32mBuilding CXX object CMakeFiles/action_msgs__rosidl_typesupport_fastrtps_c.dir/rosidl_typesupport_fastrtps_c/action_msgs/srv/detail/cancel_goal__type_support_c.cpp.o[0m
[8.174s] [ 55%] [32mBuilding CXX object CMakeFiles/action_msgs__rosidl_typesupport_c.dir/rosidl_typesupport_c/action_msgs/srv/cancel_goal__type_support.cpp.o[0m
[8.174s] [ 56%] [32mBuilding CXX object CMakeFiles/action_msgs__rosidl_typesupport_c.dir/rosidl_typesupport_c/action_msgs/msg/goal_status_array__type_support.cpp.o[0m
[8.187s] [ 57%] [32m[1mLinking CXX shared library libaction_msgs__rosidl_typesupport_cpp.so[0m
[8.296s] [ 59%] [32m[1mLinking CXX shared library libaction_msgs__rosidl_typesupport_c.so[0m
[8.359s] [ 60%] [32mBuilding C object CMakeFiles/action_msgs__rosidl_typesupport_introspection_c.dir/rosidl_typesupport_introspection_c/action_msgs/msg/detail/goal_info__type_support.c.o[0m
[8.361s] [ 60%] Built target action_msgs__rosidl_typesupport_cpp
[8.363s] [ 62%] [32mBuilding C object CMakeFiles/action_msgs__rosidl_typesupport_introspection_c.dir/rosidl_typesupport_introspection_c/action_msgs/msg/detail/goal_status__type_support.c.o[0m
[8.374s] [ 63%] [32mBuilding C object CMakeFiles/action_msgs__rosidl_typesupport_introspection_c.dir/rosidl_typesupport_introspection_c/action_msgs/srv/detail/cancel_goal__type_support.c.o[0m
[8.382s] [ 65%] [32mBuilding C object CMakeFiles/action_msgs__rosidl_typesupport_introspection_c.dir/rosidl_typesupport_introspection_c/action_msgs/msg/detail/goal_status_array__type_support.c.o[0m
[8.414s] [ 66%] [32mBuilding C object CMakeFiles/action_msgs__rosidl_typesupport_microxrcedds_c.dir/rosidl_typesupport_microxrcedds_c/action_msgs/msg/detail/microxrcedds/goal_status__type_support_c.c.o[0m
[8.418s] [ 68%] [32mBuilding C object CMakeFiles/action_msgs__rosidl_typesupport_microxrcedds_c.dir/rosidl_typesupport_microxrcedds_c/action_msgs/msg/detail/microxrcedds/goal_info__type_support_c.c.o[0m
[8.418s] [ 69%] [32mBuilding C object CMakeFiles/action_msgs__rosidl_typesupport_microxrcedds_c.dir/rosidl_typesupport_microxrcedds_c/action_msgs/msg/detail/microxrcedds/goal_status_array__type_support_c.c.o[0m
[8.432s] [ 71%] [32mBuilding C object CMakeFiles/action_msgs__rosidl_typesupport_microxrcedds_c.dir/rosidl_typesupport_microxrcedds_c/action_msgs/srv/detail/microxrcedds/cancel_goal__type_support_c.c.o[0m
[8.440s] [ 71%] Built target action_msgs__rosidl_typesupport_c
[8.471s] [ 72%] [32m[1mLinking CXX shared library libaction_msgs__rosidl_typesupport_microxrcedds_cpp.so[0m
[8.495s] [ 73%] [32m[1mLinking C shared library libaction_msgs__rosidl_typesupport_introspection_c.so[0m
[8.572s] [ 73%] Built target action_msgs__rosidl_typesupport_introspection_c
[8.576s] [ 75%] [32m[1mLinking C shared library libaction_msgs__rosidl_typesupport_microxrcedds_c.so[0m
[8.668s] [ 75%] Built target action_msgs__rosidl_typesupport_microxrcedds_c
[8.705s] [ 76%] [32m[1mLinking CXX shared library libaction_msgs__rosidl_typesupport_introspection_cpp.so[0m
[8.715s] [ 78%] [32m[1mLinking CXX shared library libaction_msgs__rosidl_typesupport_fastrtps_cpp.so[0m
[8.720s] [ 78%] Built target action_msgs__rosidl_typesupport_microxrcedds_cpp
[8.785s] [ 79%] [32m[1mLinking CXX shared library libaction_msgs__rosidl_typesupport_fastrtps_c.so[0m
[8.838s] [ 79%] Built target action_msgs__rosidl_typesupport_introspection_cpp
[8.908s] [ 79%] Built target action_msgs__rosidl_typesupport_fastrtps_c
[8.917s] [ 79%] Built target action_msgs__rosidl_typesupport_fastrtps_cpp
[8.947s] [ 79%] Built target action_msgs
[8.975s] [ 81%] [34m[1mGenerating Python code for ROS interfaces[0m
[12.476s] [ 81%] Built target action_msgs__py
[12.575s] [ 82%] [32mBuilding C object CMakeFiles/action_msgs__rosidl_generator_py.dir/rosidl_generator_py/action_msgs/srv/_cancel_goal_s.c.o[0m
[12.581s] [ 84%] [32mBuilding C object CMakeFiles/action_msgs__rosidl_generator_py.dir/rosidl_generator_py/action_msgs/msg/_goal_status_s.c.o[0m
[12.594s] [ 86%] [32mBuilding C object CMakeFiles/action_msgs__rosidl_generator_py.dir/rosidl_generator_py/action_msgs/msg/_goal_info_s.c.o[0m
[12.595s] [ 86%] [32mBuilding C object CMakeFiles/action_msgs__rosidl_generator_py.dir/rosidl_generator_py/action_msgs/msg/_goal_status_array_s.c.o[0m
[13.180s] [ 88%] [32m[1mLinking C shared library rosidl_generator_py/action_msgs/libaction_msgs__rosidl_generator_py.so[0m
[13.447s] [ 88%] Built target action_msgs__rosidl_generator_py
[13.548s] [ 89%] [32mBuilding C object CMakeFiles/action_msgs__rosidl_typesupport_microxrcedds_c__pyext.dir/rosidl_generator_py/action_msgs/_action_msgs_s.ep.rosidl_typesupport_microxrcedds_c.c.o[0m
[13.812s] [ 91%] [32m[1mLinking C shared library rosidl_generator_py/action_msgs/action_msgs_s__rosidl_typesupport_microxrcedds_c.cpython-310-x86_64-linux-gnu.so[0m
[13.956s] [ 91%] Built target action_msgs__rosidl_typesupport_microxrcedds_c__pyext
[14.022s] [ 92%] [32mBuilding C object CMakeFiles/action_msgs__rosidl_typesupport_c__pyext.dir/rosidl_generator_py/action_msgs/_action_msgs_s.ep.rosidl_typesupport_c.c.o[0m
[14.168s] [ 94%] [32m[1mLinking C shared library rosidl_generator_py/action_msgs/action_msgs_s__rosidl_typesupport_c.cpython-310-x86_64-linux-gnu.so[0m
[14.212s] [ 94%] Built target action_msgs__rosidl_typesupport_c__pyext
[14.235s] [ 95%] [32mBuilding C object CMakeFiles/action_msgs__rosidl_typesupport_introspection_c__pyext.dir/rosidl_generator_py/action_msgs/_action_msgs_s.ep.rosidl_typesupport_introspection_c.c.o[0m
[14.326s] [ 97%] [32m[1mLinking C shared library rosidl_generator_py/action_msgs/action_msgs_s__rosidl_typesupport_introspection_c.cpython-310-x86_64-linux-gnu.so[0m
[14.368s] [ 97%] Built target action_msgs__rosidl_typesupport_introspection_c__pyext
[14.387s] [ 98%] [32mBuilding C object CMakeFiles/action_msgs__rosidl_typesupport_fastrtps_c__pyext.dir/rosidl_generator_py/action_msgs/_action_msgs_s.ep.rosidl_typesupport_fastrtps_c.c.o[0m
[14.475s] [100%] [32m[1mLinking C shared library rosidl_generator_py/action_msgs/action_msgs_s__rosidl_typesupport_fastrtps_c.cpython-310-x86_64-linux-gnu.so[0m
[14.509s] [100%] Built target action_msgs__rosidl_typesupport_fastrtps_c__pyext
[14.523s] Invoked command in '/home/user/robo/sb-robot/microros_ws/build/action_msgs' returned '0': AMENT_PREFIX_PATH=/home/user/robo/sb-robot/microros_ws/install/unique_identifier_msgs:${AMENT_PREFIX_PATH} CMAKE_PREFIX_PATH=/home/user/robo/sb-robot/microros_ws/install/unique_identifier_msgs:/home/user/robo/sb-robot/microros_ws/install/builtin_interfaces:/home/user/robo/sb-robot/microros_ws/src/install/action_msgs:/home/user/robo/sb-robot/microros_ws/src/install/unique_identifier_msgs:/home/user/robo/sb-robot/microros_ws/src/install/std_srvs:/home/user/robo/sb-robot/microros_ws/src/install/statistics_msgs:/home/user/robo/sb-robot/microros_ws/src/install/rmw_microxrcedds:/home/user/robo/sb-robot/microros_ws/src/install/rosidl_typesupport_microxrcedds_cpp:/home/user/robo/sb-robot/microros_ws/src/install/rosidl_typesupport_microxrcedds_c:/home/user/robo/sb-robot/microros_ws/src/install/rosgraph_msgs:/home/user/robo/sb-robot/microros_ws/src/install/microxrcedds_client:/home/user/robo/sb-robot/microros_ws/src/install/microcdr:/home/user/robo/sb-robot/microros_ws/src/install/micro_ros_utilities:/home/user/robo/sb-robot/microros_ws/src/install/micro_ros_setup:/home/user/robo/sb-robot/microros_ws/src/install/micro_ros_msgs:/home/user/robo/sb-robot/microros_ws/src/install/lifecycle_msgs:/home/user/robo/sb-robot/microros_ws/src/install/complex_msgs:/home/user/robo/sb-robot/microros_ws/src/install/builtin_interfaces:/home/user/robo/sb-robot/microros_ws/install/micro_ros_setup:/home/user/robo/sb-robot/microros_ws/install/micro_ros_agent:/home/user/robo/sb-robot/microros_ws/install/micro_ros_msgs:/opt/ros/humble LD_LIBRARY_PATH=/home/user/robo/sb-robot/microros_ws/install/unique_identifier_msgs/lib:/home/user/robo/sb-robot/microros_ws/install/builtin_interfaces/lib:/home/user/robo/sb-robot/microros_ws/src/install/action_msgs/lib:/home/user/robo/sb-robot/microros_ws/src/install/unique_identifier_msgs/lib:/home/user/robo/sb-robot/microros_ws/src/install/std_srvs/lib:/home/user/robo/sb-robot/microros_ws/src/install/statistics_msgs/lib:/home/user/robo/sb-robot/microros_ws/src/install/rmw_microxrcedds/lib:/home/user/robo/sb-robot/microros_ws/src/install/rosidl_typesupport_microxrcedds_cpp/lib:/home/user/robo/sb-robot/microros_ws/src/install/rosidl_typesupport_microxrcedds_c/lib:/home/user/robo/sb-robot/microros_ws/src/install/rosgraph_msgs/lib:/home/user/robo/sb-robot/microros_ws/src/install/microxrcedds_client/lib:/home/user/robo/sb-robot/microros_ws/src/install/microcdr/lib:/home/user/robo/sb-robot/microros_ws/src/install/micro_ros_utilities/lib:/home/user/robo/sb-robot/microros_ws/src/install/micro_ros_msgs/lib:/home/user/robo/sb-robot/microros_ws/src/install/lifecycle_msgs/lib:/home/user/robo/sb-robot/microros_ws/src/install/complex_msgs/lib:/home/user/robo/sb-robot/microros_ws/src/install/builtin_interfaces/lib:/home/user/robo/sb-robot/microros_ws/install/micro_ros_agent/lib:/home/user/robo/sb-robot/microros_ws/install/micro_ros_msgs/lib:/usr/lib/x86_64-linux-gnu/gazebo-11/plugins:/opt/ros/humble/opt/rviz_ogre_vendor/lib:/opt/ros/humble/lib/x86_64-linux-gnu:/opt/ros/humble/lib PYTHONPATH=/home/user/robo/sb-robot/microros_ws/install/unique_identifier_msgs/local/lib/python3.10/dist-packages:${PYTHONPATH} /usr/bin/cmake --build /home/user/robo/sb-robot/microros_ws/build/action_msgs -- -j20 -l20
[14.525s] Invoking command in '/home/user/robo/sb-robot/microros_ws/build/action_msgs': AMENT_PREFIX_PATH=/home/user/robo/sb-robot/microros_ws/install/unique_identifier_msgs:${AMENT_PREFIX_PATH} CMAKE_PREFIX_PATH=/home/user/robo/sb-robot/microros_ws/install/unique_identifier_msgs:/home/user/robo/sb-robot/microros_ws/install/builtin_interfaces:/home/user/robo/sb-robot/microros_ws/src/install/action_msgs:/home/user/robo/sb-robot/microros_ws/src/install/unique_identifier_msgs:/home/user/robo/sb-robot/microros_ws/src/install/std_srvs:/home/user/robo/sb-robot/microros_ws/src/install/statistics_msgs:/home/user/robo/sb-robot/microros_ws/src/install/rmw_microxrcedds:/home/user/robo/sb-robot/microros_ws/src/install/rosidl_typesupport_microxrcedds_cpp:/home/user/robo/sb-robot/microros_ws/src/install/rosidl_typesupport_microxrcedds_c:/home/user/robo/sb-robot/microros_ws/src/install/rosgraph_msgs:/home/user/robo/sb-robot/microros_ws/src/install/microxrcedds_client:/home/user/robo/sb-robot/microros_ws/src/install/microcdr:/home/user/robo/sb-robot/microros_ws/src/install/micro_ros_utilities:/home/user/robo/sb-robot/microros_ws/src/install/micro_ros_setup:/home/user/robo/sb-robot/microros_ws/src/install/micro_ros_msgs:/home/user/robo/sb-robot/microros_ws/src/install/lifecycle_msgs:/home/user/robo/sb-robot/microros_ws/src/install/complex_msgs:/home/user/robo/sb-robot/microros_ws/src/install/builtin_interfaces:/home/user/robo/sb-robot/microros_ws/install/micro_ros_setup:/home/user/robo/sb-robot/microros_ws/install/micro_ros_agent:/home/user/robo/sb-robot/microros_ws/install/micro_ros_msgs:/opt/ros/humble LD_LIBRARY_PATH=/home/user/robo/sb-robot/microros_ws/install/unique_identifier_msgs/lib:/home/user/robo/sb-robot/microros_ws/install/builtin_interfaces/lib:/home/user/robo/sb-robot/microros_ws/src/install/action_msgs/lib:/home/user/robo/sb-robot/microros_ws/src/install/unique_identifier_msgs/lib:/home/user/robo/sb-robot/microros_ws/src/install/std_srvs/lib:/home/user/robo/sb-robot/microros_ws/src/install/statistics_msgs/lib:/home/user/robo/sb-robot/microros_ws/src/install/rmw_microxrcedds/lib:/home/user/robo/sb-robot/microros_ws/src/install/rosidl_typesupport_microxrcedds_cpp/lib:/home/user/robo/sb-robot/microros_ws/src/install/rosidl_typesupport_microxrcedds_c/lib:/home/user/robo/sb-robot/microros_ws/src/install/rosgraph_msgs/lib:/home/user/robo/sb-robot/microros_ws/src/install/microxrcedds_client/lib:/home/user/robo/sb-robot/microros_ws/src/install/microcdr/lib:/home/user/robo/sb-robot/microros_ws/src/install/micro_ros_utilities/lib:/home/user/robo/sb-robot/microros_ws/src/install/micro_ros_msgs/lib:/home/user/robo/sb-robot/microros_ws/src/install/lifecycle_msgs/lib:/home/user/robo/sb-robot/microros_ws/src/install/complex_msgs/lib:/home/user/robo/sb-robot/microros_ws/src/install/builtin_interfaces/lib:/home/user/robo/sb-robot/microros_ws/install/micro_ros_agent/lib:/home/user/robo/sb-robot/microros_ws/install/micro_ros_msgs/lib:/usr/lib/x86_64-linux-gnu/gazebo-11/plugins:/opt/ros/humble/opt/rviz_ogre_vendor/lib:/opt/ros/humble/lib/x86_64-linux-gnu:/opt/ros/humble/lib PYTHONPATH=/home/user/robo/sb-robot/microros_ws/install/unique_identifier_msgs/local/lib/python3.10/dist-packages:${PYTHONPATH} /usr/bin/cmake --install /home/user/robo/sb-robot/microros_ws/build/action_msgs
[14.535s] -- Install configuration: ""
[14.535s] -- Installing: /home/user/robo/sb-robot/microros_ws/install/action_msgs/share/ament_index/resource_index/rosidl_interfaces/action_msgs
[14.535s] -- Installing: /home/user/robo/sb-robot/microros_ws/install/action_msgs/include/action_msgs/action_msgs
[14.535s] -- Installing: /home/user/robo/sb-robot/microros_ws/install/action_msgs/include/action_msgs/action_msgs/srv
[14.535s] -- Installing: /home/user/robo/sb-robot/microros_ws/install/action_msgs/include/action_msgs/action_msgs/srv/detail
[14.536s] -- Installing: /home/user/robo/sb-robot/microros_ws/install/action_msgs/include/action_msgs/action_msgs/srv/detail/cancel_goal__functions.c
[14.536s] -- Installing: /home/user/robo/sb-robot/microros_ws/install/action_msgs/include/action_msgs/action_msgs/srv/detail/cancel_goal__type_support.h
[14.536s] -- Installing: /home/user/robo/sb-robot/microros_ws/install/action_msgs/include/action_msgs/action_msgs/srv/detail/cancel_goal__struct.h
[14.536s] -- Installing: /home/user/robo/sb-robot/microros_ws/install/action_msgs/include/action_msgs/action_msgs/srv/detail/cancel_goal__functions.h
[14.536s] -- Installing: /home/user/robo/sb-robot/microros_ws/install/action_msgs/include/action_msgs/action_msgs/srv/cancel_goal.h
[14.536s] -- Installing: /home/user/robo/sb-robot/microros_ws/install/action_msgs/include/action_msgs/action_msgs/msg
[14.536s] -- Installing: /home/user/robo/sb-robot/microros_ws/install/action_msgs/include/action_msgs/action_msgs/msg/goal_status_array.h
[14.536s] -- Installing: /home/user/robo/sb-robot/microros_ws/install/action_msgs/include/action_msgs/action_msgs/msg/goal_status.h
[14.536s] -- Installing: /home/user/robo/sb-robot/microros_ws/install/action_msgs/include/action_msgs/action_msgs/msg/detail
[14.537s] -- Installing: /home/user/robo/sb-robot/microros_ws/install/action_msgs/include/action_msgs/action_msgs/msg/detail/goal_info__type_support.h
[14.537s] -- Installing: /home/user/robo/sb-robot/microros_ws/install/action_msgs/include/action_msgs/action_msgs/msg/detail/goal_info__functions.h
[14.537s] -- Installing: /home/user/robo/sb-robot/microros_ws/install/action_msgs/include/action_msgs/action_msgs/msg/detail/goal_status_array__type_support.h
[14.537s] -- Installing: /home/user/robo/sb-robot/microros_ws/install/action_msgs/include/action_msgs/action_msgs/msg/detail/goal_status__functions.h
[14.537s] -- Installing: /home/user/robo/sb-robot/microros_ws/install/action_msgs/include/action_msgs/action_msgs/msg/detail/goal_status_array__struct.h
[14.537s] -- Installing: /home/user/robo/sb-robot/microros_ws/install/action_msgs/include/action_msgs/action_msgs/msg/detail/goal_status_array__functions.c
[14.537s] -- Installing: /home/user/robo/sb-robot/microros_ws/install/action_msgs/include/action_msgs/action_msgs/msg/detail/goal_status_array__functions.h
[14.537s] -- Installing: /home/user/robo/sb-robot/microros_ws/install/action_msgs/include/action_msgs/action_msgs/msg/detail/goal_info__functions.c
[14.537s] -- Installing: /home/user/robo/sb-robot/microros_ws/install/action_msgs/include/action_msgs/action_msgs/msg/detail/goal_info__struct.h
[14.537s] -- Installing: /home/user/robo/sb-robot/microros_ws/install/action_msgs/include/action_msgs/action_msgs/msg/detail/goal_status__functions.c
[14.538s] -- Installing: /home/user/robo/sb-robot/microros_ws/install/action_msgs/include/action_msgs/action_msgs/msg/detail/goal_status__type_support.h
[14.538s] -- Installing: /home/user/robo/sb-robot/microros_ws/install/action_msgs/include/action_msgs/action_msgs/msg/detail/goal_status__struct.h
[14.538s] -- Installing: /home/user/robo/sb-robot/microros_ws/install/action_msgs/include/action_msgs/action_msgs/msg/rosidl_generator_c__visibility_control.h
[14.538s] -- Installing: /home/user/robo/sb-robot/microros_ws/install/action_msgs/include/action_msgs/action_msgs/msg/goal_info.h
[14.538s] -- Installing: /home/user/robo/sb-robot/microros_ws/install/action_msgs/share/action_msgs/environment/library_path.sh
[14.538s] -- Installing: /home/user/robo/sb-robot/microros_ws/install/action_msgs/share/action_msgs/environment/library_path.dsv
[14.539s] -- Installing: /home/user/robo/sb-robot/microros_ws/install/action_msgs/lib/libaction_msgs__rosidl_generator_c.so
[14.539s] -- Set runtime path of "/home/user/robo/sb-robot/microros_ws/install/action_msgs/lib/libaction_msgs__rosidl_generator_c.so" to ""
[14.539s] -- Up-to-date: /home/user/robo/sb-robot/microros_ws/install/action_msgs/include/action_msgs/action_msgs
[14.539s] -- Up-to-date: /home/user/robo/sb-robot/microros_ws/install/action_msgs/include/action_msgs/action_msgs/srv
[14.539s] -- Up-to-date: /home/user/robo/sb-robot/microros_ws/install/action_msgs/include/action_msgs/action_msgs/srv/detail
[14.539s] -- Installing: /home/user/robo/sb-robot/microros_ws/install/action_msgs/include/action_msgs/action_msgs/srv/detail/cancel_goal__rosidl_typesupport_fastrtps_c.h
[14.539s] -- Up-to-date: /home/user/robo/sb-robot/microros_ws/install/action_msgs/include/action_msgs/action_msgs/msg
[14.540s] -- Up-to-date: /home/user/robo/sb-robot/microros_ws/install/action_msgs/include/action_msgs/action_msgs/msg/detail
[14.540s] -- Installing: /home/user/robo/sb-robot/microros_ws/install/action_msgs/include/action_msgs/action_msgs/msg/detail/goal_info__rosidl_typesupport_fastrtps_c.h
[14.540s] -- Installing: /home/user/robo/sb-robot/microros_ws/install/action_msgs/include/action_msgs/action_msgs/msg/detail/goal_status__rosidl_typesupport_fastrtps_c.h
[14.540s] -- Installing: /home/user/robo/sb-robot/microros_ws/install/action_msgs/include/action_msgs/action_msgs/msg/detail/goal_status_array__rosidl_typesupport_fastrtps_c.h
[14.540s] -- Installing: /home/user/robo/sb-robot/microros_ws/install/action_msgs/include/action_msgs/action_msgs/msg/rosidl_typesupport_fastrtps_c__visibility_control.h
[14.540s] -- Installing: /home/user/robo/sb-robot/microros_ws/install/action_msgs/lib/libaction_msgs__rosidl_typesupport_fastrtps_c.so
[14.541s] -- Set runtime path of "/home/user/robo/sb-robot/microros_ws/install/action_msgs/lib/libaction_msgs__rosidl_typesupport_fastrtps_c.so" to ""
[14.541s] -- Up-to-date: /home/user/robo/sb-robot/microros_ws/install/action_msgs/include/action_msgs/action_msgs
[14.541s] -- Up-to-date: /home/user/robo/sb-robot/microros_ws/install/action_msgs/include/action_msgs/action_msgs/srv
[14.541s] -- Up-to-date: /home/user/robo/sb-robot/microros_ws/install/action_msgs/include/action_msgs/action_msgs/srv/detail
[14.541s] -- Installing: /home/user/robo/sb-robot/microros_ws/install/action_msgs/include/action_msgs/action_msgs/srv/detail/cancel_goal__type_support.hpp
[14.541s] -- Installing: /home/user/robo/sb-robot/microros_ws/install/action_msgs/include/action_msgs/action_msgs/srv/detail/cancel_goal__builder.hpp
[14.541s] -- Installing: /home/user/robo/sb-robot/microros_ws/install/action_msgs/include/action_msgs/action_msgs/srv/detail/cancel_goal__struct.hpp
[14.541s] -- Installing: /home/user/robo/sb-robot/microros_ws/install/action_msgs/include/action_msgs/action_msgs/srv/detail/cancel_goal__traits.hpp
[14.541s] -- Installing: /home/user/robo/sb-robot/microros_ws/install/action_msgs/include/action_msgs/action_msgs/srv/cancel_goal.hpp
[14.541s] -- Up-to-date: /home/user/robo/sb-robot/microros_ws/install/action_msgs/include/action_msgs/action_msgs/msg
[14.541s] -- Installing: /home/user/robo/sb-robot/microros_ws/install/action_msgs/include/action_msgs/action_msgs/msg/goal_status.hpp
[14.542s] -- Installing: /home/user/robo/sb-robot/microros_ws/install/action_msgs/include/action_msgs/action_msgs/msg/rosidl_generator_cpp__visibility_control.hpp
[14.542s] -- Installing: /home/user/robo/sb-robot/microros_ws/install/action_msgs/include/action_msgs/action_msgs/msg/goal_info.hpp
[14.542s] -- Up-to-date: /home/user/robo/sb-robot/microros_ws/install/action_msgs/include/action_msgs/action_msgs/msg/detail
[14.542s] -- Installing: /home/user/robo/sb-robot/microros_ws/install/action_msgs/include/action_msgs/action_msgs/msg/detail/goal_info__traits.hpp
[14.542s] -- Installing: /home/user/robo/sb-robot/microros_ws/install/action_msgs/include/action_msgs/action_msgs/msg/detail/goal_info__struct.hpp
[14.542s] -- Installing: /home/user/robo/sb-robot/microros_ws/install/action_msgs/include/action_msgs/action_msgs/msg/detail/goal_status_array__struct.hpp
[14.542s] -- Installing: /home/user/robo/sb-robot/microros_ws/install/action_msgs/include/action_msgs/action_msgs/msg/detail/goal_status_array__builder.hpp
[14.542s] -- Installing: /home/user/robo/sb-robot/microros_ws/install/action_msgs/include/action_msgs/action_msgs/msg/detail/goal_info__type_support.hpp
[14.542s] -- Installing: /home/user/robo/sb-robot/microros_ws/install/action_msgs/include/action_msgs/action_msgs/msg/detail/goal_status__builder.hpp
[14.542s] -- Installing: /home/user/robo/sb-robot/microros_ws/install/action_msgs/include/action_msgs/action_msgs/msg/detail/goal_status_array__type_support.hpp
[14.542s] -- Installing: /home/user/robo/sb-robot/microros_ws/install/action_msgs/include/action_msgs/action_msgs/msg/detail/goal_status__type_support.hpp
[14.543s] -- Installing: /home/user/robo/sb-robot/microros_ws/install/action_msgs/include/action_msgs/action_msgs/msg/detail/goal_status_array__traits.hpp
[14.543s] -- Installing: /home/user/robo/sb-robot/microros_ws/install/action_msgs/include/action_msgs/action_msgs/msg/detail/goal_info__builder.hpp
[14.543s] -- Installing: /home/user/robo/sb-robot/microros_ws/install/action_msgs/include/action_msgs/action_msgs/msg/detail/goal_status__traits.hpp
[14.543s] -- Installing: /home/user/robo/sb-robot/microros_ws/install/action_msgs/include/action_msgs/action_msgs/msg/detail/goal_status__struct.hpp
[14.543s] -- Installing: /home/user/robo/sb-robot/microros_ws/install/action_msgs/include/action_msgs/action_msgs/msg/goal_status_array.hpp
[14.543s] -- Up-to-date: /home/user/robo/sb-robot/microros_ws/install/action_msgs/include/action_msgs/action_msgs
[14.543s] -- Up-to-date: /home/user/robo/sb-robot/microros_ws/install/action_msgs/include/action_msgs/action_msgs/srv
[14.543s] -- Up-to-date: /home/user/robo/sb-robot/microros_ws/install/action_msgs/include/action_msgs/action_msgs/srv/detail
[14.543s] -- Installing: /home/user/robo/sb-robot/microros_ws/install/action_msgs/include/action_msgs/action_msgs/srv/detail/cancel_goal__rosidl_typesupport_fastrtps_cpp.hpp
[14.543s] -- Installing: /home/user/robo/sb-robot/microros_ws/install/action_msgs/include/action_msgs/action_msgs/srv/detail/dds_fastrtps
[14.544s] -- Up-to-date: /home/user/robo/sb-robot/microros_ws/install/action_msgs/include/action_msgs/action_msgs/msg
[14.544s] -- Installing: /home/user/robo/sb-robot/microros_ws/install/action_msgs/include/action_msgs/action_msgs/msg/rosidl_typesupport_fastrtps_cpp__visibility_control.h
[14.544s] -- Up-to-date: /home/user/robo/sb-robot/microros_ws/install/action_msgs/include/action_msgs/action_msgs/msg/detail
[14.544s] -- Installing: /home/user/robo/sb-robot/microros_ws/install/action_msgs/include/action_msgs/action_msgs/msg/detail/goal_status__rosidl_typesupport_fastrtps_cpp.hpp
[14.544s] -- Installing: /home/user/robo/sb-robot/microros_ws/install/action_msgs/include/action_msgs/action_msgs/msg/detail/goal_info__rosidl_typesupport_fastrtps_cpp.hpp
[14.544s] -- Installing: /home/user/robo/sb-robot/microros_ws/install/action_msgs/include/action_msgs/action_msgs/msg/detail/goal_status_array__rosidl_typesupport_fastrtps_cpp.hpp
[14.544s] -- Installing: /home/user/robo/sb-robot/microros_ws/install/action_msgs/include/action_msgs/action_msgs/msg/detail/dds_fastrtps
[14.544s] -- Installing: /home/user/robo/sb-robot/microros_ws/install/action_msgs/lib/libaction_msgs__rosidl_typesupport_fastrtps_cpp.so
[14.545s] -- Set runtime path of "/home/user/robo/sb-robot/microros_ws/install/action_msgs/lib/libaction_msgs__rosidl_typesupport_fastrtps_cpp.so" to ""
[14.545s] -- Up-to-date: /home/user/robo/sb-robot/microros_ws/install/action_msgs/include/action_msgs
[14.545s] -- Installing: /home/user/robo/sb-robot/microros_ws/install/action_msgs/include/action_msgs/srv
[14.545s] -- Installing: /home/user/robo/sb-robot/microros_ws/install/action_msgs/include/action_msgs/srv/detail
[14.545s] -- Installing: /home/user/robo/sb-robot/microros_ws/install/action_msgs/include/action_msgs/srv/detail/microxrcedds
[14.545s] -- Installing: /home/user/robo/sb-robot/microros_ws/install/action_msgs/include/action_msgs/srv/detail/cancel_goal__rosidl_typesupport_microxrcedds_c.h
[14.545s] -- Installing: /home/user/robo/sb-robot/microros_ws/install/action_msgs/include/action_msgs/msg
[14.545s] -- Installing: /home/user/robo/sb-robot/microros_ws/install/action_msgs/include/action_msgs/msg/rosidl_typesupport_microxrcedds_c__visibility_control.h
[14.545s] -- Installing: /home/user/robo/sb-robot/microros_ws/install/action_msgs/include/action_msgs/msg/detail
[14.545s] -- Installing: /home/user/robo/sb-robot/microros_ws/install/action_msgs/include/action_msgs/msg/detail/goal_status__rosidl_typesupport_microxrcedds_c.h
[14.545s] -- Installing: /home/user/robo/sb-robot/microros_ws/install/action_msgs/include/action_msgs/msg/detail/microxrcedds
[14.546s] -- Installing: /home/user/robo/sb-robot/microros_ws/install/action_msgs/include/action_msgs/msg/detail/goal_info__rosidl_typesupport_microxrcedds_c.h
[14.546s] -- Installing: /home/user/robo/sb-robot/microros_ws/install/action_msgs/include/action_msgs/msg/detail/goal_status_array__rosidl_typesupport_microxrcedds_c.h
[14.546s] -- Installing: /home/user/robo/sb-robot/microros_ws/install/action_msgs/lib/libaction_msgs__rosidl_typesupport_microxrcedds_c.so
[14.546s] -- Set runtime path of "/home/user/robo/sb-robot/microros_ws/install/action_msgs/lib/libaction_msgs__rosidl_typesupport_microxrcedds_c.so" to ""
[14.546s] -- Up-to-date: /home/user/robo/sb-robot/microros_ws/install/action_msgs/include/action_msgs/action_msgs
[14.546s] -- Up-to-date: /home/user/robo/sb-robot/microros_ws/install/action_msgs/include/action_msgs/action_msgs/srv
[14.547s] -- Up-to-date: /home/user/robo/sb-robot/microros_ws/install/action_msgs/include/action_msgs/action_msgs/srv/detail
[14.547s] -- Installing: /home/user/robo/sb-robot/microros_ws/install/action_msgs/include/action_msgs/action_msgs/srv/detail/cancel_goal__type_support.c
[14.547s] -- Installing: /home/user/robo/sb-robot/microros_ws/install/action_msgs/include/action_msgs/action_msgs/srv/detail/cancel_goal__rosidl_typesupport_introspection_c.h
[14.547s] -- Up-to-date: /home/user/robo/sb-robot/microros_ws/install/action_msgs/include/action_msgs/action_msgs/msg
[14.547s] -- Up-to-date: /home/user/robo/sb-robot/microros_ws/install/action_msgs/include/action_msgs/action_msgs/msg/detail
[14.547s] -- Installing: /home/user/robo/sb-robot/microros_ws/install/action_msgs/include/action_msgs/action_msgs/msg/detail/goal_info__type_support.c
[14.547s] -- Installing: /home/user/robo/sb-robot/microros_ws/install/action_msgs/include/action_msgs/action_msgs/msg/detail/goal_status_array__type_support.c
[14.547s] -- Installing: /home/user/robo/sb-robot/microros_ws/install/action_msgs/include/action_msgs/action_msgs/msg/detail/goal_status__rosidl_typesupport_introspection_c.h
[14.547s] -- Installing: /home/user/robo/sb-robot/microros_ws/install/action_msgs/include/action_msgs/action_msgs/msg/detail/goal_status_array__rosidl_typesupport_introspection_c.h
[14.547s] -- Installing: /home/user/robo/sb-robot/microros_ws/install/action_msgs/include/action_msgs/action_msgs/msg/detail/goal_info__rosidl_typesupport_introspection_c.h
[14.547s] -- Installing: /home/user/robo/sb-robot/microros_ws/install/action_msgs/include/action_msgs/action_msgs/msg/detail/goal_status__type_support.c
[14.548s] -- Installing: /home/user/robo/sb-robot/microros_ws/install/action_msgs/include/action_msgs/action_msgs/msg/rosidl_typesupport_introspection_c__visibility_control.h
[14.548s] -- Installing: /home/user/robo/sb-robot/microros_ws/install/action_msgs/lib/libaction_msgs__rosidl_typesupport_introspection_c.so
[14.548s] -- Set runtime path of "/home/user/robo/sb-robot/microros_ws/install/action_msgs/lib/libaction_msgs__rosidl_typesupport_introspection_c.so" to ""
[14.548s] -- Installing: /home/user/robo/sb-robot/microros_ws/install/action_msgs/lib/libaction_msgs__rosidl_typesupport_c.so
[14.548s] -- Set runtime path of "/home/user/robo/sb-robot/microros_ws/install/action_msgs/lib/libaction_msgs__rosidl_typesupport_c.so" to ""
[14.548s] -- Up-to-date: /home/user/robo/sb-robot/microros_ws/install/action_msgs/include/action_msgs
[14.549s] -- Up-to-date: /home/user/robo/sb-robot/microros_ws/install/action_msgs/include/action_msgs/srv
[14.549s] -- Up-to-date: /home/user/robo/sb-robot/microros_ws/install/action_msgs/include/action_msgs/srv/detail
[14.549s] -- Up-to-date: /home/user/robo/sb-robot/microros_ws/install/action_msgs/include/action_msgs/srv/detail/microxrcedds
[14.549s] -- Installing: /home/user/robo/sb-robot/microros_ws/install/action_msgs/include/action_msgs/srv/detail/microxrcedds/cancel_goal__type_support_cpp.cpp
[14.549s] -- Installing: /home/user/robo/sb-robot/microros_ws/install/action_msgs/include/action_msgs/srv/detail/cancel_goal__rosidl_typesupport_microxrcedds_cpp.hpp
[14.549s] -- Up-to-date: /home/user/robo/sb-robot/microros_ws/install/action_msgs/include/action_msgs/msg
[14.549s] -- Up-to-date: /home/user/robo/sb-robot/microros_ws/install/action_msgs/include/action_msgs/msg/detail
[14.549s] -- Up-to-date: /home/user/robo/sb-robot/microros_ws/install/action_msgs/include/action_msgs/msg/detail/microxrcedds
[14.549s] -- Installing: /home/user/robo/sb-robot/microros_ws/install/action_msgs/include/action_msgs/msg/detail/microxrcedds/goal_status_array__type_support_cpp.cpp
[14.549s] -- Installing: /home/user/robo/sb-robot/microros_ws/install/action_msgs/include/action_msgs/msg/detail/microxrcedds/goal_info__type_support_cpp.cpp
[14.549s] -- Installing: /home/user/robo/sb-robot/microros_ws/install/action_msgs/include/action_msgs/msg/detail/microxrcedds/goal_status__type_support_cpp.cpp
[14.549s] -- Installing: /home/user/robo/sb-robot/microros_ws/install/action_msgs/include/action_msgs/msg/detail/goal_status_array__rosidl_typesupport_microxrcedds_cpp.hpp
[14.549s] -- Installing: /home/user/robo/sb-robot/microros_ws/install/action_msgs/include/action_msgs/msg/detail/goal_info__rosidl_typesupport_microxrcedds_cpp.hpp
[14.550s] -- Installing: /home/user/robo/sb-robot/microros_ws/install/action_msgs/include/action_msgs/msg/detail/goal_status__rosidl_typesupport_microxrcedds_cpp.hpp
[14.550s] -- Installing: /home/user/robo/sb-robot/microros_ws/install/action_msgs/include/action_msgs/msg/rosidl_typesupport_microxrcedds_cpp__visibility_control.h
[14.550s] -- Installing: /home/user/robo/sb-robot/microros_ws/install/action_msgs/lib/libaction_msgs__rosidl_typesupport_microxrcedds_cpp.so
[14.550s] -- Set runtime path of "/home/user/robo/sb-robot/microros_ws/install/action_msgs/lib/libaction_msgs__rosidl_typesupport_microxrcedds_cpp.so" to ""
[14.551s] -- Up-to-date: /home/user/robo/sb-robot/microros_ws/install/action_msgs/include/action_msgs/action_msgs
[14.551s] -- Up-to-date: /home/user/robo/sb-robot/microros_ws/install/action_msgs/include/action_msgs/action_msgs/srv
[14.551s] -- Up-to-date: /home/user/robo/sb-robot/microros_ws/install/action_msgs/include/action_msgs/action_msgs/srv/detail
[14.551s] -- Installing: /home/user/robo/sb-robot/microros_ws/install/action_msgs/include/action_msgs/action_msgs/srv/detail/cancel_goal__type_support.cpp
[14.551s] -- Installing: /home/user/robo/sb-robot/microros_ws/install/action_msgs/include/action_msgs/action_msgs/srv/detail/cancel_goal__rosidl_typesupport_introspection_cpp.hpp
[14.551s] -- Up-to-date: /home/user/robo/sb-robot/microros_ws/install/action_msgs/include/action_msgs/action_msgs/msg
[14.551s] -- Up-to-date: /home/user/robo/sb-robot/microros_ws/install/action_msgs/include/action_msgs/action_msgs/msg/detail
[14.551s] -- Installing: /home/user/robo/sb-robot/microros_ws/install/action_msgs/include/action_msgs/action_msgs/msg/detail/goal_status__type_support.cpp
[14.551s] -- Installing: /home/user/robo/sb-robot/microros_ws/install/action_msgs/include/action_msgs/action_msgs/msg/detail/goal_status_array__type_support.cpp
[14.552s] -- Installing: /home/user/robo/sb-robot/microros_ws/install/action_msgs/include/action_msgs/action_msgs/msg/detail/goal_info__type_support.cpp
[14.552s] -- Installing: /home/user/robo/sb-robot/microros_ws/install/action_msgs/include/action_msgs/action_msgs/msg/detail/goal_status__rosidl_typesupport_introspection_cpp.hpp
[14.552s] -- Installing: /home/user/robo/sb-robot/microros_ws/install/action_msgs/include/action_msgs/action_msgs/msg/detail/goal_info__rosidl_typesupport_introspection_cpp.hpp
[14.552s] -- Installing: /home/user/robo/sb-robot/microros_ws/install/action_msgs/include/action_msgs/action_msgs/msg/detail/goal_status_array__rosidl_typesupport_introspection_cpp.hpp
[14.552s] -- Installing: /home/user/robo/sb-robot/microros_ws/install/action_msgs/lib/libaction_msgs__rosidl_typesupport_introspection_cpp.so
[14.552s] -- Set runtime path of "/home/user/robo/sb-robot/microros_ws/install/action_msgs/lib/libaction_msgs__rosidl_typesupport_introspection_cpp.so" to ""
[14.552s] -- Installing: /home/user/robo/sb-robot/microros_ws/install/action_msgs/lib/libaction_msgs__rosidl_typesupport_cpp.so
[14.553s] -- Set runtime path of "/home/user/robo/sb-robot/microros_ws/install/action_msgs/lib/libaction_msgs__rosidl_typesupport_cpp.so" to ""
[14.553s] -- Installing: /home/user/robo/sb-robot/microros_ws/install/action_msgs/share/action_msgs/environment/pythonpath.sh
[14.553s] -- Installing: /home/user/robo/sb-robot/microros_ws/install/action_msgs/share/action_msgs/environment/pythonpath.dsv
[14.553s] -- Installing: /home/user/robo/sb-robot/microros_ws/install/action_msgs/local/lib/python3.10/dist-packages/action_msgs-1.2.1-py3.10.egg-info
[14.553s] -- Installing: /home/user/robo/sb-robot/microros_ws/install/action_msgs/local/lib/python3.10/dist-packages/action_msgs-1.2.1-py3.10.egg-info/top_level.txt
[14.553s] -- Installing: /home/user/robo/sb-robot/microros_ws/install/action_msgs/local/lib/python3.10/dist-packages/action_msgs-1.2.1-py3.10.egg-info/dependency_links.txt
[14.553s] -- Installing: /home/user/robo/sb-robot/microros_ws/install/action_msgs/local/lib/python3.10/dist-packages/action_msgs-1.2.1-py3.10.egg-info/PKG-INFO
[14.553s] -- Installing: /home/user/robo/sb-robot/microros_ws/install/action_msgs/local/lib/python3.10/dist-packages/action_msgs-1.2.1-py3.10.egg-info/SOURCES.txt
[14.553s] -- Installing: /home/user/robo/sb-robot/microros_ws/install/action_msgs/local/lib/python3.10/dist-packages/action_msgs
[14.554s] -- Installing: /home/user/robo/sb-robot/microros_ws/install/action_msgs/local/lib/python3.10/dist-packages/action_msgs/action_msgs_s__rosidl_typesupport_fastrtps_c.cpython-310-x86_64-linux-gnu.so
[14.554s] -- Installing: /home/user/robo/sb-robot/microros_ws/install/action_msgs/local/lib/python3.10/dist-packages/action_msgs/action_msgs_s__rosidl_typesupport_microxrcedds_c.cpython-310-x86_64-linux-gnu.so
[14.554s] -- Installing: /home/user/robo/sb-robot/microros_ws/install/action_msgs/local/lib/python3.10/dist-packages/action_msgs/libaction_msgs__rosidl_generator_py.so
[14.554s] -- Installing: /home/user/robo/sb-robot/microros_ws/install/action_msgs/local/lib/python3.10/dist-packages/action_msgs/action_msgs_s__rosidl_typesupport_c.cpython-310-x86_64-linux-gnu.so
[14.554s] -- Installing: /home/user/robo/sb-robot/microros_ws/install/action_msgs/local/lib/python3.10/dist-packages/action_msgs/_action_msgs_s.ep.rosidl_typesupport_microxrcedds_c.c
[14.554s] -- Installing: /home/user/robo/sb-robot/microros_ws/install/action_msgs/local/lib/python3.10/dist-packages/action_msgs/srv
[14.554s] -- Installing: /home/user/robo/sb-robot/microros_ws/install/action_msgs/local/lib/python3.10/dist-packages/action_msgs/srv/_cancel_goal_s.c
[14.555s] -- Installing: /home/user/robo/sb-robot/microros_ws/install/action_msgs/local/lib/python3.10/dist-packages/action_msgs/srv/__init__.py
[14.555s] -- Installing: /home/user/robo/sb-robot/microros_ws/install/action_msgs/local/lib/python3.10/dist-packages/action_msgs/srv/_cancel_goal.py
[14.555s] -- Installing: /home/user/robo/sb-robot/microros_ws/install/action_msgs/local/lib/python3.10/dist-packages/action_msgs/_action_msgs_s.ep.rosidl_typesupport_c.c
[14.555s] -- Installing: /home/user/robo/sb-robot/microros_ws/install/action_msgs/local/lib/python3.10/dist-packages/action_msgs/_action_msgs_s.ep.rosidl_typesupport_introspection_c.c
[14.555s] -- Installing: /home/user/robo/sb-robot/microros_ws/install/action_msgs/local/lib/python3.10/dist-packages/action_msgs/action_msgs_s__rosidl_typesupport_introspection_c.cpython-310-x86_64-linux-gnu.so
[14.555s] -- Installing: /home/user/robo/sb-robot/microros_ws/install/action_msgs/local/lib/python3.10/dist-packages/action_msgs/__init__.py
[14.555s] -- Installing: /home/user/robo/sb-robot/microros_ws/install/action_msgs/local/lib/python3.10/dist-packages/action_msgs/_action_msgs_s.ep.rosidl_typesupport_fastrtps_c.c
[14.555s] -- Installing: /home/user/robo/sb-robot/microros_ws/install/action_msgs/local/lib/python3.10/dist-packages/action_msgs/msg
[14.556s] -- Installing: /home/user/robo/sb-robot/microros_ws/install/action_msgs/local/lib/python3.10/dist-packages/action_msgs/msg/_goal_status_array.py
[14.556s] -- Installing: /home/user/robo/sb-robot/microros_ws/install/action_msgs/local/lib/python3.10/dist-packages/action_msgs/msg/_goal_info.py
[14.556s] -- Installing: /home/user/robo/sb-robot/microros_ws/install/action_msgs/local/lib/python3.10/dist-packages/action_msgs/msg/_goal_info_s.c
[14.556s] -- Installing: /home/user/robo/sb-robot/microros_ws/install/action_msgs/local/lib/python3.10/dist-packages/action_msgs/msg/_goal_status_array_s.c
[14.556s] -- Installing: /home/user/robo/sb-robot/microros_ws/install/action_msgs/local/lib/python3.10/dist-packages/action_msgs/msg/_goal_status.py
[14.556s] -- Installing: /home/user/robo/sb-robot/microros_ws/install/action_msgs/local/lib/python3.10/dist-packages/action_msgs/msg/_goal_status_s.c
[14.556s] -- Installing: /home/user/robo/sb-robot/microros_ws/install/action_msgs/local/lib/python3.10/dist-packages/action_msgs/msg/__init__.py
[14.596s] Listing '/home/user/robo/sb-robot/microros_ws/install/action_msgs/local/lib/python3.10/dist-packages/action_msgs'...
[14.596s] Compiling '/home/user/robo/sb-robot/microros_ws/install/action_msgs/local/lib/python3.10/dist-packages/action_msgs/__init__.py'...
[14.596s] Listing '/home/user/robo/sb-robot/microros_ws/install/action_msgs/local/lib/python3.10/dist-packages/action_msgs/msg'...
[14.596s] Compiling '/home/user/robo/sb-robot/microros_ws/install/action_msgs/local/lib/python3.10/dist-packages/action_msgs/msg/__init__.py'...
[14.596s] Compiling '/home/user/robo/sb-robot/microros_ws/install/action_msgs/local/lib/python3.10/dist-packages/action_msgs/msg/_goal_info.py'...
[14.597s] Compiling '/home/user/robo/sb-robot/microros_ws/install/action_msgs/local/lib/python3.10/dist-packages/action_msgs/msg/_goal_status.py'...
[14.597s] Compiling '/home/user/robo/sb-robot/microros_ws/install/action_msgs/local/lib/python3.10/dist-packages/action_msgs/msg/_goal_status_array.py'...
[14.597s] Listing '/home/user/robo/sb-robot/microros_ws/install/action_msgs/local/lib/python3.10/dist-packages/action_msgs/srv'...
[14.597s] Compiling '/home/user/robo/sb-robot/microros_ws/install/action_msgs/local/lib/python3.10/dist-packages/action_msgs/srv/__init__.py'...
[14.597s] Compiling '/home/user/robo/sb-robot/microros_ws/install/action_msgs/local/lib/python3.10/dist-packages/action_msgs/srv/_cancel_goal.py'...
[14.602s] -- Installing: /home/user/robo/sb-robot/microros_ws/install/action_msgs/local/lib/python3.10/dist-packages/action_msgs/action_msgs_s__rosidl_typesupport_microxrcedds_c.cpython-310-x86_64-linux-gnu.so
[14.602s] -- Set runtime path of "/home/user/robo/sb-robot/microros_ws/install/action_msgs/local/lib/python3.10/dist-packages/action_msgs/action_msgs_s__rosidl_typesupport_microxrcedds_c.cpython-310-x86_64-linux-gnu.so" to ""
[14.602s] -- Installing: /home/user/robo/sb-robot/microros_ws/install/action_msgs/local/lib/python3.10/dist-packages/action_msgs/action_msgs_s__rosidl_typesupport_fastrtps_c.cpython-310-x86_64-linux-gnu.so
[14.602s] -- Set runtime path of "/home/user/robo/sb-robot/microros_ws/install/action_msgs/local/lib/python3.10/dist-packages/action_msgs/action_msgs_s__rosidl_typesupport_fastrtps_c.cpython-310-x86_64-linux-gnu.so" to ""
[14.602s] -- Installing: /home/user/robo/sb-robot/microros_ws/install/action_msgs/local/lib/python3.10/dist-packages/action_msgs/action_msgs_s__rosidl_typesupport_introspection_c.cpython-310-x86_64-linux-gnu.so
[14.602s] -- Set runtime path of "/home/user/robo/sb-robot/microros_ws/install/action_msgs/local/lib/python3.10/dist-packages/action_msgs/action_msgs_s__rosidl_typesupport_introspection_c.cpython-310-x86_64-linux-gnu.so" to ""
[14.603s] -- Installing: /home/user/robo/sb-robot/microros_ws/install/action_msgs/local/lib/python3.10/dist-packages/action_msgs/action_msgs_s__rosidl_typesupport_c.cpython-310-x86_64-linux-gnu.so
[14.603s] -- Set runtime path of "/home/user/robo/sb-robot/microros_ws/install/action_msgs/local/lib/python3.10/dist-packages/action_msgs/action_msgs_s__rosidl_typesupport_c.cpython-310-x86_64-linux-gnu.so" to ""
[14.603s] -- Installing: /home/user/robo/sb-robot/microros_ws/install/action_msgs/lib/libaction_msgs__rosidl_generator_py.so
[14.603s] -- Set runtime path of "/home/user/robo/sb-robot/microros_ws/install/action_msgs/lib/libaction_msgs__rosidl_generator_py.so" to ""
[14.604s] -- Installing: /home/user/robo/sb-robot/microros_ws/install/action_msgs/share/action_msgs/msg/GoalInfo.idl
[14.604s] -- Installing: /home/user/robo/sb-robot/microros_ws/install/action_msgs/share/action_msgs/msg/GoalStatus.idl
[14.604s] -- Installing: /home/user/robo/sb-robot/microros_ws/install/action_msgs/share/action_msgs/msg/GoalStatusArray.idl
[14.604s] -- Installing: /home/user/robo/sb-robot/microros_ws/install/action_msgs/share/action_msgs/srv/CancelGoal.idl
[14.604s] -- Installing: /home/user/robo/sb-robot/microros_ws/install/action_msgs/share/action_msgs/msg/GoalInfo.msg
[14.604s] -- Installing: /home/user/robo/sb-robot/microros_ws/install/action_msgs/share/action_msgs/msg/GoalStatus.msg
[14.605s] -- Installing: /home/user/robo/sb-robot/microros_ws/install/action_msgs/share/action_msgs/msg/GoalStatusArray.msg
[14.605s] -- Installing: /home/user/robo/sb-robot/microros_ws/install/action_msgs/share/action_msgs/srv/CancelGoal.srv
[14.605s] -- Installing: /home/user/robo/sb-robot/microros_ws/install/action_msgs/share/action_msgs/srv/CancelGoal_Request.msg
[14.605s] -- Installing: /home/user/robo/sb-robot/microros_ws/install/action_msgs/share/action_msgs/srv/CancelGoal_Response.msg
[14.605s] -- Installing: /home/user/robo/sb-robot/microros_ws/install/action_msgs/share/ament_index/resource_index/package_run_dependencies/action_msgs
[14.605s] -- Installing: /home/user/robo/sb-robot/microros_ws/install/action_msgs/share/ament_index/resource_index/parent_prefix_path/action_msgs
[14.606s] -- Installing: /home/user/robo/sb-robot/microros_ws/install/action_msgs/share/action_msgs/environment/ament_prefix_path.sh
[14.606s] -- Installing: /home/user/robo/sb-robot/microros_ws/install/action_msgs/share/action_msgs/environment/ament_prefix_path.dsv
[14.606s] -- Installing: /home/user/robo/sb-robot/microros_ws/install/action_msgs/share/action_msgs/environment/path.sh
[14.606s] -- Installing: /home/user/robo/sb-robot/microros_ws/install/action_msgs/share/action_msgs/environment/path.dsv
[14.606s] -- Installing: /home/user/robo/sb-robot/microros_ws/install/action_msgs/share/action_msgs/local_setup.bash
[14.606s] -- Installing: /home/user/robo/sb-robot/microros_ws/install/action_msgs/share/action_msgs/local_setup.sh
[14.606s] -- Installing: /home/user/robo/sb-robot/microros_ws/install/action_msgs/share/action_msgs/local_setup.zsh
[14.606s] -- Installing: /home/user/robo/sb-robot/microros_ws/install/action_msgs/share/action_msgs/local_setup.dsv
[14.607s] -- Installing: /home/user/robo/sb-robot/microros_ws/install/action_msgs/share/action_msgs/package.dsv
[14.607s] -- Installing: /home/user/robo/sb-robot/microros_ws/install/action_msgs/share/ament_index/resource_index/packages/action_msgs
[14.607s] -- Installing: /home/user/robo/sb-robot/microros_ws/install/action_msgs/share/action_msgs/cmake/export_action_msgs__rosidl_generator_cExport.cmake
[14.607s] -- Installing: /home/user/robo/sb-robot/microros_ws/install/action_msgs/share/action_msgs/cmake/export_action_msgs__rosidl_generator_cExport-noconfig.cmake
[14.607s] -- Installing: /home/user/robo/sb-robot/microros_ws/install/action_msgs/share/action_msgs/cmake/export_action_msgs__rosidl_typesupport_fastrtps_cExport.cmake
[14.608s] -- Installing: /home/user/robo/sb-robot/microros_ws/install/action_msgs/share/action_msgs/cmake/export_action_msgs__rosidl_typesupport_fastrtps_cExport-noconfig.cmake
[14.608s] -- Installing: /home/user/robo/sb-robot/microros_ws/install/action_msgs/share/action_msgs/cmake/export_action_msgs__rosidl_generator_cppExport.cmake
[14.608s] -- Installing: /home/user/robo/sb-robot/microros_ws/install/action_msgs/share/action_msgs/cmake/export_action_msgs__rosidl_typesupport_fastrtps_cppExport.cmake
[14.608s] -- Installing: /home/user/robo/sb-robot/microros_ws/install/action_msgs/share/action_msgs/cmake/export_action_msgs__rosidl_typesupport_fastrtps_cppExport-noconfig.cmake
[14.608s] -- Installing: /home/user/robo/sb-robot/microros_ws/install/action_msgs/share/action_msgs/cmake/action_msgs__rosidl_typesupport_introspection_cExport.cmake
[14.608s] -- Installing: /home/user/robo/sb-robot/microros_ws/install/action_msgs/share/action_msgs/cmake/action_msgs__rosidl_typesupport_introspection_cExport-noconfig.cmake
[14.608s] -- Installing: /home/user/robo/sb-robot/microros_ws/install/action_msgs/share/action_msgs/cmake/action_msgs__rosidl_typesupport_cExport.cmake
[14.609s] -- Installing: /home/user/robo/sb-robot/microros_ws/install/action_msgs/share/action_msgs/cmake/action_msgs__rosidl_typesupport_cExport-noconfig.cmake
[14.609s] -- Installing: /home/user/robo/sb-robot/microros_ws/install/action_msgs/share/action_msgs/cmake/action_msgs__rosidl_typesupport_introspection_cppExport.cmake
[14.609s] -- Installing: /home/user/robo/sb-robot/microros_ws/install/action_msgs/share/action_msgs/cmake/action_msgs__rosidl_typesupport_introspection_cppExport-noconfig.cmake
[14.609s] -- Installing: /home/user/robo/sb-robot/microros_ws/install/action_msgs/share/action_msgs/cmake/action_msgs__rosidl_typesupport_cppExport.cmake
[14.610s] -- Installing: /home/user/robo/sb-robot/microros_ws/install/action_msgs/share/action_msgs/cmake/action_msgs__rosidl_typesupport_cppExport-noconfig.cmake
[14.610s] -- Installing: /home/user/robo/sb-robot/microros_ws/install/action_msgs/share/action_msgs/cmake/export_action_msgs__rosidl_generator_pyExport.cmake
[14.610s] -- Installing: /home/user/robo/sb-robot/microros_ws/install/action_msgs/share/action_msgs/cmake/export_action_msgs__rosidl_generator_pyExport-noconfig.cmake
[14.610s] -- Installing: /home/user/robo/sb-robot/microros_ws/install/action_msgs/share/action_msgs/cmake/rosidl_cmake-extras.cmake
[14.610s] -- Installing: /home/user/robo/sb-robot/microros_ws/install/action_msgs/share/action_msgs/cmake/ament_cmake_export_dependencies-extras.cmake
[14.610s] -- Installing: /home/user/robo/sb-robot/microros_ws/install/action_msgs/share/action_msgs/cmake/ament_cmake_export_include_directories-extras.cmake
[14.610s] -- Installing: /home/user/robo/sb-robot/microros_ws/install/action_msgs/share/action_msgs/cmake/ament_cmake_export_libraries-extras.cmake
[14.610s] -- Installing: /home/user/robo/sb-robot/microros_ws/install/action_msgs/share/action_msgs/cmake/ament_cmake_export_targets-extras.cmake
[14.610s] -- Installing: /home/user/robo/sb-robot/microros_ws/install/action_msgs/share/action_msgs/cmake/rosidl_cmake_export_typesupport_targets-extras.cmake
[14.611s] -- Installing: /home/user/robo/sb-robot/microros_ws/install/action_msgs/share/action_msgs/cmake/rosidl_cmake_export_typesupport_libraries-extras.cmake
[14.611s] -- Installing: /home/user/robo/sb-robot/microros_ws/install/action_msgs/share/action_msgs/cmake/action_msgsConfig.cmake
[14.611s] -- Installing: /home/user/robo/sb-robot/microros_ws/install/action_msgs/share/action_msgs/cmake/action_msgsConfig-version.cmake
[14.611s] -- Installing: /home/user/robo/sb-robot/microros_ws/install/action_msgs/share/action_msgs/package.xml
[14.615s] Invoked command in '/home/user/robo/sb-robot/microros_ws/build/action_msgs' returned '0': AMENT_PREFIX_PATH=/home/user/robo/sb-robot/microros_ws/install/unique_identifier_msgs:${AMENT_PREFIX_PATH} CMAKE_PREFIX_PATH=/home/user/robo/sb-robot/microros_ws/install/unique_identifier_msgs:/home/user/robo/sb-robot/microros_ws/install/builtin_interfaces:/home/user/robo/sb-robot/microros_ws/src/install/action_msgs:/home/user/robo/sb-robot/microros_ws/src/install/unique_identifier_msgs:/home/user/robo/sb-robot/microros_ws/src/install/std_srvs:/home/user/robo/sb-robot/microros_ws/src/install/statistics_msgs:/home/user/robo/sb-robot/microros_ws/src/install/rmw_microxrcedds:/home/user/robo/sb-robot/microros_ws/src/install/rosidl_typesupport_microxrcedds_cpp:/home/user/robo/sb-robot/microros_ws/src/install/rosidl_typesupport_microxrcedds_c:/home/user/robo/sb-robot/microros_ws/src/install/rosgraph_msgs:/home/user/robo/sb-robot/microros_ws/src/install/microxrcedds_client:/home/user/robo/sb-robot/microros_ws/src/install/microcdr:/home/user/robo/sb-robot/microros_ws/src/install/micro_ros_utilities:/home/user/robo/sb-robot/microros_ws/src/install/micro_ros_setup:/home/user/robo/sb-robot/microros_ws/src/install/micro_ros_msgs:/home/user/robo/sb-robot/microros_ws/src/install/lifecycle_msgs:/home/user/robo/sb-robot/microros_ws/src/install/complex_msgs:/home/user/robo/sb-robot/microros_ws/src/install/builtin_interfaces:/home/user/robo/sb-robot/microros_ws/install/micro_ros_setup:/home/user/robo/sb-robot/microros_ws/install/micro_ros_agent:/home/user/robo/sb-robot/microros_ws/install/micro_ros_msgs:/opt/ros/humble LD_LIBRARY_PATH=/home/user/robo/sb-robot/microros_ws/install/unique_identifier_msgs/lib:/home/user/robo/sb-robot/microros_ws/install/builtin_interfaces/lib:/home/user/robo/sb-robot/microros_ws/src/install/action_msgs/lib:/home/user/robo/sb-robot/microros_ws/src/install/unique_identifier_msgs/lib:/home/user/robo/sb-robot/microros_ws/src/install/std_srvs/lib:/home/user/robo/sb-robot/microros_ws/src/install/statistics_msgs/lib:/home/user/robo/sb-robot/microros_ws/src/install/rmw_microxrcedds/lib:/home/user/robo/sb-robot/microros_ws/src/install/rosidl_typesupport_microxrcedds_cpp/lib:/home/user/robo/sb-robot/microros_ws/src/install/rosidl_typesupport_microxrcedds_c/lib:/home/user/robo/sb-robot/microros_ws/src/install/rosgraph_msgs/lib:/home/user/robo/sb-robot/microros_ws/src/install/microxrcedds_client/lib:/home/user/robo/sb-robot/microros_ws/src/install/microcdr/lib:/home/user/robo/sb-robot/microros_ws/src/install/micro_ros_utilities/lib:/home/user/robo/sb-robot/microros_ws/src/install/micro_ros_msgs/lib:/home/user/robo/sb-robot/microros_ws/src/install/lifecycle_msgs/lib:/home/user/robo/sb-robot/microros_ws/src/install/complex_msgs/lib:/home/user/robo/sb-robot/microros_ws/src/install/builtin_interfaces/lib:/home/user/robo/sb-robot/microros_ws/install/micro_ros_agent/lib:/home/user/robo/sb-robot/microros_ws/install/micro_ros_msgs/lib:/usr/lib/x86_64-linux-gnu/gazebo-11/plugins:/opt/ros/humble/opt/rviz_ogre_vendor/lib:/opt/ros/humble/lib/x86_64-linux-gnu:/opt/ros/humble/lib PYTHONPATH=/home/user/robo/sb-robot/microros_ws/install/unique_identifier_msgs/local/lib/python3.10/dist-packages:${PYTHONPATH} /usr/bin/cmake --install /home/user/robo/sb-robot/microros_ws/build/action_msgs
