-- Found ament_cmake: 1.3.11 (/opt/ros/humble/share/ament_cmake/cmake)
-- Override CMake install command with custom implementation using symlinks instead of copying resources
-- Found rclcpp: 16.0.11 (/opt/ros/humble/share/rclcpp/cmake)
-- Found rosidl_generator_c: 3.1.6 (/opt/ros/humble/share/rosidl_generator_c/cmake)
-- Found rosidl_adapter: 3.1.6 (/opt/ros/humble/share/rosidl_adapter/cmake)
-- Found rosidl_generator_cpp: 3.1.6 (/opt/ros/humble/share/rosidl_generator_cpp/cmake)
-- Using all available rosidl_typesupport_c: rosidl_typesupport_fastrtps_c;rosidl_typesupport_introspection_c
-- Using all available rosidl_typesupport_cpp: rosidl_typesupport_fastrtps_cpp;rosidl_typesupport_introspection_cpp
-- Found rmw_implementation_cmake: 6.1.2 (/opt/ros/humble/share/rmw_implementation_cmake/cmake)
-- Found rmw_fastrtps_cpp: 6.2.7 (/opt/ros/humble/share/rmw_fastrtps_cpp/cmake)
-- Using RMW implementation 'rmw_fastrtps_cpp' as default
-- Found hardware_interface: 2.48.0 (/opt/ros/humble/share/hardware_interface/cmake)
-- Configuring done
-- Generating done
-- Build files have been written to: /home/user/robo/sb-robot/ros_ws/build/ws_hw_interface
[35m[1mConsolidate compiler generated dependencies of target ws_hw_interface[0m
[ 66%] [32mBuilding CXX object CMakeFiles/ws_hw_interface.dir/src/ws_driver.cpp.o[0m
[ 66%] [32mBuilding CXX object CMakeFiles/ws_hw_interface.dir/src/sb_system.cpp.o[0m
In file included from [01m[K/home/user/robo/sb-robot/ros_ws/src/ws_hw_interface/src/ws_driver.cpp:1[m[K:
[01m[K/home/user/robo/sb-robot/ros_ws/src/ws_hw_interface/include/ws_hw_interface/ws_driver.hpp:4:10:[m[K [01;31m[Kfatal error: [m[Kwebsocketpp/config/asio.hpp: No such file or directory
    4 | #include [01;31m[K<websocketpp/config/asio.hpp>[m[K
      |          [01;31m[K^~~~~~~~~~~~~~~~~~~~~~~~~~~~~[m[K
compilation terminated.
gmake[2]: *** [CMakeFiles/ws_hw_interface.dir/build.make:90: CMakeFiles/ws_hw_interface.dir/src/ws_driver.cpp.o] Error 1
gmake[2]: *** Waiting for unfinished jobs....
In file included from [01m[K/home/user/robo/sb-robot/ros_ws/src/ws_hw_interface/include/ws_hw_interface/sb_system.hpp:15[m[K,
                 from [01m[K/home/user/robo/sb-robot/ros_ws/src/ws_hw_interface/src/sb_system.cpp:1[m[K:
[01m[K/home/user/robo/sb-robot/ros_ws/src/ws_hw_interface/include/ws_hw_interface/ws_driver.hpp:4:10:[m[K [01;31m[Kfatal error: [m[Kwebsocketpp/config/asio.hpp: No such file or directory
    4 | #include [01;31m[K<websocketpp/config/asio.hpp>[m[K
      |          [01;31m[K^~~~~~~~~~~~~~~~~~~~~~~~~~~~~[m[K
compilation terminated.
gmake[2]: *** [CMakeFiles/ws_hw_interface.dir/build.make:76: CMakeFiles/ws_hw_interface.dir/src/sb_system.cpp.o] Error 1
gmake[1]: *** [CMakeFiles/Makefile2:137: CMakeFiles/ws_hw_interface.dir/all] Error 2
gmake: *** [Makefile:146: all] Error 2
