[0.008s] Invoking command in '/home/user/robo/sb-robot/ros_ws/build/ws_hw_interface': CMAKE_PREFIX_PATH=/opt/ros/humble /usr/bin/cmake --build /home/user/robo/sb-robot/ros_ws/build/ws_hw_interface -- -j20 -l20
[0.068s] -- Found ament_cmake: 1.3.11 (/opt/ros/humble/share/ament_cmake/cmake)
[0.145s] -- Override CMake install command with custom implementation using symlinks instead of copying resources
[0.157s] -- Found rclcpp: 16.0.11 (/opt/ros/humble/share/rclcpp/cmake)
[0.180s] -- Found rosidl_generator_c: 3.1.6 (/opt/ros/humble/share/rosidl_generator_c/cmake)
[0.182s] -- Found rosidl_adapter: 3.1.6 (/opt/ros/humble/share/rosidl_adapter/cmake)
[0.187s] -- Found rosidl_generator_cpp: 3.1.6 (/opt/ros/humble/share/rosidl_generator_cpp/cmake)
[0.196s] -- Using all available rosidl_typesupport_c: rosidl_typesupport_fastrtps_c;rosidl_typesupport_introspection_c
[0.208s] -- Using all available rosidl_typesupport_cpp: rosidl_typesupport_fastrtps_cpp;rosidl_typesupport_introspection_cpp
[0.231s] -- Found rmw_implementation_cmake: 6.1.2 (/opt/ros/humble/share/rmw_implementation_cmake/cmake)
[0.233s] -- Found rmw_fastrtps_cpp: 6.2.7 (/opt/ros/humble/share/rmw_fastrtps_cpp/cmake)
[0.298s] -- Using RMW implementation 'rmw_fastrtps_cpp' as default
[0.335s] -- Found hardware_interface: 2.48.0 (/opt/ros/humble/share/hardware_interface/cmake)
[0.463s] -- Configuring done
[0.497s] -- Generating done
[0.499s] -- Build files have been written to: /home/user/robo/sb-robot/ros_ws/build/ws_hw_interface
[0.522s] [35m[1mConsolidate compiler generated dependencies of target ws_hw_interface[0m
[0.594s] [ 66%] [32mBuilding CXX object CMakeFiles/ws_hw_interface.dir/src/ws_driver.cpp.o[0m
[0.594s] [ 66%] [32mBuilding CXX object CMakeFiles/ws_hw_interface.dir/src/sb_system.cpp.o[0m
[0.624s] In file included from [01m[K/home/user/robo/sb-robot/ros_ws/src/ws_hw_interface/src/ws_driver.cpp:1[m[K:
[0.624s] [01m[K/home/user/robo/sb-robot/ros_ws/src/ws_hw_interface/include/ws_hw_interface/ws_driver.hpp:4:10:[m[K [01;31m[Kfatal error: [m[Kwebsocketpp/config/asio.hpp: No such file or directory
[0.624s]     4 | #include [01;31m[K<websocketpp/config/asio.hpp>[m[K
[0.624s]       |          [01;31m[K^~~~~~~~~~~~~~~~~~~~~~~~~~~~~[m[K
[0.624s] compilation terminated.
[0.625s] gmake[2]: *** [CMakeFiles/ws_hw_interface.dir/build.make:90: CMakeFiles/ws_hw_interface.dir/src/ws_driver.cpp.o] Error 1
[0.625s] gmake[2]: *** Waiting for unfinished jobs....
[0.744s] In file included from [01m[K/home/user/robo/sb-robot/ros_ws/src/ws_hw_interface/include/ws_hw_interface/sb_system.hpp:15[m[K,
[0.744s]                  from [01m[K/home/user/robo/sb-robot/ros_ws/src/ws_hw_interface/src/sb_system.cpp:1[m[K:
[0.744s] [01m[K/home/user/robo/sb-robot/ros_ws/src/ws_hw_interface/include/ws_hw_interface/ws_driver.hpp:4:10:[m[K [01;31m[Kfatal error: [m[Kwebsocketpp/config/asio.hpp: No such file or directory
[0.744s]     4 | #include [01;31m[K<websocketpp/config/asio.hpp>[m[K
[0.744s]       |          [01;31m[K^~~~~~~~~~~~~~~~~~~~~~~~~~~~~[m[K
[0.744s] compilation terminated.
[0.745s] gmake[2]: *** [CMakeFiles/ws_hw_interface.dir/build.make:76: CMakeFiles/ws_hw_interface.dir/src/sb_system.cpp.o] Error 1
[0.745s] gmake[1]: *** [CMakeFiles/Makefile2:137: CMakeFiles/ws_hw_interface.dir/all] Error 2
[0.746s] gmake: *** [Makefile:146: all] Error 2
[0.748s] Invoked command in '/home/user/robo/sb-robot/ros_ws/build/ws_hw_interface' returned '2': CMAKE_PREFIX_PATH=/opt/ros/humble /usr/bin/cmake --build /home/user/robo/sb-robot/ros_ws/build/ws_hw_interface -- -j20 -l20
