[0.127s] Invoking command in '/home/user/robo/sb-robot/microros_ws/src/build/rosgraph_msgs': AMENT_PREFIX_PATH=/home/user/robo/sb-robot/microros_ws/src/install/builtin_interfaces:${AMENT_PREFIX_PATH} CMAKE_PREFIX_PATH=/home/user/robo/sb-robot/microros_ws/src/install/builtin_interfaces:/home/user/robo/sb-robot/microros_ws/install/micro_ros_setup:/home/user/robo/sb-robot/microros_ws/install/micro_ros_agent:/home/user/robo/sb-robot/microros_ws/install/micro_ros_msgs:/home/user/robo/sb-robot/microros_ws/install/builtin_interfaces:/opt/ros/humble LD_LIBRARY_PATH=/home/user/robo/sb-robot/microros_ws/src/install/builtin_interfaces/lib:${LD_LIBRARY_PATH} PYTHONPATH=/home/user/robo/sb-robot/microros_ws/src/install/builtin_interfaces/local/lib/python3.10/dist-packages:${PYTHONPATH} /usr/bin/cmake /home/user/robo/sb-robot/microros_ws/src/ros2/rcl_interfaces/rosgraph_msgs -DCMAKE_INSTALL_PREFIX=/home/user/robo/sb-robot/microros_ws/src/install/rosgraph_msgs
[0.312s] -- The C compiler identification is GNU 11.4.0
[0.478s] -- The CXX compiler identification is GNU 11.4.0
[0.491s] -- Detecting C compiler ABI info
[0.675s] -- Detecting C compiler ABI info - done
[0.697s] -- Check for working C compiler: /usr/bin/cc - skipped
[0.697s] -- Detecting C compile features
[0.697s] -- Detecting C compile features - done
[0.704s] -- Detecting CXX compiler ABI info
[0.857s] -- Detecting CXX compiler ABI info - done
[0.863s] -- Check for working CXX compiler: /usr/bin/c++ - skipped
[0.863s] -- Detecting CXX compile features
[0.864s] -- Detecting CXX compile features - done
[0.866s] -- Found ament_cmake: 1.3.11 (/opt/ros/humble/share/ament_cmake/cmake)
[1.064s] -- Found Python3: /usr/bin/python3 (found version "3.10.12") found components: Interpreter 
[1.174s] -- Found builtin_interfaces: 1.2.1 (/home/user/robo/sb-robot/microros_ws/src/install/builtin_interfaces/share/builtin_interfaces/cmake)
[1.198s] -- Found rosidl_generator_c: 3.1.6 (/opt/ros/humble/share/rosidl_generator_c/cmake)
[1.202s] -- Found rosidl_adapter: 3.1.6 (/opt/ros/humble/share/rosidl_adapter/cmake)
[1.208s] -- Found rosidl_generator_cpp: 3.1.6 (/opt/ros/humble/share/rosidl_generator_cpp/cmake)
[1.217s] -- Using all available rosidl_typesupport_c: rosidl_typesupport_fastrtps_c;rosidl_typesupport_introspection_c
[1.229s] -- Using all available rosidl_typesupport_cpp: rosidl_typesupport_fastrtps_cpp;rosidl_typesupport_introspection_cpp
[1.240s] -- Found rosidl_default_generators: 1.2.0 (/opt/ros/humble/share/rosidl_default_generators/cmake)
[1.483s] -- Found ament_cmake_cppcheck: 0.12.11 (/opt/ros/humble/share/ament_cmake_cppcheck/cmake)
[1.487s] -- Found ament_cmake_cpplint: 0.12.11 (/opt/ros/humble/share/ament_cmake_cpplint/cmake)
[1.490s] -- Found ament_cmake_uncrustify: 0.12.11 (/opt/ros/humble/share/ament_cmake_uncrustify/cmake)
[1.494s] -- Found ament_cmake_ros: 0.10.0 (/opt/ros/humble/share/ament_cmake_ros/cmake)
[1.825s] -- Using all available rosidl_typesupport_c: rosidl_typesupport_fastrtps_c;rosidl_typesupport_introspection_c
[2.101s] -- Using all available rosidl_typesupport_cpp: rosidl_typesupport_fastrtps_cpp;rosidl_typesupport_introspection_cpp
[2.120s] -- Found PythonInterp: /usr/bin/python3 (found suitable version "3.10.12", minimum required is "3.6") 
[2.121s] -- Found python_cmake_module: 0.10.0 (/opt/ros/humble/share/python_cmake_module/cmake)
[2.145s] -- Found PythonLibs: /usr/lib/x86_64-linux-gnu/libpython3.10.so (found suitable version "3.10.12", minimum required is "3.5") 
[2.145s] -- Using PYTHON_EXECUTABLE: /usr/bin/python3
[2.145s] -- Using PYTHON_INCLUDE_DIRS: /usr/include/python3.10
[2.145s] -- Using PYTHON_LIBRARIES: /usr/lib/x86_64-linux-gnu/libpython3.10.so
[2.164s] -- Found PythonExtra: .so  
[2.194s] -- Found ament_cmake_flake8: 0.12.11 (/opt/ros/humble/share/ament_cmake_flake8/cmake)
[2.196s] -- Found ament_cmake_pep257: 0.12.11 (/opt/ros/humble/share/ament_cmake_pep257/cmake)
[2.203s] -- Configuring done
[2.230s] -- Generating done
[2.239s] -- Build files have been written to: /home/user/robo/sb-robot/microros_ws/src/build/rosgraph_msgs
[2.248s] Invoked command in '/home/user/robo/sb-robot/microros_ws/src/build/rosgraph_msgs' returned '0': AMENT_PREFIX_PATH=/home/user/robo/sb-robot/microros_ws/src/install/builtin_interfaces:${AMENT_PREFIX_PATH} CMAKE_PREFIX_PATH=/home/user/robo/sb-robot/microros_ws/src/install/builtin_interfaces:/home/user/robo/sb-robot/microros_ws/install/micro_ros_setup:/home/user/robo/sb-robot/microros_ws/install/micro_ros_agent:/home/user/robo/sb-robot/microros_ws/install/micro_ros_msgs:/home/user/robo/sb-robot/microros_ws/install/builtin_interfaces:/opt/ros/humble LD_LIBRARY_PATH=/home/user/robo/sb-robot/microros_ws/src/install/builtin_interfaces/lib:${LD_LIBRARY_PATH} PYTHONPATH=/home/user/robo/sb-robot/microros_ws/src/install/builtin_interfaces/local/lib/python3.10/dist-packages:${PYTHONPATH} /usr/bin/cmake /home/user/robo/sb-robot/microros_ws/src/ros2/rcl_interfaces/rosgraph_msgs -DCMAKE_INSTALL_PREFIX=/home/user/robo/sb-robot/microros_ws/src/install/rosgraph_msgs
[2.249s] Invoking command in '/home/user/robo/sb-robot/microros_ws/src/build/rosgraph_msgs': AMENT_PREFIX_PATH=/home/user/robo/sb-robot/microros_ws/src/install/builtin_interfaces:${AMENT_PREFIX_PATH} CMAKE_PREFIX_PATH=/home/user/robo/sb-robot/microros_ws/src/install/builtin_interfaces:/home/user/robo/sb-robot/microros_ws/install/micro_ros_setup:/home/user/robo/sb-robot/microros_ws/install/micro_ros_agent:/home/user/robo/sb-robot/microros_ws/install/micro_ros_msgs:/home/user/robo/sb-robot/microros_ws/install/builtin_interfaces:/opt/ros/humble LD_LIBRARY_PATH=/home/user/robo/sb-robot/microros_ws/src/install/builtin_interfaces/lib:${LD_LIBRARY_PATH} PYTHONPATH=/home/user/robo/sb-robot/microros_ws/src/install/builtin_interfaces/local/lib/python3.10/dist-packages:${PYTHONPATH} /usr/bin/cmake --build /home/user/robo/sb-robot/microros_ws/src/build/rosgraph_msgs -- -j20 -l20
[2.290s] [  3%] [34m[1mGenerating C code for ROS interfaces[0m
[2.297s] [  6%] [34m[1mGenerating C++ code for ROS interfaces[0m
[2.315s] [  6%] Built target ament_cmake_python_copy_rosgraph_msgs
[2.656s] [  6%] Built target rosgraph_msgs__cpp
[2.662s] running egg_info
[2.663s] creating rosgraph_msgs.egg-info
[2.663s] writing rosgraph_msgs.egg-info/PKG-INFO
[2.664s] writing dependency_links to rosgraph_msgs.egg-info/dependency_links.txt
[2.664s] writing top-level names to rosgraph_msgs.egg-info/top_level.txt
[2.665s] writing manifest file 'rosgraph_msgs.egg-info/SOURCES.txt'
[2.674s] reading manifest file 'rosgraph_msgs.egg-info/SOURCES.txt'
[2.674s] writing manifest file 'rosgraph_msgs.egg-info/SOURCES.txt'
[2.678s] [  9%] [34m[1mGenerating C++ type support for eProsima Fast-RTPS[0m
[2.682s] [ 12%] [34m[1mGenerating C++ type support dispatch for ROS interfaces[0m
[2.682s] [ 16%] [34m[1mGenerating C++ introspection for ROS interfaces[0m
[2.683s] [ 19%] [32mBuilding C object CMakeFiles/rosgraph_msgs__rosidl_generator_c.dir/rosidl_generator_c/rosgraph_msgs/msg/detail/clock__functions.c.o[0m
[2.722s] [ 19%] Built target ament_cmake_python_build_rosgraph_msgs_egg
[2.741s] [ 22%] [32m[1mLinking C shared library librosgraph_msgs__rosidl_generator_c.so[0m
[2.801s] [ 22%] Built target rosgraph_msgs__rosidl_generator_c
[2.835s] [ 25%] [34m[1mGenerating C type support for eProsima Fast-RTPS[0m
[2.855s] [ 29%] [34m[1mGenerating C introspection for ROS interfaces[0m
[2.858s] [ 32%] [34m[1mGenerating C type support dispatch for ROS interfaces[0m
[3.136s] [ 35%] [32mBuilding CXX object CMakeFiles/rosgraph_msgs__rosidl_typesupport_introspection_cpp.dir/rosidl_typesupport_introspection_cpp/rosgraph_msgs/msg/detail/clock__type_support.cpp.o[0m
[3.158s] [ 38%] [32mBuilding CXX object CMakeFiles/rosgraph_msgs__rosidl_typesupport_fastrtps_cpp.dir/rosidl_typesupport_fastrtps_cpp/rosgraph_msgs/msg/detail/dds_fastrtps/clock__type_support.cpp.o[0m
[3.161s] [ 41%] [32mBuilding CXX object CMakeFiles/rosgraph_msgs__rosidl_typesupport_cpp.dir/rosidl_typesupport_cpp/rosgraph_msgs/msg/clock__type_support.cpp.o[0m
[3.233s] [ 45%] [32mBuilding CXX object CMakeFiles/rosgraph_msgs__rosidl_typesupport_c.dir/rosidl_typesupport_c/rosgraph_msgs/msg/clock__type_support.cpp.o[0m
[3.304s] [ 48%] [32mBuilding CXX object CMakeFiles/rosgraph_msgs__rosidl_typesupport_fastrtps_c.dir/rosidl_typesupport_fastrtps_c/rosgraph_msgs/msg/detail/clock__type_support_c.cpp.o[0m
[3.315s] [ 51%] [32m[1mLinking CXX shared library librosgraph_msgs__rosidl_typesupport_c.so[0m
[3.335s] [ 54%] [32mBuilding C object CMakeFiles/rosgraph_msgs__rosidl_typesupport_introspection_c.dir/rosidl_typesupport_introspection_c/rosgraph_msgs/msg/detail/clock__type_support.c.o[0m
[3.415s] [ 58%] [32m[1mLinking C shared library librosgraph_msgs__rosidl_typesupport_introspection_c.so[0m
[3.430s] [ 58%] Built target rosgraph_msgs__rosidl_typesupport_c
[3.504s] [ 58%] Built target rosgraph_msgs__rosidl_typesupport_introspection_c
[3.721s] [ 61%] [32m[1mLinking CXX shared library librosgraph_msgs__rosidl_typesupport_cpp.so[0m
[3.811s] [ 64%] [32m[1mLinking CXX shared library librosgraph_msgs__rosidl_typesupport_introspection_cpp.so[0m
[3.835s] [ 67%] [32m[1mLinking CXX shared library librosgraph_msgs__rosidl_typesupport_fastrtps_cpp.so[0m
[3.893s] [ 67%] Built target rosgraph_msgs__rosidl_typesupport_cpp
[4.032s] [ 67%] Built target rosgraph_msgs__rosidl_typesupport_introspection_cpp
[4.100s] [ 70%] [32m[1mLinking CXX shared library librosgraph_msgs__rosidl_typesupport_fastrtps_c.so[0m
[4.199s] [ 70%] Built target rosgraph_msgs__rosidl_typesupport_fastrtps_cpp
[4.303s] [ 70%] Built target rosgraph_msgs__rosidl_typesupport_fastrtps_c
[4.363s] [ 70%] Built target rosgraph_msgs
[4.425s] [ 74%] [34m[1mGenerating Python code for ROS interfaces[0m
[5.258s] [ 74%] Built target rosgraph_msgs__py
[5.296s] [ 77%] [32mBuilding C object CMakeFiles/rosgraph_msgs__rosidl_generator_py.dir/rosidl_generator_py/rosgraph_msgs/msg/_clock_s.c.o[0m
[5.462s] [ 80%] [32m[1mLinking C shared library rosidl_generator_py/rosgraph_msgs/librosgraph_msgs__rosidl_generator_py.so[0m
[5.561s] [ 80%] Built target rosgraph_msgs__rosidl_generator_py
[5.612s] [ 83%] [32mBuilding C object CMakeFiles/rosgraph_msgs__rosidl_typesupport_introspection_c__pyext.dir/rosidl_generator_py/rosgraph_msgs/_rosgraph_msgs_s.ep.rosidl_typesupport_introspection_c.c.o[0m
[5.612s] [ 87%] [32mBuilding C object CMakeFiles/rosgraph_msgs__rosidl_typesupport_fastrtps_c__pyext.dir/rosidl_generator_py/rosgraph_msgs/_rosgraph_msgs_s.ep.rosidl_typesupport_fastrtps_c.c.o[0m
[5.631s] [ 90%] [32mBuilding C object CMakeFiles/rosgraph_msgs__rosidl_typesupport_c__pyext.dir/rosidl_generator_py/rosgraph_msgs/_rosgraph_msgs_s.ep.rosidl_typesupport_c.c.o[0m
[5.749s] [ 93%] [32m[1mLinking C shared library rosidl_generator_py/rosgraph_msgs/rosgraph_msgs_s__rosidl_typesupport_fastrtps_c.cpython-310-x86_64-linux-gnu.so[0m
[5.755s] [ 96%] [32m[1mLinking C shared library rosidl_generator_py/rosgraph_msgs/rosgraph_msgs_s__rosidl_typesupport_introspection_c.cpython-310-x86_64-linux-gnu.so[0m
[5.813s] [100%] [32m[1mLinking C shared library rosidl_generator_py/rosgraph_msgs/rosgraph_msgs_s__rosidl_typesupport_c.cpython-310-x86_64-linux-gnu.so[0m
[5.837s] [100%] Built target rosgraph_msgs__rosidl_typesupport_fastrtps_c__pyext
[5.876s] [100%] Built target rosgraph_msgs__rosidl_typesupport_introspection_c__pyext
[5.903s] [100%] Built target rosgraph_msgs__rosidl_typesupport_c__pyext
[5.937s] Invoked command in '/home/user/robo/sb-robot/microros_ws/src/build/rosgraph_msgs' returned '0': AMENT_PREFIX_PATH=/home/user/robo/sb-robot/microros_ws/src/install/builtin_interfaces:${AMENT_PREFIX_PATH} CMAKE_PREFIX_PATH=/home/user/robo/sb-robot/microros_ws/src/install/builtin_interfaces:/home/user/robo/sb-robot/microros_ws/install/micro_ros_setup:/home/user/robo/sb-robot/microros_ws/install/micro_ros_agent:/home/user/robo/sb-robot/microros_ws/install/micro_ros_msgs:/home/user/robo/sb-robot/microros_ws/install/builtin_interfaces:/opt/ros/humble LD_LIBRARY_PATH=/home/user/robo/sb-robot/microros_ws/src/install/builtin_interfaces/lib:${LD_LIBRARY_PATH} PYTHONPATH=/home/user/robo/sb-robot/microros_ws/src/install/builtin_interfaces/local/lib/python3.10/dist-packages:${PYTHONPATH} /usr/bin/cmake --build /home/user/robo/sb-robot/microros_ws/src/build/rosgraph_msgs -- -j20 -l20
[5.939s] Invoking command in '/home/user/robo/sb-robot/microros_ws/src/build/rosgraph_msgs': AMENT_PREFIX_PATH=/home/user/robo/sb-robot/microros_ws/src/install/builtin_interfaces:${AMENT_PREFIX_PATH} CMAKE_PREFIX_PATH=/home/user/robo/sb-robot/microros_ws/src/install/builtin_interfaces:/home/user/robo/sb-robot/microros_ws/install/micro_ros_setup:/home/user/robo/sb-robot/microros_ws/install/micro_ros_agent:/home/user/robo/sb-robot/microros_ws/install/micro_ros_msgs:/home/user/robo/sb-robot/microros_ws/install/builtin_interfaces:/opt/ros/humble LD_LIBRARY_PATH=/home/user/robo/sb-robot/microros_ws/src/install/builtin_interfaces/lib:${LD_LIBRARY_PATH} PYTHONPATH=/home/user/robo/sb-robot/microros_ws/src/install/builtin_interfaces/local/lib/python3.10/dist-packages:${PYTHONPATH} /usr/bin/cmake --install /home/user/robo/sb-robot/microros_ws/src/build/rosgraph_msgs
[5.952s] -- Install configuration: ""
[5.952s] -- Installing: /home/user/robo/sb-robot/microros_ws/src/install/rosgraph_msgs/share/ament_index/resource_index/rosidl_interfaces/rosgraph_msgs
[5.952s] -- Installing: /home/user/robo/sb-robot/microros_ws/src/install/rosgraph_msgs/include/rosgraph_msgs/rosgraph_msgs
[5.953s] -- Installing: /home/user/robo/sb-robot/microros_ws/src/install/rosgraph_msgs/include/rosgraph_msgs/rosgraph_msgs/msg
[5.953s] -- Installing: /home/user/robo/sb-robot/microros_ws/src/install/rosgraph_msgs/include/rosgraph_msgs/rosgraph_msgs/msg/detail
[5.954s] -- Installing: /home/user/robo/sb-robot/microros_ws/src/install/rosgraph_msgs/include/rosgraph_msgs/rosgraph_msgs/msg/detail/clock__functions.h
[5.954s] -- Installing: /home/user/robo/sb-robot/microros_ws/src/install/rosgraph_msgs/include/rosgraph_msgs/rosgraph_msgs/msg/detail/clock__struct.h
[5.955s] -- Installing: /home/user/robo/sb-robot/microros_ws/src/install/rosgraph_msgs/include/rosgraph_msgs/rosgraph_msgs/msg/detail/clock__functions.c
[5.955s] -- Installing: /home/user/robo/sb-robot/microros_ws/src/install/rosgraph_msgs/include/rosgraph_msgs/rosgraph_msgs/msg/detail/clock__type_support.h
[5.955s] -- Installing: /home/user/robo/sb-robot/microros_ws/src/install/rosgraph_msgs/include/rosgraph_msgs/rosgraph_msgs/msg/clock.h
[5.956s] -- Installing: /home/user/robo/sb-robot/microros_ws/src/install/rosgraph_msgs/include/rosgraph_msgs/rosgraph_msgs/msg/rosidl_generator_c__visibility_control.h
[5.956s] -- Installing: /home/user/robo/sb-robot/microros_ws/src/install/rosgraph_msgs/share/rosgraph_msgs/environment/library_path.sh
[5.956s] -- Installing: /home/user/robo/sb-robot/microros_ws/src/install/rosgraph_msgs/share/rosgraph_msgs/environment/library_path.dsv
[5.956s] -- Installing: /home/user/robo/sb-robot/microros_ws/src/install/rosgraph_msgs/lib/librosgraph_msgs__rosidl_generator_c.so
[5.956s] -- Set runtime path of "/home/user/robo/sb-robot/microros_ws/src/install/rosgraph_msgs/lib/librosgraph_msgs__rosidl_generator_c.so" to ""
[5.956s] -- Up-to-date: /home/user/robo/sb-robot/microros_ws/src/install/rosgraph_msgs/include/rosgraph_msgs/rosgraph_msgs
[5.956s] -- Up-to-date: /home/user/robo/sb-robot/microros_ws/src/install/rosgraph_msgs/include/rosgraph_msgs/rosgraph_msgs/msg
[5.957s] -- Up-to-date: /home/user/robo/sb-robot/microros_ws/src/install/rosgraph_msgs/include/rosgraph_msgs/rosgraph_msgs/msg/detail
[5.957s] -- Installing: /home/user/robo/sb-robot/microros_ws/src/install/rosgraph_msgs/include/rosgraph_msgs/rosgraph_msgs/msg/detail/clock__rosidl_typesupport_fastrtps_c.h
[5.957s] -- Installing: /home/user/robo/sb-robot/microros_ws/src/install/rosgraph_msgs/include/rosgraph_msgs/rosgraph_msgs/msg/rosidl_typesupport_fastrtps_c__visibility_control.h
[5.957s] -- Installing: /home/user/robo/sb-robot/microros_ws/src/install/rosgraph_msgs/lib/librosgraph_msgs__rosidl_typesupport_fastrtps_c.so
[5.957s] -- Set runtime path of "/home/user/robo/sb-robot/microros_ws/src/install/rosgraph_msgs/lib/librosgraph_msgs__rosidl_typesupport_fastrtps_c.so" to ""
[5.957s] -- Up-to-date: /home/user/robo/sb-robot/microros_ws/src/install/rosgraph_msgs/include/rosgraph_msgs/rosgraph_msgs
[5.957s] -- Up-to-date: /home/user/robo/sb-robot/microros_ws/src/install/rosgraph_msgs/include/rosgraph_msgs/rosgraph_msgs/msg
[5.957s] -- Installing: /home/user/robo/sb-robot/microros_ws/src/install/rosgraph_msgs/include/rosgraph_msgs/rosgraph_msgs/msg/rosidl_generator_cpp__visibility_control.hpp
[5.957s] -- Up-to-date: /home/user/robo/sb-robot/microros_ws/src/install/rosgraph_msgs/include/rosgraph_msgs/rosgraph_msgs/msg/detail
[5.957s] -- Installing: /home/user/robo/sb-robot/microros_ws/src/install/rosgraph_msgs/include/rosgraph_msgs/rosgraph_msgs/msg/detail/clock__struct.hpp
[5.957s] -- Installing: /home/user/robo/sb-robot/microros_ws/src/install/rosgraph_msgs/include/rosgraph_msgs/rosgraph_msgs/msg/detail/clock__type_support.hpp
[5.957s] -- Installing: /home/user/robo/sb-robot/microros_ws/src/install/rosgraph_msgs/include/rosgraph_msgs/rosgraph_msgs/msg/detail/clock__builder.hpp
[5.957s] -- Installing: /home/user/robo/sb-robot/microros_ws/src/install/rosgraph_msgs/include/rosgraph_msgs/rosgraph_msgs/msg/detail/clock__traits.hpp
[5.958s] -- Installing: /home/user/robo/sb-robot/microros_ws/src/install/rosgraph_msgs/include/rosgraph_msgs/rosgraph_msgs/msg/clock.hpp
[5.958s] -- Up-to-date: /home/user/robo/sb-robot/microros_ws/src/install/rosgraph_msgs/include/rosgraph_msgs/rosgraph_msgs
[5.958s] -- Up-to-date: /home/user/robo/sb-robot/microros_ws/src/install/rosgraph_msgs/include/rosgraph_msgs/rosgraph_msgs/msg
[5.958s] -- Installing: /home/user/robo/sb-robot/microros_ws/src/install/rosgraph_msgs/include/rosgraph_msgs/rosgraph_msgs/msg/rosidl_typesupport_fastrtps_cpp__visibility_control.h
[5.958s] -- Up-to-date: /home/user/robo/sb-robot/microros_ws/src/install/rosgraph_msgs/include/rosgraph_msgs/rosgraph_msgs/msg/detail
[5.958s] -- Installing: /home/user/robo/sb-robot/microros_ws/src/install/rosgraph_msgs/include/rosgraph_msgs/rosgraph_msgs/msg/detail/dds_fastrtps
[5.959s] -- Installing: /home/user/robo/sb-robot/microros_ws/src/install/rosgraph_msgs/include/rosgraph_msgs/rosgraph_msgs/msg/detail/clock__rosidl_typesupport_fastrtps_cpp.hpp
[5.959s] -- Installing: /home/user/robo/sb-robot/microros_ws/src/install/rosgraph_msgs/lib/librosgraph_msgs__rosidl_typesupport_fastrtps_cpp.so
[5.959s] -- Set runtime path of "/home/user/robo/sb-robot/microros_ws/src/install/rosgraph_msgs/lib/librosgraph_msgs__rosidl_typesupport_fastrtps_cpp.so" to ""
[5.959s] -- Up-to-date: /home/user/robo/sb-robot/microros_ws/src/install/rosgraph_msgs/include/rosgraph_msgs/rosgraph_msgs
[5.959s] -- Up-to-date: /home/user/robo/sb-robot/microros_ws/src/install/rosgraph_msgs/include/rosgraph_msgs/rosgraph_msgs/msg
[5.959s] -- Up-to-date: /home/user/robo/sb-robot/microros_ws/src/install/rosgraph_msgs/include/rosgraph_msgs/rosgraph_msgs/msg/detail
[5.959s] -- Installing: /home/user/robo/sb-robot/microros_ws/src/install/rosgraph_msgs/include/rosgraph_msgs/rosgraph_msgs/msg/detail/clock__rosidl_typesupport_introspection_c.h
[5.959s] -- Installing: /home/user/robo/sb-robot/microros_ws/src/install/rosgraph_msgs/include/rosgraph_msgs/rosgraph_msgs/msg/detail/clock__type_support.c
[5.960s] -- Installing: /home/user/robo/sb-robot/microros_ws/src/install/rosgraph_msgs/include/rosgraph_msgs/rosgraph_msgs/msg/rosidl_typesupport_introspection_c__visibility_control.h
[5.960s] -- Installing: /home/user/robo/sb-robot/microros_ws/src/install/rosgraph_msgs/lib/librosgraph_msgs__rosidl_typesupport_introspection_c.so
[5.960s] -- Set runtime path of "/home/user/robo/sb-robot/microros_ws/src/install/rosgraph_msgs/lib/librosgraph_msgs__rosidl_typesupport_introspection_c.so" to ""
[5.960s] -- Installing: /home/user/robo/sb-robot/microros_ws/src/install/rosgraph_msgs/lib/librosgraph_msgs__rosidl_typesupport_c.so
[5.960s] -- Set runtime path of "/home/user/robo/sb-robot/microros_ws/src/install/rosgraph_msgs/lib/librosgraph_msgs__rosidl_typesupport_c.so" to ""
[5.960s] -- Up-to-date: /home/user/robo/sb-robot/microros_ws/src/install/rosgraph_msgs/include/rosgraph_msgs/rosgraph_msgs
[5.960s] -- Up-to-date: /home/user/robo/sb-robot/microros_ws/src/install/rosgraph_msgs/include/rosgraph_msgs/rosgraph_msgs/msg
[5.960s] -- Up-to-date: /home/user/robo/sb-robot/microros_ws/src/install/rosgraph_msgs/include/rosgraph_msgs/rosgraph_msgs/msg/detail
[5.960s] -- Installing: /home/user/robo/sb-robot/microros_ws/src/install/rosgraph_msgs/include/rosgraph_msgs/rosgraph_msgs/msg/detail/clock__rosidl_typesupport_introspection_cpp.hpp
[5.960s] -- Installing: /home/user/robo/sb-robot/microros_ws/src/install/rosgraph_msgs/include/rosgraph_msgs/rosgraph_msgs/msg/detail/clock__type_support.cpp
[5.960s] -- Installing: /home/user/robo/sb-robot/microros_ws/src/install/rosgraph_msgs/lib/librosgraph_msgs__rosidl_typesupport_introspection_cpp.so
[5.960s] -- Set runtime path of "/home/user/robo/sb-robot/microros_ws/src/install/rosgraph_msgs/lib/librosgraph_msgs__rosidl_typesupport_introspection_cpp.so" to ""
[5.960s] -- Installing: /home/user/robo/sb-robot/microros_ws/src/install/rosgraph_msgs/lib/librosgraph_msgs__rosidl_typesupport_cpp.so
[5.960s] -- Set runtime path of "/home/user/robo/sb-robot/microros_ws/src/install/rosgraph_msgs/lib/librosgraph_msgs__rosidl_typesupport_cpp.so" to ""
[5.960s] -- Installing: /home/user/robo/sb-robot/microros_ws/src/install/rosgraph_msgs/share/rosgraph_msgs/environment/pythonpath.sh
[5.960s] -- Installing: /home/user/robo/sb-robot/microros_ws/src/install/rosgraph_msgs/share/rosgraph_msgs/environment/pythonpath.dsv
[5.960s] -- Installing: /home/user/robo/sb-robot/microros_ws/src/install/rosgraph_msgs/local/lib/python3.10/dist-packages/rosgraph_msgs-1.2.1-py3.10.egg-info
[5.961s] -- Installing: /home/user/robo/sb-robot/microros_ws/src/install/rosgraph_msgs/local/lib/python3.10/dist-packages/rosgraph_msgs-1.2.1-py3.10.egg-info/top_level.txt
[5.961s] -- Installing: /home/user/robo/sb-robot/microros_ws/src/install/rosgraph_msgs/local/lib/python3.10/dist-packages/rosgraph_msgs-1.2.1-py3.10.egg-info/dependency_links.txt
[5.961s] -- Installing: /home/user/robo/sb-robot/microros_ws/src/install/rosgraph_msgs/local/lib/python3.10/dist-packages/rosgraph_msgs-1.2.1-py3.10.egg-info/PKG-INFO
[5.961s] -- Installing: /home/user/robo/sb-robot/microros_ws/src/install/rosgraph_msgs/local/lib/python3.10/dist-packages/rosgraph_msgs-1.2.1-py3.10.egg-info/SOURCES.txt
[5.961s] -- Installing: /home/user/robo/sb-robot/microros_ws/src/install/rosgraph_msgs/local/lib/python3.10/dist-packages/rosgraph_msgs
[5.961s] -- Installing: /home/user/robo/sb-robot/microros_ws/src/install/rosgraph_msgs/local/lib/python3.10/dist-packages/rosgraph_msgs/librosgraph_msgs__rosidl_generator_py.so
[5.961s] -- Installing: /home/user/robo/sb-robot/microros_ws/src/install/rosgraph_msgs/local/lib/python3.10/dist-packages/rosgraph_msgs/rosgraph_msgs_s__rosidl_typesupport_fastrtps_c.cpython-310-x86_64-linux-gnu.so
[5.961s] -- Installing: /home/user/robo/sb-robot/microros_ws/src/install/rosgraph_msgs/local/lib/python3.10/dist-packages/rosgraph_msgs/_rosgraph_msgs_s.ep.rosidl_typesupport_c.c
[5.961s] -- Installing: /home/user/robo/sb-robot/microros_ws/src/install/rosgraph_msgs/local/lib/python3.10/dist-packages/rosgraph_msgs/_rosgraph_msgs_s.ep.rosidl_typesupport_fastrtps_c.c
[5.961s] -- Installing: /home/user/robo/sb-robot/microros_ws/src/install/rosgraph_msgs/local/lib/python3.10/dist-packages/rosgraph_msgs/__init__.py
[5.961s] -- Installing: /home/user/robo/sb-robot/microros_ws/src/install/rosgraph_msgs/local/lib/python3.10/dist-packages/rosgraph_msgs/rosgraph_msgs_s__rosidl_typesupport_c.cpython-310-x86_64-linux-gnu.so
[5.961s] -- Installing: /home/user/robo/sb-robot/microros_ws/src/install/rosgraph_msgs/local/lib/python3.10/dist-packages/rosgraph_msgs/rosgraph_msgs_s__rosidl_typesupport_introspection_c.cpython-310-x86_64-linux-gnu.so
[5.961s] -- Installing: /home/user/robo/sb-robot/microros_ws/src/install/rosgraph_msgs/local/lib/python3.10/dist-packages/rosgraph_msgs/msg
[5.961s] -- Installing: /home/user/robo/sb-robot/microros_ws/src/install/rosgraph_msgs/local/lib/python3.10/dist-packages/rosgraph_msgs/msg/_clock_s.c
[5.961s] -- Installing: /home/user/robo/sb-robot/microros_ws/src/install/rosgraph_msgs/local/lib/python3.10/dist-packages/rosgraph_msgs/msg/__init__.py
[5.961s] -- Installing: /home/user/robo/sb-robot/microros_ws/src/install/rosgraph_msgs/local/lib/python3.10/dist-packages/rosgraph_msgs/msg/_clock.py
[5.961s] -- Installing: /home/user/robo/sb-robot/microros_ws/src/install/rosgraph_msgs/local/lib/python3.10/dist-packages/rosgraph_msgs/_rosgraph_msgs_s.ep.rosidl_typesupport_introspection_c.c
[6.003s] Listing '/home/user/robo/sb-robot/microros_ws/src/install/rosgraph_msgs/local/lib/python3.10/dist-packages/rosgraph_msgs'...
[6.003s] Compiling '/home/user/robo/sb-robot/microros_ws/src/install/rosgraph_msgs/local/lib/python3.10/dist-packages/rosgraph_msgs/__init__.py'...
[6.003s] Listing '/home/user/robo/sb-robot/microros_ws/src/install/rosgraph_msgs/local/lib/python3.10/dist-packages/rosgraph_msgs/msg'...
[6.003s] Compiling '/home/user/robo/sb-robot/microros_ws/src/install/rosgraph_msgs/local/lib/python3.10/dist-packages/rosgraph_msgs/msg/__init__.py'...
[6.003s] Compiling '/home/user/robo/sb-robot/microros_ws/src/install/rosgraph_msgs/local/lib/python3.10/dist-packages/rosgraph_msgs/msg/_clock.py'...
[6.011s] -- Installing: /home/user/robo/sb-robot/microros_ws/src/install/rosgraph_msgs/local/lib/python3.10/dist-packages/rosgraph_msgs/rosgraph_msgs_s__rosidl_typesupport_fastrtps_c.cpython-310-x86_64-linux-gnu.so
[6.011s] -- Set runtime path of "/home/user/robo/sb-robot/microros_ws/src/install/rosgraph_msgs/local/lib/python3.10/dist-packages/rosgraph_msgs/rosgraph_msgs_s__rosidl_typesupport_fastrtps_c.cpython-310-x86_64-linux-gnu.so" to ""
[6.011s] -- Installing: /home/user/robo/sb-robot/microros_ws/src/install/rosgraph_msgs/local/lib/python3.10/dist-packages/rosgraph_msgs/rosgraph_msgs_s__rosidl_typesupport_introspection_c.cpython-310-x86_64-linux-gnu.so
[6.012s] -- Set runtime path of "/home/user/robo/sb-robot/microros_ws/src/install/rosgraph_msgs/local/lib/python3.10/dist-packages/rosgraph_msgs/rosgraph_msgs_s__rosidl_typesupport_introspection_c.cpython-310-x86_64-linux-gnu.so" to ""
[6.012s] -- Installing: /home/user/robo/sb-robot/microros_ws/src/install/rosgraph_msgs/local/lib/python3.10/dist-packages/rosgraph_msgs/rosgraph_msgs_s__rosidl_typesupport_c.cpython-310-x86_64-linux-gnu.so
[6.012s] -- Set runtime path of "/home/user/robo/sb-robot/microros_ws/src/install/rosgraph_msgs/local/lib/python3.10/dist-packages/rosgraph_msgs/rosgraph_msgs_s__rosidl_typesupport_c.cpython-310-x86_64-linux-gnu.so" to ""
[6.012s] -- Installing: /home/user/robo/sb-robot/microros_ws/src/install/rosgraph_msgs/lib/librosgraph_msgs__rosidl_generator_py.so
[6.013s] -- Set runtime path of "/home/user/robo/sb-robot/microros_ws/src/install/rosgraph_msgs/lib/librosgraph_msgs__rosidl_generator_py.so" to ""
[6.013s] -- Installing: /home/user/robo/sb-robot/microros_ws/src/install/rosgraph_msgs/share/rosgraph_msgs/msg/Clock.idl
[6.013s] -- Installing: /home/user/robo/sb-robot/microros_ws/src/install/rosgraph_msgs/share/rosgraph_msgs/msg/Clock.msg
[6.013s] -- Installing: /home/user/robo/sb-robot/microros_ws/src/install/rosgraph_msgs/share/ament_index/resource_index/package_run_dependencies/rosgraph_msgs
[6.013s] -- Installing: /home/user/robo/sb-robot/microros_ws/src/install/rosgraph_msgs/share/ament_index/resource_index/parent_prefix_path/rosgraph_msgs
[6.013s] -- Installing: /home/user/robo/sb-robot/microros_ws/src/install/rosgraph_msgs/share/rosgraph_msgs/environment/ament_prefix_path.sh
[6.014s] -- Installing: /home/user/robo/sb-robot/microros_ws/src/install/rosgraph_msgs/share/rosgraph_msgs/environment/ament_prefix_path.dsv
[6.014s] -- Installing: /home/user/robo/sb-robot/microros_ws/src/install/rosgraph_msgs/share/rosgraph_msgs/environment/path.sh
[6.014s] -- Installing: /home/user/robo/sb-robot/microros_ws/src/install/rosgraph_msgs/share/rosgraph_msgs/environment/path.dsv
[6.014s] -- Installing: /home/user/robo/sb-robot/microros_ws/src/install/rosgraph_msgs/share/rosgraph_msgs/local_setup.bash
[6.014s] -- Installing: /home/user/robo/sb-robot/microros_ws/src/install/rosgraph_msgs/share/rosgraph_msgs/local_setup.sh
[6.014s] -- Installing: /home/user/robo/sb-robot/microros_ws/src/install/rosgraph_msgs/share/rosgraph_msgs/local_setup.zsh
[6.014s] -- Installing: /home/user/robo/sb-robot/microros_ws/src/install/rosgraph_msgs/share/rosgraph_msgs/local_setup.dsv
[6.015s] -- Installing: /home/user/robo/sb-robot/microros_ws/src/install/rosgraph_msgs/share/rosgraph_msgs/package.dsv
[6.015s] -- Installing: /home/user/robo/sb-robot/microros_ws/src/install/rosgraph_msgs/share/ament_index/resource_index/packages/rosgraph_msgs
[6.015s] -- Installing: /home/user/robo/sb-robot/microros_ws/src/install/rosgraph_msgs/share/rosgraph_msgs/cmake/export_rosgraph_msgs__rosidl_generator_cExport.cmake
[6.015s] -- Installing: /home/user/robo/sb-robot/microros_ws/src/install/rosgraph_msgs/share/rosgraph_msgs/cmake/export_rosgraph_msgs__rosidl_generator_cExport-noconfig.cmake
[6.015s] -- Installing: /home/user/robo/sb-robot/microros_ws/src/install/rosgraph_msgs/share/rosgraph_msgs/cmake/export_rosgraph_msgs__rosidl_typesupport_fastrtps_cExport.cmake
[6.015s] -- Installing: /home/user/robo/sb-robot/microros_ws/src/install/rosgraph_msgs/share/rosgraph_msgs/cmake/export_rosgraph_msgs__rosidl_typesupport_fastrtps_cExport-noconfig.cmake
[6.016s] -- Installing: /home/user/robo/sb-robot/microros_ws/src/install/rosgraph_msgs/share/rosgraph_msgs/cmake/export_rosgraph_msgs__rosidl_generator_cppExport.cmake
[6.016s] -- Installing: /home/user/robo/sb-robot/microros_ws/src/install/rosgraph_msgs/share/rosgraph_msgs/cmake/export_rosgraph_msgs__rosidl_typesupport_fastrtps_cppExport.cmake
[6.016s] -- Installing: /home/user/robo/sb-robot/microros_ws/src/install/rosgraph_msgs/share/rosgraph_msgs/cmake/export_rosgraph_msgs__rosidl_typesupport_fastrtps_cppExport-noconfig.cmake
[6.016s] -- Installing: /home/user/robo/sb-robot/microros_ws/src/install/rosgraph_msgs/share/rosgraph_msgs/cmake/rosgraph_msgs__rosidl_typesupport_introspection_cExport.cmake
[6.016s] -- Installing: /home/user/robo/sb-robot/microros_ws/src/install/rosgraph_msgs/share/rosgraph_msgs/cmake/rosgraph_msgs__rosidl_typesupport_introspection_cExport-noconfig.cmake
[6.016s] -- Installing: /home/user/robo/sb-robot/microros_ws/src/install/rosgraph_msgs/share/rosgraph_msgs/cmake/rosgraph_msgs__rosidl_typesupport_cExport.cmake
[6.017s] -- Installing: /home/user/robo/sb-robot/microros_ws/src/install/rosgraph_msgs/share/rosgraph_msgs/cmake/rosgraph_msgs__rosidl_typesupport_cExport-noconfig.cmake
[6.017s] -- Installing: /home/user/robo/sb-robot/microros_ws/src/install/rosgraph_msgs/share/rosgraph_msgs/cmake/rosgraph_msgs__rosidl_typesupport_introspection_cppExport.cmake
[6.017s] -- Installing: /home/user/robo/sb-robot/microros_ws/src/install/rosgraph_msgs/share/rosgraph_msgs/cmake/rosgraph_msgs__rosidl_typesupport_introspection_cppExport-noconfig.cmake
[6.017s] -- Installing: /home/user/robo/sb-robot/microros_ws/src/install/rosgraph_msgs/share/rosgraph_msgs/cmake/rosgraph_msgs__rosidl_typesupport_cppExport.cmake
[6.017s] -- Installing: /home/user/robo/sb-robot/microros_ws/src/install/rosgraph_msgs/share/rosgraph_msgs/cmake/rosgraph_msgs__rosidl_typesupport_cppExport-noconfig.cmake
[6.017s] -- Installing: /home/user/robo/sb-robot/microros_ws/src/install/rosgraph_msgs/share/rosgraph_msgs/cmake/export_rosgraph_msgs__rosidl_generator_pyExport.cmake
[6.018s] -- Installing: /home/user/robo/sb-robot/microros_ws/src/install/rosgraph_msgs/share/rosgraph_msgs/cmake/export_rosgraph_msgs__rosidl_generator_pyExport-noconfig.cmake
[6.018s] -- Installing: /home/user/robo/sb-robot/microros_ws/src/install/rosgraph_msgs/share/rosgraph_msgs/cmake/rosidl_cmake-extras.cmake
[6.018s] -- Installing: /home/user/robo/sb-robot/microros_ws/src/install/rosgraph_msgs/share/rosgraph_msgs/cmake/ament_cmake_export_dependencies-extras.cmake
[6.018s] -- Installing: /home/user/robo/sb-robot/microros_ws/src/install/rosgraph_msgs/share/rosgraph_msgs/cmake/ament_cmake_export_include_directories-extras.cmake
[6.018s] -- Installing: /home/user/robo/sb-robot/microros_ws/src/install/rosgraph_msgs/share/rosgraph_msgs/cmake/ament_cmake_export_libraries-extras.cmake
[6.018s] -- Installing: /home/user/robo/sb-robot/microros_ws/src/install/rosgraph_msgs/share/rosgraph_msgs/cmake/ament_cmake_export_targets-extras.cmake
[6.018s] -- Installing: /home/user/robo/sb-robot/microros_ws/src/install/rosgraph_msgs/share/rosgraph_msgs/cmake/rosidl_cmake_export_typesupport_targets-extras.cmake
[6.019s] -- Installing: /home/user/robo/sb-robot/microros_ws/src/install/rosgraph_msgs/share/rosgraph_msgs/cmake/rosidl_cmake_export_typesupport_libraries-extras.cmake
[6.019s] -- Installing: /home/user/robo/sb-robot/microros_ws/src/install/rosgraph_msgs/share/rosgraph_msgs/cmake/rosgraph_msgsConfig.cmake
[6.019s] -- Installing: /home/user/robo/sb-robot/microros_ws/src/install/rosgraph_msgs/share/rosgraph_msgs/cmake/rosgraph_msgsConfig-version.cmake
[6.019s] -- Installing: /home/user/robo/sb-robot/microros_ws/src/install/rosgraph_msgs/share/rosgraph_msgs/package.xml
[6.023s] Invoked command in '/home/user/robo/sb-robot/microros_ws/src/build/rosgraph_msgs' returned '0': AMENT_PREFIX_PATH=/home/user/robo/sb-robot/microros_ws/src/install/builtin_interfaces:${AMENT_PREFIX_PATH} CMAKE_PREFIX_PATH=/home/user/robo/sb-robot/microros_ws/src/install/builtin_interfaces:/home/user/robo/sb-robot/microros_ws/install/micro_ros_setup:/home/user/robo/sb-robot/microros_ws/install/micro_ros_agent:/home/user/robo/sb-robot/microros_ws/install/micro_ros_msgs:/home/user/robo/sb-robot/microros_ws/install/builtin_interfaces:/opt/ros/humble LD_LIBRARY_PATH=/home/user/robo/sb-robot/microros_ws/src/install/builtin_interfaces/lib:${LD_LIBRARY_PATH} PYTHONPATH=/home/user/robo/sb-robot/microros_ws/src/install/builtin_interfaces/local/lib/python3.10/dist-packages:${PYTHONPATH} /usr/bin/cmake --install /home/user/robo/sb-robot/microros_ws/src/build/rosgraph_msgs
