[0.127s] Invoking command in '/home/user/robo/sb-robot/microros_ws/src/build/complex_msgs': AMENT_PREFIX_PATH=/home/user/robo/sb-robot/microros_ws/src/install/builtin_interfaces:${AMENT_PREFIX_PATH} CMAKE_PREFIX_PATH=/home/user/robo/sb-robot/microros_ws/src/install/builtin_interfaces:/home/user/robo/sb-robot/microros_ws/install/micro_ros_setup:/home/user/robo/sb-robot/microros_ws/install/micro_ros_agent:/home/user/robo/sb-robot/microros_ws/install/micro_ros_msgs:/home/user/robo/sb-robot/microros_ws/install/builtin_interfaces:/opt/ros/humble LD_LIBRARY_PATH=/home/user/robo/sb-robot/microros_ws/src/install/builtin_interfaces/lib:${LD_LIBRARY_PATH} PYTHONPATH=/home/user/robo/sb-robot/microros_ws/src/install/builtin_interfaces/local/lib/python3.10/dist-packages:${PYTHONPATH} /usr/bin/cmake /home/user/robo/sb-robot/microros_ws/src/uros/micro-ROS-demos/messages/complex_msg -DCMAKE_INSTALL_PREFIX=/home/user/robo/sb-robot/microros_ws/src/install/complex_msgs
[0.310s] -- The C compiler identification is GNU 11.4.0
[0.478s] -- The CXX compiler identification is GNU 11.4.0
[0.494s] -- Detecting C compiler ABI info
[0.695s] -- Detecting C compiler ABI info - done
[0.714s] -- Check for working C compiler: /usr/bin/cc - skipped
[0.714s] -- Detecting C compile features
[0.715s] -- Detecting C compile features - done
[0.719s] -- Detecting CXX compiler ABI info
[0.854s] -- Detecting CXX compiler ABI info - done
[0.862s] -- Check for working CXX compiler: /usr/bin/c++ - skipped
[0.863s] -- Detecting CXX compile features
[0.863s] -- Detecting CXX compile features - done
[0.867s] -- Found ament_cmake: 1.3.11 (/opt/ros/humble/share/ament_cmake/cmake)
[1.075s] -- Found Python3: /usr/bin/python3 (found version "3.10.12") found components: Interpreter 
[1.190s] -- Found builtin_interfaces: 1.2.1 (/home/user/robo/sb-robot/microros_ws/src/install/builtin_interfaces/share/builtin_interfaces/cmake)
[1.215s] -- Found rosidl_generator_c: 3.1.6 (/opt/ros/humble/share/rosidl_generator_c/cmake)
[1.219s] -- Found rosidl_adapter: 3.1.6 (/opt/ros/humble/share/rosidl_adapter/cmake)
[1.225s] -- Found rosidl_generator_cpp: 3.1.6 (/opt/ros/humble/share/rosidl_generator_cpp/cmake)
[1.234s] -- Using all available rosidl_typesupport_c: rosidl_typesupport_fastrtps_c;rosidl_typesupport_introspection_c
[1.245s] -- Using all available rosidl_typesupport_cpp: rosidl_typesupport_fastrtps_cpp;rosidl_typesupport_introspection_cpp
[1.256s] -- Found rosidl_default_generators: 1.2.0 (/opt/ros/humble/share/rosidl_default_generators/cmake)
[1.512s] -- Found ament_cmake_cppcheck: 0.12.11 (/opt/ros/humble/share/ament_cmake_cppcheck/cmake)
[1.515s] -- Found ament_cmake_cpplint: 0.12.11 (/opt/ros/humble/share/ament_cmake_cpplint/cmake)
[1.518s] -- Found ament_cmake_uncrustify: 0.12.11 (/opt/ros/humble/share/ament_cmake_uncrustify/cmake)
[1.521s] -- Found ament_cmake_ros: 0.10.0 (/opt/ros/humble/share/ament_cmake_ros/cmake)
[1.865s] -- Using all available rosidl_typesupport_c: rosidl_typesupport_fastrtps_c;rosidl_typesupport_introspection_c
[2.115s] -- Using all available rosidl_typesupport_cpp: rosidl_typesupport_fastrtps_cpp;rosidl_typesupport_introspection_cpp
[2.143s] -- Found PythonInterp: /usr/bin/python3 (found suitable version "3.10.12", minimum required is "3.6") 
[2.146s] -- Found python_cmake_module: 0.10.0 (/opt/ros/humble/share/python_cmake_module/cmake)
[2.179s] -- Found PythonLibs: /usr/lib/x86_64-linux-gnu/libpython3.10.so (found suitable version "3.10.12", minimum required is "3.5") 
[2.179s] -- Using PYTHON_EXECUTABLE: /usr/bin/python3
[2.179s] -- Using PYTHON_INCLUDE_DIRS: /usr/include/python3.10
[2.179s] -- Using PYTHON_LIBRARIES: /usr/lib/x86_64-linux-gnu/libpython3.10.so
[2.204s] -- Found PythonExtra: .so  
[2.252s] -- Found ament_cmake_flake8: 0.12.11 (/opt/ros/humble/share/ament_cmake_flake8/cmake)
[2.255s] -- Found ament_cmake_pep257: 0.12.11 (/opt/ros/humble/share/ament_cmake_pep257/cmake)
[2.265s] -- Configuring done
[2.306s] -- Generating done
[2.320s] -- Build files have been written to: /home/user/robo/sb-robot/microros_ws/src/build/complex_msgs
[2.330s] Invoked command in '/home/user/robo/sb-robot/microros_ws/src/build/complex_msgs' returned '0': AMENT_PREFIX_PATH=/home/user/robo/sb-robot/microros_ws/src/install/builtin_interfaces:${AMENT_PREFIX_PATH} CMAKE_PREFIX_PATH=/home/user/robo/sb-robot/microros_ws/src/install/builtin_interfaces:/home/user/robo/sb-robot/microros_ws/install/micro_ros_setup:/home/user/robo/sb-robot/microros_ws/install/micro_ros_agent:/home/user/robo/sb-robot/microros_ws/install/micro_ros_msgs:/home/user/robo/sb-robot/microros_ws/install/builtin_interfaces:/opt/ros/humble LD_LIBRARY_PATH=/home/user/robo/sb-robot/microros_ws/src/install/builtin_interfaces/lib:${LD_LIBRARY_PATH} PYTHONPATH=/home/user/robo/sb-robot/microros_ws/src/install/builtin_interfaces/local/lib/python3.10/dist-packages:${PYTHONPATH} /usr/bin/cmake /home/user/robo/sb-robot/microros_ws/src/uros/micro-ROS-demos/messages/complex_msg -DCMAKE_INSTALL_PREFIX=/home/user/robo/sb-robot/microros_ws/src/install/complex_msgs
[2.332s] Invoking command in '/home/user/robo/sb-robot/microros_ws/src/build/complex_msgs': AMENT_PREFIX_PATH=/home/user/robo/sb-robot/microros_ws/src/install/builtin_interfaces:${AMENT_PREFIX_PATH} CMAKE_PREFIX_PATH=/home/user/robo/sb-robot/microros_ws/src/install/builtin_interfaces:/home/user/robo/sb-robot/microros_ws/install/micro_ros_setup:/home/user/robo/sb-robot/microros_ws/install/micro_ros_agent:/home/user/robo/sb-robot/microros_ws/install/micro_ros_msgs:/home/user/robo/sb-robot/microros_ws/install/builtin_interfaces:/opt/ros/humble LD_LIBRARY_PATH=/home/user/robo/sb-robot/microros_ws/src/install/builtin_interfaces/lib:${LD_LIBRARY_PATH} PYTHONPATH=/home/user/robo/sb-robot/microros_ws/src/install/builtin_interfaces/local/lib/python3.10/dist-packages:${PYTHONPATH} /usr/bin/cmake --build /home/user/robo/sb-robot/microros_ws/src/build/complex_msgs -- -j20 -l20
[2.391s] [  2%] [34m[1mGenerating C code for ROS interfaces[0m
[2.406s] [  5%] [34m[1mGenerating C++ code for ROS interfaces[0m
[2.454s] [  5%] Built target ament_cmake_python_copy_complex_msgs
[2.763s] running egg_info
[2.765s] creating complex_msgs.egg-info
[2.765s] writing complex_msgs.egg-info/PKG-INFO
[2.766s] writing dependency_links to complex_msgs.egg-info/dependency_links.txt
[2.766s] writing top-level names to complex_msgs.egg-info/top_level.txt
[2.767s] writing manifest file 'complex_msgs.egg-info/SOURCES.txt'
[2.771s] reading manifest file 'complex_msgs.egg-info/SOURCES.txt'
[2.771s] writing manifest file 'complex_msgs.egg-info/SOURCES.txt'
[2.829s] [  5%] Built target ament_cmake_python_build_complex_msgs_egg
[2.960s] [  5%] Built target complex_msgs__cpp
[2.964s] [  7%] [32mBuilding C object CMakeFiles/complex_msgs__rosidl_generator_c.dir/rosidl_generator_c/complex_msgs/msg/detail/multi_string_test__functions.c.o[0m
[2.980s] [ 10%] [32mBuilding C object CMakeFiles/complex_msgs__rosidl_generator_c.dir/rosidl_generator_c/complex_msgs/msg/detail/nested_msg_test__functions.c.o[0m
[2.984s] [ 12%] [34m[1mGenerating C++ introspection for ROS interfaces[0m
[2.985s] [ 15%] [34m[1mGenerating C++ type support for eProsima Fast-RTPS[0m
[2.998s] [ 17%] [34m[1mGenerating C++ type support dispatch for ROS interfaces[0m
[3.130s] [ 20%] [32m[1mLinking C shared library libcomplex_msgs__rosidl_generator_c.so[0m
[3.202s] [ 20%] Built target complex_msgs__rosidl_generator_c
[3.225s] [ 23%] [34m[1mGenerating C introspection for ROS interfaces[0m
[3.225s] [ 25%] [34m[1mGenerating C type support dispatch for ROS interfaces[0m
[3.228s] [ 28%] [34m[1mGenerating C type support for eProsima Fast-RTPS[0m
[3.486s] [ 30%] [32mBuilding CXX object CMakeFiles/complex_msgs__rosidl_typesupport_fastrtps_cpp.dir/rosidl_typesupport_fastrtps_cpp/complex_msgs/msg/detail/dds_fastrtps/multi_string_test__type_support.cpp.o[0m
[3.487s] [ 33%] [32mBuilding CXX object CMakeFiles/complex_msgs__rosidl_typesupport_fastrtps_cpp.dir/rosidl_typesupport_fastrtps_cpp/complex_msgs/msg/detail/dds_fastrtps/nested_msg_test__type_support.cpp.o[0m
[3.506s] [ 35%] [32mBuilding CXX object CMakeFiles/complex_msgs__rosidl_typesupport_introspection_cpp.dir/rosidl_typesupport_introspection_cpp/complex_msgs/msg/detail/multi_string_test__type_support.cpp.o[0m
[3.510s] [ 38%] [32mBuilding CXX object CMakeFiles/complex_msgs__rosidl_typesupport_introspection_cpp.dir/rosidl_typesupport_introspection_cpp/complex_msgs/msg/detail/nested_msg_test__type_support.cpp.o[0m
[3.603s] [ 41%] [32mBuilding CXX object CMakeFiles/complex_msgs__rosidl_typesupport_cpp.dir/rosidl_typesupport_cpp/complex_msgs/msg/nested_msg_test__type_support.cpp.o[0m
[3.606s] [ 43%] [32mBuilding CXX object CMakeFiles/complex_msgs__rosidl_typesupport_cpp.dir/rosidl_typesupport_cpp/complex_msgs/msg/multi_string_test__type_support.cpp.o[0m
[3.724s] [ 46%] [32mBuilding CXX object CMakeFiles/complex_msgs__rosidl_typesupport_c.dir/rosidl_typesupport_c/complex_msgs/msg/multi_string_test__type_support.cpp.o[0m
[3.727s] [ 48%] [32mBuilding CXX object CMakeFiles/complex_msgs__rosidl_typesupport_c.dir/rosidl_typesupport_c/complex_msgs/msg/nested_msg_test__type_support.cpp.o[0m
[3.837s] [ 51%] [32m[1mLinking CXX shared library libcomplex_msgs__rosidl_typesupport_c.so[0m
[3.846s] [ 53%] [32mBuilding C object CMakeFiles/complex_msgs__rosidl_typesupport_introspection_c.dir/rosidl_typesupport_introspection_c/complex_msgs/msg/detail/nested_msg_test__type_support.c.o[0m
[3.852s] [ 56%] [32mBuilding C object CMakeFiles/complex_msgs__rosidl_typesupport_introspection_c.dir/rosidl_typesupport_introspection_c/complex_msgs/msg/detail/multi_string_test__type_support.c.o[0m
[3.918s] [ 58%] [32mBuilding CXX object CMakeFiles/complex_msgs__rosidl_typesupport_fastrtps_c.dir/rosidl_typesupport_fastrtps_c/complex_msgs/msg/detail/multi_string_test__type_support_c.cpp.o[0m
[3.925s] [ 61%] [32mBuilding CXX object CMakeFiles/complex_msgs__rosidl_typesupport_fastrtps_c.dir/rosidl_typesupport_fastrtps_c/complex_msgs/msg/detail/nested_msg_test__type_support_c.cpp.o[0m
[3.954s] [ 64%] [32m[1mLinking C shared library libcomplex_msgs__rosidl_typesupport_introspection_c.so[0m
[3.961s] [ 64%] Built target complex_msgs__rosidl_typesupport_c
[4.043s] [ 64%] Built target complex_msgs__rosidl_typesupport_introspection_c
[4.361s] [ 66%] [32m[1mLinking CXX shared library libcomplex_msgs__rosidl_typesupport_cpp.so[0m
[4.488s] [ 66%] Built target complex_msgs__rosidl_typesupport_cpp
[4.543s] [ 69%] [32m[1mLinking CXX shared library libcomplex_msgs__rosidl_typesupport_introspection_cpp.so[0m
[4.753s] [ 71%] [32m[1mLinking CXX shared library libcomplex_msgs__rosidl_typesupport_fastrtps_cpp.so[0m
[4.801s] [ 71%] Built target complex_msgs__rosidl_typesupport_introspection_cpp
[4.827s] [ 74%] [32m[1mLinking CXX shared library libcomplex_msgs__rosidl_typesupport_fastrtps_c.so[0m
[4.976s] [ 74%] Built target complex_msgs__rosidl_typesupport_fastrtps_cpp
[5.071s] [ 74%] Built target complex_msgs__rosidl_typesupport_fastrtps_c
[5.150s] [ 74%] Built target complex_msgs
[5.232s] [ 76%] [34m[1mGenerating Python code for ROS interfaces[0m
[5.861s] [ 76%] Built target complex_msgs__py
[5.907s] [ 79%] [32mBuilding C object CMakeFiles/complex_msgs__rosidl_generator_py.dir/rosidl_generator_py/complex_msgs/msg/_multi_string_test_s.c.o[0m
[5.915s] [ 82%] [32mBuilding C object CMakeFiles/complex_msgs__rosidl_generator_py.dir/rosidl_generator_py/complex_msgs/msg/_nested_msg_test_s.c.o[0m
[6.047s] [ 84%] [32m[1mLinking C shared library rosidl_generator_py/complex_msgs/libcomplex_msgs__rosidl_generator_py.so[0m
[6.095s] [ 84%] Built target complex_msgs__rosidl_generator_py
[6.120s] [ 89%] [32mBuilding C object CMakeFiles/complex_msgs__rosidl_typesupport_introspection_c__pyext.dir/rosidl_generator_py/complex_msgs/_complex_msgs_s.ep.rosidl_typesupport_introspection_c.c.o[0m
[6.122s] [ 89%] [32mBuilding C object CMakeFiles/complex_msgs__rosidl_typesupport_fastrtps_c__pyext.dir/rosidl_generator_py/complex_msgs/_complex_msgs_s.ep.rosidl_typesupport_fastrtps_c.c.o[0m
[6.127s] [ 92%] [32mBuilding C object CMakeFiles/complex_msgs__rosidl_typesupport_c__pyext.dir/rosidl_generator_py/complex_msgs/_complex_msgs_s.ep.rosidl_typesupport_c.c.o[0m
[6.246s] [ 94%] [32m[1mLinking C shared library rosidl_generator_py/complex_msgs/complex_msgs_s__rosidl_typesupport_fastrtps_c.cpython-310-x86_64-linux-gnu.so[0m
[6.246s] [ 97%] [32m[1mLinking C shared library rosidl_generator_py/complex_msgs/complex_msgs_s__rosidl_typesupport_introspection_c.cpython-310-x86_64-linux-gnu.so[0m
[6.254s] [100%] [32m[1mLinking C shared library rosidl_generator_py/complex_msgs/complex_msgs_s__rosidl_typesupport_c.cpython-310-x86_64-linux-gnu.so[0m
[6.290s] [100%] Built target complex_msgs__rosidl_typesupport_introspection_c__pyext
[6.290s] [100%] Built target complex_msgs__rosidl_typesupport_fastrtps_c__pyext
[6.300s] [100%] Built target complex_msgs__rosidl_typesupport_c__pyext
[6.314s] Invoked command in '/home/user/robo/sb-robot/microros_ws/src/build/complex_msgs' returned '0': AMENT_PREFIX_PATH=/home/user/robo/sb-robot/microros_ws/src/install/builtin_interfaces:${AMENT_PREFIX_PATH} CMAKE_PREFIX_PATH=/home/user/robo/sb-robot/microros_ws/src/install/builtin_interfaces:/home/user/robo/sb-robot/microros_ws/install/micro_ros_setup:/home/user/robo/sb-robot/microros_ws/install/micro_ros_agent:/home/user/robo/sb-robot/microros_ws/install/micro_ros_msgs:/home/user/robo/sb-robot/microros_ws/install/builtin_interfaces:/opt/ros/humble LD_LIBRARY_PATH=/home/user/robo/sb-robot/microros_ws/src/install/builtin_interfaces/lib:${LD_LIBRARY_PATH} PYTHONPATH=/home/user/robo/sb-robot/microros_ws/src/install/builtin_interfaces/local/lib/python3.10/dist-packages:${PYTHONPATH} /usr/bin/cmake --build /home/user/robo/sb-robot/microros_ws/src/build/complex_msgs -- -j20 -l20
[6.315s] Invoking command in '/home/user/robo/sb-robot/microros_ws/src/build/complex_msgs': AMENT_PREFIX_PATH=/home/user/robo/sb-robot/microros_ws/src/install/builtin_interfaces:${AMENT_PREFIX_PATH} CMAKE_PREFIX_PATH=/home/user/robo/sb-robot/microros_ws/src/install/builtin_interfaces:/home/user/robo/sb-robot/microros_ws/install/micro_ros_setup:/home/user/robo/sb-robot/microros_ws/install/micro_ros_agent:/home/user/robo/sb-robot/microros_ws/install/micro_ros_msgs:/home/user/robo/sb-robot/microros_ws/install/builtin_interfaces:/opt/ros/humble LD_LIBRARY_PATH=/home/user/robo/sb-robot/microros_ws/src/install/builtin_interfaces/lib:${LD_LIBRARY_PATH} PYTHONPATH=/home/user/robo/sb-robot/microros_ws/src/install/builtin_interfaces/local/lib/python3.10/dist-packages:${PYTHONPATH} /usr/bin/cmake --install /home/user/robo/sb-robot/microros_ws/src/build/complex_msgs
[6.323s] -- Install configuration: ""
[6.324s] -- Installing: /home/user/robo/sb-robot/microros_ws/src/install/complex_msgs/share/ament_index/resource_index/rosidl_interfaces/complex_msgs
[6.324s] -- Installing: /home/user/robo/sb-robot/microros_ws/src/install/complex_msgs/include/complex_msgs/complex_msgs
[6.324s] -- Installing: /home/user/robo/sb-robot/microros_ws/src/install/complex_msgs/include/complex_msgs/complex_msgs/msg
[6.324s] -- Installing: /home/user/robo/sb-robot/microros_ws/src/install/complex_msgs/include/complex_msgs/complex_msgs/msg/multi_string_test.h
[6.324s] -- Installing: /home/user/robo/sb-robot/microros_ws/src/install/complex_msgs/include/complex_msgs/complex_msgs/msg/nested_msg_test.h
[6.324s] -- Installing: /home/user/robo/sb-robot/microros_ws/src/install/complex_msgs/include/complex_msgs/complex_msgs/msg/detail
[6.324s] -- Installing: /home/user/robo/sb-robot/microros_ws/src/install/complex_msgs/include/complex_msgs/complex_msgs/msg/detail/nested_msg_test__functions.h
[6.324s] -- Installing: /home/user/robo/sb-robot/microros_ws/src/install/complex_msgs/include/complex_msgs/complex_msgs/msg/detail/multi_string_test__functions.c
[6.325s] -- Installing: /home/user/robo/sb-robot/microros_ws/src/install/complex_msgs/include/complex_msgs/complex_msgs/msg/detail/nested_msg_test__functions.c
[6.325s] -- Installing: /home/user/robo/sb-robot/microros_ws/src/install/complex_msgs/include/complex_msgs/complex_msgs/msg/detail/multi_string_test__struct.h
[6.325s] -- Installing: /home/user/robo/sb-robot/microros_ws/src/install/complex_msgs/include/complex_msgs/complex_msgs/msg/detail/multi_string_test__type_support.h
[6.325s] -- Installing: /home/user/robo/sb-robot/microros_ws/src/install/complex_msgs/include/complex_msgs/complex_msgs/msg/detail/nested_msg_test__type_support.h
[6.325s] -- Installing: /home/user/robo/sb-robot/microros_ws/src/install/complex_msgs/include/complex_msgs/complex_msgs/msg/detail/nested_msg_test__struct.h
[6.325s] -- Installing: /home/user/robo/sb-robot/microros_ws/src/install/complex_msgs/include/complex_msgs/complex_msgs/msg/detail/multi_string_test__functions.h
[6.325s] -- Installing: /home/user/robo/sb-robot/microros_ws/src/install/complex_msgs/include/complex_msgs/complex_msgs/msg/rosidl_generator_c__visibility_control.h
[6.326s] -- Installing: /home/user/robo/sb-robot/microros_ws/src/install/complex_msgs/share/complex_msgs/environment/library_path.sh
[6.326s] -- Installing: /home/user/robo/sb-robot/microros_ws/src/install/complex_msgs/share/complex_msgs/environment/library_path.dsv
[6.326s] -- Installing: /home/user/robo/sb-robot/microros_ws/src/install/complex_msgs/lib/libcomplex_msgs__rosidl_generator_c.so
[6.328s] -- Set runtime path of "/home/user/robo/sb-robot/microros_ws/src/install/complex_msgs/lib/libcomplex_msgs__rosidl_generator_c.so" to ""
[6.328s] -- Up-to-date: /home/user/robo/sb-robot/microros_ws/src/install/complex_msgs/include/complex_msgs/complex_msgs
[6.328s] -- Up-to-date: /home/user/robo/sb-robot/microros_ws/src/install/complex_msgs/include/complex_msgs/complex_msgs/msg
[6.328s] -- Up-to-date: /home/user/robo/sb-robot/microros_ws/src/install/complex_msgs/include/complex_msgs/complex_msgs/msg/detail
[6.328s] -- Installing: /home/user/robo/sb-robot/microros_ws/src/install/complex_msgs/include/complex_msgs/complex_msgs/msg/detail/nested_msg_test__rosidl_typesupport_fastrtps_c.h
[6.328s] -- Installing: /home/user/robo/sb-robot/microros_ws/src/install/complex_msgs/include/complex_msgs/complex_msgs/msg/detail/multi_string_test__rosidl_typesupport_fastrtps_c.h
[6.328s] -- Installing: /home/user/robo/sb-robot/microros_ws/src/install/complex_msgs/include/complex_msgs/complex_msgs/msg/rosidl_typesupport_fastrtps_c__visibility_control.h
[6.329s] -- Installing: /home/user/robo/sb-robot/microros_ws/src/install/complex_msgs/lib/libcomplex_msgs__rosidl_typesupport_fastrtps_c.so
[6.329s] -- Set runtime path of "/home/user/robo/sb-robot/microros_ws/src/install/complex_msgs/lib/libcomplex_msgs__rosidl_typesupport_fastrtps_c.so" to ""
[6.329s] -- Up-to-date: /home/user/robo/sb-robot/microros_ws/src/install/complex_msgs/include/complex_msgs/complex_msgs
[6.329s] -- Up-to-date: /home/user/robo/sb-robot/microros_ws/src/install/complex_msgs/include/complex_msgs/complex_msgs/msg
[6.329s] -- Installing: /home/user/robo/sb-robot/microros_ws/src/install/complex_msgs/include/complex_msgs/complex_msgs/msg/rosidl_generator_cpp__visibility_control.hpp
[6.329s] -- Installing: /home/user/robo/sb-robot/microros_ws/src/install/complex_msgs/include/complex_msgs/complex_msgs/msg/multi_string_test.hpp
[6.329s] -- Up-to-date: /home/user/robo/sb-robot/microros_ws/src/install/complex_msgs/include/complex_msgs/complex_msgs/msg/detail
[6.329s] -- Installing: /home/user/robo/sb-robot/microros_ws/src/install/complex_msgs/include/complex_msgs/complex_msgs/msg/detail/multi_string_test__struct.hpp
[6.329s] -- Installing: /home/user/robo/sb-robot/microros_ws/src/install/complex_msgs/include/complex_msgs/complex_msgs/msg/detail/multi_string_test__builder.hpp
[6.329s] -- Installing: /home/user/robo/sb-robot/microros_ws/src/install/complex_msgs/include/complex_msgs/complex_msgs/msg/detail/nested_msg_test__traits.hpp
[6.329s] -- Installing: /home/user/robo/sb-robot/microros_ws/src/install/complex_msgs/include/complex_msgs/complex_msgs/msg/detail/nested_msg_test__builder.hpp
[6.329s] -- Installing: /home/user/robo/sb-robot/microros_ws/src/install/complex_msgs/include/complex_msgs/complex_msgs/msg/detail/nested_msg_test__struct.hpp
[6.329s] -- Installing: /home/user/robo/sb-robot/microros_ws/src/install/complex_msgs/include/complex_msgs/complex_msgs/msg/detail/multi_string_test__type_support.hpp
[6.329s] -- Installing: /home/user/robo/sb-robot/microros_ws/src/install/complex_msgs/include/complex_msgs/complex_msgs/msg/detail/multi_string_test__traits.hpp
[6.329s] -- Installing: /home/user/robo/sb-robot/microros_ws/src/install/complex_msgs/include/complex_msgs/complex_msgs/msg/detail/nested_msg_test__type_support.hpp
[6.329s] -- Installing: /home/user/robo/sb-robot/microros_ws/src/install/complex_msgs/include/complex_msgs/complex_msgs/msg/nested_msg_test.hpp
[6.330s] -- Up-to-date: /home/user/robo/sb-robot/microros_ws/src/install/complex_msgs/include/complex_msgs/complex_msgs
[6.330s] -- Up-to-date: /home/user/robo/sb-robot/microros_ws/src/install/complex_msgs/include/complex_msgs/complex_msgs/msg
[6.330s] -- Installing: /home/user/robo/sb-robot/microros_ws/src/install/complex_msgs/include/complex_msgs/complex_msgs/msg/rosidl_typesupport_fastrtps_cpp__visibility_control.h
[6.330s] -- Up-to-date: /home/user/robo/sb-robot/microros_ws/src/install/complex_msgs/include/complex_msgs/complex_msgs/msg/detail
[6.330s] -- Installing: /home/user/robo/sb-robot/microros_ws/src/install/complex_msgs/include/complex_msgs/complex_msgs/msg/detail/multi_string_test__rosidl_typesupport_fastrtps_cpp.hpp
[6.330s] -- Installing: /home/user/robo/sb-robot/microros_ws/src/install/complex_msgs/include/complex_msgs/complex_msgs/msg/detail/dds_fastrtps
[6.330s] -- Installing: /home/user/robo/sb-robot/microros_ws/src/install/complex_msgs/include/complex_msgs/complex_msgs/msg/detail/nested_msg_test__rosidl_typesupport_fastrtps_cpp.hpp
[6.330s] -- Installing: /home/user/robo/sb-robot/microros_ws/src/install/complex_msgs/lib/libcomplex_msgs__rosidl_typesupport_fastrtps_cpp.so
[6.332s] -- Set runtime path of "/home/user/robo/sb-robot/microros_ws/src/install/complex_msgs/lib/libcomplex_msgs__rosidl_typesupport_fastrtps_cpp.so" to ""
[6.332s] -- Up-to-date: /home/user/robo/sb-robot/microros_ws/src/install/complex_msgs/include/complex_msgs/complex_msgs
[6.332s] -- Up-to-date: /home/user/robo/sb-robot/microros_ws/src/install/complex_msgs/include/complex_msgs/complex_msgs/msg
[6.332s] -- Up-to-date: /home/user/robo/sb-robot/microros_ws/src/install/complex_msgs/include/complex_msgs/complex_msgs/msg/detail
[6.332s] -- Installing: /home/user/robo/sb-robot/microros_ws/src/install/complex_msgs/include/complex_msgs/complex_msgs/msg/detail/nested_msg_test__rosidl_typesupport_introspection_c.h
[6.332s] -- Installing: /home/user/robo/sb-robot/microros_ws/src/install/complex_msgs/include/complex_msgs/complex_msgs/msg/detail/multi_string_test__rosidl_typesupport_introspection_c.h
[6.332s] -- Installing: /home/user/robo/sb-robot/microros_ws/src/install/complex_msgs/include/complex_msgs/complex_msgs/msg/detail/multi_string_test__type_support.c
[6.332s] -- Installing: /home/user/robo/sb-robot/microros_ws/src/install/complex_msgs/include/complex_msgs/complex_msgs/msg/detail/nested_msg_test__type_support.c
[6.333s] -- Installing: /home/user/robo/sb-robot/microros_ws/src/install/complex_msgs/include/complex_msgs/complex_msgs/msg/rosidl_typesupport_introspection_c__visibility_control.h
[6.333s] -- Installing: /home/user/robo/sb-robot/microros_ws/src/install/complex_msgs/lib/libcomplex_msgs__rosidl_typesupport_introspection_c.so
[6.333s] -- Set runtime path of "/home/user/robo/sb-robot/microros_ws/src/install/complex_msgs/lib/libcomplex_msgs__rosidl_typesupport_introspection_c.so" to ""
[6.333s] -- Installing: /home/user/robo/sb-robot/microros_ws/src/install/complex_msgs/lib/libcomplex_msgs__rosidl_typesupport_c.so
[6.333s] -- Set runtime path of "/home/user/robo/sb-robot/microros_ws/src/install/complex_msgs/lib/libcomplex_msgs__rosidl_typesupport_c.so" to ""
[6.333s] -- Up-to-date: /home/user/robo/sb-robot/microros_ws/src/install/complex_msgs/include/complex_msgs/complex_msgs
[6.333s] -- Up-to-date: /home/user/robo/sb-robot/microros_ws/src/install/complex_msgs/include/complex_msgs/complex_msgs/msg
[6.333s] -- Up-to-date: /home/user/robo/sb-robot/microros_ws/src/install/complex_msgs/include/complex_msgs/complex_msgs/msg/detail
[6.333s] -- Installing: /home/user/robo/sb-robot/microros_ws/src/install/complex_msgs/include/complex_msgs/complex_msgs/msg/detail/multi_string_test__rosidl_typesupport_introspection_cpp.hpp
[6.333s] -- Installing: /home/user/robo/sb-robot/microros_ws/src/install/complex_msgs/include/complex_msgs/complex_msgs/msg/detail/nested_msg_test__type_support.cpp
[6.333s] -- Installing: /home/user/robo/sb-robot/microros_ws/src/install/complex_msgs/include/complex_msgs/complex_msgs/msg/detail/multi_string_test__type_support.cpp
[6.333s] -- Installing: /home/user/robo/sb-robot/microros_ws/src/install/complex_msgs/include/complex_msgs/complex_msgs/msg/detail/nested_msg_test__rosidl_typesupport_introspection_cpp.hpp
[6.333s] -- Installing: /home/user/robo/sb-robot/microros_ws/src/install/complex_msgs/lib/libcomplex_msgs__rosidl_typesupport_introspection_cpp.so
[6.333s] -- Set runtime path of "/home/user/robo/sb-robot/microros_ws/src/install/complex_msgs/lib/libcomplex_msgs__rosidl_typesupport_introspection_cpp.so" to ""
[6.333s] -- Installing: /home/user/robo/sb-robot/microros_ws/src/install/complex_msgs/lib/libcomplex_msgs__rosidl_typesupport_cpp.so
[6.333s] -- Set runtime path of "/home/user/robo/sb-robot/microros_ws/src/install/complex_msgs/lib/libcomplex_msgs__rosidl_typesupport_cpp.so" to ""
[6.334s] -- Installing: /home/user/robo/sb-robot/microros_ws/src/install/complex_msgs/share/complex_msgs/environment/pythonpath.sh
[6.334s] -- Installing: /home/user/robo/sb-robot/microros_ws/src/install/complex_msgs/share/complex_msgs/environment/pythonpath.dsv
[6.334s] -- Installing: /home/user/robo/sb-robot/microros_ws/src/install/complex_msgs/local/lib/python3.10/dist-packages/complex_msgs-3.0.2-py3.10.egg-info
[6.334s] -- Installing: /home/user/robo/sb-robot/microros_ws/src/install/complex_msgs/local/lib/python3.10/dist-packages/complex_msgs-3.0.2-py3.10.egg-info/top_level.txt
[6.334s] -- Installing: /home/user/robo/sb-robot/microros_ws/src/install/complex_msgs/local/lib/python3.10/dist-packages/complex_msgs-3.0.2-py3.10.egg-info/dependency_links.txt
[6.334s] -- Installing: /home/user/robo/sb-robot/microros_ws/src/install/complex_msgs/local/lib/python3.10/dist-packages/complex_msgs-3.0.2-py3.10.egg-info/PKG-INFO
[6.334s] -- Installing: /home/user/robo/sb-robot/microros_ws/src/install/complex_msgs/local/lib/python3.10/dist-packages/complex_msgs-3.0.2-py3.10.egg-info/SOURCES.txt
[6.335s] -- Installing: /home/user/robo/sb-robot/microros_ws/src/install/complex_msgs/local/lib/python3.10/dist-packages/complex_msgs
[6.335s] -- Installing: /home/user/robo/sb-robot/microros_ws/src/install/complex_msgs/local/lib/python3.10/dist-packages/complex_msgs/complex_msgs_s__rosidl_typesupport_c.cpython-310-x86_64-linux-gnu.so
[6.335s] -- Installing: /home/user/robo/sb-robot/microros_ws/src/install/complex_msgs/local/lib/python3.10/dist-packages/complex_msgs/_complex_msgs_s.ep.rosidl_typesupport_c.c
[6.335s] -- Installing: /home/user/robo/sb-robot/microros_ws/src/install/complex_msgs/local/lib/python3.10/dist-packages/complex_msgs/complex_msgs_s__rosidl_typesupport_introspection_c.cpython-310-x86_64-linux-gnu.so
[6.335s] -- Installing: /home/user/robo/sb-robot/microros_ws/src/install/complex_msgs/local/lib/python3.10/dist-packages/complex_msgs/__init__.py
[6.335s] -- Installing: /home/user/robo/sb-robot/microros_ws/src/install/complex_msgs/local/lib/python3.10/dist-packages/complex_msgs/_complex_msgs_s.ep.rosidl_typesupport_fastrtps_c.c
[6.335s] -- Installing: /home/user/robo/sb-robot/microros_ws/src/install/complex_msgs/local/lib/python3.10/dist-packages/complex_msgs/_complex_msgs_s.ep.rosidl_typesupport_introspection_c.c
[6.335s] -- Installing: /home/user/robo/sb-robot/microros_ws/src/install/complex_msgs/local/lib/python3.10/dist-packages/complex_msgs/msg
[6.335s] -- Installing: /home/user/robo/sb-robot/microros_ws/src/install/complex_msgs/local/lib/python3.10/dist-packages/complex_msgs/msg/_nested_msg_test.py
[6.336s] -- Installing: /home/user/robo/sb-robot/microros_ws/src/install/complex_msgs/local/lib/python3.10/dist-packages/complex_msgs/msg/_multi_string_test_s.c
[6.336s] -- Installing: /home/user/robo/sb-robot/microros_ws/src/install/complex_msgs/local/lib/python3.10/dist-packages/complex_msgs/msg/_multi_string_test.py
[6.336s] -- Installing: /home/user/robo/sb-robot/microros_ws/src/install/complex_msgs/local/lib/python3.10/dist-packages/complex_msgs/msg/__init__.py
[6.336s] -- Installing: /home/user/robo/sb-robot/microros_ws/src/install/complex_msgs/local/lib/python3.10/dist-packages/complex_msgs/msg/_nested_msg_test_s.c
[6.336s] -- Installing: /home/user/robo/sb-robot/microros_ws/src/install/complex_msgs/local/lib/python3.10/dist-packages/complex_msgs/complex_msgs_s__rosidl_typesupport_fastrtps_c.cpython-310-x86_64-linux-gnu.so
[6.336s] -- Installing: /home/user/robo/sb-robot/microros_ws/src/install/complex_msgs/local/lib/python3.10/dist-packages/complex_msgs/libcomplex_msgs__rosidl_generator_py.so
[6.385s] Listing '/home/user/robo/sb-robot/microros_ws/src/install/complex_msgs/local/lib/python3.10/dist-packages/complex_msgs'...
[6.385s] Compiling '/home/user/robo/sb-robot/microros_ws/src/install/complex_msgs/local/lib/python3.10/dist-packages/complex_msgs/__init__.py'...
[6.385s] Listing '/home/user/robo/sb-robot/microros_ws/src/install/complex_msgs/local/lib/python3.10/dist-packages/complex_msgs/msg'...
[6.385s] Compiling '/home/user/robo/sb-robot/microros_ws/src/install/complex_msgs/local/lib/python3.10/dist-packages/complex_msgs/msg/__init__.py'...
[6.385s] Compiling '/home/user/robo/sb-robot/microros_ws/src/install/complex_msgs/local/lib/python3.10/dist-packages/complex_msgs/msg/_multi_string_test.py'...
[6.385s] Compiling '/home/user/robo/sb-robot/microros_ws/src/install/complex_msgs/local/lib/python3.10/dist-packages/complex_msgs/msg/_nested_msg_test.py'...
[6.391s] -- Installing: /home/user/robo/sb-robot/microros_ws/src/install/complex_msgs/local/lib/python3.10/dist-packages/complex_msgs/complex_msgs_s__rosidl_typesupport_fastrtps_c.cpython-310-x86_64-linux-gnu.so
[6.391s] -- Set runtime path of "/home/user/robo/sb-robot/microros_ws/src/install/complex_msgs/local/lib/python3.10/dist-packages/complex_msgs/complex_msgs_s__rosidl_typesupport_fastrtps_c.cpython-310-x86_64-linux-gnu.so" to ""
[6.391s] -- Installing: /home/user/robo/sb-robot/microros_ws/src/install/complex_msgs/local/lib/python3.10/dist-packages/complex_msgs/complex_msgs_s__rosidl_typesupport_introspection_c.cpython-310-x86_64-linux-gnu.so
[6.392s] -- Set runtime path of "/home/user/robo/sb-robot/microros_ws/src/install/complex_msgs/local/lib/python3.10/dist-packages/complex_msgs/complex_msgs_s__rosidl_typesupport_introspection_c.cpython-310-x86_64-linux-gnu.so" to ""
[6.392s] -- Installing: /home/user/robo/sb-robot/microros_ws/src/install/complex_msgs/local/lib/python3.10/dist-packages/complex_msgs/complex_msgs_s__rosidl_typesupport_c.cpython-310-x86_64-linux-gnu.so
[6.392s] -- Set runtime path of "/home/user/robo/sb-robot/microros_ws/src/install/complex_msgs/local/lib/python3.10/dist-packages/complex_msgs/complex_msgs_s__rosidl_typesupport_c.cpython-310-x86_64-linux-gnu.so" to ""
[6.392s] -- Installing: /home/user/robo/sb-robot/microros_ws/src/install/complex_msgs/lib/libcomplex_msgs__rosidl_generator_py.so
[6.393s] -- Set runtime path of "/home/user/robo/sb-robot/microros_ws/src/install/complex_msgs/lib/libcomplex_msgs__rosidl_generator_py.so" to ""
[6.393s] -- Installing: /home/user/robo/sb-robot/microros_ws/src/install/complex_msgs/share/complex_msgs/msg/MultiStringTest.idl
[6.393s] -- Installing: /home/user/robo/sb-robot/microros_ws/src/install/complex_msgs/share/complex_msgs/msg/NestedMsgTest.idl
[6.393s] -- Installing: /home/user/robo/sb-robot/microros_ws/src/install/complex_msgs/share/complex_msgs/msg/MultiStringTest.msg
[6.394s] -- Installing: /home/user/robo/sb-robot/microros_ws/src/install/complex_msgs/share/complex_msgs/msg/NestedMsgTest.msg
[6.394s] -- Installing: /home/user/robo/sb-robot/microros_ws/src/install/complex_msgs/share/ament_index/resource_index/package_run_dependencies/complex_msgs
[6.394s] -- Installing: /home/user/robo/sb-robot/microros_ws/src/install/complex_msgs/share/ament_index/resource_index/parent_prefix_path/complex_msgs
[6.394s] -- Installing: /home/user/robo/sb-robot/microros_ws/src/install/complex_msgs/share/complex_msgs/environment/ament_prefix_path.sh
[6.394s] -- Installing: /home/user/robo/sb-robot/microros_ws/src/install/complex_msgs/share/complex_msgs/environment/ament_prefix_path.dsv
[6.394s] -- Installing: /home/user/robo/sb-robot/microros_ws/src/install/complex_msgs/share/complex_msgs/environment/path.sh
[6.395s] -- Installing: /home/user/robo/sb-robot/microros_ws/src/install/complex_msgs/share/complex_msgs/environment/path.dsv
[6.395s] -- Installing: /home/user/robo/sb-robot/microros_ws/src/install/complex_msgs/share/complex_msgs/local_setup.bash
[6.395s] -- Installing: /home/user/robo/sb-robot/microros_ws/src/install/complex_msgs/share/complex_msgs/local_setup.sh
[6.395s] -- Installing: /home/user/robo/sb-robot/microros_ws/src/install/complex_msgs/share/complex_msgs/local_setup.zsh
[6.395s] -- Installing: /home/user/robo/sb-robot/microros_ws/src/install/complex_msgs/share/complex_msgs/local_setup.dsv
[6.395s] -- Installing: /home/user/robo/sb-robot/microros_ws/src/install/complex_msgs/share/complex_msgs/package.dsv
[6.396s] -- Installing: /home/user/robo/sb-robot/microros_ws/src/install/complex_msgs/share/ament_index/resource_index/packages/complex_msgs
[6.396s] -- Installing: /home/user/robo/sb-robot/microros_ws/src/install/complex_msgs/share/complex_msgs/cmake/export_complex_msgs__rosidl_generator_cExport.cmake
[6.396s] -- Installing: /home/user/robo/sb-robot/microros_ws/src/install/complex_msgs/share/complex_msgs/cmake/export_complex_msgs__rosidl_generator_cExport-noconfig.cmake
[6.396s] -- Installing: /home/user/robo/sb-robot/microros_ws/src/install/complex_msgs/share/complex_msgs/cmake/export_complex_msgs__rosidl_typesupport_fastrtps_cExport.cmake
[6.396s] -- Installing: /home/user/robo/sb-robot/microros_ws/src/install/complex_msgs/share/complex_msgs/cmake/export_complex_msgs__rosidl_typesupport_fastrtps_cExport-noconfig.cmake
[6.397s] -- Installing: /home/user/robo/sb-robot/microros_ws/src/install/complex_msgs/share/complex_msgs/cmake/export_complex_msgs__rosidl_generator_cppExport.cmake
[6.397s] -- Installing: /home/user/robo/sb-robot/microros_ws/src/install/complex_msgs/share/complex_msgs/cmake/export_complex_msgs__rosidl_typesupport_fastrtps_cppExport.cmake
[6.397s] -- Installing: /home/user/robo/sb-robot/microros_ws/src/install/complex_msgs/share/complex_msgs/cmake/export_complex_msgs__rosidl_typesupport_fastrtps_cppExport-noconfig.cmake
[6.398s] -- Installing: /home/user/robo/sb-robot/microros_ws/src/install/complex_msgs/share/complex_msgs/cmake/complex_msgs__rosidl_typesupport_introspection_cExport.cmake
[6.398s] -- Installing: /home/user/robo/sb-robot/microros_ws/src/install/complex_msgs/share/complex_msgs/cmake/complex_msgs__rosidl_typesupport_introspection_cExport-noconfig.cmake
[6.398s] -- Installing: /home/user/robo/sb-robot/microros_ws/src/install/complex_msgs/share/complex_msgs/cmake/complex_msgs__rosidl_typesupport_cExport.cmake
[6.398s] -- Installing: /home/user/robo/sb-robot/microros_ws/src/install/complex_msgs/share/complex_msgs/cmake/complex_msgs__rosidl_typesupport_cExport-noconfig.cmake
[6.398s] -- Installing: /home/user/robo/sb-robot/microros_ws/src/install/complex_msgs/share/complex_msgs/cmake/complex_msgs__rosidl_typesupport_introspection_cppExport.cmake
[6.398s] -- Installing: /home/user/robo/sb-robot/microros_ws/src/install/complex_msgs/share/complex_msgs/cmake/complex_msgs__rosidl_typesupport_introspection_cppExport-noconfig.cmake
[6.399s] -- Installing: /home/user/robo/sb-robot/microros_ws/src/install/complex_msgs/share/complex_msgs/cmake/complex_msgs__rosidl_typesupport_cppExport.cmake
[6.399s] -- Installing: /home/user/robo/sb-robot/microros_ws/src/install/complex_msgs/share/complex_msgs/cmake/complex_msgs__rosidl_typesupport_cppExport-noconfig.cmake
[6.399s] -- Installing: /home/user/robo/sb-robot/microros_ws/src/install/complex_msgs/share/complex_msgs/cmake/export_complex_msgs__rosidl_generator_pyExport.cmake
[6.399s] -- Installing: /home/user/robo/sb-robot/microros_ws/src/install/complex_msgs/share/complex_msgs/cmake/export_complex_msgs__rosidl_generator_pyExport-noconfig.cmake
[6.399s] -- Installing: /home/user/robo/sb-robot/microros_ws/src/install/complex_msgs/share/complex_msgs/cmake/rosidl_cmake-extras.cmake
[6.399s] -- Installing: /home/user/robo/sb-robot/microros_ws/src/install/complex_msgs/share/complex_msgs/cmake/ament_cmake_export_dependencies-extras.cmake
[6.399s] -- Installing: /home/user/robo/sb-robot/microros_ws/src/install/complex_msgs/share/complex_msgs/cmake/ament_cmake_export_include_directories-extras.cmake
[6.400s] -- Installing: /home/user/robo/sb-robot/microros_ws/src/install/complex_msgs/share/complex_msgs/cmake/ament_cmake_export_libraries-extras.cmake
[6.400s] -- Installing: /home/user/robo/sb-robot/microros_ws/src/install/complex_msgs/share/complex_msgs/cmake/ament_cmake_export_targets-extras.cmake
[6.400s] -- Installing: /home/user/robo/sb-robot/microros_ws/src/install/complex_msgs/share/complex_msgs/cmake/rosidl_cmake_export_typesupport_targets-extras.cmake
[6.400s] -- Installing: /home/user/robo/sb-robot/microros_ws/src/install/complex_msgs/share/complex_msgs/cmake/rosidl_cmake_export_typesupport_libraries-extras.cmake
[6.400s] -- Installing: /home/user/robo/sb-robot/microros_ws/src/install/complex_msgs/share/complex_msgs/cmake/complex_msgsConfig.cmake
[6.400s] -- Installing: /home/user/robo/sb-robot/microros_ws/src/install/complex_msgs/share/complex_msgs/cmake/complex_msgsConfig-version.cmake
[6.401s] -- Installing: /home/user/robo/sb-robot/microros_ws/src/install/complex_msgs/share/complex_msgs/package.xml
[6.404s] Invoked command in '/home/user/robo/sb-robot/microros_ws/src/build/complex_msgs' returned '0': AMENT_PREFIX_PATH=/home/user/robo/sb-robot/microros_ws/src/install/builtin_interfaces:${AMENT_PREFIX_PATH} CMAKE_PREFIX_PATH=/home/user/robo/sb-robot/microros_ws/src/install/builtin_interfaces:/home/user/robo/sb-robot/microros_ws/install/micro_ros_setup:/home/user/robo/sb-robot/microros_ws/install/micro_ros_agent:/home/user/robo/sb-robot/microros_ws/install/micro_ros_msgs:/home/user/robo/sb-robot/microros_ws/install/builtin_interfaces:/opt/ros/humble LD_LIBRARY_PATH=/home/user/robo/sb-robot/microros_ws/src/install/builtin_interfaces/lib:${LD_LIBRARY_PATH} PYTHONPATH=/home/user/robo/sb-robot/microros_ws/src/install/builtin_interfaces/local/lib/python3.10/dist-packages:${PYTHONPATH} /usr/bin/cmake --install /home/user/robo/sb-robot/microros_ws/src/build/complex_msgs
