[0.017s] Invoking command in '/home/user/robo/sb-robot/microros_ws/build/shape_msgs': AMENT_PREFIX_PATH=/home/user/robo/sb-robot/microros_ws/install/geometry_msgs:/home/user/robo/sb-robot/microros_ws/install/std_msgs:${AMENT_PREFIX_PATH} CMAKE_PREFIX_PATH=/home/user/robo/sb-robot/microros_ws/install/geometry_msgs:/home/user/robo/sb-robot/microros_ws/install/std_msgs:/home/user/robo/sb-robot/microros_ws/install/builtin_interfaces:/home/user/robo/sb-robot/microros_ws/src/install/action_msgs:/home/user/robo/sb-robot/microros_ws/src/install/unique_identifier_msgs:/home/user/robo/sb-robot/microros_ws/src/install/std_srvs:/home/user/robo/sb-robot/microros_ws/src/install/statistics_msgs:/home/user/robo/sb-robot/microros_ws/src/install/rmw_microxrcedds:/home/user/robo/sb-robot/microros_ws/src/install/rosidl_typesupport_microxrcedds_cpp:/home/user/robo/sb-robot/microros_ws/src/install/rosidl_typesupport_microxrcedds_c:/home/user/robo/sb-robot/microros_ws/src/install/rosgraph_msgs:/home/user/robo/sb-robot/microros_ws/src/install/microxrcedds_client:/home/user/robo/sb-robot/microros_ws/src/install/microcdr:/home/user/robo/sb-robot/microros_ws/src/install/micro_ros_utilities:/home/user/robo/sb-robot/microros_ws/src/install/micro_ros_setup:/home/user/robo/sb-robot/microros_ws/src/install/micro_ros_msgs:/home/user/robo/sb-robot/microros_ws/src/install/lifecycle_msgs:/home/user/robo/sb-robot/microros_ws/src/install/complex_msgs:/home/user/robo/sb-robot/microros_ws/src/install/builtin_interfaces:/home/user/robo/sb-robot/microros_ws/install/micro_ros_setup:/home/user/robo/sb-robot/microros_ws/install/micro_ros_agent:/home/user/robo/sb-robot/microros_ws/install/micro_ros_msgs:/opt/ros/humble LD_LIBRARY_PATH=/home/user/robo/sb-robot/microros_ws/install/geometry_msgs/lib:/home/user/robo/sb-robot/microros_ws/install/std_msgs/lib:/home/user/robo/sb-robot/microros_ws/install/builtin_interfaces/lib:/home/user/robo/sb-robot/microros_ws/src/install/action_msgs/lib:/home/user/robo/sb-robot/microros_ws/src/install/unique_identifier_msgs/lib:/home/user/robo/sb-robot/microros_ws/src/install/std_srvs/lib:/home/user/robo/sb-robot/microros_ws/src/install/statistics_msgs/lib:/home/user/robo/sb-robot/microros_ws/src/install/rmw_microxrcedds/lib:/home/user/robo/sb-robot/microros_ws/src/install/rosidl_typesupport_microxrcedds_cpp/lib:/home/user/robo/sb-robot/microros_ws/src/install/rosidl_typesupport_microxrcedds_c/lib:/home/user/robo/sb-robot/microros_ws/src/install/rosgraph_msgs/lib:/home/user/robo/sb-robot/microros_ws/src/install/microxrcedds_client/lib:/home/user/robo/sb-robot/microros_ws/src/install/microcdr/lib:/home/user/robo/sb-robot/microros_ws/src/install/micro_ros_utilities/lib:/home/user/robo/sb-robot/microros_ws/src/install/micro_ros_msgs/lib:/home/user/robo/sb-robot/microros_ws/src/install/lifecycle_msgs/lib:/home/user/robo/sb-robot/microros_ws/src/install/complex_msgs/lib:/home/user/robo/sb-robot/microros_ws/src/install/builtin_interfaces/lib:/home/user/robo/sb-robot/microros_ws/install/micro_ros_agent/lib:/home/user/robo/sb-robot/microros_ws/install/micro_ros_msgs/lib:/usr/lib/x86_64-linux-gnu/gazebo-11/plugins:/opt/ros/humble/opt/rviz_ogre_vendor/lib:/opt/ros/humble/lib/x86_64-linux-gnu:/opt/ros/humble/lib PYTHONPATH=/home/user/robo/sb-robot/microros_ws/install/geometry_msgs/local/lib/python3.10/dist-packages:/home/user/robo/sb-robot/microros_ws/install/std_msgs/local/lib/python3.10/dist-packages:${PYTHONPATH} /usr/bin/cmake /home/user/robo/sb-robot/microros_ws/src/ros2/common_interfaces/shape_msgs -DCMAKE_INSTALL_PREFIX=/home/user/robo/sb-robot/microros_ws/install/shape_msgs
[0.064s] -- The C compiler identification is GNU 11.4.0
[0.110s] -- The CXX compiler identification is GNU 11.4.0
[0.115s] -- Detecting C compiler ABI info
[0.177s] -- Detecting C compiler ABI info - done
[0.181s] -- Check for working C compiler: /usr/bin/cc - skipped
[0.181s] -- Detecting C compile features
[0.181s] -- Detecting C compile features - done
[0.183s] -- Detecting CXX compiler ABI info
[0.243s] -- Detecting CXX compiler ABI info - done
[0.248s] -- Check for working CXX compiler: /usr/bin/c++ - skipped
[0.248s] -- Detecting CXX compile features
[0.248s] -- Detecting CXX compile features - done
[0.251s] -- Found ament_cmake: 1.3.11 (/opt/ros/humble/share/ament_cmake/cmake)
[0.367s] -- Found Python3: /usr/bin/python3 (found version "3.10.12") found components: Interpreter 
[0.443s] -- Found geometry_msgs: 4.2.4 (/home/user/robo/sb-robot/microros_ws/install/geometry_msgs/share/geometry_msgs/cmake)
[0.480s] -- Found rosidl_generator_c: 3.1.6 (/opt/ros/humble/share/rosidl_generator_c/cmake)
[0.485s] -- Found rosidl_adapter: 3.1.6 (/opt/ros/humble/share/rosidl_adapter/cmake)
[0.492s] -- Found rosidl_generator_cpp: 3.1.6 (/opt/ros/humble/share/rosidl_generator_cpp/cmake)
[0.501s] -- Using all available rosidl_typesupport_c: rosidl_typesupport_microxrcedds_c;rosidl_typesupport_fastrtps_c;rosidl_typesupport_introspection_c
[0.519s] -- Using all available rosidl_typesupport_cpp: rosidl_typesupport_microxrcedds_cpp;rosidl_typesupport_fastrtps_cpp;rosidl_typesupport_introspection_cpp
[0.552s] -- Found rosidl_default_generators: 1.2.0 (/opt/ros/humble/share/rosidl_default_generators/cmake)
[0.800s] -- Found ament_cmake_cppcheck: 0.12.11 (/opt/ros/humble/share/ament_cmake_cppcheck/cmake)
[0.804s] -- Found ament_cmake_cpplint: 0.12.11 (/opt/ros/humble/share/ament_cmake_cpplint/cmake)
[0.809s] -- Found ament_cmake_uncrustify: 0.12.11 (/opt/ros/humble/share/ament_cmake_uncrustify/cmake)
[0.813s] -- Found ament_cmake_ros: 0.10.0 (/opt/ros/humble/share/ament_cmake_ros/cmake)
[1.300s] -- Using all available rosidl_typesupport_c: rosidl_typesupport_microxrcedds_c;rosidl_typesupport_fastrtps_c;rosidl_typesupport_introspection_c
[1.484s] -- Using all available rosidl_typesupport_cpp: rosidl_typesupport_microxrcedds_cpp;rosidl_typesupport_fastrtps_cpp;rosidl_typesupport_introspection_cpp
[1.503s] -- Found PythonInterp: /usr/bin/python3 (found suitable version "3.10.12", minimum required is "3.6") 
[1.505s] -- Found python_cmake_module: 0.10.0 (/opt/ros/humble/share/python_cmake_module/cmake)
[1.526s] -- Found PythonLibs: /usr/lib/x86_64-linux-gnu/libpython3.10.so (found suitable version "3.10.12", minimum required is "3.5") 
[1.526s] -- Using PYTHON_EXECUTABLE: /usr/bin/python3
[1.526s] -- Using PYTHON_INCLUDE_DIRS: /usr/include/python3.10
[1.526s] -- Using PYTHON_LIBRARIES: /usr/lib/x86_64-linux-gnu/libpython3.10.so
[1.544s] -- Found PythonExtra: .so  
[1.596s] -- Found ament_cmake_flake8: 0.12.11 (/opt/ros/humble/share/ament_cmake_flake8/cmake)
[1.599s] -- Found ament_cmake_pep257: 0.12.11 (/opt/ros/humble/share/ament_cmake_pep257/cmake)
[1.605s] -- Configuring done
[1.642s] -- Generating done
[1.652s] -- Build files have been written to: /home/user/robo/sb-robot/microros_ws/build/shape_msgs
[1.663s] Invoked command in '/home/user/robo/sb-robot/microros_ws/build/shape_msgs' returned '0': AMENT_PREFIX_PATH=/home/user/robo/sb-robot/microros_ws/install/geometry_msgs:/home/user/robo/sb-robot/microros_ws/install/std_msgs:${AMENT_PREFIX_PATH} CMAKE_PREFIX_PATH=/home/user/robo/sb-robot/microros_ws/install/geometry_msgs:/home/user/robo/sb-robot/microros_ws/install/std_msgs:/home/user/robo/sb-robot/microros_ws/install/builtin_interfaces:/home/user/robo/sb-robot/microros_ws/src/install/action_msgs:/home/user/robo/sb-robot/microros_ws/src/install/unique_identifier_msgs:/home/user/robo/sb-robot/microros_ws/src/install/std_srvs:/home/user/robo/sb-robot/microros_ws/src/install/statistics_msgs:/home/user/robo/sb-robot/microros_ws/src/install/rmw_microxrcedds:/home/user/robo/sb-robot/microros_ws/src/install/rosidl_typesupport_microxrcedds_cpp:/home/user/robo/sb-robot/microros_ws/src/install/rosidl_typesupport_microxrcedds_c:/home/user/robo/sb-robot/microros_ws/src/install/rosgraph_msgs:/home/user/robo/sb-robot/microros_ws/src/install/microxrcedds_client:/home/user/robo/sb-robot/microros_ws/src/install/microcdr:/home/user/robo/sb-robot/microros_ws/src/install/micro_ros_utilities:/home/user/robo/sb-robot/microros_ws/src/install/micro_ros_setup:/home/user/robo/sb-robot/microros_ws/src/install/micro_ros_msgs:/home/user/robo/sb-robot/microros_ws/src/install/lifecycle_msgs:/home/user/robo/sb-robot/microros_ws/src/install/complex_msgs:/home/user/robo/sb-robot/microros_ws/src/install/builtin_interfaces:/home/user/robo/sb-robot/microros_ws/install/micro_ros_setup:/home/user/robo/sb-robot/microros_ws/install/micro_ros_agent:/home/user/robo/sb-robot/microros_ws/install/micro_ros_msgs:/opt/ros/humble LD_LIBRARY_PATH=/home/user/robo/sb-robot/microros_ws/install/geometry_msgs/lib:/home/user/robo/sb-robot/microros_ws/install/std_msgs/lib:/home/user/robo/sb-robot/microros_ws/install/builtin_interfaces/lib:/home/user/robo/sb-robot/microros_ws/src/install/action_msgs/lib:/home/user/robo/sb-robot/microros_ws/src/install/unique_identifier_msgs/lib:/home/user/robo/sb-robot/microros_ws/src/install/std_srvs/lib:/home/user/robo/sb-robot/microros_ws/src/install/statistics_msgs/lib:/home/user/robo/sb-robot/microros_ws/src/install/rmw_microxrcedds/lib:/home/user/robo/sb-robot/microros_ws/src/install/rosidl_typesupport_microxrcedds_cpp/lib:/home/user/robo/sb-robot/microros_ws/src/install/rosidl_typesupport_microxrcedds_c/lib:/home/user/robo/sb-robot/microros_ws/src/install/rosgraph_msgs/lib:/home/user/robo/sb-robot/microros_ws/src/install/microxrcedds_client/lib:/home/user/robo/sb-robot/microros_ws/src/install/microcdr/lib:/home/user/robo/sb-robot/microros_ws/src/install/micro_ros_utilities/lib:/home/user/robo/sb-robot/microros_ws/src/install/micro_ros_msgs/lib:/home/user/robo/sb-robot/microros_ws/src/install/lifecycle_msgs/lib:/home/user/robo/sb-robot/microros_ws/src/install/complex_msgs/lib:/home/user/robo/sb-robot/microros_ws/src/install/builtin_interfaces/lib:/home/user/robo/sb-robot/microros_ws/install/micro_ros_agent/lib:/home/user/robo/sb-robot/microros_ws/install/micro_ros_msgs/lib:/usr/lib/x86_64-linux-gnu/gazebo-11/plugins:/opt/ros/humble/opt/rviz_ogre_vendor/lib:/opt/ros/humble/lib/x86_64-linux-gnu:/opt/ros/humble/lib PYTHONPATH=/home/user/robo/sb-robot/microros_ws/install/geometry_msgs/local/lib/python3.10/dist-packages:/home/user/robo/sb-robot/microros_ws/install/std_msgs/local/lib/python3.10/dist-packages:${PYTHONPATH} /usr/bin/cmake /home/user/robo/sb-robot/microros_ws/src/ros2/common_interfaces/shape_msgs -DCMAKE_INSTALL_PREFIX=/home/user/robo/sb-robot/microros_ws/install/shape_msgs
[1.664s] Invoking command in '/home/user/robo/sb-robot/microros_ws/build/shape_msgs': AMENT_PREFIX_PATH=/home/user/robo/sb-robot/microros_ws/install/geometry_msgs:/home/user/robo/sb-robot/microros_ws/install/std_msgs:${AMENT_PREFIX_PATH} CMAKE_PREFIX_PATH=/home/user/robo/sb-robot/microros_ws/install/geometry_msgs:/home/user/robo/sb-robot/microros_ws/install/std_msgs:/home/user/robo/sb-robot/microros_ws/install/builtin_interfaces:/home/user/robo/sb-robot/microros_ws/src/install/action_msgs:/home/user/robo/sb-robot/microros_ws/src/install/unique_identifier_msgs:/home/user/robo/sb-robot/microros_ws/src/install/std_srvs:/home/user/robo/sb-robot/microros_ws/src/install/statistics_msgs:/home/user/robo/sb-robot/microros_ws/src/install/rmw_microxrcedds:/home/user/robo/sb-robot/microros_ws/src/install/rosidl_typesupport_microxrcedds_cpp:/home/user/robo/sb-robot/microros_ws/src/install/rosidl_typesupport_microxrcedds_c:/home/user/robo/sb-robot/microros_ws/src/install/rosgraph_msgs:/home/user/robo/sb-robot/microros_ws/src/install/microxrcedds_client:/home/user/robo/sb-robot/microros_ws/src/install/microcdr:/home/user/robo/sb-robot/microros_ws/src/install/micro_ros_utilities:/home/user/robo/sb-robot/microros_ws/src/install/micro_ros_setup:/home/user/robo/sb-robot/microros_ws/src/install/micro_ros_msgs:/home/user/robo/sb-robot/microros_ws/src/install/lifecycle_msgs:/home/user/robo/sb-robot/microros_ws/src/install/complex_msgs:/home/user/robo/sb-robot/microros_ws/src/install/builtin_interfaces:/home/user/robo/sb-robot/microros_ws/install/micro_ros_setup:/home/user/robo/sb-robot/microros_ws/install/micro_ros_agent:/home/user/robo/sb-robot/microros_ws/install/micro_ros_msgs:/opt/ros/humble LD_LIBRARY_PATH=/home/user/robo/sb-robot/microros_ws/install/geometry_msgs/lib:/home/user/robo/sb-robot/microros_ws/install/std_msgs/lib:/home/user/robo/sb-robot/microros_ws/install/builtin_interfaces/lib:/home/user/robo/sb-robot/microros_ws/src/install/action_msgs/lib:/home/user/robo/sb-robot/microros_ws/src/install/unique_identifier_msgs/lib:/home/user/robo/sb-robot/microros_ws/src/install/std_srvs/lib:/home/user/robo/sb-robot/microros_ws/src/install/statistics_msgs/lib:/home/user/robo/sb-robot/microros_ws/src/install/rmw_microxrcedds/lib:/home/user/robo/sb-robot/microros_ws/src/install/rosidl_typesupport_microxrcedds_cpp/lib:/home/user/robo/sb-robot/microros_ws/src/install/rosidl_typesupport_microxrcedds_c/lib:/home/user/robo/sb-robot/microros_ws/src/install/rosgraph_msgs/lib:/home/user/robo/sb-robot/microros_ws/src/install/microxrcedds_client/lib:/home/user/robo/sb-robot/microros_ws/src/install/microcdr/lib:/home/user/robo/sb-robot/microros_ws/src/install/micro_ros_utilities/lib:/home/user/robo/sb-robot/microros_ws/src/install/micro_ros_msgs/lib:/home/user/robo/sb-robot/microros_ws/src/install/lifecycle_msgs/lib:/home/user/robo/sb-robot/microros_ws/src/install/complex_msgs/lib:/home/user/robo/sb-robot/microros_ws/src/install/builtin_interfaces/lib:/home/user/robo/sb-robot/microros_ws/install/micro_ros_agent/lib:/home/user/robo/sb-robot/microros_ws/install/micro_ros_msgs/lib:/usr/lib/x86_64-linux-gnu/gazebo-11/plugins:/opt/ros/humble/opt/rviz_ogre_vendor/lib:/opt/ros/humble/lib/x86_64-linux-gnu:/opt/ros/humble/lib PYTHONPATH=/home/user/robo/sb-robot/microros_ws/install/geometry_msgs/local/lib/python3.10/dist-packages:/home/user/robo/sb-robot/microros_ws/install/std_msgs/local/lib/python3.10/dist-packages:${PYTHONPATH} /usr/bin/cmake --build /home/user/robo/sb-robot/microros_ws/build/shape_msgs -- -j20 -l20
[1.699s] [  1%] [34m[1mGenerating C code for ROS interfaces[0m
[1.710s] [  2%] [34m[1mGenerating C++ code for ROS interfaces[0m
[1.717s] [  2%] Built target ament_cmake_python_copy_shape_msgs
[1.910s] running egg_info
[1.910s] creating shape_msgs.egg-info
[1.910s] writing shape_msgs.egg-info/PKG-INFO
[1.911s] writing dependency_links to shape_msgs.egg-info/dependency_links.txt
[1.911s] writing top-level names to shape_msgs.egg-info/top_level.txt
[1.911s] writing manifest file 'shape_msgs.egg-info/SOURCES.txt'
[1.912s] reading manifest file 'shape_msgs.egg-info/SOURCES.txt'
[1.913s] writing manifest file 'shape_msgs.egg-info/SOURCES.txt'
[1.939s] [  2%] Built target ament_cmake_python_build_shape_msgs_egg
[2.396s] [  2%] Built target shape_msgs__cpp
[2.438s] [  4%] [34m[1mGenerating C++ type support dispatch for ROS interfaces[0m
[2.443s] [  5%] [34m[1mGenerating C++ type support for eProsima Fast-RTPS[0m
[2.443s] [  7%] [34m[1mGenerating C++ introspection for ROS interfaces[0m
[2.452s] [  8%] [34m[1mGenerating C++ type support for eProsima Micro XRCE-DDS[0m
[2.556s] [ 10%] [32mBuilding C object CMakeFiles/shape_msgs__rosidl_generator_c.dir/rosidl_generator_c/shape_msgs/msg/detail/mesh__functions.c.o[0m
[2.557s] [ 13%] [32mBuilding C object CMakeFiles/shape_msgs__rosidl_generator_c.dir/rosidl_generator_c/shape_msgs/msg/detail/mesh_triangle__functions.c.o[0m
[2.557s] [ 11%] [32mBuilding C object CMakeFiles/shape_msgs__rosidl_generator_c.dir/rosidl_generator_c/shape_msgs/msg/detail/plane__functions.c.o[0m
[2.563s] [ 14%] [32mBuilding C object CMakeFiles/shape_msgs__rosidl_generator_c.dir/rosidl_generator_c/shape_msgs/msg/detail/solid_primitive__functions.c.o[0m
[2.785s] [ 15%] [32m[1mLinking C shared library libshape_msgs__rosidl_generator_c.so[0m
[2.909s] [ 15%] Built target shape_msgs__rosidl_generator_c
[2.935s] [ 17%] [34m[1mGenerating C type support for eProsima Fast-RTPS[0m
[2.939s] [ 18%] [34m[1mGenerating C type support for eProsima Micro XRCE-DDS[0m
[2.940s] [ 20%] [34m[1mGenerating C introspection for ROS interfaces[0m
[2.951s] [ 21%] [34m[1mGenerating C type support dispatch for ROS interfaces[0m
[3.530s] [ 23%] [32mBuilding CXX object CMakeFiles/shape_msgs__rosidl_typesupport_introspection_cpp.dir/rosidl_typesupport_introspection_cpp/shape_msgs/msg/detail/mesh__type_support.cpp.o[0m
[3.552s] [ 24%] [32mBuilding CXX object CMakeFiles/shape_msgs__rosidl_typesupport_introspection_cpp.dir/rosidl_typesupport_introspection_cpp/shape_msgs/msg/detail/mesh_triangle__type_support.cpp.o[0m
[3.552s] [ 26%] [32mBuilding CXX object CMakeFiles/shape_msgs__rosidl_typesupport_introspection_cpp.dir/rosidl_typesupport_introspection_cpp/shape_msgs/msg/detail/plane__type_support.cpp.o[0m
[3.553s] [ 27%] [32mBuilding CXX object CMakeFiles/shape_msgs__rosidl_typesupport_introspection_cpp.dir/rosidl_typesupport_introspection_cpp/shape_msgs/msg/detail/solid_primitive__type_support.cpp.o[0m
[3.677s] [ 28%] [32mBuilding CXX object CMakeFiles/shape_msgs__rosidl_typesupport_fastrtps_cpp.dir/rosidl_typesupport_fastrtps_cpp/shape_msgs/msg/detail/dds_fastrtps/mesh__type_support.cpp.o[0m
[3.681s] [ 30%] [32mBuilding CXX object CMakeFiles/shape_msgs__rosidl_typesupport_fastrtps_cpp.dir/rosidl_typesupport_fastrtps_cpp/shape_msgs/msg/detail/dds_fastrtps/solid_primitive__type_support.cpp.o[0m
[3.686s] [ 31%] [32mBuilding CXX object CMakeFiles/shape_msgs__rosidl_typesupport_fastrtps_cpp.dir/rosidl_typesupport_fastrtps_cpp/shape_msgs/msg/detail/dds_fastrtps/plane__type_support.cpp.o[0m
[3.689s] [ 33%] [32mBuilding CXX object CMakeFiles/shape_msgs__rosidl_typesupport_fastrtps_cpp.dir/rosidl_typesupport_fastrtps_cpp/shape_msgs/msg/detail/dds_fastrtps/mesh_triangle__type_support.cpp.o[0m
[3.840s] [ 34%] [32mBuilding CXX object CMakeFiles/shape_msgs__rosidl_typesupport_cpp.dir/rosidl_typesupport_cpp/shape_msgs/msg/mesh__type_support.cpp.o[0m
[3.843s] [ 36%] [32mBuilding CXX object CMakeFiles/shape_msgs__rosidl_typesupport_cpp.dir/rosidl_typesupport_cpp/shape_msgs/msg/mesh_triangle__type_support.cpp.o[0m
[3.868s] [ 37%] [32mBuilding CXX object CMakeFiles/shape_msgs__rosidl_typesupport_cpp.dir/rosidl_typesupport_cpp/shape_msgs/msg/plane__type_support.cpp.o[0m
[3.877s] [ 39%] [32mBuilding CXX object CMakeFiles/shape_msgs__rosidl_typesupport_cpp.dir/rosidl_typesupport_cpp/shape_msgs/msg/solid_primitive__type_support.cpp.o[0m
[4.385s] [ 40%] [32mBuilding CXX object CMakeFiles/shape_msgs__rosidl_typesupport_fastrtps_c.dir/rosidl_typesupport_fastrtps_c/shape_msgs/msg/detail/mesh__type_support_c.cpp.o[0m
[4.397s] [ 42%] [32mBuilding CXX object CMakeFiles/shape_msgs__rosidl_typesupport_fastrtps_c.dir/rosidl_typesupport_fastrtps_c/shape_msgs/msg/detail/plane__type_support_c.cpp.o[0m
[4.403s] [ 43%] [32mBuilding CXX object CMakeFiles/shape_msgs__rosidl_typesupport_fastrtps_c.dir/rosidl_typesupport_fastrtps_c/shape_msgs/msg/detail/mesh_triangle__type_support_c.cpp.o[0m
[4.404s] [ 44%] [32mBuilding CXX object CMakeFiles/shape_msgs__rosidl_typesupport_fastrtps_c.dir/rosidl_typesupport_fastrtps_c/shape_msgs/msg/detail/solid_primitive__type_support_c.cpp.o[0m
[5.181s] [ 46%] [32mBuilding CXX object CMakeFiles/shape_msgs__rosidl_typesupport_microxrcedds_cpp.dir/rosidl_typesupport_microxrcedds_cpp/shape_msgs/msg/detail/microxrcedds/mesh__type_support_cpp.cpp.o[0m
[5.191s] [ 47%] [32mBuilding CXX object CMakeFiles/shape_msgs__rosidl_typesupport_microxrcedds_cpp.dir/rosidl_typesupport_microxrcedds_cpp/shape_msgs/msg/detail/microxrcedds/plane__type_support_cpp.cpp.o[0m
[5.212s] [ 49%] [32mBuilding CXX object CMakeFiles/shape_msgs__rosidl_typesupport_microxrcedds_cpp.dir/rosidl_typesupport_microxrcedds_cpp/shape_msgs/msg/detail/microxrcedds/mesh_triangle__type_support_cpp.cpp.o[0m
[5.337s] [ 50%] [32mBuilding CXX object CMakeFiles/shape_msgs__rosidl_typesupport_microxrcedds_cpp.dir/rosidl_typesupport_microxrcedds_cpp/shape_msgs/msg/detail/microxrcedds/solid_primitive__type_support_cpp.cpp.o[0m
[5.371s] [ 52%] [32m[1mLinking CXX shared library libshape_msgs__rosidl_typesupport_cpp.so[0m
[5.540s] [ 52%] Built target shape_msgs__rosidl_typesupport_cpp
[5.645s] [ 53%] [32mBuilding CXX object CMakeFiles/shape_msgs__rosidl_typesupport_c.dir/rosidl_typesupport_c/shape_msgs/msg/mesh_triangle__type_support.cpp.o[0m
[5.659s] [ 55%] [32mBuilding CXX object CMakeFiles/shape_msgs__rosidl_typesupport_c.dir/rosidl_typesupport_c/shape_msgs/msg/plane__type_support.cpp.o[0m
[5.674s] [ 56%] [32mBuilding CXX object CMakeFiles/shape_msgs__rosidl_typesupport_c.dir/rosidl_typesupport_c/shape_msgs/msg/mesh__type_support.cpp.o[0m
[5.682s] [ 57%] [32mBuilding CXX object CMakeFiles/shape_msgs__rosidl_typesupport_c.dir/rosidl_typesupport_c/shape_msgs/msg/solid_primitive__type_support.cpp.o[0m
[5.686s] [ 59%] [32mBuilding C object CMakeFiles/shape_msgs__rosidl_typesupport_introspection_c.dir/rosidl_typesupport_introspection_c/shape_msgs/msg/detail/mesh__type_support.c.o[0m
[5.805s] [ 60%] [32mBuilding C object CMakeFiles/shape_msgs__rosidl_typesupport_introspection_c.dir/rosidl_typesupport_introspection_c/shape_msgs/msg/detail/mesh_triangle__type_support.c.o[0m
[5.831s] [ 62%] [32mBuilding C object CMakeFiles/shape_msgs__rosidl_typesupport_introspection_c.dir/rosidl_typesupport_introspection_c/shape_msgs/msg/detail/plane__type_support.c.o[0m
[5.848s] [ 63%] [32mBuilding C object CMakeFiles/shape_msgs__rosidl_typesupport_introspection_c.dir/rosidl_typesupport_introspection_c/shape_msgs/msg/detail/solid_primitive__type_support.c.o[0m
[5.856s] [ 65%] [32m[1mLinking CXX shared library libshape_msgs__rosidl_typesupport_c.so[0m
[5.964s] [ 66%] [32mBuilding C object CMakeFiles/shape_msgs__rosidl_typesupport_microxrcedds_c.dir/rosidl_typesupport_microxrcedds_c/shape_msgs/msg/detail/microxrcedds/mesh_triangle__type_support_c.c.o[0m
[5.970s] [ 68%] [32mBuilding C object CMakeFiles/shape_msgs__rosidl_typesupport_microxrcedds_c.dir/rosidl_typesupport_microxrcedds_c/shape_msgs/msg/detail/microxrcedds/mesh__type_support_c.c.o[0m
[5.971s] [ 69%] [32mBuilding C object CMakeFiles/shape_msgs__rosidl_typesupport_microxrcedds_c.dir/rosidl_typesupport_microxrcedds_c/shape_msgs/msg/detail/microxrcedds/solid_primitive__type_support_c.c.o[0m
[5.991s] [ 71%] [32m[1mLinking C shared library libshape_msgs__rosidl_typesupport_introspection_c.so[0m
[5.991s] [ 72%] [32mBuilding C object CMakeFiles/shape_msgs__rosidl_typesupport_microxrcedds_c.dir/rosidl_typesupport_microxrcedds_c/shape_msgs/msg/detail/microxrcedds/plane__type_support_c.c.o[0m
[6.022s] [ 72%] Built target shape_msgs__rosidl_typesupport_c
[6.115s] [ 72%] Built target shape_msgs__rosidl_typesupport_introspection_c
[6.137s] [ 73%] [32m[1mLinking CXX shared library libshape_msgs__rosidl_typesupport_fastrtps_c.so[0m
[6.142s] [ 75%] [32m[1mLinking C shared library libshape_msgs__rosidl_typesupport_microxrcedds_c.so[0m
[6.156s] [ 76%] [32m[1mLinking CXX shared library libshape_msgs__rosidl_typesupport_introspection_cpp.so[0m
[6.230s] [ 78%] [32m[1mLinking CXX shared library libshape_msgs__rosidl_typesupport_fastrtps_cpp.so[0m
[6.261s] [ 78%] Built target shape_msgs__rosidl_typesupport_microxrcedds_c
[6.521s] [ 78%] Built target shape_msgs__rosidl_typesupport_fastrtps_c
[6.557s] [ 78%] Built target shape_msgs__rosidl_typesupport_introspection_cpp
[6.680s] [ 78%] Built target shape_msgs__rosidl_typesupport_fastrtps_cpp
[6.825s] [ 79%] [32m[1mLinking CXX shared library libshape_msgs__rosidl_typesupport_microxrcedds_cpp.so[0m
[7.017s] [ 79%] Built target shape_msgs__rosidl_typesupport_microxrcedds_cpp
[7.069s] [ 79%] Built target shape_msgs
[7.098s] [ 81%] [34m[1mGenerating Python code for ROS interfaces[0m
[9.138s] [ 81%] Built target shape_msgs__py
[9.215s] [ 82%] [32mBuilding C object CMakeFiles/shape_msgs__rosidl_generator_py.dir/rosidl_generator_py/shape_msgs/msg/_mesh_s.c.o[0m
[9.226s] [ 84%] [32mBuilding C object CMakeFiles/shape_msgs__rosidl_generator_py.dir/rosidl_generator_py/shape_msgs/msg/_mesh_triangle_s.c.o[0m
[9.237s] [ 85%] [32mBuilding C object CMakeFiles/shape_msgs__rosidl_generator_py.dir/rosidl_generator_py/shape_msgs/msg/_plane_s.c.o[0m
[9.419s] [ 86%] [32mBuilding C object CMakeFiles/shape_msgs__rosidl_generator_py.dir/rosidl_generator_py/shape_msgs/msg/_solid_primitive_s.c.o[0m
[9.698s] [ 88%] [32m[1mLinking C shared library rosidl_generator_py/shape_msgs/libshape_msgs__rosidl_generator_py.so[0m
[9.827s] [ 88%] Built target shape_msgs__rosidl_generator_py
[9.874s] [ 89%] [32mBuilding C object CMakeFiles/shape_msgs__rosidl_typesupport_introspection_c__pyext.dir/rosidl_generator_py/shape_msgs/_shape_msgs_s.ep.rosidl_typesupport_introspection_c.c.o[0m
[9.877s] [ 91%] [32mBuilding C object CMakeFiles/shape_msgs__rosidl_typesupport_microxrcedds_c__pyext.dir/rosidl_generator_py/shape_msgs/_shape_msgs_s.ep.rosidl_typesupport_microxrcedds_c.c.o[0m
[9.880s] [ 92%] [32mBuilding C object CMakeFiles/shape_msgs__rosidl_typesupport_fastrtps_c__pyext.dir/rosidl_generator_py/shape_msgs/_shape_msgs_s.ep.rosidl_typesupport_fastrtps_c.c.o[0m
[10.036s] [ 97%] [32m[1mLinking C shared library rosidl_generator_py/shape_msgs/shape_msgs_s__rosidl_typesupport_fastrtps_c.cpython-310-x86_64-linux-gnu.so[0m
[10.036s] [ 97%] [32m[1mLinking C shared library rosidl_generator_py/shape_msgs/shape_msgs_s__rosidl_typesupport_introspection_c.cpython-310-x86_64-linux-gnu.so[0m
[10.036s] [ 97%] [32m[1mLinking C shared library rosidl_generator_py/shape_msgs/shape_msgs_s__rosidl_typesupport_microxrcedds_c.cpython-310-x86_64-linux-gnu.so[0m
[10.104s] [ 97%] Built target shape_msgs__rosidl_typesupport_fastrtps_c__pyext
[10.111s] [ 97%] Built target shape_msgs__rosidl_typesupport_introspection_c__pyext
[10.122s] [ 97%] Built target shape_msgs__rosidl_typesupport_microxrcedds_c__pyext
[10.137s] [ 98%] [32mBuilding C object CMakeFiles/shape_msgs__rosidl_typesupport_c__pyext.dir/rosidl_generator_py/shape_msgs/_shape_msgs_s.ep.rosidl_typesupport_c.c.o[0m
[10.259s] [100%] [32m[1mLinking C shared library rosidl_generator_py/shape_msgs/shape_msgs_s__rosidl_typesupport_c.cpython-310-x86_64-linux-gnu.so[0m
[10.315s] [100%] Built target shape_msgs__rosidl_typesupport_c__pyext
[10.333s] Invoked command in '/home/user/robo/sb-robot/microros_ws/build/shape_msgs' returned '0': AMENT_PREFIX_PATH=/home/user/robo/sb-robot/microros_ws/install/geometry_msgs:/home/user/robo/sb-robot/microros_ws/install/std_msgs:${AMENT_PREFIX_PATH} CMAKE_PREFIX_PATH=/home/user/robo/sb-robot/microros_ws/install/geometry_msgs:/home/user/robo/sb-robot/microros_ws/install/std_msgs:/home/user/robo/sb-robot/microros_ws/install/builtin_interfaces:/home/user/robo/sb-robot/microros_ws/src/install/action_msgs:/home/user/robo/sb-robot/microros_ws/src/install/unique_identifier_msgs:/home/user/robo/sb-robot/microros_ws/src/install/std_srvs:/home/user/robo/sb-robot/microros_ws/src/install/statistics_msgs:/home/user/robo/sb-robot/microros_ws/src/install/rmw_microxrcedds:/home/user/robo/sb-robot/microros_ws/src/install/rosidl_typesupport_microxrcedds_cpp:/home/user/robo/sb-robot/microros_ws/src/install/rosidl_typesupport_microxrcedds_c:/home/user/robo/sb-robot/microros_ws/src/install/rosgraph_msgs:/home/user/robo/sb-robot/microros_ws/src/install/microxrcedds_client:/home/user/robo/sb-robot/microros_ws/src/install/microcdr:/home/user/robo/sb-robot/microros_ws/src/install/micro_ros_utilities:/home/user/robo/sb-robot/microros_ws/src/install/micro_ros_setup:/home/user/robo/sb-robot/microros_ws/src/install/micro_ros_msgs:/home/user/robo/sb-robot/microros_ws/src/install/lifecycle_msgs:/home/user/robo/sb-robot/microros_ws/src/install/complex_msgs:/home/user/robo/sb-robot/microros_ws/src/install/builtin_interfaces:/home/user/robo/sb-robot/microros_ws/install/micro_ros_setup:/home/user/robo/sb-robot/microros_ws/install/micro_ros_agent:/home/user/robo/sb-robot/microros_ws/install/micro_ros_msgs:/opt/ros/humble LD_LIBRARY_PATH=/home/user/robo/sb-robot/microros_ws/install/geometry_msgs/lib:/home/user/robo/sb-robot/microros_ws/install/std_msgs/lib:/home/user/robo/sb-robot/microros_ws/install/builtin_interfaces/lib:/home/user/robo/sb-robot/microros_ws/src/install/action_msgs/lib:/home/user/robo/sb-robot/microros_ws/src/install/unique_identifier_msgs/lib:/home/user/robo/sb-robot/microros_ws/src/install/std_srvs/lib:/home/user/robo/sb-robot/microros_ws/src/install/statistics_msgs/lib:/home/user/robo/sb-robot/microros_ws/src/install/rmw_microxrcedds/lib:/home/user/robo/sb-robot/microros_ws/src/install/rosidl_typesupport_microxrcedds_cpp/lib:/home/user/robo/sb-robot/microros_ws/src/install/rosidl_typesupport_microxrcedds_c/lib:/home/user/robo/sb-robot/microros_ws/src/install/rosgraph_msgs/lib:/home/user/robo/sb-robot/microros_ws/src/install/microxrcedds_client/lib:/home/user/robo/sb-robot/microros_ws/src/install/microcdr/lib:/home/user/robo/sb-robot/microros_ws/src/install/micro_ros_utilities/lib:/home/user/robo/sb-robot/microros_ws/src/install/micro_ros_msgs/lib:/home/user/robo/sb-robot/microros_ws/src/install/lifecycle_msgs/lib:/home/user/robo/sb-robot/microros_ws/src/install/complex_msgs/lib:/home/user/robo/sb-robot/microros_ws/src/install/builtin_interfaces/lib:/home/user/robo/sb-robot/microros_ws/install/micro_ros_agent/lib:/home/user/robo/sb-robot/microros_ws/install/micro_ros_msgs/lib:/usr/lib/x86_64-linux-gnu/gazebo-11/plugins:/opt/ros/humble/opt/rviz_ogre_vendor/lib:/opt/ros/humble/lib/x86_64-linux-gnu:/opt/ros/humble/lib PYTHONPATH=/home/user/robo/sb-robot/microros_ws/install/geometry_msgs/local/lib/python3.10/dist-packages:/home/user/robo/sb-robot/microros_ws/install/std_msgs/local/lib/python3.10/dist-packages:${PYTHONPATH} /usr/bin/cmake --build /home/user/robo/sb-robot/microros_ws/build/shape_msgs -- -j20 -l20
[10.339s] Invoking command in '/home/user/robo/sb-robot/microros_ws/build/shape_msgs': AMENT_PREFIX_PATH=/home/user/robo/sb-robot/microros_ws/install/geometry_msgs:/home/user/robo/sb-robot/microros_ws/install/std_msgs:${AMENT_PREFIX_PATH} CMAKE_PREFIX_PATH=/home/user/robo/sb-robot/microros_ws/install/geometry_msgs:/home/user/robo/sb-robot/microros_ws/install/std_msgs:/home/user/robo/sb-robot/microros_ws/install/builtin_interfaces:/home/user/robo/sb-robot/microros_ws/src/install/action_msgs:/home/user/robo/sb-robot/microros_ws/src/install/unique_identifier_msgs:/home/user/robo/sb-robot/microros_ws/src/install/std_srvs:/home/user/robo/sb-robot/microros_ws/src/install/statistics_msgs:/home/user/robo/sb-robot/microros_ws/src/install/rmw_microxrcedds:/home/user/robo/sb-robot/microros_ws/src/install/rosidl_typesupport_microxrcedds_cpp:/home/user/robo/sb-robot/microros_ws/src/install/rosidl_typesupport_microxrcedds_c:/home/user/robo/sb-robot/microros_ws/src/install/rosgraph_msgs:/home/user/robo/sb-robot/microros_ws/src/install/microxrcedds_client:/home/user/robo/sb-robot/microros_ws/src/install/microcdr:/home/user/robo/sb-robot/microros_ws/src/install/micro_ros_utilities:/home/user/robo/sb-robot/microros_ws/src/install/micro_ros_setup:/home/user/robo/sb-robot/microros_ws/src/install/micro_ros_msgs:/home/user/robo/sb-robot/microros_ws/src/install/lifecycle_msgs:/home/user/robo/sb-robot/microros_ws/src/install/complex_msgs:/home/user/robo/sb-robot/microros_ws/src/install/builtin_interfaces:/home/user/robo/sb-robot/microros_ws/install/micro_ros_setup:/home/user/robo/sb-robot/microros_ws/install/micro_ros_agent:/home/user/robo/sb-robot/microros_ws/install/micro_ros_msgs:/opt/ros/humble LD_LIBRARY_PATH=/home/user/robo/sb-robot/microros_ws/install/geometry_msgs/lib:/home/user/robo/sb-robot/microros_ws/install/std_msgs/lib:/home/user/robo/sb-robot/microros_ws/install/builtin_interfaces/lib:/home/user/robo/sb-robot/microros_ws/src/install/action_msgs/lib:/home/user/robo/sb-robot/microros_ws/src/install/unique_identifier_msgs/lib:/home/user/robo/sb-robot/microros_ws/src/install/std_srvs/lib:/home/user/robo/sb-robot/microros_ws/src/install/statistics_msgs/lib:/home/user/robo/sb-robot/microros_ws/src/install/rmw_microxrcedds/lib:/home/user/robo/sb-robot/microros_ws/src/install/rosidl_typesupport_microxrcedds_cpp/lib:/home/user/robo/sb-robot/microros_ws/src/install/rosidl_typesupport_microxrcedds_c/lib:/home/user/robo/sb-robot/microros_ws/src/install/rosgraph_msgs/lib:/home/user/robo/sb-robot/microros_ws/src/install/microxrcedds_client/lib:/home/user/robo/sb-robot/microros_ws/src/install/microcdr/lib:/home/user/robo/sb-robot/microros_ws/src/install/micro_ros_utilities/lib:/home/user/robo/sb-robot/microros_ws/src/install/micro_ros_msgs/lib:/home/user/robo/sb-robot/microros_ws/src/install/lifecycle_msgs/lib:/home/user/robo/sb-robot/microros_ws/src/install/complex_msgs/lib:/home/user/robo/sb-robot/microros_ws/src/install/builtin_interfaces/lib:/home/user/robo/sb-robot/microros_ws/install/micro_ros_agent/lib:/home/user/robo/sb-robot/microros_ws/install/micro_ros_msgs/lib:/usr/lib/x86_64-linux-gnu/gazebo-11/plugins:/opt/ros/humble/opt/rviz_ogre_vendor/lib:/opt/ros/humble/lib/x86_64-linux-gnu:/opt/ros/humble/lib PYTHONPATH=/home/user/robo/sb-robot/microros_ws/install/geometry_msgs/local/lib/python3.10/dist-packages:/home/user/robo/sb-robot/microros_ws/install/std_msgs/local/lib/python3.10/dist-packages:${PYTHONPATH} /usr/bin/cmake --install /home/user/robo/sb-robot/microros_ws/build/shape_msgs
[10.366s] -- Install configuration: ""
[10.366s] -- Installing: /home/user/robo/sb-robot/microros_ws/install/shape_msgs/share/ament_index/resource_index/rosidl_interfaces/shape_msgs
[10.366s] -- Installing: /home/user/robo/sb-robot/microros_ws/install/shape_msgs/include/shape_msgs/shape_msgs
[10.366s] -- Installing: /home/user/robo/sb-robot/microros_ws/install/shape_msgs/include/shape_msgs/shape_msgs/msg
[10.366s] -- Installing: /home/user/robo/sb-robot/microros_ws/install/shape_msgs/include/shape_msgs/shape_msgs/msg/mesh.h
[10.366s] -- Installing: /home/user/robo/sb-robot/microros_ws/install/shape_msgs/include/shape_msgs/shape_msgs/msg/solid_primitive.h
[10.366s] -- Installing: /home/user/robo/sb-robot/microros_ws/install/shape_msgs/include/shape_msgs/shape_msgs/msg/mesh_triangle.h
[10.367s] -- Installing: /home/user/robo/sb-robot/microros_ws/install/shape_msgs/include/shape_msgs/shape_msgs/msg/detail
[10.367s] -- Installing: /home/user/robo/sb-robot/microros_ws/install/shape_msgs/include/shape_msgs/shape_msgs/msg/detail/solid_primitive__functions.c
[10.367s] -- Installing: /home/user/robo/sb-robot/microros_ws/install/shape_msgs/include/shape_msgs/shape_msgs/msg/detail/plane__type_support.h
[10.367s] -- Installing: /home/user/robo/sb-robot/microros_ws/install/shape_msgs/include/shape_msgs/shape_msgs/msg/detail/mesh_triangle__type_support.h
[10.367s] -- Installing: /home/user/robo/sb-robot/microros_ws/install/shape_msgs/include/shape_msgs/shape_msgs/msg/detail/solid_primitive__struct.h
[10.367s] -- Installing: /home/user/robo/sb-robot/microros_ws/install/shape_msgs/include/shape_msgs/shape_msgs/msg/detail/mesh__functions.c
[10.367s] -- Installing: /home/user/robo/sb-robot/microros_ws/install/shape_msgs/include/shape_msgs/shape_msgs/msg/detail/mesh_triangle__struct.h
[10.367s] -- Installing: /home/user/robo/sb-robot/microros_ws/install/shape_msgs/include/shape_msgs/shape_msgs/msg/detail/plane__functions.h
[10.367s] -- Installing: /home/user/robo/sb-robot/microros_ws/install/shape_msgs/include/shape_msgs/shape_msgs/msg/detail/mesh__struct.h
[10.367s] -- Installing: /home/user/robo/sb-robot/microros_ws/install/shape_msgs/include/shape_msgs/shape_msgs/msg/detail/plane__struct.h
[10.367s] -- Installing: /home/user/robo/sb-robot/microros_ws/install/shape_msgs/include/shape_msgs/shape_msgs/msg/detail/solid_primitive__functions.h
[10.367s] -- Installing: /home/user/robo/sb-robot/microros_ws/install/shape_msgs/include/shape_msgs/shape_msgs/msg/detail/plane__functions.c
[10.367s] -- Installing: /home/user/robo/sb-robot/microros_ws/install/shape_msgs/include/shape_msgs/shape_msgs/msg/detail/mesh__functions.h
[10.368s] -- Installing: /home/user/robo/sb-robot/microros_ws/install/shape_msgs/include/shape_msgs/shape_msgs/msg/detail/mesh_triangle__functions.c
[10.368s] -- Installing: /home/user/robo/sb-robot/microros_ws/install/shape_msgs/include/shape_msgs/shape_msgs/msg/detail/mesh_triangle__functions.h
[10.368s] -- Installing: /home/user/robo/sb-robot/microros_ws/install/shape_msgs/include/shape_msgs/shape_msgs/msg/detail/mesh__type_support.h
[10.368s] -- Installing: /home/user/robo/sb-robot/microros_ws/install/shape_msgs/include/shape_msgs/shape_msgs/msg/detail/solid_primitive__type_support.h
[10.368s] -- Installing: /home/user/robo/sb-robot/microros_ws/install/shape_msgs/include/shape_msgs/shape_msgs/msg/rosidl_generator_c__visibility_control.h
[10.368s] -- Installing: /home/user/robo/sb-robot/microros_ws/install/shape_msgs/include/shape_msgs/shape_msgs/msg/plane.h
[10.368s] -- Installing: /home/user/robo/sb-robot/microros_ws/install/shape_msgs/share/shape_msgs/environment/library_path.sh
[10.368s] -- Installing: /home/user/robo/sb-robot/microros_ws/install/shape_msgs/share/shape_msgs/environment/library_path.dsv
[10.368s] -- Installing: /home/user/robo/sb-robot/microros_ws/install/shape_msgs/lib/libshape_msgs__rosidl_generator_c.so
[10.368s] -- Set runtime path of "/home/user/robo/sb-robot/microros_ws/install/shape_msgs/lib/libshape_msgs__rosidl_generator_c.so" to ""
[10.368s] -- Up-to-date: /home/user/robo/sb-robot/microros_ws/install/shape_msgs/include/shape_msgs/shape_msgs
[10.368s] -- Up-to-date: /home/user/robo/sb-robot/microros_ws/install/shape_msgs/include/shape_msgs/shape_msgs/msg
[10.368s] -- Up-to-date: /home/user/robo/sb-robot/microros_ws/install/shape_msgs/include/shape_msgs/shape_msgs/msg/detail
[10.369s] -- Installing: /home/user/robo/sb-robot/microros_ws/install/shape_msgs/include/shape_msgs/shape_msgs/msg/detail/solid_primitive__rosidl_typesupport_fastrtps_c.h
[10.369s] -- Installing: /home/user/robo/sb-robot/microros_ws/install/shape_msgs/include/shape_msgs/shape_msgs/msg/detail/mesh_triangle__rosidl_typesupport_fastrtps_c.h
[10.369s] -- Installing: /home/user/robo/sb-robot/microros_ws/install/shape_msgs/include/shape_msgs/shape_msgs/msg/detail/mesh__rosidl_typesupport_fastrtps_c.h
[10.369s] -- Installing: /home/user/robo/sb-robot/microros_ws/install/shape_msgs/include/shape_msgs/shape_msgs/msg/detail/plane__rosidl_typesupport_fastrtps_c.h
[10.369s] -- Installing: /home/user/robo/sb-robot/microros_ws/install/shape_msgs/include/shape_msgs/shape_msgs/msg/rosidl_typesupport_fastrtps_c__visibility_control.h
[10.369s] -- Installing: /home/user/robo/sb-robot/microros_ws/install/shape_msgs/lib/libshape_msgs__rosidl_typesupport_fastrtps_c.so
[10.369s] -- Set runtime path of "/home/user/robo/sb-robot/microros_ws/install/shape_msgs/lib/libshape_msgs__rosidl_typesupport_fastrtps_c.so" to ""
[10.369s] -- Up-to-date: /home/user/robo/sb-robot/microros_ws/install/shape_msgs/include/shape_msgs/shape_msgs
[10.369s] -- Up-to-date: /home/user/robo/sb-robot/microros_ws/install/shape_msgs/include/shape_msgs/shape_msgs/msg
[10.369s] -- Installing: /home/user/robo/sb-robot/microros_ws/install/shape_msgs/include/shape_msgs/shape_msgs/msg/mesh.hpp
[10.369s] -- Installing: /home/user/robo/sb-robot/microros_ws/install/shape_msgs/include/shape_msgs/shape_msgs/msg/rosidl_generator_cpp__visibility_control.hpp
[10.369s] -- Installing: /home/user/robo/sb-robot/microros_ws/install/shape_msgs/include/shape_msgs/shape_msgs/msg/plane.hpp
[10.369s] -- Installing: /home/user/robo/sb-robot/microros_ws/install/shape_msgs/include/shape_msgs/shape_msgs/msg/mesh_triangle.hpp
[10.370s] -- Up-to-date: /home/user/robo/sb-robot/microros_ws/install/shape_msgs/include/shape_msgs/shape_msgs/msg/detail
[10.370s] -- Installing: /home/user/robo/sb-robot/microros_ws/install/shape_msgs/include/shape_msgs/shape_msgs/msg/detail/mesh_triangle__type_support.hpp
[10.370s] -- Installing: /home/user/robo/sb-robot/microros_ws/install/shape_msgs/include/shape_msgs/shape_msgs/msg/detail/plane__traits.hpp
[10.370s] -- Installing: /home/user/robo/sb-robot/microros_ws/install/shape_msgs/include/shape_msgs/shape_msgs/msg/detail/mesh__builder.hpp
[10.370s] -- Installing: /home/user/robo/sb-robot/microros_ws/install/shape_msgs/include/shape_msgs/shape_msgs/msg/detail/plane__type_support.hpp
[10.370s] -- Installing: /home/user/robo/sb-robot/microros_ws/install/shape_msgs/include/shape_msgs/shape_msgs/msg/detail/mesh__struct.hpp
[10.370s] -- Installing: /home/user/robo/sb-robot/microros_ws/install/shape_msgs/include/shape_msgs/shape_msgs/msg/detail/mesh_triangle__builder.hpp
[10.370s] -- Installing: /home/user/robo/sb-robot/microros_ws/install/shape_msgs/include/shape_msgs/shape_msgs/msg/detail/plane__struct.hpp
[10.370s] -- Installing: /home/user/robo/sb-robot/microros_ws/install/shape_msgs/include/shape_msgs/shape_msgs/msg/detail/solid_primitive__type_support.hpp
[10.370s] -- Installing: /home/user/robo/sb-robot/microros_ws/install/shape_msgs/include/shape_msgs/shape_msgs/msg/detail/plane__builder.hpp
[10.370s] -- Installing: /home/user/robo/sb-robot/microros_ws/install/shape_msgs/include/shape_msgs/shape_msgs/msg/detail/solid_primitive__builder.hpp
[10.370s] -- Installing: /home/user/robo/sb-robot/microros_ws/install/shape_msgs/include/shape_msgs/shape_msgs/msg/detail/mesh__type_support.hpp
[10.370s] -- Installing: /home/user/robo/sb-robot/microros_ws/install/shape_msgs/include/shape_msgs/shape_msgs/msg/detail/mesh_triangle__struct.hpp
[10.371s] -- Installing: /home/user/robo/sb-robot/microros_ws/install/shape_msgs/include/shape_msgs/shape_msgs/msg/detail/solid_primitive__struct.hpp
[10.371s] -- Installing: /home/user/robo/sb-robot/microros_ws/install/shape_msgs/include/shape_msgs/shape_msgs/msg/detail/mesh__traits.hpp
[10.371s] -- Installing: /home/user/robo/sb-robot/microros_ws/install/shape_msgs/include/shape_msgs/shape_msgs/msg/detail/mesh_triangle__traits.hpp
[10.371s] -- Installing: /home/user/robo/sb-robot/microros_ws/install/shape_msgs/include/shape_msgs/shape_msgs/msg/detail/solid_primitive__traits.hpp
[10.371s] -- Installing: /home/user/robo/sb-robot/microros_ws/install/shape_msgs/include/shape_msgs/shape_msgs/msg/solid_primitive.hpp
[10.371s] -- Up-to-date: /home/user/robo/sb-robot/microros_ws/install/shape_msgs/include/shape_msgs/shape_msgs
[10.371s] -- Up-to-date: /home/user/robo/sb-robot/microros_ws/install/shape_msgs/include/shape_msgs/shape_msgs/msg
[10.371s] -- Installing: /home/user/robo/sb-robot/microros_ws/install/shape_msgs/include/shape_msgs/shape_msgs/msg/rosidl_typesupport_fastrtps_cpp__visibility_control.h
[10.371s] -- Up-to-date: /home/user/robo/sb-robot/microros_ws/install/shape_msgs/include/shape_msgs/shape_msgs/msg/detail
[10.371s] -- Installing: /home/user/robo/sb-robot/microros_ws/install/shape_msgs/include/shape_msgs/shape_msgs/msg/detail/mesh_triangle__rosidl_typesupport_fastrtps_cpp.hpp
[10.371s] -- Installing: /home/user/robo/sb-robot/microros_ws/install/shape_msgs/include/shape_msgs/shape_msgs/msg/detail/solid_primitive__rosidl_typesupport_fastrtps_cpp.hpp
[10.371s] -- Installing: /home/user/robo/sb-robot/microros_ws/install/shape_msgs/include/shape_msgs/shape_msgs/msg/detail/plane__rosidl_typesupport_fastrtps_cpp.hpp
[10.371s] -- Installing: /home/user/robo/sb-robot/microros_ws/install/shape_msgs/include/shape_msgs/shape_msgs/msg/detail/dds_fastrtps
[10.372s] -- Installing: /home/user/robo/sb-robot/microros_ws/install/shape_msgs/include/shape_msgs/shape_msgs/msg/detail/mesh__rosidl_typesupport_fastrtps_cpp.hpp
[10.376s] -- Installing: /home/user/robo/sb-robot/microros_ws/install/shape_msgs/lib/libshape_msgs__rosidl_typesupport_fastrtps_cpp.so
[10.377s] -- Set runtime path of "/home/user/robo/sb-robot/microros_ws/install/shape_msgs/lib/libshape_msgs__rosidl_typesupport_fastrtps_cpp.so" to ""
[10.377s] -- Up-to-date: /home/user/robo/sb-robot/microros_ws/install/shape_msgs/include/shape_msgs
[10.377s] -- Installing: /home/user/robo/sb-robot/microros_ws/install/shape_msgs/include/shape_msgs/msg
[10.377s] -- Installing: /home/user/robo/sb-robot/microros_ws/install/shape_msgs/include/shape_msgs/msg/rosidl_typesupport_microxrcedds_c__visibility_control.h
[10.377s] -- Installing: /home/user/robo/sb-robot/microros_ws/install/shape_msgs/include/shape_msgs/msg/detail
[10.377s] -- Installing: /home/user/robo/sb-robot/microros_ws/install/shape_msgs/include/shape_msgs/msg/detail/microxrcedds
[10.377s] -- Installing: /home/user/robo/sb-robot/microros_ws/install/shape_msgs/include/shape_msgs/msg/detail/mesh_triangle__rosidl_typesupport_microxrcedds_c.h
[10.377s] -- Installing: /home/user/robo/sb-robot/microros_ws/install/shape_msgs/include/shape_msgs/msg/detail/plane__rosidl_typesupport_microxrcedds_c.h
[10.377s] -- Installing: /home/user/robo/sb-robot/microros_ws/install/shape_msgs/include/shape_msgs/msg/detail/solid_primitive__rosidl_typesupport_microxrcedds_c.h
[10.377s] -- Installing: /home/user/robo/sb-robot/microros_ws/install/shape_msgs/include/shape_msgs/msg/detail/mesh__rosidl_typesupport_microxrcedds_c.h
[10.377s] -- Installing: /home/user/robo/sb-robot/microros_ws/install/shape_msgs/lib/libshape_msgs__rosidl_typesupport_microxrcedds_c.so
[10.377s] -- Set runtime path of "/home/user/robo/sb-robot/microros_ws/install/shape_msgs/lib/libshape_msgs__rosidl_typesupport_microxrcedds_c.so" to ""
[10.377s] -- Up-to-date: /home/user/robo/sb-robot/microros_ws/install/shape_msgs/include/shape_msgs/shape_msgs
[10.378s] -- Up-to-date: /home/user/robo/sb-robot/microros_ws/install/shape_msgs/include/shape_msgs/shape_msgs/msg
[10.378s] -- Up-to-date: /home/user/robo/sb-robot/microros_ws/install/shape_msgs/include/shape_msgs/shape_msgs/msg/detail
[10.378s] -- Installing: /home/user/robo/sb-robot/microros_ws/install/shape_msgs/include/shape_msgs/shape_msgs/msg/detail/mesh__type_support.c
[10.378s] -- Installing: /home/user/robo/sb-robot/microros_ws/install/shape_msgs/include/shape_msgs/shape_msgs/msg/detail/mesh__rosidl_typesupport_introspection_c.h
[10.378s] -- Installing: /home/user/robo/sb-robot/microros_ws/install/shape_msgs/include/shape_msgs/shape_msgs/msg/detail/plane__rosidl_typesupport_introspection_c.h
[10.378s] -- Installing: /home/user/robo/sb-robot/microros_ws/install/shape_msgs/include/shape_msgs/shape_msgs/msg/detail/mesh_triangle__type_support.c
[10.378s] -- Installing: /home/user/robo/sb-robot/microros_ws/install/shape_msgs/include/shape_msgs/shape_msgs/msg/detail/solid_primitive__rosidl_typesupport_introspection_c.h
[10.378s] -- Installing: /home/user/robo/sb-robot/microros_ws/install/shape_msgs/include/shape_msgs/shape_msgs/msg/detail/mesh_triangle__rosidl_typesupport_introspection_c.h
[10.378s] -- Installing: /home/user/robo/sb-robot/microros_ws/install/shape_msgs/include/shape_msgs/shape_msgs/msg/detail/solid_primitive__type_support.c
[10.378s] -- Installing: /home/user/robo/sb-robot/microros_ws/install/shape_msgs/include/shape_msgs/shape_msgs/msg/detail/plane__type_support.c
[10.378s] -- Installing: /home/user/robo/sb-robot/microros_ws/install/shape_msgs/include/shape_msgs/shape_msgs/msg/rosidl_typesupport_introspection_c__visibility_control.h
[10.378s] -- Installing: /home/user/robo/sb-robot/microros_ws/install/shape_msgs/lib/libshape_msgs__rosidl_typesupport_introspection_c.so
[10.378s] -- Set runtime path of "/home/user/robo/sb-robot/microros_ws/install/shape_msgs/lib/libshape_msgs__rosidl_typesupport_introspection_c.so" to ""
[10.379s] -- Installing: /home/user/robo/sb-robot/microros_ws/install/shape_msgs/lib/libshape_msgs__rosidl_typesupport_c.so
[10.379s] -- Set runtime path of "/home/user/robo/sb-robot/microros_ws/install/shape_msgs/lib/libshape_msgs__rosidl_typesupport_c.so" to ""
[10.379s] -- Up-to-date: /home/user/robo/sb-robot/microros_ws/install/shape_msgs/include/shape_msgs
[10.379s] -- Up-to-date: /home/user/robo/sb-robot/microros_ws/install/shape_msgs/include/shape_msgs/msg
[10.379s] -- Up-to-date: /home/user/robo/sb-robot/microros_ws/install/shape_msgs/include/shape_msgs/msg/detail
[10.379s] -- Installing: /home/user/robo/sb-robot/microros_ws/install/shape_msgs/include/shape_msgs/msg/detail/plane__rosidl_typesupport_microxrcedds_cpp.hpp
[10.379s] -- Up-to-date: /home/user/robo/sb-robot/microros_ws/install/shape_msgs/include/shape_msgs/msg/detail/microxrcedds
[10.379s] -- Installing: /home/user/robo/sb-robot/microros_ws/install/shape_msgs/include/shape_msgs/msg/detail/microxrcedds/solid_primitive__type_support_cpp.cpp
[10.379s] -- Installing: /home/user/robo/sb-robot/microros_ws/install/shape_msgs/include/shape_msgs/msg/detail/microxrcedds/plane__type_support_cpp.cpp
[10.379s] -- Installing: /home/user/robo/sb-robot/microros_ws/install/shape_msgs/include/shape_msgs/msg/detail/microxrcedds/mesh_triangle__type_support_cpp.cpp
[10.379s] -- Installing: /home/user/robo/sb-robot/microros_ws/install/shape_msgs/include/shape_msgs/msg/detail/microxrcedds/mesh__type_support_cpp.cpp
[10.379s] -- Installing: /home/user/robo/sb-robot/microros_ws/install/shape_msgs/include/shape_msgs/msg/detail/mesh_triangle__rosidl_typesupport_microxrcedds_cpp.hpp
[10.380s] -- Installing: /home/user/robo/sb-robot/microros_ws/install/shape_msgs/include/shape_msgs/msg/detail/solid_primitive__rosidl_typesupport_microxrcedds_cpp.hpp
[10.380s] -- Installing: /home/user/robo/sb-robot/microros_ws/install/shape_msgs/include/shape_msgs/msg/detail/mesh__rosidl_typesupport_microxrcedds_cpp.hpp
[10.380s] -- Installing: /home/user/robo/sb-robot/microros_ws/install/shape_msgs/include/shape_msgs/msg/rosidl_typesupport_microxrcedds_cpp__visibility_control.h
[10.380s] -- Installing: /home/user/robo/sb-robot/microros_ws/install/shape_msgs/lib/libshape_msgs__rosidl_typesupport_microxrcedds_cpp.so
[10.380s] -- Set runtime path of "/home/user/robo/sb-robot/microros_ws/install/shape_msgs/lib/libshape_msgs__rosidl_typesupport_microxrcedds_cpp.so" to ""
[10.380s] -- Up-to-date: /home/user/robo/sb-robot/microros_ws/install/shape_msgs/include/shape_msgs/shape_msgs
[10.380s] -- Up-to-date: /home/user/robo/sb-robot/microros_ws/install/shape_msgs/include/shape_msgs/shape_msgs/msg
[10.380s] -- Up-to-date: /home/user/robo/sb-robot/microros_ws/install/shape_msgs/include/shape_msgs/shape_msgs/msg/detail
[10.380s] -- Installing: /home/user/robo/sb-robot/microros_ws/install/shape_msgs/include/shape_msgs/shape_msgs/msg/detail/solid_primitive__type_support.cpp
[10.380s] -- Installing: /home/user/robo/sb-robot/microros_ws/install/shape_msgs/include/shape_msgs/shape_msgs/msg/detail/mesh_triangle__rosidl_typesupport_introspection_cpp.hpp
[10.380s] -- Installing: /home/user/robo/sb-robot/microros_ws/install/shape_msgs/include/shape_msgs/shape_msgs/msg/detail/solid_primitive__rosidl_typesupport_introspection_cpp.hpp
[10.380s] -- Installing: /home/user/robo/sb-robot/microros_ws/install/shape_msgs/include/shape_msgs/shape_msgs/msg/detail/mesh__type_support.cpp
[10.380s] -- Installing: /home/user/robo/sb-robot/microros_ws/install/shape_msgs/include/shape_msgs/shape_msgs/msg/detail/mesh_triangle__type_support.cpp
[10.381s] -- Installing: /home/user/robo/sb-robot/microros_ws/install/shape_msgs/include/shape_msgs/shape_msgs/msg/detail/plane__rosidl_typesupport_introspection_cpp.hpp
[10.381s] -- Installing: /home/user/robo/sb-robot/microros_ws/install/shape_msgs/include/shape_msgs/shape_msgs/msg/detail/plane__type_support.cpp
[10.381s] -- Installing: /home/user/robo/sb-robot/microros_ws/install/shape_msgs/include/shape_msgs/shape_msgs/msg/detail/mesh__rosidl_typesupport_introspection_cpp.hpp
[10.381s] -- Installing: /home/user/robo/sb-robot/microros_ws/install/shape_msgs/lib/libshape_msgs__rosidl_typesupport_introspection_cpp.so
[10.381s] -- Set runtime path of "/home/user/robo/sb-robot/microros_ws/install/shape_msgs/lib/libshape_msgs__rosidl_typesupport_introspection_cpp.so" to ""
[10.381s] -- Installing: /home/user/robo/sb-robot/microros_ws/install/shape_msgs/lib/libshape_msgs__rosidl_typesupport_cpp.so
[10.381s] -- Set runtime path of "/home/user/robo/sb-robot/microros_ws/install/shape_msgs/lib/libshape_msgs__rosidl_typesupport_cpp.so" to ""
[10.381s] -- Installing: /home/user/robo/sb-robot/microros_ws/install/shape_msgs/share/shape_msgs/environment/pythonpath.sh
[10.381s] -- Installing: /home/user/robo/sb-robot/microros_ws/install/shape_msgs/share/shape_msgs/environment/pythonpath.dsv
[10.381s] -- Installing: /home/user/robo/sb-robot/microros_ws/install/shape_msgs/local/lib/python3.10/dist-packages/shape_msgs-4.2.4-py3.10.egg-info
[10.381s] -- Installing: /home/user/robo/sb-robot/microros_ws/install/shape_msgs/local/lib/python3.10/dist-packages/shape_msgs-4.2.4-py3.10.egg-info/top_level.txt
[10.381s] -- Installing: /home/user/robo/sb-robot/microros_ws/install/shape_msgs/local/lib/python3.10/dist-packages/shape_msgs-4.2.4-py3.10.egg-info/dependency_links.txt
[10.381s] -- Installing: /home/user/robo/sb-robot/microros_ws/install/shape_msgs/local/lib/python3.10/dist-packages/shape_msgs-4.2.4-py3.10.egg-info/PKG-INFO
[10.381s] -- Installing: /home/user/robo/sb-robot/microros_ws/install/shape_msgs/local/lib/python3.10/dist-packages/shape_msgs-4.2.4-py3.10.egg-info/SOURCES.txt
[10.382s] -- Installing: /home/user/robo/sb-robot/microros_ws/install/shape_msgs/local/lib/python3.10/dist-packages/shape_msgs
[10.382s] -- Installing: /home/user/robo/sb-robot/microros_ws/install/shape_msgs/local/lib/python3.10/dist-packages/shape_msgs/_shape_msgs_s.ep.rosidl_typesupport_microxrcedds_c.c
[10.382s] -- Installing: /home/user/robo/sb-robot/microros_ws/install/shape_msgs/local/lib/python3.10/dist-packages/shape_msgs/shape_msgs_s__rosidl_typesupport_microxrcedds_c.cpython-310-x86_64-linux-gnu.so
[10.382s] -- Installing: /home/user/robo/sb-robot/microros_ws/install/shape_msgs/local/lib/python3.10/dist-packages/shape_msgs/libshape_msgs__rosidl_generator_py.so
[10.382s] -- Installing: /home/user/robo/sb-robot/microros_ws/install/shape_msgs/local/lib/python3.10/dist-packages/shape_msgs/_shape_msgs_s.ep.rosidl_typesupport_introspection_c.c
[10.382s] -- Installing: /home/user/robo/sb-robot/microros_ws/install/shape_msgs/local/lib/python3.10/dist-packages/shape_msgs/__init__.py
[10.382s] -- Installing: /home/user/robo/sb-robot/microros_ws/install/shape_msgs/local/lib/python3.10/dist-packages/shape_msgs/_shape_msgs_s.ep.rosidl_typesupport_c.c
[10.382s] -- Installing: /home/user/robo/sb-robot/microros_ws/install/shape_msgs/local/lib/python3.10/dist-packages/shape_msgs/shape_msgs_s__rosidl_typesupport_introspection_c.cpython-310-x86_64-linux-gnu.so
[10.382s] -- Installing: /home/user/robo/sb-robot/microros_ws/install/shape_msgs/local/lib/python3.10/dist-packages/shape_msgs/shape_msgs_s__rosidl_typesupport_fastrtps_c.cpython-310-x86_64-linux-gnu.so
[10.382s] -- Installing: /home/user/robo/sb-robot/microros_ws/install/shape_msgs/local/lib/python3.10/dist-packages/shape_msgs/msg
[10.382s] -- Installing: /home/user/robo/sb-robot/microros_ws/install/shape_msgs/local/lib/python3.10/dist-packages/shape_msgs/msg/_plane.py
[10.382s] -- Installing: /home/user/robo/sb-robot/microros_ws/install/shape_msgs/local/lib/python3.10/dist-packages/shape_msgs/msg/_mesh_triangle.py
[10.383s] -- Installing: /home/user/robo/sb-robot/microros_ws/install/shape_msgs/local/lib/python3.10/dist-packages/shape_msgs/msg/__init__.py
[10.383s] -- Installing: /home/user/robo/sb-robot/microros_ws/install/shape_msgs/local/lib/python3.10/dist-packages/shape_msgs/msg/_mesh.py
[10.383s] -- Installing: /home/user/robo/sb-robot/microros_ws/install/shape_msgs/local/lib/python3.10/dist-packages/shape_msgs/msg/_mesh_triangle_s.c
[10.383s] -- Installing: /home/user/robo/sb-robot/microros_ws/install/shape_msgs/local/lib/python3.10/dist-packages/shape_msgs/msg/_plane_s.c
[10.383s] -- Installing: /home/user/robo/sb-robot/microros_ws/install/shape_msgs/local/lib/python3.10/dist-packages/shape_msgs/msg/_mesh_s.c
[10.383s] -- Installing: /home/user/robo/sb-robot/microros_ws/install/shape_msgs/local/lib/python3.10/dist-packages/shape_msgs/msg/_solid_primitive.py
[10.383s] -- Installing: /home/user/robo/sb-robot/microros_ws/install/shape_msgs/local/lib/python3.10/dist-packages/shape_msgs/msg/_solid_primitive_s.c
[10.383s] -- Installing: /home/user/robo/sb-robot/microros_ws/install/shape_msgs/local/lib/python3.10/dist-packages/shape_msgs/shape_msgs_s__rosidl_typesupport_c.cpython-310-x86_64-linux-gnu.so
[10.383s] -- Installing: /home/user/robo/sb-robot/microros_ws/install/shape_msgs/local/lib/python3.10/dist-packages/shape_msgs/_shape_msgs_s.ep.rosidl_typesupport_fastrtps_c.c
[10.420s] Listing '/home/user/robo/sb-robot/microros_ws/install/shape_msgs/local/lib/python3.10/dist-packages/shape_msgs'...
[10.420s] Compiling '/home/user/robo/sb-robot/microros_ws/install/shape_msgs/local/lib/python3.10/dist-packages/shape_msgs/__init__.py'...
[10.420s] Listing '/home/user/robo/sb-robot/microros_ws/install/shape_msgs/local/lib/python3.10/dist-packages/shape_msgs/msg'...
[10.420s] Compiling '/home/user/robo/sb-robot/microros_ws/install/shape_msgs/local/lib/python3.10/dist-packages/shape_msgs/msg/__init__.py'...
[10.420s] Compiling '/home/user/robo/sb-robot/microros_ws/install/shape_msgs/local/lib/python3.10/dist-packages/shape_msgs/msg/_mesh.py'...
[10.420s] Compiling '/home/user/robo/sb-robot/microros_ws/install/shape_msgs/local/lib/python3.10/dist-packages/shape_msgs/msg/_mesh_triangle.py'...
[10.420s] Compiling '/home/user/robo/sb-robot/microros_ws/install/shape_msgs/local/lib/python3.10/dist-packages/shape_msgs/msg/_plane.py'...
[10.420s] Compiling '/home/user/robo/sb-robot/microros_ws/install/shape_msgs/local/lib/python3.10/dist-packages/shape_msgs/msg/_solid_primitive.py'...
[10.426s] -- Installing: /home/user/robo/sb-robot/microros_ws/install/shape_msgs/local/lib/python3.10/dist-packages/shape_msgs/shape_msgs_s__rosidl_typesupport_microxrcedds_c.cpython-310-x86_64-linux-gnu.so
[10.426s] -- Set runtime path of "/home/user/robo/sb-robot/microros_ws/install/shape_msgs/local/lib/python3.10/dist-packages/shape_msgs/shape_msgs_s__rosidl_typesupport_microxrcedds_c.cpython-310-x86_64-linux-gnu.so" to ""
[10.426s] -- Installing: /home/user/robo/sb-robot/microros_ws/install/shape_msgs/local/lib/python3.10/dist-packages/shape_msgs/shape_msgs_s__rosidl_typesupport_fastrtps_c.cpython-310-x86_64-linux-gnu.so
[10.427s] -- Set runtime path of "/home/user/robo/sb-robot/microros_ws/install/shape_msgs/local/lib/python3.10/dist-packages/shape_msgs/shape_msgs_s__rosidl_typesupport_fastrtps_c.cpython-310-x86_64-linux-gnu.so" to ""
[10.427s] -- Installing: /home/user/robo/sb-robot/microros_ws/install/shape_msgs/local/lib/python3.10/dist-packages/shape_msgs/shape_msgs_s__rosidl_typesupport_introspection_c.cpython-310-x86_64-linux-gnu.so
[10.427s] -- Set runtime path of "/home/user/robo/sb-robot/microros_ws/install/shape_msgs/local/lib/python3.10/dist-packages/shape_msgs/shape_msgs_s__rosidl_typesupport_introspection_c.cpython-310-x86_64-linux-gnu.so" to ""
[10.427s] -- Installing: /home/user/robo/sb-robot/microros_ws/install/shape_msgs/local/lib/python3.10/dist-packages/shape_msgs/shape_msgs_s__rosidl_typesupport_c.cpython-310-x86_64-linux-gnu.so
[10.428s] -- Set runtime path of "/home/user/robo/sb-robot/microros_ws/install/shape_msgs/local/lib/python3.10/dist-packages/shape_msgs/shape_msgs_s__rosidl_typesupport_c.cpython-310-x86_64-linux-gnu.so" to ""
[10.428s] -- Installing: /home/user/robo/sb-robot/microros_ws/install/shape_msgs/lib/libshape_msgs__rosidl_generator_py.so
[10.428s] -- Set runtime path of "/home/user/robo/sb-robot/microros_ws/install/shape_msgs/lib/libshape_msgs__rosidl_generator_py.so" to ""
[10.428s] -- Installing: /home/user/robo/sb-robot/microros_ws/install/shape_msgs/share/shape_msgs/msg/Mesh.idl
[10.429s] -- Installing: /home/user/robo/sb-robot/microros_ws/install/shape_msgs/share/shape_msgs/msg/MeshTriangle.idl
[10.429s] -- Installing: /home/user/robo/sb-robot/microros_ws/install/shape_msgs/share/shape_msgs/msg/Plane.idl
[10.429s] -- Installing: /home/user/robo/sb-robot/microros_ws/install/shape_msgs/share/shape_msgs/msg/SolidPrimitive.idl
[10.429s] -- Installing: /home/user/robo/sb-robot/microros_ws/install/shape_msgs/share/shape_msgs/msg/Mesh.msg
[10.429s] -- Installing: /home/user/robo/sb-robot/microros_ws/install/shape_msgs/share/shape_msgs/msg/MeshTriangle.msg
[10.429s] -- Installing: /home/user/robo/sb-robot/microros_ws/install/shape_msgs/share/shape_msgs/msg/Plane.msg
[10.429s] -- Installing: /home/user/robo/sb-robot/microros_ws/install/shape_msgs/share/shape_msgs/msg/SolidPrimitive.msg
[10.430s] -- Installing: /home/user/robo/sb-robot/microros_ws/install/shape_msgs/share/ament_index/resource_index/package_run_dependencies/shape_msgs
[10.430s] -- Installing: /home/user/robo/sb-robot/microros_ws/install/shape_msgs/share/ament_index/resource_index/parent_prefix_path/shape_msgs
[10.430s] -- Installing: /home/user/robo/sb-robot/microros_ws/install/shape_msgs/share/shape_msgs/environment/ament_prefix_path.sh
[10.430s] -- Installing: /home/user/robo/sb-robot/microros_ws/install/shape_msgs/share/shape_msgs/environment/ament_prefix_path.dsv
[10.430s] -- Installing: /home/user/robo/sb-robot/microros_ws/install/shape_msgs/share/shape_msgs/environment/path.sh
[10.431s] -- Installing: /home/user/robo/sb-robot/microros_ws/install/shape_msgs/share/shape_msgs/environment/path.dsv
[10.431s] -- Installing: /home/user/robo/sb-robot/microros_ws/install/shape_msgs/share/shape_msgs/local_setup.bash
[10.431s] -- Installing: /home/user/robo/sb-robot/microros_ws/install/shape_msgs/share/shape_msgs/local_setup.sh
[10.431s] -- Installing: /home/user/robo/sb-robot/microros_ws/install/shape_msgs/share/shape_msgs/local_setup.zsh
[10.431s] -- Installing: /home/user/robo/sb-robot/microros_ws/install/shape_msgs/share/shape_msgs/local_setup.dsv
[10.431s] -- Installing: /home/user/robo/sb-robot/microros_ws/install/shape_msgs/share/shape_msgs/package.dsv
[10.432s] -- Installing: /home/user/robo/sb-robot/microros_ws/install/shape_msgs/share/ament_index/resource_index/packages/shape_msgs
[10.432s] -- Installing: /home/user/robo/sb-robot/microros_ws/install/shape_msgs/share/shape_msgs/cmake/export_shape_msgs__rosidl_generator_cExport.cmake
[10.432s] -- Installing: /home/user/robo/sb-robot/microros_ws/install/shape_msgs/share/shape_msgs/cmake/export_shape_msgs__rosidl_generator_cExport-noconfig.cmake
[10.432s] -- Installing: /home/user/robo/sb-robot/microros_ws/install/shape_msgs/share/shape_msgs/cmake/export_shape_msgs__rosidl_typesupport_fastrtps_cExport.cmake
[10.432s] -- Installing: /home/user/robo/sb-robot/microros_ws/install/shape_msgs/share/shape_msgs/cmake/export_shape_msgs__rosidl_typesupport_fastrtps_cExport-noconfig.cmake
[10.432s] -- Installing: /home/user/robo/sb-robot/microros_ws/install/shape_msgs/share/shape_msgs/cmake/export_shape_msgs__rosidl_generator_cppExport.cmake
[10.433s] -- Installing: /home/user/robo/sb-robot/microros_ws/install/shape_msgs/share/shape_msgs/cmake/export_shape_msgs__rosidl_typesupport_fastrtps_cppExport.cmake
[10.433s] -- Installing: /home/user/robo/sb-robot/microros_ws/install/shape_msgs/share/shape_msgs/cmake/export_shape_msgs__rosidl_typesupport_fastrtps_cppExport-noconfig.cmake
[10.434s] -- Installing: /home/user/robo/sb-robot/microros_ws/install/shape_msgs/share/shape_msgs/cmake/shape_msgs__rosidl_typesupport_introspection_cExport.cmake
[10.434s] -- Installing: /home/user/robo/sb-robot/microros_ws/install/shape_msgs/share/shape_msgs/cmake/shape_msgs__rosidl_typesupport_introspection_cExport-noconfig.cmake
[10.434s] -- Installing: /home/user/robo/sb-robot/microros_ws/install/shape_msgs/share/shape_msgs/cmake/shape_msgs__rosidl_typesupport_cExport.cmake
[10.434s] -- Installing: /home/user/robo/sb-robot/microros_ws/install/shape_msgs/share/shape_msgs/cmake/shape_msgs__rosidl_typesupport_cExport-noconfig.cmake
[10.434s] -- Installing: /home/user/robo/sb-robot/microros_ws/install/shape_msgs/share/shape_msgs/cmake/shape_msgs__rosidl_typesupport_introspection_cppExport.cmake
[10.434s] -- Installing: /home/user/robo/sb-robot/microros_ws/install/shape_msgs/share/shape_msgs/cmake/shape_msgs__rosidl_typesupport_introspection_cppExport-noconfig.cmake
[10.434s] -- Installing: /home/user/robo/sb-robot/microros_ws/install/shape_msgs/share/shape_msgs/cmake/shape_msgs__rosidl_typesupport_cppExport.cmake
[10.434s] -- Installing: /home/user/robo/sb-robot/microros_ws/install/shape_msgs/share/shape_msgs/cmake/shape_msgs__rosidl_typesupport_cppExport-noconfig.cmake
[10.434s] -- Installing: /home/user/robo/sb-robot/microros_ws/install/shape_msgs/share/shape_msgs/cmake/export_shape_msgs__rosidl_generator_pyExport.cmake
[10.434s] -- Installing: /home/user/robo/sb-robot/microros_ws/install/shape_msgs/share/shape_msgs/cmake/export_shape_msgs__rosidl_generator_pyExport-noconfig.cmake
[10.435s] -- Installing: /home/user/robo/sb-robot/microros_ws/install/shape_msgs/share/shape_msgs/cmake/rosidl_cmake-extras.cmake
[10.435s] -- Installing: /home/user/robo/sb-robot/microros_ws/install/shape_msgs/share/shape_msgs/cmake/ament_cmake_export_dependencies-extras.cmake
[10.435s] -- Installing: /home/user/robo/sb-robot/microros_ws/install/shape_msgs/share/shape_msgs/cmake/ament_cmake_export_include_directories-extras.cmake
[10.435s] -- Installing: /home/user/robo/sb-robot/microros_ws/install/shape_msgs/share/shape_msgs/cmake/ament_cmake_export_libraries-extras.cmake
[10.435s] -- Installing: /home/user/robo/sb-robot/microros_ws/install/shape_msgs/share/shape_msgs/cmake/ament_cmake_export_targets-extras.cmake
[10.435s] -- Installing: /home/user/robo/sb-robot/microros_ws/install/shape_msgs/share/shape_msgs/cmake/rosidl_cmake_export_typesupport_targets-extras.cmake
[10.435s] -- Installing: /home/user/robo/sb-robot/microros_ws/install/shape_msgs/share/shape_msgs/cmake/rosidl_cmake_export_typesupport_libraries-extras.cmake
[10.435s] -- Installing: /home/user/robo/sb-robot/microros_ws/install/shape_msgs/share/shape_msgs/cmake/shape_msgsConfig.cmake
[10.435s] -- Installing: /home/user/robo/sb-robot/microros_ws/install/shape_msgs/share/shape_msgs/cmake/shape_msgsConfig-version.cmake
[10.435s] -- Installing: /home/user/robo/sb-robot/microros_ws/install/shape_msgs/share/shape_msgs/package.xml
[10.451s] Invoked command in '/home/user/robo/sb-robot/microros_ws/build/shape_msgs' returned '0': AMENT_PREFIX_PATH=/home/user/robo/sb-robot/microros_ws/install/geometry_msgs:/home/user/robo/sb-robot/microros_ws/install/std_msgs:${AMENT_PREFIX_PATH} CMAKE_PREFIX_PATH=/home/user/robo/sb-robot/microros_ws/install/geometry_msgs:/home/user/robo/sb-robot/microros_ws/install/std_msgs:/home/user/robo/sb-robot/microros_ws/install/builtin_interfaces:/home/user/robo/sb-robot/microros_ws/src/install/action_msgs:/home/user/robo/sb-robot/microros_ws/src/install/unique_identifier_msgs:/home/user/robo/sb-robot/microros_ws/src/install/std_srvs:/home/user/robo/sb-robot/microros_ws/src/install/statistics_msgs:/home/user/robo/sb-robot/microros_ws/src/install/rmw_microxrcedds:/home/user/robo/sb-robot/microros_ws/src/install/rosidl_typesupport_microxrcedds_cpp:/home/user/robo/sb-robot/microros_ws/src/install/rosidl_typesupport_microxrcedds_c:/home/user/robo/sb-robot/microros_ws/src/install/rosgraph_msgs:/home/user/robo/sb-robot/microros_ws/src/install/microxrcedds_client:/home/user/robo/sb-robot/microros_ws/src/install/microcdr:/home/user/robo/sb-robot/microros_ws/src/install/micro_ros_utilities:/home/user/robo/sb-robot/microros_ws/src/install/micro_ros_setup:/home/user/robo/sb-robot/microros_ws/src/install/micro_ros_msgs:/home/user/robo/sb-robot/microros_ws/src/install/lifecycle_msgs:/home/user/robo/sb-robot/microros_ws/src/install/complex_msgs:/home/user/robo/sb-robot/microros_ws/src/install/builtin_interfaces:/home/user/robo/sb-robot/microros_ws/install/micro_ros_setup:/home/user/robo/sb-robot/microros_ws/install/micro_ros_agent:/home/user/robo/sb-robot/microros_ws/install/micro_ros_msgs:/opt/ros/humble LD_LIBRARY_PATH=/home/user/robo/sb-robot/microros_ws/install/geometry_msgs/lib:/home/user/robo/sb-robot/microros_ws/install/std_msgs/lib:/home/user/robo/sb-robot/microros_ws/install/builtin_interfaces/lib:/home/user/robo/sb-robot/microros_ws/src/install/action_msgs/lib:/home/user/robo/sb-robot/microros_ws/src/install/unique_identifier_msgs/lib:/home/user/robo/sb-robot/microros_ws/src/install/std_srvs/lib:/home/user/robo/sb-robot/microros_ws/src/install/statistics_msgs/lib:/home/user/robo/sb-robot/microros_ws/src/install/rmw_microxrcedds/lib:/home/user/robo/sb-robot/microros_ws/src/install/rosidl_typesupport_microxrcedds_cpp/lib:/home/user/robo/sb-robot/microros_ws/src/install/rosidl_typesupport_microxrcedds_c/lib:/home/user/robo/sb-robot/microros_ws/src/install/rosgraph_msgs/lib:/home/user/robo/sb-robot/microros_ws/src/install/microxrcedds_client/lib:/home/user/robo/sb-robot/microros_ws/src/install/microcdr/lib:/home/user/robo/sb-robot/microros_ws/src/install/micro_ros_utilities/lib:/home/user/robo/sb-robot/microros_ws/src/install/micro_ros_msgs/lib:/home/user/robo/sb-robot/microros_ws/src/install/lifecycle_msgs/lib:/home/user/robo/sb-robot/microros_ws/src/install/complex_msgs/lib:/home/user/robo/sb-robot/microros_ws/src/install/builtin_interfaces/lib:/home/user/robo/sb-robot/microros_ws/install/micro_ros_agent/lib:/home/user/robo/sb-robot/microros_ws/install/micro_ros_msgs/lib:/usr/lib/x86_64-linux-gnu/gazebo-11/plugins:/opt/ros/humble/opt/rviz_ogre_vendor/lib:/opt/ros/humble/lib/x86_64-linux-gnu:/opt/ros/humble/lib PYTHONPATH=/home/user/robo/sb-robot/microros_ws/install/geometry_msgs/local/lib/python3.10/dist-packages:/home/user/robo/sb-robot/microros_ws/install/std_msgs/local/lib/python3.10/dist-packages:${PYTHONPATH} /usr/bin/cmake --install /home/user/robo/sb-robot/microros_ws/build/shape_msgs
