[0.067s] Invoking command in '/home/user/robo/sb-robot/microros_ws/src/build/rmw_microxrcedds': AMENT_PREFIX_PATH=/home/user/robo/sb-robot/microros_ws/src/install/rosidl_typesupport_microxrcedds_cpp:/home/user/robo/sb-robot/microros_ws/src/install/rosidl_typesupport_microxrcedds_c:/home/user/robo/sb-robot/microros_ws/src/install/micro_ros_msgs:${AMENT_PREFIX_PATH} CMAKE_PREFIX_PATH=/home/user/robo/sb-robot/microros_ws/src/install/rosidl_typesupport_microxrcedds_cpp:/home/user/robo/sb-robot/microros_ws/src/install/rosidl_typesupport_microxrcedds_c:/home/user/robo/sb-robot/microros_ws/src/install/microxrcedds_client:/home/user/robo/sb-robot/microros_ws/src/install/microcdr:/home/user/robo/sb-robot/microros_ws/src/install/micro_ros_msgs:/home/user/robo/sb-robot/microros_ws/install/micro_ros_setup:/home/user/robo/sb-robot/microros_ws/install/micro_ros_agent:/home/user/robo/sb-robot/microros_ws/install/micro_ros_msgs:/home/user/robo/sb-robot/microros_ws/install/builtin_interfaces:/opt/ros/humble LD_LIBRARY_PATH=/home/user/robo/sb-robot/microros_ws/src/install/rosidl_typesupport_microxrcedds_cpp/lib:/home/user/robo/sb-robot/microros_ws/src/install/rosidl_typesupport_microxrcedds_c/lib:/home/user/robo/sb-robot/microros_ws/src/install/microxrcedds_client/lib:/home/user/robo/sb-robot/microros_ws/src/install/microcdr/lib:/home/user/robo/sb-robot/microros_ws/src/install/micro_ros_msgs/lib:${LD_LIBRARY_PATH} PYTHONPATH=/home/user/robo/sb-robot/microros_ws/src/install/rosidl_typesupport_microxrcedds_cpp/local/lib/python3.10/dist-packages:/home/user/robo/sb-robot/microros_ws/src/install/rosidl_typesupport_microxrcedds_c/local/lib/python3.10/dist-packages:/home/user/robo/sb-robot/microros_ws/src/install/micro_ros_msgs/local/lib/python3.10/dist-packages:${PYTHONPATH} /usr/bin/cmake /home/user/robo/sb-robot/microros_ws/src/uros/rmw_microxrcedds/rmw_microxrcedds_c -DRMW_UXRCE_TRANSPORT=udp -DRMW_UXRCE_DEFAULT_UDP_IP=127.0.0.1 -DRMW_UXRCE_DEFAULT_UDP_PORT=8888 -DRMW_UXRCE_MAX_NODES=15 -DRMW_UXRCE_MAX_PUBLISHERS=15 -DRMW_UXRCE_MAX_SUBSCRIPTIONS=15 -DRMW_UXRCE_MAX_SERVICES=15 -DRMW_UXRCE_MAX_CLIENTS=15 -DRMW_UXRCE_STREAM_HISTORY=32 -DRMW_UXRCE_MAX_HISTORY=10 -DCMAKE_INSTALL_PREFIX=/home/user/robo/sb-robot/microros_ws/src/install/rmw_microxrcedds
[0.204s] -- The C compiler identification is GNU 11.4.0
[0.233s] -- Detecting C compiler ABI info
[0.396s] -- Detecting C compiler ABI info - done
[0.410s] -- Check for working C compiler: /usr/bin/cc - skipped
[0.411s] -- Detecting C compile features
[0.411s] -- Detecting C compile features - done
[0.419s] -- Found ament_cmake_ros: 0.10.0 (/opt/ros/humble/share/ament_cmake_ros/cmake)
[0.657s] -- Found Python3: /usr/bin/python3 (found version "3.10.12") found components: Interpreter 
[0.753s] -- Found rcutils: 5.1.6 (/opt/ros/humble/share/rcutils/cmake)
[0.767s] -- Found rosidl_runtime_c: 3.1.6 (/opt/ros/humble/share/rosidl_runtime_c/cmake)
[0.778s] -- Found rmw: 6.1.2 (/opt/ros/humble/share/rmw/cmake)
[0.782s] -- Found rosidl_typesupport_microxrcedds_c: 3.0.1 (/home/user/robo/sb-robot/microros_ws/src/install/rosidl_typesupport_microxrcedds_c/share/rosidl_typesupport_microxrcedds_c/cmake)
[0.790s] -- Found rosidl_adapter: 3.1.6 (/opt/ros/humble/share/rosidl_adapter/cmake)
[0.799s] -- Found ament_lint_auto: 0.12.11 (/opt/ros/humble/share/ament_lint_auto/cmake)
[0.948s] -- The CXX compiler identification is GNU 11.4.0
[0.955s] -- Detecting CXX compiler ABI info
[1.046s] -- Detecting CXX compiler ABI info - done
[1.055s] -- Check for working CXX compiler: /usr/bin/c++ - skipped
[1.055s] -- Detecting CXX compile features
[1.055s] -- Detecting CXX compile features - done
[1.059s] -- Found gtest sources under '/opt/ros/humble/src/gtest_vendor': C++ tests using 'Google Test' will be built
[1.062s] -- Looking for pthread.h
[1.132s] -- Looking for pthread.h - found
[1.133s] -- Performing Test CMAKE_HAVE_LIBC_PTHREAD
[1.197s] -- Performing Test CMAKE_HAVE_LIBC_PTHREAD - Success
[1.198s] -- Found Threads: TRUE  
[1.228s] -- Added test 'copyright' to check source files copyright and LICENSE
[1.233s] -- Added test 'cppcheck' to perform static code analysis on C / C++ code
[1.233s] -- Configured cppcheck include dirs: $<BUILD_INTERFACE:/home/user/robo/sb-robot/microros_ws/src/uros/rmw_microxrcedds/rmw_microxrcedds_c/include>;$<BUILD_INTERFACE:/home/user/robo/sb-robot/microros_ws/src/uros/rmw_microxrcedds/rmw_microxrcedds_c/src>
[1.233s] -- Configured cppcheck exclude dirs and/or files: 
[1.237s] -- Added test 'cpplint' to check C / C++ code against the Google style
[1.237s] -- Configured cpplint exclude dirs and/or files: 
[1.239s] -- Added test 'lint_cmake' to check CMake code style
[1.243s] -- Added test 'uncrustify' to check C / C++ code style
[1.243s] -- Configured uncrustify additional arguments: 
[1.244s] -- Added test 'xmllint' to check XML markup files
[1.246s] -- Configuring done
[1.274s] -- Generating done
[1.282s] -- Build files have been written to: /home/user/robo/sb-robot/microros_ws/src/build/rmw_microxrcedds
[1.290s] Invoked command in '/home/user/robo/sb-robot/microros_ws/src/build/rmw_microxrcedds' returned '0': AMENT_PREFIX_PATH=/home/user/robo/sb-robot/microros_ws/src/install/rosidl_typesupport_microxrcedds_cpp:/home/user/robo/sb-robot/microros_ws/src/install/rosidl_typesupport_microxrcedds_c:/home/user/robo/sb-robot/microros_ws/src/install/micro_ros_msgs:${AMENT_PREFIX_PATH} CMAKE_PREFIX_PATH=/home/user/robo/sb-robot/microros_ws/src/install/rosidl_typesupport_microxrcedds_cpp:/home/user/robo/sb-robot/microros_ws/src/install/rosidl_typesupport_microxrcedds_c:/home/user/robo/sb-robot/microros_ws/src/install/microxrcedds_client:/home/user/robo/sb-robot/microros_ws/src/install/microcdr:/home/user/robo/sb-robot/microros_ws/src/install/micro_ros_msgs:/home/user/robo/sb-robot/microros_ws/install/micro_ros_setup:/home/user/robo/sb-robot/microros_ws/install/micro_ros_agent:/home/user/robo/sb-robot/microros_ws/install/micro_ros_msgs:/home/user/robo/sb-robot/microros_ws/install/builtin_interfaces:/opt/ros/humble LD_LIBRARY_PATH=/home/user/robo/sb-robot/microros_ws/src/install/rosidl_typesupport_microxrcedds_cpp/lib:/home/user/robo/sb-robot/microros_ws/src/install/rosidl_typesupport_microxrcedds_c/lib:/home/user/robo/sb-robot/microros_ws/src/install/microxrcedds_client/lib:/home/user/robo/sb-robot/microros_ws/src/install/microcdr/lib:/home/user/robo/sb-robot/microros_ws/src/install/micro_ros_msgs/lib:${LD_LIBRARY_PATH} PYTHONPATH=/home/user/robo/sb-robot/microros_ws/src/install/rosidl_typesupport_microxrcedds_cpp/local/lib/python3.10/dist-packages:/home/user/robo/sb-robot/microros_ws/src/install/rosidl_typesupport_microxrcedds_c/local/lib/python3.10/dist-packages:/home/user/robo/sb-robot/microros_ws/src/install/micro_ros_msgs/local/lib/python3.10/dist-packages:${PYTHONPATH} /usr/bin/cmake /home/user/robo/sb-robot/microros_ws/src/uros/rmw_microxrcedds/rmw_microxrcedds_c -DRMW_UXRCE_TRANSPORT=udp -DRMW_UXRCE_DEFAULT_UDP_IP=127.0.0.1 -DRMW_UXRCE_DEFAULT_UDP_PORT=8888 -DRMW_UXRCE_MAX_NODES=15 -DRMW_UXRCE_MAX_PUBLISHERS=15 -DRMW_UXRCE_MAX_SUBSCRIPTIONS=15 -DRMW_UXRCE_MAX_SERVICES=15 -DRMW_UXRCE_MAX_CLIENTS=15 -DRMW_UXRCE_STREAM_HISTORY=32 -DRMW_UXRCE_MAX_HISTORY=10 -DCMAKE_INSTALL_PREFIX=/home/user/robo/sb-robot/microros_ws/src/install/rmw_microxrcedds
[1.291s] Invoking command in '/home/user/robo/sb-robot/microros_ws/src/build/rmw_microxrcedds': AMENT_PREFIX_PATH=/home/user/robo/sb-robot/microros_ws/src/install/rosidl_typesupport_microxrcedds_cpp:/home/user/robo/sb-robot/microros_ws/src/install/rosidl_typesupport_microxrcedds_c:/home/user/robo/sb-robot/microros_ws/src/install/micro_ros_msgs:${AMENT_PREFIX_PATH} CMAKE_PREFIX_PATH=/home/user/robo/sb-robot/microros_ws/src/install/rosidl_typesupport_microxrcedds_cpp:/home/user/robo/sb-robot/microros_ws/src/install/rosidl_typesupport_microxrcedds_c:/home/user/robo/sb-robot/microros_ws/src/install/microxrcedds_client:/home/user/robo/sb-robot/microros_ws/src/install/microcdr:/home/user/robo/sb-robot/microros_ws/src/install/micro_ros_msgs:/home/user/robo/sb-robot/microros_ws/install/micro_ros_setup:/home/user/robo/sb-robot/microros_ws/install/micro_ros_agent:/home/user/robo/sb-robot/microros_ws/install/micro_ros_msgs:/home/user/robo/sb-robot/microros_ws/install/builtin_interfaces:/opt/ros/humble LD_LIBRARY_PATH=/home/user/robo/sb-robot/microros_ws/src/install/rosidl_typesupport_microxrcedds_cpp/lib:/home/user/robo/sb-robot/microros_ws/src/install/rosidl_typesupport_microxrcedds_c/lib:/home/user/robo/sb-robot/microros_ws/src/install/microxrcedds_client/lib:/home/user/robo/sb-robot/microros_ws/src/install/microcdr/lib:/home/user/robo/sb-robot/microros_ws/src/install/micro_ros_msgs/lib:${LD_LIBRARY_PATH} PYTHONPATH=/home/user/robo/sb-robot/microros_ws/src/install/rosidl_typesupport_microxrcedds_cpp/local/lib/python3.10/dist-packages:/home/user/robo/sb-robot/microros_ws/src/install/rosidl_typesupport_microxrcedds_c/local/lib/python3.10/dist-packages:/home/user/robo/sb-robot/microros_ws/src/install/micro_ros_msgs/local/lib/python3.10/dist-packages:${PYTHONPATH} /usr/bin/cmake --build /home/user/robo/sb-robot/microros_ws/src/build/rmw_microxrcedds -- -j20 -l20
[1.344s] [  2%] [32mBuilding CXX object gtest/CMakeFiles/gtest.dir/src/gtest-all.cc.o[0m
[1.344s] [  2%] [32mBuilding CXX object gtest/CMakeFiles/gtest_main.dir/src/gtest_main.cc.o[0m
[1.344s] [  5%] [32mBuilding C object CMakeFiles/rmw_microxrcedds.dir/src/memory.c.o[0m
[1.344s] [  5%] [32mBuilding C object CMakeFiles/rmw_microxrcedds.dir/src/rmw_count.c.o[0m
[1.346s] [  5%] [32mBuilding C object CMakeFiles/rmw_microxrcedds.dir/src/rmw_get_gid_for_publisher.c.o[0m
[1.346s] [  7%] [32mBuilding C object CMakeFiles/rmw_microxrcedds.dir/src/rmw_get_implementation_identifier.c.o[0m
[1.346s] [  8%] [32mBuilding C object CMakeFiles/rmw_microxrcedds.dir/src/rmw_client.c.o[0m
[1.347s] [  9%] [32mBuilding C object CMakeFiles/rmw_microxrcedds.dir/src/rmw_compare_gids_equal.c.o[0m
[1.347s] [ 11%] [32mBuilding C object CMakeFiles/rmw_microxrcedds.dir/src/rmw_event.c.o[0m
[1.347s] [ 11%] [32mBuilding C object CMakeFiles/rmw_microxrcedds.dir/src/rmw_features.c.o[0m
[1.347s] [ 13%] [32mBuilding C object CMakeFiles/rmw_microxrcedds.dir/src/rmw_get_serialization_format.c.o[0m
[1.348s] [ 14%] [32mBuilding C object CMakeFiles/rmw_microxrcedds.dir/src/identifiers.c.o[0m
[1.349s] [ 15%] [32mBuilding C object CMakeFiles/rmw_microxrcedds.dir/src/rmw_get_endpoint_network_flow.c.o[0m
[1.350s] [ 16%] [32mBuilding C object CMakeFiles/rmw_microxrcedds.dir/src/rmw_get_topic_endpoint_info.c.o[0m
[1.354s] [ 17%] [32mBuilding C object CMakeFiles/rmw_microxrcedds.dir/src/rmw_guard_condition.c.o[0m
[1.357s] [ 19%] [32mBuilding C object CMakeFiles/rmw_microxrcedds.dir/src/rmw_qos_profile_check_compatible.c.o[0m
[1.400s] [ 20%] [32mBuilding C object CMakeFiles/rmw_microxrcedds.dir/src/rmw_logging.c.o[0m
[1.400s] [ 21%] [32mBuilding C object CMakeFiles/rmw_microxrcedds.dir/src/rmw_init.c.o[0m
[1.402s] [ 22%] [32mBuilding C object CMakeFiles/rmw_microxrcedds.dir/src/rmw_microxrcedds_topic.c.o[0m
[1.405s] [ 23%] [32mBuilding C object CMakeFiles/rmw_microxrcedds.dir/src/rmw_node.c.o[0m
[1.407s] [ 25%] [32mBuilding C object CMakeFiles/rmw_microxrcedds.dir/src/rmw_node_info_and_types.c.o[0m
[1.431s] [ 26%] [32mBuilding C object CMakeFiles/rmw_microxrcedds.dir/src/rmw_node_names.c.o[0m
[1.435s] [ 27%] [32mBuilding C object CMakeFiles/rmw_microxrcedds.dir/src/rmw_publish.c.o[0m
[1.443s] [ 28%] [32mBuilding C object CMakeFiles/rmw_microxrcedds.dir/src/rmw_publisher.c.o[0m
[1.456s] [ 29%] [32mBuilding C object CMakeFiles/rmw_microxrcedds.dir/src/rmw_response.c.o[0m
[1.469s] [ 30%] [32mBuilding C object CMakeFiles/rmw_microxrcedds.dir/src/rmw_request.c.o[0m
[1.473s] [ 32%] [32mBuilding C object CMakeFiles/rmw_microxrcedds.dir/src/rmw_serialize.c.o[0m
[1.475s] [ 33%] [32mBuilding C object CMakeFiles/rmw_microxrcedds.dir/src/rmw_service_server_is_available.c.o[0m
[1.478s] [ 34%] [32mBuilding C object CMakeFiles/rmw_microxrcedds.dir/src/rmw_service.c.o[0m
[1.480s] [ 35%] [32mBuilding C object CMakeFiles/rmw_microxrcedds.dir/src/rmw_service_names_and_types.c.o[0m
[1.491s] [ 36%] [32mBuilding C object CMakeFiles/rmw_microxrcedds.dir/src/rmw_subscription.c.o[0m
[1.496s] [ 38%] [32mBuilding C object CMakeFiles/rmw_microxrcedds.dir/src/rmw_take.c.o[0m
[1.505s] [ 39%] [32mBuilding C object CMakeFiles/rmw_microxrcedds.dir/src/rmw_topic_names_and_types.c.o[0m
[1.512s] [ 40%] [32mBuilding C object CMakeFiles/rmw_microxrcedds.dir/src/rmw_wait.c.o[0m
[1.516s] [ 41%] [32mBuilding C object CMakeFiles/rmw_microxrcedds.dir/src/rmw_trigger_guard_condition.c.o[0m
[1.551s] [ 42%] [32mBuilding C object CMakeFiles/rmw_microxrcedds.dir/src/callbacks.c.o[0m
[1.552s] [ 44%] [32mBuilding C object CMakeFiles/rmw_microxrcedds.dir/src/rmw_event_callbacks.c.o[0m
[1.554s] [ 45%] [32mBuilding C object CMakeFiles/rmw_microxrcedds.dir/src/types.c.o[0m
[1.554s] [ 46%] [32mBuilding C object CMakeFiles/rmw_microxrcedds.dir/src/rmw_wait_set.c.o[0m
[1.562s] [ 47%] [32mBuilding C object CMakeFiles/rmw_microxrcedds.dir/src/utils.c.o[0m
[1.577s] [ 48%] [32mBuilding C object CMakeFiles/rmw_microxrcedds.dir/src/rmw_uxrce_transports.c.o[0m
[1.580s] [ 50%] [32mBuilding C object CMakeFiles/rmw_microxrcedds.dir/src/rmw_microros/continous_serialization.c.o[0m
[1.604s] [ 51%] [32mBuilding C object CMakeFiles/rmw_microxrcedds.dir/src/rmw_microros/init_options.c.o[0m
[1.608s] [ 52%] [32mBuilding C object CMakeFiles/rmw_microxrcedds.dir/src/rmw_microros/time_sync.c.o[0m
[1.617s] [ 53%] [32mBuilding C object CMakeFiles/rmw_microxrcedds.dir/src/rmw_microros/ping.c.o[0m
[1.624s] [ 54%] [32mBuilding C object CMakeFiles/rmw_microxrcedds.dir/src/rmw_microros/discovery.c.o[0m
[1.629s] [ 55%] [32mBuilding C object CMakeFiles/rmw_microxrcedds.dir/src/rmw_microros/timing.c.o[0m
[1.636s] [ 57%] [32mBuilding C object CMakeFiles/rmw_microxrcedds.dir/src/rmw_microros/error_handling.c.o[0m
[1.716s] [ 58%] [32m[1mLinking C shared library librmw_microxrcedds.so[0m
[1.763s] [ 58%] Built target rmw_microxrcedds
[2.592s] [ 59%] [32m[1mLinking CXX static library libgtest_main.a[0m
[2.799s] [ 59%] Built target gtest_main
[6.551s] [ 60%] [32m[1mLinking CXX static library libgtest.a[0m
[6.710s] [ 60%] Built target gtest
[6.741s] [ 61%] [32mBuilding CXX object test/CMakeFiles/test-client.dir/test_client.cpp.o[0m
[6.741s] [ 63%] [32mBuilding CXX object test/CMakeFiles/test-service.dir/test_service.cpp.o[0m
[6.742s] [ 64%] [32mBuilding CXX object test/CMakeFiles/test-client.dir/test_utils.cpp.o[0m
[6.748s] [ 65%] [32mBuilding CXX object test/CMakeFiles/test-pubsub.dir/test_pubsub.cpp.o[0m
[6.751s] [ 66%] [32mBuilding CXX object test/CMakeFiles/test-pubsub.dir/test_utils.cpp.o[0m
[6.752s] [ 67%] [32mBuilding CXX object test/CMakeFiles/test-node.dir/test_node.cpp.o[0m
[6.755s] [ 69%] [32mBuilding CXX object test/CMakeFiles/test-service.dir/test_utils.cpp.o[0m
[6.756s] [ 70%] [32mBuilding CXX object test/CMakeFiles/test-publisher.dir/test_publisher.cpp.o[0m
[6.756s] [ 71%] [32mBuilding CXX object test/CMakeFiles/test-subscriber.dir/test_utils.cpp.o[0m
[6.757s] [ 72%] [32mBuilding CXX object test/CMakeFiles/test-reqres.dir/test_utils.cpp.o[0m
[6.758s] [ 73%] [32mBuilding CXX object test/CMakeFiles/test-subscriber.dir/test_subscription.cpp.o[0m
[6.764s] [ 75%] [32mBuilding CXX object test/CMakeFiles/test-node.dir/test_utils.cpp.o[0m
[6.765s] [ 76%] [32mBuilding CXX object test/CMakeFiles/test-reqres.dir/test_reqres.cpp.o[0m
[6.766s] [ 77%] [32mBuilding CXX object test/CMakeFiles/test-publisher.dir/test_utils.cpp.o[0m
[6.771s] [ 78%] [32mBuilding CXX object test/CMakeFiles/test-rmw.dir/test_rmw.cpp.o[0m
[6.773s] [ 79%] [32mBuilding CXX object test/CMakeFiles/test-topic.dir/test_utils.cpp.o[0m
[6.774s] [ 80%] [32mBuilding CXX object test/CMakeFiles/test-topic.dir/test_topic.cpp.o[0m
[6.777s] [ 82%] [32mBuilding CXX object test/CMakeFiles/test-sizes.dir/test_utils.cpp.o[0m
[6.781s] [ 83%] [32mBuilding CXX object test/CMakeFiles/test-sizes.dir/test_sizes.cpp.o[0m
[6.785s] [ 84%] [32mBuilding CXX object test/CMakeFiles/test-guardcond.dir/test_guard_condition.cpp.o[0m
[7.220s] [ 85%] [32mBuilding CXX object test/CMakeFiles/test-guardcond.dir/test_utils.cpp.o[0m
[7.238s] [ 86%] [32mBuilding CXX object test/CMakeFiles/test-rmw.dir/test_utils.cpp.o[0m
[8.543s] [ 88%] [32m[1mLinking CXX executable test-sizes[0m
[8.833s] [ 89%] [32m[1mLinking CXX executable test-publisher[0m
[8.886s] [ 90%] [32m[1mLinking CXX executable test-guardcond[0m
[8.922s] [ 91%] [32m[1mLinking CXX executable test-rmw[0m
[8.922s] [ 91%] Built target test-sizes
[9.246s] [ 92%] [32m[1mLinking CXX executable test-node[0m
[9.310s] [ 92%] Built target test-guardcond
[9.326s] [ 94%] [32m[1mLinking CXX executable test-subscriber[0m
[9.429s] [ 95%] [32m[1mLinking CXX executable test-client[0m
[9.446s] [ 96%] [32m[1mLinking CXX executable test-pubsub[0m
[9.471s] [ 97%] [32m[1mLinking CXX executable test-service[0m
[9.504s] [ 98%] [32m[1mLinking CXX executable test-reqres[0m
[9.728s] [ 98%] Built target test-publisher
[9.912s] [ 98%] Built target test-rmw
[9.923s] [ 98%] Built target test-node
[9.985s] [100%] [32m[1mLinking CXX executable test-topic[0m
[10.043s] [100%] Built target test-subscriber
[10.456s] [100%] Built target test-client
[10.616s] [100%] Built target test-reqres
[10.713s] [100%] Built target test-pubsub
[10.824s] [100%] Built target test-service
[11.018s] [100%] Built target test-topic
[11.120s] Invoked command in '/home/user/robo/sb-robot/microros_ws/src/build/rmw_microxrcedds' returned '0': AMENT_PREFIX_PATH=/home/user/robo/sb-robot/microros_ws/src/install/rosidl_typesupport_microxrcedds_cpp:/home/user/robo/sb-robot/microros_ws/src/install/rosidl_typesupport_microxrcedds_c:/home/user/robo/sb-robot/microros_ws/src/install/micro_ros_msgs:${AMENT_PREFIX_PATH} CMAKE_PREFIX_PATH=/home/user/robo/sb-robot/microros_ws/src/install/rosidl_typesupport_microxrcedds_cpp:/home/user/robo/sb-robot/microros_ws/src/install/rosidl_typesupport_microxrcedds_c:/home/user/robo/sb-robot/microros_ws/src/install/microxrcedds_client:/home/user/robo/sb-robot/microros_ws/src/install/microcdr:/home/user/robo/sb-robot/microros_ws/src/install/micro_ros_msgs:/home/user/robo/sb-robot/microros_ws/install/micro_ros_setup:/home/user/robo/sb-robot/microros_ws/install/micro_ros_agent:/home/user/robo/sb-robot/microros_ws/install/micro_ros_msgs:/home/user/robo/sb-robot/microros_ws/install/builtin_interfaces:/opt/ros/humble LD_LIBRARY_PATH=/home/user/robo/sb-robot/microros_ws/src/install/rosidl_typesupport_microxrcedds_cpp/lib:/home/user/robo/sb-robot/microros_ws/src/install/rosidl_typesupport_microxrcedds_c/lib:/home/user/robo/sb-robot/microros_ws/src/install/microxrcedds_client/lib:/home/user/robo/sb-robot/microros_ws/src/install/microcdr/lib:/home/user/robo/sb-robot/microros_ws/src/install/micro_ros_msgs/lib:${LD_LIBRARY_PATH} PYTHONPATH=/home/user/robo/sb-robot/microros_ws/src/install/rosidl_typesupport_microxrcedds_cpp/local/lib/python3.10/dist-packages:/home/user/robo/sb-robot/microros_ws/src/install/rosidl_typesupport_microxrcedds_c/local/lib/python3.10/dist-packages:/home/user/robo/sb-robot/microros_ws/src/install/micro_ros_msgs/local/lib/python3.10/dist-packages:${PYTHONPATH} /usr/bin/cmake --build /home/user/robo/sb-robot/microros_ws/src/build/rmw_microxrcedds -- -j20 -l20
[11.121s] Invoking command in '/home/user/robo/sb-robot/microros_ws/src/build/rmw_microxrcedds': AMENT_PREFIX_PATH=/home/user/robo/sb-robot/microros_ws/src/install/rosidl_typesupport_microxrcedds_cpp:/home/user/robo/sb-robot/microros_ws/src/install/rosidl_typesupport_microxrcedds_c:/home/user/robo/sb-robot/microros_ws/src/install/micro_ros_msgs:${AMENT_PREFIX_PATH} CMAKE_PREFIX_PATH=/home/user/robo/sb-robot/microros_ws/src/install/rosidl_typesupport_microxrcedds_cpp:/home/user/robo/sb-robot/microros_ws/src/install/rosidl_typesupport_microxrcedds_c:/home/user/robo/sb-robot/microros_ws/src/install/microxrcedds_client:/home/user/robo/sb-robot/microros_ws/src/install/microcdr:/home/user/robo/sb-robot/microros_ws/src/install/micro_ros_msgs:/home/user/robo/sb-robot/microros_ws/install/micro_ros_setup:/home/user/robo/sb-robot/microros_ws/install/micro_ros_agent:/home/user/robo/sb-robot/microros_ws/install/micro_ros_msgs:/home/user/robo/sb-robot/microros_ws/install/builtin_interfaces:/opt/ros/humble LD_LIBRARY_PATH=/home/user/robo/sb-robot/microros_ws/src/install/rosidl_typesupport_microxrcedds_cpp/lib:/home/user/robo/sb-robot/microros_ws/src/install/rosidl_typesupport_microxrcedds_c/lib:/home/user/robo/sb-robot/microros_ws/src/install/microxrcedds_client/lib:/home/user/robo/sb-robot/microros_ws/src/install/microcdr/lib:/home/user/robo/sb-robot/microros_ws/src/install/micro_ros_msgs/lib:${LD_LIBRARY_PATH} PYTHONPATH=/home/user/robo/sb-robot/microros_ws/src/install/rosidl_typesupport_microxrcedds_cpp/local/lib/python3.10/dist-packages:/home/user/robo/sb-robot/microros_ws/src/install/rosidl_typesupport_microxrcedds_c/local/lib/python3.10/dist-packages:/home/user/robo/sb-robot/microros_ws/src/install/micro_ros_msgs/local/lib/python3.10/dist-packages:${PYTHONPATH} /usr/bin/cmake --install /home/user/robo/sb-robot/microros_ws/src/build/rmw_microxrcedds
[11.163s] -- Install configuration: ""
[11.163s] -- Installing: /home/user/robo/sb-robot/microros_ws/src/install/rmw_microxrcedds/share/rmw_microxrcedds/environment/library_path.sh
[11.163s] -- Installing: /home/user/robo/sb-robot/microros_ws/src/install/rmw_microxrcedds/share/rmw_microxrcedds/environment/library_path.dsv
[11.163s] -- Installing: /home/user/robo/sb-robot/microros_ws/src/install/rmw_microxrcedds/share/ament_index/resource_index/rmw_typesupport_c/rmw_microxrcedds
[11.163s] -- Installing: /home/user/robo/sb-robot/microros_ws/src/install/rmw_microxrcedds/share/ament_index/resource_index/rmw_typesupport/rmw_microxrcedds
[11.163s] -- Installing: /home/user/robo/sb-robot/microros_ws/src/install/rmw_microxrcedds/share/ament_index/resource_index/package_run_dependencies/rmw_microxrcedds
[11.164s] -- Installing: /home/user/robo/sb-robot/microros_ws/src/install/rmw_microxrcedds/share/ament_index/resource_index/parent_prefix_path/rmw_microxrcedds
[11.164s] -- Installing: /home/user/robo/sb-robot/microros_ws/src/install/rmw_microxrcedds/share/rmw_microxrcedds/environment/ament_prefix_path.sh
[11.164s] -- Installing: /home/user/robo/sb-robot/microros_ws/src/install/rmw_microxrcedds/share/rmw_microxrcedds/environment/ament_prefix_path.dsv
[11.164s] -- Installing: /home/user/robo/sb-robot/microros_ws/src/install/rmw_microxrcedds/share/rmw_microxrcedds/environment/path.sh
[11.164s] -- Installing: /home/user/robo/sb-robot/microros_ws/src/install/rmw_microxrcedds/share/rmw_microxrcedds/environment/path.dsv
[11.164s] -- Installing: /home/user/robo/sb-robot/microros_ws/src/install/rmw_microxrcedds/share/rmw_microxrcedds/local_setup.bash
[11.164s] -- Installing: /home/user/robo/sb-robot/microros_ws/src/install/rmw_microxrcedds/share/rmw_microxrcedds/local_setup.sh
[11.174s] -- Installing: /home/user/robo/sb-robot/microros_ws/src/install/rmw_microxrcedds/share/rmw_microxrcedds/local_setup.zsh
[11.174s] -- Installing: /home/user/robo/sb-robot/microros_ws/src/install/rmw_microxrcedds/share/rmw_microxrcedds/local_setup.dsv
[11.174s] -- Installing: /home/user/robo/sb-robot/microros_ws/src/install/rmw_microxrcedds/share/rmw_microxrcedds/package.dsv
[11.174s] -- Installing: /home/user/robo/sb-robot/microros_ws/src/install/rmw_microxrcedds/share/ament_index/resource_index/packages/rmw_microxrcedds
[11.175s] -- Installing: /home/user/robo/sb-robot/microros_ws/src/install/rmw_microxrcedds/share/rmw_microxrcedds/cmake/ament_cmake_export_include_directories-extras.cmake
[11.175s] -- Installing: /home/user/robo/sb-robot/microros_ws/src/install/rmw_microxrcedds/share/rmw_microxrcedds/cmake/ament_cmake_export_libraries-extras.cmake
[11.175s] -- Installing: /home/user/robo/sb-robot/microros_ws/src/install/rmw_microxrcedds/share/rmw_microxrcedds/cmake/ament_cmake_export_dependencies-extras.cmake
[11.175s] -- Installing: /home/user/robo/sb-robot/microros_ws/src/install/rmw_microxrcedds/share/rmw_microxrcedds/cmake/rmw_microxrceddsConfig.cmake
[11.175s] -- Installing: /home/user/robo/sb-robot/microros_ws/src/install/rmw_microxrcedds/share/rmw_microxrcedds/cmake/rmw_microxrceddsConfig-version.cmake
[11.175s] -- Installing: /home/user/robo/sb-robot/microros_ws/src/install/rmw_microxrcedds/share/rmw_microxrcedds/package.xml
[11.175s] -- Up-to-date: /home/user/robo/sb-robot/microros_ws/src/install/rmw_microxrcedds/include
[11.175s] -- Installing: /home/user/robo/sb-robot/microros_ws/src/install/rmw_microxrcedds/include/rmw_microros
[11.175s] -- Installing: /home/user/robo/sb-robot/microros_ws/src/install/rmw_microxrcedds/include/rmw_microros/timing.h
[11.175s] -- Installing: /home/user/robo/sb-robot/microros_ws/src/install/rmw_microxrcedds/include/rmw_microros/custom_transport.h
[11.186s] -- Installing: /home/user/robo/sb-robot/microros_ws/src/install/rmw_microxrcedds/include/rmw_microros/time_sync.h
[11.186s] -- Installing: /home/user/robo/sb-robot/microros_ws/src/install/rmw_microxrcedds/include/rmw_microros/rmw_microros.h
[11.186s] -- Installing: /home/user/robo/sb-robot/microros_ws/src/install/rmw_microxrcedds/include/rmw_microros/discovery.h
[11.186s] -- Installing: /home/user/robo/sb-robot/microros_ws/src/install/rmw_microxrcedds/include/rmw_microros/continous_serialization.h
[11.186s] -- Installing: /home/user/robo/sb-robot/microros_ws/src/install/rmw_microxrcedds/include/rmw_microros/error_handling.h
[11.189s] -- Installing: /home/user/robo/sb-robot/microros_ws/src/install/rmw_microxrcedds/include/rmw_microros/init_options.h
[11.189s] -- Installing: /home/user/robo/sb-robot/microros_ws/src/install/rmw_microxrcedds/include/rmw_microros/ping.h
[11.189s] -- Installing: /home/user/robo/sb-robot/microros_ws/src/install/rmw_microxrcedds/include/rmw_microxrcedds_c
[11.189s] -- Installing: /home/user/robo/sb-robot/microros_ws/src/install/rmw_microxrcedds/include/rmw_microxrcedds_c/rmw_c_macros.h
[11.189s] -- Installing: /home/user/robo/sb-robot/microros_ws/src/install/rmw_microxrcedds/include/rmw_microxrcedds_c/config.h
[11.189s] -- Installing: /home/user/robo/sb-robot/microros_ws/src/install/rmw_microxrcedds/lib/librmw_microxrcedds.so
[11.189s] -- Set runtime path of "/home/user/robo/sb-robot/microros_ws/src/install/rmw_microxrcedds/lib/librmw_microxrcedds.so" to ""
[11.209s] Invoked command in '/home/user/robo/sb-robot/microros_ws/src/build/rmw_microxrcedds' returned '0': AMENT_PREFIX_PATH=/home/user/robo/sb-robot/microros_ws/src/install/rosidl_typesupport_microxrcedds_cpp:/home/user/robo/sb-robot/microros_ws/src/install/rosidl_typesupport_microxrcedds_c:/home/user/robo/sb-robot/microros_ws/src/install/micro_ros_msgs:${AMENT_PREFIX_PATH} CMAKE_PREFIX_PATH=/home/user/robo/sb-robot/microros_ws/src/install/rosidl_typesupport_microxrcedds_cpp:/home/user/robo/sb-robot/microros_ws/src/install/rosidl_typesupport_microxrcedds_c:/home/user/robo/sb-robot/microros_ws/src/install/microxrcedds_client:/home/user/robo/sb-robot/microros_ws/src/install/microcdr:/home/user/robo/sb-robot/microros_ws/src/install/micro_ros_msgs:/home/user/robo/sb-robot/microros_ws/install/micro_ros_setup:/home/user/robo/sb-robot/microros_ws/install/micro_ros_agent:/home/user/robo/sb-robot/microros_ws/install/micro_ros_msgs:/home/user/robo/sb-robot/microros_ws/install/builtin_interfaces:/opt/ros/humble LD_LIBRARY_PATH=/home/user/robo/sb-robot/microros_ws/src/install/rosidl_typesupport_microxrcedds_cpp/lib:/home/user/robo/sb-robot/microros_ws/src/install/rosidl_typesupport_microxrcedds_c/lib:/home/user/robo/sb-robot/microros_ws/src/install/microxrcedds_client/lib:/home/user/robo/sb-robot/microros_ws/src/install/microcdr/lib:/home/user/robo/sb-robot/microros_ws/src/install/micro_ros_msgs/lib:${LD_LIBRARY_PATH} PYTHONPATH=/home/user/robo/sb-robot/microros_ws/src/install/rosidl_typesupport_microxrcedds_cpp/local/lib/python3.10/dist-packages:/home/user/robo/sb-robot/microros_ws/src/install/rosidl_typesupport_microxrcedds_c/local/lib/python3.10/dist-packages:/home/user/robo/sb-robot/microros_ws/src/install/micro_ros_msgs/local/lib/python3.10/dist-packages:${PYTHONPATH} /usr/bin/cmake --install /home/user/robo/sb-robot/microros_ws/src/build/rmw_microxrcedds
