[0.008s] Invoking command in '/home/user/robo/sb-robot/ros_ws/build/sb_robot': CMAKE_PREFIX_PATH=/opt/ros/humble /usr/bin/cmake --build /home/user/robo/sb-robot/ros_ws/build/sb_robot -- -j20 -l20
[0.026s] -- Found ament_cmake: 1.3.11 (/opt/ros/humble/share/ament_cmake/cmake)
[0.101s] -- Override CMake install command with custom implementation using symlinks instead of copying resources
[0.106s] -- Found ament_lint_auto: 0.12.11 (/opt/ros/humble/share/ament_lint_auto/cmake)
[0.145s] -- Configuring done
[0.147s] -- Generating done
[0.147s] -- Build files have been written to: /home/user/robo/sb-robot/ros_ws/build/sb_robot
[0.162s] Invoked command in '/home/user/robo/sb-robot/ros_ws/build/sb_robot' returned '0': CMAKE_PREFIX_PATH=/opt/ros/humble /usr/bin/cmake --build /home/user/robo/sb-robot/ros_ws/build/sb_robot -- -j20 -l20
[0.170s] Invoking command in '/home/user/robo/sb-robot/ros_ws/build/sb_robot': CMAKE_PREFIX_PATH=/opt/ros/humble /usr/bin/cmake --install /home/user/robo/sb-robot/ros_ws/build/sb_robot
[0.175s] -- Install configuration: ""
[0.175s] -- Execute custom install script
[0.176s] -- Up-to-date symlink: /home/user/robo/sb-robot/ros_ws/install/sb_robot/share/sb_robot/config/params_pid
[0.176s] -- Up-to-date symlink: /home/user/robo/sb-robot/ros_ws/install/sb_robot/share/sb_robot/config/pid_config
[0.176s] -- Up-to-date symlink: /home/user/robo/sb-robot/ros_ws/install/sb_robot/share/sb_robot/config/ppp.yaml
[0.176s] -- Up-to-date symlink: /home/user/robo/sb-robot/ros_ws/install/sb_robot/share/sb_robot/meshes/IMU_link.STL
[0.176s] -- Up-to-date symlink: /home/user/robo/sb-robot/ros_ws/install/sb_robot/share/sb_robot/meshes/LW_link.STL
[0.176s] -- Up-to-date symlink: /home/user/robo/sb-robot/ros_ws/install/sb_robot/share/sb_robot/meshes/RW_link.STL
[0.176s] -- Up-to-date symlink: /home/user/robo/sb-robot/ros_ws/install/sb_robot/share/sb_robot/meshes/base_link.STL
[0.176s] -- Up-to-date symlink: /home/user/robo/sb-robot/ros_ws/install/sb_robot/share/sb_robot/meshes/camera_link.STL
[0.176s] -- Up-to-date symlink: /home/user/robo/sb-robot/ros_ws/install/sb_robot/share/sb_robot/meshes/chassis_link.STL
[0.176s] -- Up-to-date symlink: /home/user/robo/sb-robot/ros_ws/install/sb_robot/share/sb_robot/meshes/laser_link.STL
[0.176s] -- Up-to-date symlink: /home/user/robo/sb-robot/ros_ws/install/sb_robot/share/sb_robot/launch/rsp.launch.py
[0.176s] -- Up-to-date symlink: /home/user/robo/sb-robot/ros_ws/install/sb_robot/share/sb_robot/description/robot.urdf.xacro
[0.177s] -- Up-to-date symlink: /home/user/robo/sb-robot/ros_ws/install/sb_robot/share/sb_robot/description/robot_core.xacro
[0.177s] -- Symlinking: /home/user/robo/sb-robot/ros_ws/install/sb_robot/share/sb_robot/description/unused/bno055.xacro
[0.181s] -- Symlinking: /home/user/robo/sb-robot/ros_ws/install/sb_robot/share/sb_robot/description/unused/camera.xacro
[0.186s] -- Symlinking: /home/user/robo/sb-robot/ros_ws/install/sb_robot/share/sb_robot/description/unused/gazebo_control.xacro
[0.191s] -- Symlinking: /home/user/robo/sb-robot/ros_ws/install/sb_robot/share/sb_robot/description/unused/inertial_macros.xacro
[0.197s] -- Symlinking: /home/user/robo/sb-robot/ros_ws/install/sb_robot/share/sb_robot/description/unused/lidar.xacro
[0.202s] -- Symlinking: /home/user/robo/sb-robot/ros_ws/install/sb_robot/share/sb_robot/description/unused/lidar_rotating.xacro
[0.206s] -- Symlinking: /home/user/robo/sb-robot/ros_ws/install/sb_robot/share/sb_robot/description/unused/ros2_control.xacro
[0.211s] -- Up-to-date symlink: /home/user/robo/sb-robot/ros_ws/install/sb_robot/share/ament_index/resource_index/package_run_dependencies/sb_robot
[0.211s] -- Up-to-date symlink: /home/user/robo/sb-robot/ros_ws/install/sb_robot/share/ament_index/resource_index/parent_prefix_path/sb_robot
[0.211s] -- Up-to-date symlink: /home/user/robo/sb-robot/ros_ws/install/sb_robot/share/sb_robot/environment/ament_prefix_path.sh
[0.211s] -- Up-to-date symlink: /home/user/robo/sb-robot/ros_ws/install/sb_robot/share/sb_robot/environment/ament_prefix_path.dsv
[0.211s] -- Up-to-date symlink: /home/user/robo/sb-robot/ros_ws/install/sb_robot/share/sb_robot/environment/path.sh
[0.211s] -- Up-to-date symlink: /home/user/robo/sb-robot/ros_ws/install/sb_robot/share/sb_robot/environment/path.dsv
[0.211s] -- Up-to-date symlink: /home/user/robo/sb-robot/ros_ws/install/sb_robot/share/sb_robot/local_setup.bash
[0.211s] -- Up-to-date symlink: /home/user/robo/sb-robot/ros_ws/install/sb_robot/share/sb_robot/local_setup.sh
[0.211s] -- Up-to-date symlink: /home/user/robo/sb-robot/ros_ws/install/sb_robot/share/sb_robot/local_setup.zsh
[0.212s] -- Up-to-date symlink: /home/user/robo/sb-robot/ros_ws/install/sb_robot/share/sb_robot/local_setup.dsv
[0.212s] -- Symlinking: /home/user/robo/sb-robot/ros_ws/install/sb_robot/share/sb_robot/package.dsv
[0.217s] -- Up-to-date symlink: /home/user/robo/sb-robot/ros_ws/install/sb_robot/share/ament_index/resource_index/packages/sb_robot
[0.218s] -- Up-to-date symlink: /home/user/robo/sb-robot/ros_ws/install/sb_robot/share/sb_robot/cmake/sb_robotConfig.cmake
[0.218s] -- Up-to-date symlink: /home/user/robo/sb-robot/ros_ws/install/sb_robot/share/sb_robot/cmake/sb_robotConfig-version.cmake
[0.218s] -- Up-to-date symlink: /home/user/robo/sb-robot/ros_ws/install/sb_robot/share/sb_robot/package.xml
[0.219s] Invoked command in '/home/user/robo/sb-robot/ros_ws/build/sb_robot' returned '0': CMAKE_PREFIX_PATH=/opt/ros/humble /usr/bin/cmake --install /home/user/robo/sb-robot/ros_ws/build/sb_robot
