[0.006s] Invoking command in '/home/user/robo/sb-robot/ros_ws/build/ws_hw_interface': CMAKE_PREFIX_PATH=/opt/ros/humble /usr/bin/cmake --build /home/user/robo/sb-robot/ros_ws/build/ws_hw_interface -- -j20 -l20
[0.029s] [35m[1mConsolidate compiler generated dependencies of target ws_hw_interface[0m
[0.049s] [ 33%] [32mBuilding CXX object CMakeFiles/ws_hw_interface.dir/src/sb_system.cpp.o[0m
[0.049s] [ 66%] [32mBuilding CXX object CMakeFiles/ws_hw_interface.dir/src/ws_driver.cpp.o[0m
[0.055s] [01m[K/home/user/robo/sb-robot/ros_ws/src/ws_hw_interface/src/ws_driver.cpp:1:10:[m[K [01;31m[Kfatal error: [m[Kws_driver.hpp: No such file or directory
[0.055s]     1 | #include [01;31m[K"ws_driver.hpp"[m[K
[0.055s]       |          [01;31m[K^~~~~~~~~~~~~~~[m[K
[0.055s] compilation terminated.
[0.055s] gmake[2]: *** [CMakeFiles/ws_hw_interface.dir/build.make:90: CMakeFiles/ws_hw_interface.dir/src/ws_driver.cpp.o] Error 1
[0.055s] gmake[2]: *** Waiting for unfinished jobs....
[2.033s] In file included from [01m[K/opt/ros/humble/include/rclcpp/rclcpp/logging.hpp:24[m[K,
[2.033s]                  from [01m[K/opt/ros/humble/include/rclcpp/rclcpp/client.hpp:40[m[K,
[2.033s]                  from [01m[K/opt/ros/humble/include/rclcpp/rclcpp/callback_group.hpp:24[m[K,
[2.033s]                  from [01m[K/opt/ros/humble/include/rclcpp/rclcpp/any_executable.hpp:20[m[K,
[2.033s]                  from [01m[K/opt/ros/humble/include/rclcpp/rclcpp/memory_strategy.hpp:25[m[K,
[2.033s]                  from [01m[K/opt/ros/humble/include/rclcpp/rclcpp/memory_strategies.hpp:18[m[K,
[2.033s]                  from [01m[K/opt/ros/humble/include/rclcpp/rclcpp/executor_options.hpp:20[m[K,
[2.033s]                  from [01m[K/opt/ros/humble/include/rclcpp/rclcpp/executor.hpp:37[m[K,
[2.033s]                  from [01m[K/opt/ros/humble/include/rclcpp/rclcpp/executors/multi_threaded_executor.hpp:25[m[K,
[2.033s]                  from [01m[K/opt/ros/humble/include/rclcpp/rclcpp/executors.hpp:21[m[K,
[2.033s]                  from [01m[K/opt/ros/humble/include/rclcpp/rclcpp/rclcpp.hpp:155[m[K,
[2.033s]                  from [01m[K/home/user/robo/sb-robot/ros_ws/src/ws_hw_interface/src/sb_system.cpp:11[m[K:
[2.033s] [01m[K/home/user/robo/sb-robot/ros_ws/src/ws_hw_interface/src/sb_system.cpp:[m[K In member function ‘[01m[Kvirtual hardware_interface::CallbackReturn ws_hw_interface::SBRobotSystemHardware::on_activate(const rclcpp_lifecycle::State&)[m[K’:
[2.033s] [01m[K/home/user/robo/sb-robot/ros_ws/src/ws_hw_interface/src/sb_system.cpp:179:28:[m[K [01;35m[Kwarning: [m[Kformat ‘[01m[K%s[m[K’ expects argument of type ‘[01m[Kchar*[m[K’, but argument 5 has type ‘[01m[Kstd::string*[m[K’ {aka ‘[01m[Kstd::__cxx11::basic_string<char>*[m[K’} [[01;35m[K]8;;https://gcc.gnu.org/onlinedocs/gcc/Warning-Options.html#index-Wformat=-Wformat=]8;;[m[K]
[2.033s]   179 |     RCLCPP_ERROR(*logger_, [01;35m[K"Failed to connect to WS device at %s with token %s"[m[K, [32m[K&cfg_.device_addr[m[K, &cfg_.device_token);
[2.033s]       |                            [01;35m[K^~~~~~~~~~~~~~~~~~~~~~~~~~~~~~~~~~~~~~~~~~~~~~~~~~~~[m[K  [32m[K~~~~~~~~~~~~~~~~~[m[K
[2.033s]       |                                                                                  [32m[K|[m[K
[2.033s]       |                                                                                  [32m[Kstd::string* {aka std::__cxx11::basic_string<char>*}[m[K
[2.033s] [01m[K/home/user/robo/sb-robot/ros_ws/src/ws_hw_interface/src/sb_system.cpp:179:64:[m[K [01;36m[Knote: [m[Kformat string is defined here
[2.033s]   179 |     RCLCPP_ERROR(*logger_, "Failed to connect to WS device at [01;36m[K%s[m[K with token %s", &cfg_.device_addr, &cfg_.device_token);
[2.034s]       |                                                               [01;36m[K~^[m[K
[2.034s]       |                                                                [01;36m[K|[m[K
[2.034s]       |                                                                [01;36m[Kchar*[m[K
[2.034s] In file included from [01m[K/opt/ros/humble/include/rclcpp/rclcpp/logging.hpp:24[m[K,
[2.034s]                  from [01m[K/opt/ros/humble/include/rclcpp/rclcpp/client.hpp:40[m[K,
[2.034s]                  from [01m[K/opt/ros/humble/include/rclcpp/rclcpp/callback_group.hpp:24[m[K,
[2.034s]                  from [01m[K/opt/ros/humble/include/rclcpp/rclcpp/any_executable.hpp:20[m[K,
[2.034s]                  from [01m[K/opt/ros/humble/include/rclcpp/rclcpp/memory_strategy.hpp:25[m[K,
[2.034s]                  from [01m[K/opt/ros/humble/include/rclcpp/rclcpp/memory_strategies.hpp:18[m[K,
[2.034s]                  from [01m[K/opt/ros/humble/include/rclcpp/rclcpp/executor_options.hpp:20[m[K,
[2.034s]                  from [01m[K/opt/ros/humble/include/rclcpp/rclcpp/executor.hpp:37[m[K,
[2.034s]                  from [01m[K/opt/ros/humble/include/rclcpp/rclcpp/executors/multi_threaded_executor.hpp:25[m[K,
[2.034s]                  from [01m[K/opt/ros/humble/include/rclcpp/rclcpp/executors.hpp:21[m[K,
[2.034s]                  from [01m[K/opt/ros/humble/include/rclcpp/rclcpp/rclcpp.hpp:155[m[K,
[2.034s]                  from [01m[K/home/user/robo/sb-robot/ros_ws/src/ws_hw_interface/src/sb_system.cpp:11[m[K:
[2.034s] [01m[K/home/user/robo/sb-robot/ros_ws/src/ws_hw_interface/src/sb_system.cpp:179:28:[m[K [01;35m[Kwarning: [m[Kformat ‘[01m[K%s[m[K’ expects argument of type ‘[01m[Kchar*[m[K’, but argument 6 has type ‘[01m[Kstd::string*[m[K’ {aka ‘[01m[Kstd::__cxx11::basic_string<char>*[m[K’} [[01;35m[K]8;;https://gcc.gnu.org/onlinedocs/gcc/Warning-Options.html#index-Wformat=-Wformat=]8;;[m[K]
[2.034s]   179 |     RCLCPP_ERROR(*logger_, [01;35m[K"Failed to connect to WS device at %s with token %s"[m[K, &cfg_.device_addr, [32m[K&cfg_.device_token[m[K);
[2.034s]       |                            [01;35m[K^~~~~~~~~~~~~~~~~~~~~~~~~~~~~~~~~~~~~~~~~~~~~~~~~~~~[m[K                     [32m[K~~~~~~~~~~~~~~~~~~[m[K
[2.034s]       |                                                                                                     [32m[K|[m[K
[2.034s]       |                                                                                                     [32m[Kstd::string* {aka std::__cxx11::basic_string<char>*}[m[K
[2.034s] [01m[K/home/user/robo/sb-robot/ros_ws/src/ws_hw_interface/src/sb_system.cpp:179:78:[m[K [01;36m[Knote: [m[Kformat string is defined here
[2.034s]   179 |     RCLCPP_ERROR(*logger_, "Failed to connect to WS device at %s with token [01;36m[K%s[m[K", &cfg_.device_addr, &cfg_.device_token);
[2.034s]       |                                                                             [01;36m[K~^[m[K
[2.034s]       |                                                                              [01;36m[K|[m[K
[2.034s]       |                                                                              [01;36m[Kchar*[m[K
[3.040s] gmake[1]: *** [CMakeFiles/Makefile2:137: CMakeFiles/ws_hw_interface.dir/all] Error 2
[3.040s] gmake: *** [Makefile:146: all] Error 2
[3.043s] Invoked command in '/home/user/robo/sb-robot/ros_ws/build/ws_hw_interface' returned '2': CMAKE_PREFIX_PATH=/opt/ros/humble /usr/bin/cmake --build /home/user/robo/sb-robot/ros_ws/build/ws_hw_interface -- -j20 -l20
