[0.018s] Invoking command in '/home/user/robo/sb-robot/microros_ws/build/std_srvs': CMAKE_PREFIX_PATH=${CMAKE_PREFIX_PATH}:/opt/ros/humble /usr/bin/cmake /home/user/robo/sb-robot/microros_ws/src/ros2/common_interfaces/std_srvs -DCMAKE_INSTALL_PREFIX=/home/user/robo/sb-robot/microros_ws/install/std_srvs
[0.067s] -- The C compiler identification is GNU 11.4.0
[0.104s] -- The CXX compiler identification is GNU 11.4.0
[0.109s] -- Detecting C compiler ABI info
[0.166s] -- Detecting C compiler ABI info - done
[0.171s] -- Check for working C compiler: /usr/bin/cc - skipped
[0.171s] -- Detecting C compile features
[0.171s] -- Detecting C compile features - done
[0.173s] -- Detecting CXX compiler ABI info
[0.241s] -- Detecting CXX compiler ABI info - done
[0.249s] -- Check for working CXX compiler: /usr/bin/c++ - skipped
[0.249s] -- Detecting CXX compile features
[0.250s] -- Detecting CXX compile features - done
[0.254s] -- Found ament_cmake: 1.3.11 (/opt/ros/humble/share/ament_cmake/cmake)
[0.381s] -- Found Python3: /usr/bin/python3 (found version "3.10.12") found components: Interpreter 
[0.456s] -- Found rosidl_default_generators: 1.2.0 (/opt/ros/humble/share/rosidl_default_generators/cmake)
[0.460s] -- Using all available rosidl_typesupport_c: rosidl_typesupport_microxrcedds_c;rosidl_typesupport_fastrtps_c;rosidl_typesupport_introspection_c
[0.467s] -- Found rosidl_adapter: 3.1.6 (/opt/ros/humble/share/rosidl_adapter/cmake)
[0.509s] -- Using all available rosidl_typesupport_cpp: rosidl_typesupport_microxrcedds_cpp;rosidl_typesupport_fastrtps_cpp;rosidl_typesupport_introspection_cpp
[0.741s] -- Found ament_cmake_cppcheck: 0.12.11 (/opt/ros/humble/share/ament_cmake_cppcheck/cmake)
[0.743s] -- Found ament_cmake_cpplint: 0.12.11 (/opt/ros/humble/share/ament_cmake_cpplint/cmake)
[0.746s] -- Found ament_cmake_uncrustify: 0.12.11 (/opt/ros/humble/share/ament_cmake_uncrustify/cmake)
[0.748s] -- Found ament_cmake_ros: 0.10.0 (/opt/ros/humble/share/ament_cmake_ros/cmake)
[0.973s] -- Using all available rosidl_typesupport_c: rosidl_typesupport_microxrcedds_c;rosidl_typesupport_fastrtps_c;rosidl_typesupport_introspection_c
[1.401s] -- Using all available rosidl_typesupport_cpp: rosidl_typesupport_microxrcedds_cpp;rosidl_typesupport_fastrtps_cpp;rosidl_typesupport_introspection_cpp
[1.447s] -- Found PythonInterp: /usr/bin/python3 (found suitable version "3.10.12", minimum required is "3.6") 
[1.448s] -- Found python_cmake_module: 0.10.0 (/opt/ros/humble/share/python_cmake_module/cmake)
[1.490s] -- Found PythonLibs: /usr/lib/x86_64-linux-gnu/libpython3.10.so (found suitable version "3.10.12", minimum required is "3.5") 
[1.490s] -- Using PYTHON_EXECUTABLE: /usr/bin/python3
[1.490s] -- Using PYTHON_INCLUDE_DIRS: /usr/include/python3.10
[1.490s] -- Using PYTHON_LIBRARIES: /usr/lib/x86_64-linux-gnu/libpython3.10.so
[1.527s] -- Found PythonExtra: .so  
[1.613s] -- Found ament_cmake_flake8: 0.12.11 (/opt/ros/humble/share/ament_cmake_flake8/cmake)
[1.621s] -- Found ament_cmake_pep257: 0.12.11 (/opt/ros/humble/share/ament_cmake_pep257/cmake)
[1.647s] -- Configuring done
[1.709s] -- Generating done
[1.727s] -- Build files have been written to: /home/user/robo/sb-robot/microros_ws/build/std_srvs
[1.750s] Invoked command in '/home/user/robo/sb-robot/microros_ws/build/std_srvs' returned '0': CMAKE_PREFIX_PATH=${CMAKE_PREFIX_PATH}:/opt/ros/humble /usr/bin/cmake /home/user/robo/sb-robot/microros_ws/src/ros2/common_interfaces/std_srvs -DCMAKE_INSTALL_PREFIX=/home/user/robo/sb-robot/microros_ws/install/std_srvs
[1.750s] Invoking command in '/home/user/robo/sb-robot/microros_ws/build/std_srvs': CMAKE_PREFIX_PATH=${CMAKE_PREFIX_PATH}:/opt/ros/humble /usr/bin/cmake --build /home/user/robo/sb-robot/microros_ws/build/std_srvs -- -j20 -l20
[1.818s] [  1%] [34m[1mGenerating C code for ROS interfaces[0m
[1.834s] [  3%] [34m[1mGenerating C++ code for ROS interfaces[0m
[1.846s] [  3%] Built target ament_cmake_python_copy_std_srvs
[2.235s] running egg_info
[2.236s] creating std_srvs.egg-info
[2.236s] writing std_srvs.egg-info/PKG-INFO
[2.236s] writing dependency_links to std_srvs.egg-info/dependency_links.txt
[2.236s] writing top-level names to std_srvs.egg-info/top_level.txt
[2.237s] writing manifest file 'std_srvs.egg-info/SOURCES.txt'
[2.239s] reading manifest file 'std_srvs.egg-info/SOURCES.txt'
[2.239s] writing manifest file 'std_srvs.egg-info/SOURCES.txt'
[2.271s] [  3%] Built target ament_cmake_python_build_std_srvs_egg
[2.555s] [  3%] Built target std_srvs__cpp
[2.574s] [  5%] [34m[1mGenerating C++ type support for eProsima Micro XRCE-DDS[0m
[2.579s] [  8%] [34m[1mGenerating C++ introspection for ROS interfaces[0m
[2.579s] [  8%] [34m[1mGenerating C++ type support for eProsima Fast-RTPS[0m
[2.579s] [ 10%] [34m[1mGenerating C++ type support dispatch for ROS interfaces[0m
[2.597s] [ 11%] [32mBuilding C object CMakeFiles/std_srvs__rosidl_generator_c.dir/rosidl_generator_c/std_srvs/srv/detail/empty__functions.c.o[0m
[2.604s] [ 13%] [32mBuilding C object CMakeFiles/std_srvs__rosidl_generator_c.dir/rosidl_generator_c/std_srvs/srv/detail/set_bool__functions.c.o[0m
[2.613s] [ 15%] [32mBuilding C object CMakeFiles/std_srvs__rosidl_generator_c.dir/rosidl_generator_c/std_srvs/srv/detail/trigger__functions.c.o[0m
[2.718s] [ 16%] [32m[1mLinking C shared library libstd_srvs__rosidl_generator_c.so[0m
[2.790s] [ 16%] Built target std_srvs__rosidl_generator_c
[2.806s] [ 18%] [34m[1mGenerating C type support dispatch for ROS interfaces[0m
[2.807s] [ 20%] [34m[1mGenerating C introspection for ROS interfaces[0m
[2.818s] [ 22%] [34m[1mGenerating C type support for eProsima Fast-RTPS[0m
[2.818s] [ 23%] [34m[1mGenerating C type support for eProsima Micro XRCE-DDS[0m
[3.141s] [ 27%] [32mBuilding CXX object CMakeFiles/std_srvs__rosidl_typesupport_cpp.dir/rosidl_typesupport_cpp/std_srvs/srv/empty__type_support.cpp.o[0m
[3.141s] [ 27%] [32mBuilding CXX object CMakeFiles/std_srvs__rosidl_typesupport_cpp.dir/rosidl_typesupport_cpp/std_srvs/srv/set_bool__type_support.cpp.o[0m
[3.143s] [ 28%] [32mBuilding CXX object CMakeFiles/std_srvs__rosidl_typesupport_cpp.dir/rosidl_typesupport_cpp/std_srvs/srv/trigger__type_support.cpp.o[0m
[3.179s] [ 30%] [32mBuilding CXX object CMakeFiles/std_srvs__rosidl_typesupport_introspection_cpp.dir/rosidl_typesupport_introspection_cpp/std_srvs/srv/detail/trigger__type_support.cpp.o[0m
[3.191s] [ 33%] [32mBuilding CXX object CMakeFiles/std_srvs__rosidl_typesupport_introspection_cpp.dir/rosidl_typesupport_introspection_cpp/std_srvs/srv/detail/set_bool__type_support.cpp.o[0m
[3.191s] [ 33%] [32mBuilding CXX object CMakeFiles/std_srvs__rosidl_typesupport_introspection_cpp.dir/rosidl_typesupport_introspection_cpp/std_srvs/srv/detail/empty__type_support.cpp.o[0m
[3.208s] [ 35%] [32mBuilding CXX object CMakeFiles/std_srvs__rosidl_typesupport_fastrtps_cpp.dir/rosidl_typesupport_fastrtps_cpp/std_srvs/srv/detail/dds_fastrtps/empty__type_support.cpp.o[0m
[3.223s] [ 37%] [32mBuilding CXX object CMakeFiles/std_srvs__rosidl_typesupport_fastrtps_cpp.dir/rosidl_typesupport_fastrtps_cpp/std_srvs/srv/detail/dds_fastrtps/set_bool__type_support.cpp.o[0m
[3.223s] [ 38%] [32mBuilding CXX object CMakeFiles/std_srvs__rosidl_typesupport_fastrtps_cpp.dir/rosidl_typesupport_fastrtps_cpp/std_srvs/srv/detail/dds_fastrtps/trigger__type_support.cpp.o[0m
[3.280s] [ 40%] [32mBuilding CXX object CMakeFiles/std_srvs__rosidl_typesupport_microxrcedds_cpp.dir/rosidl_typesupport_microxrcedds_cpp/std_srvs/srv/detail/microxrcedds/empty__type_support_cpp.cpp.o[0m
[3.290s] [ 42%] [32mBuilding CXX object CMakeFiles/std_srvs__rosidl_typesupport_microxrcedds_cpp.dir/rosidl_typesupport_microxrcedds_cpp/std_srvs/srv/detail/microxrcedds/trigger__type_support_cpp.cpp.o[0m
[3.291s] [ 44%] [32mBuilding CXX object CMakeFiles/std_srvs__rosidl_typesupport_microxrcedds_cpp.dir/rosidl_typesupport_microxrcedds_cpp/std_srvs/srv/detail/microxrcedds/set_bool__type_support_cpp.cpp.o[0m
[3.522s] [ 45%] [32mBuilding CXX object CMakeFiles/std_srvs__rosidl_typesupport_c.dir/rosidl_typesupport_c/std_srvs/srv/set_bool__type_support.cpp.o[0m
[3.536s] [ 47%] [32mBuilding CXX object CMakeFiles/std_srvs__rosidl_typesupport_c.dir/rosidl_typesupport_c/std_srvs/srv/empty__type_support.cpp.o[0m
[3.536s] [ 49%] [32mBuilding CXX object CMakeFiles/std_srvs__rosidl_typesupport_c.dir/rosidl_typesupport_c/std_srvs/srv/trigger__type_support.cpp.o[0m
[3.611s] [ 50%] [32mBuilding C object CMakeFiles/std_srvs__rosidl_typesupport_introspection_c.dir/rosidl_typesupport_introspection_c/std_srvs/srv/detail/trigger__type_support.c.o[0m
[3.611s] [ 52%] [32mBuilding C object CMakeFiles/std_srvs__rosidl_typesupport_introspection_c.dir/rosidl_typesupport_introspection_c/std_srvs/srv/detail/set_bool__type_support.c.o[0m
[3.612s] [ 54%] [32mBuilding C object CMakeFiles/std_srvs__rosidl_typesupport_introspection_c.dir/rosidl_typesupport_introspection_c/std_srvs/srv/detail/empty__type_support.c.o[0m
[3.618s] [ 55%] [32m[1mLinking CXX shared library libstd_srvs__rosidl_typesupport_c.so[0m
[3.724s] [ 57%] [32m[1mLinking C shared library libstd_srvs__rosidl_typesupport_introspection_c.so[0m
[3.734s] [ 57%] Built target std_srvs__rosidl_typesupport_c
[3.793s] [ 59%] [32mBuilding CXX object CMakeFiles/std_srvs__rosidl_typesupport_fastrtps_c.dir/rosidl_typesupport_fastrtps_c/std_srvs/srv/detail/empty__type_support_c.cpp.o[0m
[3.802s] [ 61%] [32mBuilding CXX object CMakeFiles/std_srvs__rosidl_typesupport_fastrtps_c.dir/rosidl_typesupport_fastrtps_c/std_srvs/srv/detail/set_bool__type_support_c.cpp.o[0m
[3.802s] [ 62%] [32mBuilding CXX object CMakeFiles/std_srvs__rosidl_typesupport_fastrtps_c.dir/rosidl_typesupport_fastrtps_c/std_srvs/srv/detail/trigger__type_support_c.cpp.o[0m
[3.833s] [ 62%] Built target std_srvs__rosidl_typesupport_introspection_c
[3.856s] [ 64%] [32mBuilding C object CMakeFiles/std_srvs__rosidl_typesupport_microxrcedds_c.dir/rosidl_typesupport_microxrcedds_c/std_srvs/srv/detail/microxrcedds/set_bool__type_support_c.c.o[0m
[3.856s] [ 66%] [32mBuilding C object CMakeFiles/std_srvs__rosidl_typesupport_microxrcedds_c.dir/rosidl_typesupport_microxrcedds_c/std_srvs/srv/detail/microxrcedds/trigger__type_support_c.c.o[0m
[3.860s] [ 67%] [32mBuilding C object CMakeFiles/std_srvs__rosidl_typesupport_microxrcedds_c.dir/rosidl_typesupport_microxrcedds_c/std_srvs/srv/detail/microxrcedds/empty__type_support_c.c.o[0m
[3.905s] [ 69%] [32m[1mLinking CXX shared library libstd_srvs__rosidl_typesupport_cpp.so[0m
[3.934s] [ 71%] [32m[1mLinking C shared library libstd_srvs__rosidl_typesupport_microxrcedds_c.so[0m
[3.941s] [ 72%] [32m[1mLinking CXX shared library libstd_srvs__rosidl_typesupport_introspection_cpp.so[0m
[3.978s] [ 72%] Built target std_srvs__rosidl_typesupport_cpp
[3.981s] [ 74%] [32m[1mLinking CXX shared library libstd_srvs__rosidl_typesupport_microxrcedds_cpp.so[0m
[4.001s] [ 74%] Built target std_srvs__rosidl_typesupport_microxrcedds_c
[4.110s] [ 74%] Built target std_srvs__rosidl_typesupport_introspection_cpp
[4.144s] [ 76%] [32m[1mLinking CXX shared library libstd_srvs__rosidl_typesupport_fastrtps_cpp.so[0m
[4.201s] [ 76%] Built target std_srvs__rosidl_typesupport_microxrcedds_cpp
[4.337s] [ 76%] Built target std_srvs__rosidl_typesupport_fastrtps_cpp
[4.348s] [ 77%] [32m[1mLinking CXX shared library libstd_srvs__rosidl_typesupport_fastrtps_c.so[0m
[4.508s] [ 77%] Built target std_srvs__rosidl_typesupport_fastrtps_c
[4.540s] [ 77%] Built target std_srvs
[4.577s] [ 79%] [34m[1mGenerating Python code for ROS interfaces[0m
[5.593s] [ 79%] Built target std_srvs__py
[5.672s] [ 81%] [32mBuilding C object CMakeFiles/std_srvs__rosidl_generator_py.dir/rosidl_generator_py/std_srvs/srv/_set_bool_s.c.o[0m
[5.679s] [ 84%] [32mBuilding C object CMakeFiles/std_srvs__rosidl_generator_py.dir/rosidl_generator_py/std_srvs/srv/_empty_s.c.o[0m
[5.679s] [ 84%] [32mBuilding C object CMakeFiles/std_srvs__rosidl_generator_py.dir/rosidl_generator_py/std_srvs/srv/_trigger_s.c.o[0m
[5.926s] [ 86%] [32m[1mLinking C shared library rosidl_generator_py/std_srvs/libstd_srvs__rosidl_generator_py.so[0m
[6.032s] [ 86%] Built target std_srvs__rosidl_generator_py
[6.100s] [ 88%] [32mBuilding C object CMakeFiles/std_srvs__rosidl_typesupport_c__pyext.dir/rosidl_generator_py/std_srvs/_std_srvs_s.ep.rosidl_typesupport_c.c.o[0m
[6.102s] [ 89%] [32mBuilding C object CMakeFiles/std_srvs__rosidl_typesupport_introspection_c__pyext.dir/rosidl_generator_py/std_srvs/_std_srvs_s.ep.rosidl_typesupport_introspection_c.c.o[0m
[6.107s] [ 91%] [32mBuilding C object CMakeFiles/std_srvs__rosidl_typesupport_fastrtps_c__pyext.dir/rosidl_generator_py/std_srvs/_std_srvs_s.ep.rosidl_typesupport_fastrtps_c.c.o[0m
[6.123s] [ 93%] [32mBuilding C object CMakeFiles/std_srvs__rosidl_typesupport_microxrcedds_c__pyext.dir/rosidl_generator_py/std_srvs/_std_srvs_s.ep.rosidl_typesupport_microxrcedds_c.c.o[0m
[6.389s] [ 94%] [32m[1mLinking C shared library rosidl_generator_py/std_srvs/std_srvs_s__rosidl_typesupport_c.cpython-310-x86_64-linux-gnu.so[0m
[6.397s] [ 96%] [32m[1mLinking C shared library rosidl_generator_py/std_srvs/std_srvs_s__rosidl_typesupport_microxrcedds_c.cpython-310-x86_64-linux-gnu.so[0m
[6.442s] [ 98%] [32m[1mLinking C shared library rosidl_generator_py/std_srvs/std_srvs_s__rosidl_typesupport_introspection_c.cpython-310-x86_64-linux-gnu.so[0m
[6.455s] [100%] [32m[1mLinking C shared library rosidl_generator_py/std_srvs/std_srvs_s__rosidl_typesupport_fastrtps_c.cpython-310-x86_64-linux-gnu.so[0m
[6.500s] [100%] Built target std_srvs__rosidl_typesupport_microxrcedds_c__pyext
[6.510s] [100%] Built target std_srvs__rosidl_typesupport_c__pyext
[6.581s] [100%] Built target std_srvs__rosidl_typesupport_fastrtps_c__pyext
[6.581s] [100%] Built target std_srvs__rosidl_typesupport_introspection_c__pyext
[6.630s] Invoked command in '/home/user/robo/sb-robot/microros_ws/build/std_srvs' returned '0': CMAKE_PREFIX_PATH=${CMAKE_PREFIX_PATH}:/opt/ros/humble /usr/bin/cmake --build /home/user/robo/sb-robot/microros_ws/build/std_srvs -- -j20 -l20
[6.631s] Invoking command in '/home/user/robo/sb-robot/microros_ws/build/std_srvs': CMAKE_PREFIX_PATH=${CMAKE_PREFIX_PATH}:/opt/ros/humble /usr/bin/cmake --install /home/user/robo/sb-robot/microros_ws/build/std_srvs
[6.646s] -- Install configuration: ""
[6.647s] -- Installing: /home/user/robo/sb-robot/microros_ws/install/std_srvs/share/ament_index/resource_index/rosidl_interfaces/std_srvs
[6.647s] -- Installing: /home/user/robo/sb-robot/microros_ws/install/std_srvs/include/std_srvs/std_srvs
[6.647s] -- Installing: /home/user/robo/sb-robot/microros_ws/install/std_srvs/include/std_srvs/std_srvs/srv
[6.647s] -- Installing: /home/user/robo/sb-robot/microros_ws/install/std_srvs/include/std_srvs/std_srvs/srv/detail
[6.647s] -- Installing: /home/user/robo/sb-robot/microros_ws/install/std_srvs/include/std_srvs/std_srvs/srv/detail/empty__type_support.h
[6.647s] -- Installing: /home/user/robo/sb-robot/microros_ws/install/std_srvs/include/std_srvs/std_srvs/srv/detail/set_bool__functions.c
[6.647s] -- Installing: /home/user/robo/sb-robot/microros_ws/install/std_srvs/include/std_srvs/std_srvs/srv/detail/empty__functions.c
[6.648s] -- Installing: /home/user/robo/sb-robot/microros_ws/install/std_srvs/include/std_srvs/std_srvs/srv/detail/set_bool__functions.h
[6.648s] -- Installing: /home/user/robo/sb-robot/microros_ws/install/std_srvs/include/std_srvs/std_srvs/srv/detail/set_bool__struct.h
[6.648s] -- Installing: /home/user/robo/sb-robot/microros_ws/install/std_srvs/include/std_srvs/std_srvs/srv/detail/trigger__functions.c
[6.648s] -- Installing: /home/user/robo/sb-robot/microros_ws/install/std_srvs/include/std_srvs/std_srvs/srv/detail/trigger__functions.h
[6.648s] -- Installing: /home/user/robo/sb-robot/microros_ws/install/std_srvs/include/std_srvs/std_srvs/srv/detail/empty__struct.h
[6.648s] -- Installing: /home/user/robo/sb-robot/microros_ws/install/std_srvs/include/std_srvs/std_srvs/srv/detail/trigger__type_support.h
[6.648s] -- Installing: /home/user/robo/sb-robot/microros_ws/install/std_srvs/include/std_srvs/std_srvs/srv/detail/trigger__struct.h
[6.648s] -- Installing: /home/user/robo/sb-robot/microros_ws/install/std_srvs/include/std_srvs/std_srvs/srv/detail/empty__functions.h
[6.648s] -- Installing: /home/user/robo/sb-robot/microros_ws/install/std_srvs/include/std_srvs/std_srvs/srv/detail/set_bool__type_support.h
[6.649s] -- Installing: /home/user/robo/sb-robot/microros_ws/install/std_srvs/include/std_srvs/std_srvs/srv/empty.h
[6.649s] -- Installing: /home/user/robo/sb-robot/microros_ws/install/std_srvs/include/std_srvs/std_srvs/srv/set_bool.h
[6.649s] -- Installing: /home/user/robo/sb-robot/microros_ws/install/std_srvs/include/std_srvs/std_srvs/srv/trigger.h
[6.649s] -- Installing: /home/user/robo/sb-robot/microros_ws/install/std_srvs/include/std_srvs/std_srvs/msg
[6.649s] -- Installing: /home/user/robo/sb-robot/microros_ws/install/std_srvs/include/std_srvs/std_srvs/msg/rosidl_generator_c__visibility_control.h
[6.649s] -- Installing: /home/user/robo/sb-robot/microros_ws/install/std_srvs/share/std_srvs/environment/library_path.sh
[6.649s] -- Installing: /home/user/robo/sb-robot/microros_ws/install/std_srvs/share/std_srvs/environment/library_path.dsv
[6.649s] -- Installing: /home/user/robo/sb-robot/microros_ws/install/std_srvs/lib/libstd_srvs__rosidl_generator_c.so
[6.649s] -- Set runtime path of "/home/user/robo/sb-robot/microros_ws/install/std_srvs/lib/libstd_srvs__rosidl_generator_c.so" to ""
[6.649s] -- Up-to-date: /home/user/robo/sb-robot/microros_ws/install/std_srvs/include/std_srvs
[6.649s] -- Installing: /home/user/robo/sb-robot/microros_ws/install/std_srvs/include/std_srvs/srv
[6.649s] -- Installing: /home/user/robo/sb-robot/microros_ws/install/std_srvs/include/std_srvs/srv/detail
[6.649s] -- Installing: /home/user/robo/sb-robot/microros_ws/install/std_srvs/include/std_srvs/srv/detail/microxrcedds
[6.658s] -- Installing: /home/user/robo/sb-robot/microros_ws/install/std_srvs/include/std_srvs/srv/detail/set_bool__rosidl_typesupport_microxrcedds_c.h
[6.659s] -- Installing: /home/user/robo/sb-robot/microros_ws/install/std_srvs/include/std_srvs/srv/detail/trigger__rosidl_typesupport_microxrcedds_c.h
[6.659s] -- Installing: /home/user/robo/sb-robot/microros_ws/install/std_srvs/include/std_srvs/srv/detail/empty__rosidl_typesupport_microxrcedds_c.h
[6.659s] -- Installing: /home/user/robo/sb-robot/microros_ws/install/std_srvs/include/std_srvs/msg
[6.659s] -- Installing: /home/user/robo/sb-robot/microros_ws/install/std_srvs/include/std_srvs/msg/rosidl_typesupport_microxrcedds_c__visibility_control.h
[6.659s] -- Installing: /home/user/robo/sb-robot/microros_ws/install/std_srvs/lib/libstd_srvs__rosidl_typesupport_microxrcedds_c.so
[6.659s] -- Set runtime path of "/home/user/robo/sb-robot/microros_ws/install/std_srvs/lib/libstd_srvs__rosidl_typesupport_microxrcedds_c.so" to ""
[6.659s] -- Up-to-date: /home/user/robo/sb-robot/microros_ws/install/std_srvs/include/std_srvs/std_srvs
[6.659s] -- Up-to-date: /home/user/robo/sb-robot/microros_ws/install/std_srvs/include/std_srvs/std_srvs/srv
[6.659s] -- Up-to-date: /home/user/robo/sb-robot/microros_ws/install/std_srvs/include/std_srvs/std_srvs/srv/detail
[6.659s] -- Installing: /home/user/robo/sb-robot/microros_ws/install/std_srvs/include/std_srvs/std_srvs/srv/detail/trigger__rosidl_typesupport_fastrtps_c.h
[6.659s] -- Installing: /home/user/robo/sb-robot/microros_ws/install/std_srvs/include/std_srvs/std_srvs/srv/detail/set_bool__rosidl_typesupport_fastrtps_c.h
[6.660s] -- Installing: /home/user/robo/sb-robot/microros_ws/install/std_srvs/include/std_srvs/std_srvs/srv/detail/empty__rosidl_typesupport_fastrtps_c.h
[6.660s] -- Up-to-date: /home/user/robo/sb-robot/microros_ws/install/std_srvs/include/std_srvs/std_srvs/msg
[6.660s] -- Installing: /home/user/robo/sb-robot/microros_ws/install/std_srvs/include/std_srvs/std_srvs/msg/rosidl_typesupport_fastrtps_c__visibility_control.h
[6.660s] -- Installing: /home/user/robo/sb-robot/microros_ws/install/std_srvs/lib/libstd_srvs__rosidl_typesupport_fastrtps_c.so
[6.660s] -- Set runtime path of "/home/user/robo/sb-robot/microros_ws/install/std_srvs/lib/libstd_srvs__rosidl_typesupport_fastrtps_c.so" to ""
[6.660s] -- Up-to-date: /home/user/robo/sb-robot/microros_ws/install/std_srvs/include/std_srvs/std_srvs
[6.660s] -- Up-to-date: /home/user/robo/sb-robot/microros_ws/install/std_srvs/include/std_srvs/std_srvs/srv
[6.660s] -- Up-to-date: /home/user/robo/sb-robot/microros_ws/install/std_srvs/include/std_srvs/std_srvs/srv/detail
[6.660s] -- Installing: /home/user/robo/sb-robot/microros_ws/install/std_srvs/include/std_srvs/std_srvs/srv/detail/trigger__rosidl_typesupport_introspection_c.h
[6.660s] -- Installing: /home/user/robo/sb-robot/microros_ws/install/std_srvs/include/std_srvs/std_srvs/srv/detail/set_bool__type_support.c
[6.660s] -- Installing: /home/user/robo/sb-robot/microros_ws/install/std_srvs/include/std_srvs/std_srvs/srv/detail/set_bool__rosidl_typesupport_introspection_c.h
[6.660s] -- Installing: /home/user/robo/sb-robot/microros_ws/install/std_srvs/include/std_srvs/std_srvs/srv/detail/empty__rosidl_typesupport_introspection_c.h
[6.660s] -- Installing: /home/user/robo/sb-robot/microros_ws/install/std_srvs/include/std_srvs/std_srvs/srv/detail/trigger__type_support.c
[6.661s] -- Installing: /home/user/robo/sb-robot/microros_ws/install/std_srvs/include/std_srvs/std_srvs/srv/detail/empty__type_support.c
[6.661s] -- Up-to-date: /home/user/robo/sb-robot/microros_ws/install/std_srvs/include/std_srvs/std_srvs/msg
[6.661s] -- Installing: /home/user/robo/sb-robot/microros_ws/install/std_srvs/include/std_srvs/std_srvs/msg/rosidl_typesupport_introspection_c__visibility_control.h
[6.661s] -- Installing: /home/user/robo/sb-robot/microros_ws/install/std_srvs/lib/libstd_srvs__rosidl_typesupport_introspection_c.so
[6.661s] -- Set runtime path of "/home/user/robo/sb-robot/microros_ws/install/std_srvs/lib/libstd_srvs__rosidl_typesupport_introspection_c.so" to ""
[6.661s] -- Installing: /home/user/robo/sb-robot/microros_ws/install/std_srvs/lib/libstd_srvs__rosidl_typesupport_c.so
[6.661s] -- Set runtime path of "/home/user/robo/sb-robot/microros_ws/install/std_srvs/lib/libstd_srvs__rosidl_typesupport_c.so" to ""
[6.661s] -- Up-to-date: /home/user/robo/sb-robot/microros_ws/install/std_srvs/include/std_srvs/std_srvs
[6.661s] -- Up-to-date: /home/user/robo/sb-robot/microros_ws/install/std_srvs/include/std_srvs/std_srvs/srv
[6.661s] -- Installing: /home/user/robo/sb-robot/microros_ws/install/std_srvs/include/std_srvs/std_srvs/srv/trigger.hpp
[6.661s] -- Installing: /home/user/robo/sb-robot/microros_ws/install/std_srvs/include/std_srvs/std_srvs/srv/empty.hpp
[6.661s] -- Up-to-date: /home/user/robo/sb-robot/microros_ws/install/std_srvs/include/std_srvs/std_srvs/srv/detail
[6.662s] -- Installing: /home/user/robo/sb-robot/microros_ws/install/std_srvs/include/std_srvs/std_srvs/srv/detail/set_bool__type_support.hpp
[6.662s] -- Installing: /home/user/robo/sb-robot/microros_ws/install/std_srvs/include/std_srvs/std_srvs/srv/detail/empty__builder.hpp
[6.669s] -- Installing: /home/user/robo/sb-robot/microros_ws/install/std_srvs/include/std_srvs/std_srvs/srv/detail/trigger__struct.hpp
[6.669s] -- Installing: /home/user/robo/sb-robot/microros_ws/install/std_srvs/include/std_srvs/std_srvs/srv/detail/empty__struct.hpp
[6.669s] -- Installing: /home/user/robo/sb-robot/microros_ws/install/std_srvs/include/std_srvs/std_srvs/srv/detail/trigger__traits.hpp
[6.669s] -- Installing: /home/user/robo/sb-robot/microros_ws/install/std_srvs/include/std_srvs/std_srvs/srv/detail/set_bool__struct.hpp
[6.670s] -- Installing: /home/user/robo/sb-robot/microros_ws/install/std_srvs/include/std_srvs/std_srvs/srv/detail/set_bool__builder.hpp
[6.670s] -- Installing: /home/user/robo/sb-robot/microros_ws/install/std_srvs/include/std_srvs/std_srvs/srv/detail/set_bool__traits.hpp
[6.670s] -- Installing: /home/user/robo/sb-robot/microros_ws/install/std_srvs/include/std_srvs/std_srvs/srv/detail/empty__type_support.hpp
[6.670s] -- Installing: /home/user/robo/sb-robot/microros_ws/install/std_srvs/include/std_srvs/std_srvs/srv/detail/empty__traits.hpp
[6.670s] -- Installing: /home/user/robo/sb-robot/microros_ws/install/std_srvs/include/std_srvs/std_srvs/srv/detail/trigger__builder.hpp
[6.670s] -- Installing: /home/user/robo/sb-robot/microros_ws/install/std_srvs/include/std_srvs/std_srvs/srv/detail/trigger__type_support.hpp
[6.670s] -- Installing: /home/user/robo/sb-robot/microros_ws/install/std_srvs/include/std_srvs/std_srvs/srv/set_bool.hpp
[6.670s] -- Up-to-date: /home/user/robo/sb-robot/microros_ws/install/std_srvs/include/std_srvs/std_srvs/msg
[6.670s] -- Installing: /home/user/robo/sb-robot/microros_ws/install/std_srvs/include/std_srvs/std_srvs/msg/rosidl_generator_cpp__visibility_control.hpp
[6.670s] -- Up-to-date: /home/user/robo/sb-robot/microros_ws/install/std_srvs/include/std_srvs
[6.670s] -- Up-to-date: /home/user/robo/sb-robot/microros_ws/install/std_srvs/include/std_srvs/srv
[6.670s] -- Up-to-date: /home/user/robo/sb-robot/microros_ws/install/std_srvs/include/std_srvs/srv/detail
[6.671s] -- Up-to-date: /home/user/robo/sb-robot/microros_ws/install/std_srvs/include/std_srvs/srv/detail/microxrcedds
[6.671s] -- Installing: /home/user/robo/sb-robot/microros_ws/install/std_srvs/include/std_srvs/srv/detail/microxrcedds/set_bool__type_support_cpp.cpp
[6.671s] -- Installing: /home/user/robo/sb-robot/microros_ws/install/std_srvs/include/std_srvs/srv/detail/microxrcedds/trigger__type_support_cpp.cpp
[6.671s] -- Installing: /home/user/robo/sb-robot/microros_ws/install/std_srvs/include/std_srvs/srv/detail/microxrcedds/empty__type_support_cpp.cpp
[6.671s] -- Installing: /home/user/robo/sb-robot/microros_ws/install/std_srvs/include/std_srvs/srv/detail/empty__rosidl_typesupport_microxrcedds_cpp.hpp
[6.671s] -- Installing: /home/user/robo/sb-robot/microros_ws/install/std_srvs/include/std_srvs/srv/detail/trigger__rosidl_typesupport_microxrcedds_cpp.hpp
[6.671s] -- Installing: /home/user/robo/sb-robot/microros_ws/install/std_srvs/include/std_srvs/srv/detail/set_bool__rosidl_typesupport_microxrcedds_cpp.hpp
[6.671s] -- Up-to-date: /home/user/robo/sb-robot/microros_ws/install/std_srvs/include/std_srvs/msg
[6.671s] -- Installing: /home/user/robo/sb-robot/microros_ws/install/std_srvs/include/std_srvs/msg/rosidl_typesupport_microxrcedds_cpp__visibility_control.h
[6.671s] -- Installing: /home/user/robo/sb-robot/microros_ws/install/std_srvs/lib/libstd_srvs__rosidl_typesupport_microxrcedds_cpp.so
[6.671s] -- Set runtime path of "/home/user/robo/sb-robot/microros_ws/install/std_srvs/lib/libstd_srvs__rosidl_typesupport_microxrcedds_cpp.so" to ""
[6.671s] -- Up-to-date: /home/user/robo/sb-robot/microros_ws/install/std_srvs/include/std_srvs/std_srvs
[6.671s] -- Up-to-date: /home/user/robo/sb-robot/microros_ws/install/std_srvs/include/std_srvs/std_srvs/srv
[6.672s] -- Up-to-date: /home/user/robo/sb-robot/microros_ws/install/std_srvs/include/std_srvs/std_srvs/srv/detail
[6.672s] -- Installing: /home/user/robo/sb-robot/microros_ws/install/std_srvs/include/std_srvs/std_srvs/srv/detail/empty__rosidl_typesupport_fastrtps_cpp.hpp
[6.672s] -- Installing: /home/user/robo/sb-robot/microros_ws/install/std_srvs/include/std_srvs/std_srvs/srv/detail/trigger__rosidl_typesupport_fastrtps_cpp.hpp
[6.672s] -- Installing: /home/user/robo/sb-robot/microros_ws/install/std_srvs/include/std_srvs/std_srvs/srv/detail/dds_fastrtps
[6.672s] -- Installing: /home/user/robo/sb-robot/microros_ws/install/std_srvs/include/std_srvs/std_srvs/srv/detail/set_bool__rosidl_typesupport_fastrtps_cpp.hpp
[6.672s] -- Up-to-date: /home/user/robo/sb-robot/microros_ws/install/std_srvs/include/std_srvs/std_srvs/msg
[6.672s] -- Installing: /home/user/robo/sb-robot/microros_ws/install/std_srvs/include/std_srvs/std_srvs/msg/rosidl_typesupport_fastrtps_cpp__visibility_control.h
[6.672s] -- Installing: /home/user/robo/sb-robot/microros_ws/install/std_srvs/lib/libstd_srvs__rosidl_typesupport_fastrtps_cpp.so
[6.672s] -- Set runtime path of "/home/user/robo/sb-robot/microros_ws/install/std_srvs/lib/libstd_srvs__rosidl_typesupport_fastrtps_cpp.so" to ""
[6.672s] -- Up-to-date: /home/user/robo/sb-robot/microros_ws/install/std_srvs/include/std_srvs/std_srvs
[6.673s] -- Up-to-date: /home/user/robo/sb-robot/microros_ws/install/std_srvs/include/std_srvs/std_srvs/srv
[6.673s] -- Up-to-date: /home/user/robo/sb-robot/microros_ws/install/std_srvs/include/std_srvs/std_srvs/srv/detail
[6.678s] -- Installing: /home/user/robo/sb-robot/microros_ws/install/std_srvs/include/std_srvs/std_srvs/srv/detail/empty__rosidl_typesupport_introspection_cpp.hpp
[6.678s] -- Installing: /home/user/robo/sb-robot/microros_ws/install/std_srvs/include/std_srvs/std_srvs/srv/detail/trigger__type_support.cpp
[6.678s] -- Installing: /home/user/robo/sb-robot/microros_ws/install/std_srvs/include/std_srvs/std_srvs/srv/detail/set_bool__rosidl_typesupport_introspection_cpp.hpp
[6.678s] -- Installing: /home/user/robo/sb-robot/microros_ws/install/std_srvs/include/std_srvs/std_srvs/srv/detail/set_bool__type_support.cpp
[6.678s] -- Installing: /home/user/robo/sb-robot/microros_ws/install/std_srvs/include/std_srvs/std_srvs/srv/detail/empty__type_support.cpp
[6.678s] -- Installing: /home/user/robo/sb-robot/microros_ws/install/std_srvs/include/std_srvs/std_srvs/srv/detail/trigger__rosidl_typesupport_introspection_cpp.hpp
[6.678s] -- Installing: /home/user/robo/sb-robot/microros_ws/install/std_srvs/lib/libstd_srvs__rosidl_typesupport_introspection_cpp.so
[6.678s] -- Set runtime path of "/home/user/robo/sb-robot/microros_ws/install/std_srvs/lib/libstd_srvs__rosidl_typesupport_introspection_cpp.so" to ""
[6.678s] -- Installing: /home/user/robo/sb-robot/microros_ws/install/std_srvs/lib/libstd_srvs__rosidl_typesupport_cpp.so
[6.679s] -- Set runtime path of "/home/user/robo/sb-robot/microros_ws/install/std_srvs/lib/libstd_srvs__rosidl_typesupport_cpp.so" to ""
[6.679s] -- Installing: /home/user/robo/sb-robot/microros_ws/install/std_srvs/share/std_srvs/environment/pythonpath.sh
[6.679s] -- Installing: /home/user/robo/sb-robot/microros_ws/install/std_srvs/share/std_srvs/environment/pythonpath.dsv
[6.679s] -- Installing: /home/user/robo/sb-robot/microros_ws/install/std_srvs/local/lib/python3.10/dist-packages/std_srvs-4.2.4-py3.10.egg-info
[6.679s] -- Installing: /home/user/robo/sb-robot/microros_ws/install/std_srvs/local/lib/python3.10/dist-packages/std_srvs-4.2.4-py3.10.egg-info/top_level.txt
[6.679s] -- Installing: /home/user/robo/sb-robot/microros_ws/install/std_srvs/local/lib/python3.10/dist-packages/std_srvs-4.2.4-py3.10.egg-info/dependency_links.txt
[6.679s] -- Installing: /home/user/robo/sb-robot/microros_ws/install/std_srvs/local/lib/python3.10/dist-packages/std_srvs-4.2.4-py3.10.egg-info/PKG-INFO
[6.679s] -- Installing: /home/user/robo/sb-robot/microros_ws/install/std_srvs/local/lib/python3.10/dist-packages/std_srvs-4.2.4-py3.10.egg-info/SOURCES.txt
[6.679s] -- Installing: /home/user/robo/sb-robot/microros_ws/install/std_srvs/local/lib/python3.10/dist-packages/std_srvs
[6.679s] -- Installing: /home/user/robo/sb-robot/microros_ws/install/std_srvs/local/lib/python3.10/dist-packages/std_srvs/std_srvs_s__rosidl_typesupport_introspection_c.cpython-310-x86_64-linux-gnu.so
[6.679s] -- Installing: /home/user/robo/sb-robot/microros_ws/install/std_srvs/local/lib/python3.10/dist-packages/std_srvs/std_srvs_s__rosidl_typesupport_fastrtps_c.cpython-310-x86_64-linux-gnu.so
[6.680s] -- Installing: /home/user/robo/sb-robot/microros_ws/install/std_srvs/local/lib/python3.10/dist-packages/std_srvs/_std_srvs_s.ep.rosidl_typesupport_c.c
[6.680s] -- Installing: /home/user/robo/sb-robot/microros_ws/install/std_srvs/local/lib/python3.10/dist-packages/std_srvs/std_srvs_s__rosidl_typesupport_microxrcedds_c.cpython-310-x86_64-linux-gnu.so
[6.680s] -- Installing: /home/user/robo/sb-robot/microros_ws/install/std_srvs/local/lib/python3.10/dist-packages/std_srvs/srv
[6.680s] -- Installing: /home/user/robo/sb-robot/microros_ws/install/std_srvs/local/lib/python3.10/dist-packages/std_srvs/srv/_set_bool.py
[6.680s] -- Installing: /home/user/robo/sb-robot/microros_ws/install/std_srvs/local/lib/python3.10/dist-packages/std_srvs/srv/_trigger.py
[6.680s] -- Installing: /home/user/robo/sb-robot/microros_ws/install/std_srvs/local/lib/python3.10/dist-packages/std_srvs/srv/_empty_s.c
[6.681s] -- Installing: /home/user/robo/sb-robot/microros_ws/install/std_srvs/local/lib/python3.10/dist-packages/std_srvs/srv/__init__.py
[6.681s] -- Installing: /home/user/robo/sb-robot/microros_ws/install/std_srvs/local/lib/python3.10/dist-packages/std_srvs/srv/_empty.py
[6.681s] -- Installing: /home/user/robo/sb-robot/microros_ws/install/std_srvs/local/lib/python3.10/dist-packages/std_srvs/srv/_trigger_s.c
[6.681s] -- Installing: /home/user/robo/sb-robot/microros_ws/install/std_srvs/local/lib/python3.10/dist-packages/std_srvs/srv/_set_bool_s.c
[6.681s] -- Installing: /home/user/robo/sb-robot/microros_ws/install/std_srvs/local/lib/python3.10/dist-packages/std_srvs/_std_srvs_s.ep.rosidl_typesupport_introspection_c.c
[6.681s] -- Installing: /home/user/robo/sb-robot/microros_ws/install/std_srvs/local/lib/python3.10/dist-packages/std_srvs/std_srvs_s__rosidl_typesupport_c.cpython-310-x86_64-linux-gnu.so
[6.681s] -- Installing: /home/user/robo/sb-robot/microros_ws/install/std_srvs/local/lib/python3.10/dist-packages/std_srvs/__init__.py
[6.681s] -- Installing: /home/user/robo/sb-robot/microros_ws/install/std_srvs/local/lib/python3.10/dist-packages/std_srvs/libstd_srvs__rosidl_generator_py.so
[6.681s] -- Installing: /home/user/robo/sb-robot/microros_ws/install/std_srvs/local/lib/python3.10/dist-packages/std_srvs/_std_srvs_s.ep.rosidl_typesupport_microxrcedds_c.c
[6.681s] -- Installing: /home/user/robo/sb-robot/microros_ws/install/std_srvs/local/lib/python3.10/dist-packages/std_srvs/_std_srvs_s.ep.rosidl_typesupport_fastrtps_c.c
[6.764s] Listing '/home/user/robo/sb-robot/microros_ws/install/std_srvs/local/lib/python3.10/dist-packages/std_srvs'...
[6.764s] Compiling '/home/user/robo/sb-robot/microros_ws/install/std_srvs/local/lib/python3.10/dist-packages/std_srvs/__init__.py'...
[6.764s] Listing '/home/user/robo/sb-robot/microros_ws/install/std_srvs/local/lib/python3.10/dist-packages/std_srvs/srv'...
[6.764s] Compiling '/home/user/robo/sb-robot/microros_ws/install/std_srvs/local/lib/python3.10/dist-packages/std_srvs/srv/__init__.py'...
[6.764s] Compiling '/home/user/robo/sb-robot/microros_ws/install/std_srvs/local/lib/python3.10/dist-packages/std_srvs/srv/_empty.py'...
[6.764s] Compiling '/home/user/robo/sb-robot/microros_ws/install/std_srvs/local/lib/python3.10/dist-packages/std_srvs/srv/_set_bool.py'...
[6.764s] Compiling '/home/user/robo/sb-robot/microros_ws/install/std_srvs/local/lib/python3.10/dist-packages/std_srvs/srv/_trigger.py'...
[6.774s] -- Installing: /home/user/robo/sb-robot/microros_ws/install/std_srvs/local/lib/python3.10/dist-packages/std_srvs/std_srvs_s__rosidl_typesupport_microxrcedds_c.cpython-310-x86_64-linux-gnu.so
[6.774s] -- Set runtime path of "/home/user/robo/sb-robot/microros_ws/install/std_srvs/local/lib/python3.10/dist-packages/std_srvs/std_srvs_s__rosidl_typesupport_microxrcedds_c.cpython-310-x86_64-linux-gnu.so" to ""
[6.774s] -- Installing: /home/user/robo/sb-robot/microros_ws/install/std_srvs/local/lib/python3.10/dist-packages/std_srvs/std_srvs_s__rosidl_typesupport_fastrtps_c.cpython-310-x86_64-linux-gnu.so
[6.774s] -- Set runtime path of "/home/user/robo/sb-robot/microros_ws/install/std_srvs/local/lib/python3.10/dist-packages/std_srvs/std_srvs_s__rosidl_typesupport_fastrtps_c.cpython-310-x86_64-linux-gnu.so" to ""
[6.774s] -- Installing: /home/user/robo/sb-robot/microros_ws/install/std_srvs/local/lib/python3.10/dist-packages/std_srvs/std_srvs_s__rosidl_typesupport_introspection_c.cpython-310-x86_64-linux-gnu.so
[6.775s] -- Set runtime path of "/home/user/robo/sb-robot/microros_ws/install/std_srvs/local/lib/python3.10/dist-packages/std_srvs/std_srvs_s__rosidl_typesupport_introspection_c.cpython-310-x86_64-linux-gnu.so" to ""
[6.775s] -- Installing: /home/user/robo/sb-robot/microros_ws/install/std_srvs/local/lib/python3.10/dist-packages/std_srvs/std_srvs_s__rosidl_typesupport_c.cpython-310-x86_64-linux-gnu.so
[6.776s] -- Set runtime path of "/home/user/robo/sb-robot/microros_ws/install/std_srvs/local/lib/python3.10/dist-packages/std_srvs/std_srvs_s__rosidl_typesupport_c.cpython-310-x86_64-linux-gnu.so" to ""
[6.776s] -- Installing: /home/user/robo/sb-robot/microros_ws/install/std_srvs/lib/libstd_srvs__rosidl_generator_py.so
[6.776s] -- Set runtime path of "/home/user/robo/sb-robot/microros_ws/install/std_srvs/lib/libstd_srvs__rosidl_generator_py.so" to ""
[6.776s] -- Installing: /home/user/robo/sb-robot/microros_ws/install/std_srvs/share/std_srvs/srv/Empty.idl
[6.776s] -- Installing: /home/user/robo/sb-robot/microros_ws/install/std_srvs/share/std_srvs/srv/SetBool.idl
[6.777s] -- Installing: /home/user/robo/sb-robot/microros_ws/install/std_srvs/share/std_srvs/srv/Trigger.idl
[6.777s] -- Installing: /home/user/robo/sb-robot/microros_ws/install/std_srvs/share/std_srvs/srv/Empty.srv
[6.777s] -- Installing: /home/user/robo/sb-robot/microros_ws/install/std_srvs/share/std_srvs/srv/Empty_Request.msg
[6.777s] -- Installing: /home/user/robo/sb-robot/microros_ws/install/std_srvs/share/std_srvs/srv/Empty_Response.msg
[6.777s] -- Installing: /home/user/robo/sb-robot/microros_ws/install/std_srvs/share/std_srvs/srv/SetBool.srv
[6.777s] -- Installing: /home/user/robo/sb-robot/microros_ws/install/std_srvs/share/std_srvs/srv/SetBool_Request.msg
[6.777s] -- Installing: /home/user/robo/sb-robot/microros_ws/install/std_srvs/share/std_srvs/srv/SetBool_Response.msg
[6.778s] -- Installing: /home/user/robo/sb-robot/microros_ws/install/std_srvs/share/std_srvs/srv/Trigger.srv
[6.778s] -- Installing: /home/user/robo/sb-robot/microros_ws/install/std_srvs/share/std_srvs/srv/Trigger_Request.msg
[6.780s] -- Installing: /home/user/robo/sb-robot/microros_ws/install/std_srvs/share/std_srvs/srv/Trigger_Response.msg
[6.780s] -- Installing: /home/user/robo/sb-robot/microros_ws/install/std_srvs/share/ament_index/resource_index/package_run_dependencies/std_srvs
[6.780s] -- Installing: /home/user/robo/sb-robot/microros_ws/install/std_srvs/share/ament_index/resource_index/parent_prefix_path/std_srvs
[6.781s] -- Installing: /home/user/robo/sb-robot/microros_ws/install/std_srvs/share/std_srvs/environment/ament_prefix_path.sh
[6.781s] -- Installing: /home/user/robo/sb-robot/microros_ws/install/std_srvs/share/std_srvs/environment/ament_prefix_path.dsv
[6.782s] -- Installing: /home/user/robo/sb-robot/microros_ws/install/std_srvs/share/std_srvs/environment/path.sh
[6.782s] -- Installing: /home/user/robo/sb-robot/microros_ws/install/std_srvs/share/std_srvs/environment/path.dsv
[6.782s] -- Installing: /home/user/robo/sb-robot/microros_ws/install/std_srvs/share/std_srvs/local_setup.bash
[6.782s] -- Installing: /home/user/robo/sb-robot/microros_ws/install/std_srvs/share/std_srvs/local_setup.sh
[6.782s] -- Installing: /home/user/robo/sb-robot/microros_ws/install/std_srvs/share/std_srvs/local_setup.zsh
[6.782s] -- Installing: /home/user/robo/sb-robot/microros_ws/install/std_srvs/share/std_srvs/local_setup.dsv
[6.782s] -- Installing: /home/user/robo/sb-robot/microros_ws/install/std_srvs/share/std_srvs/package.dsv
[6.782s] -- Installing: /home/user/robo/sb-robot/microros_ws/install/std_srvs/share/ament_index/resource_index/packages/std_srvs
[6.782s] -- Installing: /home/user/robo/sb-robot/microros_ws/install/std_srvs/share/std_srvs/cmake/export_std_srvs__rosidl_generator_cExport.cmake
[6.782s] -- Installing: /home/user/robo/sb-robot/microros_ws/install/std_srvs/share/std_srvs/cmake/export_std_srvs__rosidl_generator_cExport-noconfig.cmake
[6.782s] -- Installing: /home/user/robo/sb-robot/microros_ws/install/std_srvs/share/std_srvs/cmake/export_std_srvs__rosidl_typesupport_fastrtps_cExport.cmake
[6.782s] -- Installing: /home/user/robo/sb-robot/microros_ws/install/std_srvs/share/std_srvs/cmake/export_std_srvs__rosidl_typesupport_fastrtps_cExport-noconfig.cmake
[6.782s] -- Installing: /home/user/robo/sb-robot/microros_ws/install/std_srvs/share/std_srvs/cmake/std_srvs__rosidl_typesupport_introspection_cExport.cmake
[6.783s] -- Installing: /home/user/robo/sb-robot/microros_ws/install/std_srvs/share/std_srvs/cmake/std_srvs__rosidl_typesupport_introspection_cExport-noconfig.cmake
[6.783s] -- Installing: /home/user/robo/sb-robot/microros_ws/install/std_srvs/share/std_srvs/cmake/std_srvs__rosidl_typesupport_cExport.cmake
[6.783s] -- Installing: /home/user/robo/sb-robot/microros_ws/install/std_srvs/share/std_srvs/cmake/std_srvs__rosidl_typesupport_cExport-noconfig.cmake
[6.783s] -- Installing: /home/user/robo/sb-robot/microros_ws/install/std_srvs/share/std_srvs/cmake/export_std_srvs__rosidl_generator_cppExport.cmake
[6.783s] -- Installing: /home/user/robo/sb-robot/microros_ws/install/std_srvs/share/std_srvs/cmake/export_std_srvs__rosidl_typesupport_fastrtps_cppExport.cmake
[6.783s] -- Installing: /home/user/robo/sb-robot/microros_ws/install/std_srvs/share/std_srvs/cmake/export_std_srvs__rosidl_typesupport_fastrtps_cppExport-noconfig.cmake
[6.783s] -- Installing: /home/user/robo/sb-robot/microros_ws/install/std_srvs/share/std_srvs/cmake/std_srvs__rosidl_typesupport_introspection_cppExport.cmake
[6.783s] -- Installing: /home/user/robo/sb-robot/microros_ws/install/std_srvs/share/std_srvs/cmake/std_srvs__rosidl_typesupport_introspection_cppExport-noconfig.cmake
[6.789s] -- Installing: /home/user/robo/sb-robot/microros_ws/install/std_srvs/share/std_srvs/cmake/std_srvs__rosidl_typesupport_cppExport.cmake
[6.789s] -- Installing: /home/user/robo/sb-robot/microros_ws/install/std_srvs/share/std_srvs/cmake/std_srvs__rosidl_typesupport_cppExport-noconfig.cmake
[6.789s] -- Installing: /home/user/robo/sb-robot/microros_ws/install/std_srvs/share/std_srvs/cmake/export_std_srvs__rosidl_generator_pyExport.cmake
[6.789s] -- Installing: /home/user/robo/sb-robot/microros_ws/install/std_srvs/share/std_srvs/cmake/export_std_srvs__rosidl_generator_pyExport-noconfig.cmake
[6.789s] -- Installing: /home/user/robo/sb-robot/microros_ws/install/std_srvs/share/std_srvs/cmake/rosidl_cmake-extras.cmake
[6.790s] -- Installing: /home/user/robo/sb-robot/microros_ws/install/std_srvs/share/std_srvs/cmake/ament_cmake_export_include_directories-extras.cmake
[6.790s] -- Installing: /home/user/robo/sb-robot/microros_ws/install/std_srvs/share/std_srvs/cmake/ament_cmake_export_libraries-extras.cmake
[6.790s] -- Installing: /home/user/robo/sb-robot/microros_ws/install/std_srvs/share/std_srvs/cmake/ament_cmake_export_targets-extras.cmake
[6.790s] -- Installing: /home/user/robo/sb-robot/microros_ws/install/std_srvs/share/std_srvs/cmake/rosidl_cmake_export_typesupport_targets-extras.cmake
[6.790s] -- Installing: /home/user/robo/sb-robot/microros_ws/install/std_srvs/share/std_srvs/cmake/ament_cmake_export_dependencies-extras.cmake
[6.790s] -- Installing: /home/user/robo/sb-robot/microros_ws/install/std_srvs/share/std_srvs/cmake/rosidl_cmake_export_typesupport_libraries-extras.cmake
[6.790s] -- Installing: /home/user/robo/sb-robot/microros_ws/install/std_srvs/share/std_srvs/cmake/std_srvsConfig.cmake
[6.790s] -- Installing: /home/user/robo/sb-robot/microros_ws/install/std_srvs/share/std_srvs/cmake/std_srvsConfig-version.cmake
[6.790s] -- Installing: /home/user/robo/sb-robot/microros_ws/install/std_srvs/share/std_srvs/package.xml
[6.806s] Invoked command in '/home/user/robo/sb-robot/microros_ws/build/std_srvs' returned '0': CMAKE_PREFIX_PATH=${CMAKE_PREFIX_PATH}:/opt/ros/humble /usr/bin/cmake --install /home/user/robo/sb-robot/microros_ws/build/std_srvs
