[0.016s] Invoking command in '/home/user/robo/sb-robot/microros_ws/src/build/unique_identifier_msgs': CMAKE_PREFIX_PATH=${CMAKE_PREFIX_PATH}:/opt/ros/humble /usr/bin/cmake /home/user/robo/sb-robot/microros_ws/src/ros2/unique_identifier_msgs -DCMAKE_INSTALL_PREFIX=/home/user/robo/sb-robot/microros_ws/src/install/unique_identifier_msgs
[0.056s] -- The C compiler identification is GNU 11.4.0
[0.098s] -- The CXX compiler identification is GNU 11.4.0
[0.105s] -- Detecting C compiler ABI info
[0.153s] -- Detecting C compiler ABI info - done
[0.157s] -- Check for working C compiler: /usr/bin/cc - skipped
[0.158s] -- Detecting C compile features
[0.158s] -- Detecting C compile features - done
[0.160s] -- Detecting CXX compiler ABI info
[0.226s] -- Detecting CXX compiler ABI info - done
[0.234s] -- Check for working CXX compiler: /usr/bin/c++ - skipped
[0.234s] -- Detecting CXX compile features
[0.234s] -- Detecting CXX compile features - done
[0.236s] -- Found ament_cmake: 1.3.11 (/opt/ros/humble/share/ament_cmake/cmake)
[0.358s] -- Found Python3: /usr/bin/python3 (found version "3.10.12") found components: Interpreter 
[0.432s] -- Found rosidl_default_generators: 1.2.0 (/opt/ros/humble/share/rosidl_default_generators/cmake)
[0.436s] -- Using all available rosidl_typesupport_c: rosidl_typesupport_fastrtps_c;rosidl_typesupport_introspection_c
[0.444s] -- Found rosidl_adapter: 3.1.6 (/opt/ros/humble/share/rosidl_adapter/cmake)
[0.476s] -- Using all available rosidl_typesupport_cpp: rosidl_typesupport_fastrtps_cpp;rosidl_typesupport_introspection_cpp
[0.699s] -- Found ament_cmake_ros: 0.10.0 (/opt/ros/humble/share/ament_cmake_ros/cmake)
[0.840s] -- Using all available rosidl_typesupport_c: rosidl_typesupport_fastrtps_c;rosidl_typesupport_introspection_c
[1.047s] -- Using all available rosidl_typesupport_cpp: rosidl_typesupport_fastrtps_cpp;rosidl_typesupport_introspection_cpp
[1.071s] -- Found PythonInterp: /usr/bin/python3 (found suitable version "3.10.12", minimum required is "3.6") 
[1.074s] -- Found python_cmake_module: 0.10.0 (/opt/ros/humble/share/python_cmake_module/cmake)
[1.105s] -- Found PythonLibs: /usr/lib/x86_64-linux-gnu/libpython3.10.so (found suitable version "3.10.12", minimum required is "3.5") 
[1.105s] -- Using PYTHON_EXECUTABLE: /usr/bin/python3
[1.105s] -- Using PYTHON_INCLUDE_DIRS: /usr/include/python3.10
[1.105s] -- Using PYTHON_LIBRARIES: /usr/lib/x86_64-linux-gnu/libpython3.10.so
[1.131s] -- Found PythonExtra: .so  
[1.160s] -- Found ament_lint_auto: 0.12.11 (/opt/ros/humble/share/ament_lint_auto/cmake)
[1.178s] -- Added test 'copyright' to check source files copyright and LICENSE
[1.185s] -- Added test 'lint_cmake' to check CMake code style
[1.188s] -- Added test 'xmllint' to check XML markup files
[1.191s] -- Configuring done
[1.209s] -- Generating done
[1.216s] -- Build files have been written to: /home/user/robo/sb-robot/microros_ws/src/build/unique_identifier_msgs
[1.226s] Invoked command in '/home/user/robo/sb-robot/microros_ws/src/build/unique_identifier_msgs' returned '0': CMAKE_PREFIX_PATH=${CMAKE_PREFIX_PATH}:/opt/ros/humble /usr/bin/cmake /home/user/robo/sb-robot/microros_ws/src/ros2/unique_identifier_msgs -DCMAKE_INSTALL_PREFIX=/home/user/robo/sb-robot/microros_ws/src/install/unique_identifier_msgs
[1.227s] Invoking command in '/home/user/robo/sb-robot/microros_ws/src/build/unique_identifier_msgs': CMAKE_PREFIX_PATH=${CMAKE_PREFIX_PATH}:/opt/ros/humble /usr/bin/cmake --build /home/user/robo/sb-robot/microros_ws/src/build/unique_identifier_msgs -- -j20 -l20
[1.268s] [  3%] [34m[1mGenerating C code for ROS interfaces[0m
[1.283s] [  6%] [34m[1mGenerating C++ code for ROS interfaces[0m
[1.293s] [  6%] Built target ament_cmake_python_copy_unique_identifier_msgs
[1.732s] [  9%] [32mBuilding C object CMakeFiles/unique_identifier_msgs__rosidl_generator_c.dir/rosidl_generator_c/unique_identifier_msgs/msg/detail/uuid__functions.c.o[0m
[1.780s] running egg_info
[1.781s] creating unique_identifier_msgs.egg-info
[1.782s] writing unique_identifier_msgs.egg-info/PKG-INFO
[1.782s] writing dependency_links to unique_identifier_msgs.egg-info/dependency_links.txt
[1.782s] writing top-level names to unique_identifier_msgs.egg-info/top_level.txt
[1.783s] writing manifest file 'unique_identifier_msgs.egg-info/SOURCES.txt'
[1.786s] reading manifest file 'unique_identifier_msgs.egg-info/SOURCES.txt'
[1.786s] writing manifest file 'unique_identifier_msgs.egg-info/SOURCES.txt'
[1.819s] [ 12%] [32m[1mLinking C shared library libunique_identifier_msgs__rosidl_generator_c.so[0m
[1.876s] [ 12%] Built target ament_cmake_python_build_unique_identifier_msgs_egg
[1.881s] [ 12%] Built target unique_identifier_msgs__rosidl_generator_c
[1.902s] [ 16%] [34m[1mGenerating C introspection for ROS interfaces[0m
[1.910s] [ 19%] [34m[1mGenerating C type support for eProsima Fast-RTPS[0m
[1.915s] [ 22%] [34m[1mGenerating C type support dispatch for ROS interfaces[0m
[1.945s] [ 22%] Built target unique_identifier_msgs__cpp
[1.959s] [ 25%] [34m[1mGenerating C++ type support dispatch for ROS interfaces[0m
[1.971s] [ 29%] [34m[1mGenerating C++ type support for eProsima Fast-RTPS[0m
[1.971s] [ 32%] [34m[1mGenerating C++ introspection for ROS interfaces[0m
[2.342s] [ 35%] [32mBuilding CXX object CMakeFiles/unique_identifier_msgs__rosidl_typesupport_fastrtps_c.dir/rosidl_typesupport_fastrtps_c/unique_identifier_msgs/msg/detail/uuid__type_support_c.cpp.o[0m
[2.360s] [ 38%] [32mBuilding CXX object CMakeFiles/unique_identifier_msgs__rosidl_typesupport_cpp.dir/rosidl_typesupport_cpp/unique_identifier_msgs/msg/uuid__type_support.cpp.o[0m
[2.368s] [ 41%] [32mBuilding CXX object CMakeFiles/unique_identifier_msgs__rosidl_typesupport_c.dir/rosidl_typesupport_c/unique_identifier_msgs/msg/uuid__type_support.cpp.o[0m
[2.383s] [ 45%] [32mBuilding C object CMakeFiles/unique_identifier_msgs__rosidl_typesupport_introspection_c.dir/rosidl_typesupport_introspection_c/unique_identifier_msgs/msg/detail/uuid__type_support.c.o[0m
[2.417s] [ 48%] [32mBuilding CXX object CMakeFiles/unique_identifier_msgs__rosidl_typesupport_introspection_cpp.dir/rosidl_typesupport_introspection_cpp/unique_identifier_msgs/msg/detail/uuid__type_support.cpp.o[0m
[2.454s] [ 51%] [32m[1mLinking CXX shared library libunique_identifier_msgs__rosidl_typesupport_c.so[0m
[2.477s] [ 54%] [32m[1mLinking C shared library libunique_identifier_msgs__rosidl_typesupport_introspection_c.so[0m
[2.495s] [ 58%] [32mBuilding CXX object CMakeFiles/unique_identifier_msgs__rosidl_typesupport_fastrtps_cpp.dir/rosidl_typesupport_fastrtps_cpp/unique_identifier_msgs/msg/detail/dds_fastrtps/uuid__type_support.cpp.o[0m
[2.568s] [ 58%] Built target unique_identifier_msgs__rosidl_typesupport_c
[2.571s] [ 58%] Built target unique_identifier_msgs__rosidl_typesupport_introspection_c
[2.923s] [ 61%] [32m[1mLinking CXX shared library libunique_identifier_msgs__rosidl_typesupport_cpp.so[0m
[3.099s] [ 61%] Built target unique_identifier_msgs__rosidl_typesupport_cpp
[3.170s] [ 64%] [32m[1mLinking CXX shared library libunique_identifier_msgs__rosidl_typesupport_introspection_cpp.so[0m
[3.316s] [ 67%] [32m[1mLinking CXX shared library libunique_identifier_msgs__rosidl_typesupport_fastrtps_c.so[0m
[3.494s] [ 70%] [32m[1mLinking CXX shared library libunique_identifier_msgs__rosidl_typesupport_fastrtps_cpp.so[0m
[3.660s] [ 70%] Built target unique_identifier_msgs__rosidl_typesupport_fastrtps_c
[3.705s] [ 70%] Built target unique_identifier_msgs__rosidl_typesupport_introspection_cpp
[4.003s] [ 70%] Built target unique_identifier_msgs__rosidl_typesupport_fastrtps_cpp
[4.067s] [ 70%] Built target unique_identifier_msgs
[4.124s] [ 74%] [34m[1mGenerating Python code for ROS interfaces[0m
[4.483s] [ 74%] Built target unique_identifier_msgs__py
[4.496s] [ 77%] [32mBuilding C object CMakeFiles/unique_identifier_msgs__rosidl_generator_py.dir/rosidl_generator_py/unique_identifier_msgs/msg/_uuid_s.c.o[0m
[4.576s] [ 80%] [32m[1mLinking C shared library rosidl_generator_py/unique_identifier_msgs/libunique_identifier_msgs__rosidl_generator_py.so[0m
[4.615s] [ 80%] Built target unique_identifier_msgs__rosidl_generator_py
[4.633s] [ 90%] [32mBuilding C object CMakeFiles/unique_identifier_msgs__rosidl_typesupport_introspection_c__pyext.dir/rosidl_generator_py/unique_identifier_msgs/_unique_identifier_msgs_s.ep.rosidl_typesupport_introspection_c.c.o[0m
[4.633s] [ 90%] [32mBuilding C object CMakeFiles/unique_identifier_msgs__rosidl_typesupport_c__pyext.dir/rosidl_generator_py/unique_identifier_msgs/_unique_identifier_msgs_s.ep.rosidl_typesupport_c.c.o[0m
[4.633s] [ 90%] [32mBuilding C object CMakeFiles/unique_identifier_msgs__rosidl_typesupport_fastrtps_c__pyext.dir/rosidl_generator_py/unique_identifier_msgs/_unique_identifier_msgs_s.ep.rosidl_typesupport_fastrtps_c.c.o[0m
[4.695s] [ 93%] [32m[1mLinking C shared library rosidl_generator_py/unique_identifier_msgs/unique_identifier_msgs_s__rosidl_typesupport_c.cpython-310-x86_64-linux-gnu.so[0m
[4.695s] [ 96%] [32m[1mLinking C shared library rosidl_generator_py/unique_identifier_msgs/unique_identifier_msgs_s__rosidl_typesupport_introspection_c.cpython-310-x86_64-linux-gnu.so[0m
[4.719s] [ 96%] Built target unique_identifier_msgs__rosidl_typesupport_introspection_c__pyext
[4.720s] [ 96%] Built target unique_identifier_msgs__rosidl_typesupport_c__pyext
[4.720s] [100%] [32m[1mLinking C shared library rosidl_generator_py/unique_identifier_msgs/unique_identifier_msgs_s__rosidl_typesupport_fastrtps_c.cpython-310-x86_64-linux-gnu.so[0m
[4.746s] [100%] Built target unique_identifier_msgs__rosidl_typesupport_fastrtps_c__pyext
[4.758s] Invoked command in '/home/user/robo/sb-robot/microros_ws/src/build/unique_identifier_msgs' returned '0': CMAKE_PREFIX_PATH=${CMAKE_PREFIX_PATH}:/opt/ros/humble /usr/bin/cmake --build /home/user/robo/sb-robot/microros_ws/src/build/unique_identifier_msgs -- -j20 -l20
[4.760s] Invoking command in '/home/user/robo/sb-robot/microros_ws/src/build/unique_identifier_msgs': CMAKE_PREFIX_PATH=${CMAKE_PREFIX_PATH}:/opt/ros/humble /usr/bin/cmake --install /home/user/robo/sb-robot/microros_ws/src/build/unique_identifier_msgs
[4.771s] -- Install configuration: ""
[4.776s] -- Installing: /home/user/robo/sb-robot/microros_ws/src/install/unique_identifier_msgs/share/ament_index/resource_index/rosidl_interfaces/unique_identifier_msgs
[4.776s] -- Installing: /home/user/robo/sb-robot/microros_ws/src/install/unique_identifier_msgs/include/unique_identifier_msgs/unique_identifier_msgs
[4.776s] -- Installing: /home/user/robo/sb-robot/microros_ws/src/install/unique_identifier_msgs/include/unique_identifier_msgs/unique_identifier_msgs/msg
[4.777s] -- Installing: /home/user/robo/sb-robot/microros_ws/src/install/unique_identifier_msgs/include/unique_identifier_msgs/unique_identifier_msgs/msg/uuid.h
[4.777s] -- Installing: /home/user/robo/sb-robot/microros_ws/src/install/unique_identifier_msgs/include/unique_identifier_msgs/unique_identifier_msgs/msg/detail
[4.777s] -- Installing: /home/user/robo/sb-robot/microros_ws/src/install/unique_identifier_msgs/include/unique_identifier_msgs/unique_identifier_msgs/msg/detail/uuid__type_support.h
[4.777s] -- Installing: /home/user/robo/sb-robot/microros_ws/src/install/unique_identifier_msgs/include/unique_identifier_msgs/unique_identifier_msgs/msg/detail/uuid__struct.h
[4.777s] -- Installing: /home/user/robo/sb-robot/microros_ws/src/install/unique_identifier_msgs/include/unique_identifier_msgs/unique_identifier_msgs/msg/detail/uuid__functions.h
[4.777s] -- Installing: /home/user/robo/sb-robot/microros_ws/src/install/unique_identifier_msgs/include/unique_identifier_msgs/unique_identifier_msgs/msg/detail/uuid__functions.c
[4.777s] -- Installing: /home/user/robo/sb-robot/microros_ws/src/install/unique_identifier_msgs/include/unique_identifier_msgs/unique_identifier_msgs/msg/rosidl_generator_c__visibility_control.h
[4.777s] -- Installing: /home/user/robo/sb-robot/microros_ws/src/install/unique_identifier_msgs/share/unique_identifier_msgs/environment/library_path.sh
[4.777s] -- Installing: /home/user/robo/sb-robot/microros_ws/src/install/unique_identifier_msgs/share/unique_identifier_msgs/environment/library_path.dsv
[4.777s] -- Installing: /home/user/robo/sb-robot/microros_ws/src/install/unique_identifier_msgs/lib/libunique_identifier_msgs__rosidl_generator_c.so
[4.777s] -- Set runtime path of "/home/user/robo/sb-robot/microros_ws/src/install/unique_identifier_msgs/lib/libunique_identifier_msgs__rosidl_generator_c.so" to ""
[4.777s] -- Up-to-date: /home/user/robo/sb-robot/microros_ws/src/install/unique_identifier_msgs/include/unique_identifier_msgs/unique_identifier_msgs
[4.777s] -- Up-to-date: /home/user/robo/sb-robot/microros_ws/src/install/unique_identifier_msgs/include/unique_identifier_msgs/unique_identifier_msgs/msg
[4.777s] -- Up-to-date: /home/user/robo/sb-robot/microros_ws/src/install/unique_identifier_msgs/include/unique_identifier_msgs/unique_identifier_msgs/msg/detail
[4.778s] -- Installing: /home/user/robo/sb-robot/microros_ws/src/install/unique_identifier_msgs/include/unique_identifier_msgs/unique_identifier_msgs/msg/detail/uuid__rosidl_typesupport_fastrtps_c.h
[4.778s] -- Installing: /home/user/robo/sb-robot/microros_ws/src/install/unique_identifier_msgs/include/unique_identifier_msgs/unique_identifier_msgs/msg/rosidl_typesupport_fastrtps_c__visibility_control.h
[4.778s] -- Installing: /home/user/robo/sb-robot/microros_ws/src/install/unique_identifier_msgs/lib/libunique_identifier_msgs__rosidl_typesupport_fastrtps_c.so
[4.780s] -- Set runtime path of "/home/user/robo/sb-robot/microros_ws/src/install/unique_identifier_msgs/lib/libunique_identifier_msgs__rosidl_typesupport_fastrtps_c.so" to ""
[4.780s] -- Up-to-date: /home/user/robo/sb-robot/microros_ws/src/install/unique_identifier_msgs/include/unique_identifier_msgs/unique_identifier_msgs
[4.780s] -- Up-to-date: /home/user/robo/sb-robot/microros_ws/src/install/unique_identifier_msgs/include/unique_identifier_msgs/unique_identifier_msgs/msg
[4.780s] -- Up-to-date: /home/user/robo/sb-robot/microros_ws/src/install/unique_identifier_msgs/include/unique_identifier_msgs/unique_identifier_msgs/msg/detail
[4.780s] -- Installing: /home/user/robo/sb-robot/microros_ws/src/install/unique_identifier_msgs/include/unique_identifier_msgs/unique_identifier_msgs/msg/detail/uuid__type_support.c
[4.780s] -- Installing: /home/user/robo/sb-robot/microros_ws/src/install/unique_identifier_msgs/include/unique_identifier_msgs/unique_identifier_msgs/msg/detail/uuid__rosidl_typesupport_introspection_c.h
[4.780s] -- Installing: /home/user/robo/sb-robot/microros_ws/src/install/unique_identifier_msgs/include/unique_identifier_msgs/unique_identifier_msgs/msg/rosidl_typesupport_introspection_c__visibility_control.h
[4.781s] -- Installing: /home/user/robo/sb-robot/microros_ws/src/install/unique_identifier_msgs/lib/libunique_identifier_msgs__rosidl_typesupport_introspection_c.so
[4.781s] -- Set runtime path of "/home/user/robo/sb-robot/microros_ws/src/install/unique_identifier_msgs/lib/libunique_identifier_msgs__rosidl_typesupport_introspection_c.so" to ""
[4.781s] -- Installing: /home/user/robo/sb-robot/microros_ws/src/install/unique_identifier_msgs/lib/libunique_identifier_msgs__rosidl_typesupport_c.so
[4.781s] -- Set runtime path of "/home/user/robo/sb-robot/microros_ws/src/install/unique_identifier_msgs/lib/libunique_identifier_msgs__rosidl_typesupport_c.so" to ""
[4.781s] -- Up-to-date: /home/user/robo/sb-robot/microros_ws/src/install/unique_identifier_msgs/include/unique_identifier_msgs/unique_identifier_msgs
[4.781s] -- Up-to-date: /home/user/robo/sb-robot/microros_ws/src/install/unique_identifier_msgs/include/unique_identifier_msgs/unique_identifier_msgs/msg
[4.781s] -- Installing: /home/user/robo/sb-robot/microros_ws/src/install/unique_identifier_msgs/include/unique_identifier_msgs/unique_identifier_msgs/msg/rosidl_generator_cpp__visibility_control.hpp
[4.781s] -- Up-to-date: /home/user/robo/sb-robot/microros_ws/src/install/unique_identifier_msgs/include/unique_identifier_msgs/unique_identifier_msgs/msg/detail
[4.781s] -- Installing: /home/user/robo/sb-robot/microros_ws/src/install/unique_identifier_msgs/include/unique_identifier_msgs/unique_identifier_msgs/msg/detail/uuid__type_support.hpp
[4.781s] -- Installing: /home/user/robo/sb-robot/microros_ws/src/install/unique_identifier_msgs/include/unique_identifier_msgs/unique_identifier_msgs/msg/detail/uuid__traits.hpp
[4.781s] -- Installing: /home/user/robo/sb-robot/microros_ws/src/install/unique_identifier_msgs/include/unique_identifier_msgs/unique_identifier_msgs/msg/detail/uuid__builder.hpp
[4.781s] -- Installing: /home/user/robo/sb-robot/microros_ws/src/install/unique_identifier_msgs/include/unique_identifier_msgs/unique_identifier_msgs/msg/detail/uuid__struct.hpp
[4.781s] -- Installing: /home/user/robo/sb-robot/microros_ws/src/install/unique_identifier_msgs/include/unique_identifier_msgs/unique_identifier_msgs/msg/uuid.hpp
[4.781s] -- Up-to-date: /home/user/robo/sb-robot/microros_ws/src/install/unique_identifier_msgs/include/unique_identifier_msgs/unique_identifier_msgs
[4.781s] -- Up-to-date: /home/user/robo/sb-robot/microros_ws/src/install/unique_identifier_msgs/include/unique_identifier_msgs/unique_identifier_msgs/msg
[4.781s] -- Installing: /home/user/robo/sb-robot/microros_ws/src/install/unique_identifier_msgs/include/unique_identifier_msgs/unique_identifier_msgs/msg/rosidl_typesupport_fastrtps_cpp__visibility_control.h
[4.781s] -- Up-to-date: /home/user/robo/sb-robot/microros_ws/src/install/unique_identifier_msgs/include/unique_identifier_msgs/unique_identifier_msgs/msg/detail
[4.781s] -- Installing: /home/user/robo/sb-robot/microros_ws/src/install/unique_identifier_msgs/include/unique_identifier_msgs/unique_identifier_msgs/msg/detail/uuid__rosidl_typesupport_fastrtps_cpp.hpp
[4.781s] -- Installing: /home/user/robo/sb-robot/microros_ws/src/install/unique_identifier_msgs/include/unique_identifier_msgs/unique_identifier_msgs/msg/detail/dds_fastrtps
[4.782s] -- Installing: /home/user/robo/sb-robot/microros_ws/src/install/unique_identifier_msgs/lib/libunique_identifier_msgs__rosidl_typesupport_fastrtps_cpp.so
[4.782s] -- Set runtime path of "/home/user/robo/sb-robot/microros_ws/src/install/unique_identifier_msgs/lib/libunique_identifier_msgs__rosidl_typesupport_fastrtps_cpp.so" to ""
[4.782s] -- Up-to-date: /home/user/robo/sb-robot/microros_ws/src/install/unique_identifier_msgs/include/unique_identifier_msgs/unique_identifier_msgs
[4.782s] -- Up-to-date: /home/user/robo/sb-robot/microros_ws/src/install/unique_identifier_msgs/include/unique_identifier_msgs/unique_identifier_msgs/msg
[4.782s] -- Up-to-date: /home/user/robo/sb-robot/microros_ws/src/install/unique_identifier_msgs/include/unique_identifier_msgs/unique_identifier_msgs/msg/detail
[4.782s] -- Installing: /home/user/robo/sb-robot/microros_ws/src/install/unique_identifier_msgs/include/unique_identifier_msgs/unique_identifier_msgs/msg/detail/uuid__rosidl_typesupport_introspection_cpp.hpp
[4.782s] -- Installing: /home/user/robo/sb-robot/microros_ws/src/install/unique_identifier_msgs/include/unique_identifier_msgs/unique_identifier_msgs/msg/detail/uuid__type_support.cpp
[4.782s] -- Installing: /home/user/robo/sb-robot/microros_ws/src/install/unique_identifier_msgs/lib/libunique_identifier_msgs__rosidl_typesupport_introspection_cpp.so
[4.782s] -- Set runtime path of "/home/user/robo/sb-robot/microros_ws/src/install/unique_identifier_msgs/lib/libunique_identifier_msgs__rosidl_typesupport_introspection_cpp.so" to ""
[4.782s] -- Installing: /home/user/robo/sb-robot/microros_ws/src/install/unique_identifier_msgs/lib/libunique_identifier_msgs__rosidl_typesupport_cpp.so
[4.782s] -- Set runtime path of "/home/user/robo/sb-robot/microros_ws/src/install/unique_identifier_msgs/lib/libunique_identifier_msgs__rosidl_typesupport_cpp.so" to ""
[4.782s] -- Installing: /home/user/robo/sb-robot/microros_ws/src/install/unique_identifier_msgs/share/unique_identifier_msgs/environment/pythonpath.sh
[4.782s] -- Installing: /home/user/robo/sb-robot/microros_ws/src/install/unique_identifier_msgs/share/unique_identifier_msgs/environment/pythonpath.dsv
[4.783s] -- Installing: /home/user/robo/sb-robot/microros_ws/src/install/unique_identifier_msgs/local/lib/python3.10/dist-packages/unique_identifier_msgs-2.2.1-py3.10.egg-info
[4.783s] -- Installing: /home/user/robo/sb-robot/microros_ws/src/install/unique_identifier_msgs/local/lib/python3.10/dist-packages/unique_identifier_msgs-2.2.1-py3.10.egg-info/top_level.txt
[4.783s] -- Installing: /home/user/robo/sb-robot/microros_ws/src/install/unique_identifier_msgs/local/lib/python3.10/dist-packages/unique_identifier_msgs-2.2.1-py3.10.egg-info/dependency_links.txt
[4.783s] -- Installing: /home/user/robo/sb-robot/microros_ws/src/install/unique_identifier_msgs/local/lib/python3.10/dist-packages/unique_identifier_msgs-2.2.1-py3.10.egg-info/PKG-INFO
[4.783s] -- Installing: /home/user/robo/sb-robot/microros_ws/src/install/unique_identifier_msgs/local/lib/python3.10/dist-packages/unique_identifier_msgs-2.2.1-py3.10.egg-info/SOURCES.txt
[4.783s] -- Installing: /home/user/robo/sb-robot/microros_ws/src/install/unique_identifier_msgs/local/lib/python3.10/dist-packages/unique_identifier_msgs
[4.783s] -- Installing: /home/user/robo/sb-robot/microros_ws/src/install/unique_identifier_msgs/local/lib/python3.10/dist-packages/unique_identifier_msgs/_unique_identifier_msgs_s.ep.rosidl_typesupport_c.c
[4.783s] -- Installing: /home/user/robo/sb-robot/microros_ws/src/install/unique_identifier_msgs/local/lib/python3.10/dist-packages/unique_identifier_msgs/_unique_identifier_msgs_s.ep.rosidl_typesupport_fastrtps_c.c
[4.783s] -- Installing: /home/user/robo/sb-robot/microros_ws/src/install/unique_identifier_msgs/local/lib/python3.10/dist-packages/unique_identifier_msgs/unique_identifier_msgs_s__rosidl_typesupport_c.cpython-310-x86_64-linux-gnu.so
[4.783s] -- Installing: /home/user/robo/sb-robot/microros_ws/src/install/unique_identifier_msgs/local/lib/python3.10/dist-packages/unique_identifier_msgs/unique_identifier_msgs_s__rosidl_typesupport_introspection_c.cpython-310-x86_64-linux-gnu.so
[4.783s] -- Installing: /home/user/robo/sb-robot/microros_ws/src/install/unique_identifier_msgs/local/lib/python3.10/dist-packages/unique_identifier_msgs/__init__.py
[4.783s] -- Installing: /home/user/robo/sb-robot/microros_ws/src/install/unique_identifier_msgs/local/lib/python3.10/dist-packages/unique_identifier_msgs/_unique_identifier_msgs_s.ep.rosidl_typesupport_introspection_c.c
[4.783s] -- Installing: /home/user/robo/sb-robot/microros_ws/src/install/unique_identifier_msgs/local/lib/python3.10/dist-packages/unique_identifier_msgs/unique_identifier_msgs_s__rosidl_typesupport_fastrtps_c.cpython-310-x86_64-linux-gnu.so
[4.783s] -- Installing: /home/user/robo/sb-robot/microros_ws/src/install/unique_identifier_msgs/local/lib/python3.10/dist-packages/unique_identifier_msgs/libunique_identifier_msgs__rosidl_generator_py.so
[4.784s] -- Installing: /home/user/robo/sb-robot/microros_ws/src/install/unique_identifier_msgs/local/lib/python3.10/dist-packages/unique_identifier_msgs/msg
[4.784s] -- Installing: /home/user/robo/sb-robot/microros_ws/src/install/unique_identifier_msgs/local/lib/python3.10/dist-packages/unique_identifier_msgs/msg/_uuid.py
[4.784s] -- Installing: /home/user/robo/sb-robot/microros_ws/src/install/unique_identifier_msgs/local/lib/python3.10/dist-packages/unique_identifier_msgs/msg/_uuid_s.c
[4.784s] -- Installing: /home/user/robo/sb-robot/microros_ws/src/install/unique_identifier_msgs/local/lib/python3.10/dist-packages/unique_identifier_msgs/msg/__init__.py
[4.829s] Listing '/home/user/robo/sb-robot/microros_ws/src/install/unique_identifier_msgs/local/lib/python3.10/dist-packages/unique_identifier_msgs'...
[4.829s] Compiling '/home/user/robo/sb-robot/microros_ws/src/install/unique_identifier_msgs/local/lib/python3.10/dist-packages/unique_identifier_msgs/__init__.py'...
[4.829s] Listing '/home/user/robo/sb-robot/microros_ws/src/install/unique_identifier_msgs/local/lib/python3.10/dist-packages/unique_identifier_msgs/msg'...
[4.829s] Compiling '/home/user/robo/sb-robot/microros_ws/src/install/unique_identifier_msgs/local/lib/python3.10/dist-packages/unique_identifier_msgs/msg/__init__.py'...
[4.829s] Compiling '/home/user/robo/sb-robot/microros_ws/src/install/unique_identifier_msgs/local/lib/python3.10/dist-packages/unique_identifier_msgs/msg/_uuid.py'...
[4.834s] -- Installing: /home/user/robo/sb-robot/microros_ws/src/install/unique_identifier_msgs/local/lib/python3.10/dist-packages/unique_identifier_msgs/unique_identifier_msgs_s__rosidl_typesupport_fastrtps_c.cpython-310-x86_64-linux-gnu.so
[4.836s] -- Set runtime path of "/home/user/robo/sb-robot/microros_ws/src/install/unique_identifier_msgs/local/lib/python3.10/dist-packages/unique_identifier_msgs/unique_identifier_msgs_s__rosidl_typesupport_fastrtps_c.cpython-310-x86_64-linux-gnu.so" to ""
[4.836s] -- Installing: /home/user/robo/sb-robot/microros_ws/src/install/unique_identifier_msgs/local/lib/python3.10/dist-packages/unique_identifier_msgs/unique_identifier_msgs_s__rosidl_typesupport_introspection_c.cpython-310-x86_64-linux-gnu.so
[4.836s] -- Set runtime path of "/home/user/robo/sb-robot/microros_ws/src/install/unique_identifier_msgs/local/lib/python3.10/dist-packages/unique_identifier_msgs/unique_identifier_msgs_s__rosidl_typesupport_introspection_c.cpython-310-x86_64-linux-gnu.so" to ""
[4.836s] -- Installing: /home/user/robo/sb-robot/microros_ws/src/install/unique_identifier_msgs/local/lib/python3.10/dist-packages/unique_identifier_msgs/unique_identifier_msgs_s__rosidl_typesupport_c.cpython-310-x86_64-linux-gnu.so
[4.837s] -- Set runtime path of "/home/user/robo/sb-robot/microros_ws/src/install/unique_identifier_msgs/local/lib/python3.10/dist-packages/unique_identifier_msgs/unique_identifier_msgs_s__rosidl_typesupport_c.cpython-310-x86_64-linux-gnu.so" to ""
[4.837s] -- Installing: /home/user/robo/sb-robot/microros_ws/src/install/unique_identifier_msgs/lib/libunique_identifier_msgs__rosidl_generator_py.so
[4.838s] -- Set runtime path of "/home/user/robo/sb-robot/microros_ws/src/install/unique_identifier_msgs/lib/libunique_identifier_msgs__rosidl_generator_py.so" to ""
[4.838s] -- Installing: /home/user/robo/sb-robot/microros_ws/src/install/unique_identifier_msgs/share/unique_identifier_msgs/msg/UUID.idl
[4.838s] -- Installing: /home/user/robo/sb-robot/microros_ws/src/install/unique_identifier_msgs/share/unique_identifier_msgs/msg/UUID.msg
[4.838s] -- Installing: /home/user/robo/sb-robot/microros_ws/src/install/unique_identifier_msgs/share/ament_index/resource_index/package_run_dependencies/unique_identifier_msgs
[4.841s] -- Installing: /home/user/robo/sb-robot/microros_ws/src/install/unique_identifier_msgs/share/ament_index/resource_index/parent_prefix_path/unique_identifier_msgs
[4.841s] -- Installing: /home/user/robo/sb-robot/microros_ws/src/install/unique_identifier_msgs/share/unique_identifier_msgs/environment/ament_prefix_path.sh
[4.841s] -- Installing: /home/user/robo/sb-robot/microros_ws/src/install/unique_identifier_msgs/share/unique_identifier_msgs/environment/ament_prefix_path.dsv
[4.841s] -- Installing: /home/user/robo/sb-robot/microros_ws/src/install/unique_identifier_msgs/share/unique_identifier_msgs/environment/path.sh
[4.841s] -- Installing: /home/user/robo/sb-robot/microros_ws/src/install/unique_identifier_msgs/share/unique_identifier_msgs/environment/path.dsv
[4.841s] -- Installing: /home/user/robo/sb-robot/microros_ws/src/install/unique_identifier_msgs/share/unique_identifier_msgs/local_setup.bash
[4.842s] -- Installing: /home/user/robo/sb-robot/microros_ws/src/install/unique_identifier_msgs/share/unique_identifier_msgs/local_setup.sh
[4.842s] -- Installing: /home/user/robo/sb-robot/microros_ws/src/install/unique_identifier_msgs/share/unique_identifier_msgs/local_setup.zsh
[4.842s] -- Installing: /home/user/robo/sb-robot/microros_ws/src/install/unique_identifier_msgs/share/unique_identifier_msgs/local_setup.dsv
[4.842s] -- Installing: /home/user/robo/sb-robot/microros_ws/src/install/unique_identifier_msgs/share/unique_identifier_msgs/package.dsv
[4.842s] -- Installing: /home/user/robo/sb-robot/microros_ws/src/install/unique_identifier_msgs/share/ament_index/resource_index/packages/unique_identifier_msgs
[4.842s] -- Installing: /home/user/robo/sb-robot/microros_ws/src/install/unique_identifier_msgs/share/unique_identifier_msgs/cmake/export_unique_identifier_msgs__rosidl_generator_cExport.cmake
[4.842s] -- Installing: /home/user/robo/sb-robot/microros_ws/src/install/unique_identifier_msgs/share/unique_identifier_msgs/cmake/export_unique_identifier_msgs__rosidl_generator_cExport-noconfig.cmake
[4.842s] -- Installing: /home/user/robo/sb-robot/microros_ws/src/install/unique_identifier_msgs/share/unique_identifier_msgs/cmake/export_unique_identifier_msgs__rosidl_typesupport_fastrtps_cExport.cmake
[4.842s] -- Installing: /home/user/robo/sb-robot/microros_ws/src/install/unique_identifier_msgs/share/unique_identifier_msgs/cmake/export_unique_identifier_msgs__rosidl_typesupport_fastrtps_cExport-noconfig.cmake
[4.842s] -- Installing: /home/user/robo/sb-robot/microros_ws/src/install/unique_identifier_msgs/share/unique_identifier_msgs/cmake/unique_identifier_msgs__rosidl_typesupport_introspection_cExport.cmake
[4.843s] -- Installing: /home/user/robo/sb-robot/microros_ws/src/install/unique_identifier_msgs/share/unique_identifier_msgs/cmake/unique_identifier_msgs__rosidl_typesupport_introspection_cExport-noconfig.cmake
[4.843s] -- Installing: /home/user/robo/sb-robot/microros_ws/src/install/unique_identifier_msgs/share/unique_identifier_msgs/cmake/unique_identifier_msgs__rosidl_typesupport_cExport.cmake
[4.843s] -- Installing: /home/user/robo/sb-robot/microros_ws/src/install/unique_identifier_msgs/share/unique_identifier_msgs/cmake/unique_identifier_msgs__rosidl_typesupport_cExport-noconfig.cmake
[4.843s] -- Installing: /home/user/robo/sb-robot/microros_ws/src/install/unique_identifier_msgs/share/unique_identifier_msgs/cmake/export_unique_identifier_msgs__rosidl_generator_cppExport.cmake
[4.843s] -- Installing: /home/user/robo/sb-robot/microros_ws/src/install/unique_identifier_msgs/share/unique_identifier_msgs/cmake/export_unique_identifier_msgs__rosidl_typesupport_fastrtps_cppExport.cmake
[4.844s] -- Installing: /home/user/robo/sb-robot/microros_ws/src/install/unique_identifier_msgs/share/unique_identifier_msgs/cmake/export_unique_identifier_msgs__rosidl_typesupport_fastrtps_cppExport-noconfig.cmake
[4.847s] -- Installing: /home/user/robo/sb-robot/microros_ws/src/install/unique_identifier_msgs/share/unique_identifier_msgs/cmake/unique_identifier_msgs__rosidl_typesupport_introspection_cppExport.cmake
[4.847s] -- Installing: /home/user/robo/sb-robot/microros_ws/src/install/unique_identifier_msgs/share/unique_identifier_msgs/cmake/unique_identifier_msgs__rosidl_typesupport_introspection_cppExport-noconfig.cmake
[4.847s] -- Installing: /home/user/robo/sb-robot/microros_ws/src/install/unique_identifier_msgs/share/unique_identifier_msgs/cmake/unique_identifier_msgs__rosidl_typesupport_cppExport.cmake
[4.847s] -- Installing: /home/user/robo/sb-robot/microros_ws/src/install/unique_identifier_msgs/share/unique_identifier_msgs/cmake/unique_identifier_msgs__rosidl_typesupport_cppExport-noconfig.cmake
[4.847s] -- Installing: /home/user/robo/sb-robot/microros_ws/src/install/unique_identifier_msgs/share/unique_identifier_msgs/cmake/export_unique_identifier_msgs__rosidl_generator_pyExport.cmake
[4.847s] -- Installing: /home/user/robo/sb-robot/microros_ws/src/install/unique_identifier_msgs/share/unique_identifier_msgs/cmake/export_unique_identifier_msgs__rosidl_generator_pyExport-noconfig.cmake
[4.847s] -- Installing: /home/user/robo/sb-robot/microros_ws/src/install/unique_identifier_msgs/share/unique_identifier_msgs/cmake/rosidl_cmake-extras.cmake
[4.848s] -- Installing: /home/user/robo/sb-robot/microros_ws/src/install/unique_identifier_msgs/share/unique_identifier_msgs/cmake/ament_cmake_export_include_directories-extras.cmake
[4.848s] -- Installing: /home/user/robo/sb-robot/microros_ws/src/install/unique_identifier_msgs/share/unique_identifier_msgs/cmake/ament_cmake_export_libraries-extras.cmake
[4.848s] -- Installing: /home/user/robo/sb-robot/microros_ws/src/install/unique_identifier_msgs/share/unique_identifier_msgs/cmake/ament_cmake_export_targets-extras.cmake
[4.848s] -- Installing: /home/user/robo/sb-robot/microros_ws/src/install/unique_identifier_msgs/share/unique_identifier_msgs/cmake/rosidl_cmake_export_typesupport_targets-extras.cmake
[4.848s] -- Installing: /home/user/robo/sb-robot/microros_ws/src/install/unique_identifier_msgs/share/unique_identifier_msgs/cmake/ament_cmake_export_dependencies-extras.cmake
[4.848s] -- Installing: /home/user/robo/sb-robot/microros_ws/src/install/unique_identifier_msgs/share/unique_identifier_msgs/cmake/rosidl_cmake_export_typesupport_libraries-extras.cmake
[4.848s] -- Installing: /home/user/robo/sb-robot/microros_ws/src/install/unique_identifier_msgs/share/unique_identifier_msgs/cmake/unique_identifier_msgsConfig.cmake
[4.848s] -- Installing: /home/user/robo/sb-robot/microros_ws/src/install/unique_identifier_msgs/share/unique_identifier_msgs/cmake/unique_identifier_msgsConfig-version.cmake
[4.848s] -- Installing: /home/user/robo/sb-robot/microros_ws/src/install/unique_identifier_msgs/share/unique_identifier_msgs/package.xml
[4.848s] -- Installing: /home/user/robo/sb-robot/microros_ws/src/install/unique_identifier_msgs/share/unique_identifier_msgs/mapping_rules.yaml
[4.854s] Invoked command in '/home/user/robo/sb-robot/microros_ws/src/build/unique_identifier_msgs' returned '0': CMAKE_PREFIX_PATH=${CMAKE_PREFIX_PATH}:/opt/ros/humble /usr/bin/cmake --install /home/user/robo/sb-robot/microros_ws/src/build/unique_identifier_msgs
