[0.063s] DEBUG:colcon:Command line arguments: ['/usr/bin/colcon', 'build', '--symlink-install']
[0.064s] DEBUG:colcon:Parsed command line arguments: Namespace(log_base=None, log_level=None, verb_name='build', build_base='build', install_base='install', merge_install=False, symlink_install=True, test_result_base=None, continue_on_error=False, executor='parallel', parallel_workers=20, event_handlers=None, ignore_user_meta=False, metas=['./colcon.meta'], base_paths=['.'], packages_ignore=None, packages_ignore_regex=None, paths=None, packages_up_to=None, packages_up_to_regex=None, packages_above=None, packages_above_and_dependencies=None, packages_above_depth=None, packages_select_by_dep=None, packages_skip_by_dep=None, packages_skip_up_to=None, packages_select_build_failed=False, packages_skip_build_finished=False, packages_select_test_failures=False, packages_skip_test_passed=False, packages_select=None, packages_skip=None, packages_select_regex=None, packages_skip_regex=None, packages_start=None, packages_end=None, allow_overriding=[], cmake_args=None, cmake_target=None, cmake_target_skip_unavailable=False, cmake_clean_cache=False, cmake_clean_first=False, cmake_force_configure=False, ament_cmake_args=None, catkin_cmake_args=None, catkin_skip_building_tests=False, mixin_files=None, mixin=None, verb_parser=<colcon_mixin.mixin.mixin_argument.MixinArgumentDecorator object at 0x7305bac5a680>, verb_extension=<colcon_core.verb.build.BuildVerb object at 0x7305bad63610>, main=<bound method BuildVerb.main of <colcon_core.verb.build.BuildVerb object at 0x7305bad63610>>, mixin_verb=('build',))
[0.163s] Level 1:colcon.colcon_core.package_discovery:discover_packages(colcon_meta) check parameters
[0.164s] Level 1:colcon.colcon_core.package_discovery:discover_packages(recursive) check parameters
[0.164s] Level 1:colcon.colcon_core.package_discovery:discover_packages(ignore) check parameters
[0.164s] Level 1:colcon.colcon_core.package_discovery:discover_packages(path) check parameters
[0.164s] Level 1:colcon.colcon_core.package_discovery:discover_packages(colcon_meta) discover
[0.164s] Level 1:colcon.colcon_core.package_discovery:discover_packages(recursive) discover
[0.164s] INFO:colcon.colcon_core.package_discovery:Crawling recursively for packages in '/home/user/robo/sb-robot/ros_ws'
[0.164s] Level 1:colcon.colcon_core.package_identification:_identify(.) by extensions ['ignore', 'ignore_ament_install']
[0.164s] Level 1:colcon.colcon_core.package_identification:_identify(.) by extension 'ignore'
[0.164s] Level 1:colcon.colcon_core.package_identification:_identify(.) by extension 'ignore_ament_install'
[0.164s] Level 1:colcon.colcon_core.package_identification:_identify(.) by extensions ['colcon_pkg']
[0.164s] Level 1:colcon.colcon_core.package_identification:_identify(.) by extension 'colcon_pkg'
[0.164s] Level 1:colcon.colcon_core.package_identification:_identify(.) by extensions ['colcon_meta']
[0.164s] Level 1:colcon.colcon_core.package_identification:_identify(.) by extension 'colcon_meta'
[0.164s] Level 1:colcon.colcon_core.package_identification:_identify(.) by extensions ['ros']
[0.164s] Level 1:colcon.colcon_core.package_identification:_identify(.) by extension 'ros'
[0.172s] Level 1:colcon.colcon_core.package_identification:_identify(.) by extensions ['cmake', 'python']
[0.172s] Level 1:colcon.colcon_core.package_identification:_identify(.) by extension 'cmake'
[0.172s] Level 1:colcon.colcon_core.package_identification:_identify(.) by extension 'python'
[0.172s] Level 1:colcon.colcon_core.package_identification:_identify(.) by extensions ['python_setup_py']
[0.172s] Level 1:colcon.colcon_core.package_identification:_identify(.) by extension 'python_setup_py'
[0.172s] Level 1:colcon.colcon_core.package_identification:_identify(build) by extensions ['ignore', 'ignore_ament_install']
[0.172s] Level 1:colcon.colcon_core.package_identification:_identify(build) by extension 'ignore'
[0.172s] Level 1:colcon.colcon_core.package_identification:_identify(build) ignored
[0.173s] Level 1:colcon.colcon_core.package_identification:_identify(install) by extensions ['ignore', 'ignore_ament_install']
[0.173s] Level 1:colcon.colcon_core.package_identification:_identify(install) by extension 'ignore'
[0.173s] Level 1:colcon.colcon_core.package_identification:_identify(install) ignored
[0.173s] Level 1:colcon.colcon_core.package_identification:_identify(log) by extensions ['ignore', 'ignore_ament_install']
[0.173s] Level 1:colcon.colcon_core.package_identification:_identify(log) by extension 'ignore'
[0.173s] Level 1:colcon.colcon_core.package_identification:_identify(log) ignored
[0.173s] Level 1:colcon.colcon_core.package_identification:_identify(src) by extensions ['ignore', 'ignore_ament_install']
[0.173s] Level 1:colcon.colcon_core.package_identification:_identify(src) by extension 'ignore'
[0.173s] Level 1:colcon.colcon_core.package_identification:_identify(src) by extension 'ignore_ament_install'
[0.173s] Level 1:colcon.colcon_core.package_identification:_identify(src) by extensions ['colcon_pkg']
[0.173s] Level 1:colcon.colcon_core.package_identification:_identify(src) by extension 'colcon_pkg'
[0.173s] Level 1:colcon.colcon_core.package_identification:_identify(src) by extensions ['colcon_meta']
[0.173s] Level 1:colcon.colcon_core.package_identification:_identify(src) by extension 'colcon_meta'
[0.173s] Level 1:colcon.colcon_core.package_identification:_identify(src) by extensions ['ros']
[0.173s] Level 1:colcon.colcon_core.package_identification:_identify(src) by extension 'ros'
[0.173s] Level 1:colcon.colcon_core.package_identification:_identify(src) by extensions ['cmake', 'python']
[0.173s] Level 1:colcon.colcon_core.package_identification:_identify(src) by extension 'cmake'
[0.173s] Level 1:colcon.colcon_core.package_identification:_identify(src) by extension 'python'
[0.173s] Level 1:colcon.colcon_core.package_identification:_identify(src) by extensions ['python_setup_py']
[0.173s] Level 1:colcon.colcon_core.package_identification:_identify(src) by extension 'python_setup_py'
[0.173s] Level 1:colcon.colcon_core.package_identification:_identify(src/sb_robot) by extensions ['ignore', 'ignore_ament_install']
[0.173s] Level 1:colcon.colcon_core.package_identification:_identify(src/sb_robot) by extension 'ignore'
[0.173s] Level 1:colcon.colcon_core.package_identification:_identify(src/sb_robot) by extension 'ignore_ament_install'
[0.173s] Level 1:colcon.colcon_core.package_identification:_identify(src/sb_robot) by extensions ['colcon_pkg']
[0.173s] Level 1:colcon.colcon_core.package_identification:_identify(src/sb_robot) by extension 'colcon_pkg'
[0.173s] Level 1:colcon.colcon_core.package_identification:_identify(src/sb_robot) by extensions ['colcon_meta']
[0.173s] Level 1:colcon.colcon_core.package_identification:_identify(src/sb_robot) by extension 'colcon_meta'
[0.173s] Level 1:colcon.colcon_core.package_identification:_identify(src/sb_robot) by extensions ['ros']
[0.173s] Level 1:colcon.colcon_core.package_identification:_identify(src/sb_robot) by extension 'ros'
[0.176s] DEBUG:colcon.colcon_core.package_identification:Package 'src/sb_robot' with type 'ros.ament_cmake' and name 'sb_robot'
[0.177s] Level 1:colcon.colcon_core.package_identification:_identify(src/ws_hw_interface) by extensions ['ignore', 'ignore_ament_install']
[0.177s] Level 1:colcon.colcon_core.package_identification:_identify(src/ws_hw_interface) by extension 'ignore'
[0.177s] Level 1:colcon.colcon_core.package_identification:_identify(src/ws_hw_interface) by extension 'ignore_ament_install'
[0.177s] Level 1:colcon.colcon_core.package_identification:_identify(src/ws_hw_interface) by extensions ['colcon_pkg']
[0.177s] Level 1:colcon.colcon_core.package_identification:_identify(src/ws_hw_interface) by extension 'colcon_pkg'
[0.177s] Level 1:colcon.colcon_core.package_identification:_identify(src/ws_hw_interface) by extensions ['colcon_meta']
[0.177s] Level 1:colcon.colcon_core.package_identification:_identify(src/ws_hw_interface) by extension 'colcon_meta'
[0.177s] Level 1:colcon.colcon_core.package_identification:_identify(src/ws_hw_interface) by extensions ['ros']
[0.177s] Level 1:colcon.colcon_core.package_identification:_identify(src/ws_hw_interface) by extension 'ros'
[0.178s] DEBUG:colcon.colcon_core.package_identification:Package 'src/ws_hw_interface' with type 'ros.ament_cmake' and name 'ws_hw_interface'
[0.178s] Level 1:colcon.colcon_core.package_identification:_identify(test) by extensions ['ignore', 'ignore_ament_install']
[0.178s] Level 1:colcon.colcon_core.package_identification:_identify(test) by extension 'ignore'
[0.178s] Level 1:colcon.colcon_core.package_identification:_identify(test) ignored
[0.178s] Level 1:colcon.colcon_core.package_discovery:discover_packages(recursive) using defaults
[0.178s] Level 1:colcon.colcon_core.package_discovery:discover_packages(ignore) discover
[0.178s] Level 1:colcon.colcon_core.package_discovery:discover_packages(ignore) using defaults
[0.178s] Level 1:colcon.colcon_core.package_discovery:discover_packages(path) discover
[0.178s] Level 1:colcon.colcon_core.package_discovery:discover_packages(path) using defaults
[0.210s] Level 1:colcon.colcon_core.package_discovery:discover_packages(prefix_path) check parameters
[0.210s] Level 1:colcon.colcon_core.package_discovery:discover_packages(prefix_path) discover
[0.212s] DEBUG:colcon.colcon_installed_package_information.package_discovery:Found 408 installed packages in /opt/ros/humble
[0.214s] Level 1:colcon.colcon_core.package_discovery:discover_packages(prefix_path) using defaults
[0.243s] Level 5:colcon.colcon_core.verb:set package 'sb_robot' build argument 'cmake_args' from command line to 'None'
[0.243s] Level 5:colcon.colcon_core.verb:set package 'sb_robot' build argument 'cmake_target' from command line to 'None'
[0.243s] Level 5:colcon.colcon_core.verb:set package 'sb_robot' build argument 'cmake_target_skip_unavailable' from command line to 'False'
[0.243s] Level 5:colcon.colcon_core.verb:set package 'sb_robot' build argument 'cmake_clean_cache' from command line to 'False'
[0.243s] Level 5:colcon.colcon_core.verb:set package 'sb_robot' build argument 'cmake_clean_first' from command line to 'False'
[0.244s] Level 5:colcon.colcon_core.verb:set package 'sb_robot' build argument 'cmake_force_configure' from command line to 'False'
[0.244s] Level 5:colcon.colcon_core.verb:set package 'sb_robot' build argument 'ament_cmake_args' from command line to 'None'
[0.244s] Level 5:colcon.colcon_core.verb:set package 'sb_robot' build argument 'catkin_cmake_args' from command line to 'None'
[0.244s] Level 5:colcon.colcon_core.verb:set package 'sb_robot' build argument 'catkin_skip_building_tests' from command line to 'False'
[0.244s] DEBUG:colcon.colcon_core.verb:Building package 'sb_robot' with the following arguments: {'ament_cmake_args': None, 'build_base': '/home/user/robo/sb-robot/ros_ws/build/sb_robot', 'catkin_cmake_args': None, 'catkin_skip_building_tests': False, 'cmake_args': None, 'cmake_clean_cache': False, 'cmake_clean_first': False, 'cmake_force_configure': False, 'cmake_target': None, 'cmake_target_skip_unavailable': False, 'install_base': '/home/user/robo/sb-robot/ros_ws/install/sb_robot', 'merge_install': False, 'path': '/home/user/robo/sb-robot/ros_ws/src/sb_robot', 'symlink_install': True, 'test_result_base': None}
[0.244s] Level 5:colcon.colcon_core.verb:set package 'ws_hw_interface' build argument 'cmake_args' from command line to 'None'
[0.244s] Level 5:colcon.colcon_core.verb:set package 'ws_hw_interface' build argument 'cmake_target' from command line to 'None'
[0.244s] Level 5:colcon.colcon_core.verb:set package 'ws_hw_interface' build argument 'cmake_target_skip_unavailable' from command line to 'False'
[0.244s] Level 5:colcon.colcon_core.verb:set package 'ws_hw_interface' build argument 'cmake_clean_cache' from command line to 'False'
[0.244s] Level 5:colcon.colcon_core.verb:set package 'ws_hw_interface' build argument 'cmake_clean_first' from command line to 'False'
[0.244s] Level 5:colcon.colcon_core.verb:set package 'ws_hw_interface' build argument 'cmake_force_configure' from command line to 'False'
[0.244s] Level 5:colcon.colcon_core.verb:set package 'ws_hw_interface' build argument 'ament_cmake_args' from command line to 'None'
[0.244s] Level 5:colcon.colcon_core.verb:set package 'ws_hw_interface' build argument 'catkin_cmake_args' from command line to 'None'
[0.244s] Level 5:colcon.colcon_core.verb:set package 'ws_hw_interface' build argument 'catkin_skip_building_tests' from command line to 'False'
[0.244s] DEBUG:colcon.colcon_core.verb:Building package 'ws_hw_interface' with the following arguments: {'ament_cmake_args': None, 'build_base': '/home/user/robo/sb-robot/ros_ws/build/ws_hw_interface', 'catkin_cmake_args': None, 'catkin_skip_building_tests': False, 'cmake_args': None, 'cmake_clean_cache': False, 'cmake_clean_first': False, 'cmake_force_configure': False, 'cmake_target': None, 'cmake_target_skip_unavailable': False, 'install_base': '/home/user/robo/sb-robot/ros_ws/install/ws_hw_interface', 'merge_install': False, 'path': '/home/user/robo/sb-robot/ros_ws/src/ws_hw_interface', 'symlink_install': True, 'test_result_base': None}
[0.244s] INFO:colcon.colcon_core.executor:Executing jobs using 'parallel' executor
[0.246s] DEBUG:colcon.colcon_parallel_executor.executor.parallel:run_until_complete
[0.246s] INFO:colcon.colcon_ros.task.ament_cmake.build:Building ROS package in '/home/user/robo/sb-robot/ros_ws/src/sb_robot' with build type 'ament_cmake'
[0.246s] INFO:colcon.colcon_cmake.task.cmake.build:Building CMake package in '/home/user/robo/sb-robot/ros_ws/src/sb_robot'
[0.248s] INFO:colcon.colcon_core.plugin_system:Skipping extension 'colcon_core.shell.bat': Not used on non-Windows systems
[0.248s] INFO:colcon.colcon_core.shell:Skip shell extension 'powershell' for command environment: Not usable outside of PowerShell
[0.248s] DEBUG:colcon.colcon_core.shell:Skip shell extension 'dsv' for command environment
[0.250s] INFO:colcon.colcon_ros.task.ament_cmake.build:Building ROS package in '/home/user/robo/sb-robot/ros_ws/src/ws_hw_interface' with build type 'ament_cmake'
[0.250s] INFO:colcon.colcon_cmake.task.cmake.build:Building CMake package in '/home/user/robo/sb-robot/ros_ws/src/ws_hw_interface'
[0.251s] INFO:colcon.colcon_core.shell:Skip shell extension 'powershell' for command environment: Not usable outside of PowerShell
[0.251s] DEBUG:colcon.colcon_core.shell:Skip shell extension 'dsv' for command environment
[0.257s] DEBUG:colcon.colcon_core.event_handler.log_command:Invoking command in '/home/user/robo/sb-robot/ros_ws/build/sb_robot': CMAKE_PREFIX_PATH=/opt/ros/humble /usr/bin/cmake --build /home/user/robo/sb-robot/ros_ws/build/sb_robot -- -j20 -l20
[0.259s] DEBUG:colcon.colcon_core.event_handler.log_command:Invoking command in '/home/user/robo/sb-robot/ros_ws/build/ws_hw_interface': CMAKE_PREFIX_PATH=/opt/ros/humble /usr/bin/cmake --build /home/user/robo/sb-robot/ros_ws/build/ws_hw_interface -- -j20 -l20
[0.304s] DEBUG:colcon.colcon_core.event_handler.log_command:Invoked command in '/home/user/robo/sb-robot/ros_ws/build/sb_robot' returned '0': CMAKE_PREFIX_PATH=/opt/ros/humble /usr/bin/cmake --build /home/user/robo/sb-robot/ros_ws/build/sb_robot -- -j20 -l20
[0.321s] DEBUG:colcon.colcon_core.event_handler.log_command:Invoking command in '/home/user/robo/sb-robot/ros_ws/build/sb_robot': CMAKE_PREFIX_PATH=/opt/ros/humble /usr/bin/cmake --install /home/user/robo/sb-robot/ros_ws/build/sb_robot
[0.346s] Level 1:colcon.colcon_core.environment:create_environment_scripts_only(sb_robot)
[0.347s] DEBUG:colcon.colcon_core.event_handler.log_command:Invoked command in '/home/user/robo/sb-robot/ros_ws/build/sb_robot' returned '0': CMAKE_PREFIX_PATH=/opt/ros/humble /usr/bin/cmake --install /home/user/robo/sb-robot/ros_ws/build/sb_robot
[0.349s] Level 1:colcon.colcon_core.environment:checking '/home/user/robo/sb-robot/ros_ws/install/sb_robot' for CMake module files
[0.350s] Level 1:colcon.colcon_core.environment:checking '/home/user/robo/sb-robot/ros_ws/install/sb_robot' for CMake config files
[0.350s] Level 1:colcon.colcon_core.shell:create_environment_hook('sb_robot', 'cmake_prefix_path')
[0.350s] INFO:colcon.colcon_core.shell:Creating environment hook '/home/user/robo/sb-robot/ros_ws/install/sb_robot/share/sb_robot/hook/cmake_prefix_path.ps1'
[0.351s] INFO:colcon.colcon_core.shell:Creating environment descriptor '/home/user/robo/sb-robot/ros_ws/install/sb_robot/share/sb_robot/hook/cmake_prefix_path.dsv'
[0.352s] INFO:colcon.colcon_core.shell:Creating environment hook '/home/user/robo/sb-robot/ros_ws/install/sb_robot/share/sb_robot/hook/cmake_prefix_path.sh'
[0.353s] Level 1:colcon.colcon_core.environment:checking '/home/user/robo/sb-robot/ros_ws/install/sb_robot/bin'
[0.353s] Level 1:colcon.colcon_core.environment:checking '/home/user/robo/sb-robot/ros_ws/install/sb_robot/lib/pkgconfig/sb_robot.pc'
[0.354s] Level 1:colcon.colcon_core.environment:checking '/home/user/robo/sb-robot/ros_ws/install/sb_robot/lib/python3.10/site-packages'
[0.354s] Level 1:colcon.colcon_core.environment:checking '/home/user/robo/sb-robot/ros_ws/install/sb_robot/bin'
[0.354s] INFO:colcon.colcon_core.shell:Creating package script '/home/user/robo/sb-robot/ros_ws/install/sb_robot/share/sb_robot/package.ps1'
[0.355s] INFO:colcon.colcon_core.shell:Creating package descriptor '/home/user/robo/sb-robot/ros_ws/install/sb_robot/share/sb_robot/package.dsv'
[0.355s] INFO:colcon.colcon_core.shell:Creating package script '/home/user/robo/sb-robot/ros_ws/install/sb_robot/share/sb_robot/package.sh'
[0.356s] INFO:colcon.colcon_core.shell:Creating package script '/home/user/robo/sb-robot/ros_ws/install/sb_robot/share/sb_robot/package.bash'
[0.357s] INFO:colcon.colcon_core.shell:Creating package script '/home/user/robo/sb-robot/ros_ws/install/sb_robot/share/sb_robot/package.zsh'
[0.358s] Level 1:colcon.colcon_core.environment:create_file_with_runtime_dependencies(/home/user/robo/sb-robot/ros_ws/install/sb_robot/share/colcon-core/packages/sb_robot)
[0.358s] Level 1:colcon.colcon_core.environment:create_environment_scripts_only(sb_robot)
[0.358s] Level 1:colcon.colcon_core.environment:checking '/home/user/robo/sb-robot/ros_ws/install/sb_robot' for CMake module files
[0.359s] Level 1:colcon.colcon_core.environment:checking '/home/user/robo/sb-robot/ros_ws/install/sb_robot' for CMake config files
[0.359s] Level 1:colcon.colcon_core.shell:create_environment_hook('sb_robot', 'cmake_prefix_path')
[0.359s] INFO:colcon.colcon_core.shell:Creating environment hook '/home/user/robo/sb-robot/ros_ws/install/sb_robot/share/sb_robot/hook/cmake_prefix_path.ps1'
[0.413s] INFO:colcon.colcon_core.shell:Creating environment descriptor '/home/user/robo/sb-robot/ros_ws/install/sb_robot/share/sb_robot/hook/cmake_prefix_path.dsv'
[0.414s] INFO:colcon.colcon_core.shell:Creating environment hook '/home/user/robo/sb-robot/ros_ws/install/sb_robot/share/sb_robot/hook/cmake_prefix_path.sh'
[0.414s] Level 1:colcon.colcon_core.environment:checking '/home/user/robo/sb-robot/ros_ws/install/sb_robot/bin'
[0.414s] Level 1:colcon.colcon_core.environment:checking '/home/user/robo/sb-robot/ros_ws/install/sb_robot/lib/pkgconfig/sb_robot.pc'
[0.414s] Level 1:colcon.colcon_core.environment:checking '/home/user/robo/sb-robot/ros_ws/install/sb_robot/lib/python3.10/site-packages'
[0.414s] Level 1:colcon.colcon_core.environment:checking '/home/user/robo/sb-robot/ros_ws/install/sb_robot/bin'
[0.415s] INFO:colcon.colcon_core.shell:Creating package script '/home/user/robo/sb-robot/ros_ws/install/sb_robot/share/sb_robot/package.ps1'
[0.415s] INFO:colcon.colcon_core.shell:Creating package descriptor '/home/user/robo/sb-robot/ros_ws/install/sb_robot/share/sb_robot/package.dsv'
[0.415s] INFO:colcon.colcon_core.shell:Creating package script '/home/user/robo/sb-robot/ros_ws/install/sb_robot/share/sb_robot/package.sh'
[0.415s] INFO:colcon.colcon_core.shell:Creating package script '/home/user/robo/sb-robot/ros_ws/install/sb_robot/share/sb_robot/package.bash'
[0.416s] INFO:colcon.colcon_core.shell:Creating package script '/home/user/robo/sb-robot/ros_ws/install/sb_robot/share/sb_robot/package.zsh'
[0.416s] Level 1:colcon.colcon_core.environment:create_file_with_runtime_dependencies(/home/user/robo/sb-robot/ros_ws/install/sb_robot/share/colcon-core/packages/sb_robot)
[6.977s] DEBUG:colcon.colcon_core.event_handler.log_command:Invoked command in '/home/user/robo/sb-robot/ros_ws/build/ws_hw_interface' returned '0': CMAKE_PREFIX_PATH=/opt/ros/humble /usr/bin/cmake --build /home/user/robo/sb-robot/ros_ws/build/ws_hw_interface -- -j20 -l20
[6.979s] DEBUG:colcon.colcon_core.event_handler.log_command:Invoking command in '/home/user/robo/sb-robot/ros_ws/build/ws_hw_interface': CMAKE_PREFIX_PATH=/opt/ros/humble /usr/bin/cmake --install /home/user/robo/sb-robot/ros_ws/build/ws_hw_interface
[7.011s] Level 1:colcon.colcon_core.environment:create_environment_scripts_only(ws_hw_interface)
[7.012s] Level 1:colcon.colcon_core.environment:checking '/home/user/robo/sb-robot/ros_ws/install/ws_hw_interface' for CMake module files
[7.012s] DEBUG:colcon.colcon_core.event_handler.log_command:Invoked command in '/home/user/robo/sb-robot/ros_ws/build/ws_hw_interface' returned '0': CMAKE_PREFIX_PATH=/opt/ros/humble /usr/bin/cmake --install /home/user/robo/sb-robot/ros_ws/build/ws_hw_interface
[7.013s] Level 1:colcon.colcon_core.environment:checking '/home/user/robo/sb-robot/ros_ws/install/ws_hw_interface' for CMake config files
[7.013s] Level 1:colcon.colcon_core.shell:create_environment_hook('ws_hw_interface', 'cmake_prefix_path')
[7.013s] INFO:colcon.colcon_core.shell:Creating environment hook '/home/user/robo/sb-robot/ros_ws/install/ws_hw_interface/share/ws_hw_interface/hook/cmake_prefix_path.ps1'
[7.014s] INFO:colcon.colcon_core.shell:Creating environment descriptor '/home/user/robo/sb-robot/ros_ws/install/ws_hw_interface/share/ws_hw_interface/hook/cmake_prefix_path.dsv'
[7.015s] INFO:colcon.colcon_core.shell:Creating environment hook '/home/user/robo/sb-robot/ros_ws/install/ws_hw_interface/share/ws_hw_interface/hook/cmake_prefix_path.sh'
[7.016s] Level 1:colcon.colcon_core.environment:checking '/home/user/robo/sb-robot/ros_ws/install/ws_hw_interface/lib'
[7.016s] Level 1:colcon.colcon_core.shell:create_environment_hook('ws_hw_interface', 'ld_library_path_lib')
[7.017s] INFO:colcon.colcon_core.shell:Creating environment hook '/home/user/robo/sb-robot/ros_ws/install/ws_hw_interface/share/ws_hw_interface/hook/ld_library_path_lib.ps1'
[7.017s] INFO:colcon.colcon_core.shell:Creating environment descriptor '/home/user/robo/sb-robot/ros_ws/install/ws_hw_interface/share/ws_hw_interface/hook/ld_library_path_lib.dsv'
[7.017s] INFO:colcon.colcon_core.shell:Creating environment hook '/home/user/robo/sb-robot/ros_ws/install/ws_hw_interface/share/ws_hw_interface/hook/ld_library_path_lib.sh'
[7.018s] Level 1:colcon.colcon_core.environment:checking '/home/user/robo/sb-robot/ros_ws/install/ws_hw_interface/bin'
[7.018s] Level 1:colcon.colcon_core.environment:checking '/home/user/robo/sb-robot/ros_ws/install/ws_hw_interface/lib/pkgconfig/ws_hw_interface.pc'
[7.018s] Level 1:colcon.colcon_core.environment:checking '/home/user/robo/sb-robot/ros_ws/install/ws_hw_interface/lib/python3.10/site-packages'
[7.019s] Level 1:colcon.colcon_core.environment:checking '/home/user/robo/sb-robot/ros_ws/install/ws_hw_interface/bin'
[7.019s] INFO:colcon.colcon_core.shell:Creating package script '/home/user/robo/sb-robot/ros_ws/install/ws_hw_interface/share/ws_hw_interface/package.ps1'
[7.020s] INFO:colcon.colcon_core.shell:Creating package descriptor '/home/user/robo/sb-robot/ros_ws/install/ws_hw_interface/share/ws_hw_interface/package.dsv'
[7.021s] INFO:colcon.colcon_core.shell:Creating package script '/home/user/robo/sb-robot/ros_ws/install/ws_hw_interface/share/ws_hw_interface/package.sh'
[7.021s] INFO:colcon.colcon_core.shell:Creating package script '/home/user/robo/sb-robot/ros_ws/install/ws_hw_interface/share/ws_hw_interface/package.bash'
[7.022s] INFO:colcon.colcon_core.shell:Creating package script '/home/user/robo/sb-robot/ros_ws/install/ws_hw_interface/share/ws_hw_interface/package.zsh'
[7.022s] Level 1:colcon.colcon_core.environment:create_file_with_runtime_dependencies(/home/user/robo/sb-robot/ros_ws/install/ws_hw_interface/share/colcon-core/packages/ws_hw_interface)
[7.024s] Level 1:colcon.colcon_core.environment:create_environment_scripts_only(ws_hw_interface)
[7.024s] Level 1:colcon.colcon_core.environment:checking '/home/user/robo/sb-robot/ros_ws/install/ws_hw_interface' for CMake module files
[7.024s] Level 1:colcon.colcon_core.environment:checking '/home/user/robo/sb-robot/ros_ws/install/ws_hw_interface' for CMake config files
[7.025s] Level 1:colcon.colcon_core.shell:create_environment_hook('ws_hw_interface', 'cmake_prefix_path')
[7.025s] INFO:colcon.colcon_core.shell:Creating environment hook '/home/user/robo/sb-robot/ros_ws/install/ws_hw_interface/share/ws_hw_interface/hook/cmake_prefix_path.ps1'
[7.026s] INFO:colcon.colcon_core.shell:Creating environment descriptor '/home/user/robo/sb-robot/ros_ws/install/ws_hw_interface/share/ws_hw_interface/hook/cmake_prefix_path.dsv'
[7.026s] INFO:colcon.colcon_core.shell:Creating environment hook '/home/user/robo/sb-robot/ros_ws/install/ws_hw_interface/share/ws_hw_interface/hook/cmake_prefix_path.sh'
[7.027s] Level 1:colcon.colcon_core.environment:checking '/home/user/robo/sb-robot/ros_ws/install/ws_hw_interface/lib'
[7.027s] Level 1:colcon.colcon_core.shell:create_environment_hook('ws_hw_interface', 'ld_library_path_lib')
[7.027s] INFO:colcon.colcon_core.shell:Creating environment hook '/home/user/robo/sb-robot/ros_ws/install/ws_hw_interface/share/ws_hw_interface/hook/ld_library_path_lib.ps1'
[7.028s] INFO:colcon.colcon_core.shell:Creating environment descriptor '/home/user/robo/sb-robot/ros_ws/install/ws_hw_interface/share/ws_hw_interface/hook/ld_library_path_lib.dsv'
[7.028s] INFO:colcon.colcon_core.shell:Creating environment hook '/home/user/robo/sb-robot/ros_ws/install/ws_hw_interface/share/ws_hw_interface/hook/ld_library_path_lib.sh'
[7.029s] Level 1:colcon.colcon_core.environment:checking '/home/user/robo/sb-robot/ros_ws/install/ws_hw_interface/bin'
[7.029s] Level 1:colcon.colcon_core.environment:checking '/home/user/robo/sb-robot/ros_ws/install/ws_hw_interface/lib/pkgconfig/ws_hw_interface.pc'
[7.029s] Level 1:colcon.colcon_core.environment:checking '/home/user/robo/sb-robot/ros_ws/install/ws_hw_interface/lib/python3.10/site-packages'
[7.030s] Level 1:colcon.colcon_core.environment:checking '/home/user/robo/sb-robot/ros_ws/install/ws_hw_interface/bin'
[7.030s] INFO:colcon.colcon_core.shell:Creating package script '/home/user/robo/sb-robot/ros_ws/install/ws_hw_interface/share/ws_hw_interface/package.ps1'
[7.031s] INFO:colcon.colcon_core.shell:Creating package descriptor '/home/user/robo/sb-robot/ros_ws/install/ws_hw_interface/share/ws_hw_interface/package.dsv'
[7.031s] INFO:colcon.colcon_core.shell:Creating package script '/home/user/robo/sb-robot/ros_ws/install/ws_hw_interface/share/ws_hw_interface/package.sh'
[7.032s] INFO:colcon.colcon_core.shell:Creating package script '/home/user/robo/sb-robot/ros_ws/install/ws_hw_interface/share/ws_hw_interface/package.bash'
[7.032s] INFO:colcon.colcon_core.shell:Creating package script '/home/user/robo/sb-robot/ros_ws/install/ws_hw_interface/share/ws_hw_interface/package.zsh'
[7.033s] Level 1:colcon.colcon_core.environment:create_file_with_runtime_dependencies(/home/user/robo/sb-robot/ros_ws/install/ws_hw_interface/share/colcon-core/packages/ws_hw_interface)
[7.034s] DEBUG:colcon.colcon_parallel_executor.executor.parallel:closing loop
[7.034s] DEBUG:colcon.colcon_parallel_executor.executor.parallel:loop closed
[7.035s] DEBUG:colcon.colcon_parallel_executor.executor.parallel:run_until_complete finished with '0'
[7.035s] DEBUG:colcon.colcon_core.event_reactor:joining thread
[7.041s] INFO:colcon.colcon_core.plugin_system:Skipping extension 'colcon_notification.desktop_notification.terminal_notifier': Not used on non-Darwin systems
[7.042s] INFO:colcon.colcon_core.plugin_system:Skipping extension 'colcon_notification.desktop_notification.win32': Not used on non-Windows systems
[7.042s] INFO:colcon.colcon_notification.desktop_notification:Sending desktop notification using 'notify2'
[7.059s] DEBUG:colcon.colcon_core.event_reactor:joined thread
[7.060s] INFO:colcon.colcon_core.shell:Creating prefix script '/home/user/robo/sb-robot/ros_ws/install/local_setup.ps1'
[7.061s] INFO:colcon.colcon_core.shell:Creating prefix util module '/home/user/robo/sb-robot/ros_ws/install/_local_setup_util_ps1.py'
[7.062s] INFO:colcon.colcon_core.shell:Creating prefix chain script '/home/user/robo/sb-robot/ros_ws/install/setup.ps1'
[7.063s] INFO:colcon.colcon_core.shell:Creating prefix script '/home/user/robo/sb-robot/ros_ws/install/local_setup.sh'
[7.064s] INFO:colcon.colcon_core.shell:Creating prefix util module '/home/user/robo/sb-robot/ros_ws/install/_local_setup_util_sh.py'
[7.064s] INFO:colcon.colcon_core.shell:Creating prefix chain script '/home/user/robo/sb-robot/ros_ws/install/setup.sh'
[7.065s] INFO:colcon.colcon_core.shell:Creating prefix script '/home/user/robo/sb-robot/ros_ws/install/local_setup.bash'
[7.066s] INFO:colcon.colcon_core.shell:Creating prefix chain script '/home/user/robo/sb-robot/ros_ws/install/setup.bash'
[7.066s] INFO:colcon.colcon_core.shell:Creating prefix script '/home/user/robo/sb-robot/ros_ws/install/local_setup.zsh'
[7.067s] INFO:colcon.colcon_core.shell:Creating prefix chain script '/home/user/robo/sb-robot/ros_ws/install/setup.zsh'
