[0.018s] Invoking command in '/home/user/robo/sb-robot/microros_ws/src/build/microcdr': /usr/bin/cmake /home/user/robo/sb-robot/microros_ws/src/eProsima/Micro-CDR -DUCDR_ISOLATED_INSTALL=OFF -DBUILD_SHARED_LIBS=ON -DCMAKE_INSTALL_PREFIX=/home/user/robo/sb-robot/microros_ws/src/install/microcdr
[0.026s] -- Setting build type to 'Release' as none was specified.
[0.063s] -- The C compiler identification is GNU 11.4.0
[0.069s] -- Detecting C compiler ABI info
[0.124s] -- Detecting C compiler ABI info - done
[0.132s] -- Check for working C compiler: /usr/bin/cc - skipped
[0.132s] -- Detecting C compile features
[0.132s] -- Detecting C compile features - done
[0.173s] -- The CXX compiler identification is GNU 11.4.0
[0.179s] -- Detecting CXX compiler ABI info
[0.245s] -- Detecting CXX compiler ABI info - done
[0.253s] -- Check for working CXX compiler: /usr/bin/c++ - skipped
[0.253s] -- Detecting CXX compile features
[0.254s] -- Detecting CXX compile features - done
[0.263s] -- Configuring done
[0.265s] -- Generating done
[0.266s] -- Build files have been written to: /home/user/robo/sb-robot/microros_ws/src/build/microcdr
[0.271s] Invoked command in '/home/user/robo/sb-robot/microros_ws/src/build/microcdr' returned '0': /usr/bin/cmake /home/user/robo/sb-robot/microros_ws/src/eProsima/Micro-CDR -DUCDR_ISOLATED_INSTALL=OFF -DBUILD_SHARED_LIBS=ON -DCMAKE_INSTALL_PREFIX=/home/user/robo/sb-robot/microros_ws/src/install/microcdr
[0.273s] Invoking command in '/home/user/robo/sb-robot/microros_ws/src/build/microcdr': /usr/bin/cmake --build /home/user/robo/sb-robot/microros_ws/src/build/microcdr -- -j20 -l20
[0.309s] [ 12%] [34m[1mCreating directories for 'ucdr'[0m
[0.373s] [ 25%] [34m[1mNo download step for 'ucdr'[0m
[0.395s] [ 37%] [34m[1mNo update step for 'ucdr'[0m
[0.416s] [ 50%] [34m[1mNo patch step for 'ucdr'[0m
[0.436s] [ 62%] [34m[1mPerforming configure step for 'ucdr'[0m
[0.443s] loading initial cache file /home/user/robo/sb-robot/microros_ws/src/build/microcdr/ucdr-prefix/tmp/ucdr-cache-Release.cmake
[0.447s] -- Configuring done
[0.451s] -- Generating done
[0.452s] -- Build files have been written to: /home/user/robo/sb-robot/microros_ws/src/build/microcdr
[0.467s] [ 75%] [34m[1mPerforming build step for 'ucdr'[0m
[0.503s] [ 33%] [32mBuilding C object CMakeFiles/microcdr.dir/src/c/types/array.c.o[0m
[0.503s] [ 33%] [32mBuilding C object CMakeFiles/microcdr.dir/src/c/common.c.o[0m
[0.505s] [ 66%] [32mBuilding C object CMakeFiles/microcdr.dir/src/c/types/basic.c.o[0m
[0.505s] [ 66%] [32mBuilding C object CMakeFiles/microcdr.dir/src/c/types/string.c.o[0m
[0.505s] [ 83%] [32mBuilding C object CMakeFiles/microcdr.dir/src/c/types/sequence.c.o[0m
[0.880s] [100%] [32m[1mLinking C shared library libmicrocdr.so[0m
[0.927s] [100%] Built target microcdr
[0.951s] [34m[1mNo install step for 'ucdr'[0m
[0.968s] [34m[1mCompleted 'ucdr'[0m
[0.993s] Built target ucdr
[1.004s] Invoked command in '/home/user/robo/sb-robot/microros_ws/src/build/microcdr' returned '0': /usr/bin/cmake --build /home/user/robo/sb-robot/microros_ws/src/build/microcdr -- -j20 -l20
[1.006s] Invoking command in '/home/user/robo/sb-robot/microros_ws/src/build/microcdr': /usr/bin/cmake --install /home/user/robo/sb-robot/microros_ws/src/build/microcdr
[1.011s] -- Install configuration: "Release"
[1.011s] -- Installing: /home/user/robo/sb-robot/microros_ws/src/install/microcdr/lib/libmicrocdr.so.2.0.1
[1.011s] -- Installing: /home/user/robo/sb-robot/microros_ws/src/install/microcdr/lib/libmicrocdr.so.2.0
[1.012s] -- Installing: /home/user/robo/sb-robot/microros_ws/src/install/microcdr/lib/libmicrocdr.so
[1.012s] -- Installing: /home/user/robo/sb-robot/microros_ws/src/install/microcdr/include/ucdr
[1.012s] -- Installing: /home/user/robo/sb-robot/microros_ws/src/install/microcdr/include/ucdr/visibility.h
[1.012s] -- Installing: /home/user/robo/sb-robot/microros_ws/src/install/microcdr/include/ucdr/microcdr.h
[1.012s] -- Installing: /home/user/robo/sb-robot/microros_ws/src/install/microcdr/include/ucdr/config.h
[1.012s] -- Installing: /home/user/robo/sb-robot/microros_ws/src/install/microcdr/share/microcdr/cmake/microcdrTargets.cmake
[1.012s] -- Installing: /home/user/robo/sb-robot/microros_ws/src/install/microcdr/share/microcdr/cmake/microcdrTargets-release.cmake
[1.012s] -- Installing: /home/user/robo/sb-robot/microros_ws/src/install/microcdr/share/microcdr/cmake/microcdrConfig.cmake
[1.012s] -- Installing: /home/user/robo/sb-robot/microros_ws/src/install/microcdr/share/microcdr/cmake/microcdrConfigVersion.cmake
[1.014s] Invoked command in '/home/user/robo/sb-robot/microros_ws/src/build/microcdr' returned '0': /usr/bin/cmake --install /home/user/robo/sb-robot/microros_ws/src/build/microcdr
