[0.017s] Invoking command in '/home/user/robo/sb-robot/microros_ws/build/nav_msgs': AMENT_PREFIX_PATH=/home/user/robo/sb-robot/microros_ws/install/geometry_msgs:/home/user/robo/sb-robot/microros_ws/install/std_msgs:${AMENT_PREFIX_PATH} CMAKE_PREFIX_PATH=/home/user/robo/sb-robot/microros_ws/install/geometry_msgs:/home/user/robo/sb-robot/microros_ws/install/std_msgs:/home/user/robo/sb-robot/microros_ws/install/builtin_interfaces:/home/user/robo/sb-robot/microros_ws/src/install/action_msgs:/home/user/robo/sb-robot/microros_ws/src/install/unique_identifier_msgs:/home/user/robo/sb-robot/microros_ws/src/install/std_srvs:/home/user/robo/sb-robot/microros_ws/src/install/statistics_msgs:/home/user/robo/sb-robot/microros_ws/src/install/rmw_microxrcedds:/home/user/robo/sb-robot/microros_ws/src/install/rosidl_typesupport_microxrcedds_cpp:/home/user/robo/sb-robot/microros_ws/src/install/rosidl_typesupport_microxrcedds_c:/home/user/robo/sb-robot/microros_ws/src/install/rosgraph_msgs:/home/user/robo/sb-robot/microros_ws/src/install/microxrcedds_client:/home/user/robo/sb-robot/microros_ws/src/install/microcdr:/home/user/robo/sb-robot/microros_ws/src/install/micro_ros_utilities:/home/user/robo/sb-robot/microros_ws/src/install/micro_ros_setup:/home/user/robo/sb-robot/microros_ws/src/install/micro_ros_msgs:/home/user/robo/sb-robot/microros_ws/src/install/lifecycle_msgs:/home/user/robo/sb-robot/microros_ws/src/install/complex_msgs:/home/user/robo/sb-robot/microros_ws/src/install/builtin_interfaces:/home/user/robo/sb-robot/microros_ws/install/micro_ros_setup:/home/user/robo/sb-robot/microros_ws/install/micro_ros_agent:/home/user/robo/sb-robot/microros_ws/install/micro_ros_msgs:/opt/ros/humble LD_LIBRARY_PATH=/home/user/robo/sb-robot/microros_ws/install/geometry_msgs/lib:/home/user/robo/sb-robot/microros_ws/install/std_msgs/lib:/home/user/robo/sb-robot/microros_ws/install/builtin_interfaces/lib:/home/user/robo/sb-robot/microros_ws/src/install/action_msgs/lib:/home/user/robo/sb-robot/microros_ws/src/install/unique_identifier_msgs/lib:/home/user/robo/sb-robot/microros_ws/src/install/std_srvs/lib:/home/user/robo/sb-robot/microros_ws/src/install/statistics_msgs/lib:/home/user/robo/sb-robot/microros_ws/src/install/rmw_microxrcedds/lib:/home/user/robo/sb-robot/microros_ws/src/install/rosidl_typesupport_microxrcedds_cpp/lib:/home/user/robo/sb-robot/microros_ws/src/install/rosidl_typesupport_microxrcedds_c/lib:/home/user/robo/sb-robot/microros_ws/src/install/rosgraph_msgs/lib:/home/user/robo/sb-robot/microros_ws/src/install/microxrcedds_client/lib:/home/user/robo/sb-robot/microros_ws/src/install/microcdr/lib:/home/user/robo/sb-robot/microros_ws/src/install/micro_ros_utilities/lib:/home/user/robo/sb-robot/microros_ws/src/install/micro_ros_msgs/lib:/home/user/robo/sb-robot/microros_ws/src/install/lifecycle_msgs/lib:/home/user/robo/sb-robot/microros_ws/src/install/complex_msgs/lib:/home/user/robo/sb-robot/microros_ws/src/install/builtin_interfaces/lib:/home/user/robo/sb-robot/microros_ws/install/micro_ros_agent/lib:/home/user/robo/sb-robot/microros_ws/install/micro_ros_msgs/lib:/usr/lib/x86_64-linux-gnu/gazebo-11/plugins:/opt/ros/humble/opt/rviz_ogre_vendor/lib:/opt/ros/humble/lib/x86_64-linux-gnu:/opt/ros/humble/lib PYTHONPATH=/home/user/robo/sb-robot/microros_ws/install/geometry_msgs/local/lib/python3.10/dist-packages:/home/user/robo/sb-robot/microros_ws/install/std_msgs/local/lib/python3.10/dist-packages:${PYTHONPATH} /usr/bin/cmake /home/user/robo/sb-robot/microros_ws/src/ros2/common_interfaces/nav_msgs -DCMAKE_INSTALL_PREFIX=/home/user/robo/sb-robot/microros_ws/install/nav_msgs
[0.071s] -- The C compiler identification is GNU 11.4.0
[0.112s] -- The CXX compiler identification is GNU 11.4.0
[0.118s] -- Detecting C compiler ABI info
[0.172s] -- Detecting C compiler ABI info - done
[0.178s] -- Check for working C compiler: /usr/bin/cc - skipped
[0.179s] -- Detecting C compile features
[0.179s] -- Detecting C compile features - done
[0.181s] -- Detecting CXX compiler ABI info
[0.244s] -- Detecting CXX compiler ABI info - done
[0.248s] -- Check for working CXX compiler: /usr/bin/c++ - skipped
[0.248s] -- Detecting CXX compile features
[0.249s] -- Detecting CXX compile features - done
[0.251s] -- Found ament_cmake: 1.3.11 (/opt/ros/humble/share/ament_cmake/cmake)
[0.390s] -- Found Python3: /usr/bin/python3 (found version "3.10.12") found components: Interpreter 
[0.488s] -- Found builtin_interfaces: 1.2.1 (/home/user/robo/sb-robot/microros_ws/install/builtin_interfaces/share/builtin_interfaces/cmake)
[0.522s] -- Found rosidl_generator_c: 3.1.6 (/opt/ros/humble/share/rosidl_generator_c/cmake)
[0.527s] -- Found rosidl_adapter: 3.1.6 (/opt/ros/humble/share/rosidl_adapter/cmake)
[0.534s] -- Found rosidl_generator_cpp: 3.1.6 (/opt/ros/humble/share/rosidl_generator_cpp/cmake)
[0.544s] -- Using all available rosidl_typesupport_c: rosidl_typesupport_microxrcedds_c;rosidl_typesupport_fastrtps_c;rosidl_typesupport_introspection_c
[0.562s] -- Using all available rosidl_typesupport_cpp: rosidl_typesupport_microxrcedds_cpp;rosidl_typesupport_fastrtps_cpp;rosidl_typesupport_introspection_cpp
[0.576s] -- Found geometry_msgs: 4.2.4 (/home/user/robo/sb-robot/microros_ws/install/geometry_msgs/share/geometry_msgs/cmake)
[0.594s] -- Found rosidl_default_generators: 1.2.0 (/opt/ros/humble/share/rosidl_default_generators/cmake)
[0.870s] -- Found ament_cmake_cppcheck: 0.12.11 (/opt/ros/humble/share/ament_cmake_cppcheck/cmake)
[0.875s] -- Found ament_cmake_cpplint: 0.12.11 (/opt/ros/humble/share/ament_cmake_cpplint/cmake)
[0.879s] -- Found ament_cmake_uncrustify: 0.12.11 (/opt/ros/humble/share/ament_cmake_uncrustify/cmake)
[0.884s] -- Found ament_cmake_ros: 0.10.0 (/opt/ros/humble/share/ament_cmake_ros/cmake)
[1.310s] -- Using all available rosidl_typesupport_c: rosidl_typesupport_microxrcedds_c;rosidl_typesupport_fastrtps_c;rosidl_typesupport_introspection_c
[1.557s] -- Using all available rosidl_typesupport_cpp: rosidl_typesupport_microxrcedds_cpp;rosidl_typesupport_fastrtps_cpp;rosidl_typesupport_introspection_cpp
[1.578s] -- Found PythonInterp: /usr/bin/python3 (found suitable version "3.10.12", minimum required is "3.6") 
[1.582s] -- Found python_cmake_module: 0.10.0 (/opt/ros/humble/share/python_cmake_module/cmake)
[1.608s] -- Found PythonLibs: /usr/lib/x86_64-linux-gnu/libpython3.10.so (found suitable version "3.10.12", minimum required is "3.5") 
[1.608s] -- Using PYTHON_EXECUTABLE: /usr/bin/python3
[1.608s] -- Using PYTHON_INCLUDE_DIRS: /usr/include/python3.10
[1.608s] -- Using PYTHON_LIBRARIES: /usr/lib/x86_64-linux-gnu/libpython3.10.so
[1.637s] -- Found PythonExtra: .so  
[1.729s] -- Found ament_cmake_flake8: 0.12.11 (/opt/ros/humble/share/ament_cmake_flake8/cmake)
[1.735s] -- Found ament_cmake_pep257: 0.12.11 (/opt/ros/humble/share/ament_cmake_pep257/cmake)
[1.745s] -- Configuring done
[1.825s] -- Generating done
[1.844s] -- Build files have been written to: /home/user/robo/sb-robot/microros_ws/build/nav_msgs
[1.854s] Invoked command in '/home/user/robo/sb-robot/microros_ws/build/nav_msgs' returned '0': AMENT_PREFIX_PATH=/home/user/robo/sb-robot/microros_ws/install/geometry_msgs:/home/user/robo/sb-robot/microros_ws/install/std_msgs:${AMENT_PREFIX_PATH} CMAKE_PREFIX_PATH=/home/user/robo/sb-robot/microros_ws/install/geometry_msgs:/home/user/robo/sb-robot/microros_ws/install/std_msgs:/home/user/robo/sb-robot/microros_ws/install/builtin_interfaces:/home/user/robo/sb-robot/microros_ws/src/install/action_msgs:/home/user/robo/sb-robot/microros_ws/src/install/unique_identifier_msgs:/home/user/robo/sb-robot/microros_ws/src/install/std_srvs:/home/user/robo/sb-robot/microros_ws/src/install/statistics_msgs:/home/user/robo/sb-robot/microros_ws/src/install/rmw_microxrcedds:/home/user/robo/sb-robot/microros_ws/src/install/rosidl_typesupport_microxrcedds_cpp:/home/user/robo/sb-robot/microros_ws/src/install/rosidl_typesupport_microxrcedds_c:/home/user/robo/sb-robot/microros_ws/src/install/rosgraph_msgs:/home/user/robo/sb-robot/microros_ws/src/install/microxrcedds_client:/home/user/robo/sb-robot/microros_ws/src/install/microcdr:/home/user/robo/sb-robot/microros_ws/src/install/micro_ros_utilities:/home/user/robo/sb-robot/microros_ws/src/install/micro_ros_setup:/home/user/robo/sb-robot/microros_ws/src/install/micro_ros_msgs:/home/user/robo/sb-robot/microros_ws/src/install/lifecycle_msgs:/home/user/robo/sb-robot/microros_ws/src/install/complex_msgs:/home/user/robo/sb-robot/microros_ws/src/install/builtin_interfaces:/home/user/robo/sb-robot/microros_ws/install/micro_ros_setup:/home/user/robo/sb-robot/microros_ws/install/micro_ros_agent:/home/user/robo/sb-robot/microros_ws/install/micro_ros_msgs:/opt/ros/humble LD_LIBRARY_PATH=/home/user/robo/sb-robot/microros_ws/install/geometry_msgs/lib:/home/user/robo/sb-robot/microros_ws/install/std_msgs/lib:/home/user/robo/sb-robot/microros_ws/install/builtin_interfaces/lib:/home/user/robo/sb-robot/microros_ws/src/install/action_msgs/lib:/home/user/robo/sb-robot/microros_ws/src/install/unique_identifier_msgs/lib:/home/user/robo/sb-robot/microros_ws/src/install/std_srvs/lib:/home/user/robo/sb-robot/microros_ws/src/install/statistics_msgs/lib:/home/user/robo/sb-robot/microros_ws/src/install/rmw_microxrcedds/lib:/home/user/robo/sb-robot/microros_ws/src/install/rosidl_typesupport_microxrcedds_cpp/lib:/home/user/robo/sb-robot/microros_ws/src/install/rosidl_typesupport_microxrcedds_c/lib:/home/user/robo/sb-robot/microros_ws/src/install/rosgraph_msgs/lib:/home/user/robo/sb-robot/microros_ws/src/install/microxrcedds_client/lib:/home/user/robo/sb-robot/microros_ws/src/install/microcdr/lib:/home/user/robo/sb-robot/microros_ws/src/install/micro_ros_utilities/lib:/home/user/robo/sb-robot/microros_ws/src/install/micro_ros_msgs/lib:/home/user/robo/sb-robot/microros_ws/src/install/lifecycle_msgs/lib:/home/user/robo/sb-robot/microros_ws/src/install/complex_msgs/lib:/home/user/robo/sb-robot/microros_ws/src/install/builtin_interfaces/lib:/home/user/robo/sb-robot/microros_ws/install/micro_ros_agent/lib:/home/user/robo/sb-robot/microros_ws/install/micro_ros_msgs/lib:/usr/lib/x86_64-linux-gnu/gazebo-11/plugins:/opt/ros/humble/opt/rviz_ogre_vendor/lib:/opt/ros/humble/lib/x86_64-linux-gnu:/opt/ros/humble/lib PYTHONPATH=/home/user/robo/sb-robot/microros_ws/install/geometry_msgs/local/lib/python3.10/dist-packages:/home/user/robo/sb-robot/microros_ws/install/std_msgs/local/lib/python3.10/dist-packages:${PYTHONPATH} /usr/bin/cmake /home/user/robo/sb-robot/microros_ws/src/ros2/common_interfaces/nav_msgs -DCMAKE_INSTALL_PREFIX=/home/user/robo/sb-robot/microros_ws/install/nav_msgs
[1.855s] Invoking command in '/home/user/robo/sb-robot/microros_ws/build/nav_msgs': AMENT_PREFIX_PATH=/home/user/robo/sb-robot/microros_ws/install/geometry_msgs:/home/user/robo/sb-robot/microros_ws/install/std_msgs:${AMENT_PREFIX_PATH} CMAKE_PREFIX_PATH=/home/user/robo/sb-robot/microros_ws/install/geometry_msgs:/home/user/robo/sb-robot/microros_ws/install/std_msgs:/home/user/robo/sb-robot/microros_ws/install/builtin_interfaces:/home/user/robo/sb-robot/microros_ws/src/install/action_msgs:/home/user/robo/sb-robot/microros_ws/src/install/unique_identifier_msgs:/home/user/robo/sb-robot/microros_ws/src/install/std_srvs:/home/user/robo/sb-robot/microros_ws/src/install/statistics_msgs:/home/user/robo/sb-robot/microros_ws/src/install/rmw_microxrcedds:/home/user/robo/sb-robot/microros_ws/src/install/rosidl_typesupport_microxrcedds_cpp:/home/user/robo/sb-robot/microros_ws/src/install/rosidl_typesupport_microxrcedds_c:/home/user/robo/sb-robot/microros_ws/src/install/rosgraph_msgs:/home/user/robo/sb-robot/microros_ws/src/install/microxrcedds_client:/home/user/robo/sb-robot/microros_ws/src/install/microcdr:/home/user/robo/sb-robot/microros_ws/src/install/micro_ros_utilities:/home/user/robo/sb-robot/microros_ws/src/install/micro_ros_setup:/home/user/robo/sb-robot/microros_ws/src/install/micro_ros_msgs:/home/user/robo/sb-robot/microros_ws/src/install/lifecycle_msgs:/home/user/robo/sb-robot/microros_ws/src/install/complex_msgs:/home/user/robo/sb-robot/microros_ws/src/install/builtin_interfaces:/home/user/robo/sb-robot/microros_ws/install/micro_ros_setup:/home/user/robo/sb-robot/microros_ws/install/micro_ros_agent:/home/user/robo/sb-robot/microros_ws/install/micro_ros_msgs:/opt/ros/humble LD_LIBRARY_PATH=/home/user/robo/sb-robot/microros_ws/install/geometry_msgs/lib:/home/user/robo/sb-robot/microros_ws/install/std_msgs/lib:/home/user/robo/sb-robot/microros_ws/install/builtin_interfaces/lib:/home/user/robo/sb-robot/microros_ws/src/install/action_msgs/lib:/home/user/robo/sb-robot/microros_ws/src/install/unique_identifier_msgs/lib:/home/user/robo/sb-robot/microros_ws/src/install/std_srvs/lib:/home/user/robo/sb-robot/microros_ws/src/install/statistics_msgs/lib:/home/user/robo/sb-robot/microros_ws/src/install/rmw_microxrcedds/lib:/home/user/robo/sb-robot/microros_ws/src/install/rosidl_typesupport_microxrcedds_cpp/lib:/home/user/robo/sb-robot/microros_ws/src/install/rosidl_typesupport_microxrcedds_c/lib:/home/user/robo/sb-robot/microros_ws/src/install/rosgraph_msgs/lib:/home/user/robo/sb-robot/microros_ws/src/install/microxrcedds_client/lib:/home/user/robo/sb-robot/microros_ws/src/install/microcdr/lib:/home/user/robo/sb-robot/microros_ws/src/install/micro_ros_utilities/lib:/home/user/robo/sb-robot/microros_ws/src/install/micro_ros_msgs/lib:/home/user/robo/sb-robot/microros_ws/src/install/lifecycle_msgs/lib:/home/user/robo/sb-robot/microros_ws/src/install/complex_msgs/lib:/home/user/robo/sb-robot/microros_ws/src/install/builtin_interfaces/lib:/home/user/robo/sb-robot/microros_ws/install/micro_ros_agent/lib:/home/user/robo/sb-robot/microros_ws/install/micro_ros_msgs/lib:/usr/lib/x86_64-linux-gnu/gazebo-11/plugins:/opt/ros/humble/opt/rviz_ogre_vendor/lib:/opt/ros/humble/lib/x86_64-linux-gnu:/opt/ros/humble/lib PYTHONPATH=/home/user/robo/sb-robot/microros_ws/install/geometry_msgs/local/lib/python3.10/dist-packages:/home/user/robo/sb-robot/microros_ws/install/std_msgs/local/lib/python3.10/dist-packages:${PYTHONPATH} /usr/bin/cmake --build /home/user/robo/sb-robot/microros_ws/build/nav_msgs -- -j20 -l20
[1.905s] [  1%] [34m[1mGenerating C code for ROS interfaces[0m
[1.919s] [  1%] [34m[1mGenerating C++ code for ROS interfaces[0m
[1.930s] [  1%] Built target ament_cmake_python_copy_nav_msgs
[2.167s] running egg_info
[2.167s] creating nav_msgs.egg-info
[2.168s] writing nav_msgs.egg-info/PKG-INFO
[2.168s] writing dependency_links to nav_msgs.egg-info/dependency_links.txt
[2.168s] writing top-level names to nav_msgs.egg-info/top_level.txt
[2.169s] writing manifest file 'nav_msgs.egg-info/SOURCES.txt'
[2.172s] reading manifest file 'nav_msgs.egg-info/SOURCES.txt'
[2.172s] writing manifest file 'nav_msgs.egg-info/SOURCES.txt'
[2.240s] [  1%] Built target ament_cmake_python_build_nav_msgs_egg
[3.953s] [  2%] [32mBuilding C object CMakeFiles/nav_msgs__rosidl_generator_c.dir/rosidl_generator_c/nav_msgs/msg/detail/grid_cells__functions.c.o[0m
[3.953s] [  3%] [32mBuilding C object CMakeFiles/nav_msgs__rosidl_generator_c.dir/rosidl_generator_c/nav_msgs/msg/detail/occupancy_grid__functions.c.o[0m
[3.963s] [  4%] [32mBuilding C object CMakeFiles/nav_msgs__rosidl_generator_c.dir/rosidl_generator_c/nav_msgs/msg/detail/map_meta_data__functions.c.o[0m
[3.967s] [  5%] [32mBuilding C object CMakeFiles/nav_msgs__rosidl_generator_c.dir/rosidl_generator_c/nav_msgs/msg/detail/path__functions.c.o[0m
[3.967s] [  6%] [32mBuilding C object CMakeFiles/nav_msgs__rosidl_generator_c.dir/rosidl_generator_c/nav_msgs/srv/detail/get_plan__functions.c.o[0m
[3.967s] [  7%] [32mBuilding C object CMakeFiles/nav_msgs__rosidl_generator_c.dir/rosidl_generator_c/nav_msgs/srv/detail/get_map__functions.c.o[0m
[3.969s] [  8%] [32mBuilding C object CMakeFiles/nav_msgs__rosidl_generator_c.dir/rosidl_generator_c/nav_msgs/srv/detail/load_map__functions.c.o[0m
[3.972s] [  9%] [32mBuilding C object CMakeFiles/nav_msgs__rosidl_generator_c.dir/rosidl_generator_c/nav_msgs/srv/detail/set_map__functions.c.o[0m
[3.979s] [  9%] [32mBuilding C object CMakeFiles/nav_msgs__rosidl_generator_c.dir/rosidl_generator_c/nav_msgs/msg/detail/odometry__functions.c.o[0m
[4.147s] [  9%] Built target nav_msgs__cpp
[4.199s] [ 10%] [34m[1mGenerating C++ type support for eProsima Fast-RTPS[0m
[4.203s] [ 12%] [34m[1mGenerating C++ type support for eProsima Micro XRCE-DDS[0m
[4.210s] [ 12%] [34m[1mGenerating C++ introspection for ROS interfaces[0m
[4.218s] [ 13%] [34m[1mGenerating C++ type support dispatch for ROS interfaces[0m
[4.338s] [ 13%] [32m[1mLinking C shared library libnav_msgs__rosidl_generator_c.so[0m
[4.580s] [ 13%] Built target nav_msgs__rosidl_generator_c
[4.637s] [ 14%] [34m[1mGenerating C introspection for ROS interfaces[0m
[4.658s] [ 15%] [34m[1mGenerating C type support for eProsima Fast-RTPS[0m
[4.658s] [ 16%] [34m[1mGenerating C type support for eProsima Micro XRCE-DDS[0m
[4.684s] [ 17%] [34m[1mGenerating C type support dispatch for ROS interfaces[0m
[7.026s] [ 17%] [32mBuilding CXX object CMakeFiles/nav_msgs__rosidl_typesupport_c.dir/rosidl_typesupport_c/nav_msgs/msg/map_meta_data__type_support.cpp.o[0m
[7.026s] [ 18%] [32mBuilding CXX object CMakeFiles/nav_msgs__rosidl_typesupport_c.dir/rosidl_typesupport_c/nav_msgs/msg/grid_cells__type_support.cpp.o[0m
[7.026s] [ 20%] [32mBuilding CXX object CMakeFiles/nav_msgs__rosidl_typesupport_c.dir/rosidl_typesupport_c/nav_msgs/msg/occupancy_grid__type_support.cpp.o[0m
[7.026s] [ 20%] [32mBuilding CXX object CMakeFiles/nav_msgs__rosidl_typesupport_c.dir/rosidl_typesupport_c/nav_msgs/msg/odometry__type_support.cpp.o[0m
[7.029s] [ 21%] [32mBuilding CXX object CMakeFiles/nav_msgs__rosidl_typesupport_c.dir/rosidl_typesupport_c/nav_msgs/msg/path__type_support.cpp.o[0m
[7.031s] [ 22%] [32mBuilding CXX object CMakeFiles/nav_msgs__rosidl_typesupport_c.dir/rosidl_typesupport_c/nav_msgs/srv/get_map__type_support.cpp.o[0m
[7.034s] [ 22%] [32mBuilding CXX object CMakeFiles/nav_msgs__rosidl_typesupport_c.dir/rosidl_typesupport_c/nav_msgs/srv/load_map__type_support.cpp.o[0m
[7.035s] [ 23%] [32mBuilding CXX object CMakeFiles/nav_msgs__rosidl_typesupport_c.dir/rosidl_typesupport_c/nav_msgs/srv/set_map__type_support.cpp.o[0m
[7.040s] [ 24%] [32mBuilding CXX object CMakeFiles/nav_msgs__rosidl_typesupport_c.dir/rosidl_typesupport_c/nav_msgs/srv/get_plan__type_support.cpp.o[0m
[7.109s] [ 25%] [32m[1mLinking CXX shared library libnav_msgs__rosidl_typesupport_c.so[0m
[7.125s] [ 28%] [32mBuilding CXX object CMakeFiles/nav_msgs__rosidl_typesupport_cpp.dir/rosidl_typesupport_cpp/nav_msgs/msg/occupancy_grid__type_support.cpp.o[0m
[7.125s] [ 28%] [32mBuilding CXX object CMakeFiles/nav_msgs__rosidl_typesupport_cpp.dir/rosidl_typesupport_cpp/nav_msgs/msg/odometry__type_support.cpp.o[0m
[7.128s] [ 28%] [32mBuilding CXX object CMakeFiles/nav_msgs__rosidl_typesupport_cpp.dir/rosidl_typesupport_cpp/nav_msgs/msg/map_meta_data__type_support.cpp.o[0m
[7.129s] [ 28%] [32mBuilding CXX object CMakeFiles/nav_msgs__rosidl_typesupport_cpp.dir/rosidl_typesupport_cpp/nav_msgs/msg/grid_cells__type_support.cpp.o[0m
[7.129s] [ 29%] [32mBuilding CXX object CMakeFiles/nav_msgs__rosidl_typesupport_cpp.dir/rosidl_typesupport_cpp/nav_msgs/msg/path__type_support.cpp.o[0m
[7.130s] [ 30%] [32mBuilding CXX object CMakeFiles/nav_msgs__rosidl_typesupport_cpp.dir/rosidl_typesupport_cpp/nav_msgs/srv/load_map__type_support.cpp.o[0m
[7.131s] [ 31%] [32mBuilding CXX object CMakeFiles/nav_msgs__rosidl_typesupport_cpp.dir/rosidl_typesupport_cpp/nav_msgs/srv/get_map__type_support.cpp.o[0m
[7.133s] [ 31%] [32mBuilding CXX object CMakeFiles/nav_msgs__rosidl_typesupport_cpp.dir/rosidl_typesupport_cpp/nav_msgs/srv/get_plan__type_support.cpp.o[0m
[7.149s] [ 32%] [32mBuilding CXX object CMakeFiles/nav_msgs__rosidl_typesupport_cpp.dir/rosidl_typesupport_cpp/nav_msgs/srv/set_map__type_support.cpp.o[0m
[7.203s] [ 32%] Built target nav_msgs__rosidl_typesupport_c
[7.404s] [ 33%] [32mBuilding CXX object CMakeFiles/nav_msgs__rosidl_typesupport_fastrtps_cpp.dir/rosidl_typesupport_fastrtps_cpp/nav_msgs/msg/detail/dds_fastrtps/map_meta_data__type_support.cpp.o[0m
[7.405s] [ 33%] [32mBuilding CXX object CMakeFiles/nav_msgs__rosidl_typesupport_fastrtps_cpp.dir/rosidl_typesupport_fastrtps_cpp/nav_msgs/msg/detail/dds_fastrtps/grid_cells__type_support.cpp.o[0m
[7.405s] [ 34%] [32mBuilding CXX object CMakeFiles/nav_msgs__rosidl_typesupport_fastrtps_cpp.dir/rosidl_typesupport_fastrtps_cpp/nav_msgs/msg/detail/dds_fastrtps/occupancy_grid__type_support.cpp.o[0m
[7.409s] [ 35%] [32mBuilding CXX object CMakeFiles/nav_msgs__rosidl_typesupport_fastrtps_cpp.dir/rosidl_typesupport_fastrtps_cpp/nav_msgs/msg/detail/dds_fastrtps/odometry__type_support.cpp.o[0m
[7.415s] [ 36%] [32mBuilding CXX object CMakeFiles/nav_msgs__rosidl_typesupport_introspection_cpp.dir/rosidl_typesupport_introspection_cpp/nav_msgs/msg/detail/grid_cells__type_support.cpp.o[0m
[7.451s] [ 37%] [32mBuilding CXX object CMakeFiles/nav_msgs__rosidl_typesupport_fastrtps_cpp.dir/rosidl_typesupport_fastrtps_cpp/nav_msgs/msg/detail/dds_fastrtps/path__type_support.cpp.o[0m
[7.464s] [ 38%] [32mBuilding CXX object CMakeFiles/nav_msgs__rosidl_typesupport_fastrtps_cpp.dir/rosidl_typesupport_fastrtps_cpp/nav_msgs/srv/detail/dds_fastrtps/get_map__type_support.cpp.o[0m
[7.563s] [ 39%] [32mBuilding CXX object CMakeFiles/nav_msgs__rosidl_typesupport_introspection_cpp.dir/rosidl_typesupport_introspection_cpp/nav_msgs/msg/detail/map_meta_data__type_support.cpp.o[0m
[7.564s] [ 40%] [32mBuilding CXX object CMakeFiles/nav_msgs__rosidl_typesupport_fastrtps_cpp.dir/rosidl_typesupport_fastrtps_cpp/nav_msgs/srv/detail/dds_fastrtps/get_plan__type_support.cpp.o[0m
[7.570s] [ 40%] [32mBuilding CXX object CMakeFiles/nav_msgs__rosidl_typesupport_introspection_cpp.dir/rosidl_typesupport_introspection_cpp/nav_msgs/msg/detail/occupancy_grid__type_support.cpp.o[0m
[7.583s] [ 40%] [32mBuilding CXX object CMakeFiles/nav_msgs__rosidl_typesupport_fastrtps_cpp.dir/rosidl_typesupport_fastrtps_cpp/nav_msgs/srv/detail/dds_fastrtps/load_map__type_support.cpp.o[0m
[7.583s] [ 41%] [32mBuilding CXX object CMakeFiles/nav_msgs__rosidl_typesupport_fastrtps_cpp.dir/rosidl_typesupport_fastrtps_cpp/nav_msgs/srv/detail/dds_fastrtps/set_map__type_support.cpp.o[0m
[7.651s] [ 42%] [32mBuilding CXX object CMakeFiles/nav_msgs__rosidl_typesupport_introspection_cpp.dir/rosidl_typesupport_introspection_cpp/nav_msgs/msg/detail/odometry__type_support.cpp.o[0m
[7.658s] [ 43%] [32mBuilding C object CMakeFiles/nav_msgs__rosidl_typesupport_microxrcedds_c.dir/rosidl_typesupport_microxrcedds_c/nav_msgs/msg/detail/microxrcedds/grid_cells__type_support_c.c.o[0m
[7.680s] [ 45%] [32mBuilding C object CMakeFiles/nav_msgs__rosidl_typesupport_microxrcedds_c.dir/rosidl_typesupport_microxrcedds_c/nav_msgs/msg/detail/microxrcedds/map_meta_data__type_support_c.c.o[0m
[7.681s] [ 45%] [32mBuilding C object CMakeFiles/nav_msgs__rosidl_typesupport_microxrcedds_c.dir/rosidl_typesupport_microxrcedds_c/nav_msgs/msg/detail/microxrcedds/occupancy_grid__type_support_c.c.o[0m
[7.687s] [ 46%] [32mBuilding C object CMakeFiles/nav_msgs__rosidl_typesupport_introspection_c.dir/rosidl_typesupport_introspection_c/nav_msgs/msg/detail/grid_cells__type_support.c.o[0m
[7.734s] [ 47%] [32m[1mLinking CXX shared library libnav_msgs__rosidl_typesupport_cpp.so[0m
[7.752s] [ 49%] [32mBuilding C object CMakeFiles/nav_msgs__rosidl_typesupport_microxrcedds_c.dir/rosidl_typesupport_microxrcedds_c/nav_msgs/msg/detail/microxrcedds/odometry__type_support_c.c.o[0m
[7.752s] [ 49%] [32mBuilding CXX object CMakeFiles/nav_msgs__rosidl_typesupport_microxrcedds_cpp.dir/rosidl_typesupport_microxrcedds_cpp/nav_msgs/msg/detail/microxrcedds/grid_cells__type_support_cpp.cpp.o[0m
[7.824s] [ 50%] [32mBuilding C object CMakeFiles/nav_msgs__rosidl_typesupport_introspection_c.dir/rosidl_typesupport_introspection_c/nav_msgs/msg/detail/map_meta_data__type_support.c.o[0m
[7.834s] [ 51%] [32mBuilding CXX object CMakeFiles/nav_msgs__rosidl_typesupport_fastrtps_c.dir/rosidl_typesupport_fastrtps_c/nav_msgs/msg/detail/grid_cells__type_support_c.cpp.o[0m
[7.845s] [ 52%] [32mBuilding CXX object CMakeFiles/nav_msgs__rosidl_typesupport_fastrtps_c.dir/rosidl_typesupport_fastrtps_c/nav_msgs/msg/detail/map_meta_data__type_support_c.cpp.o[0m
[7.882s] [ 52%] Built target nav_msgs__rosidl_typesupport_cpp
[7.913s] [ 52%] [32mBuilding C object CMakeFiles/nav_msgs__rosidl_typesupport_microxrcedds_c.dir/rosidl_typesupport_microxrcedds_c/nav_msgs/msg/detail/microxrcedds/path__type_support_c.c.o[0m
[7.919s] [ 53%] [32mBuilding CXX object CMakeFiles/nav_msgs__rosidl_typesupport_microxrcedds_cpp.dir/rosidl_typesupport_microxrcedds_cpp/nav_msgs/msg/detail/microxrcedds/map_meta_data__type_support_cpp.cpp.o[0m
[7.941s] [ 54%] [32mBuilding C object CMakeFiles/nav_msgs__rosidl_typesupport_introspection_c.dir/rosidl_typesupport_introspection_c/nav_msgs/msg/detail/occupancy_grid__type_support.c.o[0m
[8.059s] [ 54%] [32mBuilding C object CMakeFiles/nav_msgs__rosidl_typesupport_introspection_c.dir/rosidl_typesupport_introspection_c/nav_msgs/msg/detail/odometry__type_support.c.o[0m
[8.070s] [ 55%] [32mBuilding C object CMakeFiles/nav_msgs__rosidl_typesupport_microxrcedds_c.dir/rosidl_typesupport_microxrcedds_c/nav_msgs/srv/detail/microxrcedds/get_map__type_support_c.c.o[0m
[8.153s] [ 56%] [32mBuilding C object CMakeFiles/nav_msgs__rosidl_typesupport_introspection_c.dir/rosidl_typesupport_introspection_c/nav_msgs/msg/detail/path__type_support.c.o[0m
[8.228s] [ 57%] [32mBuilding C object CMakeFiles/nav_msgs__rosidl_typesupport_microxrcedds_c.dir/rosidl_typesupport_microxrcedds_c/nav_msgs/srv/detail/microxrcedds/get_plan__type_support_c.c.o[0m
[8.245s] [ 58%] [32mBuilding C object CMakeFiles/nav_msgs__rosidl_typesupport_introspection_c.dir/rosidl_typesupport_introspection_c/nav_msgs/srv/detail/get_map__type_support.c.o[0m
[8.267s] [ 59%] [32mBuilding C object CMakeFiles/nav_msgs__rosidl_typesupport_microxrcedds_c.dir/rosidl_typesupport_microxrcedds_c/nav_msgs/srv/detail/microxrcedds/load_map__type_support_c.c.o[0m
[8.307s] [ 60%] [32mBuilding C object CMakeFiles/nav_msgs__rosidl_typesupport_introspection_c.dir/rosidl_typesupport_introspection_c/nav_msgs/srv/detail/get_plan__type_support.c.o[0m
[8.352s] [ 61%] [32mBuilding CXX object CMakeFiles/nav_msgs__rosidl_typesupport_introspection_cpp.dir/rosidl_typesupport_introspection_cpp/nav_msgs/srv/detail/load_map__type_support.cpp.o[0m
[8.356s] [ 62%] [32mBuilding CXX object CMakeFiles/nav_msgs__rosidl_typesupport_introspection_cpp.dir/rosidl_typesupport_introspection_cpp/nav_msgs/srv/detail/get_plan__type_support.cpp.o[0m
[8.389s] [ 62%] [32mBuilding CXX object CMakeFiles/nav_msgs__rosidl_typesupport_microxrcedds_cpp.dir/rosidl_typesupport_microxrcedds_cpp/nav_msgs/msg/detail/microxrcedds/odometry__type_support_cpp.cpp.o[0m
[8.397s] [ 63%] [32mBuilding CXX object CMakeFiles/nav_msgs__rosidl_typesupport_microxrcedds_cpp.dir/rosidl_typesupport_microxrcedds_cpp/nav_msgs/msg/detail/microxrcedds/occupancy_grid__type_support_cpp.cpp.o[0m
[8.400s] [ 64%] [32mBuilding CXX object CMakeFiles/nav_msgs__rosidl_typesupport_introspection_cpp.dir/rosidl_typesupport_introspection_cpp/nav_msgs/srv/detail/get_map__type_support.cpp.o[0m
[8.410s] [ 65%] [32mBuilding C object CMakeFiles/nav_msgs__rosidl_typesupport_introspection_c.dir/rosidl_typesupport_introspection_c/nav_msgs/srv/detail/load_map__type_support.c.o[0m
[8.417s] [ 65%] [32mBuilding CXX object CMakeFiles/nav_msgs__rosidl_typesupport_fastrtps_c.dir/rosidl_typesupport_fastrtps_c/nav_msgs/msg/detail/occupancy_grid__type_support_c.cpp.o[0m
[8.420s] [ 66%] [32mBuilding C object CMakeFiles/nav_msgs__rosidl_typesupport_microxrcedds_c.dir/rosidl_typesupport_microxrcedds_c/nav_msgs/srv/detail/microxrcedds/set_map__type_support_c.c.o[0m
[8.442s] [ 67%] [32mBuilding CXX object CMakeFiles/nav_msgs__rosidl_typesupport_fastrtps_c.dir/rosidl_typesupport_fastrtps_c/nav_msgs/msg/detail/odometry__type_support_c.cpp.o[0m
[8.518s] [ 68%] [32mBuilding C object CMakeFiles/nav_msgs__rosidl_typesupport_introspection_c.dir/rosidl_typesupport_introspection_c/nav_msgs/srv/detail/set_map__type_support.c.o[0m
[8.580s] [ 69%] [32m[1mLinking C shared library libnav_msgs__rosidl_typesupport_microxrcedds_c.so[0m
[8.586s] [ 70%] [32mBuilding CXX object CMakeFiles/nav_msgs__rosidl_typesupport_microxrcedds_cpp.dir/rosidl_typesupport_microxrcedds_cpp/nav_msgs/srv/detail/microxrcedds/get_map__type_support_cpp.cpp.o[0m
[8.605s] [ 71%] [32m[1mLinking CXX shared library libnav_msgs__rosidl_typesupport_fastrtps_cpp.so[0m
[8.651s] [ 71%] [32m[1mLinking C shared library libnav_msgs__rosidl_typesupport_introspection_c.so[0m
[8.694s] [ 72%] [32mBuilding CXX object CMakeFiles/nav_msgs__rosidl_typesupport_fastrtps_c.dir/rosidl_typesupport_fastrtps_c/nav_msgs/msg/detail/path__type_support_c.cpp.o[0m
[8.732s] [ 73%] [32mBuilding CXX object CMakeFiles/nav_msgs__rosidl_typesupport_microxrcedds_cpp.dir/rosidl_typesupport_microxrcedds_cpp/nav_msgs/srv/detail/microxrcedds/get_plan__type_support_cpp.cpp.o[0m
[8.743s] [ 73%] [32mBuilding CXX object CMakeFiles/nav_msgs__rosidl_typesupport_introspection_cpp.dir/rosidl_typesupport_introspection_cpp/nav_msgs/srv/detail/set_map__type_support.cpp.o[0m
[8.766s] [ 73%] Built target nav_msgs__rosidl_typesupport_introspection_c
[8.776s] [ 73%] Built target nav_msgs__rosidl_typesupport_microxrcedds_c
[8.810s] [ 74%] [32mBuilding CXX object CMakeFiles/nav_msgs__rosidl_typesupport_introspection_cpp.dir/rosidl_typesupport_introspection_cpp/nav_msgs/msg/detail/path__type_support.cpp.o[0m
[8.938s] [ 74%] Built target nav_msgs__rosidl_typesupport_fastrtps_cpp
[9.021s] [ 74%] [32mBuilding CXX object CMakeFiles/nav_msgs__rosidl_typesupport_fastrtps_c.dir/rosidl_typesupport_fastrtps_c/nav_msgs/srv/detail/set_map__type_support_c.cpp.o[0m
[9.163s] [ 75%] [32mBuilding CXX object CMakeFiles/nav_msgs__rosidl_typesupport_microxrcedds_cpp.dir/rosidl_typesupport_microxrcedds_cpp/nav_msgs/srv/detail/microxrcedds/set_map__type_support_cpp.cpp.o[0m
[9.219s] [ 76%] [32mBuilding CXX object CMakeFiles/nav_msgs__rosidl_typesupport_fastrtps_c.dir/rosidl_typesupport_fastrtps_c/nav_msgs/srv/detail/load_map__type_support_c.cpp.o[0m
[9.241s] [ 77%] [32mBuilding CXX object CMakeFiles/nav_msgs__rosidl_typesupport_microxrcedds_cpp.dir/rosidl_typesupport_microxrcedds_cpp/nav_msgs/srv/detail/microxrcedds/load_map__type_support_cpp.cpp.o[0m
[9.263s] [ 78%] [32mBuilding CXX object CMakeFiles/nav_msgs__rosidl_typesupport_fastrtps_c.dir/rosidl_typesupport_fastrtps_c/nav_msgs/srv/detail/get_plan__type_support_c.cpp.o[0m
[9.362s] [ 79%] [32mBuilding CXX object CMakeFiles/nav_msgs__rosidl_typesupport_fastrtps_c.dir/rosidl_typesupport_fastrtps_c/nav_msgs/srv/detail/get_map__type_support_c.cpp.o[0m
[9.470s] [ 80%] [32mBuilding CXX object CMakeFiles/nav_msgs__rosidl_typesupport_microxrcedds_cpp.dir/rosidl_typesupport_microxrcedds_cpp/nav_msgs/msg/detail/microxrcedds/path__type_support_cpp.cpp.o[0m
[9.631s] [ 81%] [32m[1mLinking CXX shared library libnav_msgs__rosidl_typesupport_introspection_cpp.so[0m
[9.869s] [ 81%] Built target nav_msgs__rosidl_typesupport_introspection_cpp
[9.960s] [ 82%] [32m[1mLinking CXX shared library libnav_msgs__rosidl_typesupport_microxrcedds_cpp.so[0m
[9.962s] [ 83%] [32m[1mLinking CXX shared library libnav_msgs__rosidl_typesupport_fastrtps_c.so[0m
[10.180s] [ 83%] Built target nav_msgs__rosidl_typesupport_fastrtps_c
[10.208s] [ 83%] Built target nav_msgs__rosidl_typesupport_microxrcedds_cpp
[10.235s] [ 83%] Built target nav_msgs
[10.263s] [ 84%] [34m[1mGenerating Python code for ROS interfaces[0m
[11.577s] [ 84%] Built target nav_msgs__py
[11.600s] [ 87%] [32mBuilding C object CMakeFiles/nav_msgs__rosidl_generator_py.dir/rosidl_generator_py/nav_msgs/msg/_occupancy_grid_s.c.o[0m
[11.600s] [ 87%] [32mBuilding C object CMakeFiles/nav_msgs__rosidl_generator_py.dir/rosidl_generator_py/nav_msgs/msg/_map_meta_data_s.c.o[0m
[11.600s] [ 87%] [32mBuilding C object CMakeFiles/nav_msgs__rosidl_generator_py.dir/rosidl_generator_py/nav_msgs/msg/_grid_cells_s.c.o[0m
[11.675s] [ 88%] [32mBuilding C object CMakeFiles/nav_msgs__rosidl_generator_py.dir/rosidl_generator_py/nav_msgs/srv/_set_map_s.c.o[0m
[11.701s] [ 89%] [32mBuilding C object CMakeFiles/nav_msgs__rosidl_generator_py.dir/rosidl_generator_py/nav_msgs/srv/_load_map_s.c.o[0m
[11.713s] [ 90%] [32mBuilding C object CMakeFiles/nav_msgs__rosidl_generator_py.dir/rosidl_generator_py/nav_msgs/srv/_get_plan_s.c.o[0m
[11.756s] [ 90%] [32mBuilding C object CMakeFiles/nav_msgs__rosidl_generator_py.dir/rosidl_generator_py/nav_msgs/srv/_get_map_s.c.o[0m
[11.799s] [ 91%] [32mBuilding C object CMakeFiles/nav_msgs__rosidl_generator_py.dir/rosidl_generator_py/nav_msgs/msg/_path_s.c.o[0m
[11.812s] [ 92%] [32mBuilding C object CMakeFiles/nav_msgs__rosidl_generator_py.dir/rosidl_generator_py/nav_msgs/msg/_odometry_s.c.o[0m
[11.907s] [ 93%] [32m[1mLinking C shared library rosidl_generator_py/nav_msgs/libnav_msgs__rosidl_generator_py.so[0m
[11.954s] [ 93%] Built target nav_msgs__rosidl_generator_py
[11.978s] [ 95%] [32mBuilding C object CMakeFiles/nav_msgs__rosidl_typesupport_microxrcedds_c__pyext.dir/rosidl_generator_py/nav_msgs/_nav_msgs_s.ep.rosidl_typesupport_microxrcedds_c.c.o[0m
[11.978s] [ 95%] [32mBuilding C object CMakeFiles/nav_msgs__rosidl_typesupport_introspection_c__pyext.dir/rosidl_generator_py/nav_msgs/_nav_msgs_s.ep.rosidl_typesupport_introspection_c.c.o[0m
[11.978s] [ 95%] [32mBuilding C object CMakeFiles/nav_msgs__rosidl_typesupport_fastrtps_c__pyext.dir/rosidl_generator_py/nav_msgs/_nav_msgs_s.ep.rosidl_typesupport_fastrtps_c.c.o[0m
[12.072s] [ 96%] [32m[1mLinking C shared library rosidl_generator_py/nav_msgs/nav_msgs_s__rosidl_typesupport_fastrtps_c.cpython-310-x86_64-linux-gnu.so[0m
[12.121s] [ 98%] [32m[1mLinking C shared library rosidl_generator_py/nav_msgs/nav_msgs_s__rosidl_typesupport_microxrcedds_c.cpython-310-x86_64-linux-gnu.so[0m
[12.121s] [ 98%] [32m[1mLinking C shared library rosidl_generator_py/nav_msgs/nav_msgs_s__rosidl_typesupport_introspection_c.cpython-310-x86_64-linux-gnu.so[0m
[12.121s] [ 98%] Built target nav_msgs__rosidl_typesupport_fastrtps_c__pyext
[12.143s] [ 99%] [32mBuilding C object CMakeFiles/nav_msgs__rosidl_typesupport_c__pyext.dir/rosidl_generator_py/nav_msgs/_nav_msgs_s.ep.rosidl_typesupport_c.c.o[0m
[12.169s] [ 99%] Built target nav_msgs__rosidl_typesupport_microxrcedds_c__pyext
[12.169s] [ 99%] Built target nav_msgs__rosidl_typesupport_introspection_c__pyext
[12.245s] [100%] [32m[1mLinking C shared library rosidl_generator_py/nav_msgs/nav_msgs_s__rosidl_typesupport_c.cpython-310-x86_64-linux-gnu.so[0m
[12.289s] [100%] Built target nav_msgs__rosidl_typesupport_c__pyext
[12.302s] Invoked command in '/home/user/robo/sb-robot/microros_ws/build/nav_msgs' returned '0': AMENT_PREFIX_PATH=/home/user/robo/sb-robot/microros_ws/install/geometry_msgs:/home/user/robo/sb-robot/microros_ws/install/std_msgs:${AMENT_PREFIX_PATH} CMAKE_PREFIX_PATH=/home/user/robo/sb-robot/microros_ws/install/geometry_msgs:/home/user/robo/sb-robot/microros_ws/install/std_msgs:/home/user/robo/sb-robot/microros_ws/install/builtin_interfaces:/home/user/robo/sb-robot/microros_ws/src/install/action_msgs:/home/user/robo/sb-robot/microros_ws/src/install/unique_identifier_msgs:/home/user/robo/sb-robot/microros_ws/src/install/std_srvs:/home/user/robo/sb-robot/microros_ws/src/install/statistics_msgs:/home/user/robo/sb-robot/microros_ws/src/install/rmw_microxrcedds:/home/user/robo/sb-robot/microros_ws/src/install/rosidl_typesupport_microxrcedds_cpp:/home/user/robo/sb-robot/microros_ws/src/install/rosidl_typesupport_microxrcedds_c:/home/user/robo/sb-robot/microros_ws/src/install/rosgraph_msgs:/home/user/robo/sb-robot/microros_ws/src/install/microxrcedds_client:/home/user/robo/sb-robot/microros_ws/src/install/microcdr:/home/user/robo/sb-robot/microros_ws/src/install/micro_ros_utilities:/home/user/robo/sb-robot/microros_ws/src/install/micro_ros_setup:/home/user/robo/sb-robot/microros_ws/src/install/micro_ros_msgs:/home/user/robo/sb-robot/microros_ws/src/install/lifecycle_msgs:/home/user/robo/sb-robot/microros_ws/src/install/complex_msgs:/home/user/robo/sb-robot/microros_ws/src/install/builtin_interfaces:/home/user/robo/sb-robot/microros_ws/install/micro_ros_setup:/home/user/robo/sb-robot/microros_ws/install/micro_ros_agent:/home/user/robo/sb-robot/microros_ws/install/micro_ros_msgs:/opt/ros/humble LD_LIBRARY_PATH=/home/user/robo/sb-robot/microros_ws/install/geometry_msgs/lib:/home/user/robo/sb-robot/microros_ws/install/std_msgs/lib:/home/user/robo/sb-robot/microros_ws/install/builtin_interfaces/lib:/home/user/robo/sb-robot/microros_ws/src/install/action_msgs/lib:/home/user/robo/sb-robot/microros_ws/src/install/unique_identifier_msgs/lib:/home/user/robo/sb-robot/microros_ws/src/install/std_srvs/lib:/home/user/robo/sb-robot/microros_ws/src/install/statistics_msgs/lib:/home/user/robo/sb-robot/microros_ws/src/install/rmw_microxrcedds/lib:/home/user/robo/sb-robot/microros_ws/src/install/rosidl_typesupport_microxrcedds_cpp/lib:/home/user/robo/sb-robot/microros_ws/src/install/rosidl_typesupport_microxrcedds_c/lib:/home/user/robo/sb-robot/microros_ws/src/install/rosgraph_msgs/lib:/home/user/robo/sb-robot/microros_ws/src/install/microxrcedds_client/lib:/home/user/robo/sb-robot/microros_ws/src/install/microcdr/lib:/home/user/robo/sb-robot/microros_ws/src/install/micro_ros_utilities/lib:/home/user/robo/sb-robot/microros_ws/src/install/micro_ros_msgs/lib:/home/user/robo/sb-robot/microros_ws/src/install/lifecycle_msgs/lib:/home/user/robo/sb-robot/microros_ws/src/install/complex_msgs/lib:/home/user/robo/sb-robot/microros_ws/src/install/builtin_interfaces/lib:/home/user/robo/sb-robot/microros_ws/install/micro_ros_agent/lib:/home/user/robo/sb-robot/microros_ws/install/micro_ros_msgs/lib:/usr/lib/x86_64-linux-gnu/gazebo-11/plugins:/opt/ros/humble/opt/rviz_ogre_vendor/lib:/opt/ros/humble/lib/x86_64-linux-gnu:/opt/ros/humble/lib PYTHONPATH=/home/user/robo/sb-robot/microros_ws/install/geometry_msgs/local/lib/python3.10/dist-packages:/home/user/robo/sb-robot/microros_ws/install/std_msgs/local/lib/python3.10/dist-packages:${PYTHONPATH} /usr/bin/cmake --build /home/user/robo/sb-robot/microros_ws/build/nav_msgs -- -j20 -l20
[12.304s] Invoking command in '/home/user/robo/sb-robot/microros_ws/build/nav_msgs': AMENT_PREFIX_PATH=/home/user/robo/sb-robot/microros_ws/install/geometry_msgs:/home/user/robo/sb-robot/microros_ws/install/std_msgs:${AMENT_PREFIX_PATH} CMAKE_PREFIX_PATH=/home/user/robo/sb-robot/microros_ws/install/geometry_msgs:/home/user/robo/sb-robot/microros_ws/install/std_msgs:/home/user/robo/sb-robot/microros_ws/install/builtin_interfaces:/home/user/robo/sb-robot/microros_ws/src/install/action_msgs:/home/user/robo/sb-robot/microros_ws/src/install/unique_identifier_msgs:/home/user/robo/sb-robot/microros_ws/src/install/std_srvs:/home/user/robo/sb-robot/microros_ws/src/install/statistics_msgs:/home/user/robo/sb-robot/microros_ws/src/install/rmw_microxrcedds:/home/user/robo/sb-robot/microros_ws/src/install/rosidl_typesupport_microxrcedds_cpp:/home/user/robo/sb-robot/microros_ws/src/install/rosidl_typesupport_microxrcedds_c:/home/user/robo/sb-robot/microros_ws/src/install/rosgraph_msgs:/home/user/robo/sb-robot/microros_ws/src/install/microxrcedds_client:/home/user/robo/sb-robot/microros_ws/src/install/microcdr:/home/user/robo/sb-robot/microros_ws/src/install/micro_ros_utilities:/home/user/robo/sb-robot/microros_ws/src/install/micro_ros_setup:/home/user/robo/sb-robot/microros_ws/src/install/micro_ros_msgs:/home/user/robo/sb-robot/microros_ws/src/install/lifecycle_msgs:/home/user/robo/sb-robot/microros_ws/src/install/complex_msgs:/home/user/robo/sb-robot/microros_ws/src/install/builtin_interfaces:/home/user/robo/sb-robot/microros_ws/install/micro_ros_setup:/home/user/robo/sb-robot/microros_ws/install/micro_ros_agent:/home/user/robo/sb-robot/microros_ws/install/micro_ros_msgs:/opt/ros/humble LD_LIBRARY_PATH=/home/user/robo/sb-robot/microros_ws/install/geometry_msgs/lib:/home/user/robo/sb-robot/microros_ws/install/std_msgs/lib:/home/user/robo/sb-robot/microros_ws/install/builtin_interfaces/lib:/home/user/robo/sb-robot/microros_ws/src/install/action_msgs/lib:/home/user/robo/sb-robot/microros_ws/src/install/unique_identifier_msgs/lib:/home/user/robo/sb-robot/microros_ws/src/install/std_srvs/lib:/home/user/robo/sb-robot/microros_ws/src/install/statistics_msgs/lib:/home/user/robo/sb-robot/microros_ws/src/install/rmw_microxrcedds/lib:/home/user/robo/sb-robot/microros_ws/src/install/rosidl_typesupport_microxrcedds_cpp/lib:/home/user/robo/sb-robot/microros_ws/src/install/rosidl_typesupport_microxrcedds_c/lib:/home/user/robo/sb-robot/microros_ws/src/install/rosgraph_msgs/lib:/home/user/robo/sb-robot/microros_ws/src/install/microxrcedds_client/lib:/home/user/robo/sb-robot/microros_ws/src/install/microcdr/lib:/home/user/robo/sb-robot/microros_ws/src/install/micro_ros_utilities/lib:/home/user/robo/sb-robot/microros_ws/src/install/micro_ros_msgs/lib:/home/user/robo/sb-robot/microros_ws/src/install/lifecycle_msgs/lib:/home/user/robo/sb-robot/microros_ws/src/install/complex_msgs/lib:/home/user/robo/sb-robot/microros_ws/src/install/builtin_interfaces/lib:/home/user/robo/sb-robot/microros_ws/install/micro_ros_agent/lib:/home/user/robo/sb-robot/microros_ws/install/micro_ros_msgs/lib:/usr/lib/x86_64-linux-gnu/gazebo-11/plugins:/opt/ros/humble/opt/rviz_ogre_vendor/lib:/opt/ros/humble/lib/x86_64-linux-gnu:/opt/ros/humble/lib PYTHONPATH=/home/user/robo/sb-robot/microros_ws/install/geometry_msgs/local/lib/python3.10/dist-packages:/home/user/robo/sb-robot/microros_ws/install/std_msgs/local/lib/python3.10/dist-packages:${PYTHONPATH} /usr/bin/cmake --install /home/user/robo/sb-robot/microros_ws/build/nav_msgs
[12.313s] -- Install configuration: ""
[12.313s] -- Installing: /home/user/robo/sb-robot/microros_ws/install/nav_msgs/share/ament_index/resource_index/rosidl_interfaces/nav_msgs
[12.313s] -- Installing: /home/user/robo/sb-robot/microros_ws/install/nav_msgs/include/nav_msgs/nav_msgs
[12.314s] -- Installing: /home/user/robo/sb-robot/microros_ws/install/nav_msgs/include/nav_msgs/nav_msgs/srv
[12.314s] -- Installing: /home/user/robo/sb-robot/microros_ws/install/nav_msgs/include/nav_msgs/nav_msgs/srv/get_map.h
[12.314s] -- Installing: /home/user/robo/sb-robot/microros_ws/install/nav_msgs/include/nav_msgs/nav_msgs/srv/set_map.h
[12.314s] -- Installing: /home/user/robo/sb-robot/microros_ws/install/nav_msgs/include/nav_msgs/nav_msgs/srv/detail
[12.314s] -- Installing: /home/user/robo/sb-robot/microros_ws/install/nav_msgs/include/nav_msgs/nav_msgs/srv/detail/load_map__type_support.h
[12.314s] -- Installing: /home/user/robo/sb-robot/microros_ws/install/nav_msgs/include/nav_msgs/nav_msgs/srv/detail/get_plan__functions.c
[12.314s] -- Installing: /home/user/robo/sb-robot/microros_ws/install/nav_msgs/include/nav_msgs/nav_msgs/srv/detail/set_map__functions.h
[12.314s] -- Installing: /home/user/robo/sb-robot/microros_ws/install/nav_msgs/include/nav_msgs/nav_msgs/srv/detail/get_map__functions.h
[12.314s] -- Installing: /home/user/robo/sb-robot/microros_ws/install/nav_msgs/include/nav_msgs/nav_msgs/srv/detail/get_plan__functions.h
[12.314s] -- Installing: /home/user/robo/sb-robot/microros_ws/install/nav_msgs/include/nav_msgs/nav_msgs/srv/detail/get_map__struct.h
[12.315s] -- Installing: /home/user/robo/sb-robot/microros_ws/install/nav_msgs/include/nav_msgs/nav_msgs/srv/detail/get_map__functions.c
[12.315s] -- Installing: /home/user/robo/sb-robot/microros_ws/install/nav_msgs/include/nav_msgs/nav_msgs/srv/detail/load_map__struct.h
[12.315s] -- Installing: /home/user/robo/sb-robot/microros_ws/install/nav_msgs/include/nav_msgs/nav_msgs/srv/detail/set_map__functions.c
[12.315s] -- Installing: /home/user/robo/sb-robot/microros_ws/install/nav_msgs/include/nav_msgs/nav_msgs/srv/detail/load_map__functions.c
[12.315s] -- Installing: /home/user/robo/sb-robot/microros_ws/install/nav_msgs/include/nav_msgs/nav_msgs/srv/detail/load_map__functions.h
[12.315s] -- Installing: /home/user/robo/sb-robot/microros_ws/install/nav_msgs/include/nav_msgs/nav_msgs/srv/detail/set_map__struct.h
[12.315s] -- Installing: /home/user/robo/sb-robot/microros_ws/install/nav_msgs/include/nav_msgs/nav_msgs/srv/detail/get_plan__type_support.h
[12.315s] -- Installing: /home/user/robo/sb-robot/microros_ws/install/nav_msgs/include/nav_msgs/nav_msgs/srv/detail/set_map__type_support.h
[12.315s] -- Installing: /home/user/robo/sb-robot/microros_ws/install/nav_msgs/include/nav_msgs/nav_msgs/srv/detail/get_map__type_support.h
[12.315s] -- Installing: /home/user/robo/sb-robot/microros_ws/install/nav_msgs/include/nav_msgs/nav_msgs/srv/detail/get_plan__struct.h
[12.315s] -- Installing: /home/user/robo/sb-robot/microros_ws/install/nav_msgs/include/nav_msgs/nav_msgs/srv/load_map.h
[12.315s] -- Installing: /home/user/robo/sb-robot/microros_ws/install/nav_msgs/include/nav_msgs/nav_msgs/srv/get_plan.h
[12.316s] -- Installing: /home/user/robo/sb-robot/microros_ws/install/nav_msgs/include/nav_msgs/nav_msgs/msg
[12.316s] -- Installing: /home/user/robo/sb-robot/microros_ws/install/nav_msgs/include/nav_msgs/nav_msgs/msg/grid_cells.h
[12.316s] -- Installing: /home/user/robo/sb-robot/microros_ws/install/nav_msgs/include/nav_msgs/nav_msgs/msg/occupancy_grid.h
[12.316s] -- Installing: /home/user/robo/sb-robot/microros_ws/install/nav_msgs/include/nav_msgs/nav_msgs/msg/detail
[12.316s] -- Installing: /home/user/robo/sb-robot/microros_ws/install/nav_msgs/include/nav_msgs/nav_msgs/msg/detail/map_meta_data__functions.c
[12.316s] -- Installing: /home/user/robo/sb-robot/microros_ws/install/nav_msgs/include/nav_msgs/nav_msgs/msg/detail/map_meta_data__functions.h
[12.316s] -- Installing: /home/user/robo/sb-robot/microros_ws/install/nav_msgs/include/nav_msgs/nav_msgs/msg/detail/map_meta_data__struct.h
[12.316s] -- Installing: /home/user/robo/sb-robot/microros_ws/install/nav_msgs/include/nav_msgs/nav_msgs/msg/detail/odometry__type_support.h
[12.316s] -- Installing: /home/user/robo/sb-robot/microros_ws/install/nav_msgs/include/nav_msgs/nav_msgs/msg/detail/occupancy_grid__type_support.h
[12.316s] -- Installing: /home/user/robo/sb-robot/microros_ws/install/nav_msgs/include/nav_msgs/nav_msgs/msg/detail/occupancy_grid__struct.h
[12.316s] -- Installing: /home/user/robo/sb-robot/microros_ws/install/nav_msgs/include/nav_msgs/nav_msgs/msg/detail/path__functions.h
[12.316s] -- Installing: /home/user/robo/sb-robot/microros_ws/install/nav_msgs/include/nav_msgs/nav_msgs/msg/detail/path__functions.c
[12.316s] -- Installing: /home/user/robo/sb-robot/microros_ws/install/nav_msgs/include/nav_msgs/nav_msgs/msg/detail/grid_cells__struct.h
[12.317s] -- Installing: /home/user/robo/sb-robot/microros_ws/install/nav_msgs/include/nav_msgs/nav_msgs/msg/detail/grid_cells__functions.h
[12.317s] -- Installing: /home/user/robo/sb-robot/microros_ws/install/nav_msgs/include/nav_msgs/nav_msgs/msg/detail/grid_cells__functions.c
[12.317s] -- Installing: /home/user/robo/sb-robot/microros_ws/install/nav_msgs/include/nav_msgs/nav_msgs/msg/detail/map_meta_data__type_support.h
[12.317s] -- Installing: /home/user/robo/sb-robot/microros_ws/install/nav_msgs/include/nav_msgs/nav_msgs/msg/detail/grid_cells__type_support.h
[12.317s] -- Installing: /home/user/robo/sb-robot/microros_ws/install/nav_msgs/include/nav_msgs/nav_msgs/msg/detail/odometry__struct.h
[12.317s] -- Installing: /home/user/robo/sb-robot/microros_ws/install/nav_msgs/include/nav_msgs/nav_msgs/msg/detail/odometry__functions.h
[12.317s] -- Installing: /home/user/robo/sb-robot/microros_ws/install/nav_msgs/include/nav_msgs/nav_msgs/msg/detail/path__struct.h
[12.317s] -- Installing: /home/user/robo/sb-robot/microros_ws/install/nav_msgs/include/nav_msgs/nav_msgs/msg/detail/path__type_support.h
[12.317s] -- Installing: /home/user/robo/sb-robot/microros_ws/install/nav_msgs/include/nav_msgs/nav_msgs/msg/detail/occupancy_grid__functions.c
[12.317s] -- Installing: /home/user/robo/sb-robot/microros_ws/install/nav_msgs/include/nav_msgs/nav_msgs/msg/detail/occupancy_grid__functions.h
[12.317s] -- Installing: /home/user/robo/sb-robot/microros_ws/install/nav_msgs/include/nav_msgs/nav_msgs/msg/detail/odometry__functions.c
[12.317s] -- Installing: /home/user/robo/sb-robot/microros_ws/install/nav_msgs/include/nav_msgs/nav_msgs/msg/rosidl_generator_c__visibility_control.h
[12.318s] -- Installing: /home/user/robo/sb-robot/microros_ws/install/nav_msgs/include/nav_msgs/nav_msgs/msg/path.h
[12.318s] -- Installing: /home/user/robo/sb-robot/microros_ws/install/nav_msgs/include/nav_msgs/nav_msgs/msg/odometry.h
[12.318s] -- Installing: /home/user/robo/sb-robot/microros_ws/install/nav_msgs/include/nav_msgs/nav_msgs/msg/map_meta_data.h
[12.318s] -- Installing: /home/user/robo/sb-robot/microros_ws/install/nav_msgs/share/nav_msgs/environment/library_path.sh
[12.318s] -- Installing: /home/user/robo/sb-robot/microros_ws/install/nav_msgs/share/nav_msgs/environment/library_path.dsv
[12.318s] -- Installing: /home/user/robo/sb-robot/microros_ws/install/nav_msgs/lib/libnav_msgs__rosidl_generator_c.so
[12.318s] -- Set runtime path of "/home/user/robo/sb-robot/microros_ws/install/nav_msgs/lib/libnav_msgs__rosidl_generator_c.so" to ""
[12.318s] -- Up-to-date: /home/user/robo/sb-robot/microros_ws/install/nav_msgs/include/nav_msgs/nav_msgs
[12.318s] -- Up-to-date: /home/user/robo/sb-robot/microros_ws/install/nav_msgs/include/nav_msgs/nav_msgs/srv
[12.318s] -- Up-to-date: /home/user/robo/sb-robot/microros_ws/install/nav_msgs/include/nav_msgs/nav_msgs/srv/detail
[12.318s] -- Installing: /home/user/robo/sb-robot/microros_ws/install/nav_msgs/include/nav_msgs/nav_msgs/srv/detail/get_map__rosidl_typesupport_fastrtps_c.h
[12.318s] -- Installing: /home/user/robo/sb-robot/microros_ws/install/nav_msgs/include/nav_msgs/nav_msgs/srv/detail/load_map__rosidl_typesupport_fastrtps_c.h
[12.318s] -- Installing: /home/user/robo/sb-robot/microros_ws/install/nav_msgs/include/nav_msgs/nav_msgs/srv/detail/set_map__rosidl_typesupport_fastrtps_c.h
[12.319s] -- Installing: /home/user/robo/sb-robot/microros_ws/install/nav_msgs/include/nav_msgs/nav_msgs/srv/detail/get_plan__rosidl_typesupport_fastrtps_c.h
[12.319s] -- Up-to-date: /home/user/robo/sb-robot/microros_ws/install/nav_msgs/include/nav_msgs/nav_msgs/msg
[12.319s] -- Up-to-date: /home/user/robo/sb-robot/microros_ws/install/nav_msgs/include/nav_msgs/nav_msgs/msg/detail
[12.319s] -- Installing: /home/user/robo/sb-robot/microros_ws/install/nav_msgs/include/nav_msgs/nav_msgs/msg/detail/odometry__rosidl_typesupport_fastrtps_c.h
[12.319s] -- Installing: /home/user/robo/sb-robot/microros_ws/install/nav_msgs/include/nav_msgs/nav_msgs/msg/detail/grid_cells__rosidl_typesupport_fastrtps_c.h
[12.319s] -- Installing: /home/user/robo/sb-robot/microros_ws/install/nav_msgs/include/nav_msgs/nav_msgs/msg/detail/occupancy_grid__rosidl_typesupport_fastrtps_c.h
[12.319s] -- Installing: /home/user/robo/sb-robot/microros_ws/install/nav_msgs/include/nav_msgs/nav_msgs/msg/detail/path__rosidl_typesupport_fastrtps_c.h
[12.319s] -- Installing: /home/user/robo/sb-robot/microros_ws/install/nav_msgs/include/nav_msgs/nav_msgs/msg/detail/map_meta_data__rosidl_typesupport_fastrtps_c.h
[12.319s] -- Installing: /home/user/robo/sb-robot/microros_ws/install/nav_msgs/include/nav_msgs/nav_msgs/msg/rosidl_typesupport_fastrtps_c__visibility_control.h
[12.319s] -- Installing: /home/user/robo/sb-robot/microros_ws/install/nav_msgs/lib/libnav_msgs__rosidl_typesupport_fastrtps_c.so
[12.319s] -- Set runtime path of "/home/user/robo/sb-robot/microros_ws/install/nav_msgs/lib/libnav_msgs__rosidl_typesupport_fastrtps_c.so" to ""
[12.320s] -- Up-to-date: /home/user/robo/sb-robot/microros_ws/install/nav_msgs/include/nav_msgs/nav_msgs
[12.320s] -- Up-to-date: /home/user/robo/sb-robot/microros_ws/install/nav_msgs/include/nav_msgs/nav_msgs/srv
[12.320s] -- Installing: /home/user/robo/sb-robot/microros_ws/install/nav_msgs/include/nav_msgs/nav_msgs/srv/get_plan.hpp
[12.320s] -- Installing: /home/user/robo/sb-robot/microros_ws/install/nav_msgs/include/nav_msgs/nav_msgs/srv/get_map.hpp
[12.320s] -- Installing: /home/user/robo/sb-robot/microros_ws/install/nav_msgs/include/nav_msgs/nav_msgs/srv/set_map.hpp
[12.320s] -- Up-to-date: /home/user/robo/sb-robot/microros_ws/install/nav_msgs/include/nav_msgs/nav_msgs/srv/detail
[12.320s] -- Installing: /home/user/robo/sb-robot/microros_ws/install/nav_msgs/include/nav_msgs/nav_msgs/srv/detail/get_map__type_support.hpp
[12.320s] -- Installing: /home/user/robo/sb-robot/microros_ws/install/nav_msgs/include/nav_msgs/nav_msgs/srv/detail/get_map__traits.hpp
[12.320s] -- Installing: /home/user/robo/sb-robot/microros_ws/install/nav_msgs/include/nav_msgs/nav_msgs/srv/detail/set_map__type_support.hpp
[12.320s] -- Installing: /home/user/robo/sb-robot/microros_ws/install/nav_msgs/include/nav_msgs/nav_msgs/srv/detail/get_map__builder.hpp
[12.320s] -- Installing: /home/user/robo/sb-robot/microros_ws/install/nav_msgs/include/nav_msgs/nav_msgs/srv/detail/load_map__traits.hpp
[12.320s] -- Installing: /home/user/robo/sb-robot/microros_ws/install/nav_msgs/include/nav_msgs/nav_msgs/srv/detail/get_plan__builder.hpp
[12.320s] -- Installing: /home/user/robo/sb-robot/microros_ws/install/nav_msgs/include/nav_msgs/nav_msgs/srv/detail/load_map__type_support.hpp
[12.321s] -- Installing: /home/user/robo/sb-robot/microros_ws/install/nav_msgs/include/nav_msgs/nav_msgs/srv/detail/get_map__struct.hpp
[12.321s] -- Installing: /home/user/robo/sb-robot/microros_ws/install/nav_msgs/include/nav_msgs/nav_msgs/srv/detail/get_plan__traits.hpp
[12.321s] -- Installing: /home/user/robo/sb-robot/microros_ws/install/nav_msgs/include/nav_msgs/nav_msgs/srv/detail/load_map__struct.hpp
[12.321s] -- Installing: /home/user/robo/sb-robot/microros_ws/install/nav_msgs/include/nav_msgs/nav_msgs/srv/detail/set_map__struct.hpp
[12.321s] -- Installing: /home/user/robo/sb-robot/microros_ws/install/nav_msgs/include/nav_msgs/nav_msgs/srv/detail/set_map__traits.hpp
[12.321s] -- Installing: /home/user/robo/sb-robot/microros_ws/install/nav_msgs/include/nav_msgs/nav_msgs/srv/detail/load_map__builder.hpp
[12.321s] -- Installing: /home/user/robo/sb-robot/microros_ws/install/nav_msgs/include/nav_msgs/nav_msgs/srv/detail/get_plan__type_support.hpp
[12.321s] -- Installing: /home/user/robo/sb-robot/microros_ws/install/nav_msgs/include/nav_msgs/nav_msgs/srv/detail/get_plan__struct.hpp
[12.321s] -- Installing: /home/user/robo/sb-robot/microros_ws/install/nav_msgs/include/nav_msgs/nav_msgs/srv/detail/set_map__builder.hpp
[12.321s] -- Installing: /home/user/robo/sb-robot/microros_ws/install/nav_msgs/include/nav_msgs/nav_msgs/srv/load_map.hpp
[12.321s] -- Up-to-date: /home/user/robo/sb-robot/microros_ws/install/nav_msgs/include/nav_msgs/nav_msgs/msg
[12.321s] -- Installing: /home/user/robo/sb-robot/microros_ws/install/nav_msgs/include/nav_msgs/nav_msgs/msg/map_meta_data.hpp
[12.322s] -- Installing: /home/user/robo/sb-robot/microros_ws/install/nav_msgs/include/nav_msgs/nav_msgs/msg/grid_cells.hpp
[12.322s] -- Installing: /home/user/robo/sb-robot/microros_ws/install/nav_msgs/include/nav_msgs/nav_msgs/msg/path.hpp
[12.322s] -- Installing: /home/user/robo/sb-robot/microros_ws/install/nav_msgs/include/nav_msgs/nav_msgs/msg/rosidl_generator_cpp__visibility_control.hpp
[12.322s] -- Installing: /home/user/robo/sb-robot/microros_ws/install/nav_msgs/include/nav_msgs/nav_msgs/msg/odometry.hpp
[12.322s] -- Up-to-date: /home/user/robo/sb-robot/microros_ws/install/nav_msgs/include/nav_msgs/nav_msgs/msg/detail
[12.322s] -- Installing: /home/user/robo/sb-robot/microros_ws/install/nav_msgs/include/nav_msgs/nav_msgs/msg/detail/map_meta_data__struct.hpp
[12.322s] -- Installing: /home/user/robo/sb-robot/microros_ws/install/nav_msgs/include/nav_msgs/nav_msgs/msg/detail/occupancy_grid__builder.hpp
[12.322s] -- Installing: /home/user/robo/sb-robot/microros_ws/install/nav_msgs/include/nav_msgs/nav_msgs/msg/detail/map_meta_data__traits.hpp
[12.322s] -- Installing: /home/user/robo/sb-robot/microros_ws/install/nav_msgs/include/nav_msgs/nav_msgs/msg/detail/map_meta_data__type_support.hpp
[12.322s] -- Installing: /home/user/robo/sb-robot/microros_ws/install/nav_msgs/include/nav_msgs/nav_msgs/msg/detail/grid_cells__builder.hpp
[12.322s] -- Installing: /home/user/robo/sb-robot/microros_ws/install/nav_msgs/include/nav_msgs/nav_msgs/msg/detail/occupancy_grid__struct.hpp
[12.322s] -- Installing: /home/user/robo/sb-robot/microros_ws/install/nav_msgs/include/nav_msgs/nav_msgs/msg/detail/grid_cells__type_support.hpp
[12.323s] -- Installing: /home/user/robo/sb-robot/microros_ws/install/nav_msgs/include/nav_msgs/nav_msgs/msg/detail/odometry__builder.hpp
[12.323s] -- Installing: /home/user/robo/sb-robot/microros_ws/install/nav_msgs/include/nav_msgs/nav_msgs/msg/detail/odometry__traits.hpp
[12.323s] -- Installing: /home/user/robo/sb-robot/microros_ws/install/nav_msgs/include/nav_msgs/nav_msgs/msg/detail/odometry__type_support.hpp
[12.323s] -- Installing: /home/user/robo/sb-robot/microros_ws/install/nav_msgs/include/nav_msgs/nav_msgs/msg/detail/odometry__struct.hpp
[12.323s] -- Installing: /home/user/robo/sb-robot/microros_ws/install/nav_msgs/include/nav_msgs/nav_msgs/msg/detail/path__traits.hpp
[12.323s] -- Installing: /home/user/robo/sb-robot/microros_ws/install/nav_msgs/include/nav_msgs/nav_msgs/msg/detail/grid_cells__traits.hpp
[12.323s] -- Installing: /home/user/robo/sb-robot/microros_ws/install/nav_msgs/include/nav_msgs/nav_msgs/msg/detail/map_meta_data__builder.hpp
[12.323s] -- Installing: /home/user/robo/sb-robot/microros_ws/install/nav_msgs/include/nav_msgs/nav_msgs/msg/detail/path__type_support.hpp
[12.323s] -- Installing: /home/user/robo/sb-robot/microros_ws/install/nav_msgs/include/nav_msgs/nav_msgs/msg/detail/path__builder.hpp
[12.323s] -- Installing: /home/user/robo/sb-robot/microros_ws/install/nav_msgs/include/nav_msgs/nav_msgs/msg/detail/occupancy_grid__type_support.hpp
[12.323s] -- Installing: /home/user/robo/sb-robot/microros_ws/install/nav_msgs/include/nav_msgs/nav_msgs/msg/detail/occupancy_grid__traits.hpp
[12.323s] -- Installing: /home/user/robo/sb-robot/microros_ws/install/nav_msgs/include/nav_msgs/nav_msgs/msg/detail/grid_cells__struct.hpp
[12.324s] -- Installing: /home/user/robo/sb-robot/microros_ws/install/nav_msgs/include/nav_msgs/nav_msgs/msg/detail/path__struct.hpp
[12.324s] -- Installing: /home/user/robo/sb-robot/microros_ws/install/nav_msgs/include/nav_msgs/nav_msgs/msg/occupancy_grid.hpp
[12.324s] -- Up-to-date: /home/user/robo/sb-robot/microros_ws/install/nav_msgs/include/nav_msgs/nav_msgs
[12.324s] -- Up-to-date: /home/user/robo/sb-robot/microros_ws/install/nav_msgs/include/nav_msgs/nav_msgs/srv
[12.324s] -- Up-to-date: /home/user/robo/sb-robot/microros_ws/install/nav_msgs/include/nav_msgs/nav_msgs/srv/detail
[12.324s] -- Installing: /home/user/robo/sb-robot/microros_ws/install/nav_msgs/include/nav_msgs/nav_msgs/srv/detail/get_plan__rosidl_typesupport_fastrtps_cpp.hpp
[12.324s] -- Installing: /home/user/robo/sb-robot/microros_ws/install/nav_msgs/include/nav_msgs/nav_msgs/srv/detail/get_map__rosidl_typesupport_fastrtps_cpp.hpp
[12.324s] -- Installing: /home/user/robo/sb-robot/microros_ws/install/nav_msgs/include/nav_msgs/nav_msgs/srv/detail/dds_fastrtps
[12.324s] -- Installing: /home/user/robo/sb-robot/microros_ws/install/nav_msgs/include/nav_msgs/nav_msgs/srv/detail/load_map__rosidl_typesupport_fastrtps_cpp.hpp
[12.324s] -- Installing: /home/user/robo/sb-robot/microros_ws/install/nav_msgs/include/nav_msgs/nav_msgs/srv/detail/set_map__rosidl_typesupport_fastrtps_cpp.hpp
[12.324s] -- Up-to-date: /home/user/robo/sb-robot/microros_ws/install/nav_msgs/include/nav_msgs/nav_msgs/msg
[12.324s] -- Installing: /home/user/robo/sb-robot/microros_ws/install/nav_msgs/include/nav_msgs/nav_msgs/msg/rosidl_typesupport_fastrtps_cpp__visibility_control.h
[12.325s] -- Up-to-date: /home/user/robo/sb-robot/microros_ws/install/nav_msgs/include/nav_msgs/nav_msgs/msg/detail
[12.325s] -- Installing: /home/user/robo/sb-robot/microros_ws/install/nav_msgs/include/nav_msgs/nav_msgs/msg/detail/occupancy_grid__rosidl_typesupport_fastrtps_cpp.hpp
[12.325s] -- Installing: /home/user/robo/sb-robot/microros_ws/install/nav_msgs/include/nav_msgs/nav_msgs/msg/detail/odometry__rosidl_typesupport_fastrtps_cpp.hpp
[12.325s] -- Installing: /home/user/robo/sb-robot/microros_ws/install/nav_msgs/include/nav_msgs/nav_msgs/msg/detail/grid_cells__rosidl_typesupport_fastrtps_cpp.hpp
[12.325s] -- Installing: /home/user/robo/sb-robot/microros_ws/install/nav_msgs/include/nav_msgs/nav_msgs/msg/detail/map_meta_data__rosidl_typesupport_fastrtps_cpp.hpp
[12.325s] -- Installing: /home/user/robo/sb-robot/microros_ws/install/nav_msgs/include/nav_msgs/nav_msgs/msg/detail/path__rosidl_typesupport_fastrtps_cpp.hpp
[12.325s] -- Installing: /home/user/robo/sb-robot/microros_ws/install/nav_msgs/include/nav_msgs/nav_msgs/msg/detail/dds_fastrtps
[12.325s] -- Installing: /home/user/robo/sb-robot/microros_ws/install/nav_msgs/lib/libnav_msgs__rosidl_typesupport_fastrtps_cpp.so
[12.325s] -- Set runtime path of "/home/user/robo/sb-robot/microros_ws/install/nav_msgs/lib/libnav_msgs__rosidl_typesupport_fastrtps_cpp.so" to ""
[12.325s] -- Up-to-date: /home/user/robo/sb-robot/microros_ws/install/nav_msgs/include/nav_msgs
[12.325s] -- Installing: /home/user/robo/sb-robot/microros_ws/install/nav_msgs/include/nav_msgs/srv
[12.325s] -- Installing: /home/user/robo/sb-robot/microros_ws/install/nav_msgs/include/nav_msgs/srv/detail
[12.326s] -- Installing: /home/user/robo/sb-robot/microros_ws/install/nav_msgs/include/nav_msgs/srv/detail/microxrcedds
[12.326s] -- Installing: /home/user/robo/sb-robot/microros_ws/install/nav_msgs/include/nav_msgs/srv/detail/get_plan__rosidl_typesupport_microxrcedds_c.h
[12.326s] -- Installing: /home/user/robo/sb-robot/microros_ws/install/nav_msgs/include/nav_msgs/srv/detail/get_map__rosidl_typesupport_microxrcedds_c.h
[12.326s] -- Installing: /home/user/robo/sb-robot/microros_ws/install/nav_msgs/include/nav_msgs/srv/detail/load_map__rosidl_typesupport_microxrcedds_c.h
[12.326s] -- Installing: /home/user/robo/sb-robot/microros_ws/install/nav_msgs/include/nav_msgs/srv/detail/set_map__rosidl_typesupport_microxrcedds_c.h
[12.326s] -- Installing: /home/user/robo/sb-robot/microros_ws/install/nav_msgs/include/nav_msgs/msg
[12.326s] -- Installing: /home/user/robo/sb-robot/microros_ws/install/nav_msgs/include/nav_msgs/msg/rosidl_typesupport_microxrcedds_c__visibility_control.h
[12.326s] -- Installing: /home/user/robo/sb-robot/microros_ws/install/nav_msgs/include/nav_msgs/msg/detail
[12.326s] -- Installing: /home/user/robo/sb-robot/microros_ws/install/nav_msgs/include/nav_msgs/msg/detail/odometry__rosidl_typesupport_microxrcedds_c.h
[12.326s] -- Installing: /home/user/robo/sb-robot/microros_ws/install/nav_msgs/include/nav_msgs/msg/detail/microxrcedds
[12.326s] -- Installing: /home/user/robo/sb-robot/microros_ws/install/nav_msgs/include/nav_msgs/msg/detail/map_meta_data__rosidl_typesupport_microxrcedds_c.h
[12.326s] -- Installing: /home/user/robo/sb-robot/microros_ws/install/nav_msgs/include/nav_msgs/msg/detail/path__rosidl_typesupport_microxrcedds_c.h
[12.327s] -- Installing: /home/user/robo/sb-robot/microros_ws/install/nav_msgs/include/nav_msgs/msg/detail/grid_cells__rosidl_typesupport_microxrcedds_c.h
[12.327s] -- Installing: /home/user/robo/sb-robot/microros_ws/install/nav_msgs/include/nav_msgs/msg/detail/occupancy_grid__rosidl_typesupport_microxrcedds_c.h
[12.327s] -- Installing: /home/user/robo/sb-robot/microros_ws/install/nav_msgs/lib/libnav_msgs__rosidl_typesupport_microxrcedds_c.so
[12.327s] -- Set runtime path of "/home/user/robo/sb-robot/microros_ws/install/nav_msgs/lib/libnav_msgs__rosidl_typesupport_microxrcedds_c.so" to ""
[12.327s] -- Up-to-date: /home/user/robo/sb-robot/microros_ws/install/nav_msgs/include/nav_msgs/nav_msgs
[12.327s] -- Up-to-date: /home/user/robo/sb-robot/microros_ws/install/nav_msgs/include/nav_msgs/nav_msgs/srv
[12.327s] -- Up-to-date: /home/user/robo/sb-robot/microros_ws/install/nav_msgs/include/nav_msgs/nav_msgs/srv/detail
[12.327s] -- Installing: /home/user/robo/sb-robot/microros_ws/install/nav_msgs/include/nav_msgs/nav_msgs/srv/detail/load_map__rosidl_typesupport_introspection_c.h
[12.327s] -- Installing: /home/user/robo/sb-robot/microros_ws/install/nav_msgs/include/nav_msgs/nav_msgs/srv/detail/load_map__type_support.c
[12.327s] -- Installing: /home/user/robo/sb-robot/microros_ws/install/nav_msgs/include/nav_msgs/nav_msgs/srv/detail/get_plan__type_support.c
[12.327s] -- Installing: /home/user/robo/sb-robot/microros_ws/install/nav_msgs/include/nav_msgs/nav_msgs/srv/detail/set_map__type_support.c
[12.327s] -- Installing: /home/user/robo/sb-robot/microros_ws/install/nav_msgs/include/nav_msgs/nav_msgs/srv/detail/get_map__type_support.c
[12.327s] -- Installing: /home/user/robo/sb-robot/microros_ws/install/nav_msgs/include/nav_msgs/nav_msgs/srv/detail/get_plan__rosidl_typesupport_introspection_c.h
[12.327s] -- Installing: /home/user/robo/sb-robot/microros_ws/install/nav_msgs/include/nav_msgs/nav_msgs/srv/detail/get_map__rosidl_typesupport_introspection_c.h
[12.328s] -- Installing: /home/user/robo/sb-robot/microros_ws/install/nav_msgs/include/nav_msgs/nav_msgs/srv/detail/set_map__rosidl_typesupport_introspection_c.h
[12.328s] -- Up-to-date: /home/user/robo/sb-robot/microros_ws/install/nav_msgs/include/nav_msgs/nav_msgs/msg
[12.328s] -- Up-to-date: /home/user/robo/sb-robot/microros_ws/install/nav_msgs/include/nav_msgs/nav_msgs/msg/detail
[12.328s] -- Installing: /home/user/robo/sb-robot/microros_ws/install/nav_msgs/include/nav_msgs/nav_msgs/msg/detail/map_meta_data__type_support.c
[12.328s] -- Installing: /home/user/robo/sb-robot/microros_ws/install/nav_msgs/include/nav_msgs/nav_msgs/msg/detail/path__rosidl_typesupport_introspection_c.h
[12.328s] -- Installing: /home/user/robo/sb-robot/microros_ws/install/nav_msgs/include/nav_msgs/nav_msgs/msg/detail/odometry__type_support.c
[12.328s] -- Installing: /home/user/robo/sb-robot/microros_ws/install/nav_msgs/include/nav_msgs/nav_msgs/msg/detail/occupancy_grid__rosidl_typesupport_introspection_c.h
[12.328s] -- Installing: /home/user/robo/sb-robot/microros_ws/install/nav_msgs/include/nav_msgs/nav_msgs/msg/detail/grid_cells__rosidl_typesupport_introspection_c.h
[12.328s] -- Installing: /home/user/robo/sb-robot/microros_ws/install/nav_msgs/include/nav_msgs/nav_msgs/msg/detail/map_meta_data__rosidl_typesupport_introspection_c.h
[12.328s] -- Installing: /home/user/robo/sb-robot/microros_ws/install/nav_msgs/include/nav_msgs/nav_msgs/msg/detail/path__type_support.c
[12.328s] -- Installing: /home/user/robo/sb-robot/microros_ws/install/nav_msgs/include/nav_msgs/nav_msgs/msg/detail/grid_cells__type_support.c
[12.328s] -- Installing: /home/user/robo/sb-robot/microros_ws/install/nav_msgs/include/nav_msgs/nav_msgs/msg/detail/occupancy_grid__type_support.c
[12.328s] -- Installing: /home/user/robo/sb-robot/microros_ws/install/nav_msgs/include/nav_msgs/nav_msgs/msg/detail/odometry__rosidl_typesupport_introspection_c.h
[12.328s] -- Installing: /home/user/robo/sb-robot/microros_ws/install/nav_msgs/include/nav_msgs/nav_msgs/msg/rosidl_typesupport_introspection_c__visibility_control.h
[12.328s] -- Installing: /home/user/robo/sb-robot/microros_ws/install/nav_msgs/lib/libnav_msgs__rosidl_typesupport_introspection_c.so
[12.329s] -- Set runtime path of "/home/user/robo/sb-robot/microros_ws/install/nav_msgs/lib/libnav_msgs__rosidl_typesupport_introspection_c.so" to ""
[12.329s] -- Installing: /home/user/robo/sb-robot/microros_ws/install/nav_msgs/lib/libnav_msgs__rosidl_typesupport_c.so
[12.329s] -- Set runtime path of "/home/user/robo/sb-robot/microros_ws/install/nav_msgs/lib/libnav_msgs__rosidl_typesupport_c.so" to ""
[12.329s] -- Up-to-date: /home/user/robo/sb-robot/microros_ws/install/nav_msgs/include/nav_msgs
[12.329s] -- Up-to-date: /home/user/robo/sb-robot/microros_ws/install/nav_msgs/include/nav_msgs/srv
[12.329s] -- Up-to-date: /home/user/robo/sb-robot/microros_ws/install/nav_msgs/include/nav_msgs/srv/detail
[12.329s] -- Installing: /home/user/robo/sb-robot/microros_ws/install/nav_msgs/include/nav_msgs/srv/detail/set_map__rosidl_typesupport_microxrcedds_cpp.hpp
[12.329s] -- Installing: /home/user/robo/sb-robot/microros_ws/install/nav_msgs/include/nav_msgs/srv/detail/get_plan__rosidl_typesupport_microxrcedds_cpp.hpp
[12.329s] -- Up-to-date: /home/user/robo/sb-robot/microros_ws/install/nav_msgs/include/nav_msgs/srv/detail/microxrcedds
[12.329s] -- Installing: /home/user/robo/sb-robot/microros_ws/install/nav_msgs/include/nav_msgs/srv/detail/microxrcedds/get_plan__type_support_cpp.cpp
[12.329s] -- Installing: /home/user/robo/sb-robot/microros_ws/install/nav_msgs/include/nav_msgs/srv/detail/microxrcedds/set_map__type_support_cpp.cpp
[12.329s] -- Installing: /home/user/robo/sb-robot/microros_ws/install/nav_msgs/include/nav_msgs/srv/detail/microxrcedds/load_map__type_support_cpp.cpp
[12.329s] -- Installing: /home/user/robo/sb-robot/microros_ws/install/nav_msgs/include/nav_msgs/srv/detail/microxrcedds/get_map__type_support_cpp.cpp
[12.329s] -- Installing: /home/user/robo/sb-robot/microros_ws/install/nav_msgs/include/nav_msgs/srv/detail/load_map__rosidl_typesupport_microxrcedds_cpp.hpp
[12.329s] -- Installing: /home/user/robo/sb-robot/microros_ws/install/nav_msgs/include/nav_msgs/srv/detail/get_map__rosidl_typesupport_microxrcedds_cpp.hpp
[12.330s] -- Up-to-date: /home/user/robo/sb-robot/microros_ws/install/nav_msgs/include/nav_msgs/msg
[12.330s] -- Up-to-date: /home/user/robo/sb-robot/microros_ws/install/nav_msgs/include/nav_msgs/msg/detail
[12.330s] -- Up-to-date: /home/user/robo/sb-robot/microros_ws/install/nav_msgs/include/nav_msgs/msg/detail/microxrcedds
[12.330s] -- Installing: /home/user/robo/sb-robot/microros_ws/install/nav_msgs/include/nav_msgs/msg/detail/microxrcedds/odometry__type_support_cpp.cpp
[12.330s] -- Installing: /home/user/robo/sb-robot/microros_ws/install/nav_msgs/include/nav_msgs/msg/detail/microxrcedds/path__type_support_cpp.cpp
[12.330s] -- Installing: /home/user/robo/sb-robot/microros_ws/install/nav_msgs/include/nav_msgs/msg/detail/microxrcedds/map_meta_data__type_support_cpp.cpp
[12.330s] -- Installing: /home/user/robo/sb-robot/microros_ws/install/nav_msgs/include/nav_msgs/msg/detail/microxrcedds/grid_cells__type_support_cpp.cpp
[12.330s] -- Installing: /home/user/robo/sb-robot/microros_ws/install/nav_msgs/include/nav_msgs/msg/detail/microxrcedds/occupancy_grid__type_support_cpp.cpp
[12.330s] -- Installing: /home/user/robo/sb-robot/microros_ws/install/nav_msgs/include/nav_msgs/msg/detail/map_meta_data__rosidl_typesupport_microxrcedds_cpp.hpp
[12.330s] -- Installing: /home/user/robo/sb-robot/microros_ws/install/nav_msgs/include/nav_msgs/msg/detail/occupancy_grid__rosidl_typesupport_microxrcedds_cpp.hpp
[12.330s] -- Installing: /home/user/robo/sb-robot/microros_ws/install/nav_msgs/include/nav_msgs/msg/detail/grid_cells__rosidl_typesupport_microxrcedds_cpp.hpp
[12.330s] -- Installing: /home/user/robo/sb-robot/microros_ws/install/nav_msgs/include/nav_msgs/msg/detail/path__rosidl_typesupport_microxrcedds_cpp.hpp
[12.330s] -- Installing: /home/user/robo/sb-robot/microros_ws/install/nav_msgs/include/nav_msgs/msg/detail/odometry__rosidl_typesupport_microxrcedds_cpp.hpp
[12.330s] -- Installing: /home/user/robo/sb-robot/microros_ws/install/nav_msgs/include/nav_msgs/msg/rosidl_typesupport_microxrcedds_cpp__visibility_control.h
[12.330s] -- Installing: /home/user/robo/sb-robot/microros_ws/install/nav_msgs/lib/libnav_msgs__rosidl_typesupport_microxrcedds_cpp.so
[12.331s] -- Set runtime path of "/home/user/robo/sb-robot/microros_ws/install/nav_msgs/lib/libnav_msgs__rosidl_typesupport_microxrcedds_cpp.so" to ""
[12.331s] -- Up-to-date: /home/user/robo/sb-robot/microros_ws/install/nav_msgs/include/nav_msgs/nav_msgs
[12.331s] -- Up-to-date: /home/user/robo/sb-robot/microros_ws/install/nav_msgs/include/nav_msgs/nav_msgs/srv
[12.331s] -- Up-to-date: /home/user/robo/sb-robot/microros_ws/install/nav_msgs/include/nav_msgs/nav_msgs/srv/detail
[12.331s] -- Installing: /home/user/robo/sb-robot/microros_ws/install/nav_msgs/include/nav_msgs/nav_msgs/srv/detail/get_plan__type_support.cpp
[12.331s] -- Installing: /home/user/robo/sb-robot/microros_ws/install/nav_msgs/include/nav_msgs/nav_msgs/srv/detail/get_map__rosidl_typesupport_introspection_cpp.hpp
[12.331s] -- Installing: /home/user/robo/sb-robot/microros_ws/install/nav_msgs/include/nav_msgs/nav_msgs/srv/detail/set_map__type_support.cpp
[12.331s] -- Installing: /home/user/robo/sb-robot/microros_ws/install/nav_msgs/include/nav_msgs/nav_msgs/srv/detail/get_map__type_support.cpp
[12.331s] -- Installing: /home/user/robo/sb-robot/microros_ws/install/nav_msgs/include/nav_msgs/nav_msgs/srv/detail/load_map__rosidl_typesupport_introspection_cpp.hpp
[12.331s] -- Installing: /home/user/robo/sb-robot/microros_ws/install/nav_msgs/include/nav_msgs/nav_msgs/srv/detail/load_map__type_support.cpp
[12.331s] -- Installing: /home/user/robo/sb-robot/microros_ws/install/nav_msgs/include/nav_msgs/nav_msgs/srv/detail/set_map__rosidl_typesupport_introspection_cpp.hpp
[12.331s] -- Installing: /home/user/robo/sb-robot/microros_ws/install/nav_msgs/include/nav_msgs/nav_msgs/srv/detail/get_plan__rosidl_typesupport_introspection_cpp.hpp
[12.331s] -- Up-to-date: /home/user/robo/sb-robot/microros_ws/install/nav_msgs/include/nav_msgs/nav_msgs/msg
[12.331s] -- Up-to-date: /home/user/robo/sb-robot/microros_ws/install/nav_msgs/include/nav_msgs/nav_msgs/msg/detail
[12.331s] -- Installing: /home/user/robo/sb-robot/microros_ws/install/nav_msgs/include/nav_msgs/nav_msgs/msg/detail/path__type_support.cpp
[12.332s] -- Installing: /home/user/robo/sb-robot/microros_ws/install/nav_msgs/include/nav_msgs/nav_msgs/msg/detail/grid_cells__type_support.cpp
[12.332s] -- Installing: /home/user/robo/sb-robot/microros_ws/install/nav_msgs/include/nav_msgs/nav_msgs/msg/detail/map_meta_data__type_support.cpp
[12.332s] -- Installing: /home/user/robo/sb-robot/microros_ws/install/nav_msgs/include/nav_msgs/nav_msgs/msg/detail/grid_cells__rosidl_typesupport_introspection_cpp.hpp
[12.332s] -- Installing: /home/user/robo/sb-robot/microros_ws/install/nav_msgs/include/nav_msgs/nav_msgs/msg/detail/odometry__type_support.cpp
[12.332s] -- Installing: /home/user/robo/sb-robot/microros_ws/install/nav_msgs/include/nav_msgs/nav_msgs/msg/detail/occupancy_grid__rosidl_typesupport_introspection_cpp.hpp
[12.332s] -- Installing: /home/user/robo/sb-robot/microros_ws/install/nav_msgs/include/nav_msgs/nav_msgs/msg/detail/odometry__rosidl_typesupport_introspection_cpp.hpp
[12.332s] -- Installing: /home/user/robo/sb-robot/microros_ws/install/nav_msgs/include/nav_msgs/nav_msgs/msg/detail/path__rosidl_typesupport_introspection_cpp.hpp
[12.332s] -- Installing: /home/user/robo/sb-robot/microros_ws/install/nav_msgs/include/nav_msgs/nav_msgs/msg/detail/occupancy_grid__type_support.cpp
[12.332s] -- Installing: /home/user/robo/sb-robot/microros_ws/install/nav_msgs/include/nav_msgs/nav_msgs/msg/detail/map_meta_data__rosidl_typesupport_introspection_cpp.hpp
[12.332s] -- Installing: /home/user/robo/sb-robot/microros_ws/install/nav_msgs/lib/libnav_msgs__rosidl_typesupport_introspection_cpp.so
[12.332s] -- Set runtime path of "/home/user/robo/sb-robot/microros_ws/install/nav_msgs/lib/libnav_msgs__rosidl_typesupport_introspection_cpp.so" to ""
[12.332s] -- Installing: /home/user/robo/sb-robot/microros_ws/install/nav_msgs/lib/libnav_msgs__rosidl_typesupport_cpp.so
[12.332s] -- Set runtime path of "/home/user/robo/sb-robot/microros_ws/install/nav_msgs/lib/libnav_msgs__rosidl_typesupport_cpp.so" to ""
[12.332s] -- Installing: /home/user/robo/sb-robot/microros_ws/install/nav_msgs/share/nav_msgs/environment/pythonpath.sh
[12.332s] -- Installing: /home/user/robo/sb-robot/microros_ws/install/nav_msgs/share/nav_msgs/environment/pythonpath.dsv
[12.332s] -- Installing: /home/user/robo/sb-robot/microros_ws/install/nav_msgs/local/lib/python3.10/dist-packages/nav_msgs-4.2.4-py3.10.egg-info
[12.333s] -- Installing: /home/user/robo/sb-robot/microros_ws/install/nav_msgs/local/lib/python3.10/dist-packages/nav_msgs-4.2.4-py3.10.egg-info/top_level.txt
[12.333s] -- Installing: /home/user/robo/sb-robot/microros_ws/install/nav_msgs/local/lib/python3.10/dist-packages/nav_msgs-4.2.4-py3.10.egg-info/dependency_links.txt
[12.333s] -- Installing: /home/user/robo/sb-robot/microros_ws/install/nav_msgs/local/lib/python3.10/dist-packages/nav_msgs-4.2.4-py3.10.egg-info/PKG-INFO
[12.333s] -- Installing: /home/user/robo/sb-robot/microros_ws/install/nav_msgs/local/lib/python3.10/dist-packages/nav_msgs-4.2.4-py3.10.egg-info/SOURCES.txt
[12.333s] -- Installing: /home/user/robo/sb-robot/microros_ws/install/nav_msgs/local/lib/python3.10/dist-packages/nav_msgs
[12.333s] -- Installing: /home/user/robo/sb-robot/microros_ws/install/nav_msgs/local/lib/python3.10/dist-packages/nav_msgs/nav_msgs_s__rosidl_typesupport_c.cpython-310-x86_64-linux-gnu.so
[12.333s] -- Installing: /home/user/robo/sb-robot/microros_ws/install/nav_msgs/local/lib/python3.10/dist-packages/nav_msgs/_nav_msgs_s.ep.rosidl_typesupport_microxrcedds_c.c
[12.333s] -- Installing: /home/user/robo/sb-robot/microros_ws/install/nav_msgs/local/lib/python3.10/dist-packages/nav_msgs/_nav_msgs_s.ep.rosidl_typesupport_fastrtps_c.c
[12.333s] -- Installing: /home/user/robo/sb-robot/microros_ws/install/nav_msgs/local/lib/python3.10/dist-packages/nav_msgs/srv
[12.333s] -- Installing: /home/user/robo/sb-robot/microros_ws/install/nav_msgs/local/lib/python3.10/dist-packages/nav_msgs/srv/_get_plan_s.c
[12.333s] -- Installing: /home/user/robo/sb-robot/microros_ws/install/nav_msgs/local/lib/python3.10/dist-packages/nav_msgs/srv/_get_map_s.c
[12.333s] -- Installing: /home/user/robo/sb-robot/microros_ws/install/nav_msgs/local/lib/python3.10/dist-packages/nav_msgs/srv/_load_map.py
[12.333s] -- Installing: /home/user/robo/sb-robot/microros_ws/install/nav_msgs/local/lib/python3.10/dist-packages/nav_msgs/srv/_get_plan.py
[12.333s] -- Installing: /home/user/robo/sb-robot/microros_ws/install/nav_msgs/local/lib/python3.10/dist-packages/nav_msgs/srv/__init__.py
[12.333s] -- Installing: /home/user/robo/sb-robot/microros_ws/install/nav_msgs/local/lib/python3.10/dist-packages/nav_msgs/srv/_set_map.py
[12.334s] -- Installing: /home/user/robo/sb-robot/microros_ws/install/nav_msgs/local/lib/python3.10/dist-packages/nav_msgs/srv/_get_map.py
[12.334s] -- Installing: /home/user/robo/sb-robot/microros_ws/install/nav_msgs/local/lib/python3.10/dist-packages/nav_msgs/srv/_set_map_s.c
[12.334s] -- Installing: /home/user/robo/sb-robot/microros_ws/install/nav_msgs/local/lib/python3.10/dist-packages/nav_msgs/srv/_load_map_s.c
[12.334s] -- Installing: /home/user/robo/sb-robot/microros_ws/install/nav_msgs/local/lib/python3.10/dist-packages/nav_msgs/libnav_msgs__rosidl_generator_py.so
[12.334s] -- Installing: /home/user/robo/sb-robot/microros_ws/install/nav_msgs/local/lib/python3.10/dist-packages/nav_msgs/__init__.py
[12.334s] -- Installing: /home/user/robo/sb-robot/microros_ws/install/nav_msgs/local/lib/python3.10/dist-packages/nav_msgs/_nav_msgs_s.ep.rosidl_typesupport_introspection_c.c
[12.334s] -- Installing: /home/user/robo/sb-robot/microros_ws/install/nav_msgs/local/lib/python3.10/dist-packages/nav_msgs/nav_msgs_s__rosidl_typesupport_introspection_c.cpython-310-x86_64-linux-gnu.so
[12.334s] -- Installing: /home/user/robo/sb-robot/microros_ws/install/nav_msgs/local/lib/python3.10/dist-packages/nav_msgs/_nav_msgs_s.ep.rosidl_typesupport_c.c
[12.334s] -- Installing: /home/user/robo/sb-robot/microros_ws/install/nav_msgs/local/lib/python3.10/dist-packages/nav_msgs/msg
[12.334s] -- Installing: /home/user/robo/sb-robot/microros_ws/install/nav_msgs/local/lib/python3.10/dist-packages/nav_msgs/msg/_occupancy_grid.py
[12.334s] -- Installing: /home/user/robo/sb-robot/microros_ws/install/nav_msgs/local/lib/python3.10/dist-packages/nav_msgs/msg/_map_meta_data_s.c
[12.334s] -- Installing: /home/user/robo/sb-robot/microros_ws/install/nav_msgs/local/lib/python3.10/dist-packages/nav_msgs/msg/__init__.py
[12.334s] -- Installing: /home/user/robo/sb-robot/microros_ws/install/nav_msgs/local/lib/python3.10/dist-packages/nav_msgs/msg/_grid_cells_s.c
[12.334s] -- Installing: /home/user/robo/sb-robot/microros_ws/install/nav_msgs/local/lib/python3.10/dist-packages/nav_msgs/msg/_path.py
[12.334s] -- Installing: /home/user/robo/sb-robot/microros_ws/install/nav_msgs/local/lib/python3.10/dist-packages/nav_msgs/msg/_grid_cells.py
[12.334s] -- Installing: /home/user/robo/sb-robot/microros_ws/install/nav_msgs/local/lib/python3.10/dist-packages/nav_msgs/msg/_odometry_s.c
[12.335s] -- Installing: /home/user/robo/sb-robot/microros_ws/install/nav_msgs/local/lib/python3.10/dist-packages/nav_msgs/msg/_map_meta_data.py
[12.335s] -- Installing: /home/user/robo/sb-robot/microros_ws/install/nav_msgs/local/lib/python3.10/dist-packages/nav_msgs/msg/_odometry.py
[12.335s] -- Installing: /home/user/robo/sb-robot/microros_ws/install/nav_msgs/local/lib/python3.10/dist-packages/nav_msgs/msg/_path_s.c
[12.335s] -- Installing: /home/user/robo/sb-robot/microros_ws/install/nav_msgs/local/lib/python3.10/dist-packages/nav_msgs/msg/_occupancy_grid_s.c
[12.335s] -- Installing: /home/user/robo/sb-robot/microros_ws/install/nav_msgs/local/lib/python3.10/dist-packages/nav_msgs/nav_msgs_s__rosidl_typesupport_fastrtps_c.cpython-310-x86_64-linux-gnu.so
[12.335s] -- Installing: /home/user/robo/sb-robot/microros_ws/install/nav_msgs/local/lib/python3.10/dist-packages/nav_msgs/nav_msgs_s__rosidl_typesupport_microxrcedds_c.cpython-310-x86_64-linux-gnu.so
[12.363s] Listing '/home/user/robo/sb-robot/microros_ws/install/nav_msgs/local/lib/python3.10/dist-packages/nav_msgs'...
[12.363s] Compiling '/home/user/robo/sb-robot/microros_ws/install/nav_msgs/local/lib/python3.10/dist-packages/nav_msgs/__init__.py'...
[12.363s] Listing '/home/user/robo/sb-robot/microros_ws/install/nav_msgs/local/lib/python3.10/dist-packages/nav_msgs/msg'...
[12.363s] Compiling '/home/user/robo/sb-robot/microros_ws/install/nav_msgs/local/lib/python3.10/dist-packages/nav_msgs/msg/__init__.py'...
[12.363s] Compiling '/home/user/robo/sb-robot/microros_ws/install/nav_msgs/local/lib/python3.10/dist-packages/nav_msgs/msg/_grid_cells.py'...
[12.363s] Compiling '/home/user/robo/sb-robot/microros_ws/install/nav_msgs/local/lib/python3.10/dist-packages/nav_msgs/msg/_map_meta_data.py'...
[12.363s] Compiling '/home/user/robo/sb-robot/microros_ws/install/nav_msgs/local/lib/python3.10/dist-packages/nav_msgs/msg/_occupancy_grid.py'...
[12.363s] Compiling '/home/user/robo/sb-robot/microros_ws/install/nav_msgs/local/lib/python3.10/dist-packages/nav_msgs/msg/_odometry.py'...
[12.363s] Compiling '/home/user/robo/sb-robot/microros_ws/install/nav_msgs/local/lib/python3.10/dist-packages/nav_msgs/msg/_path.py'...
[12.363s] Listing '/home/user/robo/sb-robot/microros_ws/install/nav_msgs/local/lib/python3.10/dist-packages/nav_msgs/srv'...
[12.363s] Compiling '/home/user/robo/sb-robot/microros_ws/install/nav_msgs/local/lib/python3.10/dist-packages/nav_msgs/srv/__init__.py'...
[12.363s] Compiling '/home/user/robo/sb-robot/microros_ws/install/nav_msgs/local/lib/python3.10/dist-packages/nav_msgs/srv/_get_map.py'...
[12.363s] Compiling '/home/user/robo/sb-robot/microros_ws/install/nav_msgs/local/lib/python3.10/dist-packages/nav_msgs/srv/_get_plan.py'...
[12.363s] Compiling '/home/user/robo/sb-robot/microros_ws/install/nav_msgs/local/lib/python3.10/dist-packages/nav_msgs/srv/_load_map.py'...
[12.363s] Compiling '/home/user/robo/sb-robot/microros_ws/install/nav_msgs/local/lib/python3.10/dist-packages/nav_msgs/srv/_set_map.py'...
[12.366s] -- Installing: /home/user/robo/sb-robot/microros_ws/install/nav_msgs/local/lib/python3.10/dist-packages/nav_msgs/nav_msgs_s__rosidl_typesupport_microxrcedds_c.cpython-310-x86_64-linux-gnu.so
[12.366s] -- Set runtime path of "/home/user/robo/sb-robot/microros_ws/install/nav_msgs/local/lib/python3.10/dist-packages/nav_msgs/nav_msgs_s__rosidl_typesupport_microxrcedds_c.cpython-310-x86_64-linux-gnu.so" to ""
[12.366s] -- Installing: /home/user/robo/sb-robot/microros_ws/install/nav_msgs/local/lib/python3.10/dist-packages/nav_msgs/nav_msgs_s__rosidl_typesupport_fastrtps_c.cpython-310-x86_64-linux-gnu.so
[12.367s] -- Set runtime path of "/home/user/robo/sb-robot/microros_ws/install/nav_msgs/local/lib/python3.10/dist-packages/nav_msgs/nav_msgs_s__rosidl_typesupport_fastrtps_c.cpython-310-x86_64-linux-gnu.so" to ""
[12.367s] -- Installing: /home/user/robo/sb-robot/microros_ws/install/nav_msgs/local/lib/python3.10/dist-packages/nav_msgs/nav_msgs_s__rosidl_typesupport_introspection_c.cpython-310-x86_64-linux-gnu.so
[12.367s] -- Set runtime path of "/home/user/robo/sb-robot/microros_ws/install/nav_msgs/local/lib/python3.10/dist-packages/nav_msgs/nav_msgs_s__rosidl_typesupport_introspection_c.cpython-310-x86_64-linux-gnu.so" to ""
[12.367s] -- Installing: /home/user/robo/sb-robot/microros_ws/install/nav_msgs/local/lib/python3.10/dist-packages/nav_msgs/nav_msgs_s__rosidl_typesupport_c.cpython-310-x86_64-linux-gnu.so
[12.368s] -- Set runtime path of "/home/user/robo/sb-robot/microros_ws/install/nav_msgs/local/lib/python3.10/dist-packages/nav_msgs/nav_msgs_s__rosidl_typesupport_c.cpython-310-x86_64-linux-gnu.so" to ""
[12.368s] -- Installing: /home/user/robo/sb-robot/microros_ws/install/nav_msgs/lib/libnav_msgs__rosidl_generator_py.so
[12.368s] -- Set runtime path of "/home/user/robo/sb-robot/microros_ws/install/nav_msgs/lib/libnav_msgs__rosidl_generator_py.so" to ""
[12.368s] -- Installing: /home/user/robo/sb-robot/microros_ws/install/nav_msgs/share/nav_msgs/msg/GridCells.idl
[12.368s] -- Installing: /home/user/robo/sb-robot/microros_ws/install/nav_msgs/share/nav_msgs/msg/MapMetaData.idl
[12.369s] -- Installing: /home/user/robo/sb-robot/microros_ws/install/nav_msgs/share/nav_msgs/msg/OccupancyGrid.idl
[12.369s] -- Installing: /home/user/robo/sb-robot/microros_ws/install/nav_msgs/share/nav_msgs/msg/Odometry.idl
[12.369s] -- Installing: /home/user/robo/sb-robot/microros_ws/install/nav_msgs/share/nav_msgs/msg/Path.idl
[12.369s] -- Installing: /home/user/robo/sb-robot/microros_ws/install/nav_msgs/share/nav_msgs/srv/GetMap.idl
[12.369s] -- Installing: /home/user/robo/sb-robot/microros_ws/install/nav_msgs/share/nav_msgs/srv/GetPlan.idl
[12.369s] -- Installing: /home/user/robo/sb-robot/microros_ws/install/nav_msgs/share/nav_msgs/srv/LoadMap.idl
[12.369s] -- Installing: /home/user/robo/sb-robot/microros_ws/install/nav_msgs/share/nav_msgs/srv/SetMap.idl
[12.369s] -- Installing: /home/user/robo/sb-robot/microros_ws/install/nav_msgs/share/nav_msgs/msg/GridCells.msg
[12.369s] -- Installing: /home/user/robo/sb-robot/microros_ws/install/nav_msgs/share/nav_msgs/msg/MapMetaData.msg
[12.370s] -- Installing: /home/user/robo/sb-robot/microros_ws/install/nav_msgs/share/nav_msgs/msg/OccupancyGrid.msg
[12.370s] -- Installing: /home/user/robo/sb-robot/microros_ws/install/nav_msgs/share/nav_msgs/msg/Odometry.msg
[12.370s] -- Installing: /home/user/robo/sb-robot/microros_ws/install/nav_msgs/share/nav_msgs/msg/Path.msg
[12.370s] -- Installing: /home/user/robo/sb-robot/microros_ws/install/nav_msgs/share/nav_msgs/srv/GetMap.srv
[12.370s] -- Installing: /home/user/robo/sb-robot/microros_ws/install/nav_msgs/share/nav_msgs/srv/GetMap_Request.msg
[12.370s] -- Installing: /home/user/robo/sb-robot/microros_ws/install/nav_msgs/share/nav_msgs/srv/GetMap_Response.msg
[12.370s] -- Installing: /home/user/robo/sb-robot/microros_ws/install/nav_msgs/share/nav_msgs/srv/GetPlan.srv
[12.370s] -- Installing: /home/user/robo/sb-robot/microros_ws/install/nav_msgs/share/nav_msgs/srv/GetPlan_Request.msg
[12.371s] -- Installing: /home/user/robo/sb-robot/microros_ws/install/nav_msgs/share/nav_msgs/srv/GetPlan_Response.msg
[12.371s] -- Installing: /home/user/robo/sb-robot/microros_ws/install/nav_msgs/share/nav_msgs/srv/LoadMap.srv
[12.371s] -- Installing: /home/user/robo/sb-robot/microros_ws/install/nav_msgs/share/nav_msgs/srv/LoadMap_Request.msg
[12.371s] -- Installing: /home/user/robo/sb-robot/microros_ws/install/nav_msgs/share/nav_msgs/srv/LoadMap_Response.msg
[12.371s] -- Installing: /home/user/robo/sb-robot/microros_ws/install/nav_msgs/share/nav_msgs/srv/SetMap.srv
[12.371s] -- Installing: /home/user/robo/sb-robot/microros_ws/install/nav_msgs/share/nav_msgs/srv/SetMap_Request.msg
[12.371s] -- Installing: /home/user/robo/sb-robot/microros_ws/install/nav_msgs/share/nav_msgs/srv/SetMap_Response.msg
[12.371s] -- Installing: /home/user/robo/sb-robot/microros_ws/install/nav_msgs/share/ament_index/resource_index/package_run_dependencies/nav_msgs
[12.372s] -- Installing: /home/user/robo/sb-robot/microros_ws/install/nav_msgs/share/ament_index/resource_index/parent_prefix_path/nav_msgs
[12.372s] -- Installing: /home/user/robo/sb-robot/microros_ws/install/nav_msgs/share/nav_msgs/environment/ament_prefix_path.sh
[12.372s] -- Installing: /home/user/robo/sb-robot/microros_ws/install/nav_msgs/share/nav_msgs/environment/ament_prefix_path.dsv
[12.372s] -- Installing: /home/user/robo/sb-robot/microros_ws/install/nav_msgs/share/nav_msgs/environment/path.sh
[12.372s] -- Installing: /home/user/robo/sb-robot/microros_ws/install/nav_msgs/share/nav_msgs/environment/path.dsv
[12.372s] -- Installing: /home/user/robo/sb-robot/microros_ws/install/nav_msgs/share/nav_msgs/local_setup.bash
[12.372s] -- Installing: /home/user/robo/sb-robot/microros_ws/install/nav_msgs/share/nav_msgs/local_setup.sh
[12.373s] -- Installing: /home/user/robo/sb-robot/microros_ws/install/nav_msgs/share/nav_msgs/local_setup.zsh
[12.373s] -- Installing: /home/user/robo/sb-robot/microros_ws/install/nav_msgs/share/nav_msgs/local_setup.dsv
[12.373s] -- Installing: /home/user/robo/sb-robot/microros_ws/install/nav_msgs/share/nav_msgs/package.dsv
[12.373s] -- Installing: /home/user/robo/sb-robot/microros_ws/install/nav_msgs/share/ament_index/resource_index/packages/nav_msgs
[12.373s] -- Installing: /home/user/robo/sb-robot/microros_ws/install/nav_msgs/share/nav_msgs/cmake/export_nav_msgs__rosidl_generator_cExport.cmake
[12.373s] -- Installing: /home/user/robo/sb-robot/microros_ws/install/nav_msgs/share/nav_msgs/cmake/export_nav_msgs__rosidl_generator_cExport-noconfig.cmake
[12.373s] -- Installing: /home/user/robo/sb-robot/microros_ws/install/nav_msgs/share/nav_msgs/cmake/export_nav_msgs__rosidl_typesupport_fastrtps_cExport.cmake
[12.374s] -- Installing: /home/user/robo/sb-robot/microros_ws/install/nav_msgs/share/nav_msgs/cmake/export_nav_msgs__rosidl_typesupport_fastrtps_cExport-noconfig.cmake
[12.374s] -- Installing: /home/user/robo/sb-robot/microros_ws/install/nav_msgs/share/nav_msgs/cmake/export_nav_msgs__rosidl_generator_cppExport.cmake
[12.374s] -- Installing: /home/user/robo/sb-robot/microros_ws/install/nav_msgs/share/nav_msgs/cmake/export_nav_msgs__rosidl_typesupport_fastrtps_cppExport.cmake
[12.374s] -- Installing: /home/user/robo/sb-robot/microros_ws/install/nav_msgs/share/nav_msgs/cmake/export_nav_msgs__rosidl_typesupport_fastrtps_cppExport-noconfig.cmake
[12.374s] -- Installing: /home/user/robo/sb-robot/microros_ws/install/nav_msgs/share/nav_msgs/cmake/nav_msgs__rosidl_typesupport_introspection_cExport.cmake
[12.374s] -- Installing: /home/user/robo/sb-robot/microros_ws/install/nav_msgs/share/nav_msgs/cmake/nav_msgs__rosidl_typesupport_introspection_cExport-noconfig.cmake
[12.374s] -- Installing: /home/user/robo/sb-robot/microros_ws/install/nav_msgs/share/nav_msgs/cmake/nav_msgs__rosidl_typesupport_cExport.cmake
[12.374s] -- Installing: /home/user/robo/sb-robot/microros_ws/install/nav_msgs/share/nav_msgs/cmake/nav_msgs__rosidl_typesupport_cExport-noconfig.cmake
[12.375s] -- Installing: /home/user/robo/sb-robot/microros_ws/install/nav_msgs/share/nav_msgs/cmake/nav_msgs__rosidl_typesupport_introspection_cppExport.cmake
[12.375s] -- Installing: /home/user/robo/sb-robot/microros_ws/install/nav_msgs/share/nav_msgs/cmake/nav_msgs__rosidl_typesupport_introspection_cppExport-noconfig.cmake
[12.375s] -- Installing: /home/user/robo/sb-robot/microros_ws/install/nav_msgs/share/nav_msgs/cmake/nav_msgs__rosidl_typesupport_cppExport.cmake
[12.375s] -- Installing: /home/user/robo/sb-robot/microros_ws/install/nav_msgs/share/nav_msgs/cmake/nav_msgs__rosidl_typesupport_cppExport-noconfig.cmake
[12.375s] -- Installing: /home/user/robo/sb-robot/microros_ws/install/nav_msgs/share/nav_msgs/cmake/export_nav_msgs__rosidl_generator_pyExport.cmake
[12.375s] -- Installing: /home/user/robo/sb-robot/microros_ws/install/nav_msgs/share/nav_msgs/cmake/export_nav_msgs__rosidl_generator_pyExport-noconfig.cmake
[12.375s] -- Installing: /home/user/robo/sb-robot/microros_ws/install/nav_msgs/share/nav_msgs/cmake/rosidl_cmake-extras.cmake
[12.376s] -- Installing: /home/user/robo/sb-robot/microros_ws/install/nav_msgs/share/nav_msgs/cmake/ament_cmake_export_dependencies-extras.cmake
[12.376s] -- Installing: /home/user/robo/sb-robot/microros_ws/install/nav_msgs/share/nav_msgs/cmake/ament_cmake_export_include_directories-extras.cmake
[12.376s] -- Installing: /home/user/robo/sb-robot/microros_ws/install/nav_msgs/share/nav_msgs/cmake/ament_cmake_export_libraries-extras.cmake
[12.376s] -- Installing: /home/user/robo/sb-robot/microros_ws/install/nav_msgs/share/nav_msgs/cmake/ament_cmake_export_targets-extras.cmake
[12.376s] -- Installing: /home/user/robo/sb-robot/microros_ws/install/nav_msgs/share/nav_msgs/cmake/rosidl_cmake_export_typesupport_targets-extras.cmake
[12.376s] -- Installing: /home/user/robo/sb-robot/microros_ws/install/nav_msgs/share/nav_msgs/cmake/rosidl_cmake_export_typesupport_libraries-extras.cmake
[12.376s] -- Installing: /home/user/robo/sb-robot/microros_ws/install/nav_msgs/share/nav_msgs/cmake/nav_msgsConfig.cmake
[12.376s] -- Installing: /home/user/robo/sb-robot/microros_ws/install/nav_msgs/share/nav_msgs/cmake/nav_msgsConfig-version.cmake
[12.377s] -- Installing: /home/user/robo/sb-robot/microros_ws/install/nav_msgs/share/nav_msgs/package.xml
[12.379s] Invoked command in '/home/user/robo/sb-robot/microros_ws/build/nav_msgs' returned '0': AMENT_PREFIX_PATH=/home/user/robo/sb-robot/microros_ws/install/geometry_msgs:/home/user/robo/sb-robot/microros_ws/install/std_msgs:${AMENT_PREFIX_PATH} CMAKE_PREFIX_PATH=/home/user/robo/sb-robot/microros_ws/install/geometry_msgs:/home/user/robo/sb-robot/microros_ws/install/std_msgs:/home/user/robo/sb-robot/microros_ws/install/builtin_interfaces:/home/user/robo/sb-robot/microros_ws/src/install/action_msgs:/home/user/robo/sb-robot/microros_ws/src/install/unique_identifier_msgs:/home/user/robo/sb-robot/microros_ws/src/install/std_srvs:/home/user/robo/sb-robot/microros_ws/src/install/statistics_msgs:/home/user/robo/sb-robot/microros_ws/src/install/rmw_microxrcedds:/home/user/robo/sb-robot/microros_ws/src/install/rosidl_typesupport_microxrcedds_cpp:/home/user/robo/sb-robot/microros_ws/src/install/rosidl_typesupport_microxrcedds_c:/home/user/robo/sb-robot/microros_ws/src/install/rosgraph_msgs:/home/user/robo/sb-robot/microros_ws/src/install/microxrcedds_client:/home/user/robo/sb-robot/microros_ws/src/install/microcdr:/home/user/robo/sb-robot/microros_ws/src/install/micro_ros_utilities:/home/user/robo/sb-robot/microros_ws/src/install/micro_ros_setup:/home/user/robo/sb-robot/microros_ws/src/install/micro_ros_msgs:/home/user/robo/sb-robot/microros_ws/src/install/lifecycle_msgs:/home/user/robo/sb-robot/microros_ws/src/install/complex_msgs:/home/user/robo/sb-robot/microros_ws/src/install/builtin_interfaces:/home/user/robo/sb-robot/microros_ws/install/micro_ros_setup:/home/user/robo/sb-robot/microros_ws/install/micro_ros_agent:/home/user/robo/sb-robot/microros_ws/install/micro_ros_msgs:/opt/ros/humble LD_LIBRARY_PATH=/home/user/robo/sb-robot/microros_ws/install/geometry_msgs/lib:/home/user/robo/sb-robot/microros_ws/install/std_msgs/lib:/home/user/robo/sb-robot/microros_ws/install/builtin_interfaces/lib:/home/user/robo/sb-robot/microros_ws/src/install/action_msgs/lib:/home/user/robo/sb-robot/microros_ws/src/install/unique_identifier_msgs/lib:/home/user/robo/sb-robot/microros_ws/src/install/std_srvs/lib:/home/user/robo/sb-robot/microros_ws/src/install/statistics_msgs/lib:/home/user/robo/sb-robot/microros_ws/src/install/rmw_microxrcedds/lib:/home/user/robo/sb-robot/microros_ws/src/install/rosidl_typesupport_microxrcedds_cpp/lib:/home/user/robo/sb-robot/microros_ws/src/install/rosidl_typesupport_microxrcedds_c/lib:/home/user/robo/sb-robot/microros_ws/src/install/rosgraph_msgs/lib:/home/user/robo/sb-robot/microros_ws/src/install/microxrcedds_client/lib:/home/user/robo/sb-robot/microros_ws/src/install/microcdr/lib:/home/user/robo/sb-robot/microros_ws/src/install/micro_ros_utilities/lib:/home/user/robo/sb-robot/microros_ws/src/install/micro_ros_msgs/lib:/home/user/robo/sb-robot/microros_ws/src/install/lifecycle_msgs/lib:/home/user/robo/sb-robot/microros_ws/src/install/complex_msgs/lib:/home/user/robo/sb-robot/microros_ws/src/install/builtin_interfaces/lib:/home/user/robo/sb-robot/microros_ws/install/micro_ros_agent/lib:/home/user/robo/sb-robot/microros_ws/install/micro_ros_msgs/lib:/usr/lib/x86_64-linux-gnu/gazebo-11/plugins:/opt/ros/humble/opt/rviz_ogre_vendor/lib:/opt/ros/humble/lib/x86_64-linux-gnu:/opt/ros/humble/lib PYTHONPATH=/home/user/robo/sb-robot/microros_ws/install/geometry_msgs/local/lib/python3.10/dist-packages:/home/user/robo/sb-robot/microros_ws/install/std_msgs/local/lib/python3.10/dist-packages:${PYTHONPATH} /usr/bin/cmake --install /home/user/robo/sb-robot/microros_ws/build/nav_msgs
