[0.018s] Invoking command in '/home/user/robo/sb-robot/microros_ws/build/stereo_msgs': AMENT_PREFIX_PATH=/home/user/robo/sb-robot/microros_ws/install/sensor_msgs:/home/user/robo/sb-robot/microros_ws/install/geometry_msgs:/home/user/robo/sb-robot/microros_ws/install/std_msgs:${AMENT_PREFIX_PATH} CMAKE_PREFIX_PATH=/home/user/robo/sb-robot/microros_ws/install/sensor_msgs:/home/user/robo/sb-robot/microros_ws/install/geometry_msgs:/home/user/robo/sb-robot/microros_ws/install/std_msgs:/home/user/robo/sb-robot/microros_ws/install/builtin_interfaces:/home/user/robo/sb-robot/microros_ws/src/install/action_msgs:/home/user/robo/sb-robot/microros_ws/src/install/unique_identifier_msgs:/home/user/robo/sb-robot/microros_ws/src/install/std_srvs:/home/user/robo/sb-robot/microros_ws/src/install/statistics_msgs:/home/user/robo/sb-robot/microros_ws/src/install/rmw_microxrcedds:/home/user/robo/sb-robot/microros_ws/src/install/rosidl_typesupport_microxrcedds_cpp:/home/user/robo/sb-robot/microros_ws/src/install/rosidl_typesupport_microxrcedds_c:/home/user/robo/sb-robot/microros_ws/src/install/rosgraph_msgs:/home/user/robo/sb-robot/microros_ws/src/install/microxrcedds_client:/home/user/robo/sb-robot/microros_ws/src/install/microcdr:/home/user/robo/sb-robot/microros_ws/src/install/micro_ros_utilities:/home/user/robo/sb-robot/microros_ws/src/install/micro_ros_setup:/home/user/robo/sb-robot/microros_ws/src/install/micro_ros_msgs:/home/user/robo/sb-robot/microros_ws/src/install/lifecycle_msgs:/home/user/robo/sb-robot/microros_ws/src/install/complex_msgs:/home/user/robo/sb-robot/microros_ws/src/install/builtin_interfaces:/home/user/robo/sb-robot/microros_ws/install/micro_ros_setup:/home/user/robo/sb-robot/microros_ws/install/micro_ros_agent:/home/user/robo/sb-robot/microros_ws/install/micro_ros_msgs:/opt/ros/humble LD_LIBRARY_PATH=/home/user/robo/sb-robot/microros_ws/install/sensor_msgs/lib:/home/user/robo/sb-robot/microros_ws/install/geometry_msgs/lib:/home/user/robo/sb-robot/microros_ws/install/std_msgs/lib:/home/user/robo/sb-robot/microros_ws/install/builtin_interfaces/lib:/home/user/robo/sb-robot/microros_ws/src/install/action_msgs/lib:/home/user/robo/sb-robot/microros_ws/src/install/unique_identifier_msgs/lib:/home/user/robo/sb-robot/microros_ws/src/install/std_srvs/lib:/home/user/robo/sb-robot/microros_ws/src/install/statistics_msgs/lib:/home/user/robo/sb-robot/microros_ws/src/install/rmw_microxrcedds/lib:/home/user/robo/sb-robot/microros_ws/src/install/rosidl_typesupport_microxrcedds_cpp/lib:/home/user/robo/sb-robot/microros_ws/src/install/rosidl_typesupport_microxrcedds_c/lib:/home/user/robo/sb-robot/microros_ws/src/install/rosgraph_msgs/lib:/home/user/robo/sb-robot/microros_ws/src/install/microxrcedds_client/lib:/home/user/robo/sb-robot/microros_ws/src/install/microcdr/lib:/home/user/robo/sb-robot/microros_ws/src/install/micro_ros_utilities/lib:/home/user/robo/sb-robot/microros_ws/src/install/micro_ros_msgs/lib:/home/user/robo/sb-robot/microros_ws/src/install/lifecycle_msgs/lib:/home/user/robo/sb-robot/microros_ws/src/install/complex_msgs/lib:/home/user/robo/sb-robot/microros_ws/src/install/builtin_interfaces/lib:/home/user/robo/sb-robot/microros_ws/install/micro_ros_agent/lib:/home/user/robo/sb-robot/microros_ws/install/micro_ros_msgs/lib:/usr/lib/x86_64-linux-gnu/gazebo-11/plugins:/opt/ros/humble/opt/rviz_ogre_vendor/lib:/opt/ros/humble/lib/x86_64-linux-gnu:/opt/ros/humble/lib PYTHONPATH=/home/user/robo/sb-robot/microros_ws/install/sensor_msgs/local/lib/python3.10/dist-packages:/home/user/robo/sb-robot/microros_ws/install/geometry_msgs/local/lib/python3.10/dist-packages:/home/user/robo/sb-robot/microros_ws/install/std_msgs/local/lib/python3.10/dist-packages:${PYTHONPATH} /usr/bin/cmake /home/user/robo/sb-robot/microros_ws/src/ros2/common_interfaces/stereo_msgs -DCMAKE_INSTALL_PREFIX=/home/user/robo/sb-robot/microros_ws/install/stereo_msgs
[0.064s] -- The C compiler identification is GNU 11.4.0
[0.105s] -- The CXX compiler identification is GNU 11.4.0
[0.110s] -- Detecting C compiler ABI info
[0.168s] -- Detecting C compiler ABI info - done
[0.173s] -- Check for working C compiler: /usr/bin/cc - skipped
[0.173s] -- Detecting C compile features
[0.173s] -- Detecting C compile features - done
[0.175s] -- Detecting CXX compiler ABI info
[0.239s] -- Detecting CXX compiler ABI info - done
[0.245s] -- Check for working CXX compiler: /usr/bin/c++ - skipped
[0.245s] -- Detecting CXX compile features
[0.245s] -- Detecting CXX compile features - done
[0.248s] -- Found ament_cmake: 1.3.11 (/opt/ros/humble/share/ament_cmake/cmake)
[0.393s] -- Found Python3: /usr/bin/python3 (found version "3.10.12") found components: Interpreter 
[0.477s] -- Found rosidl_default_generators: 1.2.0 (/opt/ros/humble/share/rosidl_default_generators/cmake)
[0.485s] -- Using all available rosidl_typesupport_c: rosidl_typesupport_microxrcedds_c;rosidl_typesupport_fastrtps_c;rosidl_typesupport_introspection_c
[0.496s] -- Found rosidl_adapter: 3.1.6 (/opt/ros/humble/share/rosidl_adapter/cmake)
[0.539s] -- Using all available rosidl_typesupport_cpp: rosidl_typesupport_microxrcedds_cpp;rosidl_typesupport_fastrtps_cpp;rosidl_typesupport_introspection_cpp
[0.566s] -- Found sensor_msgs: 4.2.4 (/home/user/robo/sb-robot/microros_ws/install/sensor_msgs/share/sensor_msgs/cmake)
[0.827s] -- Found ament_cmake_cppcheck: 0.12.11 (/opt/ros/humble/share/ament_cmake_cppcheck/cmake)
[0.830s] -- Found ament_cmake_cpplint: 0.12.11 (/opt/ros/humble/share/ament_cmake_cpplint/cmake)
[0.833s] -- Found ament_cmake_uncrustify: 0.12.11 (/opt/ros/humble/share/ament_cmake_uncrustify/cmake)
[0.835s] -- Found ament_cmake_ros: 0.10.0 (/opt/ros/humble/share/ament_cmake_ros/cmake)
[1.097s] -- Using all available rosidl_typesupport_c: rosidl_typesupport_microxrcedds_c;rosidl_typesupport_fastrtps_c;rosidl_typesupport_introspection_c
[1.429s] -- Using all available rosidl_typesupport_cpp: rosidl_typesupport_microxrcedds_cpp;rosidl_typesupport_fastrtps_cpp;rosidl_typesupport_introspection_cpp
[1.451s] -- Found PythonInterp: /usr/bin/python3 (found suitable version "3.10.12", minimum required is "3.6") 
[1.453s] -- Found python_cmake_module: 0.10.0 (/opt/ros/humble/share/python_cmake_module/cmake)
[1.481s] -- Found PythonLibs: /usr/lib/x86_64-linux-gnu/libpython3.10.so (found suitable version "3.10.12", minimum required is "3.5") 
[1.481s] -- Using PYTHON_EXECUTABLE: /usr/bin/python3
[1.481s] -- Using PYTHON_INCLUDE_DIRS: /usr/include/python3.10
[1.481s] -- Using PYTHON_LIBRARIES: /usr/lib/x86_64-linux-gnu/libpython3.10.so
[1.501s] -- Found PythonExtra: .so  
[1.563s] -- Found ament_cmake_flake8: 0.12.11 (/opt/ros/humble/share/ament_cmake_flake8/cmake)
[1.566s] -- Found ament_cmake_pep257: 0.12.11 (/opt/ros/humble/share/ament_cmake_pep257/cmake)
[1.570s] -- Configuring done
[1.603s] -- Generating done
[1.614s] -- Build files have been written to: /home/user/robo/sb-robot/microros_ws/build/stereo_msgs
[1.623s] Invoked command in '/home/user/robo/sb-robot/microros_ws/build/stereo_msgs' returned '0': AMENT_PREFIX_PATH=/home/user/robo/sb-robot/microros_ws/install/sensor_msgs:/home/user/robo/sb-robot/microros_ws/install/geometry_msgs:/home/user/robo/sb-robot/microros_ws/install/std_msgs:${AMENT_PREFIX_PATH} CMAKE_PREFIX_PATH=/home/user/robo/sb-robot/microros_ws/install/sensor_msgs:/home/user/robo/sb-robot/microros_ws/install/geometry_msgs:/home/user/robo/sb-robot/microros_ws/install/std_msgs:/home/user/robo/sb-robot/microros_ws/install/builtin_interfaces:/home/user/robo/sb-robot/microros_ws/src/install/action_msgs:/home/user/robo/sb-robot/microros_ws/src/install/unique_identifier_msgs:/home/user/robo/sb-robot/microros_ws/src/install/std_srvs:/home/user/robo/sb-robot/microros_ws/src/install/statistics_msgs:/home/user/robo/sb-robot/microros_ws/src/install/rmw_microxrcedds:/home/user/robo/sb-robot/microros_ws/src/install/rosidl_typesupport_microxrcedds_cpp:/home/user/robo/sb-robot/microros_ws/src/install/rosidl_typesupport_microxrcedds_c:/home/user/robo/sb-robot/microros_ws/src/install/rosgraph_msgs:/home/user/robo/sb-robot/microros_ws/src/install/microxrcedds_client:/home/user/robo/sb-robot/microros_ws/src/install/microcdr:/home/user/robo/sb-robot/microros_ws/src/install/micro_ros_utilities:/home/user/robo/sb-robot/microros_ws/src/install/micro_ros_setup:/home/user/robo/sb-robot/microros_ws/src/install/micro_ros_msgs:/home/user/robo/sb-robot/microros_ws/src/install/lifecycle_msgs:/home/user/robo/sb-robot/microros_ws/src/install/complex_msgs:/home/user/robo/sb-robot/microros_ws/src/install/builtin_interfaces:/home/user/robo/sb-robot/microros_ws/install/micro_ros_setup:/home/user/robo/sb-robot/microros_ws/install/micro_ros_agent:/home/user/robo/sb-robot/microros_ws/install/micro_ros_msgs:/opt/ros/humble LD_LIBRARY_PATH=/home/user/robo/sb-robot/microros_ws/install/sensor_msgs/lib:/home/user/robo/sb-robot/microros_ws/install/geometry_msgs/lib:/home/user/robo/sb-robot/microros_ws/install/std_msgs/lib:/home/user/robo/sb-robot/microros_ws/install/builtin_interfaces/lib:/home/user/robo/sb-robot/microros_ws/src/install/action_msgs/lib:/home/user/robo/sb-robot/microros_ws/src/install/unique_identifier_msgs/lib:/home/user/robo/sb-robot/microros_ws/src/install/std_srvs/lib:/home/user/robo/sb-robot/microros_ws/src/install/statistics_msgs/lib:/home/user/robo/sb-robot/microros_ws/src/install/rmw_microxrcedds/lib:/home/user/robo/sb-robot/microros_ws/src/install/rosidl_typesupport_microxrcedds_cpp/lib:/home/user/robo/sb-robot/microros_ws/src/install/rosidl_typesupport_microxrcedds_c/lib:/home/user/robo/sb-robot/microros_ws/src/install/rosgraph_msgs/lib:/home/user/robo/sb-robot/microros_ws/src/install/microxrcedds_client/lib:/home/user/robo/sb-robot/microros_ws/src/install/microcdr/lib:/home/user/robo/sb-robot/microros_ws/src/install/micro_ros_utilities/lib:/home/user/robo/sb-robot/microros_ws/src/install/micro_ros_msgs/lib:/home/user/robo/sb-robot/microros_ws/src/install/lifecycle_msgs/lib:/home/user/robo/sb-robot/microros_ws/src/install/complex_msgs/lib:/home/user/robo/sb-robot/microros_ws/src/install/builtin_interfaces/lib:/home/user/robo/sb-robot/microros_ws/install/micro_ros_agent/lib:/home/user/robo/sb-robot/microros_ws/install/micro_ros_msgs/lib:/usr/lib/x86_64-linux-gnu/gazebo-11/plugins:/opt/ros/humble/opt/rviz_ogre_vendor/lib:/opt/ros/humble/lib/x86_64-linux-gnu:/opt/ros/humble/lib PYTHONPATH=/home/user/robo/sb-robot/microros_ws/install/sensor_msgs/local/lib/python3.10/dist-packages:/home/user/robo/sb-robot/microros_ws/install/geometry_msgs/local/lib/python3.10/dist-packages:/home/user/robo/sb-robot/microros_ws/install/std_msgs/local/lib/python3.10/dist-packages:${PYTHONPATH} /usr/bin/cmake /home/user/robo/sb-robot/microros_ws/src/ros2/common_interfaces/stereo_msgs -DCMAKE_INSTALL_PREFIX=/home/user/robo/sb-robot/microros_ws/install/stereo_msgs
[1.623s] Invoking command in '/home/user/robo/sb-robot/microros_ws/build/stereo_msgs': AMENT_PREFIX_PATH=/home/user/robo/sb-robot/microros_ws/install/sensor_msgs:/home/user/robo/sb-robot/microros_ws/install/geometry_msgs:/home/user/robo/sb-robot/microros_ws/install/std_msgs:${AMENT_PREFIX_PATH} CMAKE_PREFIX_PATH=/home/user/robo/sb-robot/microros_ws/install/sensor_msgs:/home/user/robo/sb-robot/microros_ws/install/geometry_msgs:/home/user/robo/sb-robot/microros_ws/install/std_msgs:/home/user/robo/sb-robot/microros_ws/install/builtin_interfaces:/home/user/robo/sb-robot/microros_ws/src/install/action_msgs:/home/user/robo/sb-robot/microros_ws/src/install/unique_identifier_msgs:/home/user/robo/sb-robot/microros_ws/src/install/std_srvs:/home/user/robo/sb-robot/microros_ws/src/install/statistics_msgs:/home/user/robo/sb-robot/microros_ws/src/install/rmw_microxrcedds:/home/user/robo/sb-robot/microros_ws/src/install/rosidl_typesupport_microxrcedds_cpp:/home/user/robo/sb-robot/microros_ws/src/install/rosidl_typesupport_microxrcedds_c:/home/user/robo/sb-robot/microros_ws/src/install/rosgraph_msgs:/home/user/robo/sb-robot/microros_ws/src/install/microxrcedds_client:/home/user/robo/sb-robot/microros_ws/src/install/microcdr:/home/user/robo/sb-robot/microros_ws/src/install/micro_ros_utilities:/home/user/robo/sb-robot/microros_ws/src/install/micro_ros_setup:/home/user/robo/sb-robot/microros_ws/src/install/micro_ros_msgs:/home/user/robo/sb-robot/microros_ws/src/install/lifecycle_msgs:/home/user/robo/sb-robot/microros_ws/src/install/complex_msgs:/home/user/robo/sb-robot/microros_ws/src/install/builtin_interfaces:/home/user/robo/sb-robot/microros_ws/install/micro_ros_setup:/home/user/robo/sb-robot/microros_ws/install/micro_ros_agent:/home/user/robo/sb-robot/microros_ws/install/micro_ros_msgs:/opt/ros/humble LD_LIBRARY_PATH=/home/user/robo/sb-robot/microros_ws/install/sensor_msgs/lib:/home/user/robo/sb-robot/microros_ws/install/geometry_msgs/lib:/home/user/robo/sb-robot/microros_ws/install/std_msgs/lib:/home/user/robo/sb-robot/microros_ws/install/builtin_interfaces/lib:/home/user/robo/sb-robot/microros_ws/src/install/action_msgs/lib:/home/user/robo/sb-robot/microros_ws/src/install/unique_identifier_msgs/lib:/home/user/robo/sb-robot/microros_ws/src/install/std_srvs/lib:/home/user/robo/sb-robot/microros_ws/src/install/statistics_msgs/lib:/home/user/robo/sb-robot/microros_ws/src/install/rmw_microxrcedds/lib:/home/user/robo/sb-robot/microros_ws/src/install/rosidl_typesupport_microxrcedds_cpp/lib:/home/user/robo/sb-robot/microros_ws/src/install/rosidl_typesupport_microxrcedds_c/lib:/home/user/robo/sb-robot/microros_ws/src/install/rosgraph_msgs/lib:/home/user/robo/sb-robot/microros_ws/src/install/microxrcedds_client/lib:/home/user/robo/sb-robot/microros_ws/src/install/microcdr/lib:/home/user/robo/sb-robot/microros_ws/src/install/micro_ros_utilities/lib:/home/user/robo/sb-robot/microros_ws/src/install/micro_ros_msgs/lib:/home/user/robo/sb-robot/microros_ws/src/install/lifecycle_msgs/lib:/home/user/robo/sb-robot/microros_ws/src/install/complex_msgs/lib:/home/user/robo/sb-robot/microros_ws/src/install/builtin_interfaces/lib:/home/user/robo/sb-robot/microros_ws/install/micro_ros_agent/lib:/home/user/robo/sb-robot/microros_ws/install/micro_ros_msgs/lib:/usr/lib/x86_64-linux-gnu/gazebo-11/plugins:/opt/ros/humble/opt/rviz_ogre_vendor/lib:/opt/ros/humble/lib/x86_64-linux-gnu:/opt/ros/humble/lib PYTHONPATH=/home/user/robo/sb-robot/microros_ws/install/sensor_msgs/local/lib/python3.10/dist-packages:/home/user/robo/sb-robot/microros_ws/install/geometry_msgs/local/lib/python3.10/dist-packages:/home/user/robo/sb-robot/microros_ws/install/std_msgs/local/lib/python3.10/dist-packages:${PYTHONPATH} /usr/bin/cmake --build /home/user/robo/sb-robot/microros_ws/build/stereo_msgs -- -j20 -l20
[1.664s] [  2%] [34m[1mGenerating C code for ROS interfaces[0m
[1.671s] [  5%] [34m[1mGenerating C++ code for ROS interfaces[0m
[1.680s] [  5%] Built target ament_cmake_python_copy_stereo_msgs
[1.840s] running egg_info
[1.840s] creating stereo_msgs.egg-info
[1.840s] writing stereo_msgs.egg-info/PKG-INFO
[1.840s] writing dependency_links to stereo_msgs.egg-info/dependency_links.txt
[1.840s] writing top-level names to stereo_msgs.egg-info/top_level.txt
[1.841s] writing manifest file 'stereo_msgs.egg-info/SOURCES.txt'
[1.842s] reading manifest file 'stereo_msgs.egg-info/SOURCES.txt'
[1.842s] writing manifest file 'stereo_msgs.egg-info/SOURCES.txt'
[1.866s] [  5%] Built target ament_cmake_python_build_stereo_msgs_egg
[1.878s] [  5%] Built target stereo_msgs__cpp
[1.882s] [  7%] [32mBuilding C object CMakeFiles/stereo_msgs__rosidl_generator_c.dir/rosidl_generator_c/stereo_msgs/msg/detail/disparity_image__functions.c.o[0m
[1.885s] [ 10%] [34m[1mGenerating C++ type support dispatch for ROS interfaces[0m
[1.888s] [ 12%] [34m[1mGenerating C++ type support for eProsima Micro XRCE-DDS[0m
[1.890s] [ 17%] [34m[1mGenerating C++ introspection for ROS interfaces[0m
[1.890s] [ 17%] [34m[1mGenerating C++ type support for eProsima Fast-RTPS[0m
[1.922s] [ 20%] [32m[1mLinking C shared library libstereo_msgs__rosidl_generator_c.so[0m
[1.963s] [ 20%] Built target stereo_msgs__rosidl_generator_c
[1.975s] [ 28%] [34m[1mGenerating C type support dispatch for ROS interfaces[0m
[1.975s] [ 28%] [34m[1mGenerating C type support for eProsima Micro XRCE-DDS[0m
[1.976s] [ 28%] [34m[1mGenerating C type support for eProsima Fast-RTPS[0m
[1.976s] [ 30%] [34m[1mGenerating C introspection for ROS interfaces[0m
[2.122s] [ 33%] [32mBuilding CXX object CMakeFiles/stereo_msgs__rosidl_typesupport_introspection_cpp.dir/rosidl_typesupport_introspection_cpp/stereo_msgs/msg/detail/disparity_image__type_support.cpp.o[0m
[2.138s] [ 35%] [32mBuilding CXX object CMakeFiles/stereo_msgs__rosidl_typesupport_fastrtps_cpp.dir/rosidl_typesupport_fastrtps_cpp/stereo_msgs/msg/detail/dds_fastrtps/disparity_image__type_support.cpp.o[0m
[2.190s] [ 38%] [32mBuilding CXX object CMakeFiles/stereo_msgs__rosidl_typesupport_microxrcedds_cpp.dir/rosidl_typesupport_microxrcedds_cpp/stereo_msgs/msg/detail/microxrcedds/disparity_image__type_support_cpp.cpp.o[0m
[2.198s] [ 41%] [32mBuilding CXX object CMakeFiles/stereo_msgs__rosidl_typesupport_cpp.dir/rosidl_typesupport_cpp/stereo_msgs/msg/disparity_image__type_support.cpp.o[0m
[2.242s] [ 43%] [32mBuilding C object CMakeFiles/stereo_msgs__rosidl_typesupport_introspection_c.dir/rosidl_typesupport_introspection_c/stereo_msgs/msg/detail/disparity_image__type_support.c.o[0m
[2.248s] [ 46%] [32mBuilding C object CMakeFiles/stereo_msgs__rosidl_typesupport_microxrcedds_c.dir/rosidl_typesupport_microxrcedds_c/stereo_msgs/msg/detail/microxrcedds/disparity_image__type_support_c.c.o[0m
[2.269s] [ 48%] [32m[1mLinking C shared library libstereo_msgs__rosidl_typesupport_introspection_c.so[0m
[2.290s] [ 51%] [32m[1mLinking C shared library libstereo_msgs__rosidl_typesupport_microxrcedds_c.so[0m
[2.306s] [ 51%] Built target stereo_msgs__rosidl_typesupport_introspection_c
[2.320s] [ 53%] [32mBuilding CXX object CMakeFiles/stereo_msgs__rosidl_typesupport_c.dir/rosidl_typesupport_c/stereo_msgs/msg/disparity_image__type_support.cpp.o[0m
[2.333s] [ 53%] Built target stereo_msgs__rosidl_typesupport_microxrcedds_c
[2.347s] [ 56%] [32m[1mLinking CXX shared library libstereo_msgs__rosidl_typesupport_c.so[0m
[2.363s] [ 58%] [32mBuilding CXX object CMakeFiles/stereo_msgs__rosidl_typesupport_fastrtps_c.dir/rosidl_typesupport_fastrtps_c/stereo_msgs/msg/detail/disparity_image__type_support_c.cpp.o[0m
[2.383s] [ 61%] [32m[1mLinking CXX shared library libstereo_msgs__rosidl_typesupport_microxrcedds_cpp.so[0m
[2.391s] [ 61%] Built target stereo_msgs__rosidl_typesupport_c
[2.412s] [ 64%] [32m[1mLinking CXX shared library libstereo_msgs__rosidl_typesupport_cpp.so[0m
[2.414s] [ 66%] [32m[1mLinking CXX shared library libstereo_msgs__rosidl_typesupport_fastrtps_cpp.so[0m
[2.426s] [ 69%] [32m[1mLinking CXX shared library libstereo_msgs__rosidl_typesupport_introspection_cpp.so[0m
[2.436s] [ 69%] Built target stereo_msgs__rosidl_typesupport_microxrcedds_cpp
[2.445s] [ 69%] Built target stereo_msgs__rosidl_typesupport_cpp
[2.480s] [ 69%] Built target stereo_msgs__rosidl_typesupport_introspection_cpp
[2.483s] [ 69%] Built target stereo_msgs__rosidl_typesupport_fastrtps_cpp
[2.565s] [ 71%] [32m[1mLinking CXX shared library libstereo_msgs__rosidl_typesupport_fastrtps_c.so[0m
[2.619s] [ 71%] Built target stereo_msgs__rosidl_typesupport_fastrtps_c
[2.638s] [ 71%] Built target stereo_msgs
[2.659s] [ 74%] [34m[1mGenerating Python code for ROS interfaces[0m
[2.942s] [ 74%] Built target stereo_msgs__py
[2.959s] [ 76%] [32mBuilding C object CMakeFiles/stereo_msgs__rosidl_generator_py.dir/rosidl_generator_py/stereo_msgs/msg/_disparity_image_s.c.o[0m
[3.036s] [ 79%] [32m[1mLinking C shared library rosidl_generator_py/stereo_msgs/libstereo_msgs__rosidl_generator_py.so[0m
[3.076s] [ 79%] Built target stereo_msgs__rosidl_generator_py
[3.100s] [ 82%] [32mBuilding C object CMakeFiles/stereo_msgs__rosidl_typesupport_c__pyext.dir/rosidl_generator_py/stereo_msgs/_stereo_msgs_s.ep.rosidl_typesupport_c.c.o[0m
[3.100s] [ 84%] [32mBuilding C object CMakeFiles/stereo_msgs__rosidl_typesupport_fastrtps_c__pyext.dir/rosidl_generator_py/stereo_msgs/_stereo_msgs_s.ep.rosidl_typesupport_fastrtps_c.c.o[0m
[3.100s] [ 89%] [32mBuilding C object CMakeFiles/stereo_msgs__rosidl_typesupport_microxrcedds_c__pyext.dir/rosidl_generator_py/stereo_msgs/_stereo_msgs_s.ep.rosidl_typesupport_microxrcedds_c.c.o[0m
[3.100s] [ 89%] [32mBuilding C object CMakeFiles/stereo_msgs__rosidl_typesupport_introspection_c__pyext.dir/rosidl_generator_py/stereo_msgs/_stereo_msgs_s.ep.rosidl_typesupport_introspection_c.c.o[0m
[3.207s] [ 92%] [32m[1mLinking C shared library rosidl_generator_py/stereo_msgs/stereo_msgs_s__rosidl_typesupport_introspection_c.cpython-310-x86_64-linux-gnu.so[0m
[3.207s] [ 94%] [32m[1mLinking C shared library rosidl_generator_py/stereo_msgs/stereo_msgs_s__rosidl_typesupport_fastrtps_c.cpython-310-x86_64-linux-gnu.so[0m
[3.218s] [ 97%] [32m[1mLinking C shared library rosidl_generator_py/stereo_msgs/stereo_msgs_s__rosidl_typesupport_microxrcedds_c.cpython-310-x86_64-linux-gnu.so[0m
[3.226s] [100%] [32m[1mLinking C shared library rosidl_generator_py/stereo_msgs/stereo_msgs_s__rosidl_typesupport_c.cpython-310-x86_64-linux-gnu.so[0m
[3.260s] [100%] Built target stereo_msgs__rosidl_typesupport_introspection_c__pyext
[3.276s] [100%] Built target stereo_msgs__rosidl_typesupport_fastrtps_c__pyext
[3.283s] [100%] Built target stereo_msgs__rosidl_typesupport_c__pyext
[3.284s] [100%] Built target stereo_msgs__rosidl_typesupport_microxrcedds_c__pyext
[3.294s] Invoked command in '/home/user/robo/sb-robot/microros_ws/build/stereo_msgs' returned '0': AMENT_PREFIX_PATH=/home/user/robo/sb-robot/microros_ws/install/sensor_msgs:/home/user/robo/sb-robot/microros_ws/install/geometry_msgs:/home/user/robo/sb-robot/microros_ws/install/std_msgs:${AMENT_PREFIX_PATH} CMAKE_PREFIX_PATH=/home/user/robo/sb-robot/microros_ws/install/sensor_msgs:/home/user/robo/sb-robot/microros_ws/install/geometry_msgs:/home/user/robo/sb-robot/microros_ws/install/std_msgs:/home/user/robo/sb-robot/microros_ws/install/builtin_interfaces:/home/user/robo/sb-robot/microros_ws/src/install/action_msgs:/home/user/robo/sb-robot/microros_ws/src/install/unique_identifier_msgs:/home/user/robo/sb-robot/microros_ws/src/install/std_srvs:/home/user/robo/sb-robot/microros_ws/src/install/statistics_msgs:/home/user/robo/sb-robot/microros_ws/src/install/rmw_microxrcedds:/home/user/robo/sb-robot/microros_ws/src/install/rosidl_typesupport_microxrcedds_cpp:/home/user/robo/sb-robot/microros_ws/src/install/rosidl_typesupport_microxrcedds_c:/home/user/robo/sb-robot/microros_ws/src/install/rosgraph_msgs:/home/user/robo/sb-robot/microros_ws/src/install/microxrcedds_client:/home/user/robo/sb-robot/microros_ws/src/install/microcdr:/home/user/robo/sb-robot/microros_ws/src/install/micro_ros_utilities:/home/user/robo/sb-robot/microros_ws/src/install/micro_ros_setup:/home/user/robo/sb-robot/microros_ws/src/install/micro_ros_msgs:/home/user/robo/sb-robot/microros_ws/src/install/lifecycle_msgs:/home/user/robo/sb-robot/microros_ws/src/install/complex_msgs:/home/user/robo/sb-robot/microros_ws/src/install/builtin_interfaces:/home/user/robo/sb-robot/microros_ws/install/micro_ros_setup:/home/user/robo/sb-robot/microros_ws/install/micro_ros_agent:/home/user/robo/sb-robot/microros_ws/install/micro_ros_msgs:/opt/ros/humble LD_LIBRARY_PATH=/home/user/robo/sb-robot/microros_ws/install/sensor_msgs/lib:/home/user/robo/sb-robot/microros_ws/install/geometry_msgs/lib:/home/user/robo/sb-robot/microros_ws/install/std_msgs/lib:/home/user/robo/sb-robot/microros_ws/install/builtin_interfaces/lib:/home/user/robo/sb-robot/microros_ws/src/install/action_msgs/lib:/home/user/robo/sb-robot/microros_ws/src/install/unique_identifier_msgs/lib:/home/user/robo/sb-robot/microros_ws/src/install/std_srvs/lib:/home/user/robo/sb-robot/microros_ws/src/install/statistics_msgs/lib:/home/user/robo/sb-robot/microros_ws/src/install/rmw_microxrcedds/lib:/home/user/robo/sb-robot/microros_ws/src/install/rosidl_typesupport_microxrcedds_cpp/lib:/home/user/robo/sb-robot/microros_ws/src/install/rosidl_typesupport_microxrcedds_c/lib:/home/user/robo/sb-robot/microros_ws/src/install/rosgraph_msgs/lib:/home/user/robo/sb-robot/microros_ws/src/install/microxrcedds_client/lib:/home/user/robo/sb-robot/microros_ws/src/install/microcdr/lib:/home/user/robo/sb-robot/microros_ws/src/install/micro_ros_utilities/lib:/home/user/robo/sb-robot/microros_ws/src/install/micro_ros_msgs/lib:/home/user/robo/sb-robot/microros_ws/src/install/lifecycle_msgs/lib:/home/user/robo/sb-robot/microros_ws/src/install/complex_msgs/lib:/home/user/robo/sb-robot/microros_ws/src/install/builtin_interfaces/lib:/home/user/robo/sb-robot/microros_ws/install/micro_ros_agent/lib:/home/user/robo/sb-robot/microros_ws/install/micro_ros_msgs/lib:/usr/lib/x86_64-linux-gnu/gazebo-11/plugins:/opt/ros/humble/opt/rviz_ogre_vendor/lib:/opt/ros/humble/lib/x86_64-linux-gnu:/opt/ros/humble/lib PYTHONPATH=/home/user/robo/sb-robot/microros_ws/install/sensor_msgs/local/lib/python3.10/dist-packages:/home/user/robo/sb-robot/microros_ws/install/geometry_msgs/local/lib/python3.10/dist-packages:/home/user/robo/sb-robot/microros_ws/install/std_msgs/local/lib/python3.10/dist-packages:${PYTHONPATH} /usr/bin/cmake --build /home/user/robo/sb-robot/microros_ws/build/stereo_msgs -- -j20 -l20
[3.296s] Invoking command in '/home/user/robo/sb-robot/microros_ws/build/stereo_msgs': AMENT_PREFIX_PATH=/home/user/robo/sb-robot/microros_ws/install/sensor_msgs:/home/user/robo/sb-robot/microros_ws/install/geometry_msgs:/home/user/robo/sb-robot/microros_ws/install/std_msgs:${AMENT_PREFIX_PATH} CMAKE_PREFIX_PATH=/home/user/robo/sb-robot/microros_ws/install/sensor_msgs:/home/user/robo/sb-robot/microros_ws/install/geometry_msgs:/home/user/robo/sb-robot/microros_ws/install/std_msgs:/home/user/robo/sb-robot/microros_ws/install/builtin_interfaces:/home/user/robo/sb-robot/microros_ws/src/install/action_msgs:/home/user/robo/sb-robot/microros_ws/src/install/unique_identifier_msgs:/home/user/robo/sb-robot/microros_ws/src/install/std_srvs:/home/user/robo/sb-robot/microros_ws/src/install/statistics_msgs:/home/user/robo/sb-robot/microros_ws/src/install/rmw_microxrcedds:/home/user/robo/sb-robot/microros_ws/src/install/rosidl_typesupport_microxrcedds_cpp:/home/user/robo/sb-robot/microros_ws/src/install/rosidl_typesupport_microxrcedds_c:/home/user/robo/sb-robot/microros_ws/src/install/rosgraph_msgs:/home/user/robo/sb-robot/microros_ws/src/install/microxrcedds_client:/home/user/robo/sb-robot/microros_ws/src/install/microcdr:/home/user/robo/sb-robot/microros_ws/src/install/micro_ros_utilities:/home/user/robo/sb-robot/microros_ws/src/install/micro_ros_setup:/home/user/robo/sb-robot/microros_ws/src/install/micro_ros_msgs:/home/user/robo/sb-robot/microros_ws/src/install/lifecycle_msgs:/home/user/robo/sb-robot/microros_ws/src/install/complex_msgs:/home/user/robo/sb-robot/microros_ws/src/install/builtin_interfaces:/home/user/robo/sb-robot/microros_ws/install/micro_ros_setup:/home/user/robo/sb-robot/microros_ws/install/micro_ros_agent:/home/user/robo/sb-robot/microros_ws/install/micro_ros_msgs:/opt/ros/humble LD_LIBRARY_PATH=/home/user/robo/sb-robot/microros_ws/install/sensor_msgs/lib:/home/user/robo/sb-robot/microros_ws/install/geometry_msgs/lib:/home/user/robo/sb-robot/microros_ws/install/std_msgs/lib:/home/user/robo/sb-robot/microros_ws/install/builtin_interfaces/lib:/home/user/robo/sb-robot/microros_ws/src/install/action_msgs/lib:/home/user/robo/sb-robot/microros_ws/src/install/unique_identifier_msgs/lib:/home/user/robo/sb-robot/microros_ws/src/install/std_srvs/lib:/home/user/robo/sb-robot/microros_ws/src/install/statistics_msgs/lib:/home/user/robo/sb-robot/microros_ws/src/install/rmw_microxrcedds/lib:/home/user/robo/sb-robot/microros_ws/src/install/rosidl_typesupport_microxrcedds_cpp/lib:/home/user/robo/sb-robot/microros_ws/src/install/rosidl_typesupport_microxrcedds_c/lib:/home/user/robo/sb-robot/microros_ws/src/install/rosgraph_msgs/lib:/home/user/robo/sb-robot/microros_ws/src/install/microxrcedds_client/lib:/home/user/robo/sb-robot/microros_ws/src/install/microcdr/lib:/home/user/robo/sb-robot/microros_ws/src/install/micro_ros_utilities/lib:/home/user/robo/sb-robot/microros_ws/src/install/micro_ros_msgs/lib:/home/user/robo/sb-robot/microros_ws/src/install/lifecycle_msgs/lib:/home/user/robo/sb-robot/microros_ws/src/install/complex_msgs/lib:/home/user/robo/sb-robot/microros_ws/src/install/builtin_interfaces/lib:/home/user/robo/sb-robot/microros_ws/install/micro_ros_agent/lib:/home/user/robo/sb-robot/microros_ws/install/micro_ros_msgs/lib:/usr/lib/x86_64-linux-gnu/gazebo-11/plugins:/opt/ros/humble/opt/rviz_ogre_vendor/lib:/opt/ros/humble/lib/x86_64-linux-gnu:/opt/ros/humble/lib PYTHONPATH=/home/user/robo/sb-robot/microros_ws/install/sensor_msgs/local/lib/python3.10/dist-packages:/home/user/robo/sb-robot/microros_ws/install/geometry_msgs/local/lib/python3.10/dist-packages:/home/user/robo/sb-robot/microros_ws/install/std_msgs/local/lib/python3.10/dist-packages:${PYTHONPATH} /usr/bin/cmake --install /home/user/robo/sb-robot/microros_ws/build/stereo_msgs
[3.305s] -- Install configuration: ""
[3.305s] -- Installing: /home/user/robo/sb-robot/microros_ws/install/stereo_msgs/share/ament_index/resource_index/rosidl_interfaces/stereo_msgs
[3.305s] -- Installing: /home/user/robo/sb-robot/microros_ws/install/stereo_msgs/include/stereo_msgs/stereo_msgs
[3.305s] -- Installing: /home/user/robo/sb-robot/microros_ws/install/stereo_msgs/include/stereo_msgs/stereo_msgs/msg
[3.306s] -- Installing: /home/user/robo/sb-robot/microros_ws/install/stereo_msgs/include/stereo_msgs/stereo_msgs/msg/disparity_image.h
[3.306s] -- Installing: /home/user/robo/sb-robot/microros_ws/install/stereo_msgs/include/stereo_msgs/stereo_msgs/msg/detail
[3.306s] -- Installing: /home/user/robo/sb-robot/microros_ws/install/stereo_msgs/include/stereo_msgs/stereo_msgs/msg/detail/disparity_image__struct.h
[3.306s] -- Installing: /home/user/robo/sb-robot/microros_ws/install/stereo_msgs/include/stereo_msgs/stereo_msgs/msg/detail/disparity_image__functions.c
[3.306s] -- Installing: /home/user/robo/sb-robot/microros_ws/install/stereo_msgs/include/stereo_msgs/stereo_msgs/msg/detail/disparity_image__type_support.h
[3.306s] -- Installing: /home/user/robo/sb-robot/microros_ws/install/stereo_msgs/include/stereo_msgs/stereo_msgs/msg/detail/disparity_image__functions.h
[3.306s] -- Installing: /home/user/robo/sb-robot/microros_ws/install/stereo_msgs/include/stereo_msgs/stereo_msgs/msg/rosidl_generator_c__visibility_control.h
[3.307s] -- Installing: /home/user/robo/sb-robot/microros_ws/install/stereo_msgs/share/stereo_msgs/environment/library_path.sh
[3.307s] -- Installing: /home/user/robo/sb-robot/microros_ws/install/stereo_msgs/share/stereo_msgs/environment/library_path.dsv
[3.307s] -- Installing: /home/user/robo/sb-robot/microros_ws/install/stereo_msgs/lib/libstereo_msgs__rosidl_generator_c.so
[3.307s] -- Set runtime path of "/home/user/robo/sb-robot/microros_ws/install/stereo_msgs/lib/libstereo_msgs__rosidl_generator_c.so" to ""
[3.307s] -- Up-to-date: /home/user/robo/sb-robot/microros_ws/install/stereo_msgs/include/stereo_msgs
[3.307s] -- Installing: /home/user/robo/sb-robot/microros_ws/install/stereo_msgs/include/stereo_msgs/msg
[3.307s] -- Installing: /home/user/robo/sb-robot/microros_ws/install/stereo_msgs/include/stereo_msgs/msg/rosidl_typesupport_microxrcedds_c__visibility_control.h
[3.307s] -- Installing: /home/user/robo/sb-robot/microros_ws/install/stereo_msgs/include/stereo_msgs/msg/detail
[3.307s] -- Installing: /home/user/robo/sb-robot/microros_ws/install/stereo_msgs/include/stereo_msgs/msg/detail/disparity_image__rosidl_typesupport_microxrcedds_c.h
[3.307s] -- Installing: /home/user/robo/sb-robot/microros_ws/install/stereo_msgs/include/stereo_msgs/msg/detail/microxrcedds
[3.308s] -- Installing: /home/user/robo/sb-robot/microros_ws/install/stereo_msgs/lib/libstereo_msgs__rosidl_typesupport_microxrcedds_c.so
[3.308s] -- Set runtime path of "/home/user/robo/sb-robot/microros_ws/install/stereo_msgs/lib/libstereo_msgs__rosidl_typesupport_microxrcedds_c.so" to ""
[3.308s] -- Up-to-date: /home/user/robo/sb-robot/microros_ws/install/stereo_msgs/include/stereo_msgs/stereo_msgs
[3.308s] -- Up-to-date: /home/user/robo/sb-robot/microros_ws/install/stereo_msgs/include/stereo_msgs/stereo_msgs/msg
[3.308s] -- Up-to-date: /home/user/robo/sb-robot/microros_ws/install/stereo_msgs/include/stereo_msgs/stereo_msgs/msg/detail
[3.308s] -- Installing: /home/user/robo/sb-robot/microros_ws/install/stereo_msgs/include/stereo_msgs/stereo_msgs/msg/detail/disparity_image__rosidl_typesupport_fastrtps_c.h
[3.308s] -- Installing: /home/user/robo/sb-robot/microros_ws/install/stereo_msgs/include/stereo_msgs/stereo_msgs/msg/rosidl_typesupport_fastrtps_c__visibility_control.h
[3.308s] -- Installing: /home/user/robo/sb-robot/microros_ws/install/stereo_msgs/lib/libstereo_msgs__rosidl_typesupport_fastrtps_c.so
[3.308s] -- Set runtime path of "/home/user/robo/sb-robot/microros_ws/install/stereo_msgs/lib/libstereo_msgs__rosidl_typesupport_fastrtps_c.so" to ""
[3.308s] -- Up-to-date: /home/user/robo/sb-robot/microros_ws/install/stereo_msgs/include/stereo_msgs/stereo_msgs
[3.308s] -- Up-to-date: /home/user/robo/sb-robot/microros_ws/install/stereo_msgs/include/stereo_msgs/stereo_msgs/msg
[3.309s] -- Up-to-date: /home/user/robo/sb-robot/microros_ws/install/stereo_msgs/include/stereo_msgs/stereo_msgs/msg/detail
[3.309s] -- Installing: /home/user/robo/sb-robot/microros_ws/install/stereo_msgs/include/stereo_msgs/stereo_msgs/msg/detail/disparity_image__type_support.c
[3.309s] -- Installing: /home/user/robo/sb-robot/microros_ws/install/stereo_msgs/include/stereo_msgs/stereo_msgs/msg/detail/disparity_image__rosidl_typesupport_introspection_c.h
[3.309s] -- Installing: /home/user/robo/sb-robot/microros_ws/install/stereo_msgs/include/stereo_msgs/stereo_msgs/msg/rosidl_typesupport_introspection_c__visibility_control.h
[3.309s] -- Installing: /home/user/robo/sb-robot/microros_ws/install/stereo_msgs/lib/libstereo_msgs__rosidl_typesupport_introspection_c.so
[3.309s] -- Set runtime path of "/home/user/robo/sb-robot/microros_ws/install/stereo_msgs/lib/libstereo_msgs__rosidl_typesupport_introspection_c.so" to ""
[3.309s] -- Installing: /home/user/robo/sb-robot/microros_ws/install/stereo_msgs/lib/libstereo_msgs__rosidl_typesupport_c.so
[3.309s] -- Set runtime path of "/home/user/robo/sb-robot/microros_ws/install/stereo_msgs/lib/libstereo_msgs__rosidl_typesupport_c.so" to ""
[3.309s] -- Up-to-date: /home/user/robo/sb-robot/microros_ws/install/stereo_msgs/include/stereo_msgs/stereo_msgs
[3.310s] -- Up-to-date: /home/user/robo/sb-robot/microros_ws/install/stereo_msgs/include/stereo_msgs/stereo_msgs/msg
[3.310s] -- Installing: /home/user/robo/sb-robot/microros_ws/install/stereo_msgs/include/stereo_msgs/stereo_msgs/msg/rosidl_generator_cpp__visibility_control.hpp
[3.310s] -- Installing: /home/user/robo/sb-robot/microros_ws/install/stereo_msgs/include/stereo_msgs/stereo_msgs/msg/disparity_image.hpp
[3.310s] -- Up-to-date: /home/user/robo/sb-robot/microros_ws/install/stereo_msgs/include/stereo_msgs/stereo_msgs/msg/detail
[3.310s] -- Installing: /home/user/robo/sb-robot/microros_ws/install/stereo_msgs/include/stereo_msgs/stereo_msgs/msg/detail/disparity_image__builder.hpp
[3.310s] -- Installing: /home/user/robo/sb-robot/microros_ws/install/stereo_msgs/include/stereo_msgs/stereo_msgs/msg/detail/disparity_image__traits.hpp
[3.310s] -- Installing: /home/user/robo/sb-robot/microros_ws/install/stereo_msgs/include/stereo_msgs/stereo_msgs/msg/detail/disparity_image__struct.hpp
[3.310s] -- Installing: /home/user/robo/sb-robot/microros_ws/install/stereo_msgs/include/stereo_msgs/stereo_msgs/msg/detail/disparity_image__type_support.hpp
[3.310s] -- Up-to-date: /home/user/robo/sb-robot/microros_ws/install/stereo_msgs/include/stereo_msgs
[3.310s] -- Up-to-date: /home/user/robo/sb-robot/microros_ws/install/stereo_msgs/include/stereo_msgs/msg
[3.310s] -- Up-to-date: /home/user/robo/sb-robot/microros_ws/install/stereo_msgs/include/stereo_msgs/msg/detail
[3.310s] -- Up-to-date: /home/user/robo/sb-robot/microros_ws/install/stereo_msgs/include/stereo_msgs/msg/detail/microxrcedds
[3.310s] -- Installing: /home/user/robo/sb-robot/microros_ws/install/stereo_msgs/include/stereo_msgs/msg/detail/microxrcedds/disparity_image__type_support_cpp.cpp
[3.311s] -- Installing: /home/user/robo/sb-robot/microros_ws/install/stereo_msgs/include/stereo_msgs/msg/detail/disparity_image__rosidl_typesupport_microxrcedds_cpp.hpp
[3.311s] -- Installing: /home/user/robo/sb-robot/microros_ws/install/stereo_msgs/include/stereo_msgs/msg/rosidl_typesupport_microxrcedds_cpp__visibility_control.h
[3.311s] -- Installing: /home/user/robo/sb-robot/microros_ws/install/stereo_msgs/lib/libstereo_msgs__rosidl_typesupport_microxrcedds_cpp.so
[3.311s] -- Set runtime path of "/home/user/robo/sb-robot/microros_ws/install/stereo_msgs/lib/libstereo_msgs__rosidl_typesupport_microxrcedds_cpp.so" to ""
[3.311s] -- Up-to-date: /home/user/robo/sb-robot/microros_ws/install/stereo_msgs/include/stereo_msgs/stereo_msgs
[3.311s] -- Up-to-date: /home/user/robo/sb-robot/microros_ws/install/stereo_msgs/include/stereo_msgs/stereo_msgs/msg
[3.311s] -- Installing: /home/user/robo/sb-robot/microros_ws/install/stereo_msgs/include/stereo_msgs/stereo_msgs/msg/rosidl_typesupport_fastrtps_cpp__visibility_control.h
[3.311s] -- Up-to-date: /home/user/robo/sb-robot/microros_ws/install/stereo_msgs/include/stereo_msgs/stereo_msgs/msg/detail
[3.311s] -- Installing: /home/user/robo/sb-robot/microros_ws/install/stereo_msgs/include/stereo_msgs/stereo_msgs/msg/detail/disparity_image__rosidl_typesupport_fastrtps_cpp.hpp
[3.311s] -- Installing: /home/user/robo/sb-robot/microros_ws/install/stereo_msgs/include/stereo_msgs/stereo_msgs/msg/detail/dds_fastrtps
[3.311s] -- Installing: /home/user/robo/sb-robot/microros_ws/install/stereo_msgs/lib/libstereo_msgs__rosidl_typesupport_fastrtps_cpp.so
[3.312s] -- Set runtime path of "/home/user/robo/sb-robot/microros_ws/install/stereo_msgs/lib/libstereo_msgs__rosidl_typesupport_fastrtps_cpp.so" to ""
[3.312s] -- Up-to-date: /home/user/robo/sb-robot/microros_ws/install/stereo_msgs/include/stereo_msgs/stereo_msgs
[3.312s] -- Up-to-date: /home/user/robo/sb-robot/microros_ws/install/stereo_msgs/include/stereo_msgs/stereo_msgs/msg
[3.312s] -- Up-to-date: /home/user/robo/sb-robot/microros_ws/install/stereo_msgs/include/stereo_msgs/stereo_msgs/msg/detail
[3.312s] -- Installing: /home/user/robo/sb-robot/microros_ws/install/stereo_msgs/include/stereo_msgs/stereo_msgs/msg/detail/disparity_image__rosidl_typesupport_introspection_cpp.hpp
[3.312s] -- Installing: /home/user/robo/sb-robot/microros_ws/install/stereo_msgs/include/stereo_msgs/stereo_msgs/msg/detail/disparity_image__type_support.cpp
[3.312s] -- Installing: /home/user/robo/sb-robot/microros_ws/install/stereo_msgs/lib/libstereo_msgs__rosidl_typesupport_introspection_cpp.so
[3.312s] -- Set runtime path of "/home/user/robo/sb-robot/microros_ws/install/stereo_msgs/lib/libstereo_msgs__rosidl_typesupport_introspection_cpp.so" to ""
[3.312s] -- Installing: /home/user/robo/sb-robot/microros_ws/install/stereo_msgs/lib/libstereo_msgs__rosidl_typesupport_cpp.so
[3.313s] -- Set runtime path of "/home/user/robo/sb-robot/microros_ws/install/stereo_msgs/lib/libstereo_msgs__rosidl_typesupport_cpp.so" to ""
[3.313s] -- Installing: /home/user/robo/sb-robot/microros_ws/install/stereo_msgs/share/stereo_msgs/environment/pythonpath.sh
[3.313s] -- Installing: /home/user/robo/sb-robot/microros_ws/install/stereo_msgs/share/stereo_msgs/environment/pythonpath.dsv
[3.313s] -- Installing: /home/user/robo/sb-robot/microros_ws/install/stereo_msgs/local/lib/python3.10/dist-packages/stereo_msgs-4.2.4-py3.10.egg-info
[3.313s] -- Installing: /home/user/robo/sb-robot/microros_ws/install/stereo_msgs/local/lib/python3.10/dist-packages/stereo_msgs-4.2.4-py3.10.egg-info/top_level.txt
[3.313s] -- Installing: /home/user/robo/sb-robot/microros_ws/install/stereo_msgs/local/lib/python3.10/dist-packages/stereo_msgs-4.2.4-py3.10.egg-info/dependency_links.txt
[3.313s] -- Installing: /home/user/robo/sb-robot/microros_ws/install/stereo_msgs/local/lib/python3.10/dist-packages/stereo_msgs-4.2.4-py3.10.egg-info/PKG-INFO
[3.314s] -- Installing: /home/user/robo/sb-robot/microros_ws/install/stereo_msgs/local/lib/python3.10/dist-packages/stereo_msgs-4.2.4-py3.10.egg-info/SOURCES.txt
[3.314s] -- Installing: /home/user/robo/sb-robot/microros_ws/install/stereo_msgs/local/lib/python3.10/dist-packages/stereo_msgs
[3.314s] -- Installing: /home/user/robo/sb-robot/microros_ws/install/stereo_msgs/local/lib/python3.10/dist-packages/stereo_msgs/libstereo_msgs__rosidl_generator_py.so
[3.314s] -- Installing: /home/user/robo/sb-robot/microros_ws/install/stereo_msgs/local/lib/python3.10/dist-packages/stereo_msgs/_stereo_msgs_s.ep.rosidl_typesupport_c.c
[3.314s] -- Installing: /home/user/robo/sb-robot/microros_ws/install/stereo_msgs/local/lib/python3.10/dist-packages/stereo_msgs/_stereo_msgs_s.ep.rosidl_typesupport_fastrtps_c.c
[3.314s] -- Installing: /home/user/robo/sb-robot/microros_ws/install/stereo_msgs/local/lib/python3.10/dist-packages/stereo_msgs/__init__.py
[3.315s] -- Installing: /home/user/robo/sb-robot/microros_ws/install/stereo_msgs/local/lib/python3.10/dist-packages/stereo_msgs/stereo_msgs_s__rosidl_typesupport_fastrtps_c.cpython-310-x86_64-linux-gnu.so
[3.315s] -- Installing: /home/user/robo/sb-robot/microros_ws/install/stereo_msgs/local/lib/python3.10/dist-packages/stereo_msgs/_stereo_msgs_s.ep.rosidl_typesupport_introspection_c.c
[3.315s] -- Installing: /home/user/robo/sb-robot/microros_ws/install/stereo_msgs/local/lib/python3.10/dist-packages/stereo_msgs/_stereo_msgs_s.ep.rosidl_typesupport_microxrcedds_c.c
[3.315s] -- Installing: /home/user/robo/sb-robot/microros_ws/install/stereo_msgs/local/lib/python3.10/dist-packages/stereo_msgs/stereo_msgs_s__rosidl_typesupport_introspection_c.cpython-310-x86_64-linux-gnu.so
[3.315s] -- Installing: /home/user/robo/sb-robot/microros_ws/install/stereo_msgs/local/lib/python3.10/dist-packages/stereo_msgs/msg
[3.315s] -- Installing: /home/user/robo/sb-robot/microros_ws/install/stereo_msgs/local/lib/python3.10/dist-packages/stereo_msgs/msg/_disparity_image_s.c
[3.315s] -- Installing: /home/user/robo/sb-robot/microros_ws/install/stereo_msgs/local/lib/python3.10/dist-packages/stereo_msgs/msg/__init__.py
[3.315s] -- Installing: /home/user/robo/sb-robot/microros_ws/install/stereo_msgs/local/lib/python3.10/dist-packages/stereo_msgs/msg/_disparity_image.py
[3.315s] -- Installing: /home/user/robo/sb-robot/microros_ws/install/stereo_msgs/local/lib/python3.10/dist-packages/stereo_msgs/stereo_msgs_s__rosidl_typesupport_microxrcedds_c.cpython-310-x86_64-linux-gnu.so
[3.315s] -- Installing: /home/user/robo/sb-robot/microros_ws/install/stereo_msgs/local/lib/python3.10/dist-packages/stereo_msgs/stereo_msgs_s__rosidl_typesupport_c.cpython-310-x86_64-linux-gnu.so
[3.367s] Listing '/home/user/robo/sb-robot/microros_ws/install/stereo_msgs/local/lib/python3.10/dist-packages/stereo_msgs'...
[3.367s] Compiling '/home/user/robo/sb-robot/microros_ws/install/stereo_msgs/local/lib/python3.10/dist-packages/stereo_msgs/__init__.py'...
[3.367s] Listing '/home/user/robo/sb-robot/microros_ws/install/stereo_msgs/local/lib/python3.10/dist-packages/stereo_msgs/msg'...
[3.367s] Compiling '/home/user/robo/sb-robot/microros_ws/install/stereo_msgs/local/lib/python3.10/dist-packages/stereo_msgs/msg/__init__.py'...
[3.367s] Compiling '/home/user/robo/sb-robot/microros_ws/install/stereo_msgs/local/lib/python3.10/dist-packages/stereo_msgs/msg/_disparity_image.py'...
[3.374s] -- Installing: /home/user/robo/sb-robot/microros_ws/install/stereo_msgs/local/lib/python3.10/dist-packages/stereo_msgs/stereo_msgs_s__rosidl_typesupport_microxrcedds_c.cpython-310-x86_64-linux-gnu.so
[3.374s] -- Set runtime path of "/home/user/robo/sb-robot/microros_ws/install/stereo_msgs/local/lib/python3.10/dist-packages/stereo_msgs/stereo_msgs_s__rosidl_typesupport_microxrcedds_c.cpython-310-x86_64-linux-gnu.so" to ""
[3.374s] -- Installing: /home/user/robo/sb-robot/microros_ws/install/stereo_msgs/local/lib/python3.10/dist-packages/stereo_msgs/stereo_msgs_s__rosidl_typesupport_fastrtps_c.cpython-310-x86_64-linux-gnu.so
[3.375s] -- Set runtime path of "/home/user/robo/sb-robot/microros_ws/install/stereo_msgs/local/lib/python3.10/dist-packages/stereo_msgs/stereo_msgs_s__rosidl_typesupport_fastrtps_c.cpython-310-x86_64-linux-gnu.so" to ""
[3.375s] -- Installing: /home/user/robo/sb-robot/microros_ws/install/stereo_msgs/local/lib/python3.10/dist-packages/stereo_msgs/stereo_msgs_s__rosidl_typesupport_introspection_c.cpython-310-x86_64-linux-gnu.so
[3.375s] -- Set runtime path of "/home/user/robo/sb-robot/microros_ws/install/stereo_msgs/local/lib/python3.10/dist-packages/stereo_msgs/stereo_msgs_s__rosidl_typesupport_introspection_c.cpython-310-x86_64-linux-gnu.so" to ""
[3.375s] -- Installing: /home/user/robo/sb-robot/microros_ws/install/stereo_msgs/local/lib/python3.10/dist-packages/stereo_msgs/stereo_msgs_s__rosidl_typesupport_c.cpython-310-x86_64-linux-gnu.so
[3.376s] -- Set runtime path of "/home/user/robo/sb-robot/microros_ws/install/stereo_msgs/local/lib/python3.10/dist-packages/stereo_msgs/stereo_msgs_s__rosidl_typesupport_c.cpython-310-x86_64-linux-gnu.so" to ""
[3.376s] -- Installing: /home/user/robo/sb-robot/microros_ws/install/stereo_msgs/lib/libstereo_msgs__rosidl_generator_py.so
[3.376s] -- Set runtime path of "/home/user/robo/sb-robot/microros_ws/install/stereo_msgs/lib/libstereo_msgs__rosidl_generator_py.so" to ""
[3.376s] -- Installing: /home/user/robo/sb-robot/microros_ws/install/stereo_msgs/share/stereo_msgs/msg/DisparityImage.idl
[3.377s] -- Installing: /home/user/robo/sb-robot/microros_ws/install/stereo_msgs/share/stereo_msgs/msg/DisparityImage.msg
[3.377s] -- Installing: /home/user/robo/sb-robot/microros_ws/install/stereo_msgs/share/ament_index/resource_index/package_run_dependencies/stereo_msgs
[3.377s] -- Installing: /home/user/robo/sb-robot/microros_ws/install/stereo_msgs/share/ament_index/resource_index/parent_prefix_path/stereo_msgs
[3.377s] -- Installing: /home/user/robo/sb-robot/microros_ws/install/stereo_msgs/share/stereo_msgs/environment/ament_prefix_path.sh
[3.377s] -- Installing: /home/user/robo/sb-robot/microros_ws/install/stereo_msgs/share/stereo_msgs/environment/ament_prefix_path.dsv
[3.377s] -- Installing: /home/user/robo/sb-robot/microros_ws/install/stereo_msgs/share/stereo_msgs/environment/path.sh
[3.377s] -- Installing: /home/user/robo/sb-robot/microros_ws/install/stereo_msgs/share/stereo_msgs/environment/path.dsv
[3.377s] -- Installing: /home/user/robo/sb-robot/microros_ws/install/stereo_msgs/share/stereo_msgs/local_setup.bash
[3.378s] -- Installing: /home/user/robo/sb-robot/microros_ws/install/stereo_msgs/share/stereo_msgs/local_setup.sh
[3.378s] -- Installing: /home/user/robo/sb-robot/microros_ws/install/stereo_msgs/share/stereo_msgs/local_setup.zsh
[3.378s] -- Installing: /home/user/robo/sb-robot/microros_ws/install/stereo_msgs/share/stereo_msgs/local_setup.dsv
[3.378s] -- Installing: /home/user/robo/sb-robot/microros_ws/install/stereo_msgs/share/stereo_msgs/package.dsv
[3.378s] -- Installing: /home/user/robo/sb-robot/microros_ws/install/stereo_msgs/share/ament_index/resource_index/packages/stereo_msgs
[3.378s] -- Installing: /home/user/robo/sb-robot/microros_ws/install/stereo_msgs/share/stereo_msgs/cmake/export_stereo_msgs__rosidl_generator_cExport.cmake
[3.378s] -- Installing: /home/user/robo/sb-robot/microros_ws/install/stereo_msgs/share/stereo_msgs/cmake/export_stereo_msgs__rosidl_generator_cExport-noconfig.cmake
[3.379s] -- Installing: /home/user/robo/sb-robot/microros_ws/install/stereo_msgs/share/stereo_msgs/cmake/export_stereo_msgs__rosidl_typesupport_fastrtps_cExport.cmake
[3.379s] -- Installing: /home/user/robo/sb-robot/microros_ws/install/stereo_msgs/share/stereo_msgs/cmake/export_stereo_msgs__rosidl_typesupport_fastrtps_cExport-noconfig.cmake
[3.379s] -- Installing: /home/user/robo/sb-robot/microros_ws/install/stereo_msgs/share/stereo_msgs/cmake/stereo_msgs__rosidl_typesupport_introspection_cExport.cmake
[3.379s] -- Installing: /home/user/robo/sb-robot/microros_ws/install/stereo_msgs/share/stereo_msgs/cmake/stereo_msgs__rosidl_typesupport_introspection_cExport-noconfig.cmake
[3.379s] -- Installing: /home/user/robo/sb-robot/microros_ws/install/stereo_msgs/share/stereo_msgs/cmake/stereo_msgs__rosidl_typesupport_cExport.cmake
[3.379s] -- Installing: /home/user/robo/sb-robot/microros_ws/install/stereo_msgs/share/stereo_msgs/cmake/stereo_msgs__rosidl_typesupport_cExport-noconfig.cmake
[3.379s] -- Installing: /home/user/robo/sb-robot/microros_ws/install/stereo_msgs/share/stereo_msgs/cmake/export_stereo_msgs__rosidl_generator_cppExport.cmake
[3.380s] -- Installing: /home/user/robo/sb-robot/microros_ws/install/stereo_msgs/share/stereo_msgs/cmake/export_stereo_msgs__rosidl_typesupport_fastrtps_cppExport.cmake
[3.380s] -- Installing: /home/user/robo/sb-robot/microros_ws/install/stereo_msgs/share/stereo_msgs/cmake/export_stereo_msgs__rosidl_typesupport_fastrtps_cppExport-noconfig.cmake
[3.380s] -- Installing: /home/user/robo/sb-robot/microros_ws/install/stereo_msgs/share/stereo_msgs/cmake/stereo_msgs__rosidl_typesupport_introspection_cppExport.cmake
[3.380s] -- Installing: /home/user/robo/sb-robot/microros_ws/install/stereo_msgs/share/stereo_msgs/cmake/stereo_msgs__rosidl_typesupport_introspection_cppExport-noconfig.cmake
[3.380s] -- Installing: /home/user/robo/sb-robot/microros_ws/install/stereo_msgs/share/stereo_msgs/cmake/stereo_msgs__rosidl_typesupport_cppExport.cmake
[3.380s] -- Installing: /home/user/robo/sb-robot/microros_ws/install/stereo_msgs/share/stereo_msgs/cmake/stereo_msgs__rosidl_typesupport_cppExport-noconfig.cmake
[3.380s] -- Installing: /home/user/robo/sb-robot/microros_ws/install/stereo_msgs/share/stereo_msgs/cmake/export_stereo_msgs__rosidl_generator_pyExport.cmake
[3.381s] -- Installing: /home/user/robo/sb-robot/microros_ws/install/stereo_msgs/share/stereo_msgs/cmake/export_stereo_msgs__rosidl_generator_pyExport-noconfig.cmake
[3.381s] -- Installing: /home/user/robo/sb-robot/microros_ws/install/stereo_msgs/share/stereo_msgs/cmake/rosidl_cmake-extras.cmake
[3.381s] -- Installing: /home/user/robo/sb-robot/microros_ws/install/stereo_msgs/share/stereo_msgs/cmake/ament_cmake_export_dependencies-extras.cmake
[3.381s] -- Installing: /home/user/robo/sb-robot/microros_ws/install/stereo_msgs/share/stereo_msgs/cmake/ament_cmake_export_include_directories-extras.cmake
[3.381s] -- Installing: /home/user/robo/sb-robot/microros_ws/install/stereo_msgs/share/stereo_msgs/cmake/ament_cmake_export_libraries-extras.cmake
[3.381s] -- Installing: /home/user/robo/sb-robot/microros_ws/install/stereo_msgs/share/stereo_msgs/cmake/ament_cmake_export_targets-extras.cmake
[3.381s] -- Installing: /home/user/robo/sb-robot/microros_ws/install/stereo_msgs/share/stereo_msgs/cmake/rosidl_cmake_export_typesupport_targets-extras.cmake
[3.381s] -- Installing: /home/user/robo/sb-robot/microros_ws/install/stereo_msgs/share/stereo_msgs/cmake/rosidl_cmake_export_typesupport_libraries-extras.cmake
[3.382s] -- Installing: /home/user/robo/sb-robot/microros_ws/install/stereo_msgs/share/stereo_msgs/cmake/stereo_msgsConfig.cmake
[3.382s] -- Installing: /home/user/robo/sb-robot/microros_ws/install/stereo_msgs/share/stereo_msgs/cmake/stereo_msgsConfig-version.cmake
[3.382s] -- Installing: /home/user/robo/sb-robot/microros_ws/install/stereo_msgs/share/stereo_msgs/package.xml
[3.385s] Invoked command in '/home/user/robo/sb-robot/microros_ws/build/stereo_msgs' returned '0': AMENT_PREFIX_PATH=/home/user/robo/sb-robot/microros_ws/install/sensor_msgs:/home/user/robo/sb-robot/microros_ws/install/geometry_msgs:/home/user/robo/sb-robot/microros_ws/install/std_msgs:${AMENT_PREFIX_PATH} CMAKE_PREFIX_PATH=/home/user/robo/sb-robot/microros_ws/install/sensor_msgs:/home/user/robo/sb-robot/microros_ws/install/geometry_msgs:/home/user/robo/sb-robot/microros_ws/install/std_msgs:/home/user/robo/sb-robot/microros_ws/install/builtin_interfaces:/home/user/robo/sb-robot/microros_ws/src/install/action_msgs:/home/user/robo/sb-robot/microros_ws/src/install/unique_identifier_msgs:/home/user/robo/sb-robot/microros_ws/src/install/std_srvs:/home/user/robo/sb-robot/microros_ws/src/install/statistics_msgs:/home/user/robo/sb-robot/microros_ws/src/install/rmw_microxrcedds:/home/user/robo/sb-robot/microros_ws/src/install/rosidl_typesupport_microxrcedds_cpp:/home/user/robo/sb-robot/microros_ws/src/install/rosidl_typesupport_microxrcedds_c:/home/user/robo/sb-robot/microros_ws/src/install/rosgraph_msgs:/home/user/robo/sb-robot/microros_ws/src/install/microxrcedds_client:/home/user/robo/sb-robot/microros_ws/src/install/microcdr:/home/user/robo/sb-robot/microros_ws/src/install/micro_ros_utilities:/home/user/robo/sb-robot/microros_ws/src/install/micro_ros_setup:/home/user/robo/sb-robot/microros_ws/src/install/micro_ros_msgs:/home/user/robo/sb-robot/microros_ws/src/install/lifecycle_msgs:/home/user/robo/sb-robot/microros_ws/src/install/complex_msgs:/home/user/robo/sb-robot/microros_ws/src/install/builtin_interfaces:/home/user/robo/sb-robot/microros_ws/install/micro_ros_setup:/home/user/robo/sb-robot/microros_ws/install/micro_ros_agent:/home/user/robo/sb-robot/microros_ws/install/micro_ros_msgs:/opt/ros/humble LD_LIBRARY_PATH=/home/user/robo/sb-robot/microros_ws/install/sensor_msgs/lib:/home/user/robo/sb-robot/microros_ws/install/geometry_msgs/lib:/home/user/robo/sb-robot/microros_ws/install/std_msgs/lib:/home/user/robo/sb-robot/microros_ws/install/builtin_interfaces/lib:/home/user/robo/sb-robot/microros_ws/src/install/action_msgs/lib:/home/user/robo/sb-robot/microros_ws/src/install/unique_identifier_msgs/lib:/home/user/robo/sb-robot/microros_ws/src/install/std_srvs/lib:/home/user/robo/sb-robot/microros_ws/src/install/statistics_msgs/lib:/home/user/robo/sb-robot/microros_ws/src/install/rmw_microxrcedds/lib:/home/user/robo/sb-robot/microros_ws/src/install/rosidl_typesupport_microxrcedds_cpp/lib:/home/user/robo/sb-robot/microros_ws/src/install/rosidl_typesupport_microxrcedds_c/lib:/home/user/robo/sb-robot/microros_ws/src/install/rosgraph_msgs/lib:/home/user/robo/sb-robot/microros_ws/src/install/microxrcedds_client/lib:/home/user/robo/sb-robot/microros_ws/src/install/microcdr/lib:/home/user/robo/sb-robot/microros_ws/src/install/micro_ros_utilities/lib:/home/user/robo/sb-robot/microros_ws/src/install/micro_ros_msgs/lib:/home/user/robo/sb-robot/microros_ws/src/install/lifecycle_msgs/lib:/home/user/robo/sb-robot/microros_ws/src/install/complex_msgs/lib:/home/user/robo/sb-robot/microros_ws/src/install/builtin_interfaces/lib:/home/user/robo/sb-robot/microros_ws/install/micro_ros_agent/lib:/home/user/robo/sb-robot/microros_ws/install/micro_ros_msgs/lib:/usr/lib/x86_64-linux-gnu/gazebo-11/plugins:/opt/ros/humble/opt/rviz_ogre_vendor/lib:/opt/ros/humble/lib/x86_64-linux-gnu:/opt/ros/humble/lib PYTHONPATH=/home/user/robo/sb-robot/microros_ws/install/sensor_msgs/local/lib/python3.10/dist-packages:/home/user/robo/sb-robot/microros_ws/install/geometry_msgs/local/lib/python3.10/dist-packages:/home/user/robo/sb-robot/microros_ws/install/std_msgs/local/lib/python3.10/dist-packages:${PYTHONPATH} /usr/bin/cmake --install /home/user/robo/sb-robot/microros_ws/build/stereo_msgs
