[0.098s] Invoking command in '/home/user/robo/sb-robot/microros_ws/src/build/statistics_msgs': AMENT_PREFIX_PATH=/home/user/robo/sb-robot/microros_ws/src/install/builtin_interfaces:${AMENT_PREFIX_PATH} CMAKE_PREFIX_PATH=/home/user/robo/sb-robot/microros_ws/src/install/builtin_interfaces:/home/user/robo/sb-robot/microros_ws/install/micro_ros_setup:/home/user/robo/sb-robot/microros_ws/install/micro_ros_agent:/home/user/robo/sb-robot/microros_ws/install/micro_ros_msgs:/home/user/robo/sb-robot/microros_ws/install/builtin_interfaces:/opt/ros/humble LD_LIBRARY_PATH=/home/user/robo/sb-robot/microros_ws/src/install/builtin_interfaces/lib:${LD_LIBRARY_PATH} PYTHONPATH=/home/user/robo/sb-robot/microros_ws/src/install/builtin_interfaces/local/lib/python3.10/dist-packages:${PYTHONPATH} /usr/bin/cmake /home/user/robo/sb-robot/microros_ws/src/ros2/rcl_interfaces/statistics_msgs -DCMAKE_INSTALL_PREFIX=/home/user/robo/sb-robot/microros_ws/src/install/statistics_msgs
[0.297s] -- The C compiler identification is GNU 11.4.0
[0.446s] -- The CXX compiler identification is GNU 11.4.0
[0.458s] -- Detecting C compiler ABI info
[0.632s] -- Detecting C compiler ABI info - done
[0.653s] -- Check for working C compiler: /usr/bin/cc - skipped
[0.653s] -- Detecting C compile features
[0.653s] -- Detecting C compile features - done
[0.667s] -- Detecting CXX compiler ABI info
[0.827s] -- Detecting CXX compiler ABI info - done
[0.841s] -- Check for working CXX compiler: /usr/bin/c++ - skipped
[0.841s] -- Detecting CXX compile features
[0.841s] -- Detecting CXX compile features - done
[0.842s] -- Found ament_cmake: 1.3.11 (/opt/ros/humble/share/ament_cmake/cmake)
[1.033s] -- Found Python3: /usr/bin/python3 (found version "3.10.12") found components: Interpreter 
[1.120s] -- Found builtin_interfaces: 1.2.1 (/home/user/robo/sb-robot/microros_ws/src/install/builtin_interfaces/share/builtin_interfaces/cmake)
[1.145s] -- Found rosidl_generator_c: 3.1.6 (/opt/ros/humble/share/rosidl_generator_c/cmake)
[1.149s] -- Found rosidl_adapter: 3.1.6 (/opt/ros/humble/share/rosidl_adapter/cmake)
[1.155s] -- Found rosidl_generator_cpp: 3.1.6 (/opt/ros/humble/share/rosidl_generator_cpp/cmake)
[1.164s] -- Using all available rosidl_typesupport_c: rosidl_typesupport_fastrtps_c;rosidl_typesupport_introspection_c
[1.175s] -- Using all available rosidl_typesupport_cpp: rosidl_typesupport_fastrtps_cpp;rosidl_typesupport_introspection_cpp
[1.186s] -- Found rosidl_default_generators: 1.2.0 (/opt/ros/humble/share/rosidl_default_generators/cmake)
[1.401s] -- Found ament_cmake_ros: 0.10.0 (/opt/ros/humble/share/ament_cmake_ros/cmake)
[1.684s] -- Using all available rosidl_typesupport_c: rosidl_typesupport_fastrtps_c;rosidl_typesupport_introspection_c
[1.888s] -- Using all available rosidl_typesupport_cpp: rosidl_typesupport_fastrtps_cpp;rosidl_typesupport_introspection_cpp
[1.931s] -- Found PythonInterp: /usr/bin/python3 (found suitable version "3.10.12", minimum required is "3.6") 
[1.937s] -- Found python_cmake_module: 0.10.0 (/opt/ros/humble/share/python_cmake_module/cmake)
[1.990s] -- Found PythonLibs: /usr/lib/x86_64-linux-gnu/libpython3.10.so (found suitable version "3.10.12", minimum required is "3.5") 
[1.990s] -- Using PYTHON_EXECUTABLE: /usr/bin/python3
[1.990s] -- Using PYTHON_INCLUDE_DIRS: /usr/include/python3.10
[1.990s] -- Using PYTHON_LIBRARIES: /usr/lib/x86_64-linux-gnu/libpython3.10.so
[2.050s] -- Found PythonExtra: .so  
[2.086s] -- Configuring done
[2.114s] -- Generating done
[2.124s] -- Build files have been written to: /home/user/robo/sb-robot/microros_ws/src/build/statistics_msgs
[2.133s] Invoked command in '/home/user/robo/sb-robot/microros_ws/src/build/statistics_msgs' returned '0': AMENT_PREFIX_PATH=/home/user/robo/sb-robot/microros_ws/src/install/builtin_interfaces:${AMENT_PREFIX_PATH} CMAKE_PREFIX_PATH=/home/user/robo/sb-robot/microros_ws/src/install/builtin_interfaces:/home/user/robo/sb-robot/microros_ws/install/micro_ros_setup:/home/user/robo/sb-robot/microros_ws/install/micro_ros_agent:/home/user/robo/sb-robot/microros_ws/install/micro_ros_msgs:/home/user/robo/sb-robot/microros_ws/install/builtin_interfaces:/opt/ros/humble LD_LIBRARY_PATH=/home/user/robo/sb-robot/microros_ws/src/install/builtin_interfaces/lib:${LD_LIBRARY_PATH} PYTHONPATH=/home/user/robo/sb-robot/microros_ws/src/install/builtin_interfaces/local/lib/python3.10/dist-packages:${PYTHONPATH} /usr/bin/cmake /home/user/robo/sb-robot/microros_ws/src/ros2/rcl_interfaces/statistics_msgs -DCMAKE_INSTALL_PREFIX=/home/user/robo/sb-robot/microros_ws/src/install/statistics_msgs
[2.134s] Invoking command in '/home/user/robo/sb-robot/microros_ws/src/build/statistics_msgs': AMENT_PREFIX_PATH=/home/user/robo/sb-robot/microros_ws/src/install/builtin_interfaces:${AMENT_PREFIX_PATH} CMAKE_PREFIX_PATH=/home/user/robo/sb-robot/microros_ws/src/install/builtin_interfaces:/home/user/robo/sb-robot/microros_ws/install/micro_ros_setup:/home/user/robo/sb-robot/microros_ws/install/micro_ros_agent:/home/user/robo/sb-robot/microros_ws/install/micro_ros_msgs:/home/user/robo/sb-robot/microros_ws/install/builtin_interfaces:/opt/ros/humble LD_LIBRARY_PATH=/home/user/robo/sb-robot/microros_ws/src/install/builtin_interfaces/lib:${LD_LIBRARY_PATH} PYTHONPATH=/home/user/robo/sb-robot/microros_ws/src/install/builtin_interfaces/local/lib/python3.10/dist-packages:${PYTHONPATH} /usr/bin/cmake --build /home/user/robo/sb-robot/microros_ws/src/build/statistics_msgs -- -j20 -l20
[2.171s] [  2%] [34m[1mGenerating C code for ROS interfaces[0m
[2.178s] [  4%] [34m[1mGenerating C++ code for ROS interfaces[0m
[2.187s] [  4%] Built target ament_cmake_python_copy_statistics_msgs
[2.494s] running egg_info
[2.495s] creating statistics_msgs.egg-info
[2.495s] writing statistics_msgs.egg-info/PKG-INFO
[2.496s] writing dependency_links to statistics_msgs.egg-info/dependency_links.txt
[2.496s] writing top-level names to statistics_msgs.egg-info/top_level.txt
[2.502s] writing manifest file 'statistics_msgs.egg-info/SOURCES.txt'
[2.502s] reading manifest file 'statistics_msgs.egg-info/SOURCES.txt'
[2.502s] writing manifest file 'statistics_msgs.egg-info/SOURCES.txt'
[2.566s] [  4%] Built target ament_cmake_python_build_statistics_msgs_egg
[2.916s] [  4%] Built target statistics_msgs__cpp
[2.947s] [  6%] [34m[1mGenerating C++ introspection for ROS interfaces[0m
[2.947s] [  8%] [34m[1mGenerating C++ type support dispatch for ROS interfaces[0m
[2.950s] [ 10%] [34m[1mGenerating C++ type support for eProsima Fast-RTPS[0m
[3.059s] [ 12%] [32mBuilding C object CMakeFiles/statistics_msgs__rosidl_generator_c.dir/rosidl_generator_c/statistics_msgs/msg/detail/metrics_message__functions.c.o[0m
[3.065s] [ 14%] [32mBuilding C object CMakeFiles/statistics_msgs__rosidl_generator_c.dir/rosidl_generator_c/statistics_msgs/msg/detail/statistic_data_point__functions.c.o[0m
[3.070s] [ 17%] [32mBuilding C object CMakeFiles/statistics_msgs__rosidl_generator_c.dir/rosidl_generator_c/statistics_msgs/msg/detail/statistic_data_type__functions.c.o[0m
[3.180s] [ 19%] [32m[1mLinking C shared library libstatistics_msgs__rosidl_generator_c.so[0m
[3.277s] [ 19%] Built target statistics_msgs__rosidl_generator_c
[3.296s] [ 21%] [34m[1mGenerating C type support for eProsima Fast-RTPS[0m
[3.301s] [ 23%] [34m[1mGenerating C introspection for ROS interfaces[0m
[3.308s] [ 25%] [34m[1mGenerating C type support dispatch for ROS interfaces[0m
[3.693s] [ 27%] [32mBuilding CXX object CMakeFiles/statistics_msgs__rosidl_typesupport_cpp.dir/rosidl_typesupport_cpp/statistics_msgs/msg/metrics_message__type_support.cpp.o[0m
[3.706s] [ 29%] [32mBuilding CXX object CMakeFiles/statistics_msgs__rosidl_typesupport_cpp.dir/rosidl_typesupport_cpp/statistics_msgs/msg/statistic_data_point__type_support.cpp.o[0m
[3.739s] [ 31%] [32mBuilding CXX object CMakeFiles/statistics_msgs__rosidl_typesupport_cpp.dir/rosidl_typesupport_cpp/statistics_msgs/msg/statistic_data_type__type_support.cpp.o[0m
[3.958s] [ 34%] [32mBuilding CXX object CMakeFiles/statistics_msgs__rosidl_typesupport_fastrtps_cpp.dir/rosidl_typesupport_fastrtps_cpp/statistics_msgs/msg/detail/dds_fastrtps/metrics_message__type_support.cpp.o[0m
[3.964s] [ 36%] [32mBuilding CXX object CMakeFiles/statistics_msgs__rosidl_typesupport_fastrtps_cpp.dir/rosidl_typesupport_fastrtps_cpp/statistics_msgs/msg/detail/dds_fastrtps/statistic_data_point__type_support.cpp.o[0m
[3.964s] [ 38%] [32mBuilding CXX object CMakeFiles/statistics_msgs__rosidl_typesupport_fastrtps_cpp.dir/rosidl_typesupport_fastrtps_cpp/statistics_msgs/msg/detail/dds_fastrtps/statistic_data_type__type_support.cpp.o[0m
[4.231s] [ 40%] [32mBuilding CXX object CMakeFiles/statistics_msgs__rosidl_typesupport_introspection_cpp.dir/rosidl_typesupport_introspection_cpp/statistics_msgs/msg/detail/metrics_message__type_support.cpp.o[0m
[4.233s] [ 42%] [32mBuilding CXX object CMakeFiles/statistics_msgs__rosidl_typesupport_introspection_cpp.dir/rosidl_typesupport_introspection_cpp/statistics_msgs/msg/detail/statistic_data_point__type_support.cpp.o[0m
[4.236s] [ 44%] [32mBuilding CXX object CMakeFiles/statistics_msgs__rosidl_typesupport_introspection_cpp.dir/rosidl_typesupport_introspection_cpp/statistics_msgs/msg/detail/statistic_data_type__type_support.cpp.o[0m
[4.307s] [ 46%] [32mBuilding CXX object CMakeFiles/statistics_msgs__rosidl_typesupport_c.dir/rosidl_typesupport_c/statistics_msgs/msg/metrics_message__type_support.cpp.o[0m
[4.310s] [ 48%] [32mBuilding CXX object CMakeFiles/statistics_msgs__rosidl_typesupport_c.dir/rosidl_typesupport_c/statistics_msgs/msg/statistic_data_point__type_support.cpp.o[0m
[4.321s] [ 51%] [32mBuilding CXX object CMakeFiles/statistics_msgs__rosidl_typesupport_c.dir/rosidl_typesupport_c/statistics_msgs/msg/statistic_data_type__type_support.cpp.o[0m
[4.385s] [ 53%] [32m[1mLinking CXX shared library libstatistics_msgs__rosidl_typesupport_c.so[0m
[4.491s] [ 55%] [32mBuilding C object CMakeFiles/statistics_msgs__rosidl_typesupport_introspection_c.dir/rosidl_typesupport_introspection_c/statistics_msgs/msg/detail/statistic_data_type__type_support.c.o[0m
[4.493s] [ 57%] [32mBuilding C object CMakeFiles/statistics_msgs__rosidl_typesupport_introspection_c.dir/rosidl_typesupport_introspection_c/statistics_msgs/msg/detail/metrics_message__type_support.c.o[0m
[4.495s] [ 59%] [32mBuilding C object CMakeFiles/statistics_msgs__rosidl_typesupport_introspection_c.dir/rosidl_typesupport_introspection_c/statistics_msgs/msg/detail/statistic_data_point__type_support.c.o[0m
[4.497s] [ 59%] Built target statistics_msgs__rosidl_typesupport_c
[4.543s] [ 61%] [32m[1mLinking CXX shared library libstatistics_msgs__rosidl_typesupport_cpp.so[0m
[4.568s] [ 63%] [32mBuilding CXX object CMakeFiles/statistics_msgs__rosidl_typesupport_fastrtps_c.dir/rosidl_typesupport_fastrtps_c/statistics_msgs/msg/detail/statistic_data_type__type_support_c.cpp.o[0m
[4.572s] [ 65%] [32mBuilding CXX object CMakeFiles/statistics_msgs__rosidl_typesupport_fastrtps_c.dir/rosidl_typesupport_fastrtps_c/statistics_msgs/msg/detail/statistic_data_point__type_support_c.cpp.o[0m
[4.572s] [ 68%] [32mBuilding CXX object CMakeFiles/statistics_msgs__rosidl_typesupport_fastrtps_c.dir/rosidl_typesupport_fastrtps_c/statistics_msgs/msg/detail/metrics_message__type_support_c.cpp.o[0m
[4.603s] [ 70%] [32m[1mLinking C shared library libstatistics_msgs__rosidl_typesupport_introspection_c.so[0m
[4.673s] [ 70%] Built target statistics_msgs__rosidl_typesupport_cpp
[4.706s] [ 70%] Built target statistics_msgs__rosidl_typesupport_introspection_c
[4.904s] [ 72%] [32m[1mLinking CXX shared library libstatistics_msgs__rosidl_typesupport_introspection_cpp.so[0m
[5.010s] [ 74%] [32m[1mLinking CXX shared library libstatistics_msgs__rosidl_typesupport_fastrtps_cpp.so[0m
[5.154s] [ 74%] Built target statistics_msgs__rosidl_typesupport_introspection_cpp
[5.234s] [ 74%] Built target statistics_msgs__rosidl_typesupport_fastrtps_cpp
[5.274s] [ 76%] [32m[1mLinking CXX shared library libstatistics_msgs__rosidl_typesupport_fastrtps_c.so[0m
[5.462s] [ 76%] Built target statistics_msgs__rosidl_typesupport_fastrtps_c
[5.519s] [ 76%] Built target statistics_msgs
[5.575s] [ 78%] [34m[1mGenerating Python code for ROS interfaces[0m
[6.603s] [ 78%] Built target statistics_msgs__py
[6.631s] [ 80%] [32mBuilding C object CMakeFiles/statistics_msgs__rosidl_generator_py.dir/rosidl_generator_py/statistics_msgs/msg/_metrics_message_s.c.o[0m
[6.631s] [ 82%] [32mBuilding C object CMakeFiles/statistics_msgs__rosidl_generator_py.dir/rosidl_generator_py/statistics_msgs/msg/_statistic_data_type_s.c.o[0m
[6.631s] [ 85%] [32mBuilding C object CMakeFiles/statistics_msgs__rosidl_generator_py.dir/rosidl_generator_py/statistics_msgs/msg/_statistic_data_point_s.c.o[0m
[6.769s] [ 87%] [32m[1mLinking C shared library rosidl_generator_py/statistics_msgs/libstatistics_msgs__rosidl_generator_py.so[0m
[6.819s] [ 87%] Built target statistics_msgs__rosidl_generator_py
[6.857s] [ 89%] [32mBuilding C object CMakeFiles/statistics_msgs__rosidl_typesupport_introspection_c__pyext.dir/rosidl_generator_py/statistics_msgs/_statistics_msgs_s.ep.rosidl_typesupport_introspection_c.c.o[0m
[6.866s] [ 91%] [32mBuilding C object CMakeFiles/statistics_msgs__rosidl_typesupport_c__pyext.dir/rosidl_generator_py/statistics_msgs/_statistics_msgs_s.ep.rosidl_typesupport_c.c.o[0m
[6.874s] [ 93%] [32mBuilding C object CMakeFiles/statistics_msgs__rosidl_typesupport_fastrtps_c__pyext.dir/rosidl_generator_py/statistics_msgs/_statistics_msgs_s.ep.rosidl_typesupport_fastrtps_c.c.o[0m
[7.064s] [ 95%] [32m[1mLinking C shared library rosidl_generator_py/statistics_msgs/statistics_msgs_s__rosidl_typesupport_introspection_c.cpython-310-x86_64-linux-gnu.so[0m
[7.076s] [100%] [32m[1mLinking C shared library rosidl_generator_py/statistics_msgs/statistics_msgs_s__rosidl_typesupport_c.cpython-310-x86_64-linux-gnu.so[0m
[7.077s] [100%] [32m[1mLinking C shared library rosidl_generator_py/statistics_msgs/statistics_msgs_s__rosidl_typesupport_fastrtps_c.cpython-310-x86_64-linux-gnu.so[0m
[7.150s] [100%] Built target statistics_msgs__rosidl_typesupport_c__pyext
[7.158s] [100%] Built target statistics_msgs__rosidl_typesupport_introspection_c__pyext
[7.180s] [100%] Built target statistics_msgs__rosidl_typesupport_fastrtps_c__pyext
[7.228s] Invoked command in '/home/user/robo/sb-robot/microros_ws/src/build/statistics_msgs' returned '0': AMENT_PREFIX_PATH=/home/user/robo/sb-robot/microros_ws/src/install/builtin_interfaces:${AMENT_PREFIX_PATH} CMAKE_PREFIX_PATH=/home/user/robo/sb-robot/microros_ws/src/install/builtin_interfaces:/home/user/robo/sb-robot/microros_ws/install/micro_ros_setup:/home/user/robo/sb-robot/microros_ws/install/micro_ros_agent:/home/user/robo/sb-robot/microros_ws/install/micro_ros_msgs:/home/user/robo/sb-robot/microros_ws/install/builtin_interfaces:/opt/ros/humble LD_LIBRARY_PATH=/home/user/robo/sb-robot/microros_ws/src/install/builtin_interfaces/lib:${LD_LIBRARY_PATH} PYTHONPATH=/home/user/robo/sb-robot/microros_ws/src/install/builtin_interfaces/local/lib/python3.10/dist-packages:${PYTHONPATH} /usr/bin/cmake --build /home/user/robo/sb-robot/microros_ws/src/build/statistics_msgs -- -j20 -l20
[7.229s] Invoking command in '/home/user/robo/sb-robot/microros_ws/src/build/statistics_msgs': AMENT_PREFIX_PATH=/home/user/robo/sb-robot/microros_ws/src/install/builtin_interfaces:${AMENT_PREFIX_PATH} CMAKE_PREFIX_PATH=/home/user/robo/sb-robot/microros_ws/src/install/builtin_interfaces:/home/user/robo/sb-robot/microros_ws/install/micro_ros_setup:/home/user/robo/sb-robot/microros_ws/install/micro_ros_agent:/home/user/robo/sb-robot/microros_ws/install/micro_ros_msgs:/home/user/robo/sb-robot/microros_ws/install/builtin_interfaces:/opt/ros/humble LD_LIBRARY_PATH=/home/user/robo/sb-robot/microros_ws/src/install/builtin_interfaces/lib:${LD_LIBRARY_PATH} PYTHONPATH=/home/user/robo/sb-robot/microros_ws/src/install/builtin_interfaces/local/lib/python3.10/dist-packages:${PYTHONPATH} /usr/bin/cmake --install /home/user/robo/sb-robot/microros_ws/src/build/statistics_msgs
[7.261s] -- Install configuration: ""
[7.261s] -- Installing: /home/user/robo/sb-robot/microros_ws/src/install/statistics_msgs/share/ament_index/resource_index/rosidl_interfaces/statistics_msgs
[7.262s] -- Installing: /home/user/robo/sb-robot/microros_ws/src/install/statistics_msgs/include/statistics_msgs/statistics_msgs
[7.262s] -- Installing: /home/user/robo/sb-robot/microros_ws/src/install/statistics_msgs/include/statistics_msgs/statistics_msgs/msg
[7.262s] -- Installing: /home/user/robo/sb-robot/microros_ws/src/install/statistics_msgs/include/statistics_msgs/statistics_msgs/msg/metrics_message.h
[7.262s] -- Installing: /home/user/robo/sb-robot/microros_ws/src/install/statistics_msgs/include/statistics_msgs/statistics_msgs/msg/statistic_data_point.h
[7.262s] -- Installing: /home/user/robo/sb-robot/microros_ws/src/install/statistics_msgs/include/statistics_msgs/statistics_msgs/msg/statistic_data_type.h
[7.262s] -- Installing: /home/user/robo/sb-robot/microros_ws/src/install/statistics_msgs/include/statistics_msgs/statistics_msgs/msg/detail
[7.262s] -- Installing: /home/user/robo/sb-robot/microros_ws/src/install/statistics_msgs/include/statistics_msgs/statistics_msgs/msg/detail/metrics_message__functions.c
[7.262s] -- Installing: /home/user/robo/sb-robot/microros_ws/src/install/statistics_msgs/include/statistics_msgs/statistics_msgs/msg/detail/metrics_message__functions.h
[7.266s] -- Installing: /home/user/robo/sb-robot/microros_ws/src/install/statistics_msgs/include/statistics_msgs/statistics_msgs/msg/detail/metrics_message__type_support.h
[7.266s] -- Installing: /home/user/robo/sb-robot/microros_ws/src/install/statistics_msgs/include/statistics_msgs/statistics_msgs/msg/detail/metrics_message__struct.h
[7.266s] -- Installing: /home/user/robo/sb-robot/microros_ws/src/install/statistics_msgs/include/statistics_msgs/statistics_msgs/msg/detail/statistic_data_type__functions.h
[7.266s] -- Installing: /home/user/robo/sb-robot/microros_ws/src/install/statistics_msgs/include/statistics_msgs/statistics_msgs/msg/detail/statistic_data_point__functions.h
[7.266s] -- Installing: /home/user/robo/sb-robot/microros_ws/src/install/statistics_msgs/include/statistics_msgs/statistics_msgs/msg/detail/statistic_data_type__struct.h
[7.266s] -- Installing: /home/user/robo/sb-robot/microros_ws/src/install/statistics_msgs/include/statistics_msgs/statistics_msgs/msg/detail/statistic_data_type__functions.c
[7.266s] -- Installing: /home/user/robo/sb-robot/microros_ws/src/install/statistics_msgs/include/statistics_msgs/statistics_msgs/msg/detail/statistic_data_point__functions.c
[7.266s] -- Installing: /home/user/robo/sb-robot/microros_ws/src/install/statistics_msgs/include/statistics_msgs/statistics_msgs/msg/detail/statistic_data_type__type_support.h
[7.267s] -- Installing: /home/user/robo/sb-robot/microros_ws/src/install/statistics_msgs/include/statistics_msgs/statistics_msgs/msg/detail/statistic_data_point__struct.h
[7.267s] -- Installing: /home/user/robo/sb-robot/microros_ws/src/install/statistics_msgs/include/statistics_msgs/statistics_msgs/msg/detail/statistic_data_point__type_support.h
[7.267s] -- Installing: /home/user/robo/sb-robot/microros_ws/src/install/statistics_msgs/include/statistics_msgs/statistics_msgs/msg/rosidl_generator_c__visibility_control.h
[7.272s] -- Installing: /home/user/robo/sb-robot/microros_ws/src/install/statistics_msgs/share/statistics_msgs/environment/library_path.sh
[7.272s] -- Installing: /home/user/robo/sb-robot/microros_ws/src/install/statistics_msgs/share/statistics_msgs/environment/library_path.dsv
[7.272s] -- Installing: /home/user/robo/sb-robot/microros_ws/src/install/statistics_msgs/lib/libstatistics_msgs__rosidl_generator_c.so
[7.273s] -- Set runtime path of "/home/user/robo/sb-robot/microros_ws/src/install/statistics_msgs/lib/libstatistics_msgs__rosidl_generator_c.so" to ""
[7.273s] -- Up-to-date: /home/user/robo/sb-robot/microros_ws/src/install/statistics_msgs/include/statistics_msgs/statistics_msgs
[7.273s] -- Up-to-date: /home/user/robo/sb-robot/microros_ws/src/install/statistics_msgs/include/statistics_msgs/statistics_msgs/msg
[7.273s] -- Up-to-date: /home/user/robo/sb-robot/microros_ws/src/install/statistics_msgs/include/statistics_msgs/statistics_msgs/msg/detail
[7.273s] -- Installing: /home/user/robo/sb-robot/microros_ws/src/install/statistics_msgs/include/statistics_msgs/statistics_msgs/msg/detail/metrics_message__rosidl_typesupport_fastrtps_c.h
[7.273s] -- Installing: /home/user/robo/sb-robot/microros_ws/src/install/statistics_msgs/include/statistics_msgs/statistics_msgs/msg/detail/statistic_data_point__rosidl_typesupport_fastrtps_c.h
[7.273s] -- Installing: /home/user/robo/sb-robot/microros_ws/src/install/statistics_msgs/include/statistics_msgs/statistics_msgs/msg/detail/statistic_data_type__rosidl_typesupport_fastrtps_c.h
[7.273s] -- Installing: /home/user/robo/sb-robot/microros_ws/src/install/statistics_msgs/include/statistics_msgs/statistics_msgs/msg/rosidl_typesupport_fastrtps_c__visibility_control.h
[7.273s] -- Installing: /home/user/robo/sb-robot/microros_ws/src/install/statistics_msgs/lib/libstatistics_msgs__rosidl_typesupport_fastrtps_c.so
[7.274s] -- Set runtime path of "/home/user/robo/sb-robot/microros_ws/src/install/statistics_msgs/lib/libstatistics_msgs__rosidl_typesupport_fastrtps_c.so" to ""
[7.274s] -- Up-to-date: /home/user/robo/sb-robot/microros_ws/src/install/statistics_msgs/include/statistics_msgs/statistics_msgs
[7.274s] -- Up-to-date: /home/user/robo/sb-robot/microros_ws/src/install/statistics_msgs/include/statistics_msgs/statistics_msgs/msg
[7.274s] -- Installing: /home/user/robo/sb-robot/microros_ws/src/install/statistics_msgs/include/statistics_msgs/statistics_msgs/msg/rosidl_generator_cpp__visibility_control.hpp
[7.274s] -- Installing: /home/user/robo/sb-robot/microros_ws/src/install/statistics_msgs/include/statistics_msgs/statistics_msgs/msg/statistic_data_point.hpp
[7.274s] -- Installing: /home/user/robo/sb-robot/microros_ws/src/install/statistics_msgs/include/statistics_msgs/statistics_msgs/msg/metrics_message.hpp
[7.278s] -- Up-to-date: /home/user/robo/sb-robot/microros_ws/src/install/statistics_msgs/include/statistics_msgs/statistics_msgs/msg/detail
[7.278s] -- Installing: /home/user/robo/sb-robot/microros_ws/src/install/statistics_msgs/include/statistics_msgs/statistics_msgs/msg/detail/statistic_data_point__traits.hpp
[7.278s] -- Installing: /home/user/robo/sb-robot/microros_ws/src/install/statistics_msgs/include/statistics_msgs/statistics_msgs/msg/detail/statistic_data_type__traits.hpp
[7.278s] -- Installing: /home/user/robo/sb-robot/microros_ws/src/install/statistics_msgs/include/statistics_msgs/statistics_msgs/msg/detail/statistic_data_point__builder.hpp
[7.278s] -- Installing: /home/user/robo/sb-robot/microros_ws/src/install/statistics_msgs/include/statistics_msgs/statistics_msgs/msg/detail/metrics_message__type_support.hpp
[7.278s] -- Installing: /home/user/robo/sb-robot/microros_ws/src/install/statistics_msgs/include/statistics_msgs/statistics_msgs/msg/detail/statistic_data_type__struct.hpp
[7.279s] -- Installing: /home/user/robo/sb-robot/microros_ws/src/install/statistics_msgs/include/statistics_msgs/statistics_msgs/msg/detail/statistic_data_type__builder.hpp
[7.279s] -- Installing: /home/user/robo/sb-robot/microros_ws/src/install/statistics_msgs/include/statistics_msgs/statistics_msgs/msg/detail/metrics_message__traits.hpp
[7.279s] -- Installing: /home/user/robo/sb-robot/microros_ws/src/install/statistics_msgs/include/statistics_msgs/statistics_msgs/msg/detail/statistic_data_type__type_support.hpp
[7.279s] -- Installing: /home/user/robo/sb-robot/microros_ws/src/install/statistics_msgs/include/statistics_msgs/statistics_msgs/msg/detail/statistic_data_point__type_support.hpp
[7.279s] -- Installing: /home/user/robo/sb-robot/microros_ws/src/install/statistics_msgs/include/statistics_msgs/statistics_msgs/msg/detail/statistic_data_point__struct.hpp
[7.279s] -- Installing: /home/user/robo/sb-robot/microros_ws/src/install/statistics_msgs/include/statistics_msgs/statistics_msgs/msg/detail/metrics_message__struct.hpp
[7.279s] -- Installing: /home/user/robo/sb-robot/microros_ws/src/install/statistics_msgs/include/statistics_msgs/statistics_msgs/msg/detail/metrics_message__builder.hpp
[7.279s] -- Installing: /home/user/robo/sb-robot/microros_ws/src/install/statistics_msgs/include/statistics_msgs/statistics_msgs/msg/statistic_data_type.hpp
[7.279s] -- Up-to-date: /home/user/robo/sb-robot/microros_ws/src/install/statistics_msgs/include/statistics_msgs/statistics_msgs
[7.285s] -- Up-to-date: /home/user/robo/sb-robot/microros_ws/src/install/statistics_msgs/include/statistics_msgs/statistics_msgs/msg
[7.285s] -- Installing: /home/user/robo/sb-robot/microros_ws/src/install/statistics_msgs/include/statistics_msgs/statistics_msgs/msg/rosidl_typesupport_fastrtps_cpp__visibility_control.h
[7.285s] -- Up-to-date: /home/user/robo/sb-robot/microros_ws/src/install/statistics_msgs/include/statistics_msgs/statistics_msgs/msg/detail
[7.285s] -- Installing: /home/user/robo/sb-robot/microros_ws/src/install/statistics_msgs/include/statistics_msgs/statistics_msgs/msg/detail/statistic_data_type__rosidl_typesupport_fastrtps_cpp.hpp
[7.285s] -- Installing: /home/user/robo/sb-robot/microros_ws/src/install/statistics_msgs/include/statistics_msgs/statistics_msgs/msg/detail/dds_fastrtps
[7.285s] -- Installing: /home/user/robo/sb-robot/microros_ws/src/install/statistics_msgs/include/statistics_msgs/statistics_msgs/msg/detail/statistic_data_point__rosidl_typesupport_fastrtps_cpp.hpp
[7.285s] -- Installing: /home/user/robo/sb-robot/microros_ws/src/install/statistics_msgs/include/statistics_msgs/statistics_msgs/msg/detail/metrics_message__rosidl_typesupport_fastrtps_cpp.hpp
[7.285s] -- Installing: /home/user/robo/sb-robot/microros_ws/src/install/statistics_msgs/lib/libstatistics_msgs__rosidl_typesupport_fastrtps_cpp.so
[7.285s] -- Set runtime path of "/home/user/robo/sb-robot/microros_ws/src/install/statistics_msgs/lib/libstatistics_msgs__rosidl_typesupport_fastrtps_cpp.so" to ""
[7.285s] -- Up-to-date: /home/user/robo/sb-robot/microros_ws/src/install/statistics_msgs/include/statistics_msgs/statistics_msgs
[7.285s] -- Up-to-date: /home/user/robo/sb-robot/microros_ws/src/install/statistics_msgs/include/statistics_msgs/statistics_msgs/msg
[7.286s] -- Up-to-date: /home/user/robo/sb-robot/microros_ws/src/install/statistics_msgs/include/statistics_msgs/statistics_msgs/msg/detail
[7.288s] -- Installing: /home/user/robo/sb-robot/microros_ws/src/install/statistics_msgs/include/statistics_msgs/statistics_msgs/msg/detail/metrics_message__type_support.c
[7.288s] -- Installing: /home/user/robo/sb-robot/microros_ws/src/install/statistics_msgs/include/statistics_msgs/statistics_msgs/msg/detail/metrics_message__rosidl_typesupport_introspection_c.h
[7.288s] -- Installing: /home/user/robo/sb-robot/microros_ws/src/install/statistics_msgs/include/statistics_msgs/statistics_msgs/msg/detail/statistic_data_point__rosidl_typesupport_introspection_c.h
[7.288s] -- Installing: /home/user/robo/sb-robot/microros_ws/src/install/statistics_msgs/include/statistics_msgs/statistics_msgs/msg/detail/statistic_data_type__rosidl_typesupport_introspection_c.h
[7.288s] -- Installing: /home/user/robo/sb-robot/microros_ws/src/install/statistics_msgs/include/statistics_msgs/statistics_msgs/msg/detail/statistic_data_type__type_support.c
[7.288s] -- Installing: /home/user/robo/sb-robot/microros_ws/src/install/statistics_msgs/include/statistics_msgs/statistics_msgs/msg/detail/statistic_data_point__type_support.c
[7.288s] -- Installing: /home/user/robo/sb-robot/microros_ws/src/install/statistics_msgs/include/statistics_msgs/statistics_msgs/msg/rosidl_typesupport_introspection_c__visibility_control.h
[7.288s] -- Installing: /home/user/robo/sb-robot/microros_ws/src/install/statistics_msgs/lib/libstatistics_msgs__rosidl_typesupport_introspection_c.so
[7.289s] -- Set runtime path of "/home/user/robo/sb-robot/microros_ws/src/install/statistics_msgs/lib/libstatistics_msgs__rosidl_typesupport_introspection_c.so" to ""
[7.289s] -- Installing: /home/user/robo/sb-robot/microros_ws/src/install/statistics_msgs/lib/libstatistics_msgs__rosidl_typesupport_c.so
[7.289s] -- Set runtime path of "/home/user/robo/sb-robot/microros_ws/src/install/statistics_msgs/lib/libstatistics_msgs__rosidl_typesupport_c.so" to ""
[7.289s] -- Up-to-date: /home/user/robo/sb-robot/microros_ws/src/install/statistics_msgs/include/statistics_msgs/statistics_msgs
[7.289s] -- Up-to-date: /home/user/robo/sb-robot/microros_ws/src/install/statistics_msgs/include/statistics_msgs/statistics_msgs/msg
[7.295s] -- Up-to-date: /home/user/robo/sb-robot/microros_ws/src/install/statistics_msgs/include/statistics_msgs/statistics_msgs/msg/detail
[7.295s] -- Installing: /home/user/robo/sb-robot/microros_ws/src/install/statistics_msgs/include/statistics_msgs/statistics_msgs/msg/detail/metrics_message__rosidl_typesupport_introspection_cpp.hpp
[7.295s] -- Installing: /home/user/robo/sb-robot/microros_ws/src/install/statistics_msgs/include/statistics_msgs/statistics_msgs/msg/detail/statistic_data_type__rosidl_typesupport_introspection_cpp.hpp
[7.295s] -- Installing: /home/user/robo/sb-robot/microros_ws/src/install/statistics_msgs/include/statistics_msgs/statistics_msgs/msg/detail/metrics_message__type_support.cpp
[7.295s] -- Installing: /home/user/robo/sb-robot/microros_ws/src/install/statistics_msgs/include/statistics_msgs/statistics_msgs/msg/detail/statistic_data_type__type_support.cpp
[7.295s] -- Installing: /home/user/robo/sb-robot/microros_ws/src/install/statistics_msgs/include/statistics_msgs/statistics_msgs/msg/detail/statistic_data_point__rosidl_typesupport_introspection_cpp.hpp
[7.295s] -- Installing: /home/user/robo/sb-robot/microros_ws/src/install/statistics_msgs/include/statistics_msgs/statistics_msgs/msg/detail/statistic_data_point__type_support.cpp
[7.295s] -- Installing: /home/user/robo/sb-robot/microros_ws/src/install/statistics_msgs/lib/libstatistics_msgs__rosidl_typesupport_introspection_cpp.so
[7.295s] -- Set runtime path of "/home/user/robo/sb-robot/microros_ws/src/install/statistics_msgs/lib/libstatistics_msgs__rosidl_typesupport_introspection_cpp.so" to ""
[7.295s] -- Installing: /home/user/robo/sb-robot/microros_ws/src/install/statistics_msgs/lib/libstatistics_msgs__rosidl_typesupport_cpp.so
[7.295s] -- Set runtime path of "/home/user/robo/sb-robot/microros_ws/src/install/statistics_msgs/lib/libstatistics_msgs__rosidl_typesupport_cpp.so" to ""
[7.298s] -- Installing: /home/user/robo/sb-robot/microros_ws/src/install/statistics_msgs/share/statistics_msgs/environment/pythonpath.sh
[7.298s] -- Installing: /home/user/robo/sb-robot/microros_ws/src/install/statistics_msgs/share/statistics_msgs/environment/pythonpath.dsv
[7.298s] -- Installing: /home/user/robo/sb-robot/microros_ws/src/install/statistics_msgs/local/lib/python3.10/dist-packages/statistics_msgs-1.2.1-py3.10.egg-info
[7.298s] -- Installing: /home/user/robo/sb-robot/microros_ws/src/install/statistics_msgs/local/lib/python3.10/dist-packages/statistics_msgs-1.2.1-py3.10.egg-info/top_level.txt
[7.298s] -- Installing: /home/user/robo/sb-robot/microros_ws/src/install/statistics_msgs/local/lib/python3.10/dist-packages/statistics_msgs-1.2.1-py3.10.egg-info/dependency_links.txt
[7.299s] -- Installing: /home/user/robo/sb-robot/microros_ws/src/install/statistics_msgs/local/lib/python3.10/dist-packages/statistics_msgs-1.2.1-py3.10.egg-info/PKG-INFO
[7.299s] -- Installing: /home/user/robo/sb-robot/microros_ws/src/install/statistics_msgs/local/lib/python3.10/dist-packages/statistics_msgs-1.2.1-py3.10.egg-info/SOURCES.txt
[7.299s] -- Installing: /home/user/robo/sb-robot/microros_ws/src/install/statistics_msgs/local/lib/python3.10/dist-packages/statistics_msgs
[7.299s] -- Installing: /home/user/robo/sb-robot/microros_ws/src/install/statistics_msgs/local/lib/python3.10/dist-packages/statistics_msgs/statistics_msgs_s__rosidl_typesupport_fastrtps_c.cpython-310-x86_64-linux-gnu.so
[7.299s] -- Installing: /home/user/robo/sb-robot/microros_ws/src/install/statistics_msgs/local/lib/python3.10/dist-packages/statistics_msgs/statistics_msgs_s__rosidl_typesupport_c.cpython-310-x86_64-linux-gnu.so
[7.299s] -- Installing: /home/user/robo/sb-robot/microros_ws/src/install/statistics_msgs/local/lib/python3.10/dist-packages/statistics_msgs/libstatistics_msgs__rosidl_generator_py.so
[7.299s] -- Installing: /home/user/robo/sb-robot/microros_ws/src/install/statistics_msgs/local/lib/python3.10/dist-packages/statistics_msgs/_statistics_msgs_s.ep.rosidl_typesupport_introspection_c.c
[7.299s] -- Installing: /home/user/robo/sb-robot/microros_ws/src/install/statistics_msgs/local/lib/python3.10/dist-packages/statistics_msgs/__init__.py
[7.299s] -- Installing: /home/user/robo/sb-robot/microros_ws/src/install/statistics_msgs/local/lib/python3.10/dist-packages/statistics_msgs/_statistics_msgs_s.ep.rosidl_typesupport_c.c
[7.299s] -- Installing: /home/user/robo/sb-robot/microros_ws/src/install/statistics_msgs/local/lib/python3.10/dist-packages/statistics_msgs/_statistics_msgs_s.ep.rosidl_typesupport_fastrtps_c.c
[7.300s] -- Installing: /home/user/robo/sb-robot/microros_ws/src/install/statistics_msgs/local/lib/python3.10/dist-packages/statistics_msgs/msg
[7.300s] -- Installing: /home/user/robo/sb-robot/microros_ws/src/install/statistics_msgs/local/lib/python3.10/dist-packages/statistics_msgs/msg/_metrics_message_s.c
[7.301s] -- Installing: /home/user/robo/sb-robot/microros_ws/src/install/statistics_msgs/local/lib/python3.10/dist-packages/statistics_msgs/msg/_statistic_data_point.py
[7.301s] -- Installing: /home/user/robo/sb-robot/microros_ws/src/install/statistics_msgs/local/lib/python3.10/dist-packages/statistics_msgs/msg/_statistic_data_point_s.c
[7.301s] -- Installing: /home/user/robo/sb-robot/microros_ws/src/install/statistics_msgs/local/lib/python3.10/dist-packages/statistics_msgs/msg/_statistic_data_type.py
[7.301s] -- Installing: /home/user/robo/sb-robot/microros_ws/src/install/statistics_msgs/local/lib/python3.10/dist-packages/statistics_msgs/msg/__init__.py
[7.301s] -- Installing: /home/user/robo/sb-robot/microros_ws/src/install/statistics_msgs/local/lib/python3.10/dist-packages/statistics_msgs/msg/_statistic_data_type_s.c
[7.301s] -- Installing: /home/user/robo/sb-robot/microros_ws/src/install/statistics_msgs/local/lib/python3.10/dist-packages/statistics_msgs/msg/_metrics_message.py
[7.301s] -- Installing: /home/user/robo/sb-robot/microros_ws/src/install/statistics_msgs/local/lib/python3.10/dist-packages/statistics_msgs/statistics_msgs_s__rosidl_typesupport_introspection_c.cpython-310-x86_64-linux-gnu.so
[7.419s] Listing '/home/user/robo/sb-robot/microros_ws/src/install/statistics_msgs/local/lib/python3.10/dist-packages/statistics_msgs'...
[7.419s] Compiling '/home/user/robo/sb-robot/microros_ws/src/install/statistics_msgs/local/lib/python3.10/dist-packages/statistics_msgs/__init__.py'...
[7.419s] Listing '/home/user/robo/sb-robot/microros_ws/src/install/statistics_msgs/local/lib/python3.10/dist-packages/statistics_msgs/msg'...
[7.419s] Compiling '/home/user/robo/sb-robot/microros_ws/src/install/statistics_msgs/local/lib/python3.10/dist-packages/statistics_msgs/msg/__init__.py'...
[7.419s] Compiling '/home/user/robo/sb-robot/microros_ws/src/install/statistics_msgs/local/lib/python3.10/dist-packages/statistics_msgs/msg/_metrics_message.py'...
[7.419s] Compiling '/home/user/robo/sb-robot/microros_ws/src/install/statistics_msgs/local/lib/python3.10/dist-packages/statistics_msgs/msg/_statistic_data_point.py'...
[7.419s] Compiling '/home/user/robo/sb-robot/microros_ws/src/install/statistics_msgs/local/lib/python3.10/dist-packages/statistics_msgs/msg/_statistic_data_type.py'...
[7.434s] -- Installing: /home/user/robo/sb-robot/microros_ws/src/install/statistics_msgs/local/lib/python3.10/dist-packages/statistics_msgs/statistics_msgs_s__rosidl_typesupport_fastrtps_c.cpython-310-x86_64-linux-gnu.so
[7.435s] -- Set runtime path of "/home/user/robo/sb-robot/microros_ws/src/install/statistics_msgs/local/lib/python3.10/dist-packages/statistics_msgs/statistics_msgs_s__rosidl_typesupport_fastrtps_c.cpython-310-x86_64-linux-gnu.so" to ""
[7.435s] -- Installing: /home/user/robo/sb-robot/microros_ws/src/install/statistics_msgs/local/lib/python3.10/dist-packages/statistics_msgs/statistics_msgs_s__rosidl_typesupport_introspection_c.cpython-310-x86_64-linux-gnu.so
[7.441s] -- Set runtime path of "/home/user/robo/sb-robot/microros_ws/src/install/statistics_msgs/local/lib/python3.10/dist-packages/statistics_msgs/statistics_msgs_s__rosidl_typesupport_introspection_c.cpython-310-x86_64-linux-gnu.so" to ""
[7.442s] -- Installing: /home/user/robo/sb-robot/microros_ws/src/install/statistics_msgs/local/lib/python3.10/dist-packages/statistics_msgs/statistics_msgs_s__rosidl_typesupport_c.cpython-310-x86_64-linux-gnu.so
[7.442s] -- Set runtime path of "/home/user/robo/sb-robot/microros_ws/src/install/statistics_msgs/local/lib/python3.10/dist-packages/statistics_msgs/statistics_msgs_s__rosidl_typesupport_c.cpython-310-x86_64-linux-gnu.so" to ""
[7.442s] -- Installing: /home/user/robo/sb-robot/microros_ws/src/install/statistics_msgs/lib/libstatistics_msgs__rosidl_generator_py.so
[7.442s] -- Set runtime path of "/home/user/robo/sb-robot/microros_ws/src/install/statistics_msgs/lib/libstatistics_msgs__rosidl_generator_py.so" to ""
[7.442s] -- Installing: /home/user/robo/sb-robot/microros_ws/src/install/statistics_msgs/share/statistics_msgs/msg/MetricsMessage.idl
[7.442s] -- Installing: /home/user/robo/sb-robot/microros_ws/src/install/statistics_msgs/share/statistics_msgs/msg/StatisticDataPoint.idl
[7.442s] -- Installing: /home/user/robo/sb-robot/microros_ws/src/install/statistics_msgs/share/statistics_msgs/msg/StatisticDataType.idl
[7.442s] -- Installing: /home/user/robo/sb-robot/microros_ws/src/install/statistics_msgs/share/statistics_msgs/msg/MetricsMessage.msg
[7.443s] -- Installing: /home/user/robo/sb-robot/microros_ws/src/install/statistics_msgs/share/statistics_msgs/msg/StatisticDataPoint.msg
[7.444s] -- Installing: /home/user/robo/sb-robot/microros_ws/src/install/statistics_msgs/share/statistics_msgs/msg/StatisticDataType.msg
[7.444s] -- Installing: /home/user/robo/sb-robot/microros_ws/src/install/statistics_msgs/share/ament_index/resource_index/package_run_dependencies/statistics_msgs
[7.444s] -- Installing: /home/user/robo/sb-robot/microros_ws/src/install/statistics_msgs/share/ament_index/resource_index/parent_prefix_path/statistics_msgs
[7.444s] -- Installing: /home/user/robo/sb-robot/microros_ws/src/install/statistics_msgs/share/statistics_msgs/environment/ament_prefix_path.sh
[7.444s] -- Installing: /home/user/robo/sb-robot/microros_ws/src/install/statistics_msgs/share/statistics_msgs/environment/ament_prefix_path.dsv
[7.445s] -- Installing: /home/user/robo/sb-robot/microros_ws/src/install/statistics_msgs/share/statistics_msgs/environment/path.sh
[7.445s] -- Installing: /home/user/robo/sb-robot/microros_ws/src/install/statistics_msgs/share/statistics_msgs/environment/path.dsv
[7.445s] -- Installing: /home/user/robo/sb-robot/microros_ws/src/install/statistics_msgs/share/statistics_msgs/local_setup.bash
[7.446s] -- Installing: /home/user/robo/sb-robot/microros_ws/src/install/statistics_msgs/share/statistics_msgs/local_setup.sh
[7.446s] -- Installing: /home/user/robo/sb-robot/microros_ws/src/install/statistics_msgs/share/statistics_msgs/local_setup.zsh
[7.446s] -- Installing: /home/user/robo/sb-robot/microros_ws/src/install/statistics_msgs/share/statistics_msgs/local_setup.dsv
[7.447s] -- Installing: /home/user/robo/sb-robot/microros_ws/src/install/statistics_msgs/share/statistics_msgs/package.dsv
[7.455s] -- Installing: /home/user/robo/sb-robot/microros_ws/src/install/statistics_msgs/share/ament_index/resource_index/packages/statistics_msgs
[7.455s] -- Installing: /home/user/robo/sb-robot/microros_ws/src/install/statistics_msgs/share/statistics_msgs/cmake/export_statistics_msgs__rosidl_generator_cExport.cmake
[7.455s] -- Installing: /home/user/robo/sb-robot/microros_ws/src/install/statistics_msgs/share/statistics_msgs/cmake/export_statistics_msgs__rosidl_generator_cExport-noconfig.cmake
[7.455s] -- Installing: /home/user/robo/sb-robot/microros_ws/src/install/statistics_msgs/share/statistics_msgs/cmake/export_statistics_msgs__rosidl_typesupport_fastrtps_cExport.cmake
[7.455s] -- Installing: /home/user/robo/sb-robot/microros_ws/src/install/statistics_msgs/share/statistics_msgs/cmake/export_statistics_msgs__rosidl_typesupport_fastrtps_cExport-noconfig.cmake
[7.455s] -- Installing: /home/user/robo/sb-robot/microros_ws/src/install/statistics_msgs/share/statistics_msgs/cmake/export_statistics_msgs__rosidl_generator_cppExport.cmake
[7.455s] -- Installing: /home/user/robo/sb-robot/microros_ws/src/install/statistics_msgs/share/statistics_msgs/cmake/export_statistics_msgs__rosidl_typesupport_fastrtps_cppExport.cmake
[7.455s] -- Installing: /home/user/robo/sb-robot/microros_ws/src/install/statistics_msgs/share/statistics_msgs/cmake/export_statistics_msgs__rosidl_typesupport_fastrtps_cppExport-noconfig.cmake
[7.455s] -- Installing: /home/user/robo/sb-robot/microros_ws/src/install/statistics_msgs/share/statistics_msgs/cmake/statistics_msgs__rosidl_typesupport_introspection_cExport.cmake
[7.456s] -- Installing: /home/user/robo/sb-robot/microros_ws/src/install/statistics_msgs/share/statistics_msgs/cmake/statistics_msgs__rosidl_typesupport_introspection_cExport-noconfig.cmake
[7.456s] -- Installing: /home/user/robo/sb-robot/microros_ws/src/install/statistics_msgs/share/statistics_msgs/cmake/statistics_msgs__rosidl_typesupport_cExport.cmake
[7.456s] -- Installing: /home/user/robo/sb-robot/microros_ws/src/install/statistics_msgs/share/statistics_msgs/cmake/statistics_msgs__rosidl_typesupport_cExport-noconfig.cmake
[7.456s] -- Installing: /home/user/robo/sb-robot/microros_ws/src/install/statistics_msgs/share/statistics_msgs/cmake/statistics_msgs__rosidl_typesupport_introspection_cppExport.cmake
[7.456s] -- Installing: /home/user/robo/sb-robot/microros_ws/src/install/statistics_msgs/share/statistics_msgs/cmake/statistics_msgs__rosidl_typesupport_introspection_cppExport-noconfig.cmake
[7.456s] -- Installing: /home/user/robo/sb-robot/microros_ws/src/install/statistics_msgs/share/statistics_msgs/cmake/statistics_msgs__rosidl_typesupport_cppExport.cmake
[7.456s] -- Installing: /home/user/robo/sb-robot/microros_ws/src/install/statistics_msgs/share/statistics_msgs/cmake/statistics_msgs__rosidl_typesupport_cppExport-noconfig.cmake
[7.456s] -- Installing: /home/user/robo/sb-robot/microros_ws/src/install/statistics_msgs/share/statistics_msgs/cmake/export_statistics_msgs__rosidl_generator_pyExport.cmake
[7.456s] -- Installing: /home/user/robo/sb-robot/microros_ws/src/install/statistics_msgs/share/statistics_msgs/cmake/export_statistics_msgs__rosidl_generator_pyExport-noconfig.cmake
[7.456s] -- Installing: /home/user/robo/sb-robot/microros_ws/src/install/statistics_msgs/share/statistics_msgs/cmake/rosidl_cmake-extras.cmake
[7.456s] -- Installing: /home/user/robo/sb-robot/microros_ws/src/install/statistics_msgs/share/statistics_msgs/cmake/ament_cmake_export_dependencies-extras.cmake
[7.456s] -- Installing: /home/user/robo/sb-robot/microros_ws/src/install/statistics_msgs/share/statistics_msgs/cmake/ament_cmake_export_include_directories-extras.cmake
[7.456s] -- Installing: /home/user/robo/sb-robot/microros_ws/src/install/statistics_msgs/share/statistics_msgs/cmake/ament_cmake_export_libraries-extras.cmake
[7.456s] -- Installing: /home/user/robo/sb-robot/microros_ws/src/install/statistics_msgs/share/statistics_msgs/cmake/ament_cmake_export_targets-extras.cmake
[7.456s] -- Installing: /home/user/robo/sb-robot/microros_ws/src/install/statistics_msgs/share/statistics_msgs/cmake/rosidl_cmake_export_typesupport_targets-extras.cmake
[7.456s] -- Installing: /home/user/robo/sb-robot/microros_ws/src/install/statistics_msgs/share/statistics_msgs/cmake/rosidl_cmake_export_typesupport_libraries-extras.cmake
[7.456s] -- Installing: /home/user/robo/sb-robot/microros_ws/src/install/statistics_msgs/share/statistics_msgs/cmake/statistics_msgsConfig.cmake
[7.456s] -- Installing: /home/user/robo/sb-robot/microros_ws/src/install/statistics_msgs/share/statistics_msgs/cmake/statistics_msgsConfig-version.cmake
[7.456s] -- Installing: /home/user/robo/sb-robot/microros_ws/src/install/statistics_msgs/share/statistics_msgs/package.xml
[7.482s] Invoked command in '/home/user/robo/sb-robot/microros_ws/src/build/statistics_msgs' returned '0': AMENT_PREFIX_PATH=/home/user/robo/sb-robot/microros_ws/src/install/builtin_interfaces:${AMENT_PREFIX_PATH} CMAKE_PREFIX_PATH=/home/user/robo/sb-robot/microros_ws/src/install/builtin_interfaces:/home/user/robo/sb-robot/microros_ws/install/micro_ros_setup:/home/user/robo/sb-robot/microros_ws/install/micro_ros_agent:/home/user/robo/sb-robot/microros_ws/install/micro_ros_msgs:/home/user/robo/sb-robot/microros_ws/install/builtin_interfaces:/opt/ros/humble LD_LIBRARY_PATH=/home/user/robo/sb-robot/microros_ws/src/install/builtin_interfaces/lib:${LD_LIBRARY_PATH} PYTHONPATH=/home/user/robo/sb-robot/microros_ws/src/install/builtin_interfaces/local/lib/python3.10/dist-packages:${PYTHONPATH} /usr/bin/cmake --install /home/user/robo/sb-robot/microros_ws/src/build/statistics_msgs
