[0.130s] Invoking command in '/home/user/robo/sb-robot/microros_ws/src/build/action_msgs': AMENT_PREFIX_PATH=/home/user/robo/sb-robot/microros_ws/src/install/unique_identifier_msgs:/home/user/robo/sb-robot/microros_ws/src/install/builtin_interfaces:${AMENT_PREFIX_PATH} CMAKE_PREFIX_PATH=/home/user/robo/sb-robot/microros_ws/src/install/unique_identifier_msgs:/home/user/robo/sb-robot/microros_ws/src/install/builtin_interfaces:/home/user/robo/sb-robot/microros_ws/install/micro_ros_setup:/home/user/robo/sb-robot/microros_ws/install/micro_ros_agent:/home/user/robo/sb-robot/microros_ws/install/micro_ros_msgs:/home/user/robo/sb-robot/microros_ws/install/builtin_interfaces:/opt/ros/humble LD_LIBRARY_PATH=/home/user/robo/sb-robot/microros_ws/src/install/unique_identifier_msgs/lib:/home/user/robo/sb-robot/microros_ws/src/install/builtin_interfaces/lib:${LD_LIBRARY_PATH} PYTHONPATH=/home/user/robo/sb-robot/microros_ws/src/install/unique_identifier_msgs/local/lib/python3.10/dist-packages:/home/user/robo/sb-robot/microros_ws/src/install/builtin_interfaces/local/lib/python3.10/dist-packages:${PYTHONPATH} /usr/bin/cmake /home/user/robo/sb-robot/microros_ws/src/ros2/rcl_interfaces/action_msgs -DCMAKE_INSTALL_PREFIX=/home/user/robo/sb-robot/microros_ws/src/install/action_msgs
[0.333s] -- The C compiler identification is GNU 11.4.0
[0.533s] -- The CXX compiler identification is GNU 11.4.0
[0.545s] -- Detecting C compiler ABI info
[0.757s] -- Detecting C compiler ABI info - done
[0.782s] -- Check for working C compiler: /usr/bin/cc - skipped
[0.782s] -- Detecting C compile features
[0.782s] -- Detecting C compile features - done
[0.789s] -- Detecting CXX compiler ABI info
[0.928s] -- Detecting CXX compiler ABI info - done
[0.933s] -- Check for working CXX compiler: /usr/bin/c++ - skipped
[0.933s] -- Detecting CXX compile features
[0.933s] -- Detecting CXX compile features - done
[0.937s] -- Found ament_cmake: 1.3.11 (/opt/ros/humble/share/ament_cmake/cmake)
[1.134s] -- Found Python3: /usr/bin/python3 (found version "3.10.12") found components: Interpreter 
[1.245s] -- Found builtin_interfaces: 1.2.1 (/home/user/robo/sb-robot/microros_ws/src/install/builtin_interfaces/share/builtin_interfaces/cmake)
[1.270s] -- Found rosidl_generator_c: 3.1.6 (/opt/ros/humble/share/rosidl_generator_c/cmake)
[1.274s] -- Found rosidl_adapter: 3.1.6 (/opt/ros/humble/share/rosidl_adapter/cmake)
[1.281s] -- Found rosidl_generator_cpp: 3.1.6 (/opt/ros/humble/share/rosidl_generator_cpp/cmake)
[1.289s] -- Using all available rosidl_typesupport_c: rosidl_typesupport_fastrtps_c;rosidl_typesupport_introspection_c
[1.301s] -- Using all available rosidl_typesupport_cpp: rosidl_typesupport_fastrtps_cpp;rosidl_typesupport_introspection_cpp
[1.313s] -- Found rosidl_default_generators: 1.2.0 (/opt/ros/humble/share/rosidl_default_generators/cmake)
[1.318s] -- Found unique_identifier_msgs: 2.2.1 (/home/user/robo/sb-robot/microros_ws/src/install/unique_identifier_msgs/share/unique_identifier_msgs/cmake)
[1.545s] -- Found ament_cmake_cppcheck: 0.12.11 (/opt/ros/humble/share/ament_cmake_cppcheck/cmake)
[1.548s] -- Found ament_cmake_cpplint: 0.12.11 (/opt/ros/humble/share/ament_cmake_cpplint/cmake)
[1.551s] -- Found ament_cmake_uncrustify: 0.12.11 (/opt/ros/humble/share/ament_cmake_uncrustify/cmake)
[1.554s] -- Found ament_cmake_ros: 0.10.0 (/opt/ros/humble/share/ament_cmake_ros/cmake)
[1.945s] -- Using all available rosidl_typesupport_c: rosidl_typesupport_fastrtps_c;rosidl_typesupport_introspection_c
[2.203s] -- Using all available rosidl_typesupport_cpp: rosidl_typesupport_fastrtps_cpp;rosidl_typesupport_introspection_cpp
[2.232s] -- Found PythonInterp: /usr/bin/python3 (found suitable version "3.10.12", minimum required is "3.6") 
[2.235s] -- Found python_cmake_module: 0.10.0 (/opt/ros/humble/share/python_cmake_module/cmake)
[2.260s] -- Found PythonLibs: /usr/lib/x86_64-linux-gnu/libpython3.10.so (found suitable version "3.10.12", minimum required is "3.5") 
[2.260s] -- Using PYTHON_EXECUTABLE: /usr/bin/python3
[2.260s] -- Using PYTHON_INCLUDE_DIRS: /usr/include/python3.10
[2.260s] -- Using PYTHON_LIBRARIES: /usr/lib/x86_64-linux-gnu/libpython3.10.so
[2.288s] -- Found PythonExtra: .so  
[2.342s] -- Found ament_cmake_flake8: 0.12.11 (/opt/ros/humble/share/ament_cmake_flake8/cmake)
[2.345s] -- Found ament_cmake_pep257: 0.12.11 (/opt/ros/humble/share/ament_cmake_pep257/cmake)
[2.350s] -- Found ament_lint_auto: 0.12.11 (/opt/ros/humble/share/ament_lint_auto/cmake)
[2.372s] -- Added test 'copyright' to check source files copyright and LICENSE
[2.372s] -- Added test 'lint_cmake' to check CMake code style
[2.372s] -- Added test 'xmllint' to check XML markup files
[2.376s] -- Configuring done
[2.432s] -- Generating done
[2.447s] -- Build files have been written to: /home/user/robo/sb-robot/microros_ws/src/build/action_msgs
[2.469s] Invoked command in '/home/user/robo/sb-robot/microros_ws/src/build/action_msgs' returned '0': AMENT_PREFIX_PATH=/home/user/robo/sb-robot/microros_ws/src/install/unique_identifier_msgs:/home/user/robo/sb-robot/microros_ws/src/install/builtin_interfaces:${AMENT_PREFIX_PATH} CMAKE_PREFIX_PATH=/home/user/robo/sb-robot/microros_ws/src/install/unique_identifier_msgs:/home/user/robo/sb-robot/microros_ws/src/install/builtin_interfaces:/home/user/robo/sb-robot/microros_ws/install/micro_ros_setup:/home/user/robo/sb-robot/microros_ws/install/micro_ros_agent:/home/user/robo/sb-robot/microros_ws/install/micro_ros_msgs:/home/user/robo/sb-robot/microros_ws/install/builtin_interfaces:/opt/ros/humble LD_LIBRARY_PATH=/home/user/robo/sb-robot/microros_ws/src/install/unique_identifier_msgs/lib:/home/user/robo/sb-robot/microros_ws/src/install/builtin_interfaces/lib:${LD_LIBRARY_PATH} PYTHONPATH=/home/user/robo/sb-robot/microros_ws/src/install/unique_identifier_msgs/local/lib/python3.10/dist-packages:/home/user/robo/sb-robot/microros_ws/src/install/builtin_interfaces/local/lib/python3.10/dist-packages:${PYTHONPATH} /usr/bin/cmake /home/user/robo/sb-robot/microros_ws/src/ros2/rcl_interfaces/action_msgs -DCMAKE_INSTALL_PREFIX=/home/user/robo/sb-robot/microros_ws/src/install/action_msgs
[2.470s] Invoking command in '/home/user/robo/sb-robot/microros_ws/src/build/action_msgs': AMENT_PREFIX_PATH=/home/user/robo/sb-robot/microros_ws/src/install/unique_identifier_msgs:/home/user/robo/sb-robot/microros_ws/src/install/builtin_interfaces:${AMENT_PREFIX_PATH} CMAKE_PREFIX_PATH=/home/user/robo/sb-robot/microros_ws/src/install/unique_identifier_msgs:/home/user/robo/sb-robot/microros_ws/src/install/builtin_interfaces:/home/user/robo/sb-robot/microros_ws/install/micro_ros_setup:/home/user/robo/sb-robot/microros_ws/install/micro_ros_agent:/home/user/robo/sb-robot/microros_ws/install/micro_ros_msgs:/home/user/robo/sb-robot/microros_ws/install/builtin_interfaces:/opt/ros/humble LD_LIBRARY_PATH=/home/user/robo/sb-robot/microros_ws/src/install/unique_identifier_msgs/lib:/home/user/robo/sb-robot/microros_ws/src/install/builtin_interfaces/lib:${LD_LIBRARY_PATH} PYTHONPATH=/home/user/robo/sb-robot/microros_ws/src/install/unique_identifier_msgs/local/lib/python3.10/dist-packages:/home/user/robo/sb-robot/microros_ws/src/install/builtin_interfaces/local/lib/python3.10/dist-packages:${PYTHONPATH} /usr/bin/cmake --build /home/user/robo/sb-robot/microros_ws/src/build/action_msgs -- -j20 -l20
[2.554s] [  1%] [34m[1mGenerating C code for ROS interfaces[0m
[2.566s] [  3%] [34m[1mGenerating C++ code for ROS interfaces[0m
[2.621s] [  3%] Built target ament_cmake_python_copy_action_msgs
[3.040s] running egg_info
[3.041s] creating action_msgs.egg-info
[3.045s] writing action_msgs.egg-info/PKG-INFO
[3.045s] writing dependency_links to action_msgs.egg-info/dependency_links.txt
[3.045s] writing top-level names to action_msgs.egg-info/top_level.txt
[3.045s] writing manifest file 'action_msgs.egg-info/SOURCES.txt'
[3.045s] reading manifest file 'action_msgs.egg-info/SOURCES.txt'
[3.046s] writing manifest file 'action_msgs.egg-info/SOURCES.txt'
[3.119s] [  3%] Built target ament_cmake_python_build_action_msgs_egg
[3.562s] [  3%] Built target action_msgs__cpp
[3.588s] [  5%] [34m[1mGenerating C++ type support dispatch for ROS interfaces[0m
[3.589s] [  7%] [34m[1mGenerating C++ type support for eProsima Fast-RTPS[0m
[3.594s] [  9%] [34m[1mGenerating C++ introspection for ROS interfaces[0m
[3.913s] [ 10%] [32mBuilding C object CMakeFiles/action_msgs__rosidl_generator_c.dir/rosidl_generator_c/action_msgs/msg/detail/goal_info__functions.c.o[0m
[3.913s] [ 12%] [32mBuilding C object CMakeFiles/action_msgs__rosidl_generator_c.dir/rosidl_generator_c/action_msgs/msg/detail/goal_status__functions.c.o[0m
[3.920s] [ 14%] [32mBuilding C object CMakeFiles/action_msgs__rosidl_generator_c.dir/rosidl_generator_c/action_msgs/msg/detail/goal_status_array__functions.c.o[0m
[3.934s] [ 16%] [32mBuilding C object CMakeFiles/action_msgs__rosidl_generator_c.dir/rosidl_generator_c/action_msgs/srv/detail/cancel_goal__functions.c.o[0m
[4.116s] [ 18%] [32m[1mLinking C shared library libaction_msgs__rosidl_generator_c.so[0m
[4.220s] [ 18%] Built target action_msgs__rosidl_generator_c
[4.256s] [ 20%] [34m[1mGenerating C type support for eProsima Fast-RTPS[0m
[4.269s] [ 21%] [34m[1mGenerating C type support dispatch for ROS interfaces[0m
[4.270s] [ 23%] [34m[1mGenerating C introspection for ROS interfaces[0m
[4.728s] [ 25%] [32mBuilding CXX object CMakeFiles/action_msgs__rosidl_typesupport_cpp.dir/rosidl_typesupport_cpp/action_msgs/msg/goal_status__type_support.cpp.o[0m
[4.732s] [ 27%] [32mBuilding CXX object CMakeFiles/action_msgs__rosidl_typesupport_cpp.dir/rosidl_typesupport_cpp/action_msgs/msg/goal_info__type_support.cpp.o[0m
[4.738s] [ 29%] [32mBuilding CXX object CMakeFiles/action_msgs__rosidl_typesupport_cpp.dir/rosidl_typesupport_cpp/action_msgs/msg/goal_status_array__type_support.cpp.o[0m
[4.744s] [ 30%] [32mBuilding CXX object CMakeFiles/action_msgs__rosidl_typesupport_cpp.dir/rosidl_typesupport_cpp/action_msgs/srv/cancel_goal__type_support.cpp.o[0m
[4.926s] [ 32%] [32mBuilding CXX object CMakeFiles/action_msgs__rosidl_typesupport_introspection_cpp.dir/rosidl_typesupport_introspection_cpp/action_msgs/msg/detail/goal_info__type_support.cpp.o[0m
[4.926s] [ 34%] [32mBuilding CXX object CMakeFiles/action_msgs__rosidl_typesupport_introspection_cpp.dir/rosidl_typesupport_introspection_cpp/action_msgs/msg/detail/goal_status__type_support.cpp.o[0m
[4.934s] [ 36%] [32mBuilding CXX object CMakeFiles/action_msgs__rosidl_typesupport_introspection_cpp.dir/rosidl_typesupport_introspection_cpp/action_msgs/msg/detail/goal_status_array__type_support.cpp.o[0m
[4.940s] [ 38%] [32mBuilding CXX object CMakeFiles/action_msgs__rosidl_typesupport_introspection_cpp.dir/rosidl_typesupport_introspection_cpp/action_msgs/srv/detail/cancel_goal__type_support.cpp.o[0m
[5.125s] [ 40%] [32mBuilding CXX object CMakeFiles/action_msgs__rosidl_typesupport_fastrtps_cpp.dir/rosidl_typesupport_fastrtps_cpp/action_msgs/msg/detail/dds_fastrtps/goal_status__type_support.cpp.o[0m
[5.125s] [ 41%] [32mBuilding CXX object CMakeFiles/action_msgs__rosidl_typesupport_fastrtps_cpp.dir/rosidl_typesupport_fastrtps_cpp/action_msgs/srv/detail/dds_fastrtps/cancel_goal__type_support.cpp.o[0m
[5.125s] [ 43%] [32mBuilding CXX object CMakeFiles/action_msgs__rosidl_typesupport_fastrtps_cpp.dir/rosidl_typesupport_fastrtps_cpp/action_msgs/msg/detail/dds_fastrtps/goal_info__type_support.cpp.o[0m
[5.126s] [ 45%] [32mBuilding CXX object CMakeFiles/action_msgs__rosidl_typesupport_fastrtps_cpp.dir/rosidl_typesupport_fastrtps_cpp/action_msgs/msg/detail/dds_fastrtps/goal_status_array__type_support.cpp.o[0m
[5.270s] [ 47%] [32m[1mLinking CXX shared library libaction_msgs__rosidl_typesupport_cpp.so[0m
[5.342s] [ 47%] Built target action_msgs__rosidl_typesupport_cpp
[5.483s] [ 50%] [32mBuilding CXX object CMakeFiles/action_msgs__rosidl_typesupport_c.dir/rosidl_typesupport_c/action_msgs/msg/goal_status__type_support.cpp.o[0m
[5.483s] [ 50%] [32mBuilding CXX object CMakeFiles/action_msgs__rosidl_typesupport_c.dir/rosidl_typesupport_c/action_msgs/msg/goal_info__type_support.cpp.o[0m
[5.493s] [ 52%] [32mBuilding CXX object CMakeFiles/action_msgs__rosidl_typesupport_c.dir/rosidl_typesupport_c/action_msgs/srv/cancel_goal__type_support.cpp.o[0m
[5.495s] [ 54%] [32mBuilding CXX object CMakeFiles/action_msgs__rosidl_typesupport_c.dir/rosidl_typesupport_c/action_msgs/msg/goal_status_array__type_support.cpp.o[0m
[5.524s] [ 56%] [32mBuilding CXX object CMakeFiles/action_msgs__rosidl_typesupport_fastrtps_c.dir/rosidl_typesupport_fastrtps_c/action_msgs/msg/detail/goal_info__type_support_c.cpp.o[0m
[5.527s] [ 58%] [32mBuilding C object CMakeFiles/action_msgs__rosidl_typesupport_introspection_c.dir/rosidl_typesupport_introspection_c/action_msgs/msg/detail/goal_info__type_support.c.o[0m
[5.527s] [ 60%] [32mBuilding C object CMakeFiles/action_msgs__rosidl_typesupport_introspection_c.dir/rosidl_typesupport_introspection_c/action_msgs/msg/detail/goal_status_array__type_support.c.o[0m
[5.528s] [ 63%] [32mBuilding C object CMakeFiles/action_msgs__rosidl_typesupport_introspection_c.dir/rosidl_typesupport_introspection_c/action_msgs/msg/detail/goal_status__type_support.c.o[0m
[5.528s] [ 63%] [32mBuilding C object CMakeFiles/action_msgs__rosidl_typesupport_introspection_c.dir/rosidl_typesupport_introspection_c/action_msgs/srv/detail/cancel_goal__type_support.c.o[0m
[5.533s] [ 65%] [32mBuilding CXX object CMakeFiles/action_msgs__rosidl_typesupport_fastrtps_c.dir/rosidl_typesupport_fastrtps_c/action_msgs/msg/detail/goal_status__type_support_c.cpp.o[0m
[5.538s] [ 67%] [32mBuilding CXX object CMakeFiles/action_msgs__rosidl_typesupport_fastrtps_c.dir/rosidl_typesupport_fastrtps_c/action_msgs/msg/detail/goal_status_array__type_support_c.cpp.o[0m
[5.543s] [ 69%] [32mBuilding CXX object CMakeFiles/action_msgs__rosidl_typesupport_fastrtps_c.dir/rosidl_typesupport_fastrtps_c/action_msgs/srv/detail/cancel_goal__type_support_c.cpp.o[0m
[5.583s] [ 70%] [32m[1mLinking CXX shared library libaction_msgs__rosidl_typesupport_c.so[0m
[5.591s] [ 72%] [32m[1mLinking C shared library libaction_msgs__rosidl_typesupport_introspection_c.so[0m
[5.613s] [ 74%] [32m[1mLinking CXX shared library libaction_msgs__rosidl_typesupport_introspection_cpp.so[0m
[5.660s] [ 74%] Built target action_msgs__rosidl_typesupport_introspection_c
[5.685s] [ 74%] Built target action_msgs__rosidl_typesupport_c
[5.797s] [ 74%] Built target action_msgs__rosidl_typesupport_introspection_cpp
[5.856s] [ 76%] [32m[1mLinking CXX shared library libaction_msgs__rosidl_typesupport_fastrtps_cpp.so[0m
[6.050s] [ 76%] Built target action_msgs__rosidl_typesupport_fastrtps_cpp
[6.089s] [ 78%] [32m[1mLinking CXX shared library libaction_msgs__rosidl_typesupport_fastrtps_c.so[0m
[6.191s] [ 78%] Built target action_msgs__rosidl_typesupport_fastrtps_c
[6.215s] [ 78%] Built target action_msgs
[6.243s] [ 80%] [34m[1mGenerating Python code for ROS interfaces[0m
[7.506s] [ 80%] Built target action_msgs__py
[7.569s] [ 81%] [32mBuilding C object CMakeFiles/action_msgs__rosidl_generator_py.dir/rosidl_generator_py/action_msgs/msg/_goal_info_s.c.o[0m
[7.569s] [ 83%] [32mBuilding C object CMakeFiles/action_msgs__rosidl_generator_py.dir/rosidl_generator_py/action_msgs/srv/_cancel_goal_s.c.o[0m
[7.570s] [ 85%] [32mBuilding C object CMakeFiles/action_msgs__rosidl_generator_py.dir/rosidl_generator_py/action_msgs/msg/_goal_status_s.c.o[0m
[7.590s] [ 87%] [32mBuilding C object CMakeFiles/action_msgs__rosidl_generator_py.dir/rosidl_generator_py/action_msgs/msg/_goal_status_array_s.c.o[0m
[7.929s] [ 89%] [32m[1mLinking C shared library rosidl_generator_py/action_msgs/libaction_msgs__rosidl_generator_py.so[0m
[8.077s] [ 89%] Built target action_msgs__rosidl_generator_py
[8.141s] [ 90%] [32mBuilding C object CMakeFiles/action_msgs__rosidl_typesupport_fastrtps_c__pyext.dir/rosidl_generator_py/action_msgs/_action_msgs_s.ep.rosidl_typesupport_fastrtps_c.c.o[0m
[8.144s] [ 92%] [32mBuilding C object CMakeFiles/action_msgs__rosidl_typesupport_c__pyext.dir/rosidl_generator_py/action_msgs/_action_msgs_s.ep.rosidl_typesupport_c.c.o[0m
[8.148s] [ 94%] [32mBuilding C object CMakeFiles/action_msgs__rosidl_typesupport_introspection_c__pyext.dir/rosidl_generator_py/action_msgs/_action_msgs_s.ep.rosidl_typesupport_introspection_c.c.o[0m
[8.326s] [ 96%] [32m[1mLinking C shared library rosidl_generator_py/action_msgs/action_msgs_s__rosidl_typesupport_fastrtps_c.cpython-310-x86_64-linux-gnu.so[0m
[8.424s] [ 98%] [32m[1mLinking C shared library rosidl_generator_py/action_msgs/action_msgs_s__rosidl_typesupport_introspection_c.cpython-310-x86_64-linux-gnu.so[0m
[8.441s] [100%] [32m[1mLinking C shared library rosidl_generator_py/action_msgs/action_msgs_s__rosidl_typesupport_c.cpython-310-x86_64-linux-gnu.so[0m
[8.481s] [100%] Built target action_msgs__rosidl_typesupport_fastrtps_c__pyext
[8.565s] [100%] Built target action_msgs__rosidl_typesupport_introspection_c__pyext
[8.587s] [100%] Built target action_msgs__rosidl_typesupport_c__pyext
[8.636s] Invoked command in '/home/user/robo/sb-robot/microros_ws/src/build/action_msgs' returned '0': AMENT_PREFIX_PATH=/home/user/robo/sb-robot/microros_ws/src/install/unique_identifier_msgs:/home/user/robo/sb-robot/microros_ws/src/install/builtin_interfaces:${AMENT_PREFIX_PATH} CMAKE_PREFIX_PATH=/home/user/robo/sb-robot/microros_ws/src/install/unique_identifier_msgs:/home/user/robo/sb-robot/microros_ws/src/install/builtin_interfaces:/home/user/robo/sb-robot/microros_ws/install/micro_ros_setup:/home/user/robo/sb-robot/microros_ws/install/micro_ros_agent:/home/user/robo/sb-robot/microros_ws/install/micro_ros_msgs:/home/user/robo/sb-robot/microros_ws/install/builtin_interfaces:/opt/ros/humble LD_LIBRARY_PATH=/home/user/robo/sb-robot/microros_ws/src/install/unique_identifier_msgs/lib:/home/user/robo/sb-robot/microros_ws/src/install/builtin_interfaces/lib:${LD_LIBRARY_PATH} PYTHONPATH=/home/user/robo/sb-robot/microros_ws/src/install/unique_identifier_msgs/local/lib/python3.10/dist-packages:/home/user/robo/sb-robot/microros_ws/src/install/builtin_interfaces/local/lib/python3.10/dist-packages:${PYTHONPATH} /usr/bin/cmake --build /home/user/robo/sb-robot/microros_ws/src/build/action_msgs -- -j20 -l20
[8.637s] Invoking command in '/home/user/robo/sb-robot/microros_ws/src/build/action_msgs': AMENT_PREFIX_PATH=/home/user/robo/sb-robot/microros_ws/src/install/unique_identifier_msgs:/home/user/robo/sb-robot/microros_ws/src/install/builtin_interfaces:${AMENT_PREFIX_PATH} CMAKE_PREFIX_PATH=/home/user/robo/sb-robot/microros_ws/src/install/unique_identifier_msgs:/home/user/robo/sb-robot/microros_ws/src/install/builtin_interfaces:/home/user/robo/sb-robot/microros_ws/install/micro_ros_setup:/home/user/robo/sb-robot/microros_ws/install/micro_ros_agent:/home/user/robo/sb-robot/microros_ws/install/micro_ros_msgs:/home/user/robo/sb-robot/microros_ws/install/builtin_interfaces:/opt/ros/humble LD_LIBRARY_PATH=/home/user/robo/sb-robot/microros_ws/src/install/unique_identifier_msgs/lib:/home/user/robo/sb-robot/microros_ws/src/install/builtin_interfaces/lib:${LD_LIBRARY_PATH} PYTHONPATH=/home/user/robo/sb-robot/microros_ws/src/install/unique_identifier_msgs/local/lib/python3.10/dist-packages:/home/user/robo/sb-robot/microros_ws/src/install/builtin_interfaces/local/lib/python3.10/dist-packages:${PYTHONPATH} /usr/bin/cmake --install /home/user/robo/sb-robot/microros_ws/src/build/action_msgs
[8.664s] -- Install configuration: ""
[8.664s] -- Installing: /home/user/robo/sb-robot/microros_ws/src/install/action_msgs/share/ament_index/resource_index/rosidl_interfaces/action_msgs
[8.665s] -- Installing: /home/user/robo/sb-robot/microros_ws/src/install/action_msgs/include/action_msgs/action_msgs
[8.665s] -- Installing: /home/user/robo/sb-robot/microros_ws/src/install/action_msgs/include/action_msgs/action_msgs/srv
[8.665s] -- Installing: /home/user/robo/sb-robot/microros_ws/src/install/action_msgs/include/action_msgs/action_msgs/srv/detail
[8.665s] -- Installing: /home/user/robo/sb-robot/microros_ws/src/install/action_msgs/include/action_msgs/action_msgs/srv/detail/cancel_goal__functions.c
[8.665s] -- Installing: /home/user/robo/sb-robot/microros_ws/src/install/action_msgs/include/action_msgs/action_msgs/srv/detail/cancel_goal__type_support.h
[8.665s] -- Installing: /home/user/robo/sb-robot/microros_ws/src/install/action_msgs/include/action_msgs/action_msgs/srv/detail/cancel_goal__struct.h
[8.666s] -- Installing: /home/user/robo/sb-robot/microros_ws/src/install/action_msgs/include/action_msgs/action_msgs/srv/detail/cancel_goal__functions.h
[8.666s] -- Installing: /home/user/robo/sb-robot/microros_ws/src/install/action_msgs/include/action_msgs/action_msgs/srv/cancel_goal.h
[8.666s] -- Installing: /home/user/robo/sb-robot/microros_ws/src/install/action_msgs/include/action_msgs/action_msgs/msg
[8.666s] -- Installing: /home/user/robo/sb-robot/microros_ws/src/install/action_msgs/include/action_msgs/action_msgs/msg/goal_status_array.h
[8.667s] -- Installing: /home/user/robo/sb-robot/microros_ws/src/install/action_msgs/include/action_msgs/action_msgs/msg/goal_status.h
[8.667s] -- Installing: /home/user/robo/sb-robot/microros_ws/src/install/action_msgs/include/action_msgs/action_msgs/msg/detail
[8.667s] -- Installing: /home/user/robo/sb-robot/microros_ws/src/install/action_msgs/include/action_msgs/action_msgs/msg/detail/goal_info__type_support.h
[8.667s] -- Installing: /home/user/robo/sb-robot/microros_ws/src/install/action_msgs/include/action_msgs/action_msgs/msg/detail/goal_info__functions.h
[8.667s] -- Installing: /home/user/robo/sb-robot/microros_ws/src/install/action_msgs/include/action_msgs/action_msgs/msg/detail/goal_status_array__type_support.h
[8.667s] -- Installing: /home/user/robo/sb-robot/microros_ws/src/install/action_msgs/include/action_msgs/action_msgs/msg/detail/goal_status__functions.h
[8.668s] -- Installing: /home/user/robo/sb-robot/microros_ws/src/install/action_msgs/include/action_msgs/action_msgs/msg/detail/goal_status_array__struct.h
[8.668s] -- Installing: /home/user/robo/sb-robot/microros_ws/src/install/action_msgs/include/action_msgs/action_msgs/msg/detail/goal_status_array__functions.c
[8.668s] -- Installing: /home/user/robo/sb-robot/microros_ws/src/install/action_msgs/include/action_msgs/action_msgs/msg/detail/goal_status_array__functions.h
[8.668s] -- Installing: /home/user/robo/sb-robot/microros_ws/src/install/action_msgs/include/action_msgs/action_msgs/msg/detail/goal_info__functions.c
[8.668s] -- Installing: /home/user/robo/sb-robot/microros_ws/src/install/action_msgs/include/action_msgs/action_msgs/msg/detail/goal_info__struct.h
[8.668s] -- Installing: /home/user/robo/sb-robot/microros_ws/src/install/action_msgs/include/action_msgs/action_msgs/msg/detail/goal_status__functions.c
[8.668s] -- Installing: /home/user/robo/sb-robot/microros_ws/src/install/action_msgs/include/action_msgs/action_msgs/msg/detail/goal_status__type_support.h
[8.669s] -- Installing: /home/user/robo/sb-robot/microros_ws/src/install/action_msgs/include/action_msgs/action_msgs/msg/detail/goal_status__struct.h
[8.669s] -- Installing: /home/user/robo/sb-robot/microros_ws/src/install/action_msgs/include/action_msgs/action_msgs/msg/rosidl_generator_c__visibility_control.h
[8.669s] -- Installing: /home/user/robo/sb-robot/microros_ws/src/install/action_msgs/include/action_msgs/action_msgs/msg/goal_info.h
[8.669s] -- Installing: /home/user/robo/sb-robot/microros_ws/src/install/action_msgs/share/action_msgs/environment/library_path.sh
[8.669s] -- Installing: /home/user/robo/sb-robot/microros_ws/src/install/action_msgs/share/action_msgs/environment/library_path.dsv
[8.669s] -- Installing: /home/user/robo/sb-robot/microros_ws/src/install/action_msgs/lib/libaction_msgs__rosidl_generator_c.so
[8.669s] -- Set runtime path of "/home/user/robo/sb-robot/microros_ws/src/install/action_msgs/lib/libaction_msgs__rosidl_generator_c.so" to ""
[8.669s] -- Up-to-date: /home/user/robo/sb-robot/microros_ws/src/install/action_msgs/include/action_msgs/action_msgs
[8.669s] -- Up-to-date: /home/user/robo/sb-robot/microros_ws/src/install/action_msgs/include/action_msgs/action_msgs/srv
[8.669s] -- Up-to-date: /home/user/robo/sb-robot/microros_ws/src/install/action_msgs/include/action_msgs/action_msgs/srv/detail
[8.669s] -- Installing: /home/user/robo/sb-robot/microros_ws/src/install/action_msgs/include/action_msgs/action_msgs/srv/detail/cancel_goal__rosidl_typesupport_fastrtps_c.h
[8.669s] -- Up-to-date: /home/user/robo/sb-robot/microros_ws/src/install/action_msgs/include/action_msgs/action_msgs/msg
[8.669s] -- Up-to-date: /home/user/robo/sb-robot/microros_ws/src/install/action_msgs/include/action_msgs/action_msgs/msg/detail
[8.669s] -- Installing: /home/user/robo/sb-robot/microros_ws/src/install/action_msgs/include/action_msgs/action_msgs/msg/detail/goal_info__rosidl_typesupport_fastrtps_c.h
[8.670s] -- Installing: /home/user/robo/sb-robot/microros_ws/src/install/action_msgs/include/action_msgs/action_msgs/msg/detail/goal_status__rosidl_typesupport_fastrtps_c.h
[8.670s] -- Installing: /home/user/robo/sb-robot/microros_ws/src/install/action_msgs/include/action_msgs/action_msgs/msg/detail/goal_status_array__rosidl_typesupport_fastrtps_c.h
[8.672s] -- Installing: /home/user/robo/sb-robot/microros_ws/src/install/action_msgs/include/action_msgs/action_msgs/msg/rosidl_typesupport_fastrtps_c__visibility_control.h
[8.673s] -- Installing: /home/user/robo/sb-robot/microros_ws/src/install/action_msgs/lib/libaction_msgs__rosidl_typesupport_fastrtps_c.so
[8.673s] -- Set runtime path of "/home/user/robo/sb-robot/microros_ws/src/install/action_msgs/lib/libaction_msgs__rosidl_typesupport_fastrtps_c.so" to ""
[8.674s] -- Up-to-date: /home/user/robo/sb-robot/microros_ws/src/install/action_msgs/include/action_msgs/action_msgs
[8.674s] -- Up-to-date: /home/user/robo/sb-robot/microros_ws/src/install/action_msgs/include/action_msgs/action_msgs/srv
[8.674s] -- Up-to-date: /home/user/robo/sb-robot/microros_ws/src/install/action_msgs/include/action_msgs/action_msgs/srv/detail
[8.674s] -- Installing: /home/user/robo/sb-robot/microros_ws/src/install/action_msgs/include/action_msgs/action_msgs/srv/detail/cancel_goal__type_support.hpp
[8.674s] -- Installing: /home/user/robo/sb-robot/microros_ws/src/install/action_msgs/include/action_msgs/action_msgs/srv/detail/cancel_goal__builder.hpp
[8.674s] -- Installing: /home/user/robo/sb-robot/microros_ws/src/install/action_msgs/include/action_msgs/action_msgs/srv/detail/cancel_goal__struct.hpp
[8.675s] -- Installing: /home/user/robo/sb-robot/microros_ws/src/install/action_msgs/include/action_msgs/action_msgs/srv/detail/cancel_goal__traits.hpp
[8.675s] -- Installing: /home/user/robo/sb-robot/microros_ws/src/install/action_msgs/include/action_msgs/action_msgs/srv/cancel_goal.hpp
[8.675s] -- Up-to-date: /home/user/robo/sb-robot/microros_ws/src/install/action_msgs/include/action_msgs/action_msgs/msg
[8.675s] -- Installing: /home/user/robo/sb-robot/microros_ws/src/install/action_msgs/include/action_msgs/action_msgs/msg/goal_status.hpp
[8.675s] -- Installing: /home/user/robo/sb-robot/microros_ws/src/install/action_msgs/include/action_msgs/action_msgs/msg/rosidl_generator_cpp__visibility_control.hpp
[8.678s] -- Installing: /home/user/robo/sb-robot/microros_ws/src/install/action_msgs/include/action_msgs/action_msgs/msg/goal_info.hpp
[8.678s] -- Up-to-date: /home/user/robo/sb-robot/microros_ws/src/install/action_msgs/include/action_msgs/action_msgs/msg/detail
[8.678s] -- Installing: /home/user/robo/sb-robot/microros_ws/src/install/action_msgs/include/action_msgs/action_msgs/msg/detail/goal_info__traits.hpp
[8.678s] -- Installing: /home/user/robo/sb-robot/microros_ws/src/install/action_msgs/include/action_msgs/action_msgs/msg/detail/goal_info__struct.hpp
[8.678s] -- Installing: /home/user/robo/sb-robot/microros_ws/src/install/action_msgs/include/action_msgs/action_msgs/msg/detail/goal_status_array__struct.hpp
[8.678s] -- Installing: /home/user/robo/sb-robot/microros_ws/src/install/action_msgs/include/action_msgs/action_msgs/msg/detail/goal_status_array__builder.hpp
[8.678s] -- Installing: /home/user/robo/sb-robot/microros_ws/src/install/action_msgs/include/action_msgs/action_msgs/msg/detail/goal_info__type_support.hpp
[8.678s] -- Installing: /home/user/robo/sb-robot/microros_ws/src/install/action_msgs/include/action_msgs/action_msgs/msg/detail/goal_status__builder.hpp
[8.678s] -- Installing: /home/user/robo/sb-robot/microros_ws/src/install/action_msgs/include/action_msgs/action_msgs/msg/detail/goal_status_array__type_support.hpp
[8.678s] -- Installing: /home/user/robo/sb-robot/microros_ws/src/install/action_msgs/include/action_msgs/action_msgs/msg/detail/goal_status__type_support.hpp
[8.679s] -- Installing: /home/user/robo/sb-robot/microros_ws/src/install/action_msgs/include/action_msgs/action_msgs/msg/detail/goal_status_array__traits.hpp
[8.679s] -- Installing: /home/user/robo/sb-robot/microros_ws/src/install/action_msgs/include/action_msgs/action_msgs/msg/detail/goal_info__builder.hpp
[8.679s] -- Installing: /home/user/robo/sb-robot/microros_ws/src/install/action_msgs/include/action_msgs/action_msgs/msg/detail/goal_status__traits.hpp
[8.679s] -- Installing: /home/user/robo/sb-robot/microros_ws/src/install/action_msgs/include/action_msgs/action_msgs/msg/detail/goal_status__struct.hpp
[8.679s] -- Installing: /home/user/robo/sb-robot/microros_ws/src/install/action_msgs/include/action_msgs/action_msgs/msg/goal_status_array.hpp
[8.679s] -- Up-to-date: /home/user/robo/sb-robot/microros_ws/src/install/action_msgs/include/action_msgs/action_msgs
[8.680s] -- Up-to-date: /home/user/robo/sb-robot/microros_ws/src/install/action_msgs/include/action_msgs/action_msgs/srv
[8.680s] -- Up-to-date: /home/user/robo/sb-robot/microros_ws/src/install/action_msgs/include/action_msgs/action_msgs/srv/detail
[8.680s] -- Installing: /home/user/robo/sb-robot/microros_ws/src/install/action_msgs/include/action_msgs/action_msgs/srv/detail/cancel_goal__rosidl_typesupport_fastrtps_cpp.hpp
[8.680s] -- Installing: /home/user/robo/sb-robot/microros_ws/src/install/action_msgs/include/action_msgs/action_msgs/srv/detail/dds_fastrtps
[8.680s] -- Up-to-date: /home/user/robo/sb-robot/microros_ws/src/install/action_msgs/include/action_msgs/action_msgs/msg
[8.680s] -- Installing: /home/user/robo/sb-robot/microros_ws/src/install/action_msgs/include/action_msgs/action_msgs/msg/rosidl_typesupport_fastrtps_cpp__visibility_control.h
[8.681s] -- Up-to-date: /home/user/robo/sb-robot/microros_ws/src/install/action_msgs/include/action_msgs/action_msgs/msg/detail
[8.681s] -- Installing: /home/user/robo/sb-robot/microros_ws/src/install/action_msgs/include/action_msgs/action_msgs/msg/detail/goal_status__rosidl_typesupport_fastrtps_cpp.hpp
[8.681s] -- Installing: /home/user/robo/sb-robot/microros_ws/src/install/action_msgs/include/action_msgs/action_msgs/msg/detail/goal_info__rosidl_typesupport_fastrtps_cpp.hpp
[8.681s] -- Installing: /home/user/robo/sb-robot/microros_ws/src/install/action_msgs/include/action_msgs/action_msgs/msg/detail/goal_status_array__rosidl_typesupport_fastrtps_cpp.hpp
[8.681s] -- Installing: /home/user/robo/sb-robot/microros_ws/src/install/action_msgs/include/action_msgs/action_msgs/msg/detail/dds_fastrtps
[8.681s] -- Installing: /home/user/robo/sb-robot/microros_ws/src/install/action_msgs/lib/libaction_msgs__rosidl_typesupport_fastrtps_cpp.so
[8.681s] -- Set runtime path of "/home/user/robo/sb-robot/microros_ws/src/install/action_msgs/lib/libaction_msgs__rosidl_typesupport_fastrtps_cpp.so" to ""
[8.681s] -- Up-to-date: /home/user/robo/sb-robot/microros_ws/src/install/action_msgs/include/action_msgs/action_msgs
[8.681s] -- Up-to-date: /home/user/robo/sb-robot/microros_ws/src/install/action_msgs/include/action_msgs/action_msgs/srv
[8.681s] -- Up-to-date: /home/user/robo/sb-robot/microros_ws/src/install/action_msgs/include/action_msgs/action_msgs/srv/detail
[8.681s] -- Installing: /home/user/robo/sb-robot/microros_ws/src/install/action_msgs/include/action_msgs/action_msgs/srv/detail/cancel_goal__type_support.c
[8.681s] -- Installing: /home/user/robo/sb-robot/microros_ws/src/install/action_msgs/include/action_msgs/action_msgs/srv/detail/cancel_goal__rosidl_typesupport_introspection_c.h
[8.681s] -- Up-to-date: /home/user/robo/sb-robot/microros_ws/src/install/action_msgs/include/action_msgs/action_msgs/msg
[8.681s] -- Up-to-date: /home/user/robo/sb-robot/microros_ws/src/install/action_msgs/include/action_msgs/action_msgs/msg/detail
[8.682s] -- Installing: /home/user/robo/sb-robot/microros_ws/src/install/action_msgs/include/action_msgs/action_msgs/msg/detail/goal_info__type_support.c
[8.682s] -- Installing: /home/user/robo/sb-robot/microros_ws/src/install/action_msgs/include/action_msgs/action_msgs/msg/detail/goal_status_array__type_support.c
[8.683s] -- Installing: /home/user/robo/sb-robot/microros_ws/src/install/action_msgs/include/action_msgs/action_msgs/msg/detail/goal_status__rosidl_typesupport_introspection_c.h
[8.683s] -- Installing: /home/user/robo/sb-robot/microros_ws/src/install/action_msgs/include/action_msgs/action_msgs/msg/detail/goal_status_array__rosidl_typesupport_introspection_c.h
[8.683s] -- Installing: /home/user/robo/sb-robot/microros_ws/src/install/action_msgs/include/action_msgs/action_msgs/msg/detail/goal_info__rosidl_typesupport_introspection_c.h
[8.683s] -- Installing: /home/user/robo/sb-robot/microros_ws/src/install/action_msgs/include/action_msgs/action_msgs/msg/detail/goal_status__type_support.c
[8.683s] -- Installing: /home/user/robo/sb-robot/microros_ws/src/install/action_msgs/include/action_msgs/action_msgs/msg/rosidl_typesupport_introspection_c__visibility_control.h
[8.683s] -- Installing: /home/user/robo/sb-robot/microros_ws/src/install/action_msgs/lib/libaction_msgs__rosidl_typesupport_introspection_c.so
[8.684s] -- Set runtime path of "/home/user/robo/sb-robot/microros_ws/src/install/action_msgs/lib/libaction_msgs__rosidl_typesupport_introspection_c.so" to ""
[8.684s] -- Installing: /home/user/robo/sb-robot/microros_ws/src/install/action_msgs/lib/libaction_msgs__rosidl_typesupport_c.so
[8.684s] -- Set runtime path of "/home/user/robo/sb-robot/microros_ws/src/install/action_msgs/lib/libaction_msgs__rosidl_typesupport_c.so" to ""
[8.684s] -- Up-to-date: /home/user/robo/sb-robot/microros_ws/src/install/action_msgs/include/action_msgs/action_msgs
[8.684s] -- Up-to-date: /home/user/robo/sb-robot/microros_ws/src/install/action_msgs/include/action_msgs/action_msgs/srv
[8.684s] -- Up-to-date: /home/user/robo/sb-robot/microros_ws/src/install/action_msgs/include/action_msgs/action_msgs/srv/detail
[8.684s] -- Installing: /home/user/robo/sb-robot/microros_ws/src/install/action_msgs/include/action_msgs/action_msgs/srv/detail/cancel_goal__type_support.cpp
[8.684s] -- Installing: /home/user/robo/sb-robot/microros_ws/src/install/action_msgs/include/action_msgs/action_msgs/srv/detail/cancel_goal__rosidl_typesupport_introspection_cpp.hpp
[8.684s] -- Up-to-date: /home/user/robo/sb-robot/microros_ws/src/install/action_msgs/include/action_msgs/action_msgs/msg
[8.684s] -- Up-to-date: /home/user/robo/sb-robot/microros_ws/src/install/action_msgs/include/action_msgs/action_msgs/msg/detail
[8.684s] -- Installing: /home/user/robo/sb-robot/microros_ws/src/install/action_msgs/include/action_msgs/action_msgs/msg/detail/goal_status__type_support.cpp
[8.684s] -- Installing: /home/user/robo/sb-robot/microros_ws/src/install/action_msgs/include/action_msgs/action_msgs/msg/detail/goal_status_array__type_support.cpp
[8.684s] -- Installing: /home/user/robo/sb-robot/microros_ws/src/install/action_msgs/include/action_msgs/action_msgs/msg/detail/goal_info__type_support.cpp
[8.684s] -- Installing: /home/user/robo/sb-robot/microros_ws/src/install/action_msgs/include/action_msgs/action_msgs/msg/detail/goal_status__rosidl_typesupport_introspection_cpp.hpp
[8.684s] -- Installing: /home/user/robo/sb-robot/microros_ws/src/install/action_msgs/include/action_msgs/action_msgs/msg/detail/goal_info__rosidl_typesupport_introspection_cpp.hpp
[8.685s] -- Installing: /home/user/robo/sb-robot/microros_ws/src/install/action_msgs/include/action_msgs/action_msgs/msg/detail/goal_status_array__rosidl_typesupport_introspection_cpp.hpp
[8.685s] -- Installing: /home/user/robo/sb-robot/microros_ws/src/install/action_msgs/lib/libaction_msgs__rosidl_typesupport_introspection_cpp.so
[8.685s] -- Set runtime path of "/home/user/robo/sb-robot/microros_ws/src/install/action_msgs/lib/libaction_msgs__rosidl_typesupport_introspection_cpp.so" to ""
[8.685s] -- Installing: /home/user/robo/sb-robot/microros_ws/src/install/action_msgs/lib/libaction_msgs__rosidl_typesupport_cpp.so
[8.685s] -- Set runtime path of "/home/user/robo/sb-robot/microros_ws/src/install/action_msgs/lib/libaction_msgs__rosidl_typesupport_cpp.so" to ""
[8.685s] -- Installing: /home/user/robo/sb-robot/microros_ws/src/install/action_msgs/share/action_msgs/environment/pythonpath.sh
[8.685s] -- Installing: /home/user/robo/sb-robot/microros_ws/src/install/action_msgs/share/action_msgs/environment/pythonpath.dsv
[8.685s] -- Installing: /home/user/robo/sb-robot/microros_ws/src/install/action_msgs/local/lib/python3.10/dist-packages/action_msgs-1.2.1-py3.10.egg-info
[8.686s] -- Installing: /home/user/robo/sb-robot/microros_ws/src/install/action_msgs/local/lib/python3.10/dist-packages/action_msgs-1.2.1-py3.10.egg-info/top_level.txt
[8.686s] -- Installing: /home/user/robo/sb-robot/microros_ws/src/install/action_msgs/local/lib/python3.10/dist-packages/action_msgs-1.2.1-py3.10.egg-info/dependency_links.txt
[8.686s] -- Installing: /home/user/robo/sb-robot/microros_ws/src/install/action_msgs/local/lib/python3.10/dist-packages/action_msgs-1.2.1-py3.10.egg-info/PKG-INFO
[8.686s] -- Installing: /home/user/robo/sb-robot/microros_ws/src/install/action_msgs/local/lib/python3.10/dist-packages/action_msgs-1.2.1-py3.10.egg-info/SOURCES.txt
[8.686s] -- Installing: /home/user/robo/sb-robot/microros_ws/src/install/action_msgs/local/lib/python3.10/dist-packages/action_msgs
[8.686s] -- Installing: /home/user/robo/sb-robot/microros_ws/src/install/action_msgs/local/lib/python3.10/dist-packages/action_msgs/action_msgs_s__rosidl_typesupport_fastrtps_c.cpython-310-x86_64-linux-gnu.so
[8.686s] -- Installing: /home/user/robo/sb-robot/microros_ws/src/install/action_msgs/local/lib/python3.10/dist-packages/action_msgs/libaction_msgs__rosidl_generator_py.so
[8.686s] -- Installing: /home/user/robo/sb-robot/microros_ws/src/install/action_msgs/local/lib/python3.10/dist-packages/action_msgs/action_msgs_s__rosidl_typesupport_c.cpython-310-x86_64-linux-gnu.so
[8.687s] -- Installing: /home/user/robo/sb-robot/microros_ws/src/install/action_msgs/local/lib/python3.10/dist-packages/action_msgs/srv
[8.687s] -- Installing: /home/user/robo/sb-robot/microros_ws/src/install/action_msgs/local/lib/python3.10/dist-packages/action_msgs/srv/_cancel_goal_s.c
[8.687s] -- Installing: /home/user/robo/sb-robot/microros_ws/src/install/action_msgs/local/lib/python3.10/dist-packages/action_msgs/srv/__init__.py
[8.687s] -- Installing: /home/user/robo/sb-robot/microros_ws/src/install/action_msgs/local/lib/python3.10/dist-packages/action_msgs/srv/_cancel_goal.py
[8.687s] -- Installing: /home/user/robo/sb-robot/microros_ws/src/install/action_msgs/local/lib/python3.10/dist-packages/action_msgs/_action_msgs_s.ep.rosidl_typesupport_c.c
[8.687s] -- Installing: /home/user/robo/sb-robot/microros_ws/src/install/action_msgs/local/lib/python3.10/dist-packages/action_msgs/_action_msgs_s.ep.rosidl_typesupport_introspection_c.c
[8.693s] -- Installing: /home/user/robo/sb-robot/microros_ws/src/install/action_msgs/local/lib/python3.10/dist-packages/action_msgs/action_msgs_s__rosidl_typesupport_introspection_c.cpython-310-x86_64-linux-gnu.so
[8.693s] -- Installing: /home/user/robo/sb-robot/microros_ws/src/install/action_msgs/local/lib/python3.10/dist-packages/action_msgs/__init__.py
[8.693s] -- Installing: /home/user/robo/sb-robot/microros_ws/src/install/action_msgs/local/lib/python3.10/dist-packages/action_msgs/_action_msgs_s.ep.rosidl_typesupport_fastrtps_c.c
[8.694s] -- Installing: /home/user/robo/sb-robot/microros_ws/src/install/action_msgs/local/lib/python3.10/dist-packages/action_msgs/msg
[8.694s] -- Installing: /home/user/robo/sb-robot/microros_ws/src/install/action_msgs/local/lib/python3.10/dist-packages/action_msgs/msg/_goal_status_array.py
[8.694s] -- Installing: /home/user/robo/sb-robot/microros_ws/src/install/action_msgs/local/lib/python3.10/dist-packages/action_msgs/msg/_goal_info.py
[8.694s] -- Installing: /home/user/robo/sb-robot/microros_ws/src/install/action_msgs/local/lib/python3.10/dist-packages/action_msgs/msg/_goal_info_s.c
[8.694s] -- Installing: /home/user/robo/sb-robot/microros_ws/src/install/action_msgs/local/lib/python3.10/dist-packages/action_msgs/msg/_goal_status_array_s.c
[8.694s] -- Installing: /home/user/robo/sb-robot/microros_ws/src/install/action_msgs/local/lib/python3.10/dist-packages/action_msgs/msg/_goal_status.py
[8.694s] -- Installing: /home/user/robo/sb-robot/microros_ws/src/install/action_msgs/local/lib/python3.10/dist-packages/action_msgs/msg/_goal_status_s.c
[8.694s] -- Installing: /home/user/robo/sb-robot/microros_ws/src/install/action_msgs/local/lib/python3.10/dist-packages/action_msgs/msg/__init__.py
[8.841s] Listing '/home/user/robo/sb-robot/microros_ws/src/install/action_msgs/local/lib/python3.10/dist-packages/action_msgs'...
[8.841s] Compiling '/home/user/robo/sb-robot/microros_ws/src/install/action_msgs/local/lib/python3.10/dist-packages/action_msgs/__init__.py'...
[8.842s] Listing '/home/user/robo/sb-robot/microros_ws/src/install/action_msgs/local/lib/python3.10/dist-packages/action_msgs/msg'...
[8.842s] Compiling '/home/user/robo/sb-robot/microros_ws/src/install/action_msgs/local/lib/python3.10/dist-packages/action_msgs/msg/__init__.py'...
[8.842s] Compiling '/home/user/robo/sb-robot/microros_ws/src/install/action_msgs/local/lib/python3.10/dist-packages/action_msgs/msg/_goal_info.py'...
[8.842s] Compiling '/home/user/robo/sb-robot/microros_ws/src/install/action_msgs/local/lib/python3.10/dist-packages/action_msgs/msg/_goal_status.py'...
[8.842s] Compiling '/home/user/robo/sb-robot/microros_ws/src/install/action_msgs/local/lib/python3.10/dist-packages/action_msgs/msg/_goal_status_array.py'...
[8.842s] Listing '/home/user/robo/sb-robot/microros_ws/src/install/action_msgs/local/lib/python3.10/dist-packages/action_msgs/srv'...
[8.842s] Compiling '/home/user/robo/sb-robot/microros_ws/src/install/action_msgs/local/lib/python3.10/dist-packages/action_msgs/srv/__init__.py'...
[8.842s] Compiling '/home/user/robo/sb-robot/microros_ws/src/install/action_msgs/local/lib/python3.10/dist-packages/action_msgs/srv/_cancel_goal.py'...
[8.875s] -- Installing: /home/user/robo/sb-robot/microros_ws/src/install/action_msgs/local/lib/python3.10/dist-packages/action_msgs/action_msgs_s__rosidl_typesupport_fastrtps_c.cpython-310-x86_64-linux-gnu.so
[8.875s] -- Set runtime path of "/home/user/robo/sb-robot/microros_ws/src/install/action_msgs/local/lib/python3.10/dist-packages/action_msgs/action_msgs_s__rosidl_typesupport_fastrtps_c.cpython-310-x86_64-linux-gnu.so" to ""
[8.875s] -- Installing: /home/user/robo/sb-robot/microros_ws/src/install/action_msgs/local/lib/python3.10/dist-packages/action_msgs/action_msgs_s__rosidl_typesupport_introspection_c.cpython-310-x86_64-linux-gnu.so
[8.877s] -- Set runtime path of "/home/user/robo/sb-robot/microros_ws/src/install/action_msgs/local/lib/python3.10/dist-packages/action_msgs/action_msgs_s__rosidl_typesupport_introspection_c.cpython-310-x86_64-linux-gnu.so" to ""
[8.877s] -- Installing: /home/user/robo/sb-robot/microros_ws/src/install/action_msgs/local/lib/python3.10/dist-packages/action_msgs/action_msgs_s__rosidl_typesupport_c.cpython-310-x86_64-linux-gnu.so
[8.877s] -- Set runtime path of "/home/user/robo/sb-robot/microros_ws/src/install/action_msgs/local/lib/python3.10/dist-packages/action_msgs/action_msgs_s__rosidl_typesupport_c.cpython-310-x86_64-linux-gnu.so" to ""
[8.877s] -- Installing: /home/user/robo/sb-robot/microros_ws/src/install/action_msgs/lib/libaction_msgs__rosidl_generator_py.so
[8.877s] -- Set runtime path of "/home/user/robo/sb-robot/microros_ws/src/install/action_msgs/lib/libaction_msgs__rosidl_generator_py.so" to ""
[8.877s] -- Installing: /home/user/robo/sb-robot/microros_ws/src/install/action_msgs/share/action_msgs/msg/GoalInfo.idl
[8.879s] -- Installing: /home/user/robo/sb-robot/microros_ws/src/install/action_msgs/share/action_msgs/msg/GoalStatus.idl
[8.880s] -- Installing: /home/user/robo/sb-robot/microros_ws/src/install/action_msgs/share/action_msgs/msg/GoalStatusArray.idl
[8.880s] -- Installing: /home/user/robo/sb-robot/microros_ws/src/install/action_msgs/share/action_msgs/srv/CancelGoal.idl
[8.881s] -- Installing: /home/user/robo/sb-robot/microros_ws/src/install/action_msgs/share/action_msgs/msg/GoalInfo.msg
[8.881s] -- Installing: /home/user/robo/sb-robot/microros_ws/src/install/action_msgs/share/action_msgs/msg/GoalStatus.msg
[8.891s] -- Installing: /home/user/robo/sb-robot/microros_ws/src/install/action_msgs/share/action_msgs/msg/GoalStatusArray.msg
[8.891s] -- Installing: /home/user/robo/sb-robot/microros_ws/src/install/action_msgs/share/action_msgs/srv/CancelGoal.srv
[8.891s] -- Installing: /home/user/robo/sb-robot/microros_ws/src/install/action_msgs/share/action_msgs/srv/CancelGoal_Request.msg
[8.891s] -- Installing: /home/user/robo/sb-robot/microros_ws/src/install/action_msgs/share/action_msgs/srv/CancelGoal_Response.msg
[8.891s] -- Installing: /home/user/robo/sb-robot/microros_ws/src/install/action_msgs/share/ament_index/resource_index/package_run_dependencies/action_msgs
[8.894s] -- Installing: /home/user/robo/sb-robot/microros_ws/src/install/action_msgs/share/ament_index/resource_index/parent_prefix_path/action_msgs
[8.894s] -- Installing: /home/user/robo/sb-robot/microros_ws/src/install/action_msgs/share/action_msgs/environment/ament_prefix_path.sh
[8.894s] -- Installing: /home/user/robo/sb-robot/microros_ws/src/install/action_msgs/share/action_msgs/environment/ament_prefix_path.dsv
[8.894s] -- Installing: /home/user/robo/sb-robot/microros_ws/src/install/action_msgs/share/action_msgs/environment/path.sh
[8.894s] -- Installing: /home/user/robo/sb-robot/microros_ws/src/install/action_msgs/share/action_msgs/environment/path.dsv
[8.894s] -- Installing: /home/user/robo/sb-robot/microros_ws/src/install/action_msgs/share/action_msgs/local_setup.bash
[8.894s] -- Installing: /home/user/robo/sb-robot/microros_ws/src/install/action_msgs/share/action_msgs/local_setup.sh
[8.894s] -- Installing: /home/user/robo/sb-robot/microros_ws/src/install/action_msgs/share/action_msgs/local_setup.zsh
[8.894s] -- Installing: /home/user/robo/sb-robot/microros_ws/src/install/action_msgs/share/action_msgs/local_setup.dsv
[8.894s] -- Installing: /home/user/robo/sb-robot/microros_ws/src/install/action_msgs/share/action_msgs/package.dsv
[8.895s] -- Installing: /home/user/robo/sb-robot/microros_ws/src/install/action_msgs/share/ament_index/resource_index/packages/action_msgs
[8.895s] -- Installing: /home/user/robo/sb-robot/microros_ws/src/install/action_msgs/share/action_msgs/cmake/export_action_msgs__rosidl_generator_cExport.cmake
[8.895s] -- Installing: /home/user/robo/sb-robot/microros_ws/src/install/action_msgs/share/action_msgs/cmake/export_action_msgs__rosidl_generator_cExport-noconfig.cmake
[8.895s] -- Installing: /home/user/robo/sb-robot/microros_ws/src/install/action_msgs/share/action_msgs/cmake/export_action_msgs__rosidl_typesupport_fastrtps_cExport.cmake
[8.896s] -- Installing: /home/user/robo/sb-robot/microros_ws/src/install/action_msgs/share/action_msgs/cmake/export_action_msgs__rosidl_typesupport_fastrtps_cExport-noconfig.cmake
[8.896s] -- Installing: /home/user/robo/sb-robot/microros_ws/src/install/action_msgs/share/action_msgs/cmake/export_action_msgs__rosidl_generator_cppExport.cmake
[8.897s] -- Installing: /home/user/robo/sb-robot/microros_ws/src/install/action_msgs/share/action_msgs/cmake/export_action_msgs__rosidl_typesupport_fastrtps_cppExport.cmake
[8.897s] -- Installing: /home/user/robo/sb-robot/microros_ws/src/install/action_msgs/share/action_msgs/cmake/export_action_msgs__rosidl_typesupport_fastrtps_cppExport-noconfig.cmake
[8.897s] -- Installing: /home/user/robo/sb-robot/microros_ws/src/install/action_msgs/share/action_msgs/cmake/action_msgs__rosidl_typesupport_introspection_cExport.cmake
[8.897s] -- Installing: /home/user/robo/sb-robot/microros_ws/src/install/action_msgs/share/action_msgs/cmake/action_msgs__rosidl_typesupport_introspection_cExport-noconfig.cmake
[8.898s] -- Installing: /home/user/robo/sb-robot/microros_ws/src/install/action_msgs/share/action_msgs/cmake/action_msgs__rosidl_typesupport_cExport.cmake
[8.901s] -- Installing: /home/user/robo/sb-robot/microros_ws/src/install/action_msgs/share/action_msgs/cmake/action_msgs__rosidl_typesupport_cExport-noconfig.cmake
[8.902s] -- Installing: /home/user/robo/sb-robot/microros_ws/src/install/action_msgs/share/action_msgs/cmake/action_msgs__rosidl_typesupport_introspection_cppExport.cmake
[8.902s] -- Installing: /home/user/robo/sb-robot/microros_ws/src/install/action_msgs/share/action_msgs/cmake/action_msgs__rosidl_typesupport_introspection_cppExport-noconfig.cmake
[8.902s] -- Installing: /home/user/robo/sb-robot/microros_ws/src/install/action_msgs/share/action_msgs/cmake/action_msgs__rosidl_typesupport_cppExport.cmake
[8.902s] -- Installing: /home/user/robo/sb-robot/microros_ws/src/install/action_msgs/share/action_msgs/cmake/action_msgs__rosidl_typesupport_cppExport-noconfig.cmake
[8.902s] -- Installing: /home/user/robo/sb-robot/microros_ws/src/install/action_msgs/share/action_msgs/cmake/export_action_msgs__rosidl_generator_pyExport.cmake
[8.903s] -- Installing: /home/user/robo/sb-robot/microros_ws/src/install/action_msgs/share/action_msgs/cmake/export_action_msgs__rosidl_generator_pyExport-noconfig.cmake
[8.906s] -- Installing: /home/user/robo/sb-robot/microros_ws/src/install/action_msgs/share/action_msgs/cmake/rosidl_cmake-extras.cmake
[8.906s] -- Installing: /home/user/robo/sb-robot/microros_ws/src/install/action_msgs/share/action_msgs/cmake/ament_cmake_export_dependencies-extras.cmake
[8.906s] -- Installing: /home/user/robo/sb-robot/microros_ws/src/install/action_msgs/share/action_msgs/cmake/ament_cmake_export_include_directories-extras.cmake
[8.906s] -- Installing: /home/user/robo/sb-robot/microros_ws/src/install/action_msgs/share/action_msgs/cmake/ament_cmake_export_libraries-extras.cmake
[8.906s] -- Installing: /home/user/robo/sb-robot/microros_ws/src/install/action_msgs/share/action_msgs/cmake/ament_cmake_export_targets-extras.cmake
[8.907s] -- Installing: /home/user/robo/sb-robot/microros_ws/src/install/action_msgs/share/action_msgs/cmake/rosidl_cmake_export_typesupport_targets-extras.cmake
[8.908s] -- Installing: /home/user/robo/sb-robot/microros_ws/src/install/action_msgs/share/action_msgs/cmake/rosidl_cmake_export_typesupport_libraries-extras.cmake
[8.908s] -- Installing: /home/user/robo/sb-robot/microros_ws/src/install/action_msgs/share/action_msgs/cmake/action_msgsConfig.cmake
[8.908s] -- Installing: /home/user/robo/sb-robot/microros_ws/src/install/action_msgs/share/action_msgs/cmake/action_msgsConfig-version.cmake
[8.914s] -- Installing: /home/user/robo/sb-robot/microros_ws/src/install/action_msgs/share/action_msgs/package.xml
[8.934s] Invoked command in '/home/user/robo/sb-robot/microros_ws/src/build/action_msgs' returned '0': AMENT_PREFIX_PATH=/home/user/robo/sb-robot/microros_ws/src/install/unique_identifier_msgs:/home/user/robo/sb-robot/microros_ws/src/install/builtin_interfaces:${AMENT_PREFIX_PATH} CMAKE_PREFIX_PATH=/home/user/robo/sb-robot/microros_ws/src/install/unique_identifier_msgs:/home/user/robo/sb-robot/microros_ws/src/install/builtin_interfaces:/home/user/robo/sb-robot/microros_ws/install/micro_ros_setup:/home/user/robo/sb-robot/microros_ws/install/micro_ros_agent:/home/user/robo/sb-robot/microros_ws/install/micro_ros_msgs:/home/user/robo/sb-robot/microros_ws/install/builtin_interfaces:/opt/ros/humble LD_LIBRARY_PATH=/home/user/robo/sb-robot/microros_ws/src/install/unique_identifier_msgs/lib:/home/user/robo/sb-robot/microros_ws/src/install/builtin_interfaces/lib:${LD_LIBRARY_PATH} PYTHONPATH=/home/user/robo/sb-robot/microros_ws/src/install/unique_identifier_msgs/local/lib/python3.10/dist-packages:/home/user/robo/sb-robot/microros_ws/src/install/builtin_interfaces/local/lib/python3.10/dist-packages:${PYTHONPATH} /usr/bin/cmake --install /home/user/robo/sb-robot/microros_ws/src/build/action_msgs
