[0.021s] Invoking command in '/home/user/robo/sb-robot/microros_ws/src/build/builtin_interfaces': CMAKE_PREFIX_PATH=${CMAKE_PREFIX_PATH}:/opt/ros/humble /usr/bin/cmake /home/user/robo/sb-robot/microros_ws/src/ros2/rcl_interfaces/builtin_interfaces -DCMAKE_INSTALL_PREFIX=/home/user/robo/sb-robot/microros_ws/src/install/builtin_interfaces
[0.065s] -- The C compiler identification is GNU 11.4.0
[0.112s] -- The CXX compiler identification is GNU 11.4.0
[0.117s] -- Detecting C compiler ABI info
[0.168s] -- Detecting C compiler ABI info - done
[0.174s] -- Check for working C compiler: /usr/bin/cc - skipped
[0.175s] -- Detecting C compile features
[0.175s] -- Detecting C compile features - done
[0.177s] -- Detecting CXX compiler ABI info
[0.242s] -- Detecting CXX compiler ABI info - done
[0.250s] -- Check for working CXX compiler: /usr/bin/c++ - skipped
[0.250s] -- Detecting CXX compile features
[0.250s] -- Detecting CXX compile features - done
[0.252s] -- Found ament_cmake: 1.3.11 (/opt/ros/humble/share/ament_cmake/cmake)
[0.383s] -- Found Python3: /usr/bin/python3 (found version "3.10.12") found components: Interpreter 
[0.471s] -- Found rosidl_default_generators: 1.2.0 (/opt/ros/humble/share/rosidl_default_generators/cmake)
[0.473s] -- Using all available rosidl_typesupport_c: rosidl_typesupport_fastrtps_c;rosidl_typesupport_introspection_c
[0.478s] -- Found rosidl_adapter: 3.1.6 (/opt/ros/humble/share/rosidl_adapter/cmake)
[0.506s] -- Using all available rosidl_typesupport_cpp: rosidl_typesupport_fastrtps_cpp;rosidl_typesupport_introspection_cpp
[0.730s] -- Found ament_cmake_cppcheck: 0.12.11 (/opt/ros/humble/share/ament_cmake_cppcheck/cmake)
[0.732s] -- Found ament_cmake_cpplint: 0.12.11 (/opt/ros/humble/share/ament_cmake_cpplint/cmake)
[0.735s] -- Found ament_cmake_uncrustify: 0.12.11 (/opt/ros/humble/share/ament_cmake_uncrustify/cmake)
[0.738s] -- Found ament_cmake_ros: 0.10.0 (/opt/ros/humble/share/ament_cmake_ros/cmake)
[0.891s] -- Using all available rosidl_typesupport_c: rosidl_typesupport_fastrtps_c;rosidl_typesupport_introspection_c
[1.130s] -- Using all available rosidl_typesupport_cpp: rosidl_typesupport_fastrtps_cpp;rosidl_typesupport_introspection_cpp
[1.151s] -- Found PythonInterp: /usr/bin/python3 (found suitable version "3.10.12", minimum required is "3.6") 
[1.154s] -- Found python_cmake_module: 0.10.0 (/opt/ros/humble/share/python_cmake_module/cmake)
[1.176s] -- Found PythonLibs: /usr/lib/x86_64-linux-gnu/libpython3.10.so (found suitable version "3.10.12", minimum required is "3.5") 
[1.176s] -- Using PYTHON_EXECUTABLE: /usr/bin/python3
[1.176s] -- Using PYTHON_INCLUDE_DIRS: /usr/include/python3.10
[1.176s] -- Using PYTHON_LIBRARIES: /usr/lib/x86_64-linux-gnu/libpython3.10.so
[1.193s] -- Found PythonExtra: .so  
[1.220s] -- Found ament_cmake_flake8: 0.12.11 (/opt/ros/humble/share/ament_cmake_flake8/cmake)
[1.223s] -- Found ament_cmake_pep257: 0.12.11 (/opt/ros/humble/share/ament_cmake_pep257/cmake)
[1.229s] -- Configuring done
[1.259s] -- Generating done
[1.271s] -- Build files have been written to: /home/user/robo/sb-robot/microros_ws/src/build/builtin_interfaces
[1.282s] Invoked command in '/home/user/robo/sb-robot/microros_ws/src/build/builtin_interfaces' returned '0': CMAKE_PREFIX_PATH=${CMAKE_PREFIX_PATH}:/opt/ros/humble /usr/bin/cmake /home/user/robo/sb-robot/microros_ws/src/ros2/rcl_interfaces/builtin_interfaces -DCMAKE_INSTALL_PREFIX=/home/user/robo/sb-robot/microros_ws/src/install/builtin_interfaces
[1.285s] Invoking command in '/home/user/robo/sb-robot/microros_ws/src/build/builtin_interfaces': CMAKE_PREFIX_PATH=${CMAKE_PREFIX_PATH}:/opt/ros/humble /usr/bin/cmake --build /home/user/robo/sb-robot/microros_ws/src/build/builtin_interfaces -- -j20 -l20
[1.337s] [  2%] [34m[1mGenerating C code for ROS interfaces[0m
[1.345s] [  5%] [34m[1mGenerating C++ code for ROS interfaces[0m
[1.357s] [  5%] Built target ament_cmake_python_copy_builtin_interfaces
[1.844s] running egg_info
[1.845s] creating builtin_interfaces.egg-info
[1.846s] writing builtin_interfaces.egg-info/PKG-INFO
[1.846s] writing dependency_links to builtin_interfaces.egg-info/dependency_links.txt
[1.849s] writing top-level names to builtin_interfaces.egg-info/top_level.txt
[1.849s] writing manifest file 'builtin_interfaces.egg-info/SOURCES.txt'
[1.851s] reading manifest file 'builtin_interfaces.egg-info/SOURCES.txt'
[1.852s] writing manifest file 'builtin_interfaces.egg-info/SOURCES.txt'
[1.957s] [  5%] Built target ament_cmake_python_build_builtin_interfaces_egg
[1.979s] [  7%] [32mBuilding C object CMakeFiles/builtin_interfaces__rosidl_generator_c.dir/rosidl_generator_c/builtin_interfaces/msg/detail/duration__functions.c.o[0m
[1.979s] [ 10%] [32mBuilding C object CMakeFiles/builtin_interfaces__rosidl_generator_c.dir/rosidl_generator_c/builtin_interfaces/msg/detail/time__functions.c.o[0m
[2.039s] [ 12%] [32m[1mLinking C shared library libbuiltin_interfaces__rosidl_generator_c.so[0m
[2.111s] [ 12%] Built target builtin_interfaces__rosidl_generator_c
[2.138s] [ 15%] [34m[1mGenerating C type support for eProsima Fast-RTPS[0m
[2.140s] [ 15%] Built target builtin_interfaces__cpp
[2.145s] [ 17%] [34m[1mGenerating C introspection for ROS interfaces[0m
[2.149s] [ 20%] [34m[1mGenerating C type support dispatch for ROS interfaces[0m
[2.164s] [ 23%] [34m[1mGenerating C++ type support dispatch for ROS interfaces[0m
[2.174s] [ 25%] [34m[1mGenerating C++ type support for eProsima Fast-RTPS[0m
[2.176s] [ 28%] [34m[1mGenerating C++ introspection for ROS interfaces[0m
[2.766s] [ 30%] [32mBuilding CXX object CMakeFiles/builtin_interfaces__rosidl_typesupport_c.dir/rosidl_typesupport_c/builtin_interfaces/msg/duration__type_support.cpp.o[0m
[2.772s] [ 33%] [32mBuilding CXX object CMakeFiles/builtin_interfaces__rosidl_typesupport_c.dir/rosidl_typesupport_c/builtin_interfaces/msg/time__type_support.cpp.o[0m
[2.774s] [ 35%] [32mBuilding CXX object CMakeFiles/builtin_interfaces__rosidl_typesupport_fastrtps_c.dir/rosidl_typesupport_fastrtps_c/builtin_interfaces/msg/detail/duration__type_support_c.cpp.o[0m
[2.783s] [ 38%] [32mBuilding CXX object CMakeFiles/builtin_interfaces__rosidl_typesupport_fastrtps_c.dir/rosidl_typesupport_fastrtps_c/builtin_interfaces/msg/detail/time__type_support_c.cpp.o[0m
[2.839s] [ 41%] [32mBuilding CXX object CMakeFiles/builtin_interfaces__rosidl_typesupport_cpp.dir/rosidl_typesupport_cpp/builtin_interfaces/msg/time__type_support.cpp.o[0m
[2.845s] [ 43%] [32mBuilding CXX object CMakeFiles/builtin_interfaces__rosidl_typesupport_cpp.dir/rosidl_typesupport_cpp/builtin_interfaces/msg/duration__type_support.cpp.o[0m
[2.869s] [ 46%] [32m[1mLinking CXX shared library libbuiltin_interfaces__rosidl_typesupport_c.so[0m
[2.937s] [ 48%] [32mBuilding C object CMakeFiles/builtin_interfaces__rosidl_typesupport_introspection_c.dir/rosidl_typesupport_introspection_c/builtin_interfaces/msg/detail/time__type_support.c.o[0m
[2.941s] [ 51%] [32mBuilding C object CMakeFiles/builtin_interfaces__rosidl_typesupport_introspection_c.dir/rosidl_typesupport_introspection_c/builtin_interfaces/msg/detail/duration__type_support.c.o[0m
[2.975s] [ 53%] [32mBuilding CXX object CMakeFiles/builtin_interfaces__rosidl_typesupport_fastrtps_cpp.dir/rosidl_typesupport_fastrtps_cpp/builtin_interfaces/msg/detail/dds_fastrtps/time__type_support.cpp.o[0m
[2.986s] [ 56%] [32mBuilding CXX object CMakeFiles/builtin_interfaces__rosidl_typesupport_fastrtps_cpp.dir/rosidl_typesupport_fastrtps_cpp/builtin_interfaces/msg/detail/dds_fastrtps/duration__type_support.cpp.o[0m
[3.001s] [ 58%] [32mBuilding CXX object CMakeFiles/builtin_interfaces__rosidl_typesupport_introspection_cpp.dir/rosidl_typesupport_introspection_cpp/builtin_interfaces/msg/detail/time__type_support.cpp.o[0m
[3.006s] [ 61%] [32mBuilding CXX object CMakeFiles/builtin_interfaces__rosidl_typesupport_introspection_cpp.dir/rosidl_typesupport_introspection_cpp/builtin_interfaces/msg/detail/duration__type_support.cpp.o[0m
[3.012s] [ 61%] Built target builtin_interfaces__rosidl_typesupport_c
[3.036s] [ 64%] [32m[1mLinking C shared library libbuiltin_interfaces__rosidl_typesupport_introspection_c.so[0m
[3.138s] [ 64%] Built target builtin_interfaces__rosidl_typesupport_introspection_c
[3.920s] [ 66%] [32m[1mLinking CXX shared library libbuiltin_interfaces__rosidl_typesupport_cpp.so[0m
[4.004s] [ 69%] [32m[1mLinking CXX shared library libbuiltin_interfaces__rosidl_typesupport_fastrtps_c.so[0m
[4.039s] [ 69%] Built target builtin_interfaces__rosidl_typesupport_cpp
[4.127s] [ 71%] [32m[1mLinking CXX shared library libbuiltin_interfaces__rosidl_typesupport_introspection_cpp.so[0m
[4.214s] [ 71%] Built target builtin_interfaces__rosidl_typesupport_fastrtps_c
[4.217s] [ 74%] [32m[1mLinking CXX shared library libbuiltin_interfaces__rosidl_typesupport_fastrtps_cpp.so[0m
[4.219s] [ 74%] Built target builtin_interfaces__rosidl_typesupport_introspection_cpp
[4.320s] [ 74%] Built target builtin_interfaces__rosidl_typesupport_fastrtps_cpp
[4.347s] [ 74%] Built target builtin_interfaces
[4.377s] [ 76%] [34m[1mGenerating Python code for ROS interfaces[0m
[4.743s] [ 76%] Built target builtin_interfaces__py
[4.760s] [ 82%] [32mBuilding C object CMakeFiles/builtin_interfaces__rosidl_generator_py.dir/rosidl_generator_py/builtin_interfaces/msg/_duration_s.c.o[0m
[4.760s] [ 82%] [32mBuilding C object CMakeFiles/builtin_interfaces__rosidl_generator_py.dir/rosidl_generator_py/builtin_interfaces/msg/_time_s.c.o[0m
[4.893s] [ 84%] [32m[1mLinking C shared library rosidl_generator_py/builtin_interfaces/libbuiltin_interfaces__rosidl_generator_py.so[0m
[5.002s] [ 84%] Built target builtin_interfaces__rosidl_generator_py
[5.034s] [ 87%] [32mBuilding C object CMakeFiles/builtin_interfaces__rosidl_typesupport_c__pyext.dir/rosidl_generator_py/builtin_interfaces/_builtin_interfaces_s.ep.rosidl_typesupport_c.c.o[0m
[5.043s] [ 89%] [32mBuilding C object CMakeFiles/builtin_interfaces__rosidl_typesupport_fastrtps_c__pyext.dir/rosidl_generator_py/builtin_interfaces/_builtin_interfaces_s.ep.rosidl_typesupport_fastrtps_c.c.o[0m
[5.053s] [ 92%] [32mBuilding C object CMakeFiles/builtin_interfaces__rosidl_typesupport_introspection_c__pyext.dir/rosidl_generator_py/builtin_interfaces/_builtin_interfaces_s.ep.rosidl_typesupport_introspection_c.c.o[0m
[5.153s] [ 94%] [32m[1mLinking C shared library rosidl_generator_py/builtin_interfaces/builtin_interfaces_s__rosidl_typesupport_c.cpython-310-x86_64-linux-gnu.so[0m
[5.161s] [ 97%] [32m[1mLinking C shared library rosidl_generator_py/builtin_interfaces/builtin_interfaces_s__rosidl_typesupport_fastrtps_c.cpython-310-x86_64-linux-gnu.so[0m
[5.163s] [100%] [32m[1mLinking C shared library rosidl_generator_py/builtin_interfaces/builtin_interfaces_s__rosidl_typesupport_introspection_c.cpython-310-x86_64-linux-gnu.so[0m
[5.188s] [100%] Built target builtin_interfaces__rosidl_typesupport_c__pyext
[5.200s] [100%] Built target builtin_interfaces__rosidl_typesupport_introspection_c__pyext
[5.203s] [100%] Built target builtin_interfaces__rosidl_typesupport_fastrtps_c__pyext
[5.214s] Invoked command in '/home/user/robo/sb-robot/microros_ws/src/build/builtin_interfaces' returned '0': CMAKE_PREFIX_PATH=${CMAKE_PREFIX_PATH}:/opt/ros/humble /usr/bin/cmake --build /home/user/robo/sb-robot/microros_ws/src/build/builtin_interfaces -- -j20 -l20
[5.218s] Invoking command in '/home/user/robo/sb-robot/microros_ws/src/build/builtin_interfaces': CMAKE_PREFIX_PATH=${CMAKE_PREFIX_PATH}:/opt/ros/humble /usr/bin/cmake --install /home/user/robo/sb-robot/microros_ws/src/build/builtin_interfaces
[5.228s] -- Install configuration: ""
[5.229s] -- Installing: /home/user/robo/sb-robot/microros_ws/src/install/builtin_interfaces/share/ament_index/resource_index/rosidl_interfaces/builtin_interfaces
[5.229s] -- Installing: /home/user/robo/sb-robot/microros_ws/src/install/builtin_interfaces/include/builtin_interfaces/builtin_interfaces
[5.229s] -- Installing: /home/user/robo/sb-robot/microros_ws/src/install/builtin_interfaces/include/builtin_interfaces/builtin_interfaces/msg
[5.229s] -- Installing: /home/user/robo/sb-robot/microros_ws/src/install/builtin_interfaces/include/builtin_interfaces/builtin_interfaces/msg/detail
[5.229s] -- Installing: /home/user/robo/sb-robot/microros_ws/src/install/builtin_interfaces/include/builtin_interfaces/builtin_interfaces/msg/detail/time__struct.h
[5.230s] -- Installing: /home/user/robo/sb-robot/microros_ws/src/install/builtin_interfaces/include/builtin_interfaces/builtin_interfaces/msg/detail/time__type_support.h
[5.230s] -- Installing: /home/user/robo/sb-robot/microros_ws/src/install/builtin_interfaces/include/builtin_interfaces/builtin_interfaces/msg/detail/time__functions.c
[5.230s] -- Installing: /home/user/robo/sb-robot/microros_ws/src/install/builtin_interfaces/include/builtin_interfaces/builtin_interfaces/msg/detail/duration__type_support.h
[5.230s] -- Installing: /home/user/robo/sb-robot/microros_ws/src/install/builtin_interfaces/include/builtin_interfaces/builtin_interfaces/msg/detail/time__functions.h
[5.230s] -- Installing: /home/user/robo/sb-robot/microros_ws/src/install/builtin_interfaces/include/builtin_interfaces/builtin_interfaces/msg/detail/duration__functions.c
[5.230s] -- Installing: /home/user/robo/sb-robot/microros_ws/src/install/builtin_interfaces/include/builtin_interfaces/builtin_interfaces/msg/detail/duration__struct.h
[5.231s] -- Installing: /home/user/robo/sb-robot/microros_ws/src/install/builtin_interfaces/include/builtin_interfaces/builtin_interfaces/msg/detail/duration__functions.h
[5.231s] -- Installing: /home/user/robo/sb-robot/microros_ws/src/install/builtin_interfaces/include/builtin_interfaces/builtin_interfaces/msg/duration.h
[5.231s] -- Installing: /home/user/robo/sb-robot/microros_ws/src/install/builtin_interfaces/include/builtin_interfaces/builtin_interfaces/msg/rosidl_generator_c__visibility_control.h
[5.231s] -- Installing: /home/user/robo/sb-robot/microros_ws/src/install/builtin_interfaces/include/builtin_interfaces/builtin_interfaces/msg/time.h
[5.231s] -- Installing: /home/user/robo/sb-robot/microros_ws/src/install/builtin_interfaces/share/builtin_interfaces/environment/library_path.sh
[5.231s] -- Installing: /home/user/robo/sb-robot/microros_ws/src/install/builtin_interfaces/share/builtin_interfaces/environment/library_path.dsv
[5.231s] -- Installing: /home/user/robo/sb-robot/microros_ws/src/install/builtin_interfaces/lib/libbuiltin_interfaces__rosidl_generator_c.so
[5.231s] -- Set runtime path of "/home/user/robo/sb-robot/microros_ws/src/install/builtin_interfaces/lib/libbuiltin_interfaces__rosidl_generator_c.so" to ""
[5.232s] -- Up-to-date: /home/user/robo/sb-robot/microros_ws/src/install/builtin_interfaces/include/builtin_interfaces/builtin_interfaces
[5.232s] -- Up-to-date: /home/user/robo/sb-robot/microros_ws/src/install/builtin_interfaces/include/builtin_interfaces/builtin_interfaces/msg
[5.232s] -- Up-to-date: /home/user/robo/sb-robot/microros_ws/src/install/builtin_interfaces/include/builtin_interfaces/builtin_interfaces/msg/detail
[5.232s] -- Installing: /home/user/robo/sb-robot/microros_ws/src/install/builtin_interfaces/include/builtin_interfaces/builtin_interfaces/msg/detail/time__rosidl_typesupport_fastrtps_c.h
[5.232s] -- Installing: /home/user/robo/sb-robot/microros_ws/src/install/builtin_interfaces/include/builtin_interfaces/builtin_interfaces/msg/detail/duration__rosidl_typesupport_fastrtps_c.h
[5.232s] -- Installing: /home/user/robo/sb-robot/microros_ws/src/install/builtin_interfaces/include/builtin_interfaces/builtin_interfaces/msg/rosidl_typesupport_fastrtps_c__visibility_control.h
[5.232s] -- Installing: /home/user/robo/sb-robot/microros_ws/src/install/builtin_interfaces/lib/libbuiltin_interfaces__rosidl_typesupport_fastrtps_c.so
[5.232s] -- Set runtime path of "/home/user/robo/sb-robot/microros_ws/src/install/builtin_interfaces/lib/libbuiltin_interfaces__rosidl_typesupport_fastrtps_c.so" to ""
[5.232s] -- Up-to-date: /home/user/robo/sb-robot/microros_ws/src/install/builtin_interfaces/include/builtin_interfaces/builtin_interfaces
[5.232s] -- Up-to-date: /home/user/robo/sb-robot/microros_ws/src/install/builtin_interfaces/include/builtin_interfaces/builtin_interfaces/msg
[5.232s] -- Up-to-date: /home/user/robo/sb-robot/microros_ws/src/install/builtin_interfaces/include/builtin_interfaces/builtin_interfaces/msg/detail
[5.233s] -- Installing: /home/user/robo/sb-robot/microros_ws/src/install/builtin_interfaces/include/builtin_interfaces/builtin_interfaces/msg/detail/time__rosidl_typesupport_introspection_c.h
[5.233s] -- Installing: /home/user/robo/sb-robot/microros_ws/src/install/builtin_interfaces/include/builtin_interfaces/builtin_interfaces/msg/detail/time__type_support.c
[5.233s] -- Installing: /home/user/robo/sb-robot/microros_ws/src/install/builtin_interfaces/include/builtin_interfaces/builtin_interfaces/msg/detail/duration__type_support.c
[5.233s] -- Installing: /home/user/robo/sb-robot/microros_ws/src/install/builtin_interfaces/include/builtin_interfaces/builtin_interfaces/msg/detail/duration__rosidl_typesupport_introspection_c.h
[5.233s] -- Installing: /home/user/robo/sb-robot/microros_ws/src/install/builtin_interfaces/include/builtin_interfaces/builtin_interfaces/msg/rosidl_typesupport_introspection_c__visibility_control.h
[5.233s] -- Installing: /home/user/robo/sb-robot/microros_ws/src/install/builtin_interfaces/lib/libbuiltin_interfaces__rosidl_typesupport_introspection_c.so
[5.233s] -- Set runtime path of "/home/user/robo/sb-robot/microros_ws/src/install/builtin_interfaces/lib/libbuiltin_interfaces__rosidl_typesupport_introspection_c.so" to ""
[5.233s] -- Installing: /home/user/robo/sb-robot/microros_ws/src/install/builtin_interfaces/lib/libbuiltin_interfaces__rosidl_typesupport_c.so
[5.233s] -- Set runtime path of "/home/user/robo/sb-robot/microros_ws/src/install/builtin_interfaces/lib/libbuiltin_interfaces__rosidl_typesupport_c.so" to ""
[5.233s] -- Up-to-date: /home/user/robo/sb-robot/microros_ws/src/install/builtin_interfaces/include/builtin_interfaces/builtin_interfaces
[5.234s] -- Up-to-date: /home/user/robo/sb-robot/microros_ws/src/install/builtin_interfaces/include/builtin_interfaces/builtin_interfaces/msg
[5.234s] -- Installing: /home/user/robo/sb-robot/microros_ws/src/install/builtin_interfaces/include/builtin_interfaces/builtin_interfaces/msg/rosidl_generator_cpp__visibility_control.hpp
[5.234s] -- Up-to-date: /home/user/robo/sb-robot/microros_ws/src/install/builtin_interfaces/include/builtin_interfaces/builtin_interfaces/msg/detail
[5.234s] -- Installing: /home/user/robo/sb-robot/microros_ws/src/install/builtin_interfaces/include/builtin_interfaces/builtin_interfaces/msg/detail/time__struct.hpp
[5.234s] -- Installing: /home/user/robo/sb-robot/microros_ws/src/install/builtin_interfaces/include/builtin_interfaces/builtin_interfaces/msg/detail/time__type_support.hpp
[5.234s] -- Installing: /home/user/robo/sb-robot/microros_ws/src/install/builtin_interfaces/include/builtin_interfaces/builtin_interfaces/msg/detail/duration__struct.hpp
[5.234s] -- Installing: /home/user/robo/sb-robot/microros_ws/src/install/builtin_interfaces/include/builtin_interfaces/builtin_interfaces/msg/detail/duration__builder.hpp
[5.234s] -- Installing: /home/user/robo/sb-robot/microros_ws/src/install/builtin_interfaces/include/builtin_interfaces/builtin_interfaces/msg/detail/time__traits.hpp
[5.234s] -- Installing: /home/user/robo/sb-robot/microros_ws/src/install/builtin_interfaces/include/builtin_interfaces/builtin_interfaces/msg/detail/duration__traits.hpp
[5.234s] -- Installing: /home/user/robo/sb-robot/microros_ws/src/install/builtin_interfaces/include/builtin_interfaces/builtin_interfaces/msg/detail/duration__type_support.hpp
[5.235s] -- Installing: /home/user/robo/sb-robot/microros_ws/src/install/builtin_interfaces/include/builtin_interfaces/builtin_interfaces/msg/detail/time__builder.hpp
[5.235s] -- Installing: /home/user/robo/sb-robot/microros_ws/src/install/builtin_interfaces/include/builtin_interfaces/builtin_interfaces/msg/time.hpp
[5.235s] -- Installing: /home/user/robo/sb-robot/microros_ws/src/install/builtin_interfaces/include/builtin_interfaces/builtin_interfaces/msg/duration.hpp
[5.235s] -- Up-to-date: /home/user/robo/sb-robot/microros_ws/src/install/builtin_interfaces/include/builtin_interfaces/builtin_interfaces
[5.235s] -- Up-to-date: /home/user/robo/sb-robot/microros_ws/src/install/builtin_interfaces/include/builtin_interfaces/builtin_interfaces/msg
[5.235s] -- Installing: /home/user/robo/sb-robot/microros_ws/src/install/builtin_interfaces/include/builtin_interfaces/builtin_interfaces/msg/rosidl_typesupport_fastrtps_cpp__visibility_control.h
[5.235s] -- Up-to-date: /home/user/robo/sb-robot/microros_ws/src/install/builtin_interfaces/include/builtin_interfaces/builtin_interfaces/msg/detail
[5.235s] -- Installing: /home/user/robo/sb-robot/microros_ws/src/install/builtin_interfaces/include/builtin_interfaces/builtin_interfaces/msg/detail/duration__rosidl_typesupport_fastrtps_cpp.hpp
[5.235s] -- Installing: /home/user/robo/sb-robot/microros_ws/src/install/builtin_interfaces/include/builtin_interfaces/builtin_interfaces/msg/detail/time__rosidl_typesupport_fastrtps_cpp.hpp
[5.235s] -- Installing: /home/user/robo/sb-robot/microros_ws/src/install/builtin_interfaces/include/builtin_interfaces/builtin_interfaces/msg/detail/dds_fastrtps
[5.236s] -- Installing: /home/user/robo/sb-robot/microros_ws/src/install/builtin_interfaces/lib/libbuiltin_interfaces__rosidl_typesupport_fastrtps_cpp.so
[5.236s] -- Set runtime path of "/home/user/robo/sb-robot/microros_ws/src/install/builtin_interfaces/lib/libbuiltin_interfaces__rosidl_typesupport_fastrtps_cpp.so" to ""
[5.236s] -- Up-to-date: /home/user/robo/sb-robot/microros_ws/src/install/builtin_interfaces/include/builtin_interfaces/builtin_interfaces
[5.236s] -- Up-to-date: /home/user/robo/sb-robot/microros_ws/src/install/builtin_interfaces/include/builtin_interfaces/builtin_interfaces/msg
[5.236s] -- Up-to-date: /home/user/robo/sb-robot/microros_ws/src/install/builtin_interfaces/include/builtin_interfaces/builtin_interfaces/msg/detail
[5.236s] -- Installing: /home/user/robo/sb-robot/microros_ws/src/install/builtin_interfaces/include/builtin_interfaces/builtin_interfaces/msg/detail/time__type_support.cpp
[5.236s] -- Installing: /home/user/robo/sb-robot/microros_ws/src/install/builtin_interfaces/include/builtin_interfaces/builtin_interfaces/msg/detail/time__rosidl_typesupport_introspection_cpp.hpp
[5.236s] -- Installing: /home/user/robo/sb-robot/microros_ws/src/install/builtin_interfaces/include/builtin_interfaces/builtin_interfaces/msg/detail/duration__type_support.cpp
[5.236s] -- Installing: /home/user/robo/sb-robot/microros_ws/src/install/builtin_interfaces/include/builtin_interfaces/builtin_interfaces/msg/detail/duration__rosidl_typesupport_introspection_cpp.hpp
[5.236s] -- Installing: /home/user/robo/sb-robot/microros_ws/src/install/builtin_interfaces/lib/libbuiltin_interfaces__rosidl_typesupport_introspection_cpp.so
[5.237s] -- Set runtime path of "/home/user/robo/sb-robot/microros_ws/src/install/builtin_interfaces/lib/libbuiltin_interfaces__rosidl_typesupport_introspection_cpp.so" to ""
[5.237s] -- Installing: /home/user/robo/sb-robot/microros_ws/src/install/builtin_interfaces/lib/libbuiltin_interfaces__rosidl_typesupport_cpp.so
[5.237s] -- Set runtime path of "/home/user/robo/sb-robot/microros_ws/src/install/builtin_interfaces/lib/libbuiltin_interfaces__rosidl_typesupport_cpp.so" to ""
[5.237s] -- Installing: /home/user/robo/sb-robot/microros_ws/src/install/builtin_interfaces/share/builtin_interfaces/environment/pythonpath.sh
[5.237s] -- Installing: /home/user/robo/sb-robot/microros_ws/src/install/builtin_interfaces/share/builtin_interfaces/environment/pythonpath.dsv
[5.237s] -- Installing: /home/user/robo/sb-robot/microros_ws/src/install/builtin_interfaces/local/lib/python3.10/dist-packages/builtin_interfaces-1.2.1-py3.10.egg-info
[5.238s] -- Installing: /home/user/robo/sb-robot/microros_ws/src/install/builtin_interfaces/local/lib/python3.10/dist-packages/builtin_interfaces-1.2.1-py3.10.egg-info/top_level.txt
[5.238s] -- Installing: /home/user/robo/sb-robot/microros_ws/src/install/builtin_interfaces/local/lib/python3.10/dist-packages/builtin_interfaces-1.2.1-py3.10.egg-info/dependency_links.txt
[5.238s] -- Installing: /home/user/robo/sb-robot/microros_ws/src/install/builtin_interfaces/local/lib/python3.10/dist-packages/builtin_interfaces-1.2.1-py3.10.egg-info/PKG-INFO
[5.238s] -- Installing: /home/user/robo/sb-robot/microros_ws/src/install/builtin_interfaces/local/lib/python3.10/dist-packages/builtin_interfaces-1.2.1-py3.10.egg-info/SOURCES.txt
[5.238s] -- Installing: /home/user/robo/sb-robot/microros_ws/src/install/builtin_interfaces/local/lib/python3.10/dist-packages/builtin_interfaces
[5.238s] -- Installing: /home/user/robo/sb-robot/microros_ws/src/install/builtin_interfaces/local/lib/python3.10/dist-packages/builtin_interfaces/_builtin_interfaces_s.ep.rosidl_typesupport_introspection_c.c
[5.238s] -- Installing: /home/user/robo/sb-robot/microros_ws/src/install/builtin_interfaces/local/lib/python3.10/dist-packages/builtin_interfaces/builtin_interfaces_s__rosidl_typesupport_c.cpython-310-x86_64-linux-gnu.so
[5.238s] -- Installing: /home/user/robo/sb-robot/microros_ws/src/install/builtin_interfaces/local/lib/python3.10/dist-packages/builtin_interfaces/_builtin_interfaces_s.ep.rosidl_typesupport_fastrtps_c.c
[5.238s] -- Installing: /home/user/robo/sb-robot/microros_ws/src/install/builtin_interfaces/local/lib/python3.10/dist-packages/builtin_interfaces/builtin_interfaces_s__rosidl_typesupport_fastrtps_c.cpython-310-x86_64-linux-gnu.so
[5.239s] -- Installing: /home/user/robo/sb-robot/microros_ws/src/install/builtin_interfaces/local/lib/python3.10/dist-packages/builtin_interfaces/libbuiltin_interfaces__rosidl_generator_py.so
[5.239s] -- Installing: /home/user/robo/sb-robot/microros_ws/src/install/builtin_interfaces/local/lib/python3.10/dist-packages/builtin_interfaces/builtin_interfaces_s__rosidl_typesupport_introspection_c.cpython-310-x86_64-linux-gnu.so
[5.239s] -- Installing: /home/user/robo/sb-robot/microros_ws/src/install/builtin_interfaces/local/lib/python3.10/dist-packages/builtin_interfaces/__init__.py
[5.239s] -- Installing: /home/user/robo/sb-robot/microros_ws/src/install/builtin_interfaces/local/lib/python3.10/dist-packages/builtin_interfaces/_builtin_interfaces_s.ep.rosidl_typesupport_c.c
[5.239s] -- Installing: /home/user/robo/sb-robot/microros_ws/src/install/builtin_interfaces/local/lib/python3.10/dist-packages/builtin_interfaces/msg
[5.240s] -- Installing: /home/user/robo/sb-robot/microros_ws/src/install/builtin_interfaces/local/lib/python3.10/dist-packages/builtin_interfaces/msg/_time.py
[5.240s] -- Installing: /home/user/robo/sb-robot/microros_ws/src/install/builtin_interfaces/local/lib/python3.10/dist-packages/builtin_interfaces/msg/_time_s.c
[5.240s] -- Installing: /home/user/robo/sb-robot/microros_ws/src/install/builtin_interfaces/local/lib/python3.10/dist-packages/builtin_interfaces/msg/_duration.py
[5.240s] -- Installing: /home/user/robo/sb-robot/microros_ws/src/install/builtin_interfaces/local/lib/python3.10/dist-packages/builtin_interfaces/msg/_duration_s.c
[5.240s] -- Installing: /home/user/robo/sb-robot/microros_ws/src/install/builtin_interfaces/local/lib/python3.10/dist-packages/builtin_interfaces/msg/__init__.py
[5.288s] Listing '/home/user/robo/sb-robot/microros_ws/src/install/builtin_interfaces/local/lib/python3.10/dist-packages/builtin_interfaces'...
[5.288s] Compiling '/home/user/robo/sb-robot/microros_ws/src/install/builtin_interfaces/local/lib/python3.10/dist-packages/builtin_interfaces/__init__.py'...
[5.288s] Listing '/home/user/robo/sb-robot/microros_ws/src/install/builtin_interfaces/local/lib/python3.10/dist-packages/builtin_interfaces/msg'...
[5.288s] Compiling '/home/user/robo/sb-robot/microros_ws/src/install/builtin_interfaces/local/lib/python3.10/dist-packages/builtin_interfaces/msg/__init__.py'...
[5.288s] Compiling '/home/user/robo/sb-robot/microros_ws/src/install/builtin_interfaces/local/lib/python3.10/dist-packages/builtin_interfaces/msg/_duration.py'...
[5.288s] Compiling '/home/user/robo/sb-robot/microros_ws/src/install/builtin_interfaces/local/lib/python3.10/dist-packages/builtin_interfaces/msg/_time.py'...
[5.294s] -- Installing: /home/user/robo/sb-robot/microros_ws/src/install/builtin_interfaces/local/lib/python3.10/dist-packages/builtin_interfaces/builtin_interfaces_s__rosidl_typesupport_fastrtps_c.cpython-310-x86_64-linux-gnu.so
[5.294s] -- Set runtime path of "/home/user/robo/sb-robot/microros_ws/src/install/builtin_interfaces/local/lib/python3.10/dist-packages/builtin_interfaces/builtin_interfaces_s__rosidl_typesupport_fastrtps_c.cpython-310-x86_64-linux-gnu.so" to ""
[5.294s] -- Installing: /home/user/robo/sb-robot/microros_ws/src/install/builtin_interfaces/local/lib/python3.10/dist-packages/builtin_interfaces/builtin_interfaces_s__rosidl_typesupport_introspection_c.cpython-310-x86_64-linux-gnu.so
[5.296s] -- Set runtime path of "/home/user/robo/sb-robot/microros_ws/src/install/builtin_interfaces/local/lib/python3.10/dist-packages/builtin_interfaces/builtin_interfaces_s__rosidl_typesupport_introspection_c.cpython-310-x86_64-linux-gnu.so" to ""
[5.296s] -- Installing: /home/user/robo/sb-robot/microros_ws/src/install/builtin_interfaces/local/lib/python3.10/dist-packages/builtin_interfaces/builtin_interfaces_s__rosidl_typesupport_c.cpython-310-x86_64-linux-gnu.so
[5.296s] -- Set runtime path of "/home/user/robo/sb-robot/microros_ws/src/install/builtin_interfaces/local/lib/python3.10/dist-packages/builtin_interfaces/builtin_interfaces_s__rosidl_typesupport_c.cpython-310-x86_64-linux-gnu.so" to ""
[5.296s] -- Installing: /home/user/robo/sb-robot/microros_ws/src/install/builtin_interfaces/lib/libbuiltin_interfaces__rosidl_generator_py.so
[5.296s] -- Set runtime path of "/home/user/robo/sb-robot/microros_ws/src/install/builtin_interfaces/lib/libbuiltin_interfaces__rosidl_generator_py.so" to ""
[5.297s] -- Installing: /home/user/robo/sb-robot/microros_ws/src/install/builtin_interfaces/share/builtin_interfaces/msg/Duration.idl
[5.297s] -- Installing: /home/user/robo/sb-robot/microros_ws/src/install/builtin_interfaces/share/builtin_interfaces/msg/Time.idl
[5.297s] -- Installing: /home/user/robo/sb-robot/microros_ws/src/install/builtin_interfaces/share/builtin_interfaces/msg/Duration.msg
[5.297s] -- Installing: /home/user/robo/sb-robot/microros_ws/src/install/builtin_interfaces/share/builtin_interfaces/msg/Time.msg
[5.297s] -- Installing: /home/user/robo/sb-robot/microros_ws/src/install/builtin_interfaces/share/ament_index/resource_index/package_run_dependencies/builtin_interfaces
[5.301s] -- Installing: /home/user/robo/sb-robot/microros_ws/src/install/builtin_interfaces/share/ament_index/resource_index/parent_prefix_path/builtin_interfaces
[5.301s] -- Installing: /home/user/robo/sb-robot/microros_ws/src/install/builtin_interfaces/share/builtin_interfaces/environment/ament_prefix_path.sh
[5.301s] -- Installing: /home/user/robo/sb-robot/microros_ws/src/install/builtin_interfaces/share/builtin_interfaces/environment/ament_prefix_path.dsv
[5.302s] -- Installing: /home/user/robo/sb-robot/microros_ws/src/install/builtin_interfaces/share/builtin_interfaces/environment/path.sh
[5.302s] -- Installing: /home/user/robo/sb-robot/microros_ws/src/install/builtin_interfaces/share/builtin_interfaces/environment/path.dsv
[5.302s] -- Installing: /home/user/robo/sb-robot/microros_ws/src/install/builtin_interfaces/share/builtin_interfaces/local_setup.bash
[5.302s] -- Installing: /home/user/robo/sb-robot/microros_ws/src/install/builtin_interfaces/share/builtin_interfaces/local_setup.sh
[5.302s] -- Installing: /home/user/robo/sb-robot/microros_ws/src/install/builtin_interfaces/share/builtin_interfaces/local_setup.zsh
[5.302s] -- Installing: /home/user/robo/sb-robot/microros_ws/src/install/builtin_interfaces/share/builtin_interfaces/local_setup.dsv
[5.302s] -- Installing: /home/user/robo/sb-robot/microros_ws/src/install/builtin_interfaces/share/builtin_interfaces/package.dsv
[5.303s] -- Installing: /home/user/robo/sb-robot/microros_ws/src/install/builtin_interfaces/share/ament_index/resource_index/packages/builtin_interfaces
[5.303s] -- Installing: /home/user/robo/sb-robot/microros_ws/src/install/builtin_interfaces/share/builtin_interfaces/cmake/export_builtin_interfaces__rosidl_generator_cExport.cmake
[5.303s] -- Installing: /home/user/robo/sb-robot/microros_ws/src/install/builtin_interfaces/share/builtin_interfaces/cmake/export_builtin_interfaces__rosidl_generator_cExport-noconfig.cmake
[5.303s] -- Installing: /home/user/robo/sb-robot/microros_ws/src/install/builtin_interfaces/share/builtin_interfaces/cmake/export_builtin_interfaces__rosidl_typesupport_fastrtps_cExport.cmake
[5.303s] -- Installing: /home/user/robo/sb-robot/microros_ws/src/install/builtin_interfaces/share/builtin_interfaces/cmake/export_builtin_interfaces__rosidl_typesupport_fastrtps_cExport-noconfig.cmake
[5.303s] -- Installing: /home/user/robo/sb-robot/microros_ws/src/install/builtin_interfaces/share/builtin_interfaces/cmake/builtin_interfaces__rosidl_typesupport_introspection_cExport.cmake
[5.303s] -- Installing: /home/user/robo/sb-robot/microros_ws/src/install/builtin_interfaces/share/builtin_interfaces/cmake/builtin_interfaces__rosidl_typesupport_introspection_cExport-noconfig.cmake
[5.303s] -- Installing: /home/user/robo/sb-robot/microros_ws/src/install/builtin_interfaces/share/builtin_interfaces/cmake/builtin_interfaces__rosidl_typesupport_cExport.cmake
[5.303s] -- Installing: /home/user/robo/sb-robot/microros_ws/src/install/builtin_interfaces/share/builtin_interfaces/cmake/builtin_interfaces__rosidl_typesupport_cExport-noconfig.cmake
[5.304s] -- Installing: /home/user/robo/sb-robot/microros_ws/src/install/builtin_interfaces/share/builtin_interfaces/cmake/export_builtin_interfaces__rosidl_generator_cppExport.cmake
[5.304s] -- Installing: /home/user/robo/sb-robot/microros_ws/src/install/builtin_interfaces/share/builtin_interfaces/cmake/export_builtin_interfaces__rosidl_typesupport_fastrtps_cppExport.cmake
[5.304s] -- Installing: /home/user/robo/sb-robot/microros_ws/src/install/builtin_interfaces/share/builtin_interfaces/cmake/export_builtin_interfaces__rosidl_typesupport_fastrtps_cppExport-noconfig.cmake
[5.304s] -- Installing: /home/user/robo/sb-robot/microros_ws/src/install/builtin_interfaces/share/builtin_interfaces/cmake/builtin_interfaces__rosidl_typesupport_introspection_cppExport.cmake
[5.304s] -- Installing: /home/user/robo/sb-robot/microros_ws/src/install/builtin_interfaces/share/builtin_interfaces/cmake/builtin_interfaces__rosidl_typesupport_introspection_cppExport-noconfig.cmake
[5.304s] -- Installing: /home/user/robo/sb-robot/microros_ws/src/install/builtin_interfaces/share/builtin_interfaces/cmake/builtin_interfaces__rosidl_typesupport_cppExport.cmake
[5.304s] -- Installing: /home/user/robo/sb-robot/microros_ws/src/install/builtin_interfaces/share/builtin_interfaces/cmake/builtin_interfaces__rosidl_typesupport_cppExport-noconfig.cmake
[5.304s] -- Installing: /home/user/robo/sb-robot/microros_ws/src/install/builtin_interfaces/share/builtin_interfaces/cmake/export_builtin_interfaces__rosidl_generator_pyExport.cmake
[5.304s] -- Installing: /home/user/robo/sb-robot/microros_ws/src/install/builtin_interfaces/share/builtin_interfaces/cmake/export_builtin_interfaces__rosidl_generator_pyExport-noconfig.cmake
[5.304s] -- Installing: /home/user/robo/sb-robot/microros_ws/src/install/builtin_interfaces/share/builtin_interfaces/cmake/rosidl_cmake-extras.cmake
[5.304s] -- Installing: /home/user/robo/sb-robot/microros_ws/src/install/builtin_interfaces/share/builtin_interfaces/cmake/ament_cmake_export_include_directories-extras.cmake
[5.305s] -- Installing: /home/user/robo/sb-robot/microros_ws/src/install/builtin_interfaces/share/builtin_interfaces/cmake/ament_cmake_export_libraries-extras.cmake
[5.305s] -- Installing: /home/user/robo/sb-robot/microros_ws/src/install/builtin_interfaces/share/builtin_interfaces/cmake/ament_cmake_export_targets-extras.cmake
[5.305s] -- Installing: /home/user/robo/sb-robot/microros_ws/src/install/builtin_interfaces/share/builtin_interfaces/cmake/rosidl_cmake_export_typesupport_targets-extras.cmake
[5.305s] -- Installing: /home/user/robo/sb-robot/microros_ws/src/install/builtin_interfaces/share/builtin_interfaces/cmake/ament_cmake_export_dependencies-extras.cmake
[5.305s] -- Installing: /home/user/robo/sb-robot/microros_ws/src/install/builtin_interfaces/share/builtin_interfaces/cmake/rosidl_cmake_export_typesupport_libraries-extras.cmake
[5.305s] -- Installing: /home/user/robo/sb-robot/microros_ws/src/install/builtin_interfaces/share/builtin_interfaces/cmake/builtin_interfacesConfig.cmake
[5.305s] -- Installing: /home/user/robo/sb-robot/microros_ws/src/install/builtin_interfaces/share/builtin_interfaces/cmake/builtin_interfacesConfig-version.cmake
[5.305s] -- Installing: /home/user/robo/sb-robot/microros_ws/src/install/builtin_interfaces/share/builtin_interfaces/package.xml
[5.313s] Invoked command in '/home/user/robo/sb-robot/microros_ws/src/build/builtin_interfaces' returned '0': CMAKE_PREFIX_PATH=${CMAKE_PREFIX_PATH}:/opt/ros/humble /usr/bin/cmake --install /home/user/robo/sb-robot/microros_ws/src/build/builtin_interfaces
