[0.060s] DEBUG:colcon:Command line arguments: ['/usr/bin/colcon', 'build', '--symlink-install']
[0.060s] DEBUG:colcon:Parsed command line arguments: Namespace(log_base=None, log_level=None, verb_name='build', build_base='build', install_base='install', merge_install=False, symlink_install=True, test_result_base=None, continue_on_error=False, executor='parallel', parallel_workers=20, event_handlers=None, ignore_user_meta=False, metas=['./colcon.meta'], base_paths=['.'], packages_ignore=None, packages_ignore_regex=None, paths=None, packages_up_to=None, packages_up_to_regex=None, packages_above=None, packages_above_and_dependencies=None, packages_above_depth=None, packages_select_by_dep=None, packages_skip_by_dep=None, packages_skip_up_to=None, packages_select_build_failed=False, packages_skip_build_finished=False, packages_select_test_failures=False, packages_skip_test_passed=False, packages_select=None, packages_skip=None, packages_select_regex=None, packages_skip_regex=None, packages_start=None, packages_end=None, allow_overriding=[], cmake_args=None, cmake_target=None, cmake_target_skip_unavailable=False, cmake_clean_cache=False, cmake_clean_first=False, cmake_force_configure=False, ament_cmake_args=None, catkin_cmake_args=None, catkin_skip_building_tests=False, mixin_files=None, mixin=None, verb_parser=<colcon_mixin.mixin.mixin_argument.MixinArgumentDecorator object at 0x797d1916d630>, verb_extension=<colcon_core.verb.build.BuildVerb object at 0x797d1916cf70>, main=<bound method BuildVerb.main of <colcon_core.verb.build.BuildVerb object at 0x797d1916cf70>>, mixin_verb=('build',))
[0.139s] Level 1:colcon.colcon_core.package_discovery:discover_packages(colcon_meta) check parameters
[0.139s] Level 1:colcon.colcon_core.package_discovery:discover_packages(recursive) check parameters
[0.139s] Level 1:colcon.colcon_core.package_discovery:discover_packages(ignore) check parameters
[0.139s] Level 1:colcon.colcon_core.package_discovery:discover_packages(path) check parameters
[0.139s] Level 1:colcon.colcon_core.package_discovery:discover_packages(colcon_meta) discover
[0.139s] Level 1:colcon.colcon_core.package_discovery:discover_packages(recursive) discover
[0.139s] INFO:colcon.colcon_core.package_discovery:Crawling recursively for packages in '/home/user/robo/sb-robot/ros_ws'
[0.139s] Level 1:colcon.colcon_core.package_identification:_identify(.) by extensions ['ignore', 'ignore_ament_install']
[0.139s] Level 1:colcon.colcon_core.package_identification:_identify(.) by extension 'ignore'
[0.139s] Level 1:colcon.colcon_core.package_identification:_identify(.) by extension 'ignore_ament_install'
[0.139s] Level 1:colcon.colcon_core.package_identification:_identify(.) by extensions ['colcon_pkg']
[0.139s] Level 1:colcon.colcon_core.package_identification:_identify(.) by extension 'colcon_pkg'
[0.139s] Level 1:colcon.colcon_core.package_identification:_identify(.) by extensions ['colcon_meta']
[0.139s] Level 1:colcon.colcon_core.package_identification:_identify(.) by extension 'colcon_meta'
[0.139s] Level 1:colcon.colcon_core.package_identification:_identify(.) by extensions ['ros']
[0.139s] Level 1:colcon.colcon_core.package_identification:_identify(.) by extension 'ros'
[0.146s] Level 1:colcon.colcon_core.package_identification:_identify(.) by extensions ['cmake', 'python']
[0.146s] Level 1:colcon.colcon_core.package_identification:_identify(.) by extension 'cmake'
[0.146s] Level 1:colcon.colcon_core.package_identification:_identify(.) by extension 'python'
[0.146s] Level 1:colcon.colcon_core.package_identification:_identify(.) by extensions ['python_setup_py']
[0.146s] Level 1:colcon.colcon_core.package_identification:_identify(.) by extension 'python_setup_py'
[0.146s] Level 1:colcon.colcon_core.package_identification:_identify(build) by extensions ['ignore', 'ignore_ament_install']
[0.146s] Level 1:colcon.colcon_core.package_identification:_identify(build) by extension 'ignore'
[0.146s] Level 1:colcon.colcon_core.package_identification:_identify(build) ignored
[0.146s] Level 1:colcon.colcon_core.package_identification:_identify(install) by extensions ['ignore', 'ignore_ament_install']
[0.146s] Level 1:colcon.colcon_core.package_identification:_identify(install) by extension 'ignore'
[0.146s] Level 1:colcon.colcon_core.package_identification:_identify(install) ignored
[0.146s] Level 1:colcon.colcon_core.package_identification:_identify(log) by extensions ['ignore', 'ignore_ament_install']
[0.146s] Level 1:colcon.colcon_core.package_identification:_identify(log) by extension 'ignore'
[0.146s] Level 1:colcon.colcon_core.package_identification:_identify(log) ignored
[0.146s] Level 1:colcon.colcon_core.package_identification:_identify(src) by extensions ['ignore', 'ignore_ament_install']
[0.147s] Level 1:colcon.colcon_core.package_identification:_identify(src) by extension 'ignore'
[0.147s] Level 1:colcon.colcon_core.package_identification:_identify(src) by extension 'ignore_ament_install'
[0.147s] Level 1:colcon.colcon_core.package_identification:_identify(src) by extensions ['colcon_pkg']
[0.147s] Level 1:colcon.colcon_core.package_identification:_identify(src) by extension 'colcon_pkg'
[0.147s] Level 1:colcon.colcon_core.package_identification:_identify(src) by extensions ['colcon_meta']
[0.147s] Level 1:colcon.colcon_core.package_identification:_identify(src) by extension 'colcon_meta'
[0.147s] Level 1:colcon.colcon_core.package_identification:_identify(src) by extensions ['ros']
[0.147s] Level 1:colcon.colcon_core.package_identification:_identify(src) by extension 'ros'
[0.147s] Level 1:colcon.colcon_core.package_identification:_identify(src) by extensions ['cmake', 'python']
[0.147s] Level 1:colcon.colcon_core.package_identification:_identify(src) by extension 'cmake'
[0.147s] Level 1:colcon.colcon_core.package_identification:_identify(src) by extension 'python'
[0.147s] Level 1:colcon.colcon_core.package_identification:_identify(src) by extensions ['python_setup_py']
[0.147s] Level 1:colcon.colcon_core.package_identification:_identify(src) by extension 'python_setup_py'
[0.147s] Level 1:colcon.colcon_core.package_identification:_identify(src/sb_robot) by extensions ['ignore', 'ignore_ament_install']
[0.147s] Level 1:colcon.colcon_core.package_identification:_identify(src/sb_robot) by extension 'ignore'
[0.147s] Level 1:colcon.colcon_core.package_identification:_identify(src/sb_robot) by extension 'ignore_ament_install'
[0.147s] Level 1:colcon.colcon_core.package_identification:_identify(src/sb_robot) by extensions ['colcon_pkg']
[0.147s] Level 1:colcon.colcon_core.package_identification:_identify(src/sb_robot) by extension 'colcon_pkg'
[0.147s] Level 1:colcon.colcon_core.package_identification:_identify(src/sb_robot) by extensions ['colcon_meta']
[0.147s] Level 1:colcon.colcon_core.package_identification:_identify(src/sb_robot) by extension 'colcon_meta'
[0.147s] Level 1:colcon.colcon_core.package_identification:_identify(src/sb_robot) by extensions ['ros']
[0.147s] Level 1:colcon.colcon_core.package_identification:_identify(src/sb_robot) by extension 'ros'
[0.148s] DEBUG:colcon.colcon_core.package_identification:Package 'src/sb_robot' with type 'ros.ament_cmake' and name 'sb_robot'
[0.148s] Level 1:colcon.colcon_core.package_identification:_identify(src/ws_hw_interface) by extensions ['ignore', 'ignore_ament_install']
[0.149s] Level 1:colcon.colcon_core.package_identification:_identify(src/ws_hw_interface) by extension 'ignore'
[0.149s] Level 1:colcon.colcon_core.package_identification:_identify(src/ws_hw_interface) by extension 'ignore_ament_install'
[0.149s] Level 1:colcon.colcon_core.package_identification:_identify(src/ws_hw_interface) by extensions ['colcon_pkg']
[0.149s] Level 1:colcon.colcon_core.package_identification:_identify(src/ws_hw_interface) by extension 'colcon_pkg'
[0.149s] Level 1:colcon.colcon_core.package_identification:_identify(src/ws_hw_interface) by extensions ['colcon_meta']
[0.149s] Level 1:colcon.colcon_core.package_identification:_identify(src/ws_hw_interface) by extension 'colcon_meta'
[0.149s] Level 1:colcon.colcon_core.package_identification:_identify(src/ws_hw_interface) by extensions ['ros']
[0.149s] Level 1:colcon.colcon_core.package_identification:_identify(src/ws_hw_interface) by extension 'ros'
[0.149s] DEBUG:colcon.colcon_core.package_identification:Package 'src/ws_hw_interface' with type 'ros.ament_cmake' and name 'ws_hw_interface'
[0.149s] Level 1:colcon.colcon_core.package_identification:_identify(test) by extensions ['ignore', 'ignore_ament_install']
[0.149s] Level 1:colcon.colcon_core.package_identification:_identify(test) by extension 'ignore'
[0.149s] Level 1:colcon.colcon_core.package_identification:_identify(test) ignored
[0.149s] Level 1:colcon.colcon_core.package_discovery:discover_packages(recursive) using defaults
[0.149s] Level 1:colcon.colcon_core.package_discovery:discover_packages(ignore) discover
[0.149s] Level 1:colcon.colcon_core.package_discovery:discover_packages(ignore) using defaults
[0.149s] Level 1:colcon.colcon_core.package_discovery:discover_packages(path) discover
[0.149s] Level 1:colcon.colcon_core.package_discovery:discover_packages(path) using defaults
[0.166s] Level 1:colcon.colcon_core.package_discovery:discover_packages(prefix_path) check parameters
[0.166s] Level 1:colcon.colcon_core.package_discovery:discover_packages(prefix_path) discover
[0.167s] DEBUG:colcon.colcon_installed_package_information.package_discovery:Found 283 installed packages in /opt/ros/humble
[0.168s] Level 1:colcon.colcon_core.package_discovery:discover_packages(prefix_path) using defaults
[0.186s] Level 5:colcon.colcon_core.verb:set package 'sb_robot' build argument 'cmake_args' from command line to 'None'
[0.186s] Level 5:colcon.colcon_core.verb:set package 'sb_robot' build argument 'cmake_target' from command line to 'None'
[0.186s] Level 5:colcon.colcon_core.verb:set package 'sb_robot' build argument 'cmake_target_skip_unavailable' from command line to 'False'
[0.186s] Level 5:colcon.colcon_core.verb:set package 'sb_robot' build argument 'cmake_clean_cache' from command line to 'False'
[0.186s] Level 5:colcon.colcon_core.verb:set package 'sb_robot' build argument 'cmake_clean_first' from command line to 'False'
[0.186s] Level 5:colcon.colcon_core.verb:set package 'sb_robot' build argument 'cmake_force_configure' from command line to 'False'
[0.186s] Level 5:colcon.colcon_core.verb:set package 'sb_robot' build argument 'ament_cmake_args' from command line to 'None'
[0.186s] Level 5:colcon.colcon_core.verb:set package 'sb_robot' build argument 'catkin_cmake_args' from command line to 'None'
[0.186s] Level 5:colcon.colcon_core.verb:set package 'sb_robot' build argument 'catkin_skip_building_tests' from command line to 'False'
[0.186s] DEBUG:colcon.colcon_core.verb:Building package 'sb_robot' with the following arguments: {'ament_cmake_args': None, 'build_base': '/home/user/robo/sb-robot/ros_ws/build/sb_robot', 'catkin_cmake_args': None, 'catkin_skip_building_tests': False, 'cmake_args': None, 'cmake_clean_cache': False, 'cmake_clean_first': False, 'cmake_force_configure': False, 'cmake_target': None, 'cmake_target_skip_unavailable': False, 'install_base': '/home/user/robo/sb-robot/ros_ws/install/sb_robot', 'merge_install': False, 'path': '/home/user/robo/sb-robot/ros_ws/src/sb_robot', 'symlink_install': True, 'test_result_base': None}
[0.186s] Level 5:colcon.colcon_core.verb:set package 'ws_hw_interface' build argument 'cmake_args' from command line to 'None'
[0.186s] Level 5:colcon.colcon_core.verb:set package 'ws_hw_interface' build argument 'cmake_target' from command line to 'None'
[0.186s] Level 5:colcon.colcon_core.verb:set package 'ws_hw_interface' build argument 'cmake_target_skip_unavailable' from command line to 'False'
[0.187s] Level 5:colcon.colcon_core.verb:set package 'ws_hw_interface' build argument 'cmake_clean_cache' from command line to 'False'
[0.187s] Level 5:colcon.colcon_core.verb:set package 'ws_hw_interface' build argument 'cmake_clean_first' from command line to 'False'
[0.187s] Level 5:colcon.colcon_core.verb:set package 'ws_hw_interface' build argument 'cmake_force_configure' from command line to 'False'
[0.187s] Level 5:colcon.colcon_core.verb:set package 'ws_hw_interface' build argument 'ament_cmake_args' from command line to 'None'
[0.187s] Level 5:colcon.colcon_core.verb:set package 'ws_hw_interface' build argument 'catkin_cmake_args' from command line to 'None'
[0.187s] Level 5:colcon.colcon_core.verb:set package 'ws_hw_interface' build argument 'catkin_skip_building_tests' from command line to 'False'
[0.187s] DEBUG:colcon.colcon_core.verb:Building package 'ws_hw_interface' with the following arguments: {'ament_cmake_args': None, 'build_base': '/home/user/robo/sb-robot/ros_ws/build/ws_hw_interface', 'catkin_cmake_args': None, 'catkin_skip_building_tests': False, 'cmake_args': None, 'cmake_clean_cache': False, 'cmake_clean_first': False, 'cmake_force_configure': False, 'cmake_target': None, 'cmake_target_skip_unavailable': False, 'install_base': '/home/user/robo/sb-robot/ros_ws/install/ws_hw_interface', 'merge_install': False, 'path': '/home/user/robo/sb-robot/ros_ws/src/ws_hw_interface', 'symlink_install': True, 'test_result_base': None}
[0.187s] INFO:colcon.colcon_core.executor:Executing jobs using 'parallel' executor
[0.187s] DEBUG:colcon.colcon_parallel_executor.executor.parallel:run_until_complete
[0.188s] INFO:colcon.colcon_ros.task.ament_cmake.build:Building ROS package in '/home/user/robo/sb-robot/ros_ws/src/sb_robot' with build type 'ament_cmake'
[0.188s] INFO:colcon.colcon_cmake.task.cmake.build:Building CMake package in '/home/user/robo/sb-robot/ros_ws/src/sb_robot'
[0.189s] INFO:colcon.colcon_core.plugin_system:Skipping extension 'colcon_core.shell.bat': Not used on non-Windows systems
[0.189s] INFO:colcon.colcon_core.shell:Skip shell extension 'powershell' for command environment: Not usable outside of PowerShell
[0.189s] DEBUG:colcon.colcon_core.shell:Skip shell extension 'dsv' for command environment
[0.190s] INFO:colcon.colcon_ros.task.ament_cmake.build:Building ROS package in '/home/user/robo/sb-robot/ros_ws/src/ws_hw_interface' with build type 'ament_cmake'
[0.190s] INFO:colcon.colcon_cmake.task.cmake.build:Building CMake package in '/home/user/robo/sb-robot/ros_ws/src/ws_hw_interface'
[0.190s] INFO:colcon.colcon_core.shell:Skip shell extension 'powershell' for command environment: Not usable outside of PowerShell
[0.190s] DEBUG:colcon.colcon_core.shell:Skip shell extension 'dsv' for command environment
[0.195s] DEBUG:colcon.colcon_core.event_handler.log_command:Invoking command in '/home/user/robo/sb-robot/ros_ws/build/sb_robot': CMAKE_PREFIX_PATH=/opt/ros/humble /usr/bin/cmake --build /home/user/robo/sb-robot/ros_ws/build/sb_robot -- -j20 -l20
[0.196s] DEBUG:colcon.colcon_core.event_handler.log_command:Invoking command in '/home/user/robo/sb-robot/ros_ws/build/ws_hw_interface': CMAKE_PREFIX_PATH=/opt/ros/humble /usr/bin/cmake --build /home/user/robo/sb-robot/ros_ws/build/ws_hw_interface -- -j20 -l20
[0.222s] DEBUG:colcon.colcon_core.event_handler.log_command:Invoked command in '/home/user/robo/sb-robot/ros_ws/build/sb_robot' returned '0': CMAKE_PREFIX_PATH=/opt/ros/humble /usr/bin/cmake --build /home/user/robo/sb-robot/ros_ws/build/sb_robot -- -j20 -l20
[0.228s] DEBUG:colcon.colcon_core.event_handler.log_command:Invoking command in '/home/user/robo/sb-robot/ros_ws/build/sb_robot': CMAKE_PREFIX_PATH=/opt/ros/humble /usr/bin/cmake --install /home/user/robo/sb-robot/ros_ws/build/sb_robot
[0.243s] Level 1:colcon.colcon_core.environment:create_environment_scripts_only(sb_robot)
[0.244s] DEBUG:colcon.colcon_core.event_handler.log_command:Invoked command in '/home/user/robo/sb-robot/ros_ws/build/sb_robot' returned '0': CMAKE_PREFIX_PATH=/opt/ros/humble /usr/bin/cmake --install /home/user/robo/sb-robot/ros_ws/build/sb_robot
[0.245s] Level 1:colcon.colcon_core.environment:checking '/home/user/robo/sb-robot/ros_ws/install/sb_robot' for CMake module files
[0.245s] Level 1:colcon.colcon_core.environment:checking '/home/user/robo/sb-robot/ros_ws/install/sb_robot' for CMake config files
[0.245s] Level 1:colcon.colcon_core.shell:create_environment_hook('sb_robot', 'cmake_prefix_path')
[0.246s] INFO:colcon.colcon_core.shell:Creating environment hook '/home/user/robo/sb-robot/ros_ws/install/sb_robot/share/sb_robot/hook/cmake_prefix_path.ps1'
[0.246s] INFO:colcon.colcon_core.shell:Creating environment descriptor '/home/user/robo/sb-robot/ros_ws/install/sb_robot/share/sb_robot/hook/cmake_prefix_path.dsv'
[0.246s] INFO:colcon.colcon_core.shell:Creating environment hook '/home/user/robo/sb-robot/ros_ws/install/sb_robot/share/sb_robot/hook/cmake_prefix_path.sh'
[0.247s] Level 1:colcon.colcon_core.environment:checking '/home/user/robo/sb-robot/ros_ws/install/sb_robot/bin'
[0.247s] Level 1:colcon.colcon_core.environment:checking '/home/user/robo/sb-robot/ros_ws/install/sb_robot/lib/pkgconfig/sb_robot.pc'
[0.247s] Level 1:colcon.colcon_core.environment:checking '/home/user/robo/sb-robot/ros_ws/install/sb_robot/lib/python3.10/site-packages'
[0.247s] Level 1:colcon.colcon_core.environment:checking '/home/user/robo/sb-robot/ros_ws/install/sb_robot/bin'
[0.247s] INFO:colcon.colcon_core.shell:Creating package script '/home/user/robo/sb-robot/ros_ws/install/sb_robot/share/sb_robot/package.ps1'
[0.248s] INFO:colcon.colcon_core.shell:Creating package descriptor '/home/user/robo/sb-robot/ros_ws/install/sb_robot/share/sb_robot/package.dsv'
[0.248s] INFO:colcon.colcon_core.shell:Creating package script '/home/user/robo/sb-robot/ros_ws/install/sb_robot/share/sb_robot/package.sh'
[0.248s] INFO:colcon.colcon_core.shell:Creating package script '/home/user/robo/sb-robot/ros_ws/install/sb_robot/share/sb_robot/package.bash'
[0.249s] INFO:colcon.colcon_core.shell:Creating package script '/home/user/robo/sb-robot/ros_ws/install/sb_robot/share/sb_robot/package.zsh'
[0.249s] Level 1:colcon.colcon_core.environment:create_file_with_runtime_dependencies(/home/user/robo/sb-robot/ros_ws/install/sb_robot/share/colcon-core/packages/sb_robot)
[0.249s] Level 1:colcon.colcon_core.environment:create_environment_scripts_only(sb_robot)
[0.250s] Level 1:colcon.colcon_core.environment:checking '/home/user/robo/sb-robot/ros_ws/install/sb_robot' for CMake module files
[0.250s] Level 1:colcon.colcon_core.environment:checking '/home/user/robo/sb-robot/ros_ws/install/sb_robot' for CMake config files
[0.250s] Level 1:colcon.colcon_core.shell:create_environment_hook('sb_robot', 'cmake_prefix_path')
[0.250s] INFO:colcon.colcon_core.shell:Creating environment hook '/home/user/robo/sb-robot/ros_ws/install/sb_robot/share/sb_robot/hook/cmake_prefix_path.ps1'
[0.250s] INFO:colcon.colcon_core.shell:Creating environment descriptor '/home/user/robo/sb-robot/ros_ws/install/sb_robot/share/sb_robot/hook/cmake_prefix_path.dsv'
[0.251s] INFO:colcon.colcon_core.shell:Creating environment hook '/home/user/robo/sb-robot/ros_ws/install/sb_robot/share/sb_robot/hook/cmake_prefix_path.sh'
[0.251s] Level 1:colcon.colcon_core.environment:checking '/home/user/robo/sb-robot/ros_ws/install/sb_robot/bin'
[0.251s] Level 1:colcon.colcon_core.environment:checking '/home/user/robo/sb-robot/ros_ws/install/sb_robot/lib/pkgconfig/sb_robot.pc'
[0.251s] Level 1:colcon.colcon_core.environment:checking '/home/user/robo/sb-robot/ros_ws/install/sb_robot/lib/python3.10/site-packages'
[0.251s] Level 1:colcon.colcon_core.environment:checking '/home/user/robo/sb-robot/ros_ws/install/sb_robot/bin'
[0.251s] INFO:colcon.colcon_core.shell:Creating package script '/home/user/robo/sb-robot/ros_ws/install/sb_robot/share/sb_robot/package.ps1'
[0.252s] INFO:colcon.colcon_core.shell:Creating package descriptor '/home/user/robo/sb-robot/ros_ws/install/sb_robot/share/sb_robot/package.dsv'
[0.252s] INFO:colcon.colcon_core.shell:Creating package script '/home/user/robo/sb-robot/ros_ws/install/sb_robot/share/sb_robot/package.sh'
[0.252s] INFO:colcon.colcon_core.shell:Creating package script '/home/user/robo/sb-robot/ros_ws/install/sb_robot/share/sb_robot/package.bash'
[0.252s] INFO:colcon.colcon_core.shell:Creating package script '/home/user/robo/sb-robot/ros_ws/install/sb_robot/share/sb_robot/package.zsh'
[0.252s] Level 1:colcon.colcon_core.environment:create_file_with_runtime_dependencies(/home/user/robo/sb-robot/ros_ws/install/sb_robot/share/colcon-core/packages/sb_robot)
[0.611s] DEBUG:colcon.colcon_core.event_handler.log_command:Invoked command in '/home/user/robo/sb-robot/ros_ws/build/ws_hw_interface' returned '2': CMAKE_PREFIX_PATH=/opt/ros/humble /usr/bin/cmake --build /home/user/robo/sb-robot/ros_ws/build/ws_hw_interface -- -j20 -l20
[0.611s] Level 1:colcon.colcon_core.environment:create_environment_scripts_only(ws_hw_interface)
[0.611s] Level 1:colcon.colcon_core.environment:checking '/home/user/robo/sb-robot/ros_ws/install/ws_hw_interface' for CMake module files
[0.612s] Level 1:colcon.colcon_core.environment:checking '/home/user/robo/sb-robot/ros_ws/install/ws_hw_interface' for CMake config files
[0.612s] Level 1:colcon.colcon_core.environment:checking '/home/user/robo/sb-robot/ros_ws/install/ws_hw_interface/bin'
[0.612s] Level 1:colcon.colcon_core.environment:checking '/home/user/robo/sb-robot/ros_ws/install/ws_hw_interface/lib/pkgconfig/ws_hw_interface.pc'
[0.612s] Level 1:colcon.colcon_core.environment:checking '/home/user/robo/sb-robot/ros_ws/install/ws_hw_interface/lib/python3.10/site-packages'
[0.612s] Level 1:colcon.colcon_core.environment:checking '/home/user/robo/sb-robot/ros_ws/install/ws_hw_interface/bin'
[0.612s] INFO:colcon.colcon_core.shell:Creating package script '/home/user/robo/sb-robot/ros_ws/install/ws_hw_interface/share/ws_hw_interface/package.ps1'
[0.612s] INFO:colcon.colcon_core.shell:Creating package descriptor '/home/user/robo/sb-robot/ros_ws/install/ws_hw_interface/share/ws_hw_interface/package.dsv'
[0.613s] INFO:colcon.colcon_core.shell:Creating package script '/home/user/robo/sb-robot/ros_ws/install/ws_hw_interface/share/ws_hw_interface/package.sh'
[0.613s] INFO:colcon.colcon_core.shell:Creating package script '/home/user/robo/sb-robot/ros_ws/install/ws_hw_interface/share/ws_hw_interface/package.bash'
[0.613s] INFO:colcon.colcon_core.shell:Creating package script '/home/user/robo/sb-robot/ros_ws/install/ws_hw_interface/share/ws_hw_interface/package.zsh'
[0.613s] Level 1:colcon.colcon_core.environment:create_file_with_runtime_dependencies(/home/user/robo/sb-robot/ros_ws/install/ws_hw_interface/share/colcon-core/packages/ws_hw_interface)
[0.624s] DEBUG:colcon.colcon_parallel_executor.executor.parallel:closing loop
[0.624s] DEBUG:colcon.colcon_parallel_executor.executor.parallel:loop closed
[0.624s] DEBUG:colcon.colcon_parallel_executor.executor.parallel:run_until_complete finished with '2'
[0.624s] DEBUG:colcon.colcon_core.event_reactor:joining thread
[0.627s] INFO:colcon.colcon_core.plugin_system:Skipping extension 'colcon_notification.desktop_notification.terminal_notifier': Not used on non-Darwin systems
[0.627s] INFO:colcon.colcon_core.plugin_system:Skipping extension 'colcon_notification.desktop_notification.win32': Not used on non-Windows systems
[0.627s] INFO:colcon.colcon_notification.desktop_notification:Sending desktop notification using 'notify2'
[0.635s] DEBUG:colcon.colcon_core.event_reactor:joined thread
[0.636s] INFO:colcon.colcon_core.shell:Creating prefix script '/home/user/robo/sb-robot/ros_ws/install/local_setup.ps1'
[0.636s] INFO:colcon.colcon_core.shell:Creating prefix util module '/home/user/robo/sb-robot/ros_ws/install/_local_setup_util_ps1.py'
[0.637s] INFO:colcon.colcon_core.shell:Creating prefix chain script '/home/user/robo/sb-robot/ros_ws/install/setup.ps1'
[0.637s] INFO:colcon.colcon_core.shell:Creating prefix script '/home/user/robo/sb-robot/ros_ws/install/local_setup.sh'
[0.638s] INFO:colcon.colcon_core.shell:Creating prefix util module '/home/user/robo/sb-robot/ros_ws/install/_local_setup_util_sh.py'
[0.638s] INFO:colcon.colcon_core.shell:Creating prefix chain script '/home/user/robo/sb-robot/ros_ws/install/setup.sh'
[0.639s] INFO:colcon.colcon_core.shell:Creating prefix script '/home/user/robo/sb-robot/ros_ws/install/local_setup.bash'
[0.639s] INFO:colcon.colcon_core.shell:Creating prefix chain script '/home/user/robo/sb-robot/ros_ws/install/setup.bash'
[0.639s] INFO:colcon.colcon_core.shell:Creating prefix script '/home/user/robo/sb-robot/ros_ws/install/local_setup.zsh'
[0.640s] INFO:colcon.colcon_core.shell:Creating prefix chain script '/home/user/robo/sb-robot/ros_ws/install/setup.zsh'
