[0.009s] Invoking command in '/home/user/robo/sb-robot/microros_ws/build/builtin_interfaces': CMAKE_PREFIX_PATH=${CMAKE_PREFIX_PATH}:/opt/ros/humble /usr/bin/cmake /home/user/robo/sb-robot/microros_ws/src/ros2/rcl_interfaces/builtin_interfaces -DUAGENT_BUILD_EXECUTABLE=OFF -DUAGENT_P2P_PROFILE=OFF --no-warn-unused-cli -DCMAKE_INSTALL_PREFIX=/home/user/robo/sb-robot/microros_ws/install/builtin_interfaces
[0.016s] Not searching for unused variables given on the command line.
[0.052s] -- The C compiler identification is GNU 11.4.0
[0.089s] -- The CXX compiler identification is GNU 11.4.0
[0.094s] -- Detecting C compiler ABI info
[0.143s] -- Detecting C compiler ABI info - done
[0.150s] -- Check for working C compiler: /usr/bin/cc - skipped
[0.150s] -- Detecting C compile features
[0.150s] -- Detecting C compile features - done
[0.152s] -- Detecting CXX compiler ABI info
[0.203s] -- Detecting CXX compiler ABI info - done
[0.211s] -- Check for working CXX compiler: /usr/bin/c++ - skipped
[0.211s] -- Detecting CXX compile features
[0.211s] -- Detecting CXX compile features - done
[0.216s] -- Found ament_cmake: 1.3.11 (/opt/ros/humble/share/ament_cmake/cmake)
[0.312s] -- Found Python3: /usr/bin/python3 (found version "3.10.12") found components: Interpreter 
[0.379s] -- Found rosidl_default_generators: 1.2.0 (/opt/ros/humble/share/rosidl_default_generators/cmake)
[0.383s] -- Using all available rosidl_typesupport_c: rosidl_typesupport_fastrtps_c;rosidl_typesupport_introspection_c
[0.391s] -- Found rosidl_adapter: 3.1.6 (/opt/ros/humble/share/rosidl_adapter/cmake)
[0.429s] -- Using all available rosidl_typesupport_cpp: rosidl_typesupport_fastrtps_cpp;rosidl_typesupport_introspection_cpp
[0.607s] -- Found ament_cmake_cppcheck: 0.12.11 (/opt/ros/humble/share/ament_cmake_cppcheck/cmake)
[0.608s] -- Found ament_cmake_cpplint: 0.12.11 (/opt/ros/humble/share/ament_cmake_cpplint/cmake)
[0.610s] -- Found ament_cmake_uncrustify: 0.12.11 (/opt/ros/humble/share/ament_cmake_uncrustify/cmake)
[0.612s] -- Found ament_cmake_ros: 0.10.0 (/opt/ros/humble/share/ament_cmake_ros/cmake)
[0.740s] -- Using all available rosidl_typesupport_c: rosidl_typesupport_fastrtps_c;rosidl_typesupport_introspection_c
[0.896s] -- Using all available rosidl_typesupport_cpp: rosidl_typesupport_fastrtps_cpp;rosidl_typesupport_introspection_cpp
[0.913s] -- Found PythonInterp: /usr/bin/python3 (found suitable version "3.10.12", minimum required is "3.6") 
[0.915s] -- Found python_cmake_module: 0.10.0 (/opt/ros/humble/share/python_cmake_module/cmake)
[0.934s] -- Found PythonLibs: /usr/lib/x86_64-linux-gnu/libpython3.10.so (found suitable version "3.10.12", minimum required is "3.5") 
[0.934s] -- Using PYTHON_EXECUTABLE: /usr/bin/python3
[0.934s] -- Using PYTHON_INCLUDE_DIRS: /usr/include/python3.10
[0.934s] -- Using PYTHON_LIBRARIES: /usr/lib/x86_64-linux-gnu/libpython3.10.so
[0.947s] -- Found PythonExtra: .so  
[0.967s] -- Found ament_cmake_flake8: 0.12.11 (/opt/ros/humble/share/ament_cmake_flake8/cmake)
[0.969s] -- Found ament_cmake_pep257: 0.12.11 (/opt/ros/humble/share/ament_cmake_pep257/cmake)
[0.975s] -- Configuring done
[0.990s] -- Generating done
[0.995s] -- Build files have been written to: /home/user/robo/sb-robot/microros_ws/build/builtin_interfaces
[1.000s] Invoked command in '/home/user/robo/sb-robot/microros_ws/build/builtin_interfaces' returned '0': CMAKE_PREFIX_PATH=${CMAKE_PREFIX_PATH}:/opt/ros/humble /usr/bin/cmake /home/user/robo/sb-robot/microros_ws/src/ros2/rcl_interfaces/builtin_interfaces -DUAGENT_BUILD_EXECUTABLE=OFF -DUAGENT_P2P_PROFILE=OFF --no-warn-unused-cli -DCMAKE_INSTALL_PREFIX=/home/user/robo/sb-robot/microros_ws/install/builtin_interfaces
[1.002s] Invoking command in '/home/user/robo/sb-robot/microros_ws/build/builtin_interfaces': CMAKE_PREFIX_PATH=${CMAKE_PREFIX_PATH}:/opt/ros/humble /usr/bin/cmake --build /home/user/robo/sb-robot/microros_ws/build/builtin_interfaces -- -j20 -l20
[1.032s] [  2%] [34m[1mGenerating C code for ROS interfaces[0m
[1.036s] [  5%] [34m[1mGenerating C++ code for ROS interfaces[0m
[1.043s] [  5%] Built target ament_cmake_python_copy_builtin_interfaces
[1.204s] running egg_info
[1.204s] creating builtin_interfaces.egg-info
[1.205s] writing builtin_interfaces.egg-info/PKG-INFO
[1.205s] writing dependency_links to builtin_interfaces.egg-info/dependency_links.txt
[1.205s] writing top-level names to builtin_interfaces.egg-info/top_level.txt
[1.205s] writing manifest file 'builtin_interfaces.egg-info/SOURCES.txt'
[1.206s] reading manifest file 'builtin_interfaces.egg-info/SOURCES.txt'
[1.206s] writing manifest file 'builtin_interfaces.egg-info/SOURCES.txt'
[1.239s] [  5%] Built target ament_cmake_python_build_builtin_interfaces_egg
[1.253s] [  5%] Built target builtin_interfaces__cpp
[1.257s] [ 10%] [32mBuilding C object CMakeFiles/builtin_interfaces__rosidl_generator_c.dir/rosidl_generator_c/builtin_interfaces/msg/detail/duration__functions.c.o[0m
[1.258s] [ 10%] [32mBuilding C object CMakeFiles/builtin_interfaces__rosidl_generator_c.dir/rosidl_generator_c/builtin_interfaces/msg/detail/time__functions.c.o[0m
[1.262s] [ 15%] [34m[1mGenerating C++ type support for eProsima Fast-RTPS[0m
[1.262s] [ 15%] [34m[1mGenerating C++ introspection for ROS interfaces[0m
[1.262s] [ 17%] [34m[1mGenerating C++ type support dispatch for ROS interfaces[0m
[1.303s] [ 20%] [32m[1mLinking C shared library libbuiltin_interfaces__rosidl_generator_c.so[0m
[1.337s] [ 20%] Built target builtin_interfaces__rosidl_generator_c
[1.344s] [ 23%] [34m[1mGenerating C type support for eProsima Fast-RTPS[0m
[1.346s] [ 25%] [34m[1mGenerating C type support dispatch for ROS interfaces[0m
[1.346s] [ 28%] [34m[1mGenerating C introspection for ROS interfaces[0m
[1.486s] [ 30%] [32mBuilding CXX object CMakeFiles/builtin_interfaces__rosidl_typesupport_fastrtps_cpp.dir/rosidl_typesupport_fastrtps_cpp/builtin_interfaces/msg/detail/dds_fastrtps/duration__type_support.cpp.o[0m
[1.487s] [ 33%] [32mBuilding CXX object CMakeFiles/builtin_interfaces__rosidl_typesupport_fastrtps_cpp.dir/rosidl_typesupport_fastrtps_cpp/builtin_interfaces/msg/detail/dds_fastrtps/time__type_support.cpp.o[0m
[1.564s] [ 38%] [32mBuilding CXX object CMakeFiles/builtin_interfaces__rosidl_typesupport_cpp.dir/rosidl_typesupport_cpp/builtin_interfaces/msg/duration__type_support.cpp.o[0m
[1.564s] [ 38%] [32mBuilding CXX object CMakeFiles/builtin_interfaces__rosidl_typesupport_cpp.dir/rosidl_typesupport_cpp/builtin_interfaces/msg/time__type_support.cpp.o[0m
[1.661s] [ 41%] [32mBuilding CXX object CMakeFiles/builtin_interfaces__rosidl_typesupport_introspection_cpp.dir/rosidl_typesupport_introspection_cpp/builtin_interfaces/msg/detail/time__type_support.cpp.o[0m
[1.666s] [ 43%] [32mBuilding CXX object CMakeFiles/builtin_interfaces__rosidl_typesupport_introspection_cpp.dir/rosidl_typesupport_introspection_cpp/builtin_interfaces/msg/detail/duration__type_support.cpp.o[0m
[1.727s] [ 46%] [32mBuilding C object CMakeFiles/builtin_interfaces__rosidl_typesupport_introspection_c.dir/rosidl_typesupport_introspection_c/builtin_interfaces/msg/detail/duration__type_support.c.o[0m
[1.728s] [ 48%] [32mBuilding CXX object CMakeFiles/builtin_interfaces__rosidl_typesupport_c.dir/rosidl_typesupport_c/builtin_interfaces/msg/duration__type_support.cpp.o[0m
[1.742s] [ 51%] [32mBuilding CXX object CMakeFiles/builtin_interfaces__rosidl_typesupport_c.dir/rosidl_typesupport_c/builtin_interfaces/msg/time__type_support.cpp.o[0m
[1.742s] [ 53%] [32mBuilding C object CMakeFiles/builtin_interfaces__rosidl_typesupport_introspection_c.dir/rosidl_typesupport_introspection_c/builtin_interfaces/msg/detail/time__type_support.c.o[0m
[1.809s] [ 56%] [32m[1mLinking CXX shared library libbuiltin_interfaces__rosidl_typesupport_c.so[0m
[1.840s] [ 58%] [32m[1mLinking C shared library libbuiltin_interfaces__rosidl_typesupport_introspection_c.so[0m
[1.860s] [ 61%] [32mBuilding CXX object CMakeFiles/builtin_interfaces__rosidl_typesupport_fastrtps_c.dir/rosidl_typesupport_fastrtps_c/builtin_interfaces/msg/detail/time__type_support_c.cpp.o[0m
[1.871s] [ 64%] [32mBuilding CXX object CMakeFiles/builtin_interfaces__rosidl_typesupport_fastrtps_c.dir/rosidl_typesupport_fastrtps_c/builtin_interfaces/msg/detail/duration__type_support_c.cpp.o[0m
[1.899s] [ 64%] Built target builtin_interfaces__rosidl_typesupport_introspection_c
[1.899s] [ 64%] Built target builtin_interfaces__rosidl_typesupport_c
[1.991s] [ 66%] [32m[1mLinking CXX shared library libbuiltin_interfaces__rosidl_typesupport_cpp.so[0m
[2.037s] [ 66%] Built target builtin_interfaces__rosidl_typesupport_cpp
[2.048s] [ 69%] [32m[1mLinking CXX shared library libbuiltin_interfaces__rosidl_typesupport_fastrtps_cpp.so[0m
[2.145s] [ 69%] Built target builtin_interfaces__rosidl_typesupport_fastrtps_cpp
[2.202s] [ 71%] [32m[1mLinking CXX shared library libbuiltin_interfaces__rosidl_typesupport_introspection_cpp.so[0m
[2.236s] [ 71%] Built target builtin_interfaces__rosidl_typesupport_introspection_cpp
[2.293s] [ 74%] [32m[1mLinking CXX shared library libbuiltin_interfaces__rosidl_typesupport_fastrtps_c.so[0m
[2.342s] [ 74%] Built target builtin_interfaces__rosidl_typesupport_fastrtps_c
[2.358s] [ 74%] Built target builtin_interfaces
[2.373s] [ 76%] [34m[1mGenerating Python code for ROS interfaces[0m
[2.613s] [ 76%] Built target builtin_interfaces__py
[2.630s] [ 82%] [32mBuilding C object CMakeFiles/builtin_interfaces__rosidl_generator_py.dir/rosidl_generator_py/builtin_interfaces/msg/_time_s.c.o[0m
[2.630s] [ 82%] [32mBuilding C object CMakeFiles/builtin_interfaces__rosidl_generator_py.dir/rosidl_generator_py/builtin_interfaces/msg/_duration_s.c.o[0m
[2.688s] [ 84%] [32m[1mLinking C shared library rosidl_generator_py/builtin_interfaces/libbuiltin_interfaces__rosidl_generator_py.so[0m
[2.717s] [ 84%] Built target builtin_interfaces__rosidl_generator_py
[2.732s] [ 87%] [32mBuilding C object CMakeFiles/builtin_interfaces__rosidl_typesupport_fastrtps_c__pyext.dir/rosidl_generator_py/builtin_interfaces/_builtin_interfaces_s.ep.rosidl_typesupport_fastrtps_c.c.o[0m
[2.734s] [ 89%] [32mBuilding C object CMakeFiles/builtin_interfaces__rosidl_typesupport_c__pyext.dir/rosidl_generator_py/builtin_interfaces/_builtin_interfaces_s.ep.rosidl_typesupport_c.c.o[0m
[2.734s] [ 92%] [32mBuilding C object CMakeFiles/builtin_interfaces__rosidl_typesupport_introspection_c__pyext.dir/rosidl_generator_py/builtin_interfaces/_builtin_interfaces_s.ep.rosidl_typesupport_introspection_c.c.o[0m
[2.792s] [ 97%] [32m[1mLinking C shared library rosidl_generator_py/builtin_interfaces/builtin_interfaces_s__rosidl_typesupport_introspection_c.cpython-310-x86_64-linux-gnu.so[0m
[2.793s] [ 97%] [32m[1mLinking C shared library rosidl_generator_py/builtin_interfaces/builtin_interfaces_s__rosidl_typesupport_fastrtps_c.cpython-310-x86_64-linux-gnu.so[0m
[2.793s] [100%] [32m[1mLinking C shared library rosidl_generator_py/builtin_interfaces/builtin_interfaces_s__rosidl_typesupport_c.cpython-310-x86_64-linux-gnu.so[0m
[2.816s] [100%] Built target builtin_interfaces__rosidl_typesupport_introspection_c__pyext
[2.816s] [100%] Built target builtin_interfaces__rosidl_typesupport_fastrtps_c__pyext
[2.819s] [100%] Built target builtin_interfaces__rosidl_typesupport_c__pyext
[2.827s] Invoked command in '/home/user/robo/sb-robot/microros_ws/build/builtin_interfaces' returned '0': CMAKE_PREFIX_PATH=${CMAKE_PREFIX_PATH}:/opt/ros/humble /usr/bin/cmake --build /home/user/robo/sb-robot/microros_ws/build/builtin_interfaces -- -j20 -l20
[2.836s] Invoking command in '/home/user/robo/sb-robot/microros_ws/build/builtin_interfaces': CMAKE_PREFIX_PATH=${CMAKE_PREFIX_PATH}:/opt/ros/humble /usr/bin/cmake --install /home/user/robo/sb-robot/microros_ws/build/builtin_interfaces
[2.841s] -- Install configuration: ""
[2.841s] -- Installing: /home/user/robo/sb-robot/microros_ws/install/builtin_interfaces/share/ament_index/resource_index/rosidl_interfaces/builtin_interfaces
[2.841s] -- Installing: /home/user/robo/sb-robot/microros_ws/install/builtin_interfaces/include/builtin_interfaces/builtin_interfaces
[2.841s] -- Installing: /home/user/robo/sb-robot/microros_ws/install/builtin_interfaces/include/builtin_interfaces/builtin_interfaces/msg
[2.841s] -- Installing: /home/user/robo/sb-robot/microros_ws/install/builtin_interfaces/include/builtin_interfaces/builtin_interfaces/msg/detail
[2.842s] -- Installing: /home/user/robo/sb-robot/microros_ws/install/builtin_interfaces/include/builtin_interfaces/builtin_interfaces/msg/detail/time__struct.h
[2.842s] -- Installing: /home/user/robo/sb-robot/microros_ws/install/builtin_interfaces/include/builtin_interfaces/builtin_interfaces/msg/detail/time__type_support.h
[2.842s] -- Installing: /home/user/robo/sb-robot/microros_ws/install/builtin_interfaces/include/builtin_interfaces/builtin_interfaces/msg/detail/time__functions.c
[2.842s] -- Installing: /home/user/robo/sb-robot/microros_ws/install/builtin_interfaces/include/builtin_interfaces/builtin_interfaces/msg/detail/duration__type_support.h
[2.842s] -- Installing: /home/user/robo/sb-robot/microros_ws/install/builtin_interfaces/include/builtin_interfaces/builtin_interfaces/msg/detail/time__functions.h
[2.842s] -- Installing: /home/user/robo/sb-robot/microros_ws/install/builtin_interfaces/include/builtin_interfaces/builtin_interfaces/msg/detail/duration__functions.c
[2.842s] -- Installing: /home/user/robo/sb-robot/microros_ws/install/builtin_interfaces/include/builtin_interfaces/builtin_interfaces/msg/detail/duration__struct.h
[2.842s] -- Installing: /home/user/robo/sb-robot/microros_ws/install/builtin_interfaces/include/builtin_interfaces/builtin_interfaces/msg/detail/duration__functions.h
[2.842s] -- Installing: /home/user/robo/sb-robot/microros_ws/install/builtin_interfaces/include/builtin_interfaces/builtin_interfaces/msg/duration.h
[2.842s] -- Installing: /home/user/robo/sb-robot/microros_ws/install/builtin_interfaces/include/builtin_interfaces/builtin_interfaces/msg/rosidl_generator_c__visibility_control.h
[2.842s] -- Installing: /home/user/robo/sb-robot/microros_ws/install/builtin_interfaces/include/builtin_interfaces/builtin_interfaces/msg/time.h
[2.842s] -- Installing: /home/user/robo/sb-robot/microros_ws/install/builtin_interfaces/share/builtin_interfaces/environment/library_path.sh
[2.843s] -- Installing: /home/user/robo/sb-robot/microros_ws/install/builtin_interfaces/share/builtin_interfaces/environment/library_path.dsv
[2.843s] -- Installing: /home/user/robo/sb-robot/microros_ws/install/builtin_interfaces/lib/libbuiltin_interfaces__rosidl_generator_c.so
[2.843s] -- Set runtime path of "/home/user/robo/sb-robot/microros_ws/install/builtin_interfaces/lib/libbuiltin_interfaces__rosidl_generator_c.so" to ""
[2.843s] -- Up-to-date: /home/user/robo/sb-robot/microros_ws/install/builtin_interfaces/include/builtin_interfaces/builtin_interfaces
[2.843s] -- Up-to-date: /home/user/robo/sb-robot/microros_ws/install/builtin_interfaces/include/builtin_interfaces/builtin_interfaces/msg
[2.843s] -- Up-to-date: /home/user/robo/sb-robot/microros_ws/install/builtin_interfaces/include/builtin_interfaces/builtin_interfaces/msg/detail
[2.843s] -- Installing: /home/user/robo/sb-robot/microros_ws/install/builtin_interfaces/include/builtin_interfaces/builtin_interfaces/msg/detail/time__rosidl_typesupport_fastrtps_c.h
[2.843s] -- Installing: /home/user/robo/sb-robot/microros_ws/install/builtin_interfaces/include/builtin_interfaces/builtin_interfaces/msg/detail/duration__rosidl_typesupport_fastrtps_c.h
[2.843s] -- Installing: /home/user/robo/sb-robot/microros_ws/install/builtin_interfaces/include/builtin_interfaces/builtin_interfaces/msg/rosidl_typesupport_fastrtps_c__visibility_control.h
[2.843s] -- Installing: /home/user/robo/sb-robot/microros_ws/install/builtin_interfaces/lib/libbuiltin_interfaces__rosidl_typesupport_fastrtps_c.so
[2.843s] -- Set runtime path of "/home/user/robo/sb-robot/microros_ws/install/builtin_interfaces/lib/libbuiltin_interfaces__rosidl_typesupport_fastrtps_c.so" to ""
[2.843s] -- Up-to-date: /home/user/robo/sb-robot/microros_ws/install/builtin_interfaces/include/builtin_interfaces/builtin_interfaces
[2.843s] -- Up-to-date: /home/user/robo/sb-robot/microros_ws/install/builtin_interfaces/include/builtin_interfaces/builtin_interfaces/msg
[2.843s] -- Up-to-date: /home/user/robo/sb-robot/microros_ws/install/builtin_interfaces/include/builtin_interfaces/builtin_interfaces/msg/detail
[2.843s] -- Installing: /home/user/robo/sb-robot/microros_ws/install/builtin_interfaces/include/builtin_interfaces/builtin_interfaces/msg/detail/time__rosidl_typesupport_introspection_c.h
[2.843s] -- Installing: /home/user/robo/sb-robot/microros_ws/install/builtin_interfaces/include/builtin_interfaces/builtin_interfaces/msg/detail/time__type_support.c
[2.843s] -- Installing: /home/user/robo/sb-robot/microros_ws/install/builtin_interfaces/include/builtin_interfaces/builtin_interfaces/msg/detail/duration__type_support.c
[2.843s] -- Installing: /home/user/robo/sb-robot/microros_ws/install/builtin_interfaces/include/builtin_interfaces/builtin_interfaces/msg/detail/duration__rosidl_typesupport_introspection_c.h
[2.843s] -- Installing: /home/user/robo/sb-robot/microros_ws/install/builtin_interfaces/include/builtin_interfaces/builtin_interfaces/msg/rosidl_typesupport_introspection_c__visibility_control.h
[2.844s] -- Installing: /home/user/robo/sb-robot/microros_ws/install/builtin_interfaces/lib/libbuiltin_interfaces__rosidl_typesupport_introspection_c.so
[2.844s] -- Set runtime path of "/home/user/robo/sb-robot/microros_ws/install/builtin_interfaces/lib/libbuiltin_interfaces__rosidl_typesupport_introspection_c.so" to ""
[2.844s] -- Installing: /home/user/robo/sb-robot/microros_ws/install/builtin_interfaces/lib/libbuiltin_interfaces__rosidl_typesupport_c.so
[2.844s] -- Set runtime path of "/home/user/robo/sb-robot/microros_ws/install/builtin_interfaces/lib/libbuiltin_interfaces__rosidl_typesupport_c.so" to ""
[2.844s] -- Up-to-date: /home/user/robo/sb-robot/microros_ws/install/builtin_interfaces/include/builtin_interfaces/builtin_interfaces
[2.844s] -- Up-to-date: /home/user/robo/sb-robot/microros_ws/install/builtin_interfaces/include/builtin_interfaces/builtin_interfaces/msg
[2.844s] -- Installing: /home/user/robo/sb-robot/microros_ws/install/builtin_interfaces/include/builtin_interfaces/builtin_interfaces/msg/rosidl_generator_cpp__visibility_control.hpp
[2.844s] -- Up-to-date: /home/user/robo/sb-robot/microros_ws/install/builtin_interfaces/include/builtin_interfaces/builtin_interfaces/msg/detail
[2.844s] -- Installing: /home/user/robo/sb-robot/microros_ws/install/builtin_interfaces/include/builtin_interfaces/builtin_interfaces/msg/detail/time__struct.hpp
[2.844s] -- Installing: /home/user/robo/sb-robot/microros_ws/install/builtin_interfaces/include/builtin_interfaces/builtin_interfaces/msg/detail/time__type_support.hpp
[2.844s] -- Installing: /home/user/robo/sb-robot/microros_ws/install/builtin_interfaces/include/builtin_interfaces/builtin_interfaces/msg/detail/duration__struct.hpp
[2.844s] -- Installing: /home/user/robo/sb-robot/microros_ws/install/builtin_interfaces/include/builtin_interfaces/builtin_interfaces/msg/detail/duration__builder.hpp
[2.844s] -- Installing: /home/user/robo/sb-robot/microros_ws/install/builtin_interfaces/include/builtin_interfaces/builtin_interfaces/msg/detail/time__traits.hpp
[2.844s] -- Installing: /home/user/robo/sb-robot/microros_ws/install/builtin_interfaces/include/builtin_interfaces/builtin_interfaces/msg/detail/duration__traits.hpp
[2.844s] -- Installing: /home/user/robo/sb-robot/microros_ws/install/builtin_interfaces/include/builtin_interfaces/builtin_interfaces/msg/detail/duration__type_support.hpp
[2.844s] -- Installing: /home/user/robo/sb-robot/microros_ws/install/builtin_interfaces/include/builtin_interfaces/builtin_interfaces/msg/detail/time__builder.hpp
[2.844s] -- Installing: /home/user/robo/sb-robot/microros_ws/install/builtin_interfaces/include/builtin_interfaces/builtin_interfaces/msg/time.hpp
[2.844s] -- Installing: /home/user/robo/sb-robot/microros_ws/install/builtin_interfaces/include/builtin_interfaces/builtin_interfaces/msg/duration.hpp
[2.844s] -- Up-to-date: /home/user/robo/sb-robot/microros_ws/install/builtin_interfaces/include/builtin_interfaces/builtin_interfaces
[2.844s] -- Up-to-date: /home/user/robo/sb-robot/microros_ws/install/builtin_interfaces/include/builtin_interfaces/builtin_interfaces/msg
[2.844s] -- Installing: /home/user/robo/sb-robot/microros_ws/install/builtin_interfaces/include/builtin_interfaces/builtin_interfaces/msg/rosidl_typesupport_fastrtps_cpp__visibility_control.h
[2.844s] -- Up-to-date: /home/user/robo/sb-robot/microros_ws/install/builtin_interfaces/include/builtin_interfaces/builtin_interfaces/msg/detail
[2.844s] -- Installing: /home/user/robo/sb-robot/microros_ws/install/builtin_interfaces/include/builtin_interfaces/builtin_interfaces/msg/detail/duration__rosidl_typesupport_fastrtps_cpp.hpp
[2.844s] -- Installing: /home/user/robo/sb-robot/microros_ws/install/builtin_interfaces/include/builtin_interfaces/builtin_interfaces/msg/detail/time__rosidl_typesupport_fastrtps_cpp.hpp
[2.844s] -- Installing: /home/user/robo/sb-robot/microros_ws/install/builtin_interfaces/include/builtin_interfaces/builtin_interfaces/msg/detail/dds_fastrtps
[2.845s] -- Installing: /home/user/robo/sb-robot/microros_ws/install/builtin_interfaces/lib/libbuiltin_interfaces__rosidl_typesupport_fastrtps_cpp.so
[2.845s] -- Set runtime path of "/home/user/robo/sb-robot/microros_ws/install/builtin_interfaces/lib/libbuiltin_interfaces__rosidl_typesupport_fastrtps_cpp.so" to ""
[2.845s] -- Up-to-date: /home/user/robo/sb-robot/microros_ws/install/builtin_interfaces/include/builtin_interfaces/builtin_interfaces
[2.845s] -- Up-to-date: /home/user/robo/sb-robot/microros_ws/install/builtin_interfaces/include/builtin_interfaces/builtin_interfaces/msg
[2.845s] -- Up-to-date: /home/user/robo/sb-robot/microros_ws/install/builtin_interfaces/include/builtin_interfaces/builtin_interfaces/msg/detail
[2.845s] -- Installing: /home/user/robo/sb-robot/microros_ws/install/builtin_interfaces/include/builtin_interfaces/builtin_interfaces/msg/detail/time__type_support.cpp
[2.845s] -- Installing: /home/user/robo/sb-robot/microros_ws/install/builtin_interfaces/include/builtin_interfaces/builtin_interfaces/msg/detail/time__rosidl_typesupport_introspection_cpp.hpp
[2.845s] -- Installing: /home/user/robo/sb-robot/microros_ws/install/builtin_interfaces/include/builtin_interfaces/builtin_interfaces/msg/detail/duration__type_support.cpp
[2.845s] -- Installing: /home/user/robo/sb-robot/microros_ws/install/builtin_interfaces/include/builtin_interfaces/builtin_interfaces/msg/detail/duration__rosidl_typesupport_introspection_cpp.hpp
[2.845s] -- Installing: /home/user/robo/sb-robot/microros_ws/install/builtin_interfaces/lib/libbuiltin_interfaces__rosidl_typesupport_introspection_cpp.so
[2.845s] -- Set runtime path of "/home/user/robo/sb-robot/microros_ws/install/builtin_interfaces/lib/libbuiltin_interfaces__rosidl_typesupport_introspection_cpp.so" to ""
[2.845s] -- Installing: /home/user/robo/sb-robot/microros_ws/install/builtin_interfaces/lib/libbuiltin_interfaces__rosidl_typesupport_cpp.so
[2.845s] -- Set runtime path of "/home/user/robo/sb-robot/microros_ws/install/builtin_interfaces/lib/libbuiltin_interfaces__rosidl_typesupport_cpp.so" to ""
[2.845s] -- Installing: /home/user/robo/sb-robot/microros_ws/install/builtin_interfaces/share/builtin_interfaces/environment/pythonpath.sh
[2.846s] -- Installing: /home/user/robo/sb-robot/microros_ws/install/builtin_interfaces/share/builtin_interfaces/environment/pythonpath.dsv
[2.846s] -- Installing: /home/user/robo/sb-robot/microros_ws/install/builtin_interfaces/local/lib/python3.10/dist-packages/builtin_interfaces-1.2.1-py3.10.egg-info
[2.846s] -- Installing: /home/user/robo/sb-robot/microros_ws/install/builtin_interfaces/local/lib/python3.10/dist-packages/builtin_interfaces-1.2.1-py3.10.egg-info/top_level.txt
[2.846s] -- Installing: /home/user/robo/sb-robot/microros_ws/install/builtin_interfaces/local/lib/python3.10/dist-packages/builtin_interfaces-1.2.1-py3.10.egg-info/dependency_links.txt
[2.846s] -- Installing: /home/user/robo/sb-robot/microros_ws/install/builtin_interfaces/local/lib/python3.10/dist-packages/builtin_interfaces-1.2.1-py3.10.egg-info/PKG-INFO
[2.846s] -- Installing: /home/user/robo/sb-robot/microros_ws/install/builtin_interfaces/local/lib/python3.10/dist-packages/builtin_interfaces-1.2.1-py3.10.egg-info/SOURCES.txt
[2.846s] -- Installing: /home/user/robo/sb-robot/microros_ws/install/builtin_interfaces/local/lib/python3.10/dist-packages/builtin_interfaces
[2.846s] -- Installing: /home/user/robo/sb-robot/microros_ws/install/builtin_interfaces/local/lib/python3.10/dist-packages/builtin_interfaces/_builtin_interfaces_s.ep.rosidl_typesupport_introspection_c.c
[2.846s] -- Installing: /home/user/robo/sb-robot/microros_ws/install/builtin_interfaces/local/lib/python3.10/dist-packages/builtin_interfaces/builtin_interfaces_s__rosidl_typesupport_c.cpython-310-x86_64-linux-gnu.so
[2.846s] -- Installing: /home/user/robo/sb-robot/microros_ws/install/builtin_interfaces/local/lib/python3.10/dist-packages/builtin_interfaces/_builtin_interfaces_s.ep.rosidl_typesupport_fastrtps_c.c
[2.846s] -- Installing: /home/user/robo/sb-robot/microros_ws/install/builtin_interfaces/local/lib/python3.10/dist-packages/builtin_interfaces/builtin_interfaces_s__rosidl_typesupport_fastrtps_c.cpython-310-x86_64-linux-gnu.so
[2.846s] -- Installing: /home/user/robo/sb-robot/microros_ws/install/builtin_interfaces/local/lib/python3.10/dist-packages/builtin_interfaces/libbuiltin_interfaces__rosidl_generator_py.so
[2.846s] -- Installing: /home/user/robo/sb-robot/microros_ws/install/builtin_interfaces/local/lib/python3.10/dist-packages/builtin_interfaces/builtin_interfaces_s__rosidl_typesupport_introspection_c.cpython-310-x86_64-linux-gnu.so
[2.846s] -- Installing: /home/user/robo/sb-robot/microros_ws/install/builtin_interfaces/local/lib/python3.10/dist-packages/builtin_interfaces/__init__.py
[2.846s] -- Installing: /home/user/robo/sb-robot/microros_ws/install/builtin_interfaces/local/lib/python3.10/dist-packages/builtin_interfaces/_builtin_interfaces_s.ep.rosidl_typesupport_c.c
[2.846s] -- Installing: /home/user/robo/sb-robot/microros_ws/install/builtin_interfaces/local/lib/python3.10/dist-packages/builtin_interfaces/msg
[2.846s] -- Installing: /home/user/robo/sb-robot/microros_ws/install/builtin_interfaces/local/lib/python3.10/dist-packages/builtin_interfaces/msg/_time.py
[2.846s] -- Installing: /home/user/robo/sb-robot/microros_ws/install/builtin_interfaces/local/lib/python3.10/dist-packages/builtin_interfaces/msg/_time_s.c
[2.846s] -- Installing: /home/user/robo/sb-robot/microros_ws/install/builtin_interfaces/local/lib/python3.10/dist-packages/builtin_interfaces/msg/_duration.py
[2.846s] -- Installing: /home/user/robo/sb-robot/microros_ws/install/builtin_interfaces/local/lib/python3.10/dist-packages/builtin_interfaces/msg/_duration_s.c
[2.846s] -- Installing: /home/user/robo/sb-robot/microros_ws/install/builtin_interfaces/local/lib/python3.10/dist-packages/builtin_interfaces/msg/__init__.py
[2.876s] Listing '/home/user/robo/sb-robot/microros_ws/install/builtin_interfaces/local/lib/python3.10/dist-packages/builtin_interfaces'...
[2.876s] Compiling '/home/user/robo/sb-robot/microros_ws/install/builtin_interfaces/local/lib/python3.10/dist-packages/builtin_interfaces/__init__.py'...
[2.876s] Listing '/home/user/robo/sb-robot/microros_ws/install/builtin_interfaces/local/lib/python3.10/dist-packages/builtin_interfaces/msg'...
[2.876s] Compiling '/home/user/robo/sb-robot/microros_ws/install/builtin_interfaces/local/lib/python3.10/dist-packages/builtin_interfaces/msg/__init__.py'...
[2.876s] Compiling '/home/user/robo/sb-robot/microros_ws/install/builtin_interfaces/local/lib/python3.10/dist-packages/builtin_interfaces/msg/_duration.py'...
[2.876s] Compiling '/home/user/robo/sb-robot/microros_ws/install/builtin_interfaces/local/lib/python3.10/dist-packages/builtin_interfaces/msg/_time.py'...
[2.879s] -- Installing: /home/user/robo/sb-robot/microros_ws/install/builtin_interfaces/local/lib/python3.10/dist-packages/builtin_interfaces/builtin_interfaces_s__rosidl_typesupport_fastrtps_c.cpython-310-x86_64-linux-gnu.so
[2.879s] -- Set runtime path of "/home/user/robo/sb-robot/microros_ws/install/builtin_interfaces/local/lib/python3.10/dist-packages/builtin_interfaces/builtin_interfaces_s__rosidl_typesupport_fastrtps_c.cpython-310-x86_64-linux-gnu.so" to ""
[2.879s] -- Installing: /home/user/robo/sb-robot/microros_ws/install/builtin_interfaces/local/lib/python3.10/dist-packages/builtin_interfaces/builtin_interfaces_s__rosidl_typesupport_introspection_c.cpython-310-x86_64-linux-gnu.so
[2.879s] -- Set runtime path of "/home/user/robo/sb-robot/microros_ws/install/builtin_interfaces/local/lib/python3.10/dist-packages/builtin_interfaces/builtin_interfaces_s__rosidl_typesupport_introspection_c.cpython-310-x86_64-linux-gnu.so" to ""
[2.880s] -- Installing: /home/user/robo/sb-robot/microros_ws/install/builtin_interfaces/local/lib/python3.10/dist-packages/builtin_interfaces/builtin_interfaces_s__rosidl_typesupport_c.cpython-310-x86_64-linux-gnu.so
[2.880s] -- Set runtime path of "/home/user/robo/sb-robot/microros_ws/install/builtin_interfaces/local/lib/python3.10/dist-packages/builtin_interfaces/builtin_interfaces_s__rosidl_typesupport_c.cpython-310-x86_64-linux-gnu.so" to ""
[2.880s] -- Installing: /home/user/robo/sb-robot/microros_ws/install/builtin_interfaces/lib/libbuiltin_interfaces__rosidl_generator_py.so
[2.880s] -- Set runtime path of "/home/user/robo/sb-robot/microros_ws/install/builtin_interfaces/lib/libbuiltin_interfaces__rosidl_generator_py.so" to ""
[2.880s] -- Installing: /home/user/robo/sb-robot/microros_ws/install/builtin_interfaces/share/builtin_interfaces/msg/Duration.idl
[2.880s] -- Installing: /home/user/robo/sb-robot/microros_ws/install/builtin_interfaces/share/builtin_interfaces/msg/Time.idl
[2.880s] -- Installing: /home/user/robo/sb-robot/microros_ws/install/builtin_interfaces/share/builtin_interfaces/msg/Duration.msg
[2.880s] -- Installing: /home/user/robo/sb-robot/microros_ws/install/builtin_interfaces/share/builtin_interfaces/msg/Time.msg
[2.880s] -- Installing: /home/user/robo/sb-robot/microros_ws/install/builtin_interfaces/share/ament_index/resource_index/package_run_dependencies/builtin_interfaces
[2.880s] -- Installing: /home/user/robo/sb-robot/microros_ws/install/builtin_interfaces/share/ament_index/resource_index/parent_prefix_path/builtin_interfaces
[2.880s] -- Installing: /home/user/robo/sb-robot/microros_ws/install/builtin_interfaces/share/builtin_interfaces/environment/ament_prefix_path.sh
[2.881s] -- Installing: /home/user/robo/sb-robot/microros_ws/install/builtin_interfaces/share/builtin_interfaces/environment/ament_prefix_path.dsv
[2.881s] -- Installing: /home/user/robo/sb-robot/microros_ws/install/builtin_interfaces/share/builtin_interfaces/environment/path.sh
[2.881s] -- Installing: /home/user/robo/sb-robot/microros_ws/install/builtin_interfaces/share/builtin_interfaces/environment/path.dsv
[2.881s] -- Installing: /home/user/robo/sb-robot/microros_ws/install/builtin_interfaces/share/builtin_interfaces/local_setup.bash
[2.881s] -- Installing: /home/user/robo/sb-robot/microros_ws/install/builtin_interfaces/share/builtin_interfaces/local_setup.sh
[2.881s] -- Installing: /home/user/robo/sb-robot/microros_ws/install/builtin_interfaces/share/builtin_interfaces/local_setup.zsh
[2.881s] -- Installing: /home/user/robo/sb-robot/microros_ws/install/builtin_interfaces/share/builtin_interfaces/local_setup.dsv
[2.881s] -- Installing: /home/user/robo/sb-robot/microros_ws/install/builtin_interfaces/share/builtin_interfaces/package.dsv
[2.881s] -- Installing: /home/user/robo/sb-robot/microros_ws/install/builtin_interfaces/share/ament_index/resource_index/packages/builtin_interfaces
[2.881s] -- Installing: /home/user/robo/sb-robot/microros_ws/install/builtin_interfaces/share/builtin_interfaces/cmake/export_builtin_interfaces__rosidl_generator_cExport.cmake
[2.881s] -- Installing: /home/user/robo/sb-robot/microros_ws/install/builtin_interfaces/share/builtin_interfaces/cmake/export_builtin_interfaces__rosidl_generator_cExport-noconfig.cmake
[2.881s] -- Installing: /home/user/robo/sb-robot/microros_ws/install/builtin_interfaces/share/builtin_interfaces/cmake/export_builtin_interfaces__rosidl_typesupport_fastrtps_cExport.cmake
[2.882s] -- Installing: /home/user/robo/sb-robot/microros_ws/install/builtin_interfaces/share/builtin_interfaces/cmake/export_builtin_interfaces__rosidl_typesupport_fastrtps_cExport-noconfig.cmake
[2.882s] -- Installing: /home/user/robo/sb-robot/microros_ws/install/builtin_interfaces/share/builtin_interfaces/cmake/builtin_interfaces__rosidl_typesupport_introspection_cExport.cmake
[2.882s] -- Installing: /home/user/robo/sb-robot/microros_ws/install/builtin_interfaces/share/builtin_interfaces/cmake/builtin_interfaces__rosidl_typesupport_introspection_cExport-noconfig.cmake
[2.882s] -- Installing: /home/user/robo/sb-robot/microros_ws/install/builtin_interfaces/share/builtin_interfaces/cmake/builtin_interfaces__rosidl_typesupport_cExport.cmake
[2.882s] -- Installing: /home/user/robo/sb-robot/microros_ws/install/builtin_interfaces/share/builtin_interfaces/cmake/builtin_interfaces__rosidl_typesupport_cExport-noconfig.cmake
[2.882s] -- Installing: /home/user/robo/sb-robot/microros_ws/install/builtin_interfaces/share/builtin_interfaces/cmake/export_builtin_interfaces__rosidl_generator_cppExport.cmake
[2.882s] -- Installing: /home/user/robo/sb-robot/microros_ws/install/builtin_interfaces/share/builtin_interfaces/cmake/export_builtin_interfaces__rosidl_typesupport_fastrtps_cppExport.cmake
[2.882s] -- Installing: /home/user/robo/sb-robot/microros_ws/install/builtin_interfaces/share/builtin_interfaces/cmake/export_builtin_interfaces__rosidl_typesupport_fastrtps_cppExport-noconfig.cmake
[2.882s] -- Installing: /home/user/robo/sb-robot/microros_ws/install/builtin_interfaces/share/builtin_interfaces/cmake/builtin_interfaces__rosidl_typesupport_introspection_cppExport.cmake
[2.882s] -- Installing: /home/user/robo/sb-robot/microros_ws/install/builtin_interfaces/share/builtin_interfaces/cmake/builtin_interfaces__rosidl_typesupport_introspection_cppExport-noconfig.cmake
[2.882s] -- Installing: /home/user/robo/sb-robot/microros_ws/install/builtin_interfaces/share/builtin_interfaces/cmake/builtin_interfaces__rosidl_typesupport_cppExport.cmake
[2.882s] -- Installing: /home/user/robo/sb-robot/microros_ws/install/builtin_interfaces/share/builtin_interfaces/cmake/builtin_interfaces__rosidl_typesupport_cppExport-noconfig.cmake
[2.883s] -- Installing: /home/user/robo/sb-robot/microros_ws/install/builtin_interfaces/share/builtin_interfaces/cmake/export_builtin_interfaces__rosidl_generator_pyExport.cmake
[2.883s] -- Installing: /home/user/robo/sb-robot/microros_ws/install/builtin_interfaces/share/builtin_interfaces/cmake/export_builtin_interfaces__rosidl_generator_pyExport-noconfig.cmake
[2.883s] -- Installing: /home/user/robo/sb-robot/microros_ws/install/builtin_interfaces/share/builtin_interfaces/cmake/rosidl_cmake-extras.cmake
[2.883s] -- Installing: /home/user/robo/sb-robot/microros_ws/install/builtin_interfaces/share/builtin_interfaces/cmake/ament_cmake_export_include_directories-extras.cmake
[2.883s] -- Installing: /home/user/robo/sb-robot/microros_ws/install/builtin_interfaces/share/builtin_interfaces/cmake/ament_cmake_export_libraries-extras.cmake
[2.883s] -- Installing: /home/user/robo/sb-robot/microros_ws/install/builtin_interfaces/share/builtin_interfaces/cmake/ament_cmake_export_targets-extras.cmake
[2.883s] -- Installing: /home/user/robo/sb-robot/microros_ws/install/builtin_interfaces/share/builtin_interfaces/cmake/rosidl_cmake_export_typesupport_targets-extras.cmake
[2.883s] -- Installing: /home/user/robo/sb-robot/microros_ws/install/builtin_interfaces/share/builtin_interfaces/cmake/ament_cmake_export_dependencies-extras.cmake
[2.883s] -- Installing: /home/user/robo/sb-robot/microros_ws/install/builtin_interfaces/share/builtin_interfaces/cmake/rosidl_cmake_export_typesupport_libraries-extras.cmake
[2.883s] -- Installing: /home/user/robo/sb-robot/microros_ws/install/builtin_interfaces/share/builtin_interfaces/cmake/builtin_interfacesConfig.cmake
[2.883s] -- Installing: /home/user/robo/sb-robot/microros_ws/install/builtin_interfaces/share/builtin_interfaces/cmake/builtin_interfacesConfig-version.cmake
[2.883s] -- Installing: /home/user/robo/sb-robot/microros_ws/install/builtin_interfaces/share/builtin_interfaces/package.xml
[2.899s] Invoked command in '/home/user/robo/sb-robot/microros_ws/build/builtin_interfaces' returned '0': CMAKE_PREFIX_PATH=${CMAKE_PREFIX_PATH}:/opt/ros/humble /usr/bin/cmake --install /home/user/robo/sb-robot/microros_ws/build/builtin_interfaces
