[0.020s] Invoking command in '/home/user/robo/sb-robot/microros_ws/build/unique_identifier_msgs': CMAKE_PREFIX_PATH=${CMAKE_PREFIX_PATH}:/opt/ros/humble /usr/bin/cmake /home/user/robo/sb-robot/microros_ws/src/ros2/unique_identifier_msgs -DCMAKE_INSTALL_PREFIX=/home/user/robo/sb-robot/microros_ws/install/unique_identifier_msgs
[0.062s] -- The C compiler identification is GNU 11.4.0
[0.102s] -- The CXX compiler identification is GNU 11.4.0
[0.109s] -- Detecting C compiler ABI info
[0.167s] -- Detecting C compiler ABI info - done
[0.172s] -- Check for working C compiler: /usr/bin/cc - skipped
[0.172s] -- Detecting C compile features
[0.172s] -- Detecting C compile features - done
[0.174s] -- Detecting CXX compiler ABI info
[0.239s] -- Detecting CXX compiler ABI info - done
[0.243s] -- Check for working CXX compiler: /usr/bin/c++ - skipped
[0.244s] -- Detecting CXX compile features
[0.244s] -- Detecting CXX compile features - done
[0.247s] -- Found ament_cmake: 1.3.11 (/opt/ros/humble/share/ament_cmake/cmake)
[0.370s] -- Found Python3: /usr/bin/python3 (found version "3.10.12") found components: Interpreter 
[0.461s] -- Found rosidl_default_generators: 1.2.0 (/opt/ros/humble/share/rosidl_default_generators/cmake)
[0.465s] -- Using all available rosidl_typesupport_c: rosidl_typesupport_microxrcedds_c;rosidl_typesupport_fastrtps_c;rosidl_typesupport_introspection_c
[0.472s] -- Found rosidl_adapter: 3.1.6 (/opt/ros/humble/share/rosidl_adapter/cmake)
[0.514s] -- Using all available rosidl_typesupport_cpp: rosidl_typesupport_microxrcedds_cpp;rosidl_typesupport_fastrtps_cpp;rosidl_typesupport_introspection_cpp
[0.778s] -- Found ament_cmake_ros: 0.10.0 (/opt/ros/humble/share/ament_cmake_ros/cmake)
[1.025s] -- Using all available rosidl_typesupport_c: rosidl_typesupport_microxrcedds_c;rosidl_typesupport_fastrtps_c;rosidl_typesupport_introspection_c
[1.495s] -- Using all available rosidl_typesupport_cpp: rosidl_typesupport_microxrcedds_cpp;rosidl_typesupport_fastrtps_cpp;rosidl_typesupport_introspection_cpp
[1.541s] -- Found PythonInterp: /usr/bin/python3 (found suitable version "3.10.12", minimum required is "3.6") 
[1.546s] -- Found python_cmake_module: 0.10.0 (/opt/ros/humble/share/python_cmake_module/cmake)
[1.617s] -- Found PythonLibs: /usr/lib/x86_64-linux-gnu/libpython3.10.so (found suitable version "3.10.12", minimum required is "3.5") 
[1.617s] -- Using PYTHON_EXECUTABLE: /usr/bin/python3
[1.618s] -- Using PYTHON_INCLUDE_DIRS: /usr/include/python3.10
[1.618s] -- Using PYTHON_LIBRARIES: /usr/lib/x86_64-linux-gnu/libpython3.10.so
[1.650s] -- Found PythonExtra: .so  
[1.720s] -- Found ament_lint_auto: 0.12.11 (/opt/ros/humble/share/ament_lint_auto/cmake)
[1.763s] -- Added test 'copyright' to check source files copyright and LICENSE
[1.769s] -- Added test 'lint_cmake' to check CMake code style
[1.771s] -- Added test 'xmllint' to check XML markup files
[1.775s] -- Configuring done
[1.820s] -- Generating done
[1.834s] -- Build files have been written to: /home/user/robo/sb-robot/microros_ws/build/unique_identifier_msgs
[1.856s] Invoked command in '/home/user/robo/sb-robot/microros_ws/build/unique_identifier_msgs' returned '0': CMAKE_PREFIX_PATH=${CMAKE_PREFIX_PATH}:/opt/ros/humble /usr/bin/cmake /home/user/robo/sb-robot/microros_ws/src/ros2/unique_identifier_msgs -DCMAKE_INSTALL_PREFIX=/home/user/robo/sb-robot/microros_ws/install/unique_identifier_msgs
[1.858s] Invoking command in '/home/user/robo/sb-robot/microros_ws/build/unique_identifier_msgs': CMAKE_PREFIX_PATH=${CMAKE_PREFIX_PATH}:/opt/ros/humble /usr/bin/cmake --build /home/user/robo/sb-robot/microros_ws/build/unique_identifier_msgs -- -j20 -l20
[1.940s] [  2%] [34m[1mGenerating C code for ROS interfaces[0m
[1.993s] [  5%] [34m[1mGenerating C++ code for ROS interfaces[0m
[2.046s] [  5%] Built target ament_cmake_python_copy_unique_identifier_msgs
[2.394s] [  7%] [32mBuilding C object CMakeFiles/unique_identifier_msgs__rosidl_generator_c.dir/rosidl_generator_c/unique_identifier_msgs/msg/detail/uuid__functions.c.o[0m
[2.406s] [  7%] Built target unique_identifier_msgs__cpp
[2.418s] [ 12%] [34m[1mGenerating C++ type support for eProsima Micro XRCE-DDS[0m
[2.418s] [ 12%] [34m[1mGenerating C++ introspection for ROS interfaces[0m
[2.418s] [ 15%] [34m[1mGenerating C++ type support for eProsima Fast-RTPS[0m
[2.418s] [ 17%] [34m[1mGenerating C++ type support dispatch for ROS interfaces[0m
[2.436s] running egg_info
[2.437s] creating unique_identifier_msgs.egg-info
[2.437s] writing unique_identifier_msgs.egg-info/PKG-INFO
[2.437s] writing dependency_links to unique_identifier_msgs.egg-info/dependency_links.txt
[2.437s] writing top-level names to unique_identifier_msgs.egg-info/top_level.txt
[2.437s] writing manifest file 'unique_identifier_msgs.egg-info/SOURCES.txt'
[2.439s] reading manifest file 'unique_identifier_msgs.egg-info/SOURCES.txt'
[2.440s] writing manifest file 'unique_identifier_msgs.egg-info/SOURCES.txt'
[2.451s] [ 20%] [32m[1mLinking C shared library libunique_identifier_msgs__rosidl_generator_c.so[0m
[2.494s] [ 20%] Built target ament_cmake_python_build_unique_identifier_msgs_egg
[2.509s] [ 20%] Built target unique_identifier_msgs__rosidl_generator_c
[2.526s] [ 23%] [34m[1mGenerating C introspection for ROS interfaces[0m
[2.528s] [ 25%] [34m[1mGenerating C type support dispatch for ROS interfaces[0m
[2.533s] [ 28%] [34m[1mGenerating C type support for eProsima Fast-RTPS[0m
[2.534s] [ 30%] [34m[1mGenerating C type support for eProsima Micro XRCE-DDS[0m
[2.769s] [ 33%] [32mBuilding CXX object CMakeFiles/unique_identifier_msgs__rosidl_typesupport_fastrtps_cpp.dir/rosidl_typesupport_fastrtps_cpp/unique_identifier_msgs/msg/detail/dds_fastrtps/uuid__type_support.cpp.o[0m
[2.775s] [ 35%] [32mBuilding CXX object CMakeFiles/unique_identifier_msgs__rosidl_typesupport_cpp.dir/rosidl_typesupport_cpp/unique_identifier_msgs/msg/uuid__type_support.cpp.o[0m
[2.791s] [ 38%] [32mBuilding CXX object CMakeFiles/unique_identifier_msgs__rosidl_typesupport_microxrcedds_cpp.dir/rosidl_typesupport_microxrcedds_cpp/unique_identifier_msgs/msg/detail/microxrcedds/uuid__type_support_cpp.cpp.o[0m
[2.806s] [ 41%] [32mBuilding CXX object CMakeFiles/unique_identifier_msgs__rosidl_typesupport_introspection_cpp.dir/rosidl_typesupport_introspection_cpp/unique_identifier_msgs/msg/detail/uuid__type_support.cpp.o[0m
[2.931s] [ 43%] [32mBuilding C object CMakeFiles/unique_identifier_msgs__rosidl_typesupport_introspection_c.dir/rosidl_typesupport_introspection_c/unique_identifier_msgs/msg/detail/uuid__type_support.c.o[0m
[2.940s] [ 46%] [32mBuilding CXX object CMakeFiles/unique_identifier_msgs__rosidl_typesupport_c.dir/rosidl_typesupport_c/unique_identifier_msgs/msg/uuid__type_support.cpp.o[0m
[2.971s] [ 48%] [32mBuilding C object CMakeFiles/unique_identifier_msgs__rosidl_typesupport_microxrcedds_c.dir/rosidl_typesupport_microxrcedds_c/unique_identifier_msgs/msg/detail/microxrcedds/uuid__type_support_c.c.o[0m
[2.986s] [ 51%] [32mBuilding CXX object CMakeFiles/unique_identifier_msgs__rosidl_typesupport_fastrtps_c.dir/rosidl_typesupport_fastrtps_c/unique_identifier_msgs/msg/detail/uuid__type_support_c.cpp.o[0m
[3.022s] [ 53%] [32m[1mLinking CXX shared library libunique_identifier_msgs__rosidl_typesupport_c.so[0m
[3.051s] [ 56%] [32m[1mLinking C shared library libunique_identifier_msgs__rosidl_typesupport_introspection_c.so[0m
[3.081s] [ 58%] [32m[1mLinking C shared library libunique_identifier_msgs__rosidl_typesupport_microxrcedds_c.so[0m
[3.137s] [ 58%] Built target unique_identifier_msgs__rosidl_typesupport_introspection_c
[3.154s] [ 58%] Built target unique_identifier_msgs__rosidl_typesupport_c
[3.167s] [ 58%] Built target unique_identifier_msgs__rosidl_typesupport_microxrcedds_c
[3.199s] [ 61%] [32m[1mLinking CXX shared library libunique_identifier_msgs__rosidl_typesupport_cpp.so[0m
[3.228s] [ 64%] [32m[1mLinking CXX shared library libunique_identifier_msgs__rosidl_typesupport_microxrcedds_cpp.so[0m
[3.295s] [ 64%] Built target unique_identifier_msgs__rosidl_typesupport_cpp
[3.392s] [ 64%] Built target unique_identifier_msgs__rosidl_typesupport_microxrcedds_cpp
[3.442s] [ 66%] [32m[1mLinking CXX shared library libunique_identifier_msgs__rosidl_typesupport_introspection_cpp.so[0m
[3.447s] [ 69%] [32m[1mLinking CXX shared library libunique_identifier_msgs__rosidl_typesupport_fastrtps_cpp.so[0m
[3.629s] [ 71%] [32m[1mLinking CXX shared library libunique_identifier_msgs__rosidl_typesupport_fastrtps_c.so[0m
[3.767s] [ 71%] Built target unique_identifier_msgs__rosidl_typesupport_introspection_cpp
[3.768s] [ 71%] Built target unique_identifier_msgs__rosidl_typesupport_fastrtps_cpp
[3.917s] [ 71%] Built target unique_identifier_msgs__rosidl_typesupport_fastrtps_c
[3.954s] [ 71%] Built target unique_identifier_msgs
[3.989s] [ 74%] [34m[1mGenerating Python code for ROS interfaces[0m
[4.522s] [ 74%] Built target unique_identifier_msgs__py
[4.560s] [ 76%] [32mBuilding C object CMakeFiles/unique_identifier_msgs__rosidl_generator_py.dir/rosidl_generator_py/unique_identifier_msgs/msg/_uuid_s.c.o[0m
[4.688s] [ 79%] [32m[1mLinking C shared library rosidl_generator_py/unique_identifier_msgs/libunique_identifier_msgs__rosidl_generator_py.so[0m
[4.736s] [ 79%] Built target unique_identifier_msgs__rosidl_generator_py
[4.777s] [ 82%] [32mBuilding C object CMakeFiles/unique_identifier_msgs__rosidl_typesupport_fastrtps_c__pyext.dir/rosidl_generator_py/unique_identifier_msgs/_unique_identifier_msgs_s.ep.rosidl_typesupport_fastrtps_c.c.o[0m
[4.780s] [ 84%] [32mBuilding C object CMakeFiles/unique_identifier_msgs__rosidl_typesupport_introspection_c__pyext.dir/rosidl_generator_py/unique_identifier_msgs/_unique_identifier_msgs_s.ep.rosidl_typesupport_introspection_c.c.o[0m
[4.781s] [ 87%] [32mBuilding C object CMakeFiles/unique_identifier_msgs__rosidl_typesupport_c__pyext.dir/rosidl_generator_py/unique_identifier_msgs/_unique_identifier_msgs_s.ep.rosidl_typesupport_c.c.o[0m
[4.784s] [ 89%] [32mBuilding C object CMakeFiles/unique_identifier_msgs__rosidl_typesupport_microxrcedds_c__pyext.dir/rosidl_generator_py/unique_identifier_msgs/_unique_identifier_msgs_s.ep.rosidl_typesupport_microxrcedds_c.c.o[0m
[4.914s] [ 92%] [32m[1mLinking C shared library rosidl_generator_py/unique_identifier_msgs/unique_identifier_msgs_s__rosidl_typesupport_introspection_c.cpython-310-x86_64-linux-gnu.so[0m
[4.926s] [ 94%] [32m[1mLinking C shared library rosidl_generator_py/unique_identifier_msgs/unique_identifier_msgs_s__rosidl_typesupport_fastrtps_c.cpython-310-x86_64-linux-gnu.so[0m
[4.938s] [ 97%] [32m[1mLinking C shared library rosidl_generator_py/unique_identifier_msgs/unique_identifier_msgs_s__rosidl_typesupport_c.cpython-310-x86_64-linux-gnu.so[0m
[4.952s] [100%] [32m[1mLinking C shared library rosidl_generator_py/unique_identifier_msgs/unique_identifier_msgs_s__rosidl_typesupport_microxrcedds_c.cpython-310-x86_64-linux-gnu.so[0m
[4.978s] [100%] Built target unique_identifier_msgs__rosidl_typesupport_introspection_c__pyext
[4.995s] [100%] Built target unique_identifier_msgs__rosidl_typesupport_fastrtps_c__pyext
[5.015s] [100%] Built target unique_identifier_msgs__rosidl_typesupport_c__pyext
[5.015s] [100%] Built target unique_identifier_msgs__rosidl_typesupport_microxrcedds_c__pyext
[5.046s] Invoked command in '/home/user/robo/sb-robot/microros_ws/build/unique_identifier_msgs' returned '0': CMAKE_PREFIX_PATH=${CMAKE_PREFIX_PATH}:/opt/ros/humble /usr/bin/cmake --build /home/user/robo/sb-robot/microros_ws/build/unique_identifier_msgs -- -j20 -l20
[5.052s] Invoking command in '/home/user/robo/sb-robot/microros_ws/build/unique_identifier_msgs': CMAKE_PREFIX_PATH=${CMAKE_PREFIX_PATH}:/opt/ros/humble /usr/bin/cmake --install /home/user/robo/sb-robot/microros_ws/build/unique_identifier_msgs
[5.067s] -- Install configuration: ""
[5.067s] -- Installing: /home/user/robo/sb-robot/microros_ws/install/unique_identifier_msgs/share/ament_index/resource_index/rosidl_interfaces/unique_identifier_msgs
[5.067s] -- Installing: /home/user/robo/sb-robot/microros_ws/install/unique_identifier_msgs/include/unique_identifier_msgs/unique_identifier_msgs
[5.067s] -- Installing: /home/user/robo/sb-robot/microros_ws/install/unique_identifier_msgs/include/unique_identifier_msgs/unique_identifier_msgs/msg
[5.068s] -- Installing: /home/user/robo/sb-robot/microros_ws/install/unique_identifier_msgs/include/unique_identifier_msgs/unique_identifier_msgs/msg/uuid.h
[5.068s] -- Installing: /home/user/robo/sb-robot/microros_ws/install/unique_identifier_msgs/include/unique_identifier_msgs/unique_identifier_msgs/msg/detail
[5.068s] -- Installing: /home/user/robo/sb-robot/microros_ws/install/unique_identifier_msgs/include/unique_identifier_msgs/unique_identifier_msgs/msg/detail/uuid__type_support.h
[5.068s] -- Installing: /home/user/robo/sb-robot/microros_ws/install/unique_identifier_msgs/include/unique_identifier_msgs/unique_identifier_msgs/msg/detail/uuid__struct.h
[5.068s] -- Installing: /home/user/robo/sb-robot/microros_ws/install/unique_identifier_msgs/include/unique_identifier_msgs/unique_identifier_msgs/msg/detail/uuid__functions.h
[5.069s] -- Installing: /home/user/robo/sb-robot/microros_ws/install/unique_identifier_msgs/include/unique_identifier_msgs/unique_identifier_msgs/msg/detail/uuid__functions.c
[5.070s] -- Installing: /home/user/robo/sb-robot/microros_ws/install/unique_identifier_msgs/include/unique_identifier_msgs/unique_identifier_msgs/msg/rosidl_generator_c__visibility_control.h
[5.070s] -- Installing: /home/user/robo/sb-robot/microros_ws/install/unique_identifier_msgs/share/unique_identifier_msgs/environment/library_path.sh
[5.070s] -- Installing: /home/user/robo/sb-robot/microros_ws/install/unique_identifier_msgs/share/unique_identifier_msgs/environment/library_path.dsv
[5.070s] -- Installing: /home/user/robo/sb-robot/microros_ws/install/unique_identifier_msgs/lib/libunique_identifier_msgs__rosidl_generator_c.so
[5.070s] -- Set runtime path of "/home/user/robo/sb-robot/microros_ws/install/unique_identifier_msgs/lib/libunique_identifier_msgs__rosidl_generator_c.so" to ""
[5.071s] -- Up-to-date: /home/user/robo/sb-robot/microros_ws/install/unique_identifier_msgs/include/unique_identifier_msgs
[5.071s] -- Installing: /home/user/robo/sb-robot/microros_ws/install/unique_identifier_msgs/include/unique_identifier_msgs/msg
[5.071s] -- Installing: /home/user/robo/sb-robot/microros_ws/install/unique_identifier_msgs/include/unique_identifier_msgs/msg/rosidl_typesupport_microxrcedds_c__visibility_control.h
[5.071s] -- Installing: /home/user/robo/sb-robot/microros_ws/install/unique_identifier_msgs/include/unique_identifier_msgs/msg/detail
[5.071s] -- Installing: /home/user/robo/sb-robot/microros_ws/install/unique_identifier_msgs/include/unique_identifier_msgs/msg/detail/microxrcedds
[5.073s] -- Installing: /home/user/robo/sb-robot/microros_ws/install/unique_identifier_msgs/include/unique_identifier_msgs/msg/detail/uuid__rosidl_typesupport_microxrcedds_c.h
[5.073s] -- Installing: /home/user/robo/sb-robot/microros_ws/install/unique_identifier_msgs/lib/libunique_identifier_msgs__rosidl_typesupport_microxrcedds_c.so
[5.073s] -- Set runtime path of "/home/user/robo/sb-robot/microros_ws/install/unique_identifier_msgs/lib/libunique_identifier_msgs__rosidl_typesupport_microxrcedds_c.so" to ""
[5.073s] -- Up-to-date: /home/user/robo/sb-robot/microros_ws/install/unique_identifier_msgs/include/unique_identifier_msgs/unique_identifier_msgs
[5.073s] -- Up-to-date: /home/user/robo/sb-robot/microros_ws/install/unique_identifier_msgs/include/unique_identifier_msgs/unique_identifier_msgs/msg
[5.074s] -- Up-to-date: /home/user/robo/sb-robot/microros_ws/install/unique_identifier_msgs/include/unique_identifier_msgs/unique_identifier_msgs/msg/detail
[5.074s] -- Installing: /home/user/robo/sb-robot/microros_ws/install/unique_identifier_msgs/include/unique_identifier_msgs/unique_identifier_msgs/msg/detail/uuid__rosidl_typesupport_fastrtps_c.h
[5.074s] -- Installing: /home/user/robo/sb-robot/microros_ws/install/unique_identifier_msgs/include/unique_identifier_msgs/unique_identifier_msgs/msg/rosidl_typesupport_fastrtps_c__visibility_control.h
[5.074s] -- Installing: /home/user/robo/sb-robot/microros_ws/install/unique_identifier_msgs/lib/libunique_identifier_msgs__rosidl_typesupport_fastrtps_c.so
[5.074s] -- Set runtime path of "/home/user/robo/sb-robot/microros_ws/install/unique_identifier_msgs/lib/libunique_identifier_msgs__rosidl_typesupport_fastrtps_c.so" to ""
[5.078s] -- Up-to-date: /home/user/robo/sb-robot/microros_ws/install/unique_identifier_msgs/include/unique_identifier_msgs/unique_identifier_msgs
[5.078s] -- Up-to-date: /home/user/robo/sb-robot/microros_ws/install/unique_identifier_msgs/include/unique_identifier_msgs/unique_identifier_msgs/msg
[5.078s] -- Up-to-date: /home/user/robo/sb-robot/microros_ws/install/unique_identifier_msgs/include/unique_identifier_msgs/unique_identifier_msgs/msg/detail
[5.078s] -- Installing: /home/user/robo/sb-robot/microros_ws/install/unique_identifier_msgs/include/unique_identifier_msgs/unique_identifier_msgs/msg/detail/uuid__type_support.c
[5.078s] -- Installing: /home/user/robo/sb-robot/microros_ws/install/unique_identifier_msgs/include/unique_identifier_msgs/unique_identifier_msgs/msg/detail/uuid__rosidl_typesupport_introspection_c.h
[5.079s] -- Installing: /home/user/robo/sb-robot/microros_ws/install/unique_identifier_msgs/include/unique_identifier_msgs/unique_identifier_msgs/msg/rosidl_typesupport_introspection_c__visibility_control.h
[5.079s] -- Installing: /home/user/robo/sb-robot/microros_ws/install/unique_identifier_msgs/lib/libunique_identifier_msgs__rosidl_typesupport_introspection_c.so
[5.079s] -- Set runtime path of "/home/user/robo/sb-robot/microros_ws/install/unique_identifier_msgs/lib/libunique_identifier_msgs__rosidl_typesupport_introspection_c.so" to ""
[5.079s] -- Installing: /home/user/robo/sb-robot/microros_ws/install/unique_identifier_msgs/lib/libunique_identifier_msgs__rosidl_typesupport_c.so
[5.079s] -- Set runtime path of "/home/user/robo/sb-robot/microros_ws/install/unique_identifier_msgs/lib/libunique_identifier_msgs__rosidl_typesupport_c.so" to ""
[5.079s] -- Up-to-date: /home/user/robo/sb-robot/microros_ws/install/unique_identifier_msgs/include/unique_identifier_msgs/unique_identifier_msgs
[5.079s] -- Up-to-date: /home/user/robo/sb-robot/microros_ws/install/unique_identifier_msgs/include/unique_identifier_msgs/unique_identifier_msgs/msg
[5.079s] -- Installing: /home/user/robo/sb-robot/microros_ws/install/unique_identifier_msgs/include/unique_identifier_msgs/unique_identifier_msgs/msg/rosidl_generator_cpp__visibility_control.hpp
[5.080s] -- Up-to-date: /home/user/robo/sb-robot/microros_ws/install/unique_identifier_msgs/include/unique_identifier_msgs/unique_identifier_msgs/msg/detail
[5.080s] -- Installing: /home/user/robo/sb-robot/microros_ws/install/unique_identifier_msgs/include/unique_identifier_msgs/unique_identifier_msgs/msg/detail/uuid__type_support.hpp
[5.080s] -- Installing: /home/user/robo/sb-robot/microros_ws/install/unique_identifier_msgs/include/unique_identifier_msgs/unique_identifier_msgs/msg/detail/uuid__traits.hpp
[5.080s] -- Installing: /home/user/robo/sb-robot/microros_ws/install/unique_identifier_msgs/include/unique_identifier_msgs/unique_identifier_msgs/msg/detail/uuid__builder.hpp
[5.080s] -- Installing: /home/user/robo/sb-robot/microros_ws/install/unique_identifier_msgs/include/unique_identifier_msgs/unique_identifier_msgs/msg/detail/uuid__struct.hpp
[5.080s] -- Installing: /home/user/robo/sb-robot/microros_ws/install/unique_identifier_msgs/include/unique_identifier_msgs/unique_identifier_msgs/msg/uuid.hpp
[5.080s] -- Up-to-date: /home/user/robo/sb-robot/microros_ws/install/unique_identifier_msgs/include/unique_identifier_msgs
[5.080s] -- Up-to-date: /home/user/robo/sb-robot/microros_ws/install/unique_identifier_msgs/include/unique_identifier_msgs/msg
[5.081s] -- Up-to-date: /home/user/robo/sb-robot/microros_ws/install/unique_identifier_msgs/include/unique_identifier_msgs/msg/detail
[5.081s] -- Up-to-date: /home/user/robo/sb-robot/microros_ws/install/unique_identifier_msgs/include/unique_identifier_msgs/msg/detail/microxrcedds
[5.081s] -- Installing: /home/user/robo/sb-robot/microros_ws/install/unique_identifier_msgs/include/unique_identifier_msgs/msg/detail/microxrcedds/uuid__type_support_cpp.cpp
[5.081s] -- Installing: /home/user/robo/sb-robot/microros_ws/install/unique_identifier_msgs/include/unique_identifier_msgs/msg/detail/uuid__rosidl_typesupport_microxrcedds_cpp.hpp
[5.081s] -- Installing: /home/user/robo/sb-robot/microros_ws/install/unique_identifier_msgs/include/unique_identifier_msgs/msg/rosidl_typesupport_microxrcedds_cpp__visibility_control.h
[5.081s] -- Installing: /home/user/robo/sb-robot/microros_ws/install/unique_identifier_msgs/lib/libunique_identifier_msgs__rosidl_typesupport_microxrcedds_cpp.so
[5.081s] -- Set runtime path of "/home/user/robo/sb-robot/microros_ws/install/unique_identifier_msgs/lib/libunique_identifier_msgs__rosidl_typesupport_microxrcedds_cpp.so" to ""
[5.081s] -- Up-to-date: /home/user/robo/sb-robot/microros_ws/install/unique_identifier_msgs/include/unique_identifier_msgs/unique_identifier_msgs
[5.082s] -- Up-to-date: /home/user/robo/sb-robot/microros_ws/install/unique_identifier_msgs/include/unique_identifier_msgs/unique_identifier_msgs/msg
[5.082s] -- Installing: /home/user/robo/sb-robot/microros_ws/install/unique_identifier_msgs/include/unique_identifier_msgs/unique_identifier_msgs/msg/rosidl_typesupport_fastrtps_cpp__visibility_control.h
[5.085s] -- Up-to-date: /home/user/robo/sb-robot/microros_ws/install/unique_identifier_msgs/include/unique_identifier_msgs/unique_identifier_msgs/msg/detail
[5.085s] -- Installing: /home/user/robo/sb-robot/microros_ws/install/unique_identifier_msgs/include/unique_identifier_msgs/unique_identifier_msgs/msg/detail/uuid__rosidl_typesupport_fastrtps_cpp.hpp
[5.085s] -- Installing: /home/user/robo/sb-robot/microros_ws/install/unique_identifier_msgs/include/unique_identifier_msgs/unique_identifier_msgs/msg/detail/dds_fastrtps
[5.085s] -- Installing: /home/user/robo/sb-robot/microros_ws/install/unique_identifier_msgs/lib/libunique_identifier_msgs__rosidl_typesupport_fastrtps_cpp.so
[5.086s] -- Set runtime path of "/home/user/robo/sb-robot/microros_ws/install/unique_identifier_msgs/lib/libunique_identifier_msgs__rosidl_typesupport_fastrtps_cpp.so" to ""
[5.086s] -- Up-to-date: /home/user/robo/sb-robot/microros_ws/install/unique_identifier_msgs/include/unique_identifier_msgs/unique_identifier_msgs
[5.086s] -- Up-to-date: /home/user/robo/sb-robot/microros_ws/install/unique_identifier_msgs/include/unique_identifier_msgs/unique_identifier_msgs/msg
[5.086s] -- Up-to-date: /home/user/robo/sb-robot/microros_ws/install/unique_identifier_msgs/include/unique_identifier_msgs/unique_identifier_msgs/msg/detail
[5.086s] -- Installing: /home/user/robo/sb-robot/microros_ws/install/unique_identifier_msgs/include/unique_identifier_msgs/unique_identifier_msgs/msg/detail/uuid__rosidl_typesupport_introspection_cpp.hpp
[5.086s] -- Installing: /home/user/robo/sb-robot/microros_ws/install/unique_identifier_msgs/include/unique_identifier_msgs/unique_identifier_msgs/msg/detail/uuid__type_support.cpp
[5.086s] -- Installing: /home/user/robo/sb-robot/microros_ws/install/unique_identifier_msgs/lib/libunique_identifier_msgs__rosidl_typesupport_introspection_cpp.so
[5.086s] -- Set runtime path of "/home/user/robo/sb-robot/microros_ws/install/unique_identifier_msgs/lib/libunique_identifier_msgs__rosidl_typesupport_introspection_cpp.so" to ""
[5.086s] -- Installing: /home/user/robo/sb-robot/microros_ws/install/unique_identifier_msgs/lib/libunique_identifier_msgs__rosidl_typesupport_cpp.so
[5.086s] -- Set runtime path of "/home/user/robo/sb-robot/microros_ws/install/unique_identifier_msgs/lib/libunique_identifier_msgs__rosidl_typesupport_cpp.so" to ""
[5.086s] -- Installing: /home/user/robo/sb-robot/microros_ws/install/unique_identifier_msgs/share/unique_identifier_msgs/environment/pythonpath.sh
[5.086s] -- Installing: /home/user/robo/sb-robot/microros_ws/install/unique_identifier_msgs/share/unique_identifier_msgs/environment/pythonpath.dsv
[5.087s] -- Installing: /home/user/robo/sb-robot/microros_ws/install/unique_identifier_msgs/local/lib/python3.10/dist-packages/unique_identifier_msgs-2.2.1-py3.10.egg-info
[5.087s] -- Installing: /home/user/robo/sb-robot/microros_ws/install/unique_identifier_msgs/local/lib/python3.10/dist-packages/unique_identifier_msgs-2.2.1-py3.10.egg-info/top_level.txt
[5.087s] -- Installing: /home/user/robo/sb-robot/microros_ws/install/unique_identifier_msgs/local/lib/python3.10/dist-packages/unique_identifier_msgs-2.2.1-py3.10.egg-info/dependency_links.txt
[5.087s] -- Installing: /home/user/robo/sb-robot/microros_ws/install/unique_identifier_msgs/local/lib/python3.10/dist-packages/unique_identifier_msgs-2.2.1-py3.10.egg-info/PKG-INFO
[5.087s] -- Installing: /home/user/robo/sb-robot/microros_ws/install/unique_identifier_msgs/local/lib/python3.10/dist-packages/unique_identifier_msgs-2.2.1-py3.10.egg-info/SOURCES.txt
[5.087s] -- Installing: /home/user/robo/sb-robot/microros_ws/install/unique_identifier_msgs/local/lib/python3.10/dist-packages/unique_identifier_msgs
[5.087s] -- Installing: /home/user/robo/sb-robot/microros_ws/install/unique_identifier_msgs/local/lib/python3.10/dist-packages/unique_identifier_msgs/_unique_identifier_msgs_s.ep.rosidl_typesupport_c.c
[5.087s] -- Installing: /home/user/robo/sb-robot/microros_ws/install/unique_identifier_msgs/local/lib/python3.10/dist-packages/unique_identifier_msgs/_unique_identifier_msgs_s.ep.rosidl_typesupport_microxrcedds_c.c
[5.087s] -- Installing: /home/user/robo/sb-robot/microros_ws/install/unique_identifier_msgs/local/lib/python3.10/dist-packages/unique_identifier_msgs/_unique_identifier_msgs_s.ep.rosidl_typesupport_fastrtps_c.c
[5.087s] -- Installing: /home/user/robo/sb-robot/microros_ws/install/unique_identifier_msgs/local/lib/python3.10/dist-packages/unique_identifier_msgs/unique_identifier_msgs_s__rosidl_typesupport_c.cpython-310-x86_64-linux-gnu.so
[5.087s] -- Installing: /home/user/robo/sb-robot/microros_ws/install/unique_identifier_msgs/local/lib/python3.10/dist-packages/unique_identifier_msgs/unique_identifier_msgs_s__rosidl_typesupport_introspection_c.cpython-310-x86_64-linux-gnu.so
[5.087s] -- Installing: /home/user/robo/sb-robot/microros_ws/install/unique_identifier_msgs/local/lib/python3.10/dist-packages/unique_identifier_msgs/__init__.py
[5.088s] -- Installing: /home/user/robo/sb-robot/microros_ws/install/unique_identifier_msgs/local/lib/python3.10/dist-packages/unique_identifier_msgs/unique_identifier_msgs_s__rosidl_typesupport_microxrcedds_c.cpython-310-x86_64-linux-gnu.so
[5.088s] -- Installing: /home/user/robo/sb-robot/microros_ws/install/unique_identifier_msgs/local/lib/python3.10/dist-packages/unique_identifier_msgs/_unique_identifier_msgs_s.ep.rosidl_typesupport_introspection_c.c
[5.088s] -- Installing: /home/user/robo/sb-robot/microros_ws/install/unique_identifier_msgs/local/lib/python3.10/dist-packages/unique_identifier_msgs/unique_identifier_msgs_s__rosidl_typesupport_fastrtps_c.cpython-310-x86_64-linux-gnu.so
[5.088s] -- Installing: /home/user/robo/sb-robot/microros_ws/install/unique_identifier_msgs/local/lib/python3.10/dist-packages/unique_identifier_msgs/libunique_identifier_msgs__rosidl_generator_py.so
[5.088s] -- Installing: /home/user/robo/sb-robot/microros_ws/install/unique_identifier_msgs/local/lib/python3.10/dist-packages/unique_identifier_msgs/msg
[5.088s] -- Installing: /home/user/robo/sb-robot/microros_ws/install/unique_identifier_msgs/local/lib/python3.10/dist-packages/unique_identifier_msgs/msg/_uuid.py
[5.088s] -- Installing: /home/user/robo/sb-robot/microros_ws/install/unique_identifier_msgs/local/lib/python3.10/dist-packages/unique_identifier_msgs/msg/_uuid_s.c
[5.088s] -- Installing: /home/user/robo/sb-robot/microros_ws/install/unique_identifier_msgs/local/lib/python3.10/dist-packages/unique_identifier_msgs/msg/__init__.py
[5.135s] Listing '/home/user/robo/sb-robot/microros_ws/install/unique_identifier_msgs/local/lib/python3.10/dist-packages/unique_identifier_msgs'...
[5.135s] Compiling '/home/user/robo/sb-robot/microros_ws/install/unique_identifier_msgs/local/lib/python3.10/dist-packages/unique_identifier_msgs/__init__.py'...
[5.135s] Listing '/home/user/robo/sb-robot/microros_ws/install/unique_identifier_msgs/local/lib/python3.10/dist-packages/unique_identifier_msgs/msg'...
[5.135s] Compiling '/home/user/robo/sb-robot/microros_ws/install/unique_identifier_msgs/local/lib/python3.10/dist-packages/unique_identifier_msgs/msg/__init__.py'...
[5.135s] Compiling '/home/user/robo/sb-robot/microros_ws/install/unique_identifier_msgs/local/lib/python3.10/dist-packages/unique_identifier_msgs/msg/_uuid.py'...
[5.149s] -- Installing: /home/user/robo/sb-robot/microros_ws/install/unique_identifier_msgs/local/lib/python3.10/dist-packages/unique_identifier_msgs/unique_identifier_msgs_s__rosidl_typesupport_microxrcedds_c.cpython-310-x86_64-linux-gnu.so
[5.149s] -- Set runtime path of "/home/user/robo/sb-robot/microros_ws/install/unique_identifier_msgs/local/lib/python3.10/dist-packages/unique_identifier_msgs/unique_identifier_msgs_s__rosidl_typesupport_microxrcedds_c.cpython-310-x86_64-linux-gnu.so" to ""
[5.149s] -- Installing: /home/user/robo/sb-robot/microros_ws/install/unique_identifier_msgs/local/lib/python3.10/dist-packages/unique_identifier_msgs/unique_identifier_msgs_s__rosidl_typesupport_fastrtps_c.cpython-310-x86_64-linux-gnu.so
[5.149s] -- Set runtime path of "/home/user/robo/sb-robot/microros_ws/install/unique_identifier_msgs/local/lib/python3.10/dist-packages/unique_identifier_msgs/unique_identifier_msgs_s__rosidl_typesupport_fastrtps_c.cpython-310-x86_64-linux-gnu.so" to ""
[5.149s] -- Installing: /home/user/robo/sb-robot/microros_ws/install/unique_identifier_msgs/local/lib/python3.10/dist-packages/unique_identifier_msgs/unique_identifier_msgs_s__rosidl_typesupport_introspection_c.cpython-310-x86_64-linux-gnu.so
[5.149s] -- Set runtime path of "/home/user/robo/sb-robot/microros_ws/install/unique_identifier_msgs/local/lib/python3.10/dist-packages/unique_identifier_msgs/unique_identifier_msgs_s__rosidl_typesupport_introspection_c.cpython-310-x86_64-linux-gnu.so" to ""
[5.149s] -- Installing: /home/user/robo/sb-robot/microros_ws/install/unique_identifier_msgs/local/lib/python3.10/dist-packages/unique_identifier_msgs/unique_identifier_msgs_s__rosidl_typesupport_c.cpython-310-x86_64-linux-gnu.so
[5.149s] -- Set runtime path of "/home/user/robo/sb-robot/microros_ws/install/unique_identifier_msgs/local/lib/python3.10/dist-packages/unique_identifier_msgs/unique_identifier_msgs_s__rosidl_typesupport_c.cpython-310-x86_64-linux-gnu.so" to ""
[5.149s] -- Installing: /home/user/robo/sb-robot/microros_ws/install/unique_identifier_msgs/lib/libunique_identifier_msgs__rosidl_generator_py.so
[5.149s] -- Set runtime path of "/home/user/robo/sb-robot/microros_ws/install/unique_identifier_msgs/lib/libunique_identifier_msgs__rosidl_generator_py.so" to ""
[5.149s] -- Installing: /home/user/robo/sb-robot/microros_ws/install/unique_identifier_msgs/share/unique_identifier_msgs/msg/UUID.idl
[5.149s] -- Installing: /home/user/robo/sb-robot/microros_ws/install/unique_identifier_msgs/share/unique_identifier_msgs/msg/UUID.msg
[5.150s] -- Installing: /home/user/robo/sb-robot/microros_ws/install/unique_identifier_msgs/share/ament_index/resource_index/package_run_dependencies/unique_identifier_msgs
[5.150s] -- Installing: /home/user/robo/sb-robot/microros_ws/install/unique_identifier_msgs/share/ament_index/resource_index/parent_prefix_path/unique_identifier_msgs
[5.150s] -- Installing: /home/user/robo/sb-robot/microros_ws/install/unique_identifier_msgs/share/unique_identifier_msgs/environment/ament_prefix_path.sh
[5.150s] -- Installing: /home/user/robo/sb-robot/microros_ws/install/unique_identifier_msgs/share/unique_identifier_msgs/environment/ament_prefix_path.dsv
[5.150s] -- Installing: /home/user/robo/sb-robot/microros_ws/install/unique_identifier_msgs/share/unique_identifier_msgs/environment/path.sh
[5.150s] -- Installing: /home/user/robo/sb-robot/microros_ws/install/unique_identifier_msgs/share/unique_identifier_msgs/environment/path.dsv
[5.150s] -- Installing: /home/user/robo/sb-robot/microros_ws/install/unique_identifier_msgs/share/unique_identifier_msgs/local_setup.bash
[5.150s] -- Installing: /home/user/robo/sb-robot/microros_ws/install/unique_identifier_msgs/share/unique_identifier_msgs/local_setup.sh
[5.150s] -- Installing: /home/user/robo/sb-robot/microros_ws/install/unique_identifier_msgs/share/unique_identifier_msgs/local_setup.zsh
[5.150s] -- Installing: /home/user/robo/sb-robot/microros_ws/install/unique_identifier_msgs/share/unique_identifier_msgs/local_setup.dsv
[5.150s] -- Installing: /home/user/robo/sb-robot/microros_ws/install/unique_identifier_msgs/share/unique_identifier_msgs/package.dsv
[5.150s] -- Installing: /home/user/robo/sb-robot/microros_ws/install/unique_identifier_msgs/share/ament_index/resource_index/packages/unique_identifier_msgs
[5.150s] -- Installing: /home/user/robo/sb-robot/microros_ws/install/unique_identifier_msgs/share/unique_identifier_msgs/cmake/export_unique_identifier_msgs__rosidl_generator_cExport.cmake
[5.150s] -- Installing: /home/user/robo/sb-robot/microros_ws/install/unique_identifier_msgs/share/unique_identifier_msgs/cmake/export_unique_identifier_msgs__rosidl_generator_cExport-noconfig.cmake
[5.150s] -- Installing: /home/user/robo/sb-robot/microros_ws/install/unique_identifier_msgs/share/unique_identifier_msgs/cmake/export_unique_identifier_msgs__rosidl_typesupport_fastrtps_cExport.cmake
[5.150s] -- Installing: /home/user/robo/sb-robot/microros_ws/install/unique_identifier_msgs/share/unique_identifier_msgs/cmake/export_unique_identifier_msgs__rosidl_typesupport_fastrtps_cExport-noconfig.cmake
[5.151s] -- Installing: /home/user/robo/sb-robot/microros_ws/install/unique_identifier_msgs/share/unique_identifier_msgs/cmake/unique_identifier_msgs__rosidl_typesupport_introspection_cExport.cmake
[5.151s] -- Installing: /home/user/robo/sb-robot/microros_ws/install/unique_identifier_msgs/share/unique_identifier_msgs/cmake/unique_identifier_msgs__rosidl_typesupport_introspection_cExport-noconfig.cmake
[5.151s] -- Installing: /home/user/robo/sb-robot/microros_ws/install/unique_identifier_msgs/share/unique_identifier_msgs/cmake/unique_identifier_msgs__rosidl_typesupport_cExport.cmake
[5.152s] -- Installing: /home/user/robo/sb-robot/microros_ws/install/unique_identifier_msgs/share/unique_identifier_msgs/cmake/unique_identifier_msgs__rosidl_typesupport_cExport-noconfig.cmake
[5.152s] -- Installing: /home/user/robo/sb-robot/microros_ws/install/unique_identifier_msgs/share/unique_identifier_msgs/cmake/export_unique_identifier_msgs__rosidl_generator_cppExport.cmake
[5.152s] -- Installing: /home/user/robo/sb-robot/microros_ws/install/unique_identifier_msgs/share/unique_identifier_msgs/cmake/export_unique_identifier_msgs__rosidl_typesupport_fastrtps_cppExport.cmake
[5.153s] -- Installing: /home/user/robo/sb-robot/microros_ws/install/unique_identifier_msgs/share/unique_identifier_msgs/cmake/export_unique_identifier_msgs__rosidl_typesupport_fastrtps_cppExport-noconfig.cmake
[5.153s] -- Installing: /home/user/robo/sb-robot/microros_ws/install/unique_identifier_msgs/share/unique_identifier_msgs/cmake/unique_identifier_msgs__rosidl_typesupport_introspection_cppExport.cmake
[5.153s] -- Installing: /home/user/robo/sb-robot/microros_ws/install/unique_identifier_msgs/share/unique_identifier_msgs/cmake/unique_identifier_msgs__rosidl_typesupport_introspection_cppExport-noconfig.cmake
[5.154s] -- Installing: /home/user/robo/sb-robot/microros_ws/install/unique_identifier_msgs/share/unique_identifier_msgs/cmake/unique_identifier_msgs__rosidl_typesupport_cppExport.cmake
[5.154s] -- Installing: /home/user/robo/sb-robot/microros_ws/install/unique_identifier_msgs/share/unique_identifier_msgs/cmake/unique_identifier_msgs__rosidl_typesupport_cppExport-noconfig.cmake
[5.154s] -- Installing: /home/user/robo/sb-robot/microros_ws/install/unique_identifier_msgs/share/unique_identifier_msgs/cmake/export_unique_identifier_msgs__rosidl_generator_pyExport.cmake
[5.154s] -- Installing: /home/user/robo/sb-robot/microros_ws/install/unique_identifier_msgs/share/unique_identifier_msgs/cmake/export_unique_identifier_msgs__rosidl_generator_pyExport-noconfig.cmake
[5.155s] -- Installing: /home/user/robo/sb-robot/microros_ws/install/unique_identifier_msgs/share/unique_identifier_msgs/cmake/rosidl_cmake-extras.cmake
[5.155s] -- Installing: /home/user/robo/sb-robot/microros_ws/install/unique_identifier_msgs/share/unique_identifier_msgs/cmake/ament_cmake_export_include_directories-extras.cmake
[5.157s] -- Installing: /home/user/robo/sb-robot/microros_ws/install/unique_identifier_msgs/share/unique_identifier_msgs/cmake/ament_cmake_export_libraries-extras.cmake
[5.157s] -- Installing: /home/user/robo/sb-robot/microros_ws/install/unique_identifier_msgs/share/unique_identifier_msgs/cmake/ament_cmake_export_targets-extras.cmake
[5.158s] -- Installing: /home/user/robo/sb-robot/microros_ws/install/unique_identifier_msgs/share/unique_identifier_msgs/cmake/rosidl_cmake_export_typesupport_targets-extras.cmake
[5.158s] -- Installing: /home/user/robo/sb-robot/microros_ws/install/unique_identifier_msgs/share/unique_identifier_msgs/cmake/ament_cmake_export_dependencies-extras.cmake
[5.158s] -- Installing: /home/user/robo/sb-robot/microros_ws/install/unique_identifier_msgs/share/unique_identifier_msgs/cmake/rosidl_cmake_export_typesupport_libraries-extras.cmake
[5.159s] -- Installing: /home/user/robo/sb-robot/microros_ws/install/unique_identifier_msgs/share/unique_identifier_msgs/cmake/unique_identifier_msgsConfig.cmake
[5.159s] -- Installing: /home/user/robo/sb-robot/microros_ws/install/unique_identifier_msgs/share/unique_identifier_msgs/cmake/unique_identifier_msgsConfig-version.cmake
[5.159s] -- Installing: /home/user/robo/sb-robot/microros_ws/install/unique_identifier_msgs/share/unique_identifier_msgs/package.xml
[5.160s] -- Installing: /home/user/robo/sb-robot/microros_ws/install/unique_identifier_msgs/share/unique_identifier_msgs/mapping_rules.yaml
[5.173s] Invoked command in '/home/user/robo/sb-robot/microros_ws/build/unique_identifier_msgs' returned '0': CMAKE_PREFIX_PATH=${CMAKE_PREFIX_PATH}:/opt/ros/humble /usr/bin/cmake --install /home/user/robo/sb-robot/microros_ws/build/unique_identifier_msgs
