gmake[2]: *** [CMakeFiles/std_msgs__rosidl_typesupport_fastrtps_cpp.dir/build.make:674: CMakeFiles/std_msgs__rosidl_typesupport_fastrtps_cpp.dir/rosidl_typesupport_fastrtps_cpp/std_msgs/msg/detail/dds_fastrtps/u_int64_multi_array__type_support.cpp.o] Interrupt
gmake[2]: *** [CMakeFiles/std_msgs__rosidl_typesupport_fastrtps_cpp.dir/build.make:688: CMakeFiles/std_msgs__rosidl_typesupport_fastrtps_cpp.dir/rosidl_typesupport_fastrtps_cpp/std_msgs/msg/detail/dds_fastrtps/u_int8__type_support.cpp.o] Interrupt
gmake[1]: *** [CMakeFiles/Makefile2:291: CMakeFiles/std_msgs__rosidl_typesupport_fastrtps_cpp.dir/all] Interrupt
gmake[2]: *** [CMakeFiles/std_msgs__rosidl_typesupport_fastrtps_c.dir/build.make:338: CMakeFiles/std_msgs__rosidl_typesupport_fastrtps_c.dir/rosidl_typesupport_fastrtps_c/std_msgs/msg/detail/char__type_support_c.cpp.o] Interrupt
gmake[2]: *** [CMakeFiles/std_msgs__rosidl_typesupport_fastrtps_c.dir/build.make:366: CMakeFiles/std_msgs__rosidl_typesupport_fastrtps_c.dir/rosidl_typesupport_fastrtps_c/std_msgs/msg/detail/empty__type_support_c.cpp.o] Interrupt
gmake[2]: *** [CMakeFiles/std_msgs__rosidl_typesupport_fastrtps_c.dir/build.make:352: CMakeFiles/std_msgs__rosidl_typesupport_fastrtps_c.dir/rosidl_typesupport_fastrtps_c/std_msgs/msg/detail/color_rgba__type_support_c.cpp.o] Interrupt
gmake[2]: *** [CMakeFiles/std_msgs__rosidl_typesupport_fastrtps_c.dir/build.make:380: CMakeFiles/std_msgs__rosidl_typesupport_fastrtps_c.dir/rosidl_typesupport_fastrtps_c/std_msgs/msg/detail/float32__type_support_c.cpp.o] Interrupt
gmake[2]: *** [CMakeFiles/std_msgs__rosidl_typesupport_fastrtps_c.dir/build.make:436: CMakeFiles/std_msgs__rosidl_typesupport_fastrtps_c.dir/rosidl_typesupport_fastrtps_c/std_msgs/msg/detail/header__type_support_c.cpp.o] Interrupt
gmake[2]: *** [CMakeFiles/std_msgs__rosidl_typesupport_fastrtps_c.dir/build.make:464: CMakeFiles/std_msgs__rosidl_typesupport_fastrtps_c.dir/rosidl_typesupport_fastrtps_c/std_msgs/msg/detail/int16_multi_array__type_support_c.cpp.o] Interrupt
gmake[2]: *** [CMakeFiles/std_msgs__rosidl_typesupport_fastrtps_c.dir/build.make:478: CMakeFiles/std_msgs__rosidl_typesupport_fastrtps_c.dir/rosidl_typesupport_fastrtps_c/std_msgs/msg/detail/int32__type_support_c.cpp.o] Interrupt
gmake[2]: *** [CMakeFiles/std_msgs__rosidl_typesupport_fastrtps_c.dir/build.make:520: CMakeFiles/std_msgs__rosidl_typesupport_fastrtps_c.dir/rosidl_typesupport_fastrtps_c/std_msgs/msg/detail/int64_multi_array__type_support_c.cpp.o] Interrupt
gmake[2]: *** [CMakeFiles/std_msgs__rosidl_typesupport_fastrtps_c.dir/build.make:534: CMakeFiles/std_msgs__rosidl_typesupport_fastrtps_c.dir/rosidl_typesupport_fastrtps_c/std_msgs/msg/detail/int8__type_support_c.cpp.o] Interrupt
gmake[2]: *** [CMakeFiles/std_msgs__rosidl_typesupport_fastrtps_c.dir/build.make:548: CMakeFiles/std_msgs__rosidl_typesupport_fastrtps_c.dir/rosidl_typesupport_fastrtps_c/std_msgs/msg/detail/int8_multi_array__type_support_c.cpp.o] Interrupt
gmake[2]: *** [CMakeFiles/std_msgs__rosidl_typesupport_fastrtps_c.dir/build.make:590: CMakeFiles/std_msgs__rosidl_typesupport_fastrtps_c.dir/rosidl_typesupport_fastrtps_c/std_msgs/msg/detail/string__type_support_c.cpp.o] Interrupt
gmake[2]: *** [CMakeFiles/std_msgs__rosidl_typesupport_fastrtps_c.dir/build.make:604: CMakeFiles/std_msgs__rosidl_typesupport_fastrtps_c.dir/rosidl_typesupport_fastrtps_c/std_msgs/msg/detail/u_int16__type_support_c.cpp.o] Interrupt
gmake[2]: *** [CMakeFiles/std_msgs__rosidl_typesupport_fastrtps_c.dir/build.make:617: CMakeFiles/std_msgs__rosidl_typesupport_fastrtps_c.dir/rosidl_typesupport_fastrtps_c/std_msgs/msg/detail/u_int16_multi_array__type_support_c.cpp.o] Interrupt
gmake[2]: *** [CMakeFiles/std_msgs__rosidl_typesupport_fastrtps_c.dir/build.make:562: CMakeFiles/std_msgs__rosidl_typesupport_fastrtps_c.dir/rosidl_typesupport_fastrtps_c/std_msgs/msg/detail/multi_array_dimension__type_support_c.cpp.o] Interrupt
gmake[2]: *** [CMakeFiles/std_msgs__rosidl_typesupport_fastrtps_c.dir/build.make:408: CMakeFiles/std_msgs__rosidl_typesupport_fastrtps_c.dir/rosidl_typesupport_fastrtps_c/std_msgs/msg/detail/float64__type_support_c.cpp.o] Interrupt
gmake[2]: *** [CMakeFiles/std_msgs__rosidl_typesupport_fastrtps_c.dir/build.make:576: CMakeFiles/std_msgs__rosidl_typesupport_fastrtps_c.dir/rosidl_typesupport_fastrtps_c/std_msgs/msg/detail/multi_array_layout__type_support_c.cpp.o] Interrupt
gmake[2]: *** [CMakeFiles/std_msgs__rosidl_typesupport_fastrtps_c.dir/build.make:394: CMakeFiles/std_msgs__rosidl_typesupport_fastrtps_c.dir/rosidl_typesupport_fastrtps_c/std_msgs/msg/detail/float32_multi_array__type_support_c.cpp.o] Interrupt
gmake[2]: *** [CMakeFiles/std_msgs__rosidl_typesupport_fastrtps_c.dir/build.make:450: CMakeFiles/std_msgs__rosidl_typesupport_fastrtps_c.dir/rosidl_typesupport_fastrtps_c/std_msgs/msg/detail/int16__type_support_c.cpp.o] Interrupt
gmake[1]: *** [CMakeFiles/Makefile2:239: CMakeFiles/std_msgs__rosidl_typesupport_fastrtps_c.dir/all] Interrupt
gmake: *** [Makefile:146: all] Interrupt
