[0.009s] Invoking command in '/home/user/robo/sb-robot/microros_ws/build/micro_ros_msgs': CMAKE_PREFIX_PATH=${CMAKE_PREFIX_PATH}:/home/user/robo/sb-robot/microros_ws/install/sensor_msgs_py:/opt/ros/humble /usr/bin/cmake /home/user/robo/sb-robot/microros_ws/src/uros/micro_ros_msgs -DUAGENT_BUILD_EXECUTABLE=OFF -DUAGENT_P2P_PROFILE=OFF --no-warn-unused-cli -DCMAKE_INSTALL_PREFIX=/home/user/robo/sb-robot/microros_ws/install/micro_ros_msgs
[0.017s] Not searching for unused variables given on the command line.
[0.020s] -- Found ament_cmake: 1.3.11 (/opt/ros/humble/share/ament_cmake/cmake)
[0.127s] -- Found rosidl_default_generators: 1.2.0 (/opt/ros/humble/share/rosidl_default_generators/cmake)
[0.131s] -- Using all available rosidl_typesupport_c: rosidl_typesupport_microxrcedds_c;rosidl_typesupport_fastrtps_c;rosidl_typesupport_introspection_c
[0.133s] -- Found rosidl_adapter: 3.1.6 (/opt/ros/humble/share/rosidl_adapter/cmake)
[0.155s] -- Using all available rosidl_typesupport_cpp: rosidl_typesupport_microxrcedds_cpp;rosidl_typesupport_fastrtps_cpp;rosidl_typesupport_introspection_cpp
[0.169s] -- Found ament_lint_auto: 0.12.11 (/opt/ros/humble/share/ament_lint_auto/cmake)
[0.368s] -- Found ament_cmake_ros: 0.10.0 (/opt/ros/humble/share/ament_cmake_ros/cmake)
[0.577s] -- Using all available rosidl_typesupport_c: rosidl_typesupport_microxrcedds_c;rosidl_typesupport_fastrtps_c;rosidl_typesupport_introspection_c
[0.830s] -- Using all available rosidl_typesupport_cpp: rosidl_typesupport_microxrcedds_cpp;rosidl_typesupport_fastrtps_cpp;rosidl_typesupport_introspection_cpp
[0.849s] -- Found python_cmake_module: 0.10.0 (/opt/ros/humble/share/python_cmake_module/cmake)
[0.867s] -- Using PYTHON_EXECUTABLE: /usr/bin/python3
[0.867s] -- Using PYTHON_INCLUDE_DIRS: /usr/include/python3.10
[0.867s] -- Using PYTHON_LIBRARIES: /usr/lib/x86_64-linux-gnu/libpython3.10.so
[0.889s] -- Added test 'copyright' to check source files copyright and LICENSE
[0.892s] -- Added test 'lint_cmake' to check CMake code style
[0.894s] -- Added test 'xmllint' to check XML markup files
[0.895s] -- Configuring done
[0.914s] -- Generating done
[0.921s] -- Build files have been written to: /home/user/robo/sb-robot/microros_ws/build/micro_ros_msgs
[0.926s] Invoked command in '/home/user/robo/sb-robot/microros_ws/build/micro_ros_msgs' returned '0': CMAKE_PREFIX_PATH=${CMAKE_PREFIX_PATH}:/home/user/robo/sb-robot/microros_ws/install/sensor_msgs_py:/opt/ros/humble /usr/bin/cmake /home/user/robo/sb-robot/microros_ws/src/uros/micro_ros_msgs -DUAGENT_BUILD_EXECUTABLE=OFF -DUAGENT_P2P_PROFILE=OFF --no-warn-unused-cli -DCMAKE_INSTALL_PREFIX=/home/user/robo/sb-robot/microros_ws/install/micro_ros_msgs
[0.927s] Invoking command in '/home/user/robo/sb-robot/microros_ws/build/micro_ros_msgs': CMAKE_PREFIX_PATH=${CMAKE_PREFIX_PATH}:/home/user/robo/sb-robot/microros_ws/install/sensor_msgs_py:/opt/ros/humble /usr/bin/cmake --build /home/user/robo/sb-robot/microros_ws/build/micro_ros_msgs -- -j20 -l20
[0.969s] [35m[1mConsolidate compiler generated dependencies of target micro_ros_msgs__rosidl_generator_c[0m
[0.981s] [  8%] Built target micro_ros_msgs__rosidl_generator_c
[0.981s] [ 10%] Built target micro_ros_msgs__cpp
[0.992s] [ 10%] Built target ament_cmake_python_copy_micro_ros_msgs
[0.993s] [35m[1mConsolidate compiler generated dependencies of target micro_ros_msgs__rosidl_typesupport_c[0m
[0.993s] [35m[1mConsolidate compiler generated dependencies of target micro_ros_msgs__rosidl_typesupport_microxrcedds_c[0m
[0.993s] [35m[1mConsolidate compiler generated dependencies of target micro_ros_msgs__rosidl_typesupport_introspection_c[0m
[0.994s] [35m[1mConsolidate compiler generated dependencies of target micro_ros_msgs__rosidl_typesupport_fastrtps_c[0m
[0.998s] [35m[1mConsolidate compiler generated dependencies of target micro_ros_msgs__rosidl_typesupport_microxrcedds_cpp[0m
[0.998s] [35m[1mConsolidate compiler generated dependencies of target micro_ros_msgs__rosidl_typesupport_fastrtps_cpp[0m
[1.006s] [35m[1mConsolidate compiler generated dependencies of target micro_ros_msgs__rosidl_typesupport_cpp[0m
[1.006s] [35m[1mConsolidate compiler generated dependencies of target micro_ros_msgs__rosidl_typesupport_introspection_cpp[0m
[1.007s] [ 18%] Built target micro_ros_msgs__rosidl_typesupport_introspection_c
[1.007s] [ 27%] Built target micro_ros_msgs__rosidl_typesupport_fastrtps_c
[1.008s] [ 35%] Built target micro_ros_msgs__rosidl_typesupport_microxrcedds_c
[1.008s] [ 44%] Built target micro_ros_msgs__rosidl_typesupport_c
[1.011s] [ 52%] Built target micro_ros_msgs__rosidl_typesupport_microxrcedds_cpp
[1.014s] [ 61%] Built target micro_ros_msgs__rosidl_typesupport_fastrtps_cpp
[1.020s] [ 76%] Built target micro_ros_msgs__rosidl_typesupport_introspection_cpp
[1.020s] [ 77%] Built target micro_ros_msgs__rosidl_typesupport_cpp
[1.039s] [ 77%] Built target micro_ros_msgs
[1.063s] [ 79%] Built target micro_ros_msgs__py
[1.075s] [35m[1mConsolidate compiler generated dependencies of target micro_ros_msgs__rosidl_generator_py[0m
[1.091s] [ 86%] Built target micro_ros_msgs__rosidl_generator_py
[1.101s] [35m[1mConsolidate compiler generated dependencies of target micro_ros_msgs__rosidl_typesupport_c__pyext[0m
[1.105s] [35m[1mConsolidate compiler generated dependencies of target micro_ros_msgs__rosidl_typesupport_introspection_c__pyext[0m
[1.106s] [35m[1mConsolidate compiler generated dependencies of target micro_ros_msgs__rosidl_typesupport_microxrcedds_c__pyext[0m
[1.106s] [35m[1mConsolidate compiler generated dependencies of target micro_ros_msgs__rosidl_typesupport_fastrtps_c__pyext[0m
[1.113s] [ 89%] Built target micro_ros_msgs__rosidl_typesupport_c__pyext
[1.117s] [ 93%] Built target micro_ros_msgs__rosidl_typesupport_introspection_c__pyext
[1.120s] [ 96%] Built target micro_ros_msgs__rosidl_typesupport_microxrcedds_c__pyext
[1.124s] [100%] Built target micro_ros_msgs__rosidl_typesupport_fastrtps_c__pyext
[1.173s] running egg_info
[1.173s] writing micro_ros_msgs.egg-info/PKG-INFO
[1.173s] writing dependency_links to micro_ros_msgs.egg-info/dependency_links.txt
[1.174s] writing top-level names to micro_ros_msgs.egg-info/top_level.txt
[1.175s] reading manifest file 'micro_ros_msgs.egg-info/SOURCES.txt'
[1.175s] writing manifest file 'micro_ros_msgs.egg-info/SOURCES.txt'
[1.196s] [100%] Built target ament_cmake_python_build_micro_ros_msgs_egg
[1.205s] Invoked command in '/home/user/robo/sb-robot/microros_ws/build/micro_ros_msgs' returned '0': CMAKE_PREFIX_PATH=${CMAKE_PREFIX_PATH}:/home/user/robo/sb-robot/microros_ws/install/sensor_msgs_py:/opt/ros/humble /usr/bin/cmake --build /home/user/robo/sb-robot/microros_ws/build/micro_ros_msgs -- -j20 -l20
[1.214s] Invoking command in '/home/user/robo/sb-robot/microros_ws/build/micro_ros_msgs': CMAKE_PREFIX_PATH=${CMAKE_PREFIX_PATH}:/home/user/robo/sb-robot/microros_ws/install/sensor_msgs_py:/opt/ros/humble /usr/bin/cmake --install /home/user/robo/sb-robot/microros_ws/build/micro_ros_msgs
[1.220s] -- Install configuration: ""
[1.220s] -- Up-to-date: /home/user/robo/sb-robot/microros_ws/install/micro_ros_msgs/share/ament_index/resource_index/rosidl_interfaces/micro_ros_msgs
[1.220s] -- Up-to-date: /home/user/robo/sb-robot/microros_ws/install/micro_ros_msgs/include/micro_ros_msgs/micro_ros_msgs
[1.220s] -- Up-to-date: /home/user/robo/sb-robot/microros_ws/install/micro_ros_msgs/include/micro_ros_msgs/micro_ros_msgs/msg
[1.220s] -- Up-to-date: /home/user/robo/sb-robot/microros_ws/install/micro_ros_msgs/include/micro_ros_msgs/micro_ros_msgs/msg/entity.h
[1.220s] -- Up-to-date: /home/user/robo/sb-robot/microros_ws/install/micro_ros_msgs/include/micro_ros_msgs/micro_ros_msgs/msg/node.h
[1.220s] -- Up-to-date: /home/user/robo/sb-robot/microros_ws/install/micro_ros_msgs/include/micro_ros_msgs/micro_ros_msgs/msg/detail
[1.221s] -- Up-to-date: /home/user/robo/sb-robot/microros_ws/install/micro_ros_msgs/include/micro_ros_msgs/micro_ros_msgs/msg/detail/entity__functions.c
[1.221s] -- Up-to-date: /home/user/robo/sb-robot/microros_ws/install/micro_ros_msgs/include/micro_ros_msgs/micro_ros_msgs/msg/detail/node__type_support.h
[1.221s] -- Up-to-date: /home/user/robo/sb-robot/microros_ws/install/micro_ros_msgs/include/micro_ros_msgs/micro_ros_msgs/msg/detail/node__struct.h
[1.221s] -- Up-to-date: /home/user/robo/sb-robot/microros_ws/install/micro_ros_msgs/include/micro_ros_msgs/micro_ros_msgs/msg/detail/graph__functions.c
[1.221s] -- Up-to-date: /home/user/robo/sb-robot/microros_ws/install/micro_ros_msgs/include/micro_ros_msgs/micro_ros_msgs/msg/detail/node__functions.h
[1.221s] -- Up-to-date: /home/user/robo/sb-robot/microros_ws/install/micro_ros_msgs/include/micro_ros_msgs/micro_ros_msgs/msg/detail/node__functions.c
[1.221s] -- Up-to-date: /home/user/robo/sb-robot/microros_ws/install/micro_ros_msgs/include/micro_ros_msgs/micro_ros_msgs/msg/detail/entity__struct.h
[1.221s] -- Up-to-date: /home/user/robo/sb-robot/microros_ws/install/micro_ros_msgs/include/micro_ros_msgs/micro_ros_msgs/msg/detail/graph__functions.h
[1.221s] -- Up-to-date: /home/user/robo/sb-robot/microros_ws/install/micro_ros_msgs/include/micro_ros_msgs/micro_ros_msgs/msg/detail/entity__functions.h
[1.221s] -- Up-to-date: /home/user/robo/sb-robot/microros_ws/install/micro_ros_msgs/include/micro_ros_msgs/micro_ros_msgs/msg/detail/entity__type_support.h
[1.221s] -- Up-to-date: /home/user/robo/sb-robot/microros_ws/install/micro_ros_msgs/include/micro_ros_msgs/micro_ros_msgs/msg/detail/graph__type_support.h
[1.221s] -- Up-to-date: /home/user/robo/sb-robot/microros_ws/install/micro_ros_msgs/include/micro_ros_msgs/micro_ros_msgs/msg/detail/graph__struct.h
[1.221s] -- Up-to-date: /home/user/robo/sb-robot/microros_ws/install/micro_ros_msgs/include/micro_ros_msgs/micro_ros_msgs/msg/rosidl_generator_c__visibility_control.h
[1.222s] -- Up-to-date: /home/user/robo/sb-robot/microros_ws/install/micro_ros_msgs/include/micro_ros_msgs/micro_ros_msgs/msg/graph.h
[1.222s] -- Up-to-date: /home/user/robo/sb-robot/microros_ws/install/micro_ros_msgs/share/micro_ros_msgs/environment/library_path.sh
[1.222s] -- Installing: /home/user/robo/sb-robot/microros_ws/install/micro_ros_msgs/share/micro_ros_msgs/environment/library_path.dsv
[1.222s] -- Up-to-date: /home/user/robo/sb-robot/microros_ws/install/micro_ros_msgs/lib/libmicro_ros_msgs__rosidl_generator_c.so
[1.222s] -- Up-to-date: /home/user/robo/sb-robot/microros_ws/install/micro_ros_msgs/include/micro_ros_msgs
[1.222s] -- Up-to-date: /home/user/robo/sb-robot/microros_ws/install/micro_ros_msgs/include/micro_ros_msgs/msg
[1.222s] -- Up-to-date: /home/user/robo/sb-robot/microros_ws/install/micro_ros_msgs/include/micro_ros_msgs/msg/rosidl_typesupport_microxrcedds_c__visibility_control.h
[1.222s] -- Up-to-date: /home/user/robo/sb-robot/microros_ws/install/micro_ros_msgs/include/micro_ros_msgs/msg/detail
[1.222s] -- Up-to-date: /home/user/robo/sb-robot/microros_ws/install/micro_ros_msgs/include/micro_ros_msgs/msg/detail/microxrcedds
[1.222s] -- Up-to-date: /home/user/robo/sb-robot/microros_ws/install/micro_ros_msgs/include/micro_ros_msgs/msg/detail/graph__rosidl_typesupport_microxrcedds_c.h
[1.222s] -- Up-to-date: /home/user/robo/sb-robot/microros_ws/install/micro_ros_msgs/include/micro_ros_msgs/msg/detail/entity__rosidl_typesupport_microxrcedds_c.h
[1.222s] -- Up-to-date: /home/user/robo/sb-robot/microros_ws/install/micro_ros_msgs/include/micro_ros_msgs/msg/detail/node__rosidl_typesupport_microxrcedds_c.h
[1.222s] -- Up-to-date: /home/user/robo/sb-robot/microros_ws/install/micro_ros_msgs/lib/libmicro_ros_msgs__rosidl_typesupport_microxrcedds_c.so
[1.223s] -- Up-to-date: /home/user/robo/sb-robot/microros_ws/install/micro_ros_msgs/include/micro_ros_msgs/micro_ros_msgs
[1.223s] -- Up-to-date: /home/user/robo/sb-robot/microros_ws/install/micro_ros_msgs/include/micro_ros_msgs/micro_ros_msgs/msg
[1.223s] -- Up-to-date: /home/user/robo/sb-robot/microros_ws/install/micro_ros_msgs/include/micro_ros_msgs/micro_ros_msgs/msg/detail
[1.223s] -- Up-to-date: /home/user/robo/sb-robot/microros_ws/install/micro_ros_msgs/include/micro_ros_msgs/micro_ros_msgs/msg/detail/entity__rosidl_typesupport_fastrtps_c.h
[1.223s] -- Up-to-date: /home/user/robo/sb-robot/microros_ws/install/micro_ros_msgs/include/micro_ros_msgs/micro_ros_msgs/msg/detail/node__rosidl_typesupport_fastrtps_c.h
[1.223s] -- Up-to-date: /home/user/robo/sb-robot/microros_ws/install/micro_ros_msgs/include/micro_ros_msgs/micro_ros_msgs/msg/detail/graph__rosidl_typesupport_fastrtps_c.h
[1.223s] -- Up-to-date: /home/user/robo/sb-robot/microros_ws/install/micro_ros_msgs/include/micro_ros_msgs/micro_ros_msgs/msg/rosidl_typesupport_fastrtps_c__visibility_control.h
[1.223s] -- Up-to-date: /home/user/robo/sb-robot/microros_ws/install/micro_ros_msgs/lib/libmicro_ros_msgs__rosidl_typesupport_fastrtps_c.so
[1.223s] -- Up-to-date: /home/user/robo/sb-robot/microros_ws/install/micro_ros_msgs/include/micro_ros_msgs/micro_ros_msgs
[1.223s] -- Up-to-date: /home/user/robo/sb-robot/microros_ws/install/micro_ros_msgs/include/micro_ros_msgs/micro_ros_msgs/msg
[1.224s] -- Up-to-date: /home/user/robo/sb-robot/microros_ws/install/micro_ros_msgs/include/micro_ros_msgs/micro_ros_msgs/msg/detail
[1.224s] -- Up-to-date: /home/user/robo/sb-robot/microros_ws/install/micro_ros_msgs/include/micro_ros_msgs/micro_ros_msgs/msg/detail/entity__type_support.c
[1.224s] -- Up-to-date: /home/user/robo/sb-robot/microros_ws/install/micro_ros_msgs/include/micro_ros_msgs/micro_ros_msgs/msg/detail/node__rosidl_typesupport_introspection_c.h
[1.224s] -- Up-to-date: /home/user/robo/sb-robot/microros_ws/install/micro_ros_msgs/include/micro_ros_msgs/micro_ros_msgs/msg/detail/node__type_support.c
[1.224s] -- Up-to-date: /home/user/robo/sb-robot/microros_ws/install/micro_ros_msgs/include/micro_ros_msgs/micro_ros_msgs/msg/detail/graph__type_support.c
[1.224s] -- Up-to-date: /home/user/robo/sb-robot/microros_ws/install/micro_ros_msgs/include/micro_ros_msgs/micro_ros_msgs/msg/detail/entity__rosidl_typesupport_introspection_c.h
[1.224s] -- Up-to-date: /home/user/robo/sb-robot/microros_ws/install/micro_ros_msgs/include/micro_ros_msgs/micro_ros_msgs/msg/detail/graph__rosidl_typesupport_introspection_c.h
[1.224s] -- Up-to-date: /home/user/robo/sb-robot/microros_ws/install/micro_ros_msgs/include/micro_ros_msgs/micro_ros_msgs/msg/rosidl_typesupport_introspection_c__visibility_control.h
[1.224s] -- Up-to-date: /home/user/robo/sb-robot/microros_ws/install/micro_ros_msgs/lib/libmicro_ros_msgs__rosidl_typesupport_introspection_c.so
[1.224s] -- Up-to-date: /home/user/robo/sb-robot/microros_ws/install/micro_ros_msgs/lib/libmicro_ros_msgs__rosidl_typesupport_c.so
[1.224s] -- Up-to-date: /home/user/robo/sb-robot/microros_ws/install/micro_ros_msgs/include/micro_ros_msgs/micro_ros_msgs
[1.224s] -- Up-to-date: /home/user/robo/sb-robot/microros_ws/install/micro_ros_msgs/include/micro_ros_msgs/micro_ros_msgs/msg
[1.224s] -- Up-to-date: /home/user/robo/sb-robot/microros_ws/install/micro_ros_msgs/include/micro_ros_msgs/micro_ros_msgs/msg/entity.hpp
[1.225s] -- Up-to-date: /home/user/robo/sb-robot/microros_ws/install/micro_ros_msgs/include/micro_ros_msgs/micro_ros_msgs/msg/rosidl_generator_cpp__visibility_control.hpp
[1.225s] -- Up-to-date: /home/user/robo/sb-robot/microros_ws/install/micro_ros_msgs/include/micro_ros_msgs/micro_ros_msgs/msg/node.hpp
[1.225s] -- Up-to-date: /home/user/robo/sb-robot/microros_ws/install/micro_ros_msgs/include/micro_ros_msgs/micro_ros_msgs/msg/detail
[1.225s] -- Up-to-date: /home/user/robo/sb-robot/microros_ws/install/micro_ros_msgs/include/micro_ros_msgs/micro_ros_msgs/msg/detail/entity__builder.hpp
[1.225s] -- Up-to-date: /home/user/robo/sb-robot/microros_ws/install/micro_ros_msgs/include/micro_ros_msgs/micro_ros_msgs/msg/detail/entity__struct.hpp
[1.225s] -- Up-to-date: /home/user/robo/sb-robot/microros_ws/install/micro_ros_msgs/include/micro_ros_msgs/micro_ros_msgs/msg/detail/entity__type_support.hpp
[1.225s] -- Up-to-date: /home/user/robo/sb-robot/microros_ws/install/micro_ros_msgs/include/micro_ros_msgs/micro_ros_msgs/msg/detail/node__type_support.hpp
[1.225s] -- Up-to-date: /home/user/robo/sb-robot/microros_ws/install/micro_ros_msgs/include/micro_ros_msgs/micro_ros_msgs/msg/detail/graph__type_support.hpp
[1.225s] -- Up-to-date: /home/user/robo/sb-robot/microros_ws/install/micro_ros_msgs/include/micro_ros_msgs/micro_ros_msgs/msg/detail/graph__traits.hpp
[1.225s] -- Up-to-date: /home/user/robo/sb-robot/microros_ws/install/micro_ros_msgs/include/micro_ros_msgs/micro_ros_msgs/msg/detail/node__struct.hpp
[1.225s] -- Up-to-date: /home/user/robo/sb-robot/microros_ws/install/micro_ros_msgs/include/micro_ros_msgs/micro_ros_msgs/msg/detail/node__builder.hpp
[1.225s] -- Up-to-date: /home/user/robo/sb-robot/microros_ws/install/micro_ros_msgs/include/micro_ros_msgs/micro_ros_msgs/msg/detail/graph__builder.hpp
[1.225s] -- Up-to-date: /home/user/robo/sb-robot/microros_ws/install/micro_ros_msgs/include/micro_ros_msgs/micro_ros_msgs/msg/detail/entity__traits.hpp
[1.226s] -- Up-to-date: /home/user/robo/sb-robot/microros_ws/install/micro_ros_msgs/include/micro_ros_msgs/micro_ros_msgs/msg/detail/node__traits.hpp
[1.226s] -- Up-to-date: /home/user/robo/sb-robot/microros_ws/install/micro_ros_msgs/include/micro_ros_msgs/micro_ros_msgs/msg/detail/graph__struct.hpp
[1.226s] -- Up-to-date: /home/user/robo/sb-robot/microros_ws/install/micro_ros_msgs/include/micro_ros_msgs/micro_ros_msgs/msg/graph.hpp
[1.226s] -- Up-to-date: /home/user/robo/sb-robot/microros_ws/install/micro_ros_msgs/include/micro_ros_msgs
[1.226s] -- Up-to-date: /home/user/robo/sb-robot/microros_ws/install/micro_ros_msgs/include/micro_ros_msgs/msg
[1.226s] -- Up-to-date: /home/user/robo/sb-robot/microros_ws/install/micro_ros_msgs/include/micro_ros_msgs/msg/detail
[1.226s] -- Up-to-date: /home/user/robo/sb-robot/microros_ws/install/micro_ros_msgs/include/micro_ros_msgs/msg/detail/microxrcedds
[1.226s] -- Up-to-date: /home/user/robo/sb-robot/microros_ws/install/micro_ros_msgs/include/micro_ros_msgs/msg/detail/microxrcedds/entity__type_support_cpp.cpp
[1.226s] -- Up-to-date: /home/user/robo/sb-robot/microros_ws/install/micro_ros_msgs/include/micro_ros_msgs/msg/detail/microxrcedds/node__type_support_cpp.cpp
[1.226s] -- Up-to-date: /home/user/robo/sb-robot/microros_ws/install/micro_ros_msgs/include/micro_ros_msgs/msg/detail/microxrcedds/graph__type_support_cpp.cpp
[1.226s] -- Up-to-date: /home/user/robo/sb-robot/microros_ws/install/micro_ros_msgs/include/micro_ros_msgs/msg/detail/graph__rosidl_typesupport_microxrcedds_cpp.hpp
[1.226s] -- Up-to-date: /home/user/robo/sb-robot/microros_ws/install/micro_ros_msgs/include/micro_ros_msgs/msg/detail/node__rosidl_typesupport_microxrcedds_cpp.hpp
[1.226s] -- Up-to-date: /home/user/robo/sb-robot/microros_ws/install/micro_ros_msgs/include/micro_ros_msgs/msg/detail/entity__rosidl_typesupport_microxrcedds_cpp.hpp
[1.226s] -- Up-to-date: /home/user/robo/sb-robot/microros_ws/install/micro_ros_msgs/include/micro_ros_msgs/msg/rosidl_typesupport_microxrcedds_cpp__visibility_control.h
[1.226s] -- Up-to-date: /home/user/robo/sb-robot/microros_ws/install/micro_ros_msgs/lib/libmicro_ros_msgs__rosidl_typesupport_microxrcedds_cpp.so
[1.226s] -- Up-to-date: /home/user/robo/sb-robot/microros_ws/install/micro_ros_msgs/include/micro_ros_msgs/micro_ros_msgs
[1.227s] -- Up-to-date: /home/user/robo/sb-robot/microros_ws/install/micro_ros_msgs/include/micro_ros_msgs/micro_ros_msgs/msg
[1.227s] -- Up-to-date: /home/user/robo/sb-robot/microros_ws/install/micro_ros_msgs/include/micro_ros_msgs/micro_ros_msgs/msg/rosidl_typesupport_fastrtps_cpp__visibility_control.h
[1.227s] -- Up-to-date: /home/user/robo/sb-robot/microros_ws/install/micro_ros_msgs/include/micro_ros_msgs/micro_ros_msgs/msg/detail
[1.227s] -- Up-to-date: /home/user/robo/sb-robot/microros_ws/install/micro_ros_msgs/include/micro_ros_msgs/micro_ros_msgs/msg/detail/graph__rosidl_typesupport_fastrtps_cpp.hpp
[1.227s] -- Up-to-date: /home/user/robo/sb-robot/microros_ws/install/micro_ros_msgs/include/micro_ros_msgs/micro_ros_msgs/msg/detail/entity__rosidl_typesupport_fastrtps_cpp.hpp
[1.227s] -- Up-to-date: /home/user/robo/sb-robot/microros_ws/install/micro_ros_msgs/include/micro_ros_msgs/micro_ros_msgs/msg/detail/node__rosidl_typesupport_fastrtps_cpp.hpp
[1.227s] -- Up-to-date: /home/user/robo/sb-robot/microros_ws/install/micro_ros_msgs/include/micro_ros_msgs/micro_ros_msgs/msg/detail/dds_fastrtps
[1.227s] -- Up-to-date: /home/user/robo/sb-robot/microros_ws/install/micro_ros_msgs/lib/libmicro_ros_msgs__rosidl_typesupport_fastrtps_cpp.so
[1.227s] -- Up-to-date: /home/user/robo/sb-robot/microros_ws/install/micro_ros_msgs/include/micro_ros_msgs/micro_ros_msgs
[1.227s] -- Up-to-date: /home/user/robo/sb-robot/microros_ws/install/micro_ros_msgs/include/micro_ros_msgs/micro_ros_msgs/msg
[1.227s] -- Up-to-date: /home/user/robo/sb-robot/microros_ws/install/micro_ros_msgs/include/micro_ros_msgs/micro_ros_msgs/msg/detail
[1.227s] -- Up-to-date: /home/user/robo/sb-robot/microros_ws/install/micro_ros_msgs/include/micro_ros_msgs/micro_ros_msgs/msg/detail/node__rosidl_typesupport_introspection_cpp.hpp
[1.227s] -- Up-to-date: /home/user/robo/sb-robot/microros_ws/install/micro_ros_msgs/include/micro_ros_msgs/micro_ros_msgs/msg/detail/entity__type_support.cpp
[1.227s] -- Up-to-date: /home/user/robo/sb-robot/microros_ws/install/micro_ros_msgs/include/micro_ros_msgs/micro_ros_msgs/msg/detail/node__type_support.cpp
[1.227s] -- Up-to-date: /home/user/robo/sb-robot/microros_ws/install/micro_ros_msgs/include/micro_ros_msgs/micro_ros_msgs/msg/detail/entity__rosidl_typesupport_introspection_cpp.hpp
[1.227s] -- Up-to-date: /home/user/robo/sb-robot/microros_ws/install/micro_ros_msgs/include/micro_ros_msgs/micro_ros_msgs/msg/detail/graph__type_support.cpp
[1.227s] -- Up-to-date: /home/user/robo/sb-robot/microros_ws/install/micro_ros_msgs/include/micro_ros_msgs/micro_ros_msgs/msg/detail/graph__rosidl_typesupport_introspection_cpp.hpp
[1.228s] -- Up-to-date: /home/user/robo/sb-robot/microros_ws/install/micro_ros_msgs/lib/libmicro_ros_msgs__rosidl_typesupport_introspection_cpp.so
[1.228s] -- Up-to-date: /home/user/robo/sb-robot/microros_ws/install/micro_ros_msgs/lib/libmicro_ros_msgs__rosidl_typesupport_cpp.so
[1.228s] -- Up-to-date: /home/user/robo/sb-robot/microros_ws/install/micro_ros_msgs/share/micro_ros_msgs/environment/pythonpath.sh
[1.228s] -- Installing: /home/user/robo/sb-robot/microros_ws/install/micro_ros_msgs/share/micro_ros_msgs/environment/pythonpath.dsv
[1.228s] -- Up-to-date: /home/user/robo/sb-robot/microros_ws/install/micro_ros_msgs/local/lib/python3.10/dist-packages/micro_ros_msgs-3.0.1-py3.10.egg-info
[1.228s] -- Installing: /home/user/robo/sb-robot/microros_ws/install/micro_ros_msgs/local/lib/python3.10/dist-packages/micro_ros_msgs-3.0.1-py3.10.egg-info/top_level.txt
[1.228s] -- Installing: /home/user/robo/sb-robot/microros_ws/install/micro_ros_msgs/local/lib/python3.10/dist-packages/micro_ros_msgs-3.0.1-py3.10.egg-info/dependency_links.txt
[1.228s] -- Installing: /home/user/robo/sb-robot/microros_ws/install/micro_ros_msgs/local/lib/python3.10/dist-packages/micro_ros_msgs-3.0.1-py3.10.egg-info/PKG-INFO
[1.228s] -- Installing: /home/user/robo/sb-robot/microros_ws/install/micro_ros_msgs/local/lib/python3.10/dist-packages/micro_ros_msgs-3.0.1-py3.10.egg-info/SOURCES.txt
[1.228s] -- Up-to-date: /home/user/robo/sb-robot/microros_ws/install/micro_ros_msgs/local/lib/python3.10/dist-packages/micro_ros_msgs
[1.228s] -- Up-to-date: /home/user/robo/sb-robot/microros_ws/install/micro_ros_msgs/local/lib/python3.10/dist-packages/micro_ros_msgs/libmicro_ros_msgs__rosidl_generator_py.so
[1.228s] -- Up-to-date: /home/user/robo/sb-robot/microros_ws/install/micro_ros_msgs/local/lib/python3.10/dist-packages/micro_ros_msgs/_micro_ros_msgs_s.ep.rosidl_typesupport_fastrtps_c.c
[1.228s] -- Up-to-date: /home/user/robo/sb-robot/microros_ws/install/micro_ros_msgs/local/lib/python3.10/dist-packages/micro_ros_msgs/_micro_ros_msgs_s.ep.rosidl_typesupport_c.c
[1.228s] -- Up-to-date: /home/user/robo/sb-robot/microros_ws/install/micro_ros_msgs/local/lib/python3.10/dist-packages/micro_ros_msgs/_micro_ros_msgs_s.ep.rosidl_typesupport_introspection_c.c
[1.229s] -- Installing: /home/user/robo/sb-robot/microros_ws/install/micro_ros_msgs/local/lib/python3.10/dist-packages/micro_ros_msgs/__init__.py
[1.230s] -- Up-to-date: /home/user/robo/sb-robot/microros_ws/install/micro_ros_msgs/local/lib/python3.10/dist-packages/micro_ros_msgs/micro_ros_msgs_s__rosidl_typesupport_microxrcedds_c.cpython-310-x86_64-linux-gnu.so
[1.230s] -- Up-to-date: /home/user/robo/sb-robot/microros_ws/install/micro_ros_msgs/local/lib/python3.10/dist-packages/micro_ros_msgs/micro_ros_msgs_s__rosidl_typesupport_fastrtps_c.cpython-310-x86_64-linux-gnu.so
[1.230s] -- Up-to-date: /home/user/robo/sb-robot/microros_ws/install/micro_ros_msgs/local/lib/python3.10/dist-packages/micro_ros_msgs/micro_ros_msgs_s__rosidl_typesupport_c.cpython-310-x86_64-linux-gnu.so
[1.230s] -- Up-to-date: /home/user/robo/sb-robot/microros_ws/install/micro_ros_msgs/local/lib/python3.10/dist-packages/micro_ros_msgs/micro_ros_msgs_s__rosidl_typesupport_introspection_c.cpython-310-x86_64-linux-gnu.so
[1.230s] -- Up-to-date: /home/user/robo/sb-robot/microros_ws/install/micro_ros_msgs/local/lib/python3.10/dist-packages/micro_ros_msgs/msg
[1.230s] -- Up-to-date: /home/user/robo/sb-robot/microros_ws/install/micro_ros_msgs/local/lib/python3.10/dist-packages/micro_ros_msgs/msg/_entity.py
[1.230s] -- Up-to-date: /home/user/robo/sb-robot/microros_ws/install/micro_ros_msgs/local/lib/python3.10/dist-packages/micro_ros_msgs/msg/_node_s.c
[1.230s] -- Up-to-date: /home/user/robo/sb-robot/microros_ws/install/micro_ros_msgs/local/lib/python3.10/dist-packages/micro_ros_msgs/msg/_graph_s.c
[1.230s] -- Up-to-date: /home/user/robo/sb-robot/microros_ws/install/micro_ros_msgs/local/lib/python3.10/dist-packages/micro_ros_msgs/msg/_graph.py
[1.230s] -- Up-to-date: /home/user/robo/sb-robot/microros_ws/install/micro_ros_msgs/local/lib/python3.10/dist-packages/micro_ros_msgs/msg/__init__.py
[1.230s] -- Up-to-date: /home/user/robo/sb-robot/microros_ws/install/micro_ros_msgs/local/lib/python3.10/dist-packages/micro_ros_msgs/msg/_node.py
[1.230s] -- Up-to-date: /home/user/robo/sb-robot/microros_ws/install/micro_ros_msgs/local/lib/python3.10/dist-packages/micro_ros_msgs/msg/_entity_s.c
[1.230s] -- Up-to-date: /home/user/robo/sb-robot/microros_ws/install/micro_ros_msgs/local/lib/python3.10/dist-packages/micro_ros_msgs/_micro_ros_msgs_s.ep.rosidl_typesupport_microxrcedds_c.c
[1.256s] Listing '/home/user/robo/sb-robot/microros_ws/install/micro_ros_msgs/local/lib/python3.10/dist-packages/micro_ros_msgs'...
[1.256s] Compiling '/home/user/robo/sb-robot/microros_ws/install/micro_ros_msgs/local/lib/python3.10/dist-packages/micro_ros_msgs/__init__.py'...
[1.257s] Listing '/home/user/robo/sb-robot/microros_ws/install/micro_ros_msgs/local/lib/python3.10/dist-packages/micro_ros_msgs/msg'...
[1.259s] -- Up-to-date: /home/user/robo/sb-robot/microros_ws/install/micro_ros_msgs/local/lib/python3.10/dist-packages/micro_ros_msgs/micro_ros_msgs_s__rosidl_typesupport_microxrcedds_c.cpython-310-x86_64-linux-gnu.so
[1.260s] -- Up-to-date: /home/user/robo/sb-robot/microros_ws/install/micro_ros_msgs/local/lib/python3.10/dist-packages/micro_ros_msgs/micro_ros_msgs_s__rosidl_typesupport_fastrtps_c.cpython-310-x86_64-linux-gnu.so
[1.260s] -- Up-to-date: /home/user/robo/sb-robot/microros_ws/install/micro_ros_msgs/local/lib/python3.10/dist-packages/micro_ros_msgs/micro_ros_msgs_s__rosidl_typesupport_introspection_c.cpython-310-x86_64-linux-gnu.so
[1.260s] -- Up-to-date: /home/user/robo/sb-robot/microros_ws/install/micro_ros_msgs/local/lib/python3.10/dist-packages/micro_ros_msgs/micro_ros_msgs_s__rosidl_typesupport_c.cpython-310-x86_64-linux-gnu.so
[1.261s] -- Up-to-date: /home/user/robo/sb-robot/microros_ws/install/micro_ros_msgs/lib/libmicro_ros_msgs__rosidl_generator_py.so
[1.261s] -- Up-to-date: /home/user/robo/sb-robot/microros_ws/install/micro_ros_msgs/share/micro_ros_msgs/msg/Graph.idl
[1.261s] -- Up-to-date: /home/user/robo/sb-robot/microros_ws/install/micro_ros_msgs/share/micro_ros_msgs/msg/Node.idl
[1.261s] -- Up-to-date: /home/user/robo/sb-robot/microros_ws/install/micro_ros_msgs/share/micro_ros_msgs/msg/Entity.idl
[1.261s] -- Up-to-date: /home/user/robo/sb-robot/microros_ws/install/micro_ros_msgs/share/micro_ros_msgs/msg/Graph.msg
[1.261s] -- Up-to-date: /home/user/robo/sb-robot/microros_ws/install/micro_ros_msgs/share/micro_ros_msgs/msg/Node.msg
[1.261s] -- Up-to-date: /home/user/robo/sb-robot/microros_ws/install/micro_ros_msgs/share/micro_ros_msgs/msg/Entity.msg
[1.261s] -- Up-to-date: /home/user/robo/sb-robot/microros_ws/install/micro_ros_msgs/share/ament_index/resource_index/package_run_dependencies/micro_ros_msgs
[1.261s] -- Installing: /home/user/robo/sb-robot/microros_ws/install/micro_ros_msgs/share/ament_index/resource_index/parent_prefix_path/micro_ros_msgs
[1.261s] -- Up-to-date: /home/user/robo/sb-robot/microros_ws/install/micro_ros_msgs/share/micro_ros_msgs/environment/ament_prefix_path.sh
[1.262s] -- Installing: /home/user/robo/sb-robot/microros_ws/install/micro_ros_msgs/share/micro_ros_msgs/environment/ament_prefix_path.dsv
[1.262s] -- Up-to-date: /home/user/robo/sb-robot/microros_ws/install/micro_ros_msgs/share/micro_ros_msgs/environment/path.sh
[1.262s] -- Installing: /home/user/robo/sb-robot/microros_ws/install/micro_ros_msgs/share/micro_ros_msgs/environment/path.dsv
[1.262s] -- Up-to-date: /home/user/robo/sb-robot/microros_ws/install/micro_ros_msgs/share/micro_ros_msgs/local_setup.bash
[1.262s] -- Up-to-date: /home/user/robo/sb-robot/microros_ws/install/micro_ros_msgs/share/micro_ros_msgs/local_setup.sh
[1.262s] -- Up-to-date: /home/user/robo/sb-robot/microros_ws/install/micro_ros_msgs/share/micro_ros_msgs/local_setup.zsh
[1.262s] -- Installing: /home/user/robo/sb-robot/microros_ws/install/micro_ros_msgs/share/micro_ros_msgs/local_setup.dsv
[1.262s] -- Installing: /home/user/robo/sb-robot/microros_ws/install/micro_ros_msgs/share/micro_ros_msgs/package.dsv
[1.263s] -- Up-to-date: /home/user/robo/sb-robot/microros_ws/install/micro_ros_msgs/share/ament_index/resource_index/packages/micro_ros_msgs
[1.263s] -- Up-to-date: /home/user/robo/sb-robot/microros_ws/install/micro_ros_msgs/share/micro_ros_msgs/cmake/export_micro_ros_msgs__rosidl_generator_cExport.cmake
[1.263s] -- Up-to-date: /home/user/robo/sb-robot/microros_ws/install/micro_ros_msgs/share/micro_ros_msgs/cmake/export_micro_ros_msgs__rosidl_generator_cExport-noconfig.cmake
[1.263s] -- Up-to-date: /home/user/robo/sb-robot/microros_ws/install/micro_ros_msgs/share/micro_ros_msgs/cmake/export_micro_ros_msgs__rosidl_typesupport_fastrtps_cExport.cmake
[1.263s] -- Up-to-date: /home/user/robo/sb-robot/microros_ws/install/micro_ros_msgs/share/micro_ros_msgs/cmake/export_micro_ros_msgs__rosidl_typesupport_fastrtps_cExport-noconfig.cmake
[1.263s] -- Up-to-date: /home/user/robo/sb-robot/microros_ws/install/micro_ros_msgs/share/micro_ros_msgs/cmake/micro_ros_msgs__rosidl_typesupport_introspection_cExport.cmake
[1.263s] -- Up-to-date: /home/user/robo/sb-robot/microros_ws/install/micro_ros_msgs/share/micro_ros_msgs/cmake/micro_ros_msgs__rosidl_typesupport_introspection_cExport-noconfig.cmake
[1.263s] -- Up-to-date: /home/user/robo/sb-robot/microros_ws/install/micro_ros_msgs/share/micro_ros_msgs/cmake/micro_ros_msgs__rosidl_typesupport_cExport.cmake
[1.263s] -- Up-to-date: /home/user/robo/sb-robot/microros_ws/install/micro_ros_msgs/share/micro_ros_msgs/cmake/micro_ros_msgs__rosidl_typesupport_cExport-noconfig.cmake
[1.264s] -- Up-to-date: /home/user/robo/sb-robot/microros_ws/install/micro_ros_msgs/share/micro_ros_msgs/cmake/export_micro_ros_msgs__rosidl_generator_cppExport.cmake
[1.264s] -- Up-to-date: /home/user/robo/sb-robot/microros_ws/install/micro_ros_msgs/share/micro_ros_msgs/cmake/export_micro_ros_msgs__rosidl_typesupport_fastrtps_cppExport.cmake
[1.264s] -- Up-to-date: /home/user/robo/sb-robot/microros_ws/install/micro_ros_msgs/share/micro_ros_msgs/cmake/export_micro_ros_msgs__rosidl_typesupport_fastrtps_cppExport-noconfig.cmake
[1.264s] -- Up-to-date: /home/user/robo/sb-robot/microros_ws/install/micro_ros_msgs/share/micro_ros_msgs/cmake/micro_ros_msgs__rosidl_typesupport_introspection_cppExport.cmake
[1.264s] -- Up-to-date: /home/user/robo/sb-robot/microros_ws/install/micro_ros_msgs/share/micro_ros_msgs/cmake/micro_ros_msgs__rosidl_typesupport_introspection_cppExport-noconfig.cmake
[1.264s] -- Up-to-date: /home/user/robo/sb-robot/microros_ws/install/micro_ros_msgs/share/micro_ros_msgs/cmake/micro_ros_msgs__rosidl_typesupport_cppExport.cmake
[1.264s] -- Up-to-date: /home/user/robo/sb-robot/microros_ws/install/micro_ros_msgs/share/micro_ros_msgs/cmake/micro_ros_msgs__rosidl_typesupport_cppExport-noconfig.cmake
[1.264s] -- Up-to-date: /home/user/robo/sb-robot/microros_ws/install/micro_ros_msgs/share/micro_ros_msgs/cmake/export_micro_ros_msgs__rosidl_generator_pyExport.cmake
[1.264s] -- Up-to-date: /home/user/robo/sb-robot/microros_ws/install/micro_ros_msgs/share/micro_ros_msgs/cmake/export_micro_ros_msgs__rosidl_generator_pyExport-noconfig.cmake
[1.264s] -- Up-to-date: /home/user/robo/sb-robot/microros_ws/install/micro_ros_msgs/share/micro_ros_msgs/cmake/rosidl_cmake-extras.cmake
[1.264s] -- Up-to-date: /home/user/robo/sb-robot/microros_ws/install/micro_ros_msgs/share/micro_ros_msgs/cmake/ament_cmake_export_include_directories-extras.cmake
[1.264s] -- Up-to-date: /home/user/robo/sb-robot/microros_ws/install/micro_ros_msgs/share/micro_ros_msgs/cmake/ament_cmake_export_libraries-extras.cmake
[1.264s] -- Up-to-date: /home/user/robo/sb-robot/microros_ws/install/micro_ros_msgs/share/micro_ros_msgs/cmake/ament_cmake_export_targets-extras.cmake
[1.264s] -- Up-to-date: /home/user/robo/sb-robot/microros_ws/install/micro_ros_msgs/share/micro_ros_msgs/cmake/rosidl_cmake_export_typesupport_targets-extras.cmake
[1.264s] -- Up-to-date: /home/user/robo/sb-robot/microros_ws/install/micro_ros_msgs/share/micro_ros_msgs/cmake/ament_cmake_export_dependencies-extras.cmake
[1.264s] -- Up-to-date: /home/user/robo/sb-robot/microros_ws/install/micro_ros_msgs/share/micro_ros_msgs/cmake/rosidl_cmake_export_typesupport_libraries-extras.cmake
[1.264s] -- Up-to-date: /home/user/robo/sb-robot/microros_ws/install/micro_ros_msgs/share/micro_ros_msgs/cmake/micro_ros_msgsConfig.cmake
[1.264s] -- Up-to-date: /home/user/robo/sb-robot/microros_ws/install/micro_ros_msgs/share/micro_ros_msgs/cmake/micro_ros_msgsConfig-version.cmake
[1.264s] -- Up-to-date: /home/user/robo/sb-robot/microros_ws/install/micro_ros_msgs/share/micro_ros_msgs/package.xml
[1.266s] Invoked command in '/home/user/robo/sb-robot/microros_ws/build/micro_ros_msgs' returned '0': CMAKE_PREFIX_PATH=${CMAKE_PREFIX_PATH}:/home/user/robo/sb-robot/microros_ws/install/sensor_msgs_py:/opt/ros/humble /usr/bin/cmake --install /home/user/robo/sb-robot/microros_ws/build/micro_ros_msgs
