-- Found ament_cmake: 1.3.11 (/opt/ros/humble/share/ament_cmake/cmake)
-- Override CMake install command with custom implementation using symlinks instead of copying resources
-- Found rclcpp: 16.0.11 (/opt/ros/humble/share/rclcpp/cmake)
-- Found rosidl_generator_c: 3.1.6 (/opt/ros/humble/share/rosidl_generator_c/cmake)
-- Found rosidl_adapter: 3.1.6 (/opt/ros/humble/share/rosidl_adapter/cmake)
-- Found rosidl_generator_cpp: 3.1.6 (/opt/ros/humble/share/rosidl_generator_cpp/cmake)
-- Using all available rosidl_typesupport_c: rosidl_typesupport_fastrtps_c;rosidl_typesupport_introspection_c
-- Using all available rosidl_typesupport_cpp: rosidl_typesupport_fastrtps_cpp;rosidl_typesupport_introspection_cpp
-- Found rmw_implementation_cmake: 6.1.2 (/opt/ros/humble/share/rmw_implementation_cmake/cmake)
-- Found rmw_fastrtps_cpp: 6.2.7 (/opt/ros/humble/share/rmw_fastrtps_cpp/cmake)
-- Using RMW implementation 'rmw_fastrtps_cpp' as default
-- Found hardware_interface: 2.48.0 (/opt/ros/humble/share/hardware_interface/cmake)
-- Configuring done
-- Generating done
-- Build files have been written to: /home/user/robo/sb-robot/ros_ws/build/ws_hw_interface
[35m[1mConsolidate compiler generated dependencies of target ws_hw_interface[0m
[100%] Built target ws_hw_interface
-- Install configuration: ""
-- Execute custom install script
-- Up-to-date symlink: /home/user/robo/sb-robot/ros_ws/install/ws_hw_interface/share/ws_hw_interface//ws_hw_interface.xml
-- Up-to-date symlink: /home/user/robo/sb-robot/ros_ws/install/ws_hw_interface/lib/libws_hw_interface.so
-- Up-to-date symlink: /home/user/robo/sb-robot/ros_ws/install/ws_hw_interface/include//ws_hw_interface/sb_system.hpp
-- Up-to-date symlink: /home/user/robo/sb-robot/ros_ws/install/ws_hw_interface/include//ws_hw_interface/wheel.hpp
-- Up-to-date symlink: /home/user/robo/sb-robot/ros_ws/install/ws_hw_interface/include//ws_hw_interface/ws_driver.hpp
-- Up-to-date symlink: /home/user/robo/sb-robot/ros_ws/install/ws_hw_interface/include//ws_hw_interface/ws_driver.hpp_
-- Up-to-date symlink: /home/user/robo/sb-robot/ros_ws/install/ws_hw_interface/share/ws_hw_interface/ws_hw_interface.xml
-- Symlinking: /home/user/robo/sb-robot/ros_ws/install/ws_hw_interface/share/ament_index/resource_index/package_run_dependencies/ws_hw_interface
-- Symlinking: /home/user/robo/sb-robot/ros_ws/install/ws_hw_interface/share/ament_index/resource_index/parent_prefix_path/ws_hw_interface
-- Symlinking: /home/user/robo/sb-robot/ros_ws/install/ws_hw_interface/share/ws_hw_interface/environment/ament_prefix_path.sh
-- Symlinking: /home/user/robo/sb-robot/ros_ws/install/ws_hw_interface/share/ws_hw_interface/environment/ament_prefix_path.dsv
-- Symlinking: /home/user/robo/sb-robot/ros_ws/install/ws_hw_interface/share/ws_hw_interface/environment/path.sh
-- Symlinking: /home/user/robo/sb-robot/ros_ws/install/ws_hw_interface/share/ws_hw_interface/environment/path.dsv
-- Symlinking: /home/user/robo/sb-robot/ros_ws/install/ws_hw_interface/share/ws_hw_interface/local_setup.bash
-- Symlinking: /home/user/robo/sb-robot/ros_ws/install/ws_hw_interface/share/ws_hw_interface/local_setup.sh
-- Symlinking: /home/user/robo/sb-robot/ros_ws/install/ws_hw_interface/share/ws_hw_interface/local_setup.zsh
-- Symlinking: /home/user/robo/sb-robot/ros_ws/install/ws_hw_interface/share/ws_hw_interface/local_setup.dsv
-- Symlinking: /home/user/robo/sb-robot/ros_ws/install/ws_hw_interface/share/ws_hw_interface/package.dsv
-- Symlinking: /home/user/robo/sb-robot/ros_ws/install/ws_hw_interface/share/ament_index/resource_index/packages/ws_hw_interface
-- Symlinking: /home/user/robo/sb-robot/ros_ws/install/ws_hw_interface/share/ament_index/resource_index/hardware_interface__pluginlib__plugin/ws_hw_interface
-- Symlinking: /home/user/robo/sb-robot/ros_ws/install/ws_hw_interface/share/ws_hw_interface/cmake/ws_hw_interfaceConfig.cmake
-- Symlinking: /home/user/robo/sb-robot/ros_ws/install/ws_hw_interface/share/ws_hw_interface/cmake/ws_hw_interfaceConfig-version.cmake
-- Symlinking: /home/user/robo/sb-robot/ros_ws/install/ws_hw_interface/share/ws_hw_interface/package.xml
