[0.005s] Invoking command in '/home/user/robo/sb-robot/ros_ws/build/ws_hw_interface': CMAKE_PREFIX_PATH=/opt/ros/humble /usr/bin/cmake --build /home/user/robo/sb-robot/ros_ws/build/ws_hw_interface -- -j20 -l20
[0.022s] -- Found ament_cmake: 1.3.11 (/opt/ros/humble/share/ament_cmake/cmake)
[0.096s] -- Override CMake install command with custom implementation using symlinks instead of copying resources
[0.100s] -- Found rclcpp: 16.0.11 (/opt/ros/humble/share/rclcpp/cmake)
[0.115s] -- Found rosidl_generator_c: 3.1.6 (/opt/ros/humble/share/rosidl_generator_c/cmake)
[0.117s] -- Found rosidl_adapter: 3.1.6 (/opt/ros/humble/share/rosidl_adapter/cmake)
[0.120s] -- Found rosidl_generator_cpp: 3.1.6 (/opt/ros/humble/share/rosidl_generator_cpp/cmake)
[0.128s] -- Using all available rosidl_typesupport_c: rosidl_typesupport_fastrtps_c;rosidl_typesupport_introspection_c
[0.135s] -- Using all available rosidl_typesupport_cpp: rosidl_typesupport_fastrtps_cpp;rosidl_typesupport_introspection_cpp
[0.152s] -- Found rmw_implementation_cmake: 6.1.2 (/opt/ros/humble/share/rmw_implementation_cmake/cmake)
[0.153s] -- Found rmw_fastrtps_cpp: 6.2.7 (/opt/ros/humble/share/rmw_fastrtps_cpp/cmake)
[0.214s] -- Using RMW implementation 'rmw_fastrtps_cpp' as default
[0.240s] -- Found hardware_interface: 2.48.0 (/opt/ros/humble/share/hardware_interface/cmake)
[0.351s] -- Configuring done
[0.362s] -- Generating done
[0.364s] -- Build files have been written to: /home/user/robo/sb-robot/ros_ws/build/ws_hw_interface
[0.386s] [35m[1mConsolidate compiler generated dependencies of target ws_hw_interface[0m
[0.407s] [100%] Built target ws_hw_interface
[0.414s] Invoked command in '/home/user/robo/sb-robot/ros_ws/build/ws_hw_interface' returned '0': CMAKE_PREFIX_PATH=/opt/ros/humble /usr/bin/cmake --build /home/user/robo/sb-robot/ros_ws/build/ws_hw_interface -- -j20 -l20
[0.415s] Invoking command in '/home/user/robo/sb-robot/ros_ws/build/ws_hw_interface': CMAKE_PREFIX_PATH=/opt/ros/humble /usr/bin/cmake --install /home/user/robo/sb-robot/ros_ws/build/ws_hw_interface
[0.420s] -- Install configuration: ""
[0.421s] -- Execute custom install script
[0.421s] -- Up-to-date symlink: /home/user/robo/sb-robot/ros_ws/install/ws_hw_interface/share/ws_hw_interface//ws_hw_interface.xml
[0.421s] -- Up-to-date symlink: /home/user/robo/sb-robot/ros_ws/install/ws_hw_interface/lib/libws_hw_interface.so
[0.421s] -- Up-to-date symlink: /home/user/robo/sb-robot/ros_ws/install/ws_hw_interface/include//ws_hw_interface/sb_system.hpp
[0.421s] -- Up-to-date symlink: /home/user/robo/sb-robot/ros_ws/install/ws_hw_interface/include//ws_hw_interface/wheel.hpp
[0.421s] -- Up-to-date symlink: /home/user/robo/sb-robot/ros_ws/install/ws_hw_interface/include//ws_hw_interface/ws_driver.hpp
[0.421s] -- Up-to-date symlink: /home/user/robo/sb-robot/ros_ws/install/ws_hw_interface/include//ws_hw_interface/ws_driver.hpp_
[0.421s] -- Up-to-date symlink: /home/user/robo/sb-robot/ros_ws/install/ws_hw_interface/share/ws_hw_interface/ws_hw_interface.xml
[0.421s] -- Symlinking: /home/user/robo/sb-robot/ros_ws/install/ws_hw_interface/share/ament_index/resource_index/package_run_dependencies/ws_hw_interface
[0.428s] -- Symlinking: /home/user/robo/sb-robot/ros_ws/install/ws_hw_interface/share/ament_index/resource_index/parent_prefix_path/ws_hw_interface
[0.434s] -- Symlinking: /home/user/robo/sb-robot/ros_ws/install/ws_hw_interface/share/ws_hw_interface/environment/ament_prefix_path.sh
[0.441s] -- Symlinking: /home/user/robo/sb-robot/ros_ws/install/ws_hw_interface/share/ws_hw_interface/environment/ament_prefix_path.dsv
[0.449s] -- Symlinking: /home/user/robo/sb-robot/ros_ws/install/ws_hw_interface/share/ws_hw_interface/environment/path.sh
[0.458s] -- Symlinking: /home/user/robo/sb-robot/ros_ws/install/ws_hw_interface/share/ws_hw_interface/environment/path.dsv
[0.468s] -- Symlinking: /home/user/robo/sb-robot/ros_ws/install/ws_hw_interface/share/ws_hw_interface/local_setup.bash
[0.479s] -- Symlinking: /home/user/robo/sb-robot/ros_ws/install/ws_hw_interface/share/ws_hw_interface/local_setup.sh
[0.490s] -- Symlinking: /home/user/robo/sb-robot/ros_ws/install/ws_hw_interface/share/ws_hw_interface/local_setup.zsh
[0.499s] -- Symlinking: /home/user/robo/sb-robot/ros_ws/install/ws_hw_interface/share/ws_hw_interface/local_setup.dsv
[0.508s] -- Symlinking: /home/user/robo/sb-robot/ros_ws/install/ws_hw_interface/share/ws_hw_interface/package.dsv
[0.513s] -- Symlinking: /home/user/robo/sb-robot/ros_ws/install/ws_hw_interface/share/ament_index/resource_index/packages/ws_hw_interface
[0.519s] -- Symlinking: /home/user/robo/sb-robot/ros_ws/install/ws_hw_interface/share/ament_index/resource_index/hardware_interface__pluginlib__plugin/ws_hw_interface
[0.525s] -- Symlinking: /home/user/robo/sb-robot/ros_ws/install/ws_hw_interface/share/ws_hw_interface/cmake/ws_hw_interfaceConfig.cmake
[0.531s] -- Symlinking: /home/user/robo/sb-robot/ros_ws/install/ws_hw_interface/share/ws_hw_interface/cmake/ws_hw_interfaceConfig-version.cmake
[0.538s] -- Symlinking: /home/user/robo/sb-robot/ros_ws/install/ws_hw_interface/share/ws_hw_interface/package.xml
[0.544s] Invoked command in '/home/user/robo/sb-robot/ros_ws/build/ws_hw_interface' returned '0': CMAKE_PREFIX_PATH=/opt/ros/humble /usr/bin/cmake --install /home/user/robo/sb-robot/ros_ws/build/ws_hw_interface
