-- The C compiler identification is GNU 11.4.0
-- The CXX compiler identification is GNU 11.4.0
-- Detecting C compiler ABI info
-- Detecting C compiler ABI info - done
-- Check for working C compiler: /usr/bin/cc - skipped
-- Detecting C compile features
-- Detecting C compile features - done
-- Detecting CXX compiler ABI info
-- Detecting CXX compiler ABI info - done
-- Check for working CXX compiler: /usr/bin/c++ - skipped
-- Detecting CXX compile features
-- Detecting CXX compile features - done
-- Found ament_cmake: 1.3.11 (/opt/ros/humble/share/ament_cmake/cmake)
-- Found Python3: /usr/bin/python3 (found version "3.10.12") found components: Interpreter 
-- Found rcl: 5.3.9 (/opt/ros/humble/share/rcl/cmake)
-- Found rosidl_generator_c: 3.1.6 (/opt/ros/humble/share/rosidl_generator_c/cmake)
-- Found rosidl_adapter: 3.1.6 (/opt/ros/humble/share/rosidl_adapter/cmake)
-- Found rosidl_generator_cpp: 3.1.6 (/opt/ros/humble/share/rosidl_generator_cpp/cmake)
-- Using all available rosidl_typesupport_c: rosidl_typesupport_microxrcedds_c;rosidl_typesupport_fastrtps_c;rosidl_typesupport_introspection_c
-- Using all available rosidl_typesupport_cpp: rosidl_typesupport_microxrcedds_cpp;rosidl_typesupport_fastrtps_cpp;rosidl_typesupport_introspection_cpp
-- Found rmw_implementation_cmake: 6.1.2 (/opt/ros/humble/share/rmw_implementation_cmake/cmake)
-- Found rmw_microxrcedds: 3.0.3 (/home/user/robo/sb-robot/microros_ws/src/install/rmw_microxrcedds/share/rmw_microxrcedds/cmake)
-- Using RMW implementation 'rmw_microxrcedds' as default
-- Looking for pthread.h
-- Looking for pthread.h - found
-- Performing Test CMAKE_HAVE_LIBC_PTHREAD
-- Performing Test CMAKE_HAVE_LIBC_PTHREAD - Success
-- Found Threads: TRUE  
-- Found rclc: 4.0.2 (/home/user/robo/sb-robot/microros_ws/install/rclc/share/rclc/cmake)
-- Found rclcpp: 16.0.11 (/opt/ros/humble/share/rclcpp/cmake)
-- Found ament_cmake_gtest: 1.3.11 (/opt/ros/humble/share/ament_cmake_gtest/cmake)
-- Found ament_lint_auto: 0.12.11 (/opt/ros/humble/share/ament_lint_auto/cmake)
-- Found example_interfaces: 0.9.3 (/home/user/robo/sb-robot/microros_ws/install/example_interfaces/share/example_interfaces/cmake)
-- Found gtest sources under '/opt/ros/humble/src/gtest_vendor': C++ tests using 'Google Test' will be built
-- Added test 'cppcheck' to perform static code analysis on C / C++ code
-- Configured cppcheck include dirs: $<BUILD_INTERFACE:/home/user/robo/sb-robot/microros_ws/src/uros/rclc/rclc_parameter/include>;$<BUILD_INTERFACE:/home/user/robo/sb-robot/microros_ws/src/uros/rclc/rclc_parameter/src>;/home/user/robo/sb-robot/microros_ws/src/uros/rclc/rclc_parameter/include;/home/user/robo/sb-robot/microros_ws/src/uros/rclc/rclc_parameter/src
-- Configured cppcheck exclude dirs and/or files: 
-- Added test 'cpplint' to check C / C++ code against the Google style
-- Configured cpplint exclude dirs and/or files: 
-- Added test 'lint_cmake' to check CMake code style
-- Added test 'uncrustify' to check C / C++ code style
-- Configured uncrustify additional arguments: 
-- Added test 'xmllint' to check XML markup files
-- Configuring done
-- Generating done
-- Build files have been written to: /home/user/robo/sb-robot/microros_ws/build/rclc_parameter
/usr/bin/cmake -S/home/user/robo/sb-robot/microros_ws/src/uros/rclc/rclc_parameter -B/home/user/robo/sb-robot/microros_ws/build/rclc_parameter --check-build-system CMakeFiles/Makefile.cmake 0
/usr/bin/cmake -E cmake_progress_start /home/user/robo/sb-robot/microros_ws/build/rclc_parameter/CMakeFiles /home/user/robo/sb-robot/microros_ws/build/rclc_parameter//CMakeFiles/progress.marks
/usr/bin/gmake  -f CMakeFiles/Makefile2 all
gmake[1]: Entering directory '/home/user/robo/sb-robot/microros_ws/build/rclc_parameter'
/usr/bin/gmake  -f CMakeFiles/rclc_parameter.dir/build.make CMakeFiles/rclc_parameter.dir/depend
gmake[2]: Entering directory '/home/user/robo/sb-robot/microros_ws/build/rclc_parameter'
/usr/bin/gmake  -f gtest/CMakeFiles/gtest_main.dir/build.make gtest/CMakeFiles/gtest_main.dir/depend
/usr/bin/gmake  -f gtest/CMakeFiles/gtest.dir/build.make gtest/CMakeFiles/gtest.dir/depend
gmake[2]: Entering directory '/home/user/robo/sb-robot/microros_ws/build/rclc_parameter'
cd /home/user/robo/sb-robot/microros_ws/build/rclc_parameter && /usr/bin/cmake -E cmake_depends "Unix Makefiles" /home/user/robo/sb-robot/microros_ws/src/uros/rclc/rclc_parameter /opt/ros/humble/src/gtest_vendor /home/user/robo/sb-robot/microros_ws/build/rclc_parameter /home/user/robo/sb-robot/microros_ws/build/rclc_parameter/gtest /home/user/robo/sb-robot/microros_ws/build/rclc_parameter/gtest/CMakeFiles/gtest.dir/DependInfo.cmake --color=
gmake[2]: Entering directory '/home/user/robo/sb-robot/microros_ws/build/rclc_parameter'
cd /home/user/robo/sb-robot/microros_ws/build/rclc_parameter && /usr/bin/cmake -E cmake_depends "Unix Makefiles" /home/user/robo/sb-robot/microros_ws/src/uros/rclc/rclc_parameter /opt/ros/humble/src/gtest_vendor /home/user/robo/sb-robot/microros_ws/build/rclc_parameter /home/user/robo/sb-robot/microros_ws/build/rclc_parameter/gtest /home/user/robo/sb-robot/microros_ws/build/rclc_parameter/gtest/CMakeFiles/gtest_main.dir/DependInfo.cmake --color=
cd /home/user/robo/sb-robot/microros_ws/build/rclc_parameter && /usr/bin/cmake -E cmake_depends "Unix Makefiles" /home/user/robo/sb-robot/microros_ws/src/uros/rclc/rclc_parameter /home/user/robo/sb-robot/microros_ws/src/uros/rclc/rclc_parameter /home/user/robo/sb-robot/microros_ws/build/rclc_parameter /home/user/robo/sb-robot/microros_ws/build/rclc_parameter /home/user/robo/sb-robot/microros_ws/build/rclc_parameter/CMakeFiles/rclc_parameter.dir/DependInfo.cmake --color=
gmake[2]: Leaving directory '/home/user/robo/sb-robot/microros_ws/build/rclc_parameter'
/usr/bin/gmake  -f gtest/CMakeFiles/gtest_main.dir/build.make gtest/CMakeFiles/gtest_main.dir/build
gmake[2]: Entering directory '/home/user/robo/sb-robot/microros_ws/build/rclc_parameter'
gmake[2]: Leaving directory '/home/user/robo/sb-robot/microros_ws/build/rclc_parameter'
/usr/bin/gmake  -f CMakeFiles/rclc_parameter.dir/build.make CMakeFiles/rclc_parameter.dir/build
gmake[2]: Leaving directory '/home/user/robo/sb-robot/microros_ws/build/rclc_parameter'
/usr/bin/gmake  -f gtest/CMakeFiles/gtest.dir/build.make gtest/CMakeFiles/gtest.dir/build
gmake[2]: Entering directory '/home/user/robo/sb-robot/microros_ws/build/rclc_parameter'
gmake[2]: Entering directory '/home/user/robo/sb-robot/microros_ws/build/rclc_parameter'
[ 22%] [32mBuilding CXX object gtest/CMakeFiles/gtest_main.dir/src/gtest_main.cc.o[0m
[ 22%] [32mBuilding C object CMakeFiles/rclc_parameter.dir/src/rclc_parameter/parameter_server.c.o[0m
cd /home/user/robo/sb-robot/microros_ws/build/rclc_parameter/gtest && /usr/bin/c++ -DRCLC_PARAMETER_MAX_STRING_LENGTH=50 -I/opt/ros/humble/src/gtest_vendor/. -isystem /opt/ros/humble/src/gtest_vendor/include -Wall -Wextra -Wpedantic -std=gnu++14 -MD -MT gtest/CMakeFiles/gtest_main.dir/src/gtest_main.cc.o -MF CMakeFiles/gtest_main.dir/src/gtest_main.cc.o.d -o CMakeFiles/gtest_main.dir/src/gtest_main.cc.o -c /opt/ros/humble/src/gtest_vendor/src/gtest_main.cc
/usr/bin/cc -DDEFAULT_RMW_IMPLEMENTATION=rmw_fastrtps_cpp -DRCLC_PARAMETER_BUILDING_LIBRARY -DRCLC_PARAMETER_MAX_STRING_LENGTH=50 -DRCUTILS_ENABLE_FAULT_INJECTION -I/home/user/robo/sb-robot/microros_ws/src/uros/rclc/rclc_parameter/include -I/home/user/robo/sb-robot/microros_ws/src/uros/rclc/rclc_parameter/src -isystem /home/user/robo/sb-robot/microros_ws/install/rclc/include -isystem /home/user/robo/sb-robot/microros_ws/install/rcl_interfaces/include/rcl_interfaces -isystem /home/user/robo/sb-robot/microros_ws/install/builtin_interfaces/include/builtin_interfaces -isystem /opt/ros/humble/include/rcl -isystem /opt/ros/humble/include/rosidl_typesupport_interface -isystem /opt/ros/humble/include/rcutils -isystem /opt/ros/humble/include/rosidl_runtime_c -isystem /opt/ros/humble/include/fastcdr -isystem /opt/ros/humble/include/rosidl_runtime_cpp -isystem /opt/ros/humble/include/rosidl_typesupport_fastrtps_cpp -isystem /opt/ros/humble/include/rmw -isystem /opt/ros/humble/include/rosidl_typesupport_fastrtps_c -isystem /opt/ros/humble/include/rosidl_typesupport_introspection_c -isystem /opt/ros/humble/include/rosidl_typesupport_introspection_cpp -isystem /opt/ros/humble/include/rcl_logging_interface -isystem /opt/ros/humble/include/rcl_yaml_param_parser -isystem /opt/ros/humble/include/libyaml_vendor -isystem /opt/ros/humble/include/tracetools -isystem /opt/ros/humble/include/rcl_action -isystem /home/user/robo/sb-robot/microros_ws/install/action_msgs/include/action_msgs -isystem /home/user/robo/sb-robot/microros_ws/install/unique_identifier_msgs/include/unique_identifier_msgs -Wall -Wextra -Wpedantic -std=gnu11 -MD -MT CMakeFiles/rclc_parameter.dir/src/rclc_parameter/parameter_server.c.o -MF CMakeFiles/rclc_parameter.dir/src/rclc_parameter/parameter_server.c.o.d -o CMakeFiles/rclc_parameter.dir/src/rclc_parameter/parameter_server.c.o -c /home/user/robo/sb-robot/microros_ws/src/uros/rclc/rclc_parameter/src/rclc_parameter/parameter_server.c
[ 33%] [32mBuilding C object CMakeFiles/rclc_parameter.dir/src/rclc_parameter/parameter_utils.c.o[0m
/usr/bin/cc -DDEFAULT_RMW_IMPLEMENTATION=rmw_fastrtps_cpp -DRCLC_PARAMETER_BUILDING_LIBRARY -DRCLC_PARAMETER_MAX_STRING_LENGTH=50 -DRCUTILS_ENABLE_FAULT_INJECTION -I/home/user/robo/sb-robot/microros_ws/src/uros/rclc/rclc_parameter/include -I/home/user/robo/sb-robot/microros_ws/src/uros/rclc/rclc_parameter/src -isystem /home/user/robo/sb-robot/microros_ws/install/rclc/include -isystem /home/user/robo/sb-robot/microros_ws/install/rcl_interfaces/include/rcl_interfaces -isystem /home/user/robo/sb-robot/microros_ws/install/builtin_interfaces/include/builtin_interfaces -isystem /opt/ros/humble/include/rcl -isystem /opt/ros/humble/include/rosidl_typesupport_interface -isystem /opt/ros/humble/include/rcutils -isystem /opt/ros/humble/include/rosidl_runtime_c -isystem /opt/ros/humble/include/fastcdr -isystem /opt/ros/humble/include/rosidl_runtime_cpp -isystem /opt/ros/humble/include/rosidl_typesupport_fastrtps_cpp -isystem /opt/ros/humble/include/rmw -isystem /opt/ros/humble/include/rosidl_typesupport_fastrtps_c -isystem /opt/ros/humble/include/rosidl_typesupport_introspection_c -isystem /opt/ros/humble/include/rosidl_typesupport_introspection_cpp -isystem /opt/ros/humble/include/rcl_logging_interface -isystem /opt/ros/humble/include/rcl_yaml_param_parser -isystem /opt/ros/humble/include/libyaml_vendor -isystem /opt/ros/humble/include/tracetools -isystem /opt/ros/humble/include/rcl_action -isystem /home/user/robo/sb-robot/microros_ws/install/action_msgs/include/action_msgs -isystem /home/user/robo/sb-robot/microros_ws/install/unique_identifier_msgs/include/unique_identifier_msgs -Wall -Wextra -Wpedantic -std=gnu11 -MD -MT CMakeFiles/rclc_parameter.dir/src/rclc_parameter/parameter_utils.c.o -MF CMakeFiles/rclc_parameter.dir/src/rclc_parameter/parameter_utils.c.o.d -o CMakeFiles/rclc_parameter.dir/src/rclc_parameter/parameter_utils.c.o -c /home/user/robo/sb-robot/microros_ws/src/uros/rclc/rclc_parameter/src/rclc_parameter/parameter_utils.c
[ 44%] [32mBuilding CXX object gtest/CMakeFiles/gtest.dir/src/gtest-all.cc.o[0m
cd /home/user/robo/sb-robot/microros_ws/build/rclc_parameter/gtest && /usr/bin/c++ -DRCLC_PARAMETER_MAX_STRING_LENGTH=50 -I/opt/ros/humble/src/gtest_vendor/. -isystem /opt/ros/humble/src/gtest_vendor/include -fPIC -Wno-missing-field-initializers -Wall -Wextra -Wpedantic -Wno-null-dereference -std=gnu++14 -MD -MT gtest/CMakeFiles/gtest.dir/src/gtest-all.cc.o -MF CMakeFiles/gtest.dir/src/gtest-all.cc.o.d -o CMakeFiles/gtest.dir/src/gtest-all.cc.o -c /opt/ros/humble/src/gtest_vendor/src/gtest-all.cc
[ 55%] [32m[1mLinking C static library librclc_parameter.a[0m
/usr/bin/cmake -P CMakeFiles/rclc_parameter.dir/cmake_clean_target.cmake
/usr/bin/cmake -E cmake_link_script CMakeFiles/rclc_parameter.dir/link.txt --verbose=1
/usr/bin/ar qc librclc_parameter.a CMakeFiles/rclc_parameter.dir/src/rclc_parameter/parameter_server.c.o CMakeFiles/rclc_parameter.dir/src/rclc_parameter/parameter_utils.c.o
/usr/bin/ranlib librclc_parameter.a
gmake[2]: Leaving directory '/home/user/robo/sb-robot/microros_ws/build/rclc_parameter'
[ 55%] Built target rclc_parameter
[ 66%] [32m[1mLinking CXX static library libgtest_main.a[0m
cd /home/user/robo/sb-robot/microros_ws/build/rclc_parameter/gtest && /usr/bin/cmake -P CMakeFiles/gtest_main.dir/cmake_clean_target.cmake
cd /home/user/robo/sb-robot/microros_ws/build/rclc_parameter/gtest && /usr/bin/cmake -E cmake_link_script CMakeFiles/gtest_main.dir/link.txt --verbose=1
/usr/bin/ar qc libgtest_main.a CMakeFiles/gtest_main.dir/src/gtest_main.cc.o
/usr/bin/ranlib libgtest_main.a
gmake[2]: Leaving directory '/home/user/robo/sb-robot/microros_ws/build/rclc_parameter'
[ 66%] Built target gtest_main
[ 77%] [32m[1mLinking CXX static library libgtest.a[0m
cd /home/user/robo/sb-robot/microros_ws/build/rclc_parameter/gtest && /usr/bin/cmake -P CMakeFiles/gtest.dir/cmake_clean_target.cmake
cd /home/user/robo/sb-robot/microros_ws/build/rclc_parameter/gtest && /usr/bin/cmake -E cmake_link_script CMakeFiles/gtest.dir/link.txt --verbose=1
/usr/bin/ar qc libgtest.a CMakeFiles/gtest.dir/src/gtest-all.cc.o
/usr/bin/ranlib libgtest.a
gmake[2]: Leaving directory '/home/user/robo/sb-robot/microros_ws/build/rclc_parameter'
[ 77%] Built target gtest
/usr/bin/gmake  -f CMakeFiles/rclc_parameter_test.dir/build.make CMakeFiles/rclc_parameter_test.dir/depend
gmake[2]: Entering directory '/home/user/robo/sb-robot/microros_ws/build/rclc_parameter'
cd /home/user/robo/sb-robot/microros_ws/build/rclc_parameter && /usr/bin/cmake -E cmake_depends "Unix Makefiles" /home/user/robo/sb-robot/microros_ws/src/uros/rclc/rclc_parameter /home/user/robo/sb-robot/microros_ws/src/uros/rclc/rclc_parameter /home/user/robo/sb-robot/microros_ws/build/rclc_parameter /home/user/robo/sb-robot/microros_ws/build/rclc_parameter /home/user/robo/sb-robot/microros_ws/build/rclc_parameter/CMakeFiles/rclc_parameter_test.dir/DependInfo.cmake --color=
gmake[2]: Leaving directory '/home/user/robo/sb-robot/microros_ws/build/rclc_parameter'
/usr/bin/gmake  -f CMakeFiles/rclc_parameter_test.dir/build.make CMakeFiles/rclc_parameter_test.dir/build
gmake[2]: Entering directory '/home/user/robo/sb-robot/microros_ws/build/rclc_parameter'
[ 88%] [32mBuilding CXX object CMakeFiles/rclc_parameter_test.dir/test/rclc_parameter/test_parameter.cpp.o[0m
/usr/bin/c++ -DDEFAULT_RMW_IMPLEMENTATION=rmw_fastrtps_cpp -DRCLC_PARAMETER_BUILDING_LIBRARY -DRCLC_PARAMETER_MAX_STRING_LENGTH=50 -DRCUTILS_ENABLE_FAULT_INJECTION -I/home/user/robo/sb-robot/microros_ws/src/uros/rclc/rclc_parameter/include -I/home/user/robo/sb-robot/microros_ws/src/uros/rclc/rclc_parameter/src -isystem /opt/ros/humble/src/gtest_vendor/include -isystem /home/user/robo/sb-robot/microros_ws/install/rclc/include -isystem /home/user/robo/sb-robot/microros_ws/install/example_interfaces/include/example_interfaces -isystem /home/user/robo/sb-robot/microros_ws/install/std_msgs/include/std_msgs -isystem /opt/ros/humble/include/rclcpp -isystem /opt/ros/humble/include/rosidl_typesupport_interface -isystem /opt/ros/humble/include/rcl -isystem /opt/ros/humble/include/rcutils -isystem /opt/ros/humble/include -isystem /home/user/robo/sb-robot/microros_ws/install/rcl_interfaces/include/rcl_interfaces -isystem /home/user/robo/sb-robot/microros_ws/install/builtin_interfaces/include/builtin_interfaces -isystem /opt/ros/humble/include/rosidl_runtime_c -isystem /opt/ros/humble/include/fastcdr -isystem /opt/ros/humble/include/rosidl_runtime_cpp -isystem /opt/ros/humble/include/rosidl_typesupport_fastrtps_cpp -isystem /opt/ros/humble/include/rmw -isystem /opt/ros/humble/include/rosidl_typesupport_fastrtps_c -isystem /opt/ros/humble/include/rosidl_typesupport_introspection_c -isystem /opt/ros/humble/include/rosidl_typesupport_introspection_cpp -isystem /opt/ros/humble/include/rcl_logging_interface -isystem /opt/ros/humble/include/rcl_yaml_param_parser -isystem /opt/ros/humble/include/libyaml_vendor -isystem /opt/ros/humble/include/tracetools -isystem /opt/ros/humble/include/rcl_action -isystem /home/user/robo/sb-robot/microros_ws/install/action_msgs/include/action_msgs -isystem /home/user/robo/sb-robot/microros_ws/install/unique_identifier_msgs/include/unique_identifier_msgs -isystem /opt/ros/humble/include/ament_index_cpp -isystem /opt/ros/humble/include/libstatistics_collector -isystem /opt/ros/humble/include/rcpputils -isystem /home/user/robo/sb-robot/microros_ws/src/install/statistics_msgs/include/statistics_msgs -isystem /home/user/robo/sb-robot/microros_ws/src/install/rosgraph_msgs/include/rosgraph_msgs -isystem /opt/ros/humble/include/rosidl_typesupport_cpp -isystem /opt/ros/humble/include/rosidl_typesupport_c -Wall -Wextra -Wpedantic -MD -MT CMakeFiles/rclc_parameter_test.dir/test/rclc_parameter/test_parameter.cpp.o -MF CMakeFiles/rclc_parameter_test.dir/test/rclc_parameter/test_parameter.cpp.o.d -o CMakeFiles/rclc_parameter_test.dir/test/rclc_parameter/test_parameter.cpp.o -c /home/user/robo/sb-robot/microros_ws/src/uros/rclc/rclc_parameter/test/rclc_parameter/test_parameter.cpp
[100%] [32m[1mLinking CXX executable rclc_parameter_test[0m
/usr/bin/cmake -E cmake_link_script CMakeFiles/rclc_parameter_test.dir/link.txt --verbose=1
/usr/bin/c++ CMakeFiles/rclc_parameter_test.dir/test/rclc_parameter/test_parameter.cpp.o -o rclc_parameter_test  -Wl,-rpath,/home/user/robo/sb-robot/microros_ws/install/std_msgs/lib:/home/user/robo/sb-robot/microros_ws/install/example_interfaces/lib:/home/user/robo/sb-robot/microros_ws/install/rcl_interfaces/lib:/home/user/robo/sb-robot/microros_ws/src/install/rosgraph_msgs/lib:/home/user/robo/sb-robot/microros_ws/src/install/statistics_msgs/lib:/home/user/robo/sb-robot/microros_ws/install/action_msgs/lib:/home/user/robo/sb-robot/microros_ws/install/builtin_interfaces/lib:/home/user/robo/sb-robot/microros_ws/install/unique_identifier_msgs/lib:/opt/ros/humble/lib:/home/user/robo/sb-robot/microros_ws/install/rclc/lib gtest/libgtest_main.a gtest/libgtest.a librclc_parameter.a /opt/ros/humble/lib/librclcpp.so /home/user/robo/sb-robot/microros_ws/install/rclc/lib/librclc.so /opt/ros/humble/lib/libmemory_tools_interpose.so /home/user/robo/sb-robot/microros_ws/install/std_msgs/lib/libstd_msgs__rosidl_typesupport_fastrtps_c.so /home/user/robo/sb-robot/microros_ws/install/std_msgs/lib/libstd_msgs__rosidl_typesupport_fastrtps_cpp.so /home/user/robo/sb-robot/microros_ws/install/std_msgs/lib/libstd_msgs__rosidl_typesupport_introspection_c.so /home/user/robo/sb-robot/microros_ws/install/std_msgs/lib/libstd_msgs__rosidl_typesupport_introspection_cpp.so /home/user/robo/sb-robot/microros_ws/install/std_msgs/lib/libstd_msgs__rosidl_typesupport_cpp.so /home/user/robo/sb-robot/microros_ws/install/std_msgs/lib/libstd_msgs__rosidl_generator_py.so /home/user/robo/sb-robot/microros_ws/install/example_interfaces/lib/libexample_interfaces__rosidl_typesupport_fastrtps_c.so /home/user/robo/sb-robot/microros_ws/install/example_interfaces/lib/libexample_interfaces__rosidl_typesupport_introspection_c.so /home/user/robo/sb-robot/microros_ws/install/example_interfaces/lib/libexample_interfaces__rosidl_typesupport_fastrtps_cpp.so /home/user/robo/sb-robot/microros_ws/install/example_interfaces/lib/libexample_interfaces__rosidl_typesupport_introspection_cpp.so /home/user/robo/sb-robot/microros_ws/install/example_interfaces/lib/libexample_interfaces__rosidl_typesupport_cpp.so /home/user/robo/sb-robot/microros_ws/install/example_interfaces/lib/libexample_interfaces__rosidl_generator_py.so -pthread /opt/ros/humble/lib/librcl_action.so /opt/ros/humble/lib/liblibstatistics_collector.so /opt/ros/humble/lib/librcl.so /home/user/robo/sb-robot/microros_ws/install/rcl_interfaces/lib/librcl_interfaces__rosidl_typesupport_fastrtps_c.so /home/user/robo/sb-robot/microros_ws/install/rcl_interfaces/lib/librcl_interfaces__rosidl_typesupport_introspection_c.so /home/user/robo/sb-robot/microros_ws/install/rcl_interfaces/lib/librcl_interfaces__rosidl_typesupport_fastrtps_cpp.so /home/user/robo/sb-robot/microros_ws/install/rcl_interfaces/lib/librcl_interfaces__rosidl_typesupport_introspection_cpp.so /home/user/robo/sb-robot/microros_ws/install/rcl_interfaces/lib/librcl_interfaces__rosidl_typesupport_cpp.so /home/user/robo/sb-robot/microros_ws/install/rcl_interfaces/lib/librcl_interfaces__rosidl_generator_py.so /home/user/robo/sb-robot/microros_ws/install/rcl_interfaces/lib/librcl_interfaces__rosidl_typesupport_c.so /home/user/robo/sb-robot/microros_ws/install/rcl_interfaces/lib/librcl_interfaces__rosidl_generator_c.so /opt/ros/humble/lib/librmw_implementation.so /opt/ros/humble/lib/libament_index_cpp.so /opt/ros/humble/lib/librcl_logging_spdlog.so /opt/ros/humble/lib/librcl_logging_interface.so /opt/ros/humble/lib/librcl_yaml_param_parser.so /opt/ros/humble/lib/libyaml.so /home/user/robo/sb-robot/microros_ws/src/install/rosgraph_msgs/lib/librosgraph_msgs__rosidl_typesupport_fastrtps_c.so /home/user/robo/sb-robot/microros_ws/src/install/rosgraph_msgs/lib/librosgraph_msgs__rosidl_typesupport_fastrtps_cpp.so /home/user/robo/sb-robot/microros_ws/src/install/rosgraph_msgs/lib/librosgraph_msgs__rosidl_typesupport_introspection_c.so /home/user/robo/sb-robot/microros_ws/src/install/rosgraph_msgs/lib/librosgraph_msgs__rosidl_typesupport_introspection_cpp.so /home/user/robo/sb-robot/microros_ws/src/install/rosgraph_msgs/lib/librosgraph_msgs__rosidl_typesupport_cpp.so /home/user/robo/sb-robot/microros_ws/src/install/rosgraph_msgs/lib/librosgraph_msgs__rosidl_generator_py.so /home/user/robo/sb-robot/microros_ws/src/install/rosgraph_msgs/lib/librosgraph_msgs__rosidl_typesupport_c.so /home/user/robo/sb-robot/microros_ws/src/install/rosgraph_msgs/lib/librosgraph_msgs__rosidl_generator_c.so /home/user/robo/sb-robot/microros_ws/src/install/statistics_msgs/lib/libstatistics_msgs__rosidl_typesupport_fastrtps_c.so /home/user/robo/sb-robot/microros_ws/src/install/statistics_msgs/lib/libstatistics_msgs__rosidl_typesupport_fastrtps_cpp.so /home/user/robo/sb-robot/microros_ws/src/install/statistics_msgs/lib/libstatistics_msgs__rosidl_typesupport_introspection_c.so /home/user/robo/sb-robot/microros_ws/src/install/statistics_msgs/lib/libstatistics_msgs__rosidl_typesupport_introspection_cpp.so /home/user/robo/sb-robot/microros_ws/src/install/statistics_msgs/lib/libstatistics_msgs__rosidl_typesupport_cpp.so /home/user/robo/sb-robot/microros_ws/src/install/statistics_msgs/lib/libstatistics_msgs__rosidl_generator_py.so /home/user/robo/sb-robot/microros_ws/src/install/statistics_msgs/lib/libstatistics_msgs__rosidl_typesupport_c.so /home/user/robo/sb-robot/microros_ws/src/install/statistics_msgs/lib/libstatistics_msgs__rosidl_generator_c.so /opt/ros/humble/lib/libtracetools.so /opt/ros/humble/lib/libmemory_tools.so /home/user/robo/sb-robot/microros_ws/install/std_msgs/lib/libstd_msgs__rosidl_typesupport_c.so /home/user/robo/sb-robot/microros_ws/install/std_msgs/lib/libstd_msgs__rosidl_generator_c.so /home/user/robo/sb-robot/microros_ws/install/action_msgs/lib/libaction_msgs__rosidl_typesupport_fastrtps_c.so /home/user/robo/sb-robot/microros_ws/install/builtin_interfaces/lib/libbuiltin_interfaces__rosidl_typesupport_fastrtps_c.so /home/user/robo/sb-robot/microros_ws/install/unique_identifier_msgs/lib/libunique_identifier_msgs__rosidl_typesupport_fastrtps_c.so /opt/ros/humble/lib/librosidl_typesupport_fastrtps_c.so /home/user/robo/sb-robot/microros_ws/install/action_msgs/lib/libaction_msgs__rosidl_typesupport_introspection_c.so /home/user/robo/sb-robot/microros_ws/install/builtin_interfaces/lib/libbuiltin_interfaces__rosidl_typesupport_introspection_c.so /home/user/robo/sb-robot/microros_ws/install/unique_identifier_msgs/lib/libunique_identifier_msgs__rosidl_typesupport_introspection_c.so /home/user/robo/sb-robot/microros_ws/install/action_msgs/lib/libaction_msgs__rosidl_typesupport_fastrtps_cpp.so /home/user/robo/sb-robot/microros_ws/install/builtin_interfaces/lib/libbuiltin_interfaces__rosidl_typesupport_fastrtps_cpp.so /home/user/robo/sb-robot/microros_ws/install/unique_identifier_msgs/lib/libunique_identifier_msgs__rosidl_typesupport_fastrtps_cpp.so /opt/ros/humble/lib/librosidl_typesupport_fastrtps_cpp.so /opt/ros/humble/lib/librmw.so /opt/ros/humble/lib/libfastcdr.so.1.0.24 /home/user/robo/sb-robot/microros_ws/install/action_msgs/lib/libaction_msgs__rosidl_typesupport_introspection_cpp.so /home/user/robo/sb-robot/microros_ws/install/builtin_interfaces/lib/libbuiltin_interfaces__rosidl_typesupport_introspection_cpp.so /home/user/robo/sb-robot/microros_ws/install/unique_identifier_msgs/lib/libunique_identifier_msgs__rosidl_typesupport_introspection_cpp.so /opt/ros/humble/lib/librosidl_typesupport_introspection_cpp.so /opt/ros/humble/lib/librosidl_typesupport_introspection_c.so /home/user/robo/sb-robot/microros_ws/install/action_msgs/lib/libaction_msgs__rosidl_typesupport_cpp.so /home/user/robo/sb-robot/microros_ws/install/builtin_interfaces/lib/libbuiltin_interfaces__rosidl_typesupport_cpp.so /home/user/robo/sb-robot/microros_ws/install/unique_identifier_msgs/lib/libunique_identifier_msgs__rosidl_typesupport_cpp.so /opt/ros/humble/lib/librosidl_typesupport_cpp.so /home/user/robo/sb-robot/microros_ws/install/example_interfaces/lib/libexample_interfaces__rosidl_typesupport_c.so /home/user/robo/sb-robot/microros_ws/install/example_interfaces/lib/libexample_interfaces__rosidl_generator_c.so /home/user/robo/sb-robot/microros_ws/install/action_msgs/lib/libaction_msgs__rosidl_generator_py.so /home/user/robo/sb-robot/microros_ws/install/builtin_interfaces/lib/libbuiltin_interfaces__rosidl_generator_py.so /home/user/robo/sb-robot/microros_ws/install/action_msgs/lib/libaction_msgs__rosidl_typesupport_c.so /home/user/robo/sb-robot/microros_ws/install/builtin_interfaces/lib/libbuiltin_interfaces__rosidl_typesupport_c.so /home/user/robo/sb-robot/microros_ws/install/action_msgs/lib/libaction_msgs__rosidl_generator_c.so /home/user/robo/sb-robot/microros_ws/install/builtin_interfaces/lib/libbuiltin_interfaces__rosidl_generator_c.so /home/user/robo/sb-robot/microros_ws/install/unique_identifier_msgs/lib/libunique_identifier_msgs__rosidl_generator_py.so /usr/lib/x86_64-linux-gnu/libpython3.10.so /home/user/robo/sb-robot/microros_ws/install/unique_identifier_msgs/lib/libunique_identifier_msgs__rosidl_typesupport_c.so /home/user/robo/sb-robot/microros_ws/install/unique_identifier_msgs/lib/libunique_identifier_msgs__rosidl_generator_c.so /opt/ros/humble/lib/librosidl_typesupport_c.so /opt/ros/humble/lib/librosidl_runtime_c.so /opt/ros/humble/lib/librcpputils.so /opt/ros/humble/lib/librcutils.so -ldl 
gmake[2]: Leaving directory '/home/user/robo/sb-robot/microros_ws/build/rclc_parameter'
[100%] Built target rclc_parameter_test
gmake[1]: Leaving directory '/home/user/robo/sb-robot/microros_ws/build/rclc_parameter'
/usr/bin/cmake -E cmake_progress_start /home/user/robo/sb-robot/microros_ws/build/rclc_parameter/CMakeFiles 0
-- Install configuration: ""
-- Installing: /home/user/robo/sb-robot/microros_ws/install/rclc_parameter/lib/librclc_parameter.a
-- Installing: /home/user/robo/sb-robot/microros_ws/install/rclc_parameter/include
-- Installing: /home/user/robo/sb-robot/microros_ws/install/rclc_parameter/include/rclc_parameter
-- Installing: /home/user/robo/sb-robot/microros_ws/install/rclc_parameter/include/rclc_parameter/rclc_parameter.h
-- Installing: /home/user/robo/sb-robot/microros_ws/install/rclc_parameter/include/rclc_parameter/visibility_control.h
-- Installing: /home/user/robo/sb-robot/microros_ws/install/rclc_parameter/share/rclc_parameter/environment/library_path.sh
-- Installing: /home/user/robo/sb-robot/microros_ws/install/rclc_parameter/share/rclc_parameter/environment/library_path.dsv
-- Installing: /home/user/robo/sb-robot/microros_ws/install/rclc_parameter/share/ament_index/resource_index/package_run_dependencies/rclc_parameter
-- Installing: /home/user/robo/sb-robot/microros_ws/install/rclc_parameter/share/ament_index/resource_index/parent_prefix_path/rclc_parameter
-- Installing: /home/user/robo/sb-robot/microros_ws/install/rclc_parameter/share/rclc_parameter/environment/ament_prefix_path.sh
-- Installing: /home/user/robo/sb-robot/microros_ws/install/rclc_parameter/share/rclc_parameter/environment/ament_prefix_path.dsv
-- Installing: /home/user/robo/sb-robot/microros_ws/install/rclc_parameter/share/rclc_parameter/environment/path.sh
-- Installing: /home/user/robo/sb-robot/microros_ws/install/rclc_parameter/share/rclc_parameter/environment/path.dsv
-- Installing: /home/user/robo/sb-robot/microros_ws/install/rclc_parameter/share/rclc_parameter/local_setup.bash
-- Installing: /home/user/robo/sb-robot/microros_ws/install/rclc_parameter/share/rclc_parameter/local_setup.sh
-- Installing: /home/user/robo/sb-robot/microros_ws/install/rclc_parameter/share/rclc_parameter/local_setup.zsh
-- Installing: /home/user/robo/sb-robot/microros_ws/install/rclc_parameter/share/rclc_parameter/local_setup.dsv
-- Installing: /home/user/robo/sb-robot/microros_ws/install/rclc_parameter/share/rclc_parameter/package.dsv
-- Installing: /home/user/robo/sb-robot/microros_ws/install/rclc_parameter/share/ament_index/resource_index/packages/rclc_parameter
-- Installing: /home/user/robo/sb-robot/microros_ws/install/rclc_parameter/share/rclc_parameter/cmake/rclc_parameterExport.cmake
-- Installing: /home/user/robo/sb-robot/microros_ws/install/rclc_parameter/share/rclc_parameter/cmake/rclc_parameterExport-noconfig.cmake
-- Installing: /home/user/robo/sb-robot/microros_ws/install/rclc_parameter/share/rclc_parameter/cmake/ament_cmake_export_include_directories-extras.cmake
-- Installing: /home/user/robo/sb-robot/microros_ws/install/rclc_parameter/share/rclc_parameter/cmake/ament_cmake_export_libraries-extras.cmake
-- Installing: /home/user/robo/sb-robot/microros_ws/install/rclc_parameter/share/rclc_parameter/cmake/ament_cmake_export_targets-extras.cmake
-- Installing: /home/user/robo/sb-robot/microros_ws/install/rclc_parameter/share/rclc_parameter/cmake/ament_cmake_export_dependencies-extras.cmake
-- Installing: /home/user/robo/sb-robot/microros_ws/install/rclc_parameter/share/rclc_parameter/cmake/rclc_parameterConfig.cmake
-- Installing: /home/user/robo/sb-robot/microros_ws/install/rclc_parameter/share/rclc_parameter/cmake/rclc_parameterConfig-version.cmake
-- Installing: /home/user/robo/sb-robot/microros_ws/install/rclc_parameter/share/rclc_parameter/package.xml
