[0.022s] Invoking command in '/home/user/robo/sb-robot/microros_ws/build/micro_ros_msgs': CMAKE_PREFIX_PATH=${CMAKE_PREFIX_PATH}:/opt/ros/humble /usr/bin/cmake /home/user/robo/sb-robot/microros_ws/src/uros/micro_ros_msgs -DCMAKE_INSTALL_PREFIX=/home/user/robo/sb-robot/microros_ws/install/micro_ros_msgs
[0.030s] -- Found ament_cmake: 1.3.11 (/opt/ros/humble/share/ament_cmake/cmake)
[0.130s] -- Found rosidl_default_generators: 1.2.0 (/opt/ros/humble/share/rosidl_default_generators/cmake)
[0.134s] -- Using all available rosidl_typesupport_c: rosidl_typesupport_microxrcedds_c;rosidl_typesupport_fastrtps_c;rosidl_typesupport_introspection_c
[0.137s] -- Found rosidl_adapter: 3.1.6 (/opt/ros/humble/share/rosidl_adapter/cmake)
[0.179s] -- Using all available rosidl_typesupport_cpp: rosidl_typesupport_microxrcedds_cpp;rosidl_typesupport_fastrtps_cpp;rosidl_typesupport_introspection_cpp
[0.210s] -- Found ament_lint_auto: 0.12.11 (/opt/ros/humble/share/ament_lint_auto/cmake)
[0.411s] -- Found ament_cmake_ros: 0.10.0 (/opt/ros/humble/share/ament_cmake_ros/cmake)
[0.626s] -- Using all available rosidl_typesupport_c: rosidl_typesupport_microxrcedds_c;rosidl_typesupport_fastrtps_c;rosidl_typesupport_introspection_c
[0.894s] -- Using all available rosidl_typesupport_cpp: rosidl_typesupport_microxrcedds_cpp;rosidl_typesupport_fastrtps_cpp;rosidl_typesupport_introspection_cpp
[0.915s] -- Found python_cmake_module: 0.10.0 (/opt/ros/humble/share/python_cmake_module/cmake)
[0.935s] -- Using PYTHON_EXECUTABLE: /usr/bin/python3
[0.935s] -- Using PYTHON_INCLUDE_DIRS: /usr/include/python3.10
[0.935s] -- Using PYTHON_LIBRARIES: /usr/lib/x86_64-linux-gnu/libpython3.10.so
[0.951s] -- Added test 'copyright' to check source files copyright and LICENSE
[0.954s] -- Added test 'lint_cmake' to check CMake code style
[0.956s] -- Added test 'xmllint' to check XML markup files
[0.958s] -- Configuring done
[0.984s] -- Generating done
[0.992s] -- Build files have been written to: /home/user/robo/sb-robot/microros_ws/build/micro_ros_msgs
[1.002s] Invoked command in '/home/user/robo/sb-robot/microros_ws/build/micro_ros_msgs' returned '0': CMAKE_PREFIX_PATH=${CMAKE_PREFIX_PATH}:/opt/ros/humble /usr/bin/cmake /home/user/robo/sb-robot/microros_ws/src/uros/micro_ros_msgs -DCMAKE_INSTALL_PREFIX=/home/user/robo/sb-robot/microros_ws/install/micro_ros_msgs
[1.003s] Invoking command in '/home/user/robo/sb-robot/microros_ws/build/micro_ros_msgs': CMAKE_PREFIX_PATH=${CMAKE_PREFIX_PATH}:/opt/ros/humble /usr/bin/cmake --build /home/user/robo/sb-robot/microros_ws/build/micro_ros_msgs -- -j20 -l20
[1.044s] [35m[1mConsolidate compiler generated dependencies of target micro_ros_msgs__rosidl_generator_c[0m
[1.051s] [  1%] Built target micro_ros_msgs__cpp
[1.052s] [ 10%] Built target micro_ros_msgs__rosidl_generator_c
[1.064s] [ 11%] Built target ament_cmake_python_copy_micro_ros_msgs
[1.064s] [ 11%] [34m[1mGenerating C++ type support dispatch for ROS interfaces[0m
[1.064s] [35m[1mConsolidate compiler generated dependencies of target micro_ros_msgs__rosidl_typesupport_introspection_cpp[0m
[1.064s] [ 13%] [34m[1mGenerating C++ type support for eProsima Micro XRCE-DDS[0m
[1.066s] [35m[1mConsolidate compiler generated dependencies of target micro_ros_msgs__rosidl_typesupport_fastrtps_cpp[0m
[1.066s] [ 16%] [34m[1mGenerating C type support dispatch for ROS interfaces[0m
[1.066s] [ 16%] [34m[1mGenerating C type support for eProsima Micro XRCE-DDS[0m
[1.066s] [35m[1mConsolidate compiler generated dependencies of target micro_ros_msgs__rosidl_typesupport_introspection_c[0m
[1.073s] [35m[1mConsolidate compiler generated dependencies of target micro_ros_msgs__rosidl_typesupport_fastrtps_c[0m
[1.079s] [ 25%] Built target micro_ros_msgs__rosidl_typesupport_introspection_c
[1.080s] [ 33%] Built target micro_ros_msgs__rosidl_typesupport_introspection_cpp
[1.088s] [ 42%] Built target micro_ros_msgs__rosidl_typesupport_fastrtps_cpp
[1.096s] [ 50%] Built target micro_ros_msgs__rosidl_typesupport_fastrtps_c
[1.364s] [35m[1mConsolidate compiler generated dependencies of target micro_ros_msgs__rosidl_typesupport_c[0m
[1.379s] [ 55%] [32mBuilding CXX object CMakeFiles/micro_ros_msgs__rosidl_typesupport_c.dir/rosidl_typesupport_c/micro_ros_msgs/msg/graph__type_support.cpp.o[0m
[1.379s] [ 55%] [32mBuilding CXX object CMakeFiles/micro_ros_msgs__rosidl_typesupport_c.dir/rosidl_typesupport_c/micro_ros_msgs/msg/node__type_support.cpp.o[0m
[1.379s] [ 55%] [32mBuilding CXX object CMakeFiles/micro_ros_msgs__rosidl_typesupport_c.dir/rosidl_typesupport_c/micro_ros_msgs/msg/entity__type_support.cpp.o[0m
[1.403s] running egg_info
[1.404s] writing micro_ros_msgs.egg-info/PKG-INFO
[1.404s] writing dependency_links to micro_ros_msgs.egg-info/dependency_links.txt
[1.405s] writing top-level names to micro_ros_msgs.egg-info/top_level.txt
[1.410s] reading manifest file 'micro_ros_msgs.egg-info/SOURCES.txt'
[1.412s] writing manifest file 'micro_ros_msgs.egg-info/SOURCES.txt'
[1.424s] [ 57%] [32m[1mLinking CXX shared library libmicro_ros_msgs__rosidl_typesupport_c.so[0m
[1.447s] [35m[1mConsolidate compiler generated dependencies of target micro_ros_msgs__rosidl_typesupport_cpp[0m
[1.470s] [ 61%] [32mBuilding CXX object CMakeFiles/micro_ros_msgs__rosidl_typesupport_cpp.dir/rosidl_typesupport_cpp/micro_ros_msgs/msg/node__type_support.cpp.o[0m
[1.470s] [ 61%] [32mBuilding CXX object CMakeFiles/micro_ros_msgs__rosidl_typesupport_cpp.dir/rosidl_typesupport_cpp/micro_ros_msgs/msg/graph__type_support.cpp.o[0m
[1.472s] [ 61%] Built target ament_cmake_python_build_micro_ros_msgs_egg
[1.472s] [ 62%] [32mBuilding CXX object CMakeFiles/micro_ros_msgs__rosidl_typesupport_cpp.dir/rosidl_typesupport_cpp/micro_ros_msgs/msg/entity__type_support.cpp.o[0m
[1.494s] [ 62%] Built target micro_ros_msgs__rosidl_typesupport_c
[1.505s] [ 64%] [32mBuilding CXX object CMakeFiles/micro_ros_msgs__rosidl_typesupport_microxrcedds_cpp.dir/rosidl_typesupport_microxrcedds_cpp/micro_ros_msgs/msg/detail/microxrcedds/graph__type_support_cpp.cpp.o[0m
[1.506s] [ 66%] [32mBuilding CXX object CMakeFiles/micro_ros_msgs__rosidl_typesupport_microxrcedds_cpp.dir/rosidl_typesupport_microxrcedds_cpp/micro_ros_msgs/msg/detail/microxrcedds/node__type_support_cpp.cpp.o[0m
[1.507s] [ 67%] [32mBuilding CXX object CMakeFiles/micro_ros_msgs__rosidl_typesupport_microxrcedds_cpp.dir/rosidl_typesupport_microxrcedds_cpp/micro_ros_msgs/msg/detail/microxrcedds/entity__type_support_cpp.cpp.o[0m
[1.530s] [ 69%] [32mBuilding C object CMakeFiles/micro_ros_msgs__rosidl_typesupport_microxrcedds_c.dir/rosidl_typesupport_microxrcedds_c/micro_ros_msgs/msg/detail/microxrcedds/entity__type_support_c.c.o[0m
[1.531s] [ 71%] [32mBuilding C object CMakeFiles/micro_ros_msgs__rosidl_typesupport_microxrcedds_c.dir/rosidl_typesupport_microxrcedds_c/micro_ros_msgs/msg/detail/microxrcedds/graph__type_support_c.c.o[0m
[1.540s] [ 72%] [32mBuilding C object CMakeFiles/micro_ros_msgs__rosidl_typesupport_microxrcedds_c.dir/rosidl_typesupport_microxrcedds_c/micro_ros_msgs/msg/detail/microxrcedds/node__type_support_c.c.o[0m
[1.635s] [ 74%] [32m[1mLinking C shared library libmicro_ros_msgs__rosidl_typesupport_microxrcedds_c.so[0m
[1.709s] [ 74%] Built target micro_ros_msgs__rosidl_typesupport_microxrcedds_c
[1.855s] [ 76%] [32m[1mLinking CXX shared library libmicro_ros_msgs__rosidl_typesupport_cpp.so[0m
[1.953s] [ 76%] Built target micro_ros_msgs__rosidl_typesupport_cpp
[2.090s] [ 77%] [32m[1mLinking CXX shared library libmicro_ros_msgs__rosidl_typesupport_microxrcedds_cpp.so[0m
[2.222s] [ 77%] Built target micro_ros_msgs__rosidl_typesupport_microxrcedds_cpp
[2.249s] [ 77%] Built target micro_ros_msgs
[2.276s] [ 79%] [34m[1mGenerating Python code for ROS interfaces[0m
[2.878s] [ 79%] Built target micro_ros_msgs__py
[2.899s] [35m[1mConsolidate compiler generated dependencies of target micro_ros_msgs__rosidl_generator_py[0m
[2.931s] [ 81%] [32mBuilding C object CMakeFiles/micro_ros_msgs__rosidl_generator_py.dir/rosidl_generator_py/micro_ros_msgs/msg/_node_s.c.o[0m
[2.932s] [ 83%] [32mBuilding C object CMakeFiles/micro_ros_msgs__rosidl_generator_py.dir/rosidl_generator_py/micro_ros_msgs/msg/_graph_s.c.o[0m
[2.934s] [ 84%] [32mBuilding C object CMakeFiles/micro_ros_msgs__rosidl_generator_py.dir/rosidl_generator_py/micro_ros_msgs/msg/_entity_s.c.o[0m
[3.159s] [ 86%] [32m[1mLinking C shared library rosidl_generator_py/micro_ros_msgs/libmicro_ros_msgs__rosidl_generator_py.so[0m
[3.295s] [ 86%] Built target micro_ros_msgs__rosidl_generator_py
[3.329s] [35m[1mConsolidate compiler generated dependencies of target micro_ros_msgs__rosidl_typesupport_fastrtps_c__pyext[0m
[3.333s] [35m[1mConsolidate compiler generated dependencies of target micro_ros_msgs__rosidl_typesupport_introspection_c__pyext[0m
[3.334s] [35m[1mConsolidate compiler generated dependencies of target micro_ros_msgs__rosidl_typesupport_c__pyext[0m
[3.360s] [ 88%] [32mBuilding C object CMakeFiles/micro_ros_msgs__rosidl_typesupport_microxrcedds_c__pyext.dir/rosidl_generator_py/micro_ros_msgs/_micro_ros_msgs_s.ep.rosidl_typesupport_microxrcedds_c.c.o[0m
[3.372s] [ 89%] [32mBuilding C object CMakeFiles/micro_ros_msgs__rosidl_typesupport_fastrtps_c__pyext.dir/rosidl_generator_py/micro_ros_msgs/_micro_ros_msgs_s.ep.rosidl_typesupport_fastrtps_c.c.o[0m
[3.379s] [ 91%] [32mBuilding C object CMakeFiles/micro_ros_msgs__rosidl_typesupport_c__pyext.dir/rosidl_generator_py/micro_ros_msgs/_micro_ros_msgs_s.ep.rosidl_typesupport_c.c.o[0m
[3.381s] [ 93%] [32mBuilding C object CMakeFiles/micro_ros_msgs__rosidl_typesupport_introspection_c__pyext.dir/rosidl_generator_py/micro_ros_msgs/_micro_ros_msgs_s.ep.rosidl_typesupport_introspection_c.c.o[0m
[3.549s] [ 94%] [32m[1mLinking C shared library rosidl_generator_py/micro_ros_msgs/micro_ros_msgs_s__rosidl_typesupport_microxrcedds_c.cpython-310-x86_64-linux-gnu.so[0m
[3.580s] [ 96%] [32m[1mLinking C shared library rosidl_generator_py/micro_ros_msgs/micro_ros_msgs_s__rosidl_typesupport_fastrtps_c.cpython-310-x86_64-linux-gnu.so[0m
[3.592s] [ 98%] [32m[1mLinking C shared library rosidl_generator_py/micro_ros_msgs/micro_ros_msgs_s__rosidl_typesupport_introspection_c.cpython-310-x86_64-linux-gnu.so[0m
[3.650s] [ 98%] Built target micro_ros_msgs__rosidl_typesupport_microxrcedds_c__pyext
[3.650s] [100%] [32m[1mLinking C shared library rosidl_generator_py/micro_ros_msgs/micro_ros_msgs_s__rosidl_typesupport_c.cpython-310-x86_64-linux-gnu.so[0m
[3.706s] [100%] Built target micro_ros_msgs__rosidl_typesupport_introspection_c__pyext
[3.732s] [100%] Built target micro_ros_msgs__rosidl_typesupport_fastrtps_c__pyext
[3.755s] [100%] Built target micro_ros_msgs__rosidl_typesupport_c__pyext
[3.809s] Invoked command in '/home/user/robo/sb-robot/microros_ws/build/micro_ros_msgs' returned '0': CMAKE_PREFIX_PATH=${CMAKE_PREFIX_PATH}:/opt/ros/humble /usr/bin/cmake --build /home/user/robo/sb-robot/microros_ws/build/micro_ros_msgs -- -j20 -l20
[3.810s] Invoking command in '/home/user/robo/sb-robot/microros_ws/build/micro_ros_msgs': CMAKE_PREFIX_PATH=${CMAKE_PREFIX_PATH}:/opt/ros/humble /usr/bin/cmake --install /home/user/robo/sb-robot/microros_ws/build/micro_ros_msgs
[3.823s] -- Install configuration: ""
[3.824s] -- Up-to-date: /home/user/robo/sb-robot/microros_ws/install/micro_ros_msgs/share/ament_index/resource_index/rosidl_interfaces/micro_ros_msgs
[3.824s] -- Up-to-date: /home/user/robo/sb-robot/microros_ws/install/micro_ros_msgs/include/micro_ros_msgs/micro_ros_msgs
[3.824s] -- Up-to-date: /home/user/robo/sb-robot/microros_ws/install/micro_ros_msgs/include/micro_ros_msgs/micro_ros_msgs/msg
[3.824s] -- Up-to-date: /home/user/robo/sb-robot/microros_ws/install/micro_ros_msgs/include/micro_ros_msgs/micro_ros_msgs/msg/entity.h
[3.824s] -- Up-to-date: /home/user/robo/sb-robot/microros_ws/install/micro_ros_msgs/include/micro_ros_msgs/micro_ros_msgs/msg/node.h
[3.824s] -- Up-to-date: /home/user/robo/sb-robot/microros_ws/install/micro_ros_msgs/include/micro_ros_msgs/micro_ros_msgs/msg/detail
[3.824s] -- Up-to-date: /home/user/robo/sb-robot/microros_ws/install/micro_ros_msgs/include/micro_ros_msgs/micro_ros_msgs/msg/detail/entity__functions.c
[3.824s] -- Up-to-date: /home/user/robo/sb-robot/microros_ws/install/micro_ros_msgs/include/micro_ros_msgs/micro_ros_msgs/msg/detail/node__type_support.h
[3.824s] -- Up-to-date: /home/user/robo/sb-robot/microros_ws/install/micro_ros_msgs/include/micro_ros_msgs/micro_ros_msgs/msg/detail/node__struct.h
[3.824s] -- Up-to-date: /home/user/robo/sb-robot/microros_ws/install/micro_ros_msgs/include/micro_ros_msgs/micro_ros_msgs/msg/detail/graph__functions.c
[3.824s] -- Up-to-date: /home/user/robo/sb-robot/microros_ws/install/micro_ros_msgs/include/micro_ros_msgs/micro_ros_msgs/msg/detail/node__functions.h
[3.824s] -- Up-to-date: /home/user/robo/sb-robot/microros_ws/install/micro_ros_msgs/include/micro_ros_msgs/micro_ros_msgs/msg/detail/node__functions.c
[3.825s] -- Up-to-date: /home/user/robo/sb-robot/microros_ws/install/micro_ros_msgs/include/micro_ros_msgs/micro_ros_msgs/msg/detail/entity__struct.h
[3.825s] -- Up-to-date: /home/user/robo/sb-robot/microros_ws/install/micro_ros_msgs/include/micro_ros_msgs/micro_ros_msgs/msg/detail/graph__functions.h
[3.825s] -- Up-to-date: /home/user/robo/sb-robot/microros_ws/install/micro_ros_msgs/include/micro_ros_msgs/micro_ros_msgs/msg/detail/entity__functions.h
[3.825s] -- Up-to-date: /home/user/robo/sb-robot/microros_ws/install/micro_ros_msgs/include/micro_ros_msgs/micro_ros_msgs/msg/detail/entity__type_support.h
[3.825s] -- Up-to-date: /home/user/robo/sb-robot/microros_ws/install/micro_ros_msgs/include/micro_ros_msgs/micro_ros_msgs/msg/detail/graph__type_support.h
[3.825s] -- Up-to-date: /home/user/robo/sb-robot/microros_ws/install/micro_ros_msgs/include/micro_ros_msgs/micro_ros_msgs/msg/detail/graph__struct.h
[3.825s] -- Up-to-date: /home/user/robo/sb-robot/microros_ws/install/micro_ros_msgs/include/micro_ros_msgs/micro_ros_msgs/msg/rosidl_generator_c__visibility_control.h
[3.825s] -- Up-to-date: /home/user/robo/sb-robot/microros_ws/install/micro_ros_msgs/include/micro_ros_msgs/micro_ros_msgs/msg/graph.h
[3.825s] -- Up-to-date: /home/user/robo/sb-robot/microros_ws/install/micro_ros_msgs/share/micro_ros_msgs/environment/library_path.sh
[3.825s] -- Installing: /home/user/robo/sb-robot/microros_ws/install/micro_ros_msgs/share/micro_ros_msgs/environment/library_path.dsv
[3.825s] -- Up-to-date: /home/user/robo/sb-robot/microros_ws/install/micro_ros_msgs/lib/libmicro_ros_msgs__rosidl_generator_c.so
[3.825s] -- Up-to-date: /home/user/robo/sb-robot/microros_ws/install/micro_ros_msgs/include/micro_ros_msgs
[3.841s] -- Installing: /home/user/robo/sb-robot/microros_ws/install/micro_ros_msgs/include/micro_ros_msgs/msg
[3.842s] -- Installing: /home/user/robo/sb-robot/microros_ws/install/micro_ros_msgs/include/micro_ros_msgs/msg/rosidl_typesupport_microxrcedds_c__visibility_control.h
[3.842s] -- Installing: /home/user/robo/sb-robot/microros_ws/install/micro_ros_msgs/include/micro_ros_msgs/msg/detail
[3.842s] -- Installing: /home/user/robo/sb-robot/microros_ws/install/micro_ros_msgs/include/micro_ros_msgs/msg/detail/microxrcedds
[3.842s] -- Installing: /home/user/robo/sb-robot/microros_ws/install/micro_ros_msgs/include/micro_ros_msgs/msg/detail/graph__rosidl_typesupport_microxrcedds_c.h
[3.842s] -- Installing: /home/user/robo/sb-robot/microros_ws/install/micro_ros_msgs/include/micro_ros_msgs/msg/detail/entity__rosidl_typesupport_microxrcedds_c.h
[3.842s] -- Installing: /home/user/robo/sb-robot/microros_ws/install/micro_ros_msgs/include/micro_ros_msgs/msg/detail/node__rosidl_typesupport_microxrcedds_c.h
[3.842s] -- Installing: /home/user/robo/sb-robot/microros_ws/install/micro_ros_msgs/lib/libmicro_ros_msgs__rosidl_typesupport_microxrcedds_c.so
[3.842s] -- Set runtime path of "/home/user/robo/sb-robot/microros_ws/install/micro_ros_msgs/lib/libmicro_ros_msgs__rosidl_typesupport_microxrcedds_c.so" to ""
[3.842s] -- Up-to-date: /home/user/robo/sb-robot/microros_ws/install/micro_ros_msgs/include/micro_ros_msgs/micro_ros_msgs
[3.842s] -- Up-to-date: /home/user/robo/sb-robot/microros_ws/install/micro_ros_msgs/include/micro_ros_msgs/micro_ros_msgs/msg
[3.842s] -- Up-to-date: /home/user/robo/sb-robot/microros_ws/install/micro_ros_msgs/include/micro_ros_msgs/micro_ros_msgs/msg/detail
[3.842s] -- Up-to-date: /home/user/robo/sb-robot/microros_ws/install/micro_ros_msgs/include/micro_ros_msgs/micro_ros_msgs/msg/detail/entity__rosidl_typesupport_fastrtps_c.h
[3.843s] -- Up-to-date: /home/user/robo/sb-robot/microros_ws/install/micro_ros_msgs/include/micro_ros_msgs/micro_ros_msgs/msg/detail/node__rosidl_typesupport_fastrtps_c.h
[3.843s] -- Up-to-date: /home/user/robo/sb-robot/microros_ws/install/micro_ros_msgs/include/micro_ros_msgs/micro_ros_msgs/msg/detail/graph__rosidl_typesupport_fastrtps_c.h
[3.843s] -- Up-to-date: /home/user/robo/sb-robot/microros_ws/install/micro_ros_msgs/include/micro_ros_msgs/micro_ros_msgs/msg/rosidl_typesupport_fastrtps_c__visibility_control.h
[3.843s] -- Up-to-date: /home/user/robo/sb-robot/microros_ws/install/micro_ros_msgs/lib/libmicro_ros_msgs__rosidl_typesupport_fastrtps_c.so
[3.843s] -- Up-to-date: /home/user/robo/sb-robot/microros_ws/install/micro_ros_msgs/include/micro_ros_msgs/micro_ros_msgs
[3.843s] -- Up-to-date: /home/user/robo/sb-robot/microros_ws/install/micro_ros_msgs/include/micro_ros_msgs/micro_ros_msgs/msg
[3.843s] -- Up-to-date: /home/user/robo/sb-robot/microros_ws/install/micro_ros_msgs/include/micro_ros_msgs/micro_ros_msgs/msg/detail
[3.843s] -- Up-to-date: /home/user/robo/sb-robot/microros_ws/install/micro_ros_msgs/include/micro_ros_msgs/micro_ros_msgs/msg/detail/entity__type_support.c
[3.843s] -- Up-to-date: /home/user/robo/sb-robot/microros_ws/install/micro_ros_msgs/include/micro_ros_msgs/micro_ros_msgs/msg/detail/node__rosidl_typesupport_introspection_c.h
[3.843s] -- Up-to-date: /home/user/robo/sb-robot/microros_ws/install/micro_ros_msgs/include/micro_ros_msgs/micro_ros_msgs/msg/detail/node__type_support.c
[3.843s] -- Up-to-date: /home/user/robo/sb-robot/microros_ws/install/micro_ros_msgs/include/micro_ros_msgs/micro_ros_msgs/msg/detail/graph__type_support.c
[3.843s] -- Up-to-date: /home/user/robo/sb-robot/microros_ws/install/micro_ros_msgs/include/micro_ros_msgs/micro_ros_msgs/msg/detail/entity__rosidl_typesupport_introspection_c.h
[3.843s] -- Up-to-date: /home/user/robo/sb-robot/microros_ws/install/micro_ros_msgs/include/micro_ros_msgs/micro_ros_msgs/msg/detail/graph__rosidl_typesupport_introspection_c.h
[3.844s] -- Up-to-date: /home/user/robo/sb-robot/microros_ws/install/micro_ros_msgs/include/micro_ros_msgs/micro_ros_msgs/msg/rosidl_typesupport_introspection_c__visibility_control.h
[3.844s] -- Up-to-date: /home/user/robo/sb-robot/microros_ws/install/micro_ros_msgs/lib/libmicro_ros_msgs__rosidl_typesupport_introspection_c.so
[3.844s] -- Installing: /home/user/robo/sb-robot/microros_ws/install/micro_ros_msgs/lib/libmicro_ros_msgs__rosidl_typesupport_c.so
[3.844s] -- Set runtime path of "/home/user/robo/sb-robot/microros_ws/install/micro_ros_msgs/lib/libmicro_ros_msgs__rosidl_typesupport_c.so" to ""
[3.844s] -- Up-to-date: /home/user/robo/sb-robot/microros_ws/install/micro_ros_msgs/include/micro_ros_msgs/micro_ros_msgs
[3.844s] -- Up-to-date: /home/user/robo/sb-robot/microros_ws/install/micro_ros_msgs/include/micro_ros_msgs/micro_ros_msgs/msg
[3.844s] -- Up-to-date: /home/user/robo/sb-robot/microros_ws/install/micro_ros_msgs/include/micro_ros_msgs/micro_ros_msgs/msg/entity.hpp
[3.844s] -- Up-to-date: /home/user/robo/sb-robot/microros_ws/install/micro_ros_msgs/include/micro_ros_msgs/micro_ros_msgs/msg/rosidl_generator_cpp__visibility_control.hpp
[3.844s] -- Up-to-date: /home/user/robo/sb-robot/microros_ws/install/micro_ros_msgs/include/micro_ros_msgs/micro_ros_msgs/msg/node.hpp
[3.844s] -- Up-to-date: /home/user/robo/sb-robot/microros_ws/install/micro_ros_msgs/include/micro_ros_msgs/micro_ros_msgs/msg/detail
[3.844s] -- Up-to-date: /home/user/robo/sb-robot/microros_ws/install/micro_ros_msgs/include/micro_ros_msgs/micro_ros_msgs/msg/detail/entity__builder.hpp
[3.844s] -- Up-to-date: /home/user/robo/sb-robot/microros_ws/install/micro_ros_msgs/include/micro_ros_msgs/micro_ros_msgs/msg/detail/entity__struct.hpp
[3.844s] -- Up-to-date: /home/user/robo/sb-robot/microros_ws/install/micro_ros_msgs/include/micro_ros_msgs/micro_ros_msgs/msg/detail/entity__type_support.hpp
[3.850s] -- Up-to-date: /home/user/robo/sb-robot/microros_ws/install/micro_ros_msgs/include/micro_ros_msgs/micro_ros_msgs/msg/detail/node__type_support.hpp
[3.850s] -- Up-to-date: /home/user/robo/sb-robot/microros_ws/install/micro_ros_msgs/include/micro_ros_msgs/micro_ros_msgs/msg/detail/graph__type_support.hpp
[3.851s] -- Up-to-date: /home/user/robo/sb-robot/microros_ws/install/micro_ros_msgs/include/micro_ros_msgs/micro_ros_msgs/msg/detail/graph__traits.hpp
[3.851s] -- Up-to-date: /home/user/robo/sb-robot/microros_ws/install/micro_ros_msgs/include/micro_ros_msgs/micro_ros_msgs/msg/detail/node__struct.hpp
[3.851s] -- Up-to-date: /home/user/robo/sb-robot/microros_ws/install/micro_ros_msgs/include/micro_ros_msgs/micro_ros_msgs/msg/detail/node__builder.hpp
[3.851s] -- Up-to-date: /home/user/robo/sb-robot/microros_ws/install/micro_ros_msgs/include/micro_ros_msgs/micro_ros_msgs/msg/detail/graph__builder.hpp
[3.851s] -- Up-to-date: /home/user/robo/sb-robot/microros_ws/install/micro_ros_msgs/include/micro_ros_msgs/micro_ros_msgs/msg/detail/entity__traits.hpp
[3.851s] -- Up-to-date: /home/user/robo/sb-robot/microros_ws/install/micro_ros_msgs/include/micro_ros_msgs/micro_ros_msgs/msg/detail/node__traits.hpp
[3.852s] -- Up-to-date: /home/user/robo/sb-robot/microros_ws/install/micro_ros_msgs/include/micro_ros_msgs/micro_ros_msgs/msg/detail/graph__struct.hpp
[3.852s] -- Up-to-date: /home/user/robo/sb-robot/microros_ws/install/micro_ros_msgs/include/micro_ros_msgs/micro_ros_msgs/msg/graph.hpp
[3.852s] -- Up-to-date: /home/user/robo/sb-robot/microros_ws/install/micro_ros_msgs/include/micro_ros_msgs
[3.852s] -- Up-to-date: /home/user/robo/sb-robot/microros_ws/install/micro_ros_msgs/include/micro_ros_msgs/msg
[3.852s] -- Up-to-date: /home/user/robo/sb-robot/microros_ws/install/micro_ros_msgs/include/micro_ros_msgs/msg/detail
[3.852s] -- Up-to-date: /home/user/robo/sb-robot/microros_ws/install/micro_ros_msgs/include/micro_ros_msgs/msg/detail/microxrcedds
[3.852s] -- Installing: /home/user/robo/sb-robot/microros_ws/install/micro_ros_msgs/include/micro_ros_msgs/msg/detail/microxrcedds/entity__type_support_cpp.cpp
[3.853s] -- Installing: /home/user/robo/sb-robot/microros_ws/install/micro_ros_msgs/include/micro_ros_msgs/msg/detail/microxrcedds/node__type_support_cpp.cpp
[3.853s] -- Installing: /home/user/robo/sb-robot/microros_ws/install/micro_ros_msgs/include/micro_ros_msgs/msg/detail/microxrcedds/graph__type_support_cpp.cpp
[3.853s] -- Installing: /home/user/robo/sb-robot/microros_ws/install/micro_ros_msgs/include/micro_ros_msgs/msg/detail/graph__rosidl_typesupport_microxrcedds_cpp.hpp
[3.853s] -- Installing: /home/user/robo/sb-robot/microros_ws/install/micro_ros_msgs/include/micro_ros_msgs/msg/detail/node__rosidl_typesupport_microxrcedds_cpp.hpp
[3.853s] -- Installing: /home/user/robo/sb-robot/microros_ws/install/micro_ros_msgs/include/micro_ros_msgs/msg/detail/entity__rosidl_typesupport_microxrcedds_cpp.hpp
[3.853s] -- Installing: /home/user/robo/sb-robot/microros_ws/install/micro_ros_msgs/include/micro_ros_msgs/msg/rosidl_typesupport_microxrcedds_cpp__visibility_control.h
[3.853s] -- Installing: /home/user/robo/sb-robot/microros_ws/install/micro_ros_msgs/lib/libmicro_ros_msgs__rosidl_typesupport_microxrcedds_cpp.so
[3.853s] -- Set runtime path of "/home/user/robo/sb-robot/microros_ws/install/micro_ros_msgs/lib/libmicro_ros_msgs__rosidl_typesupport_microxrcedds_cpp.so" to ""
[3.853s] -- Up-to-date: /home/user/robo/sb-robot/microros_ws/install/micro_ros_msgs/include/micro_ros_msgs/micro_ros_msgs
[3.853s] -- Up-to-date: /home/user/robo/sb-robot/microros_ws/install/micro_ros_msgs/include/micro_ros_msgs/micro_ros_msgs/msg
[3.853s] -- Up-to-date: /home/user/robo/sb-robot/microros_ws/install/micro_ros_msgs/include/micro_ros_msgs/micro_ros_msgs/msg/rosidl_typesupport_fastrtps_cpp__visibility_control.h
[3.853s] -- Up-to-date: /home/user/robo/sb-robot/microros_ws/install/micro_ros_msgs/include/micro_ros_msgs/micro_ros_msgs/msg/detail
[3.854s] -- Up-to-date: /home/user/robo/sb-robot/microros_ws/install/micro_ros_msgs/include/micro_ros_msgs/micro_ros_msgs/msg/detail/graph__rosidl_typesupport_fastrtps_cpp.hpp
[3.854s] -- Up-to-date: /home/user/robo/sb-robot/microros_ws/install/micro_ros_msgs/include/micro_ros_msgs/micro_ros_msgs/msg/detail/entity__rosidl_typesupport_fastrtps_cpp.hpp
[3.854s] -- Up-to-date: /home/user/robo/sb-robot/microros_ws/install/micro_ros_msgs/include/micro_ros_msgs/micro_ros_msgs/msg/detail/node__rosidl_typesupport_fastrtps_cpp.hpp
[3.854s] -- Up-to-date: /home/user/robo/sb-robot/microros_ws/install/micro_ros_msgs/include/micro_ros_msgs/micro_ros_msgs/msg/detail/dds_fastrtps
[3.854s] -- Up-to-date: /home/user/robo/sb-robot/microros_ws/install/micro_ros_msgs/lib/libmicro_ros_msgs__rosidl_typesupport_fastrtps_cpp.so
[3.854s] -- Up-to-date: /home/user/robo/sb-robot/microros_ws/install/micro_ros_msgs/include/micro_ros_msgs/micro_ros_msgs
[3.854s] -- Up-to-date: /home/user/robo/sb-robot/microros_ws/install/micro_ros_msgs/include/micro_ros_msgs/micro_ros_msgs/msg
[3.854s] -- Up-to-date: /home/user/robo/sb-robot/microros_ws/install/micro_ros_msgs/include/micro_ros_msgs/micro_ros_msgs/msg/detail
[3.854s] -- Up-to-date: /home/user/robo/sb-robot/microros_ws/install/micro_ros_msgs/include/micro_ros_msgs/micro_ros_msgs/msg/detail/node__rosidl_typesupport_introspection_cpp.hpp
[3.854s] -- Up-to-date: /home/user/robo/sb-robot/microros_ws/install/micro_ros_msgs/include/micro_ros_msgs/micro_ros_msgs/msg/detail/entity__type_support.cpp
[3.854s] -- Up-to-date: /home/user/robo/sb-robot/microros_ws/install/micro_ros_msgs/include/micro_ros_msgs/micro_ros_msgs/msg/detail/node__type_support.cpp
[3.854s] -- Up-to-date: /home/user/robo/sb-robot/microros_ws/install/micro_ros_msgs/include/micro_ros_msgs/micro_ros_msgs/msg/detail/entity__rosidl_typesupport_introspection_cpp.hpp
[3.854s] -- Up-to-date: /home/user/robo/sb-robot/microros_ws/install/micro_ros_msgs/include/micro_ros_msgs/micro_ros_msgs/msg/detail/graph__type_support.cpp
[3.857s] -- Up-to-date: /home/user/robo/sb-robot/microros_ws/install/micro_ros_msgs/include/micro_ros_msgs/micro_ros_msgs/msg/detail/graph__rosidl_typesupport_introspection_cpp.hpp
[3.858s] -- Up-to-date: /home/user/robo/sb-robot/microros_ws/install/micro_ros_msgs/lib/libmicro_ros_msgs__rosidl_typesupport_introspection_cpp.so
[3.858s] -- Installing: /home/user/robo/sb-robot/microros_ws/install/micro_ros_msgs/lib/libmicro_ros_msgs__rosidl_typesupport_cpp.so
[3.858s] -- Set runtime path of "/home/user/robo/sb-robot/microros_ws/install/micro_ros_msgs/lib/libmicro_ros_msgs__rosidl_typesupport_cpp.so" to ""
[3.858s] -- Up-to-date: /home/user/robo/sb-robot/microros_ws/install/micro_ros_msgs/share/micro_ros_msgs/environment/pythonpath.sh
[3.858s] -- Installing: /home/user/robo/sb-robot/microros_ws/install/micro_ros_msgs/share/micro_ros_msgs/environment/pythonpath.dsv
[3.858s] -- Up-to-date: /home/user/robo/sb-robot/microros_ws/install/micro_ros_msgs/local/lib/python3.10/dist-packages/micro_ros_msgs-3.0.1-py3.10.egg-info
[3.859s] -- Installing: /home/user/robo/sb-robot/microros_ws/install/micro_ros_msgs/local/lib/python3.10/dist-packages/micro_ros_msgs-3.0.1-py3.10.egg-info/top_level.txt
[3.859s] -- Installing: /home/user/robo/sb-robot/microros_ws/install/micro_ros_msgs/local/lib/python3.10/dist-packages/micro_ros_msgs-3.0.1-py3.10.egg-info/dependency_links.txt
[3.859s] -- Installing: /home/user/robo/sb-robot/microros_ws/install/micro_ros_msgs/local/lib/python3.10/dist-packages/micro_ros_msgs-3.0.1-py3.10.egg-info/PKG-INFO
[3.859s] -- Installing: /home/user/robo/sb-robot/microros_ws/install/micro_ros_msgs/local/lib/python3.10/dist-packages/micro_ros_msgs-3.0.1-py3.10.egg-info/SOURCES.txt
[3.859s] -- Up-to-date: /home/user/robo/sb-robot/microros_ws/install/micro_ros_msgs/local/lib/python3.10/dist-packages/micro_ros_msgs
[3.859s] -- Installing: /home/user/robo/sb-robot/microros_ws/install/micro_ros_msgs/local/lib/python3.10/dist-packages/micro_ros_msgs/libmicro_ros_msgs__rosidl_generator_py.so
[3.859s] -- Installing: /home/user/robo/sb-robot/microros_ws/install/micro_ros_msgs/local/lib/python3.10/dist-packages/micro_ros_msgs/_micro_ros_msgs_s.ep.rosidl_typesupport_fastrtps_c.c
[3.859s] -- Installing: /home/user/robo/sb-robot/microros_ws/install/micro_ros_msgs/local/lib/python3.10/dist-packages/micro_ros_msgs/_micro_ros_msgs_s.ep.rosidl_typesupport_c.c
[3.859s] -- Installing: /home/user/robo/sb-robot/microros_ws/install/micro_ros_msgs/local/lib/python3.10/dist-packages/micro_ros_msgs/_micro_ros_msgs_s.ep.rosidl_typesupport_introspection_c.c
[3.859s] -- Installing: /home/user/robo/sb-robot/microros_ws/install/micro_ros_msgs/local/lib/python3.10/dist-packages/micro_ros_msgs/__init__.py
[3.860s] -- Installing: /home/user/robo/sb-robot/microros_ws/install/micro_ros_msgs/local/lib/python3.10/dist-packages/micro_ros_msgs/micro_ros_msgs_s__rosidl_typesupport_microxrcedds_c.cpython-310-x86_64-linux-gnu.so
[3.860s] -- Installing: /home/user/robo/sb-robot/microros_ws/install/micro_ros_msgs/local/lib/python3.10/dist-packages/micro_ros_msgs/micro_ros_msgs_s__rosidl_typesupport_fastrtps_c.cpython-310-x86_64-linux-gnu.so
[3.860s] -- Installing: /home/user/robo/sb-robot/microros_ws/install/micro_ros_msgs/local/lib/python3.10/dist-packages/micro_ros_msgs/micro_ros_msgs_s__rosidl_typesupport_c.cpython-310-x86_64-linux-gnu.so
[3.863s] -- Installing: /home/user/robo/sb-robot/microros_ws/install/micro_ros_msgs/local/lib/python3.10/dist-packages/micro_ros_msgs/micro_ros_msgs_s__rosidl_typesupport_introspection_c.cpython-310-x86_64-linux-gnu.so
[3.863s] -- Up-to-date: /home/user/robo/sb-robot/microros_ws/install/micro_ros_msgs/local/lib/python3.10/dist-packages/micro_ros_msgs/msg
[3.863s] -- Installing: /home/user/robo/sb-robot/microros_ws/install/micro_ros_msgs/local/lib/python3.10/dist-packages/micro_ros_msgs/msg/_entity.py
[3.863s] -- Installing: /home/user/robo/sb-robot/microros_ws/install/micro_ros_msgs/local/lib/python3.10/dist-packages/micro_ros_msgs/msg/_node_s.c
[3.863s] -- Installing: /home/user/robo/sb-robot/microros_ws/install/micro_ros_msgs/local/lib/python3.10/dist-packages/micro_ros_msgs/msg/_graph_s.c
[3.863s] -- Installing: /home/user/robo/sb-robot/microros_ws/install/micro_ros_msgs/local/lib/python3.10/dist-packages/micro_ros_msgs/msg/_graph.py
[3.863s] -- Installing: /home/user/robo/sb-robot/microros_ws/install/micro_ros_msgs/local/lib/python3.10/dist-packages/micro_ros_msgs/msg/__init__.py
[3.863s] -- Installing: /home/user/robo/sb-robot/microros_ws/install/micro_ros_msgs/local/lib/python3.10/dist-packages/micro_ros_msgs/msg/_node.py
[3.863s] -- Installing: /home/user/robo/sb-robot/microros_ws/install/micro_ros_msgs/local/lib/python3.10/dist-packages/micro_ros_msgs/msg/_entity_s.c
[3.863s] -- Installing: /home/user/robo/sb-robot/microros_ws/install/micro_ros_msgs/local/lib/python3.10/dist-packages/micro_ros_msgs/_micro_ros_msgs_s.ep.rosidl_typesupport_microxrcedds_c.c
[3.902s] Listing '/home/user/robo/sb-robot/microros_ws/install/micro_ros_msgs/local/lib/python3.10/dist-packages/micro_ros_msgs'...
[3.903s] Compiling '/home/user/robo/sb-robot/microros_ws/install/micro_ros_msgs/local/lib/python3.10/dist-packages/micro_ros_msgs/__init__.py'...
[3.903s] Listing '/home/user/robo/sb-robot/microros_ws/install/micro_ros_msgs/local/lib/python3.10/dist-packages/micro_ros_msgs/msg'...
[3.903s] Compiling '/home/user/robo/sb-robot/microros_ws/install/micro_ros_msgs/local/lib/python3.10/dist-packages/micro_ros_msgs/msg/__init__.py'...
[3.903s] Compiling '/home/user/robo/sb-robot/microros_ws/install/micro_ros_msgs/local/lib/python3.10/dist-packages/micro_ros_msgs/msg/_entity.py'...
[3.903s] Compiling '/home/user/robo/sb-robot/microros_ws/install/micro_ros_msgs/local/lib/python3.10/dist-packages/micro_ros_msgs/msg/_graph.py'...
[3.903s] Compiling '/home/user/robo/sb-robot/microros_ws/install/micro_ros_msgs/local/lib/python3.10/dist-packages/micro_ros_msgs/msg/_node.py'...
[3.910s] -- Installing: /home/user/robo/sb-robot/microros_ws/install/micro_ros_msgs/local/lib/python3.10/dist-packages/micro_ros_msgs/micro_ros_msgs_s__rosidl_typesupport_microxrcedds_c.cpython-310-x86_64-linux-gnu.so
[3.910s] -- Set runtime path of "/home/user/robo/sb-robot/microros_ws/install/micro_ros_msgs/local/lib/python3.10/dist-packages/micro_ros_msgs/micro_ros_msgs_s__rosidl_typesupport_microxrcedds_c.cpython-310-x86_64-linux-gnu.so" to ""
[3.910s] -- Installing: /home/user/robo/sb-robot/microros_ws/install/micro_ros_msgs/local/lib/python3.10/dist-packages/micro_ros_msgs/micro_ros_msgs_s__rosidl_typesupport_fastrtps_c.cpython-310-x86_64-linux-gnu.so
[3.913s] -- Set runtime path of "/home/user/robo/sb-robot/microros_ws/install/micro_ros_msgs/local/lib/python3.10/dist-packages/micro_ros_msgs/micro_ros_msgs_s__rosidl_typesupport_fastrtps_c.cpython-310-x86_64-linux-gnu.so" to ""
[3.913s] -- Installing: /home/user/robo/sb-robot/microros_ws/install/micro_ros_msgs/local/lib/python3.10/dist-packages/micro_ros_msgs/micro_ros_msgs_s__rosidl_typesupport_introspection_c.cpython-310-x86_64-linux-gnu.so
[3.913s] -- Set runtime path of "/home/user/robo/sb-robot/microros_ws/install/micro_ros_msgs/local/lib/python3.10/dist-packages/micro_ros_msgs/micro_ros_msgs_s__rosidl_typesupport_introspection_c.cpython-310-x86_64-linux-gnu.so" to ""
[3.913s] -- Installing: /home/user/robo/sb-robot/microros_ws/install/micro_ros_msgs/local/lib/python3.10/dist-packages/micro_ros_msgs/micro_ros_msgs_s__rosidl_typesupport_c.cpython-310-x86_64-linux-gnu.so
[3.913s] -- Set runtime path of "/home/user/robo/sb-robot/microros_ws/install/micro_ros_msgs/local/lib/python3.10/dist-packages/micro_ros_msgs/micro_ros_msgs_s__rosidl_typesupport_c.cpython-310-x86_64-linux-gnu.so" to ""
[3.914s] -- Installing: /home/user/robo/sb-robot/microros_ws/install/micro_ros_msgs/lib/libmicro_ros_msgs__rosidl_generator_py.so
[3.914s] -- Set runtime path of "/home/user/robo/sb-robot/microros_ws/install/micro_ros_msgs/lib/libmicro_ros_msgs__rosidl_generator_py.so" to ""
[3.914s] -- Up-to-date: /home/user/robo/sb-robot/microros_ws/install/micro_ros_msgs/share/micro_ros_msgs/msg/Graph.idl
[3.914s] -- Up-to-date: /home/user/robo/sb-robot/microros_ws/install/micro_ros_msgs/share/micro_ros_msgs/msg/Node.idl
[3.914s] -- Up-to-date: /home/user/robo/sb-robot/microros_ws/install/micro_ros_msgs/share/micro_ros_msgs/msg/Entity.idl
[3.914s] -- Up-to-date: /home/user/robo/sb-robot/microros_ws/install/micro_ros_msgs/share/micro_ros_msgs/msg/Graph.msg
[3.914s] -- Up-to-date: /home/user/robo/sb-robot/microros_ws/install/micro_ros_msgs/share/micro_ros_msgs/msg/Node.msg
[3.915s] -- Up-to-date: /home/user/robo/sb-robot/microros_ws/install/micro_ros_msgs/share/micro_ros_msgs/msg/Entity.msg
[3.915s] -- Up-to-date: /home/user/robo/sb-robot/microros_ws/install/micro_ros_msgs/share/ament_index/resource_index/package_run_dependencies/micro_ros_msgs
[3.915s] -- Installing: /home/user/robo/sb-robot/microros_ws/install/micro_ros_msgs/share/ament_index/resource_index/parent_prefix_path/micro_ros_msgs
[3.916s] -- Up-to-date: /home/user/robo/sb-robot/microros_ws/install/micro_ros_msgs/share/micro_ros_msgs/environment/ament_prefix_path.sh
[3.916s] -- Installing: /home/user/robo/sb-robot/microros_ws/install/micro_ros_msgs/share/micro_ros_msgs/environment/ament_prefix_path.dsv
[3.916s] -- Up-to-date: /home/user/robo/sb-robot/microros_ws/install/micro_ros_msgs/share/micro_ros_msgs/environment/path.sh
[3.916s] -- Installing: /home/user/robo/sb-robot/microros_ws/install/micro_ros_msgs/share/micro_ros_msgs/environment/path.dsv
[3.916s] -- Up-to-date: /home/user/robo/sb-robot/microros_ws/install/micro_ros_msgs/share/micro_ros_msgs/local_setup.bash
[3.916s] -- Up-to-date: /home/user/robo/sb-robot/microros_ws/install/micro_ros_msgs/share/micro_ros_msgs/local_setup.sh
[3.916s] -- Up-to-date: /home/user/robo/sb-robot/microros_ws/install/micro_ros_msgs/share/micro_ros_msgs/local_setup.zsh
[3.917s] -- Installing: /home/user/robo/sb-robot/microros_ws/install/micro_ros_msgs/share/micro_ros_msgs/local_setup.dsv
[3.917s] -- Installing: /home/user/robo/sb-robot/microros_ws/install/micro_ros_msgs/share/micro_ros_msgs/package.dsv
[3.919s] -- Up-to-date: /home/user/robo/sb-robot/microros_ws/install/micro_ros_msgs/share/ament_index/resource_index/packages/micro_ros_msgs
[3.919s] -- Up-to-date: /home/user/robo/sb-robot/microros_ws/install/micro_ros_msgs/share/micro_ros_msgs/cmake/export_micro_ros_msgs__rosidl_generator_cExport.cmake
[3.919s] -- Up-to-date: /home/user/robo/sb-robot/microros_ws/install/micro_ros_msgs/share/micro_ros_msgs/cmake/export_micro_ros_msgs__rosidl_generator_cExport-noconfig.cmake
[3.919s] -- Up-to-date: /home/user/robo/sb-robot/microros_ws/install/micro_ros_msgs/share/micro_ros_msgs/cmake/export_micro_ros_msgs__rosidl_typesupport_fastrtps_cExport.cmake
[3.919s] -- Up-to-date: /home/user/robo/sb-robot/microros_ws/install/micro_ros_msgs/share/micro_ros_msgs/cmake/export_micro_ros_msgs__rosidl_typesupport_fastrtps_cExport-noconfig.cmake
[3.919s] -- Up-to-date: /home/user/robo/sb-robot/microros_ws/install/micro_ros_msgs/share/micro_ros_msgs/cmake/micro_ros_msgs__rosidl_typesupport_introspection_cExport.cmake
[3.919s] -- Up-to-date: /home/user/robo/sb-robot/microros_ws/install/micro_ros_msgs/share/micro_ros_msgs/cmake/micro_ros_msgs__rosidl_typesupport_introspection_cExport-noconfig.cmake
[3.922s] -- Up-to-date: /home/user/robo/sb-robot/microros_ws/install/micro_ros_msgs/share/micro_ros_msgs/cmake/micro_ros_msgs__rosidl_typesupport_cExport.cmake
[3.922s] -- Up-to-date: /home/user/robo/sb-robot/microros_ws/install/micro_ros_msgs/share/micro_ros_msgs/cmake/micro_ros_msgs__rosidl_typesupport_cExport-noconfig.cmake
[3.922s] -- Up-to-date: /home/user/robo/sb-robot/microros_ws/install/micro_ros_msgs/share/micro_ros_msgs/cmake/export_micro_ros_msgs__rosidl_generator_cppExport.cmake
[3.922s] -- Up-to-date: /home/user/robo/sb-robot/microros_ws/install/micro_ros_msgs/share/micro_ros_msgs/cmake/export_micro_ros_msgs__rosidl_typesupport_fastrtps_cppExport.cmake
[3.922s] -- Up-to-date: /home/user/robo/sb-robot/microros_ws/install/micro_ros_msgs/share/micro_ros_msgs/cmake/export_micro_ros_msgs__rosidl_typesupport_fastrtps_cppExport-noconfig.cmake
[3.922s] -- Up-to-date: /home/user/robo/sb-robot/microros_ws/install/micro_ros_msgs/share/micro_ros_msgs/cmake/micro_ros_msgs__rosidl_typesupport_introspection_cppExport.cmake
[3.922s] -- Up-to-date: /home/user/robo/sb-robot/microros_ws/install/micro_ros_msgs/share/micro_ros_msgs/cmake/micro_ros_msgs__rosidl_typesupport_introspection_cppExport-noconfig.cmake
[3.925s] -- Up-to-date: /home/user/robo/sb-robot/microros_ws/install/micro_ros_msgs/share/micro_ros_msgs/cmake/micro_ros_msgs__rosidl_typesupport_cppExport.cmake
[3.926s] -- Up-to-date: /home/user/robo/sb-robot/microros_ws/install/micro_ros_msgs/share/micro_ros_msgs/cmake/micro_ros_msgs__rosidl_typesupport_cppExport-noconfig.cmake
[3.926s] -- Up-to-date: /home/user/robo/sb-robot/microros_ws/install/micro_ros_msgs/share/micro_ros_msgs/cmake/export_micro_ros_msgs__rosidl_generator_pyExport.cmake
[3.926s] -- Up-to-date: /home/user/robo/sb-robot/microros_ws/install/micro_ros_msgs/share/micro_ros_msgs/cmake/export_micro_ros_msgs__rosidl_generator_pyExport-noconfig.cmake
[3.926s] -- Up-to-date: /home/user/robo/sb-robot/microros_ws/install/micro_ros_msgs/share/micro_ros_msgs/cmake/rosidl_cmake-extras.cmake
[3.926s] -- Installing: /home/user/robo/sb-robot/microros_ws/install/micro_ros_msgs/share/micro_ros_msgs/cmake/ament_cmake_export_include_directories-extras.cmake
[3.926s] -- Up-to-date: /home/user/robo/sb-robot/microros_ws/install/micro_ros_msgs/share/micro_ros_msgs/cmake/ament_cmake_export_libraries-extras.cmake
[3.926s] -- Up-to-date: /home/user/robo/sb-robot/microros_ws/install/micro_ros_msgs/share/micro_ros_msgs/cmake/ament_cmake_export_targets-extras.cmake
[3.926s] -- Up-to-date: /home/user/robo/sb-robot/microros_ws/install/micro_ros_msgs/share/micro_ros_msgs/cmake/rosidl_cmake_export_typesupport_targets-extras.cmake
[3.926s] -- Up-to-date: /home/user/robo/sb-robot/microros_ws/install/micro_ros_msgs/share/micro_ros_msgs/cmake/ament_cmake_export_dependencies-extras.cmake
[3.927s] -- Installing: /home/user/robo/sb-robot/microros_ws/install/micro_ros_msgs/share/micro_ros_msgs/cmake/rosidl_cmake_export_typesupport_libraries-extras.cmake
[3.927s] -- Up-to-date: /home/user/robo/sb-robot/microros_ws/install/micro_ros_msgs/share/micro_ros_msgs/cmake/micro_ros_msgsConfig.cmake
[3.927s] -- Up-to-date: /home/user/robo/sb-robot/microros_ws/install/micro_ros_msgs/share/micro_ros_msgs/cmake/micro_ros_msgsConfig-version.cmake
[3.927s] -- Up-to-date: /home/user/robo/sb-robot/microros_ws/install/micro_ros_msgs/share/micro_ros_msgs/package.xml
[3.960s] Invoked command in '/home/user/robo/sb-robot/microros_ws/build/micro_ros_msgs' returned '0': CMAKE_PREFIX_PATH=${CMAKE_PREFIX_PATH}:/opt/ros/humble /usr/bin/cmake --install /home/user/robo/sb-robot/microros_ws/build/micro_ros_msgs
