[01m[K/home/user/robo/sb-robot/ros_ws/src/ws_hw_interface/src/ws_driver.cpp:1:10:[m[K [01;31m[Kfatal error: [m[Kws_driver.hpp: No such file or directory
    1 | #include [01;31m[K"ws_driver.hpp"[m[K
      |          [01;31m[K^~~~~~~~~~~~~~~[m[K
compilation terminated.
gmake[2]: *** [CMakeFiles/ws_hw_interface.dir/build.make:90: CMakeFiles/ws_hw_interface.dir/src/ws_driver.cpp.o] Error 1
gmake[2]: *** Waiting for unfinished jobs....
In file included from [01m[K/opt/ros/humble/include/rclcpp/rclcpp/logging.hpp:24[m[K,
                 from [01m[K/opt/ros/humble/include/rclcpp/rclcpp/client.hpp:40[m[K,
                 from [01m[K/opt/ros/humble/include/rclcpp/rclcpp/callback_group.hpp:24[m[K,
                 from [01m[K/opt/ros/humble/include/rclcpp/rclcpp/any_executable.hpp:20[m[K,
                 from [01m[K/opt/ros/humble/include/rclcpp/rclcpp/memory_strategy.hpp:25[m[K,
                 from [01m[K/opt/ros/humble/include/rclcpp/rclcpp/memory_strategies.hpp:18[m[K,
                 from [01m[K/opt/ros/humble/include/rclcpp/rclcpp/executor_options.hpp:20[m[K,
                 from [01m[K/opt/ros/humble/include/rclcpp/rclcpp/executor.hpp:37[m[K,
                 from [01m[K/opt/ros/humble/include/rclcpp/rclcpp/executors/multi_threaded_executor.hpp:25[m[K,
                 from [01m[K/opt/ros/humble/include/rclcpp/rclcpp/executors.hpp:21[m[K,
                 from [01m[K/opt/ros/humble/include/rclcpp/rclcpp/rclcpp.hpp:155[m[K,
                 from [01m[K/home/user/robo/sb-robot/ros_ws/src/ws_hw_interface/src/sb_system.cpp:11[m[K:
[01m[K/home/user/robo/sb-robot/ros_ws/src/ws_hw_interface/src/sb_system.cpp:[m[K In member function ‘[01m[Kvirtual hardware_interface::CallbackReturn ws_hw_interface::SBRobotSystemHardware::on_activate(const rclcpp_lifecycle::State&)[m[K’:
[01m[K/home/user/robo/sb-robot/ros_ws/src/ws_hw_interface/src/sb_system.cpp:179:28:[m[K [01;35m[Kwarning: [m[Kformat ‘[01m[K%s[m[K’ expects argument of type ‘[01m[Kchar*[m[K’, but argument 5 has type ‘[01m[Kstd::string[m[K’ {aka ‘[01m[Kstd::__cxx11::basic_string<char>[m[K’} [[01;35m[K]8;;https://gcc.gnu.org/onlinedocs/gcc/Warning-Options.html#index-Wformat=-Wformat=]8;;[m[K]
  179 |     RCLCPP_ERROR(*logger_, [01;35m[K"Failed to connect to WS device at %s with token %s"[m[K, cfg_.device_addr, cfg_.device_token);
      |                            [01;35m[K^~~~~~~~~~~~~~~~~~~~~~~~~~~~~~~~~~~~~~~~~~~~~~~~~~~~[m[K
[01m[K/home/user/robo/sb-robot/ros_ws/src/ws_hw_interface/src/sb_system.cpp:179:64:[m[K [01;36m[Knote: [m[Kformat string is defined here
  179 |     RCLCPP_ERROR(*logger_, "Failed to connect to WS device at [01;36m[K%s[m[K with token %s", cfg_.device_addr, cfg_.device_token);
      |                                                               [01;36m[K~^[m[K
      |                                                                [01;36m[K|[m[K
      |                                                                [01;36m[Kchar*[m[K
In file included from [01m[K/opt/ros/humble/include/rclcpp/rclcpp/logging.hpp:24[m[K,
                 from [01m[K/opt/ros/humble/include/rclcpp/rclcpp/client.hpp:40[m[K,
                 from [01m[K/opt/ros/humble/include/rclcpp/rclcpp/callback_group.hpp:24[m[K,
                 from [01m[K/opt/ros/humble/include/rclcpp/rclcpp/any_executable.hpp:20[m[K,
                 from [01m[K/opt/ros/humble/include/rclcpp/rclcpp/memory_strategy.hpp:25[m[K,
                 from [01m[K/opt/ros/humble/include/rclcpp/rclcpp/memory_strategies.hpp:18[m[K,
                 from [01m[K/opt/ros/humble/include/rclcpp/rclcpp/executor_options.hpp:20[m[K,
                 from [01m[K/opt/ros/humble/include/rclcpp/rclcpp/executor.hpp:37[m[K,
                 from [01m[K/opt/ros/humble/include/rclcpp/rclcpp/executors/multi_threaded_executor.hpp:25[m[K,
                 from [01m[K/opt/ros/humble/include/rclcpp/rclcpp/executors.hpp:21[m[K,
                 from [01m[K/opt/ros/humble/include/rclcpp/rclcpp/rclcpp.hpp:155[m[K,
                 from [01m[K/home/user/robo/sb-robot/ros_ws/src/ws_hw_interface/src/sb_system.cpp:11[m[K:
[01m[K/home/user/robo/sb-robot/ros_ws/src/ws_hw_interface/src/sb_system.cpp:179:28:[m[K [01;35m[Kwarning: [m[Kformat ‘[01m[K%s[m[K’ expects argument of type ‘[01m[Kchar*[m[K’, but argument 6 has type ‘[01m[Kstd::string[m[K’ {aka ‘[01m[Kstd::__cxx11::basic_string<char>[m[K’} [[01;35m[K]8;;https://gcc.gnu.org/onlinedocs/gcc/Warning-Options.html#index-Wformat=-Wformat=]8;;[m[K]
  179 |     RCLCPP_ERROR(*logger_, [01;35m[K"Failed to connect to WS device at %s with token %s"[m[K, cfg_.device_addr, cfg_.device_token);
      |                            [01;35m[K^~~~~~~~~~~~~~~~~~~~~~~~~~~~~~~~~~~~~~~~~~~~~~~~~~~~[m[K
[01m[K/home/user/robo/sb-robot/ros_ws/src/ws_hw_interface/src/sb_system.cpp:179:78:[m[K [01;36m[Knote: [m[Kformat string is defined here
  179 |     RCLCPP_ERROR(*logger_, "Failed to connect to WS device at %s with token [01;36m[K%s[m[K", cfg_.device_addr, cfg_.device_token);
      |                                                                             [01;36m[K~^[m[K
      |                                                                              [01;36m[K|[m[K
      |                                                                              [01;36m[Kchar*[m[K
gmake[1]: *** [CMakeFiles/Makefile2:137: CMakeFiles/ws_hw_interface.dir/all] Error 2
gmake: *** [Makefile:146: all] Error 2
