[0.006s] Invoking command in '/home/user/robo/sb-robot/ros_ws/build/ws_hw_interface': CMAKE_PREFIX_PATH=/opt/ros/humble /usr/bin/cmake /home/user/robo/sb-robot/ros_ws/src/ws_hw_interface -DAMENT_CMAKE_SYMLINK_INSTALL=1 -DCMAKE_INSTALL_PREFIX=/home/user/robo/sb-robot/ros_ws/install/ws_hw_interface
[0.047s] -- The C compiler identification is GNU 11.4.0
[0.088s] -- The CXX compiler identification is GNU 11.4.0
[0.096s] -- Detecting C compiler ABI info
[0.147s] -- Detecting C compiler ABI info - done
[0.154s] -- Check for working C compiler: /usr/bin/cc - skipped
[0.154s] -- Detecting C compile features
[0.154s] -- Detecting C compile features - done
[0.156s] -- Detecting CXX compiler ABI info
[0.214s] -- Detecting CXX compiler ABI info - done
[0.219s] -- Check for working CXX compiler: /usr/bin/c++ - skipped
[0.219s] -- Detecting CXX compile features
[0.220s] -- Detecting CXX compile features - done
[0.221s] -- Found ament_cmake: 1.3.11 (/opt/ros/humble/share/ament_cmake/cmake)
[0.320s] -- Found Python3: /usr/bin/python3 (found version "3.10.12") found components: Interpreter 
[0.357s] -- Override CMake install command with custom implementation using symlinks instead of copying resources
[0.373s] -- Found rclcpp: 16.0.11 (/opt/ros/humble/share/rclcpp/cmake)
[0.397s] -- Found rosidl_generator_c: 3.1.6 (/opt/ros/humble/share/rosidl_generator_c/cmake)
[0.400s] -- Found rosidl_adapter: 3.1.6 (/opt/ros/humble/share/rosidl_adapter/cmake)
[0.404s] -- Found rosidl_generator_cpp: 3.1.6 (/opt/ros/humble/share/rosidl_generator_cpp/cmake)
[0.410s] -- Using all available rosidl_typesupport_c: rosidl_typesupport_fastrtps_c;rosidl_typesupport_introspection_c
[0.423s] -- Using all available rosidl_typesupport_cpp: rosidl_typesupport_fastrtps_cpp;rosidl_typesupport_introspection_cpp
[0.446s] -- Found rmw_implementation_cmake: 6.1.2 (/opt/ros/humble/share/rmw_implementation_cmake/cmake)
[0.447s] -- Found rmw_fastrtps_cpp: 6.2.7 (/opt/ros/humble/share/rmw_fastrtps_cpp/cmake)
[0.508s] -- Found OpenSSL: /usr/lib/x86_64-linux-gnu/libcrypto.so (found version "3.0.2")  
[0.537s] -- Found FastRTPS: /opt/ros/humble/include  
[0.568s] -- Using RMW implementation 'rmw_fastrtps_cpp' as default
[0.573s] -- Looking for pthread.h
[0.628s] -- Looking for pthread.h - found
[0.628s] -- Performing Test CMAKE_HAVE_LIBC_PTHREAD
[0.678s] -- Performing Test CMAKE_HAVE_LIBC_PTHREAD - Success
[0.679s] -- Found Threads: TRUE  
[0.707s] -- Found hardware_interface: 2.48.0 (/opt/ros/humble/share/hardware_interface/cmake)
[0.829s] -- Configuring done
[0.861s] -- Generating done
[0.863s] -- Build files have been written to: /home/user/robo/sb-robot/ros_ws/build/ws_hw_interface
[0.869s] Invoked command in '/home/user/robo/sb-robot/ros_ws/build/ws_hw_interface' returned '0': CMAKE_PREFIX_PATH=/opt/ros/humble /usr/bin/cmake /home/user/robo/sb-robot/ros_ws/src/ws_hw_interface -DAMENT_CMAKE_SYMLINK_INSTALL=1 -DCMAKE_INSTALL_PREFIX=/home/user/robo/sb-robot/ros_ws/install/ws_hw_interface
[0.870s] Invoking command in '/home/user/robo/sb-robot/ros_ws/build/ws_hw_interface': CMAKE_PREFIX_PATH=/opt/ros/humble /usr/bin/cmake --build /home/user/robo/sb-robot/ros_ws/build/ws_hw_interface -- -j20 -l20
[0.909s] [ 33%] [32mBuilding CXX object CMakeFiles/ws_hw_interface.dir/src/sb_system.cpp.o[0m
[0.910s] [ 66%] [32mBuilding CXX object CMakeFiles/ws_hw_interface.dir/src/ws_driver.cpp.o[0m
[0.918s] [01m[K/home/user/robo/sb-robot/ros_ws/src/ws_hw_interface/src/ws_driver.cpp:1:10:[m[K [01;31m[Kfatal error: [m[Kws_driver.hpp: No such file or directory
[0.918s]     1 | #include [01;31m[K"ws_driver.hpp"[m[K
[0.918s]       |          [01;31m[K^~~~~~~~~~~~~~~[m[K
[0.918s] compilation terminated.
[0.918s] gmake[2]: *** [CMakeFiles/ws_hw_interface.dir/build.make:90: CMakeFiles/ws_hw_interface.dir/src/ws_driver.cpp.o] Error 1
[0.918s] gmake[2]: *** Waiting for unfinished jobs....
[2.844s] In file included from [01m[K/opt/ros/humble/include/rclcpp/rclcpp/logging.hpp:24[m[K,
[2.844s]                  from [01m[K/opt/ros/humble/include/rclcpp/rclcpp/client.hpp:40[m[K,
[2.844s]                  from [01m[K/opt/ros/humble/include/rclcpp/rclcpp/callback_group.hpp:24[m[K,
[2.844s]                  from [01m[K/opt/ros/humble/include/rclcpp/rclcpp/any_executable.hpp:20[m[K,
[2.844s]                  from [01m[K/opt/ros/humble/include/rclcpp/rclcpp/memory_strategy.hpp:25[m[K,
[2.844s]                  from [01m[K/opt/ros/humble/include/rclcpp/rclcpp/memory_strategies.hpp:18[m[K,
[2.844s]                  from [01m[K/opt/ros/humble/include/rclcpp/rclcpp/executor_options.hpp:20[m[K,
[2.844s]                  from [01m[K/opt/ros/humble/include/rclcpp/rclcpp/executor.hpp:37[m[K,
[2.844s]                  from [01m[K/opt/ros/humble/include/rclcpp/rclcpp/executors/multi_threaded_executor.hpp:25[m[K,
[2.844s]                  from [01m[K/opt/ros/humble/include/rclcpp/rclcpp/executors.hpp:21[m[K,
[2.844s]                  from [01m[K/opt/ros/humble/include/rclcpp/rclcpp/rclcpp.hpp:155[m[K,
[2.844s]                  from [01m[K/home/user/robo/sb-robot/ros_ws/src/ws_hw_interface/src/sb_system.cpp:11[m[K:
[2.844s] [01m[K/home/user/robo/sb-robot/ros_ws/src/ws_hw_interface/src/sb_system.cpp:[m[K In member function ‘[01m[Kvirtual hardware_interface::CallbackReturn ws_hw_interface::SBRobotSystemHardware::on_activate(const rclcpp_lifecycle::State&)[m[K’:
[2.844s] [01m[K/home/user/robo/sb-robot/ros_ws/src/ws_hw_interface/src/sb_system.cpp:179:28:[m[K [01;35m[Kwarning: [m[Kformat ‘[01m[K%s[m[K’ expects argument of type ‘[01m[Kchar*[m[K’, but argument 5 has type ‘[01m[Kstd::string[m[K’ {aka ‘[01m[Kstd::__cxx11::basic_string<char>[m[K’} [[01;35m[K]8;;https://gcc.gnu.org/onlinedocs/gcc/Warning-Options.html#index-Wformat=-Wformat=]8;;[m[K]
[2.844s]   179 |     RCLCPP_ERROR(*logger_, [01;35m[K"Failed to connect to WS device at %s with token %s"[m[K, cfg_.device_addr, cfg_.device_token);
[2.844s]       |                            [01;35m[K^~~~~~~~~~~~~~~~~~~~~~~~~~~~~~~~~~~~~~~~~~~~~~~~~~~~[m[K
[2.844s] [01m[K/home/user/robo/sb-robot/ros_ws/src/ws_hw_interface/src/sb_system.cpp:179:64:[m[K [01;36m[Knote: [m[Kformat string is defined here
[2.844s]   179 |     RCLCPP_ERROR(*logger_, "Failed to connect to WS device at [01;36m[K%s[m[K with token %s", cfg_.device_addr, cfg_.device_token);
[2.844s]       |                                                               [01;36m[K~^[m[K
[2.845s]       |                                                                [01;36m[K|[m[K
[2.845s]       |                                                                [01;36m[Kchar*[m[K
[2.845s] In file included from [01m[K/opt/ros/humble/include/rclcpp/rclcpp/logging.hpp:24[m[K,
[2.845s]                  from [01m[K/opt/ros/humble/include/rclcpp/rclcpp/client.hpp:40[m[K,
[2.845s]                  from [01m[K/opt/ros/humble/include/rclcpp/rclcpp/callback_group.hpp:24[m[K,
[2.845s]                  from [01m[K/opt/ros/humble/include/rclcpp/rclcpp/any_executable.hpp:20[m[K,
[2.845s]                  from [01m[K/opt/ros/humble/include/rclcpp/rclcpp/memory_strategy.hpp:25[m[K,
[2.845s]                  from [01m[K/opt/ros/humble/include/rclcpp/rclcpp/memory_strategies.hpp:18[m[K,
[2.845s]                  from [01m[K/opt/ros/humble/include/rclcpp/rclcpp/executor_options.hpp:20[m[K,
[2.845s]                  from [01m[K/opt/ros/humble/include/rclcpp/rclcpp/executor.hpp:37[m[K,
[2.845s]                  from [01m[K/opt/ros/humble/include/rclcpp/rclcpp/executors/multi_threaded_executor.hpp:25[m[K,
[2.845s]                  from [01m[K/opt/ros/humble/include/rclcpp/rclcpp/executors.hpp:21[m[K,
[2.845s]                  from [01m[K/opt/ros/humble/include/rclcpp/rclcpp/rclcpp.hpp:155[m[K,
[2.845s]                  from [01m[K/home/user/robo/sb-robot/ros_ws/src/ws_hw_interface/src/sb_system.cpp:11[m[K:
[2.845s] [01m[K/home/user/robo/sb-robot/ros_ws/src/ws_hw_interface/src/sb_system.cpp:179:28:[m[K [01;35m[Kwarning: [m[Kformat ‘[01m[K%s[m[K’ expects argument of type ‘[01m[Kchar*[m[K’, but argument 6 has type ‘[01m[Kstd::string[m[K’ {aka ‘[01m[Kstd::__cxx11::basic_string<char>[m[K’} [[01;35m[K]8;;https://gcc.gnu.org/onlinedocs/gcc/Warning-Options.html#index-Wformat=-Wformat=]8;;[m[K]
[2.845s]   179 |     RCLCPP_ERROR(*logger_, [01;35m[K"Failed to connect to WS device at %s with token %s"[m[K, cfg_.device_addr, cfg_.device_token);
[2.845s]       |                            [01;35m[K^~~~~~~~~~~~~~~~~~~~~~~~~~~~~~~~~~~~~~~~~~~~~~~~~~~~[m[K
[2.845s] [01m[K/home/user/robo/sb-robot/ros_ws/src/ws_hw_interface/src/sb_system.cpp:179:78:[m[K [01;36m[Knote: [m[Kformat string is defined here
[2.845s]   179 |     RCLCPP_ERROR(*logger_, "Failed to connect to WS device at %s with token [01;36m[K%s[m[K", cfg_.device_addr, cfg_.device_token);
[2.845s]       |                                                                             [01;36m[K~^[m[K
[2.845s]       |                                                                              [01;36m[K|[m[K
[2.845s]       |                                                                              [01;36m[Kchar*[m[K
[3.845s] gmake[1]: *** [CMakeFiles/Makefile2:137: CMakeFiles/ws_hw_interface.dir/all] Error 2
[3.845s] gmake: *** [Makefile:146: all] Error 2
[3.847s] Invoked command in '/home/user/robo/sb-robot/ros_ws/build/ws_hw_interface' returned '2': CMAKE_PREFIX_PATH=/opt/ros/humble /usr/bin/cmake --build /home/user/robo/sb-robot/ros_ws/build/ws_hw_interface -- -j20 -l20
