[0.023s] Invoking command in '/home/user/robo/sb-robot/microros_ws/build/builtin_interfaces': CMAKE_PREFIX_PATH=${CMAKE_PREFIX_PATH}:/opt/ros/humble /usr/bin/cmake /home/user/robo/sb-robot/microros_ws/src/ros2/rcl_interfaces/builtin_interfaces -DCMAKE_INSTALL_PREFIX=/home/user/robo/sb-robot/microros_ws/install/builtin_interfaces
[0.037s] -- Found ament_cmake: 1.3.11 (/opt/ros/humble/share/ament_cmake/cmake)
[0.165s] -- Found rosidl_default_generators: 1.2.0 (/opt/ros/humble/share/rosidl_default_generators/cmake)
[0.168s] -- Using all available rosidl_typesupport_c: rosidl_typesupport_microxrcedds_c;rosidl_typesupport_fastrtps_c;rosidl_typesupport_introspection_c
[0.170s] -- Found rosidl_adapter: 3.1.6 (/opt/ros/humble/share/rosidl_adapter/cmake)
[0.196s] -- Using all available rosidl_typesupport_cpp: rosidl_typesupport_microxrcedds_cpp;rosidl_typesupport_fastrtps_cpp;rosidl_typesupport_introspection_cpp
[0.432s] -- Found ament_cmake_cppcheck: 0.12.11 (/opt/ros/humble/share/ament_cmake_cppcheck/cmake)
[0.433s] -- Found ament_cmake_cpplint: 0.12.11 (/opt/ros/humble/share/ament_cmake_cpplint/cmake)
[0.433s] -- Found ament_cmake_uncrustify: 0.12.11 (/opt/ros/humble/share/ament_cmake_uncrustify/cmake)
[0.434s] -- Found ament_cmake_ros: 0.10.0 (/opt/ros/humble/share/ament_cmake_ros/cmake)
[0.651s] -- Using all available rosidl_typesupport_c: rosidl_typesupport_microxrcedds_c;rosidl_typesupport_fastrtps_c;rosidl_typesupport_introspection_c
[0.917s] -- Using all available rosidl_typesupport_cpp: rosidl_typesupport_microxrcedds_cpp;rosidl_typesupport_fastrtps_cpp;rosidl_typesupport_introspection_cpp
[0.947s] -- Found python_cmake_module: 0.10.0 (/opt/ros/humble/share/python_cmake_module/cmake)
[0.976s] -- Using PYTHON_EXECUTABLE: /usr/bin/python3
[0.976s] -- Using PYTHON_INCLUDE_DIRS: /usr/include/python3.10
[0.976s] -- Using PYTHON_LIBRARIES: /usr/lib/x86_64-linux-gnu/libpython3.10.so
[0.998s] -- Found ament_cmake_flake8: 0.12.11 (/opt/ros/humble/share/ament_cmake_flake8/cmake)
[0.999s] -- Found ament_cmake_pep257: 0.12.11 (/opt/ros/humble/share/ament_cmake_pep257/cmake)
[1.004s] -- Configuring done
[1.030s] -- Generating done
[1.039s] -- Build files have been written to: /home/user/robo/sb-robot/microros_ws/build/builtin_interfaces
[1.047s] Invoked command in '/home/user/robo/sb-robot/microros_ws/build/builtin_interfaces' returned '0': CMAKE_PREFIX_PATH=${CMAKE_PREFIX_PATH}:/opt/ros/humble /usr/bin/cmake /home/user/robo/sb-robot/microros_ws/src/ros2/rcl_interfaces/builtin_interfaces -DCMAKE_INSTALL_PREFIX=/home/user/robo/sb-robot/microros_ws/install/builtin_interfaces
[1.049s] Invoking command in '/home/user/robo/sb-robot/microros_ws/build/builtin_interfaces': CMAKE_PREFIX_PATH=${CMAKE_PREFIX_PATH}:/opt/ros/humble /usr/bin/cmake --build /home/user/robo/sb-robot/microros_ws/build/builtin_interfaces -- -j20 -l20
[1.104s] [35m[1mConsolidate compiler generated dependencies of target builtin_interfaces__rosidl_generator_c[0m
[1.117s] [  2%] Built target builtin_interfaces__cpp
[1.119s] [ 10%] Built target builtin_interfaces__rosidl_generator_c
[1.135s] [35m[1mConsolidate compiler generated dependencies of target builtin_interfaces__rosidl_typesupport_fastrtps_cpp[0m
[1.136s] [ 12%] Built target ament_cmake_python_copy_builtin_interfaces
[1.137s] [ 14%] [34m[1mGenerating C++ type support dispatch for ROS interfaces[0m
[1.137s] [ 14%] [34m[1mGenerating C++ type support for eProsima Micro XRCE-DDS[0m
[1.137s] [ 16%] [34m[1mGenerating C type support dispatch for ROS interfaces[0m
[1.137s] [35m[1mConsolidate compiler generated dependencies of target builtin_interfaces__rosidl_typesupport_fastrtps_c[0m
[1.138s] [ 18%] [34m[1mGenerating C type support for eProsima Micro XRCE-DDS[0m
[1.143s] [35m[1mConsolidate compiler generated dependencies of target builtin_interfaces__rosidl_typesupport_introspection_c[0m
[1.143s] [35m[1mConsolidate compiler generated dependencies of target builtin_interfaces__rosidl_typesupport_introspection_cpp[0m
[1.165s] [ 26%] Built target builtin_interfaces__rosidl_typesupport_fastrtps_cpp
[1.171s] [ 34%] Built target builtin_interfaces__rosidl_typesupport_introspection_c
[1.173s] [ 42%] Built target builtin_interfaces__rosidl_typesupport_fastrtps_c
[1.173s] [ 51%] Built target builtin_interfaces__rosidl_typesupport_introspection_cpp
[1.504s] running egg_info
[1.504s] writing builtin_interfaces.egg-info/PKG-INFO
[1.504s] writing dependency_links to builtin_interfaces.egg-info/dependency_links.txt
[1.508s] writing top-level names to builtin_interfaces.egg-info/top_level.txt
[1.508s] reading manifest file 'builtin_interfaces.egg-info/SOURCES.txt'
[1.511s] writing manifest file 'builtin_interfaces.egg-info/SOURCES.txt'
[1.518s] [35m[1mConsolidate compiler generated dependencies of target builtin_interfaces__rosidl_typesupport_c[0m
[1.535s] [35m[1mConsolidate compiler generated dependencies of target builtin_interfaces__rosidl_typesupport_cpp[0m
[1.550s] [ 53%] [32mBuilding CXX object CMakeFiles/builtin_interfaces__rosidl_typesupport_c.dir/rosidl_typesupport_c/builtin_interfaces/msg/time__type_support.cpp.o[0m
[1.551s] [ 55%] [32mBuilding CXX object CMakeFiles/builtin_interfaces__rosidl_typesupport_c.dir/rosidl_typesupport_c/builtin_interfaces/msg/duration__type_support.cpp.o[0m
[1.563s] [ 57%] [32mBuilding CXX object CMakeFiles/builtin_interfaces__rosidl_typesupport_cpp.dir/rosidl_typesupport_cpp/builtin_interfaces/msg/duration__type_support.cpp.o[0m
[1.569s] [ 59%] [32mBuilding CXX object CMakeFiles/builtin_interfaces__rosidl_typesupport_cpp.dir/rosidl_typesupport_cpp/builtin_interfaces/msg/time__type_support.cpp.o[0m
[1.578s] [ 59%] Built target ament_cmake_python_build_builtin_interfaces_egg
[1.609s] [ 61%] [32mBuilding C object CMakeFiles/builtin_interfaces__rosidl_typesupport_microxrcedds_c.dir/rosidl_typesupport_microxrcedds_c/builtin_interfaces/msg/detail/microxrcedds/time__type_support_c.c.o[0m
[1.609s] [ 63%] [32mBuilding C object CMakeFiles/builtin_interfaces__rosidl_typesupport_microxrcedds_c.dir/rosidl_typesupport_microxrcedds_c/builtin_interfaces/msg/detail/microxrcedds/duration__type_support_c.c.o[0m
[1.626s] [ 65%] [32m[1mLinking CXX shared library libbuiltin_interfaces__rosidl_typesupport_c.so[0m
[1.636s] [ 67%] [32mBuilding CXX object CMakeFiles/builtin_interfaces__rosidl_typesupport_microxrcedds_cpp.dir/rosidl_typesupport_microxrcedds_cpp/builtin_interfaces/msg/detail/microxrcedds/duration__type_support_cpp.cpp.o[0m
[1.645s] [ 69%] [32mBuilding CXX object CMakeFiles/builtin_interfaces__rosidl_typesupport_microxrcedds_cpp.dir/rosidl_typesupport_microxrcedds_cpp/builtin_interfaces/msg/detail/microxrcedds/time__type_support_cpp.cpp.o[0m
[1.672s] [ 71%] [32m[1mLinking C shared library libbuiltin_interfaces__rosidl_typesupport_microxrcedds_c.so[0m
[1.703s] [ 71%] Built target builtin_interfaces__rosidl_typesupport_c
[1.730s] [ 71%] Built target builtin_interfaces__rosidl_typesupport_microxrcedds_c
[1.963s] [ 73%] [32m[1mLinking CXX shared library libbuiltin_interfaces__rosidl_typesupport_cpp.so[0m
[2.120s] [ 73%] Built target builtin_interfaces__rosidl_typesupport_cpp
[2.134s] [ 75%] [32m[1mLinking CXX shared library libbuiltin_interfaces__rosidl_typesupport_microxrcedds_cpp.so[0m
[2.206s] [ 75%] Built target builtin_interfaces__rosidl_typesupport_microxrcedds_cpp
[2.232s] [ 75%] Built target builtin_interfaces
[2.255s] [ 77%] [34m[1mGenerating Python code for ROS interfaces[0m
[2.790s] [ 77%] Built target builtin_interfaces__py
[2.801s] [35m[1mConsolidate compiler generated dependencies of target builtin_interfaces__rosidl_generator_py[0m
[2.820s] [ 79%] [32mBuilding C object CMakeFiles/builtin_interfaces__rosidl_generator_py.dir/rosidl_generator_py/builtin_interfaces/msg/_duration_s.c.o[0m
[2.827s] [ 81%] [32mBuilding C object CMakeFiles/builtin_interfaces__rosidl_generator_py.dir/rosidl_generator_py/builtin_interfaces/msg/_time_s.c.o[0m
[3.050s] [ 83%] [32m[1mLinking C shared library rosidl_generator_py/builtin_interfaces/libbuiltin_interfaces__rosidl_generator_py.so[0m
[3.170s] [ 83%] Built target builtin_interfaces__rosidl_generator_py
[3.205s] [35m[1mConsolidate compiler generated dependencies of target builtin_interfaces__rosidl_typesupport_introspection_c__pyext[0m
[3.209s] [35m[1mConsolidate compiler generated dependencies of target builtin_interfaces__rosidl_typesupport_fastrtps_c__pyext[0m
[3.211s] [35m[1mConsolidate compiler generated dependencies of target builtin_interfaces__rosidl_typesupport_c__pyext[0m
[3.238s] [ 85%] [32mBuilding C object CMakeFiles/builtin_interfaces__rosidl_typesupport_microxrcedds_c__pyext.dir/rosidl_generator_py/builtin_interfaces/_builtin_interfaces_s.ep.rosidl_typesupport_microxrcedds_c.c.o[0m
[3.244s] [ 87%] [32mBuilding C object CMakeFiles/builtin_interfaces__rosidl_typesupport_fastrtps_c__pyext.dir/rosidl_generator_py/builtin_interfaces/_builtin_interfaces_s.ep.rosidl_typesupport_fastrtps_c.c.o[0m
[3.250s] [ 89%] [32mBuilding C object CMakeFiles/builtin_interfaces__rosidl_typesupport_c__pyext.dir/rosidl_generator_py/builtin_interfaces/_builtin_interfaces_s.ep.rosidl_typesupport_c.c.o[0m
[3.253s] [ 91%] [32mBuilding C object CMakeFiles/builtin_interfaces__rosidl_typesupport_introspection_c__pyext.dir/rosidl_generator_py/builtin_interfaces/_builtin_interfaces_s.ep.rosidl_typesupport_introspection_c.c.o[0m
[3.414s] [ 93%] [32m[1mLinking C shared library rosidl_generator_py/builtin_interfaces/builtin_interfaces_s__rosidl_typesupport_introspection_c.cpython-310-x86_64-linux-gnu.so[0m
[3.438s] [ 95%] [32m[1mLinking C shared library rosidl_generator_py/builtin_interfaces/builtin_interfaces_s__rosidl_typesupport_c.cpython-310-x86_64-linux-gnu.so[0m
[3.516s] [ 95%] Built target builtin_interfaces__rosidl_typesupport_introspection_c__pyext
[3.516s] [ 97%] [32m[1mLinking C shared library rosidl_generator_py/builtin_interfaces/builtin_interfaces_s__rosidl_typesupport_microxrcedds_c.cpython-310-x86_64-linux-gnu.so[0m
[3.517s] [100%] [32m[1mLinking C shared library rosidl_generator_py/builtin_interfaces/builtin_interfaces_s__rosidl_typesupport_fastrtps_c.cpython-310-x86_64-linux-gnu.so[0m
[3.542s] [100%] Built target builtin_interfaces__rosidl_typesupport_c__pyext
[3.624s] [100%] Built target builtin_interfaces__rosidl_typesupport_microxrcedds_c__pyext
[3.643s] [100%] Built target builtin_interfaces__rosidl_typesupport_fastrtps_c__pyext
[3.687s] Invoked command in '/home/user/robo/sb-robot/microros_ws/build/builtin_interfaces' returned '0': CMAKE_PREFIX_PATH=${CMAKE_PREFIX_PATH}:/opt/ros/humble /usr/bin/cmake --build /home/user/robo/sb-robot/microros_ws/build/builtin_interfaces -- -j20 -l20
[3.696s] Invoking command in '/home/user/robo/sb-robot/microros_ws/build/builtin_interfaces': CMAKE_PREFIX_PATH=${CMAKE_PREFIX_PATH}:/opt/ros/humble /usr/bin/cmake --install /home/user/robo/sb-robot/microros_ws/build/builtin_interfaces
[3.714s] -- Install configuration: ""
[3.714s] -- Up-to-date: /home/user/robo/sb-robot/microros_ws/install/builtin_interfaces/share/ament_index/resource_index/rosidl_interfaces/builtin_interfaces
[3.715s] -- Up-to-date: /home/user/robo/sb-robot/microros_ws/install/builtin_interfaces/include/builtin_interfaces/builtin_interfaces
[3.715s] -- Up-to-date: /home/user/robo/sb-robot/microros_ws/install/builtin_interfaces/include/builtin_interfaces/builtin_interfaces/msg
[3.715s] -- Up-to-date: /home/user/robo/sb-robot/microros_ws/install/builtin_interfaces/include/builtin_interfaces/builtin_interfaces/msg/detail
[3.715s] -- Up-to-date: /home/user/robo/sb-robot/microros_ws/install/builtin_interfaces/include/builtin_interfaces/builtin_interfaces/msg/detail/time__struct.h
[3.715s] -- Up-to-date: /home/user/robo/sb-robot/microros_ws/install/builtin_interfaces/include/builtin_interfaces/builtin_interfaces/msg/detail/time__type_support.h
[3.715s] -- Up-to-date: /home/user/robo/sb-robot/microros_ws/install/builtin_interfaces/include/builtin_interfaces/builtin_interfaces/msg/detail/time__functions.c
[3.715s] -- Up-to-date: /home/user/robo/sb-robot/microros_ws/install/builtin_interfaces/include/builtin_interfaces/builtin_interfaces/msg/detail/duration__type_support.h
[3.715s] -- Up-to-date: /home/user/robo/sb-robot/microros_ws/install/builtin_interfaces/include/builtin_interfaces/builtin_interfaces/msg/detail/time__functions.h
[3.715s] -- Up-to-date: /home/user/robo/sb-robot/microros_ws/install/builtin_interfaces/include/builtin_interfaces/builtin_interfaces/msg/detail/duration__functions.c
[3.715s] -- Up-to-date: /home/user/robo/sb-robot/microros_ws/install/builtin_interfaces/include/builtin_interfaces/builtin_interfaces/msg/detail/duration__struct.h
[3.715s] -- Up-to-date: /home/user/robo/sb-robot/microros_ws/install/builtin_interfaces/include/builtin_interfaces/builtin_interfaces/msg/detail/duration__functions.h
[3.715s] -- Up-to-date: /home/user/robo/sb-robot/microros_ws/install/builtin_interfaces/include/builtin_interfaces/builtin_interfaces/msg/duration.h
[3.716s] -- Up-to-date: /home/user/robo/sb-robot/microros_ws/install/builtin_interfaces/include/builtin_interfaces/builtin_interfaces/msg/rosidl_generator_c__visibility_control.h
[3.716s] -- Up-to-date: /home/user/robo/sb-robot/microros_ws/install/builtin_interfaces/include/builtin_interfaces/builtin_interfaces/msg/time.h
[3.716s] -- Up-to-date: /home/user/robo/sb-robot/microros_ws/install/builtin_interfaces/share/builtin_interfaces/environment/library_path.sh
[3.718s] -- Installing: /home/user/robo/sb-robot/microros_ws/install/builtin_interfaces/share/builtin_interfaces/environment/library_path.dsv
[3.718s] -- Up-to-date: /home/user/robo/sb-robot/microros_ws/install/builtin_interfaces/lib/libbuiltin_interfaces__rosidl_generator_c.so
[3.718s] -- Up-to-date: /home/user/robo/sb-robot/microros_ws/install/builtin_interfaces/include/builtin_interfaces
[3.718s] -- Installing: /home/user/robo/sb-robot/microros_ws/install/builtin_interfaces/include/builtin_interfaces/msg
[3.718s] -- Installing: /home/user/robo/sb-robot/microros_ws/install/builtin_interfaces/include/builtin_interfaces/msg/rosidl_typesupport_microxrcedds_c__visibility_control.h
[3.718s] -- Installing: /home/user/robo/sb-robot/microros_ws/install/builtin_interfaces/include/builtin_interfaces/msg/detail
[3.718s] -- Installing: /home/user/robo/sb-robot/microros_ws/install/builtin_interfaces/include/builtin_interfaces/msg/detail/microxrcedds
[3.719s] -- Installing: /home/user/robo/sb-robot/microros_ws/install/builtin_interfaces/include/builtin_interfaces/msg/detail/duration__rosidl_typesupport_microxrcedds_c.h
[3.719s] -- Installing: /home/user/robo/sb-robot/microros_ws/install/builtin_interfaces/include/builtin_interfaces/msg/detail/time__rosidl_typesupport_microxrcedds_c.h
[3.719s] -- Installing: /home/user/robo/sb-robot/microros_ws/install/builtin_interfaces/lib/libbuiltin_interfaces__rosidl_typesupport_microxrcedds_c.so
[3.720s] -- Set runtime path of "/home/user/robo/sb-robot/microros_ws/install/builtin_interfaces/lib/libbuiltin_interfaces__rosidl_typesupport_microxrcedds_c.so" to ""
[3.720s] -- Up-to-date: /home/user/robo/sb-robot/microros_ws/install/builtin_interfaces/include/builtin_interfaces/builtin_interfaces
[3.722s] -- Up-to-date: /home/user/robo/sb-robot/microros_ws/install/builtin_interfaces/include/builtin_interfaces/builtin_interfaces/msg
[3.722s] -- Up-to-date: /home/user/robo/sb-robot/microros_ws/install/builtin_interfaces/include/builtin_interfaces/builtin_interfaces/msg/detail
[3.722s] -- Up-to-date: /home/user/robo/sb-robot/microros_ws/install/builtin_interfaces/include/builtin_interfaces/builtin_interfaces/msg/detail/time__rosidl_typesupport_fastrtps_c.h
[3.722s] -- Up-to-date: /home/user/robo/sb-robot/microros_ws/install/builtin_interfaces/include/builtin_interfaces/builtin_interfaces/msg/detail/duration__rosidl_typesupport_fastrtps_c.h
[3.722s] -- Up-to-date: /home/user/robo/sb-robot/microros_ws/install/builtin_interfaces/include/builtin_interfaces/builtin_interfaces/msg/rosidl_typesupport_fastrtps_c__visibility_control.h
[3.722s] -- Up-to-date: /home/user/robo/sb-robot/microros_ws/install/builtin_interfaces/lib/libbuiltin_interfaces__rosidl_typesupport_fastrtps_c.so
[3.722s] -- Up-to-date: /home/user/robo/sb-robot/microros_ws/install/builtin_interfaces/include/builtin_interfaces/builtin_interfaces
[3.722s] -- Up-to-date: /home/user/robo/sb-robot/microros_ws/install/builtin_interfaces/include/builtin_interfaces/builtin_interfaces/msg
[3.722s] -- Up-to-date: /home/user/robo/sb-robot/microros_ws/install/builtin_interfaces/include/builtin_interfaces/builtin_interfaces/msg/detail
[3.723s] -- Up-to-date: /home/user/robo/sb-robot/microros_ws/install/builtin_interfaces/include/builtin_interfaces/builtin_interfaces/msg/detail/time__rosidl_typesupport_introspection_c.h
[3.723s] -- Up-to-date: /home/user/robo/sb-robot/microros_ws/install/builtin_interfaces/include/builtin_interfaces/builtin_interfaces/msg/detail/time__type_support.c
[3.723s] -- Up-to-date: /home/user/robo/sb-robot/microros_ws/install/builtin_interfaces/include/builtin_interfaces/builtin_interfaces/msg/detail/duration__type_support.c
[3.723s] -- Up-to-date: /home/user/robo/sb-robot/microros_ws/install/builtin_interfaces/include/builtin_interfaces/builtin_interfaces/msg/detail/duration__rosidl_typesupport_introspection_c.h
[3.723s] -- Up-to-date: /home/user/robo/sb-robot/microros_ws/install/builtin_interfaces/include/builtin_interfaces/builtin_interfaces/msg/rosidl_typesupport_introspection_c__visibility_control.h
[3.726s] -- Up-to-date: /home/user/robo/sb-robot/microros_ws/install/builtin_interfaces/lib/libbuiltin_interfaces__rosidl_typesupport_introspection_c.so
[3.726s] -- Installing: /home/user/robo/sb-robot/microros_ws/install/builtin_interfaces/lib/libbuiltin_interfaces__rosidl_typesupport_c.so
[3.727s] -- Set runtime path of "/home/user/robo/sb-robot/microros_ws/install/builtin_interfaces/lib/libbuiltin_interfaces__rosidl_typesupport_c.so" to ""
[3.727s] -- Up-to-date: /home/user/robo/sb-robot/microros_ws/install/builtin_interfaces/include/builtin_interfaces/builtin_interfaces
[3.727s] -- Up-to-date: /home/user/robo/sb-robot/microros_ws/install/builtin_interfaces/include/builtin_interfaces/builtin_interfaces/msg
[3.727s] -- Up-to-date: /home/user/robo/sb-robot/microros_ws/install/builtin_interfaces/include/builtin_interfaces/builtin_interfaces/msg/rosidl_generator_cpp__visibility_control.hpp
[3.727s] -- Up-to-date: /home/user/robo/sb-robot/microros_ws/install/builtin_interfaces/include/builtin_interfaces/builtin_interfaces/msg/detail
[3.727s] -- Up-to-date: /home/user/robo/sb-robot/microros_ws/install/builtin_interfaces/include/builtin_interfaces/builtin_interfaces/msg/detail/time__struct.hpp
[3.727s] -- Up-to-date: /home/user/robo/sb-robot/microros_ws/install/builtin_interfaces/include/builtin_interfaces/builtin_interfaces/msg/detail/time__type_support.hpp
[3.727s] -- Up-to-date: /home/user/robo/sb-robot/microros_ws/install/builtin_interfaces/include/builtin_interfaces/builtin_interfaces/msg/detail/duration__struct.hpp
[3.727s] -- Up-to-date: /home/user/robo/sb-robot/microros_ws/install/builtin_interfaces/include/builtin_interfaces/builtin_interfaces/msg/detail/duration__builder.hpp
[3.727s] -- Up-to-date: /home/user/robo/sb-robot/microros_ws/install/builtin_interfaces/include/builtin_interfaces/builtin_interfaces/msg/detail/time__traits.hpp
[3.727s] -- Up-to-date: /home/user/robo/sb-robot/microros_ws/install/builtin_interfaces/include/builtin_interfaces/builtin_interfaces/msg/detail/duration__traits.hpp
[3.728s] -- Up-to-date: /home/user/robo/sb-robot/microros_ws/install/builtin_interfaces/include/builtin_interfaces/builtin_interfaces/msg/detail/duration__type_support.hpp
[3.728s] -- Up-to-date: /home/user/robo/sb-robot/microros_ws/install/builtin_interfaces/include/builtin_interfaces/builtin_interfaces/msg/detail/time__builder.hpp
[3.728s] -- Up-to-date: /home/user/robo/sb-robot/microros_ws/install/builtin_interfaces/include/builtin_interfaces/builtin_interfaces/msg/time.hpp
[3.728s] -- Up-to-date: /home/user/robo/sb-robot/microros_ws/install/builtin_interfaces/include/builtin_interfaces/builtin_interfaces/msg/duration.hpp
[3.728s] -- Up-to-date: /home/user/robo/sb-robot/microros_ws/install/builtin_interfaces/include/builtin_interfaces
[3.728s] -- Up-to-date: /home/user/robo/sb-robot/microros_ws/install/builtin_interfaces/include/builtin_interfaces/msg
[3.728s] -- Up-to-date: /home/user/robo/sb-robot/microros_ws/install/builtin_interfaces/include/builtin_interfaces/msg/detail
[3.728s] -- Up-to-date: /home/user/robo/sb-robot/microros_ws/install/builtin_interfaces/include/builtin_interfaces/msg/detail/microxrcedds
[3.728s] -- Installing: /home/user/robo/sb-robot/microros_ws/install/builtin_interfaces/include/builtin_interfaces/msg/detail/microxrcedds/time__type_support_cpp.cpp
[3.728s] -- Installing: /home/user/robo/sb-robot/microros_ws/install/builtin_interfaces/include/builtin_interfaces/msg/detail/microxrcedds/duration__type_support_cpp.cpp
[3.728s] -- Installing: /home/user/robo/sb-robot/microros_ws/install/builtin_interfaces/include/builtin_interfaces/msg/detail/time__rosidl_typesupport_microxrcedds_cpp.hpp
[3.729s] -- Installing: /home/user/robo/sb-robot/microros_ws/install/builtin_interfaces/include/builtin_interfaces/msg/detail/duration__rosidl_typesupport_microxrcedds_cpp.hpp
[3.729s] -- Installing: /home/user/robo/sb-robot/microros_ws/install/builtin_interfaces/include/builtin_interfaces/msg/rosidl_typesupport_microxrcedds_cpp__visibility_control.h
[3.729s] -- Installing: /home/user/robo/sb-robot/microros_ws/install/builtin_interfaces/lib/libbuiltin_interfaces__rosidl_typesupport_microxrcedds_cpp.so
[3.729s] -- Set runtime path of "/home/user/robo/sb-robot/microros_ws/install/builtin_interfaces/lib/libbuiltin_interfaces__rosidl_typesupport_microxrcedds_cpp.so" to ""
[3.729s] -- Up-to-date: /home/user/robo/sb-robot/microros_ws/install/builtin_interfaces/include/builtin_interfaces/builtin_interfaces
[3.729s] -- Up-to-date: /home/user/robo/sb-robot/microros_ws/install/builtin_interfaces/include/builtin_interfaces/builtin_interfaces/msg
[3.729s] -- Up-to-date: /home/user/robo/sb-robot/microros_ws/install/builtin_interfaces/include/builtin_interfaces/builtin_interfaces/msg/rosidl_typesupport_fastrtps_cpp__visibility_control.h
[3.729s] -- Up-to-date: /home/user/robo/sb-robot/microros_ws/install/builtin_interfaces/include/builtin_interfaces/builtin_interfaces/msg/detail
[3.729s] -- Up-to-date: /home/user/robo/sb-robot/microros_ws/install/builtin_interfaces/include/builtin_interfaces/builtin_interfaces/msg/detail/duration__rosidl_typesupport_fastrtps_cpp.hpp
[3.729s] -- Up-to-date: /home/user/robo/sb-robot/microros_ws/install/builtin_interfaces/include/builtin_interfaces/builtin_interfaces/msg/detail/time__rosidl_typesupport_fastrtps_cpp.hpp
[3.729s] -- Up-to-date: /home/user/robo/sb-robot/microros_ws/install/builtin_interfaces/include/builtin_interfaces/builtin_interfaces/msg/detail/dds_fastrtps
[3.729s] -- Up-to-date: /home/user/robo/sb-robot/microros_ws/install/builtin_interfaces/lib/libbuiltin_interfaces__rosidl_typesupport_fastrtps_cpp.so
[3.735s] -- Up-to-date: /home/user/robo/sb-robot/microros_ws/install/builtin_interfaces/include/builtin_interfaces/builtin_interfaces
[3.735s] -- Up-to-date: /home/user/robo/sb-robot/microros_ws/install/builtin_interfaces/include/builtin_interfaces/builtin_interfaces/msg
[3.735s] -- Up-to-date: /home/user/robo/sb-robot/microros_ws/install/builtin_interfaces/include/builtin_interfaces/builtin_interfaces/msg/detail
[3.735s] -- Up-to-date: /home/user/robo/sb-robot/microros_ws/install/builtin_interfaces/include/builtin_interfaces/builtin_interfaces/msg/detail/time__type_support.cpp
[3.735s] -- Up-to-date: /home/user/robo/sb-robot/microros_ws/install/builtin_interfaces/include/builtin_interfaces/builtin_interfaces/msg/detail/time__rosidl_typesupport_introspection_cpp.hpp
[3.736s] -- Up-to-date: /home/user/robo/sb-robot/microros_ws/install/builtin_interfaces/include/builtin_interfaces/builtin_interfaces/msg/detail/duration__type_support.cpp
[3.736s] -- Up-to-date: /home/user/robo/sb-robot/microros_ws/install/builtin_interfaces/include/builtin_interfaces/builtin_interfaces/msg/detail/duration__rosidl_typesupport_introspection_cpp.hpp
[3.736s] -- Up-to-date: /home/user/robo/sb-robot/microros_ws/install/builtin_interfaces/lib/libbuiltin_interfaces__rosidl_typesupport_introspection_cpp.so
[3.736s] -- Installing: /home/user/robo/sb-robot/microros_ws/install/builtin_interfaces/lib/libbuiltin_interfaces__rosidl_typesupport_cpp.so
[3.736s] -- Set runtime path of "/home/user/robo/sb-robot/microros_ws/install/builtin_interfaces/lib/libbuiltin_interfaces__rosidl_typesupport_cpp.so" to ""
[3.736s] -- Up-to-date: /home/user/robo/sb-robot/microros_ws/install/builtin_interfaces/share/builtin_interfaces/environment/pythonpath.sh
[3.736s] -- Installing: /home/user/robo/sb-robot/microros_ws/install/builtin_interfaces/share/builtin_interfaces/environment/pythonpath.dsv
[3.736s] -- Up-to-date: /home/user/robo/sb-robot/microros_ws/install/builtin_interfaces/local/lib/python3.10/dist-packages/builtin_interfaces-1.2.1-py3.10.egg-info
[3.736s] -- Installing: /home/user/robo/sb-robot/microros_ws/install/builtin_interfaces/local/lib/python3.10/dist-packages/builtin_interfaces-1.2.1-py3.10.egg-info/top_level.txt
[3.736s] -- Installing: /home/user/robo/sb-robot/microros_ws/install/builtin_interfaces/local/lib/python3.10/dist-packages/builtin_interfaces-1.2.1-py3.10.egg-info/dependency_links.txt
[3.736s] -- Installing: /home/user/robo/sb-robot/microros_ws/install/builtin_interfaces/local/lib/python3.10/dist-packages/builtin_interfaces-1.2.1-py3.10.egg-info/PKG-INFO
[3.736s] -- Installing: /home/user/robo/sb-robot/microros_ws/install/builtin_interfaces/local/lib/python3.10/dist-packages/builtin_interfaces-1.2.1-py3.10.egg-info/SOURCES.txt
[3.736s] -- Up-to-date: /home/user/robo/sb-robot/microros_ws/install/builtin_interfaces/local/lib/python3.10/dist-packages/builtin_interfaces
[3.737s] -- Installing: /home/user/robo/sb-robot/microros_ws/install/builtin_interfaces/local/lib/python3.10/dist-packages/builtin_interfaces/_builtin_interfaces_s.ep.rosidl_typesupport_introspection_c.c
[3.737s] -- Installing: /home/user/robo/sb-robot/microros_ws/install/builtin_interfaces/local/lib/python3.10/dist-packages/builtin_interfaces/builtin_interfaces_s__rosidl_typesupport_c.cpython-310-x86_64-linux-gnu.so
[3.737s] -- Installing: /home/user/robo/sb-robot/microros_ws/install/builtin_interfaces/local/lib/python3.10/dist-packages/builtin_interfaces/builtin_interfaces_s__rosidl_typesupport_microxrcedds_c.cpython-310-x86_64-linux-gnu.so
[3.737s] -- Installing: /home/user/robo/sb-robot/microros_ws/install/builtin_interfaces/local/lib/python3.10/dist-packages/builtin_interfaces/_builtin_interfaces_s.ep.rosidl_typesupport_fastrtps_c.c
[3.737s] -- Installing: /home/user/robo/sb-robot/microros_ws/install/builtin_interfaces/local/lib/python3.10/dist-packages/builtin_interfaces/builtin_interfaces_s__rosidl_typesupport_fastrtps_c.cpython-310-x86_64-linux-gnu.so
[3.737s] -- Installing: /home/user/robo/sb-robot/microros_ws/install/builtin_interfaces/local/lib/python3.10/dist-packages/builtin_interfaces/libbuiltin_interfaces__rosidl_generator_py.so
[3.737s] -- Installing: /home/user/robo/sb-robot/microros_ws/install/builtin_interfaces/local/lib/python3.10/dist-packages/builtin_interfaces/builtin_interfaces_s__rosidl_typesupport_introspection_c.cpython-310-x86_64-linux-gnu.so
[3.737s] -- Installing: /home/user/robo/sb-robot/microros_ws/install/builtin_interfaces/local/lib/python3.10/dist-packages/builtin_interfaces/__init__.py
[3.737s] -- Installing: /home/user/robo/sb-robot/microros_ws/install/builtin_interfaces/local/lib/python3.10/dist-packages/builtin_interfaces/_builtin_interfaces_s.ep.rosidl_typesupport_microxrcedds_c.c
[3.737s] -- Installing: /home/user/robo/sb-robot/microros_ws/install/builtin_interfaces/local/lib/python3.10/dist-packages/builtin_interfaces/_builtin_interfaces_s.ep.rosidl_typesupport_c.c
[3.737s] -- Up-to-date: /home/user/robo/sb-robot/microros_ws/install/builtin_interfaces/local/lib/python3.10/dist-packages/builtin_interfaces/msg
[3.738s] -- Installing: /home/user/robo/sb-robot/microros_ws/install/builtin_interfaces/local/lib/python3.10/dist-packages/builtin_interfaces/msg/_time.py
[3.738s] -- Installing: /home/user/robo/sb-robot/microros_ws/install/builtin_interfaces/local/lib/python3.10/dist-packages/builtin_interfaces/msg/_time_s.c
[3.738s] -- Installing: /home/user/robo/sb-robot/microros_ws/install/builtin_interfaces/local/lib/python3.10/dist-packages/builtin_interfaces/msg/_duration.py
[3.738s] -- Installing: /home/user/robo/sb-robot/microros_ws/install/builtin_interfaces/local/lib/python3.10/dist-packages/builtin_interfaces/msg/_duration_s.c
[3.738s] -- Installing: /home/user/robo/sb-robot/microros_ws/install/builtin_interfaces/local/lib/python3.10/dist-packages/builtin_interfaces/msg/__init__.py
[3.784s] Listing '/home/user/robo/sb-robot/microros_ws/install/builtin_interfaces/local/lib/python3.10/dist-packages/builtin_interfaces'...
[3.784s] Compiling '/home/user/robo/sb-robot/microros_ws/install/builtin_interfaces/local/lib/python3.10/dist-packages/builtin_interfaces/__init__.py'...
[3.784s] Listing '/home/user/robo/sb-robot/microros_ws/install/builtin_interfaces/local/lib/python3.10/dist-packages/builtin_interfaces/msg'...
[3.784s] Compiling '/home/user/robo/sb-robot/microros_ws/install/builtin_interfaces/local/lib/python3.10/dist-packages/builtin_interfaces/msg/__init__.py'...
[3.784s] Compiling '/home/user/robo/sb-robot/microros_ws/install/builtin_interfaces/local/lib/python3.10/dist-packages/builtin_interfaces/msg/_duration.py'...
[3.784s] Compiling '/home/user/robo/sb-robot/microros_ws/install/builtin_interfaces/local/lib/python3.10/dist-packages/builtin_interfaces/msg/_time.py'...
[3.796s] -- Installing: /home/user/robo/sb-robot/microros_ws/install/builtin_interfaces/local/lib/python3.10/dist-packages/builtin_interfaces/builtin_interfaces_s__rosidl_typesupport_microxrcedds_c.cpython-310-x86_64-linux-gnu.so
[3.796s] -- Set runtime path of "/home/user/robo/sb-robot/microros_ws/install/builtin_interfaces/local/lib/python3.10/dist-packages/builtin_interfaces/builtin_interfaces_s__rosidl_typesupport_microxrcedds_c.cpython-310-x86_64-linux-gnu.so" to ""
[3.796s] -- Installing: /home/user/robo/sb-robot/microros_ws/install/builtin_interfaces/local/lib/python3.10/dist-packages/builtin_interfaces/builtin_interfaces_s__rosidl_typesupport_fastrtps_c.cpython-310-x86_64-linux-gnu.so
[3.796s] -- Set runtime path of "/home/user/robo/sb-robot/microros_ws/install/builtin_interfaces/local/lib/python3.10/dist-packages/builtin_interfaces/builtin_interfaces_s__rosidl_typesupport_fastrtps_c.cpython-310-x86_64-linux-gnu.so" to ""
[3.796s] -- Installing: /home/user/robo/sb-robot/microros_ws/install/builtin_interfaces/local/lib/python3.10/dist-packages/builtin_interfaces/builtin_interfaces_s__rosidl_typesupport_introspection_c.cpython-310-x86_64-linux-gnu.so
[3.796s] -- Set runtime path of "/home/user/robo/sb-robot/microros_ws/install/builtin_interfaces/local/lib/python3.10/dist-packages/builtin_interfaces/builtin_interfaces_s__rosidl_typesupport_introspection_c.cpython-310-x86_64-linux-gnu.so" to ""
[3.796s] -- Installing: /home/user/robo/sb-robot/microros_ws/install/builtin_interfaces/local/lib/python3.10/dist-packages/builtin_interfaces/builtin_interfaces_s__rosidl_typesupport_c.cpython-310-x86_64-linux-gnu.so
[3.797s] -- Set runtime path of "/home/user/robo/sb-robot/microros_ws/install/builtin_interfaces/local/lib/python3.10/dist-packages/builtin_interfaces/builtin_interfaces_s__rosidl_typesupport_c.cpython-310-x86_64-linux-gnu.so" to ""
[3.797s] -- Installing: /home/user/robo/sb-robot/microros_ws/install/builtin_interfaces/lib/libbuiltin_interfaces__rosidl_generator_py.so
[3.798s] -- Set runtime path of "/home/user/robo/sb-robot/microros_ws/install/builtin_interfaces/lib/libbuiltin_interfaces__rosidl_generator_py.so" to ""
[3.798s] -- Up-to-date: /home/user/robo/sb-robot/microros_ws/install/builtin_interfaces/share/builtin_interfaces/msg/Duration.idl
[3.798s] -- Up-to-date: /home/user/robo/sb-robot/microros_ws/install/builtin_interfaces/share/builtin_interfaces/msg/Time.idl
[3.798s] -- Up-to-date: /home/user/robo/sb-robot/microros_ws/install/builtin_interfaces/share/builtin_interfaces/msg/Duration.msg
[3.798s] -- Up-to-date: /home/user/robo/sb-robot/microros_ws/install/builtin_interfaces/share/builtin_interfaces/msg/Time.msg
[3.799s] -- Up-to-date: /home/user/robo/sb-robot/microros_ws/install/builtin_interfaces/share/ament_index/resource_index/package_run_dependencies/builtin_interfaces
[3.799s] -- Installing: /home/user/robo/sb-robot/microros_ws/install/builtin_interfaces/share/ament_index/resource_index/parent_prefix_path/builtin_interfaces
[3.799s] -- Up-to-date: /home/user/robo/sb-robot/microros_ws/install/builtin_interfaces/share/builtin_interfaces/environment/ament_prefix_path.sh
[3.799s] -- Installing: /home/user/robo/sb-robot/microros_ws/install/builtin_interfaces/share/builtin_interfaces/environment/ament_prefix_path.dsv
[3.799s] -- Up-to-date: /home/user/robo/sb-robot/microros_ws/install/builtin_interfaces/share/builtin_interfaces/environment/path.sh
[3.800s] -- Installing: /home/user/robo/sb-robot/microros_ws/install/builtin_interfaces/share/builtin_interfaces/environment/path.dsv
[3.800s] -- Up-to-date: /home/user/robo/sb-robot/microros_ws/install/builtin_interfaces/share/builtin_interfaces/local_setup.bash
[3.800s] -- Up-to-date: /home/user/robo/sb-robot/microros_ws/install/builtin_interfaces/share/builtin_interfaces/local_setup.sh
[3.800s] -- Up-to-date: /home/user/robo/sb-robot/microros_ws/install/builtin_interfaces/share/builtin_interfaces/local_setup.zsh
[3.800s] -- Installing: /home/user/robo/sb-robot/microros_ws/install/builtin_interfaces/share/builtin_interfaces/local_setup.dsv
[3.801s] -- Installing: /home/user/robo/sb-robot/microros_ws/install/builtin_interfaces/share/builtin_interfaces/package.dsv
[3.801s] -- Up-to-date: /home/user/robo/sb-robot/microros_ws/install/builtin_interfaces/share/ament_index/resource_index/packages/builtin_interfaces
[3.801s] -- Up-to-date: /home/user/robo/sb-robot/microros_ws/install/builtin_interfaces/share/builtin_interfaces/cmake/export_builtin_interfaces__rosidl_generator_cExport.cmake
[3.801s] -- Up-to-date: /home/user/robo/sb-robot/microros_ws/install/builtin_interfaces/share/builtin_interfaces/cmake/export_builtin_interfaces__rosidl_generator_cExport-noconfig.cmake
[3.802s] -- Up-to-date: /home/user/robo/sb-robot/microros_ws/install/builtin_interfaces/share/builtin_interfaces/cmake/export_builtin_interfaces__rosidl_typesupport_fastrtps_cExport.cmake
[3.802s] -- Up-to-date: /home/user/robo/sb-robot/microros_ws/install/builtin_interfaces/share/builtin_interfaces/cmake/export_builtin_interfaces__rosidl_typesupport_fastrtps_cExport-noconfig.cmake
[3.802s] -- Up-to-date: /home/user/robo/sb-robot/microros_ws/install/builtin_interfaces/share/builtin_interfaces/cmake/builtin_interfaces__rosidl_typesupport_introspection_cExport.cmake
[3.802s] -- Up-to-date: /home/user/robo/sb-robot/microros_ws/install/builtin_interfaces/share/builtin_interfaces/cmake/builtin_interfaces__rosidl_typesupport_introspection_cExport-noconfig.cmake
[3.803s] -- Up-to-date: /home/user/robo/sb-robot/microros_ws/install/builtin_interfaces/share/builtin_interfaces/cmake/builtin_interfaces__rosidl_typesupport_cExport.cmake
[3.803s] -- Up-to-date: /home/user/robo/sb-robot/microros_ws/install/builtin_interfaces/share/builtin_interfaces/cmake/builtin_interfaces__rosidl_typesupport_cExport-noconfig.cmake
[3.803s] -- Up-to-date: /home/user/robo/sb-robot/microros_ws/install/builtin_interfaces/share/builtin_interfaces/cmake/export_builtin_interfaces__rosidl_generator_cppExport.cmake
[3.804s] -- Up-to-date: /home/user/robo/sb-robot/microros_ws/install/builtin_interfaces/share/builtin_interfaces/cmake/export_builtin_interfaces__rosidl_typesupport_fastrtps_cppExport.cmake
[3.804s] -- Up-to-date: /home/user/robo/sb-robot/microros_ws/install/builtin_interfaces/share/builtin_interfaces/cmake/export_builtin_interfaces__rosidl_typesupport_fastrtps_cppExport-noconfig.cmake
[3.804s] -- Up-to-date: /home/user/robo/sb-robot/microros_ws/install/builtin_interfaces/share/builtin_interfaces/cmake/builtin_interfaces__rosidl_typesupport_introspection_cppExport.cmake
[3.804s] -- Up-to-date: /home/user/robo/sb-robot/microros_ws/install/builtin_interfaces/share/builtin_interfaces/cmake/builtin_interfaces__rosidl_typesupport_introspection_cppExport-noconfig.cmake
[3.805s] -- Up-to-date: /home/user/robo/sb-robot/microros_ws/install/builtin_interfaces/share/builtin_interfaces/cmake/builtin_interfaces__rosidl_typesupport_cppExport.cmake
[3.805s] -- Up-to-date: /home/user/robo/sb-robot/microros_ws/install/builtin_interfaces/share/builtin_interfaces/cmake/builtin_interfaces__rosidl_typesupport_cppExport-noconfig.cmake
[3.805s] -- Up-to-date: /home/user/robo/sb-robot/microros_ws/install/builtin_interfaces/share/builtin_interfaces/cmake/export_builtin_interfaces__rosidl_generator_pyExport.cmake
[3.805s] -- Up-to-date: /home/user/robo/sb-robot/microros_ws/install/builtin_interfaces/share/builtin_interfaces/cmake/export_builtin_interfaces__rosidl_generator_pyExport-noconfig.cmake
[3.805s] -- Up-to-date: /home/user/robo/sb-robot/microros_ws/install/builtin_interfaces/share/builtin_interfaces/cmake/rosidl_cmake-extras.cmake
[3.806s] -- Installing: /home/user/robo/sb-robot/microros_ws/install/builtin_interfaces/share/builtin_interfaces/cmake/ament_cmake_export_include_directories-extras.cmake
[3.806s] -- Up-to-date: /home/user/robo/sb-robot/microros_ws/install/builtin_interfaces/share/builtin_interfaces/cmake/ament_cmake_export_libraries-extras.cmake
[3.806s] -- Up-to-date: /home/user/robo/sb-robot/microros_ws/install/builtin_interfaces/share/builtin_interfaces/cmake/ament_cmake_export_targets-extras.cmake
[3.806s] -- Up-to-date: /home/user/robo/sb-robot/microros_ws/install/builtin_interfaces/share/builtin_interfaces/cmake/rosidl_cmake_export_typesupport_targets-extras.cmake
[3.807s] -- Up-to-date: /home/user/robo/sb-robot/microros_ws/install/builtin_interfaces/share/builtin_interfaces/cmake/ament_cmake_export_dependencies-extras.cmake
[3.807s] -- Installing: /home/user/robo/sb-robot/microros_ws/install/builtin_interfaces/share/builtin_interfaces/cmake/rosidl_cmake_export_typesupport_libraries-extras.cmake
[3.807s] -- Up-to-date: /home/user/robo/sb-robot/microros_ws/install/builtin_interfaces/share/builtin_interfaces/cmake/builtin_interfacesConfig.cmake
[3.808s] -- Up-to-date: /home/user/robo/sb-robot/microros_ws/install/builtin_interfaces/share/builtin_interfaces/cmake/builtin_interfacesConfig-version.cmake
[3.808s] -- Up-to-date: /home/user/robo/sb-robot/microros_ws/install/builtin_interfaces/share/builtin_interfaces/package.xml
[3.829s] Invoked command in '/home/user/robo/sb-robot/microros_ws/build/builtin_interfaces' returned '0': CMAKE_PREFIX_PATH=${CMAKE_PREFIX_PATH}:/opt/ros/humble /usr/bin/cmake --install /home/user/robo/sb-robot/microros_ws/build/builtin_interfaces
