[0.013s] Invoking command in '/home/user/robo/sb-robot/microros_ws/src/build/rosidl_typesupport_microxrcedds_c': CMAKE_PREFIX_PATH=/home/user/robo/sb-robot/microros_ws/src/install/microcdr:/home/user/robo/sb-robot/microros_ws/install/micro_ros_setup:/home/user/robo/sb-robot/microros_ws/install/micro_ros_agent:/home/user/robo/sb-robot/microros_ws/install/micro_ros_msgs:/home/user/robo/sb-robot/microros_ws/install/builtin_interfaces:/opt/ros/humble LD_LIBRARY_PATH=/home/user/robo/sb-robot/microros_ws/src/install/microcdr/lib:${LD_LIBRARY_PATH} /usr/bin/cmake /home/user/robo/sb-robot/microros_ws/src/uros/rosidl_typesupport_microxrcedds/rosidl_typesupport_microxrcedds_c -DBUILD_SHARED_LIBS=ON -DCMAKE_INSTALL_PREFIX=/home/user/robo/sb-robot/microros_ws/src/install/rosidl_typesupport_microxrcedds_c
[0.066s] -- The C compiler identification is GNU 11.4.0
[0.074s] -- Detecting C compiler ABI info
[0.137s] -- Detecting C compiler ABI info - done
[0.146s] -- Check for working C compiler: /usr/bin/cc - skipped
[0.146s] -- Detecting C compile features
[0.146s] -- Detecting C compile features - done
[0.149s] -- Found ament_cmake: 1.3.11 (/opt/ros/humble/share/ament_cmake/cmake)
[0.311s] -- Found Python3: /usr/bin/python3 (found version "3.10.12") found components: Interpreter 
[0.552s] -- Found rosidl_runtime_c: 3.1.6 (/opt/ros/humble/share/rosidl_runtime_c/cmake)
[0.762s] -- Found ament_lint_auto: 0.12.11 (/opt/ros/humble/share/ament_lint_auto/cmake)
[0.923s] -- Added test 'copyright' to check source files copyright and LICENSE
[0.927s] -- Added test 'cppcheck' to perform static code analysis on C / C++ code
[0.927s] -- Configured cppcheck include dirs: $<BUILD_INTERFACE:/home/user/robo/sb-robot/microros_ws/src/uros/rosidl_typesupport_microxrcedds/rosidl_typesupport_microxrcedds_c/include>
[0.927s] -- Configured cppcheck exclude dirs and/or files: 
[0.930s] -- Added test 'cpplint' to check C / C++ code against the Google style
[0.930s] -- Configured cpplint exclude dirs and/or files: 
[0.931s] -- Added test 'flake8' to check Python code syntax and style conventions
[0.933s] -- Added test 'lint_cmake' to check CMake code style
[0.934s] -- Added test 'pep257' to check Python code against some of the docstring style conventions in PEP 257
[0.938s] -- Added test 'uncrustify' to check C / C++ code style
[0.938s] -- Configured uncrustify additional arguments: 
[0.938s] -- Added test 'xmllint' to check XML markup files
[0.949s] -- Configuring done
[0.958s] -- Generating done
[0.965s] -- Build files have been written to: /home/user/robo/sb-robot/microros_ws/src/build/rosidl_typesupport_microxrcedds_c
[0.975s] Invoked command in '/home/user/robo/sb-robot/microros_ws/src/build/rosidl_typesupport_microxrcedds_c' returned '0': CMAKE_PREFIX_PATH=/home/user/robo/sb-robot/microros_ws/src/install/microcdr:/home/user/robo/sb-robot/microros_ws/install/micro_ros_setup:/home/user/robo/sb-robot/microros_ws/install/micro_ros_agent:/home/user/robo/sb-robot/microros_ws/install/micro_ros_msgs:/home/user/robo/sb-robot/microros_ws/install/builtin_interfaces:/opt/ros/humble LD_LIBRARY_PATH=/home/user/robo/sb-robot/microros_ws/src/install/microcdr/lib:${LD_LIBRARY_PATH} /usr/bin/cmake /home/user/robo/sb-robot/microros_ws/src/uros/rosidl_typesupport_microxrcedds/rosidl_typesupport_microxrcedds_c -DBUILD_SHARED_LIBS=ON -DCMAKE_INSTALL_PREFIX=/home/user/robo/sb-robot/microros_ws/src/install/rosidl_typesupport_microxrcedds_c
[0.985s] Invoking command in '/home/user/robo/sb-robot/microros_ws/src/build/rosidl_typesupport_microxrcedds_c': CMAKE_PREFIX_PATH=/home/user/robo/sb-robot/microros_ws/src/install/microcdr:/home/user/robo/sb-robot/microros_ws/install/micro_ros_setup:/home/user/robo/sb-robot/microros_ws/install/micro_ros_agent:/home/user/robo/sb-robot/microros_ws/install/micro_ros_msgs:/home/user/robo/sb-robot/microros_ws/install/builtin_interfaces:/opt/ros/humble LD_LIBRARY_PATH=/home/user/robo/sb-robot/microros_ws/src/install/microcdr/lib:${LD_LIBRARY_PATH} /usr/bin/cmake --build /home/user/robo/sb-robot/microros_ws/src/build/rosidl_typesupport_microxrcedds_c -- -j20 -l20
[1.072s] [ 50%] [32mBuilding C object CMakeFiles/rosidl_typesupport_microxrcedds_c.dir/src/identifier.c.o[0m
[1.112s] [ 50%] Built target ament_cmake_python_copy_rosidl_typesupport_microxrcedds_c
[1.128s] [100%] [32m[1mLinking C shared library librosidl_typesupport_microxrcedds_c.so[0m
[1.218s] [100%] Built target rosidl_typesupport_microxrcedds_c
[1.464s] running egg_info
[1.465s] creating rosidl_typesupport_microxrcedds_c.egg-info
[1.465s] writing rosidl_typesupport_microxrcedds_c.egg-info/PKG-INFO
[1.465s] writing dependency_links to rosidl_typesupport_microxrcedds_c.egg-info/dependency_links.txt
[1.466s] writing top-level names to rosidl_typesupport_microxrcedds_c.egg-info/top_level.txt
[1.466s] writing manifest file 'rosidl_typesupport_microxrcedds_c.egg-info/SOURCES.txt'
[1.469s] reading manifest file 'rosidl_typesupport_microxrcedds_c.egg-info/SOURCES.txt'
[1.469s] writing manifest file 'rosidl_typesupport_microxrcedds_c.egg-info/SOURCES.txt'
[1.528s] [100%] Built target ament_cmake_python_build_rosidl_typesupport_microxrcedds_c_egg
[1.560s] Invoked command in '/home/user/robo/sb-robot/microros_ws/src/build/rosidl_typesupport_microxrcedds_c' returned '0': CMAKE_PREFIX_PATH=/home/user/robo/sb-robot/microros_ws/src/install/microcdr:/home/user/robo/sb-robot/microros_ws/install/micro_ros_setup:/home/user/robo/sb-robot/microros_ws/install/micro_ros_agent:/home/user/robo/sb-robot/microros_ws/install/micro_ros_msgs:/home/user/robo/sb-robot/microros_ws/install/builtin_interfaces:/opt/ros/humble LD_LIBRARY_PATH=/home/user/robo/sb-robot/microros_ws/src/install/microcdr/lib:${LD_LIBRARY_PATH} /usr/bin/cmake --build /home/user/robo/sb-robot/microros_ws/src/build/rosidl_typesupport_microxrcedds_c -- -j20 -l20
[1.565s] Invoking command in '/home/user/robo/sb-robot/microros_ws/src/build/rosidl_typesupport_microxrcedds_c': CMAKE_PREFIX_PATH=/home/user/robo/sb-robot/microros_ws/src/install/microcdr:/home/user/robo/sb-robot/microros_ws/install/micro_ros_setup:/home/user/robo/sb-robot/microros_ws/install/micro_ros_agent:/home/user/robo/sb-robot/microros_ws/install/micro_ros_msgs:/home/user/robo/sb-robot/microros_ws/install/builtin_interfaces:/opt/ros/humble LD_LIBRARY_PATH=/home/user/robo/sb-robot/microros_ws/src/install/microcdr/lib:${LD_LIBRARY_PATH} /usr/bin/cmake --install /home/user/robo/sb-robot/microros_ws/src/build/rosidl_typesupport_microxrcedds_c
[1.586s] -- Install configuration: ""
[1.586s] -- Installing: /home/user/robo/sb-robot/microros_ws/src/install/rosidl_typesupport_microxrcedds_c/share/rosidl_typesupport_microxrcedds_c/environment/pythonpath.sh
[1.586s] -- Installing: /home/user/robo/sb-robot/microros_ws/src/install/rosidl_typesupport_microxrcedds_c/share/rosidl_typesupport_microxrcedds_c/environment/pythonpath.dsv
[1.586s] -- Installing: /home/user/robo/sb-robot/microros_ws/src/install/rosidl_typesupport_microxrcedds_c/local/lib/python3.10/dist-packages/rosidl_typesupport_microxrcedds_c-3.0.1-py3.10.egg-info
[1.587s] -- Installing: /home/user/robo/sb-robot/microros_ws/src/install/rosidl_typesupport_microxrcedds_c/local/lib/python3.10/dist-packages/rosidl_typesupport_microxrcedds_c-3.0.1-py3.10.egg-info/top_level.txt
[1.587s] -- Installing: /home/user/robo/sb-robot/microros_ws/src/install/rosidl_typesupport_microxrcedds_c/local/lib/python3.10/dist-packages/rosidl_typesupport_microxrcedds_c-3.0.1-py3.10.egg-info/dependency_links.txt
[1.587s] -- Installing: /home/user/robo/sb-robot/microros_ws/src/install/rosidl_typesupport_microxrcedds_c/local/lib/python3.10/dist-packages/rosidl_typesupport_microxrcedds_c-3.0.1-py3.10.egg-info/PKG-INFO
[1.587s] -- Installing: /home/user/robo/sb-robot/microros_ws/src/install/rosidl_typesupport_microxrcedds_c/local/lib/python3.10/dist-packages/rosidl_typesupport_microxrcedds_c-3.0.1-py3.10.egg-info/SOURCES.txt
[1.587s] -- Installing: /home/user/robo/sb-robot/microros_ws/src/install/rosidl_typesupport_microxrcedds_c/local/lib/python3.10/dist-packages/rosidl_typesupport_microxrcedds_c
[1.587s] -- Installing: /home/user/robo/sb-robot/microros_ws/src/install/rosidl_typesupport_microxrcedds_c/local/lib/python3.10/dist-packages/rosidl_typesupport_microxrcedds_c/__init__.py
[1.672s] Listing '/home/user/robo/sb-robot/microros_ws/src/install/rosidl_typesupport_microxrcedds_c/local/lib/python3.10/dist-packages/rosidl_typesupport_microxrcedds_c'...
[1.672s] Compiling '/home/user/robo/sb-robot/microros_ws/src/install/rosidl_typesupport_microxrcedds_c/local/lib/python3.10/dist-packages/rosidl_typesupport_microxrcedds_c/__init__.py'...
[1.690s] -- Installing: /home/user/robo/sb-robot/microros_ws/src/install/rosidl_typesupport_microxrcedds_c/share/rosidl_typesupport_microxrcedds_c/environment/library_path.sh
[1.690s] -- Installing: /home/user/robo/sb-robot/microros_ws/src/install/rosidl_typesupport_microxrcedds_c/share/rosidl_typesupport_microxrcedds_c/environment/library_path.dsv
[1.690s] -- Installing: /home/user/robo/sb-robot/microros_ws/src/install/rosidl_typesupport_microxrcedds_c/share/ament_index/resource_index/rosidl_typesupport_c/rosidl_typesupport_microxrcedds_c
[1.690s] -- Installing: /home/user/robo/sb-robot/microros_ws/src/install/rosidl_typesupport_microxrcedds_c/share/ament_index/resource_index/package_run_dependencies/rosidl_typesupport_microxrcedds_c
[1.704s] -- Installing: /home/user/robo/sb-robot/microros_ws/src/install/rosidl_typesupport_microxrcedds_c/share/ament_index/resource_index/parent_prefix_path/rosidl_typesupport_microxrcedds_c
[1.704s] -- Installing: /home/user/robo/sb-robot/microros_ws/src/install/rosidl_typesupport_microxrcedds_c/share/rosidl_typesupport_microxrcedds_c/environment/ament_prefix_path.sh
[1.704s] -- Installing: /home/user/robo/sb-robot/microros_ws/src/install/rosidl_typesupport_microxrcedds_c/share/rosidl_typesupport_microxrcedds_c/environment/ament_prefix_path.dsv
[1.704s] -- Installing: /home/user/robo/sb-robot/microros_ws/src/install/rosidl_typesupport_microxrcedds_c/share/rosidl_typesupport_microxrcedds_c/environment/path.sh
[1.709s] -- Installing: /home/user/robo/sb-robot/microros_ws/src/install/rosidl_typesupport_microxrcedds_c/share/rosidl_typesupport_microxrcedds_c/environment/path.dsv
[1.709s] -- Installing: /home/user/robo/sb-robot/microros_ws/src/install/rosidl_typesupport_microxrcedds_c/share/rosidl_typesupport_microxrcedds_c/local_setup.bash
[1.709s] -- Installing: /home/user/robo/sb-robot/microros_ws/src/install/rosidl_typesupport_microxrcedds_c/share/rosidl_typesupport_microxrcedds_c/local_setup.sh
[1.709s] -- Installing: /home/user/robo/sb-robot/microros_ws/src/install/rosidl_typesupport_microxrcedds_c/share/rosidl_typesupport_microxrcedds_c/local_setup.zsh
[1.709s] -- Installing: /home/user/robo/sb-robot/microros_ws/src/install/rosidl_typesupport_microxrcedds_c/share/rosidl_typesupport_microxrcedds_c/local_setup.dsv
[1.709s] -- Installing: /home/user/robo/sb-robot/microros_ws/src/install/rosidl_typesupport_microxrcedds_c/share/rosidl_typesupport_microxrcedds_c/package.dsv
[1.709s] -- Installing: /home/user/robo/sb-robot/microros_ws/src/install/rosidl_typesupport_microxrcedds_c/share/ament_index/resource_index/packages/rosidl_typesupport_microxrcedds_c
[1.709s] -- Installing: /home/user/robo/sb-robot/microros_ws/src/install/rosidl_typesupport_microxrcedds_c/share/rosidl_typesupport_microxrcedds_c/cmake/rosidl_typesupport_microxrcedds_cExport.cmake
[1.709s] -- Installing: /home/user/robo/sb-robot/microros_ws/src/install/rosidl_typesupport_microxrcedds_c/share/rosidl_typesupport_microxrcedds_c/cmake/rosidl_typesupport_microxrcedds_cExport-noconfig.cmake
[1.709s] -- Installing: /home/user/robo/sb-robot/microros_ws/src/install/rosidl_typesupport_microxrcedds_c/share/rosidl_typesupport_microxrcedds_c/cmake/rosidl_typesupport_microxrcedds_c-extras.cmake
[1.709s] -- Installing: /home/user/robo/sb-robot/microros_ws/src/install/rosidl_typesupport_microxrcedds_c/share/rosidl_typesupport_microxrcedds_c/cmake/ament_cmake_export_dependencies-extras.cmake
[1.710s] -- Installing: /home/user/robo/sb-robot/microros_ws/src/install/rosidl_typesupport_microxrcedds_c/share/rosidl_typesupport_microxrcedds_c/cmake/ament_cmake_export_include_directories-extras.cmake
[1.710s] -- Installing: /home/user/robo/sb-robot/microros_ws/src/install/rosidl_typesupport_microxrcedds_c/share/rosidl_typesupport_microxrcedds_c/cmake/ament_cmake_export_libraries-extras.cmake
[1.710s] -- Installing: /home/user/robo/sb-robot/microros_ws/src/install/rosidl_typesupport_microxrcedds_c/share/rosidl_typesupport_microxrcedds_c/cmake/ament_cmake_export_targets-extras.cmake
[1.710s] -- Installing: /home/user/robo/sb-robot/microros_ws/src/install/rosidl_typesupport_microxrcedds_c/share/rosidl_typesupport_microxrcedds_c/cmake/rosidl_typesupport_microxrcedds_cConfig.cmake
[1.710s] -- Installing: /home/user/robo/sb-robot/microros_ws/src/install/rosidl_typesupport_microxrcedds_c/share/rosidl_typesupport_microxrcedds_c/cmake/rosidl_typesupport_microxrcedds_cConfig-version.cmake
[1.710s] -- Installing: /home/user/robo/sb-robot/microros_ws/src/install/rosidl_typesupport_microxrcedds_c/share/rosidl_typesupport_microxrcedds_c/package.xml
[1.710s] -- Installing: /home/user/robo/sb-robot/microros_ws/src/install/rosidl_typesupport_microxrcedds_c/lib/rosidl_typesupport_microxrcedds_c/rosidl_typesupport_microxrcedds_c
[1.715s] -- Up-to-date: /home/user/robo/sb-robot/microros_ws/src/install/rosidl_typesupport_microxrcedds_c/share/rosidl_typesupport_microxrcedds_c/cmake
[1.715s] -- Installing: /home/user/robo/sb-robot/microros_ws/src/install/rosidl_typesupport_microxrcedds_c/share/rosidl_typesupport_microxrcedds_c/cmake/rosidl_typesupport_microxrcedds_c_generate_interfaces.cmake
[1.715s] -- Installing: /home/user/robo/sb-robot/microros_ws/src/install/rosidl_typesupport_microxrcedds_c/share/rosidl_typesupport_microxrcedds_c/resource
[1.715s] -- Installing: /home/user/robo/sb-robot/microros_ws/src/install/rosidl_typesupport_microxrcedds_c/share/rosidl_typesupport_microxrcedds_c/resource/srv__type_support_c.c.em
[1.720s] -- Installing: /home/user/robo/sb-robot/microros_ws/src/install/rosidl_typesupport_microxrcedds_c/share/rosidl_typesupport_microxrcedds_c/resource/rosidl_typesupport_microxrcedds_c__visibility_control.h.in
[1.722s] -- Installing: /home/user/robo/sb-robot/microros_ws/src/install/rosidl_typesupport_microxrcedds_c/share/rosidl_typesupport_microxrcedds_c/resource/idl__rosidl_typesupport_microxrcedds_c.h.em
[1.722s] -- Installing: /home/user/robo/sb-robot/microros_ws/src/install/rosidl_typesupport_microxrcedds_c/share/rosidl_typesupport_microxrcedds_c/resource/idl__type_support_c.c.em
[1.722s] -- Installing: /home/user/robo/sb-robot/microros_ws/src/install/rosidl_typesupport_microxrcedds_c/share/rosidl_typesupport_microxrcedds_c/resource/srv__rosidl_typesupport_microxrcedds_c.h.em
[1.722s] -- Installing: /home/user/robo/sb-robot/microros_ws/src/install/rosidl_typesupport_microxrcedds_c/share/rosidl_typesupport_microxrcedds_c/resource/msg__rosidl_typesupport_microxrcedds_c.h.em
[1.723s] -- Installing: /home/user/robo/sb-robot/microros_ws/src/install/rosidl_typesupport_microxrcedds_c/share/rosidl_typesupport_microxrcedds_c/resource/msg__type_support_c.c.em
[1.723s] -- Installing: /home/user/robo/sb-robot/microros_ws/src/install/rosidl_typesupport_microxrcedds_c/include
[1.723s] -- Installing: /home/user/robo/sb-robot/microros_ws/src/install/rosidl_typesupport_microxrcedds_c/include/rosidl_typesupport_microxrcedds_c
[1.723s] -- Installing: /home/user/robo/sb-robot/microros_ws/src/install/rosidl_typesupport_microxrcedds_c/include/rosidl_typesupport_microxrcedds_c/service_type_support.h
[1.725s] -- Installing: /home/user/robo/sb-robot/microros_ws/src/install/rosidl_typesupport_microxrcedds_c/include/rosidl_typesupport_microxrcedds_c/visibility_control.h
[1.725s] -- Installing: /home/user/robo/sb-robot/microros_ws/src/install/rosidl_typesupport_microxrcedds_c/include/rosidl_typesupport_microxrcedds_c/message_type_support.h
[1.725s] -- Installing: /home/user/robo/sb-robot/microros_ws/src/install/rosidl_typesupport_microxrcedds_c/include/rosidl_typesupport_microxrcedds_c/identifier.h
[1.726s] -- Installing: /home/user/robo/sb-robot/microros_ws/src/install/rosidl_typesupport_microxrcedds_c/lib/librosidl_typesupport_microxrcedds_c.so
[1.727s] -- Set runtime path of "/home/user/robo/sb-robot/microros_ws/src/install/rosidl_typesupport_microxrcedds_c/lib/librosidl_typesupport_microxrcedds_c.so" to ""
[1.756s] Invoked command in '/home/user/robo/sb-robot/microros_ws/src/build/rosidl_typesupport_microxrcedds_c' returned '0': CMAKE_PREFIX_PATH=/home/user/robo/sb-robot/microros_ws/src/install/microcdr:/home/user/robo/sb-robot/microros_ws/install/micro_ros_setup:/home/user/robo/sb-robot/microros_ws/install/micro_ros_agent:/home/user/robo/sb-robot/microros_ws/install/micro_ros_msgs:/home/user/robo/sb-robot/microros_ws/install/builtin_interfaces:/opt/ros/humble LD_LIBRARY_PATH=/home/user/robo/sb-robot/microros_ws/src/install/microcdr/lib:${LD_LIBRARY_PATH} /usr/bin/cmake --install /home/user/robo/sb-robot/microros_ws/src/build/rosidl_typesupport_microxrcedds_c
