[0.131s] Invoking command in '/home/user/robo/sb-robot/microros_ws/build/rosgraph_msgs': CMAKE_PREFIX_PATH=/home/user/robo/sb-robot/microros_ws/install/builtin_interfaces:/home/user/robo/sb-robot/microros_ws/src/install/action_msgs:/home/user/robo/sb-robot/microros_ws/src/install/unique_identifier_msgs:/home/user/robo/sb-robot/microros_ws/src/install/std_srvs:/home/user/robo/sb-robot/microros_ws/src/install/statistics_msgs:/home/user/robo/sb-robot/microros_ws/src/install/rmw_microxrcedds:/home/user/robo/sb-robot/microros_ws/src/install/rosidl_typesupport_microxrcedds_cpp:/home/user/robo/sb-robot/microros_ws/src/install/rosidl_typesupport_microxrcedds_c:/home/user/robo/sb-robot/microros_ws/src/install/rosgraph_msgs:/home/user/robo/sb-robot/microros_ws/src/install/microxrcedds_client:/home/user/robo/sb-robot/microros_ws/src/install/microcdr:/home/user/robo/sb-robot/microros_ws/src/install/micro_ros_utilities:/home/user/robo/sb-robot/microros_ws/src/install/micro_ros_setup:/home/user/robo/sb-robot/microros_ws/src/install/micro_ros_msgs:/home/user/robo/sb-robot/microros_ws/src/install/lifecycle_msgs:/home/user/robo/sb-robot/microros_ws/src/install/complex_msgs:/home/user/robo/sb-robot/microros_ws/src/install/builtin_interfaces:/home/user/robo/sb-robot/microros_ws/install/micro_ros_setup:/home/user/robo/sb-robot/microros_ws/install/micro_ros_agent:/home/user/robo/sb-robot/microros_ws/install/micro_ros_msgs:/opt/ros/humble LD_LIBRARY_PATH=/home/user/robo/sb-robot/microros_ws/install/builtin_interfaces/lib:/home/user/robo/sb-robot/microros_ws/src/install/action_msgs/lib:/home/user/robo/sb-robot/microros_ws/src/install/unique_identifier_msgs/lib:/home/user/robo/sb-robot/microros_ws/src/install/std_srvs/lib:/home/user/robo/sb-robot/microros_ws/src/install/statistics_msgs/lib:/home/user/robo/sb-robot/microros_ws/src/install/rmw_microxrcedds/lib:/home/user/robo/sb-robot/microros_ws/src/install/rosidl_typesupport_microxrcedds_cpp/lib:/home/user/robo/sb-robot/microros_ws/src/install/rosidl_typesupport_microxrcedds_c/lib:/home/user/robo/sb-robot/microros_ws/src/install/rosgraph_msgs/lib:/home/user/robo/sb-robot/microros_ws/src/install/microxrcedds_client/lib:/home/user/robo/sb-robot/microros_ws/src/install/microcdr/lib:/home/user/robo/sb-robot/microros_ws/src/install/micro_ros_utilities/lib:/home/user/robo/sb-robot/microros_ws/src/install/micro_ros_msgs/lib:/home/user/robo/sb-robot/microros_ws/src/install/lifecycle_msgs/lib:/home/user/robo/sb-robot/microros_ws/src/install/complex_msgs/lib:/home/user/robo/sb-robot/microros_ws/src/install/builtin_interfaces/lib:/home/user/robo/sb-robot/microros_ws/install/micro_ros_agent/lib:/home/user/robo/sb-robot/microros_ws/install/micro_ros_msgs/lib:/usr/lib/x86_64-linux-gnu/gazebo-11/plugins:/opt/ros/humble/opt/rviz_ogre_vendor/lib:/opt/ros/humble/lib/x86_64-linux-gnu:/opt/ros/humble/lib /usr/bin/cmake /home/user/robo/sb-robot/microros_ws/src/ros2/rcl_interfaces/rosgraph_msgs -DCMAKE_INSTALL_PREFIX=/home/user/robo/sb-robot/microros_ws/install/rosgraph_msgs
[0.237s] -- The C compiler identification is GNU 11.4.0
[0.374s] -- The CXX compiler identification is GNU 11.4.0
[0.387s] -- Detecting C compiler ABI info
[0.477s] -- Detecting C compiler ABI info - done
[0.487s] -- Check for working C compiler: /usr/bin/cc - skipped
[0.488s] -- Detecting C compile features
[0.488s] -- Detecting C compile features - done
[0.492s] -- Detecting CXX compiler ABI info
[0.625s] -- Detecting CXX compiler ABI info - done
[0.630s] -- Check for working CXX compiler: /usr/bin/c++ - skipped
[0.630s] -- Detecting CXX compile features
[0.630s] -- Detecting CXX compile features - done
[0.638s] -- Found ament_cmake: 1.3.11 (/opt/ros/humble/share/ament_cmake/cmake)
[0.916s] -- Found Python3: /usr/bin/python3 (found version "3.10.12") found components: Interpreter 
[1.101s] -- Found builtin_interfaces: 1.2.1 (/home/user/robo/sb-robot/microros_ws/install/builtin_interfaces/share/builtin_interfaces/cmake)
[1.168s] -- Found rosidl_generator_c: 3.1.6 (/opt/ros/humble/share/rosidl_generator_c/cmake)
[1.178s] -- Found rosidl_adapter: 3.1.6 (/opt/ros/humble/share/rosidl_adapter/cmake)
[1.192s] -- Found rosidl_generator_cpp: 3.1.6 (/opt/ros/humble/share/rosidl_generator_cpp/cmake)
[1.217s] -- Using all available rosidl_typesupport_c: rosidl_typesupport_microxrcedds_c;rosidl_typesupport_fastrtps_c;rosidl_typesupport_introspection_c
[1.254s] -- Using all available rosidl_typesupport_cpp: rosidl_typesupport_microxrcedds_cpp;rosidl_typesupport_fastrtps_cpp;rosidl_typesupport_introspection_cpp
[1.289s] -- Found rosidl_default_generators: 1.2.0 (/opt/ros/humble/share/rosidl_default_generators/cmake)
[2.000s] -- Found ament_cmake_cppcheck: 0.12.11 (/opt/ros/humble/share/ament_cmake_cppcheck/cmake)
[2.002s] -- Found ament_cmake_cpplint: 0.12.11 (/opt/ros/humble/share/ament_cmake_cpplint/cmake)
[2.008s] -- Found ament_cmake_uncrustify: 0.12.11 (/opt/ros/humble/share/ament_cmake_uncrustify/cmake)
[2.017s] -- Found ament_cmake_ros: 0.10.0 (/opt/ros/humble/share/ament_cmake_ros/cmake)
[3.327s] -- Using all available rosidl_typesupport_c: rosidl_typesupport_microxrcedds_c;rosidl_typesupport_fastrtps_c;rosidl_typesupport_introspection_c
[3.658s] -- Using all available rosidl_typesupport_cpp: rosidl_typesupport_microxrcedds_cpp;rosidl_typesupport_fastrtps_cpp;rosidl_typesupport_introspection_cpp
[3.687s] -- Found PythonInterp: /usr/bin/python3 (found suitable version "3.10.12", minimum required is "3.6") 
[3.691s] -- Found python_cmake_module: 0.10.0 (/opt/ros/humble/share/python_cmake_module/cmake)
[3.716s] -- Found PythonLibs: /usr/lib/x86_64-linux-gnu/libpython3.10.so (found suitable version "3.10.12", minimum required is "3.5") 
[3.717s] -- Using PYTHON_EXECUTABLE: /usr/bin/python3
[3.717s] -- Using PYTHON_INCLUDE_DIRS: /usr/include/python3.10
[3.717s] -- Using PYTHON_LIBRARIES: /usr/lib/x86_64-linux-gnu/libpython3.10.so
[3.737s] -- Found PythonExtra: .so  
[3.786s] -- Found ament_cmake_flake8: 0.12.11 (/opt/ros/humble/share/ament_cmake_flake8/cmake)
[3.787s] -- Found ament_cmake_pep257: 0.12.11 (/opt/ros/humble/share/ament_cmake_pep257/cmake)
[3.792s] -- Configuring done
[3.824s] -- Generating done
[3.838s] -- Build files have been written to: /home/user/robo/sb-robot/microros_ws/build/rosgraph_msgs
[3.860s] Invoked command in '/home/user/robo/sb-robot/microros_ws/build/rosgraph_msgs' returned '0': CMAKE_PREFIX_PATH=/home/user/robo/sb-robot/microros_ws/install/builtin_interfaces:/home/user/robo/sb-robot/microros_ws/src/install/action_msgs:/home/user/robo/sb-robot/microros_ws/src/install/unique_identifier_msgs:/home/user/robo/sb-robot/microros_ws/src/install/std_srvs:/home/user/robo/sb-robot/microros_ws/src/install/statistics_msgs:/home/user/robo/sb-robot/microros_ws/src/install/rmw_microxrcedds:/home/user/robo/sb-robot/microros_ws/src/install/rosidl_typesupport_microxrcedds_cpp:/home/user/robo/sb-robot/microros_ws/src/install/rosidl_typesupport_microxrcedds_c:/home/user/robo/sb-robot/microros_ws/src/install/rosgraph_msgs:/home/user/robo/sb-robot/microros_ws/src/install/microxrcedds_client:/home/user/robo/sb-robot/microros_ws/src/install/microcdr:/home/user/robo/sb-robot/microros_ws/src/install/micro_ros_utilities:/home/user/robo/sb-robot/microros_ws/src/install/micro_ros_setup:/home/user/robo/sb-robot/microros_ws/src/install/micro_ros_msgs:/home/user/robo/sb-robot/microros_ws/src/install/lifecycle_msgs:/home/user/robo/sb-robot/microros_ws/src/install/complex_msgs:/home/user/robo/sb-robot/microros_ws/src/install/builtin_interfaces:/home/user/robo/sb-robot/microros_ws/install/micro_ros_setup:/home/user/robo/sb-robot/microros_ws/install/micro_ros_agent:/home/user/robo/sb-robot/microros_ws/install/micro_ros_msgs:/opt/ros/humble LD_LIBRARY_PATH=/home/user/robo/sb-robot/microros_ws/install/builtin_interfaces/lib:/home/user/robo/sb-robot/microros_ws/src/install/action_msgs/lib:/home/user/robo/sb-robot/microros_ws/src/install/unique_identifier_msgs/lib:/home/user/robo/sb-robot/microros_ws/src/install/std_srvs/lib:/home/user/robo/sb-robot/microros_ws/src/install/statistics_msgs/lib:/home/user/robo/sb-robot/microros_ws/src/install/rmw_microxrcedds/lib:/home/user/robo/sb-robot/microros_ws/src/install/rosidl_typesupport_microxrcedds_cpp/lib:/home/user/robo/sb-robot/microros_ws/src/install/rosidl_typesupport_microxrcedds_c/lib:/home/user/robo/sb-robot/microros_ws/src/install/rosgraph_msgs/lib:/home/user/robo/sb-robot/microros_ws/src/install/microxrcedds_client/lib:/home/user/robo/sb-robot/microros_ws/src/install/microcdr/lib:/home/user/robo/sb-robot/microros_ws/src/install/micro_ros_utilities/lib:/home/user/robo/sb-robot/microros_ws/src/install/micro_ros_msgs/lib:/home/user/robo/sb-robot/microros_ws/src/install/lifecycle_msgs/lib:/home/user/robo/sb-robot/microros_ws/src/install/complex_msgs/lib:/home/user/robo/sb-robot/microros_ws/src/install/builtin_interfaces/lib:/home/user/robo/sb-robot/microros_ws/install/micro_ros_agent/lib:/home/user/robo/sb-robot/microros_ws/install/micro_ros_msgs/lib:/usr/lib/x86_64-linux-gnu/gazebo-11/plugins:/opt/ros/humble/opt/rviz_ogre_vendor/lib:/opt/ros/humble/lib/x86_64-linux-gnu:/opt/ros/humble/lib /usr/bin/cmake /home/user/robo/sb-robot/microros_ws/src/ros2/rcl_interfaces/rosgraph_msgs -DCMAKE_INSTALL_PREFIX=/home/user/robo/sb-robot/microros_ws/install/rosgraph_msgs
[3.862s] Invoking command in '/home/user/robo/sb-robot/microros_ws/build/rosgraph_msgs': CMAKE_PREFIX_PATH=/home/user/robo/sb-robot/microros_ws/install/builtin_interfaces:/home/user/robo/sb-robot/microros_ws/src/install/action_msgs:/home/user/robo/sb-robot/microros_ws/src/install/unique_identifier_msgs:/home/user/robo/sb-robot/microros_ws/src/install/std_srvs:/home/user/robo/sb-robot/microros_ws/src/install/statistics_msgs:/home/user/robo/sb-robot/microros_ws/src/install/rmw_microxrcedds:/home/user/robo/sb-robot/microros_ws/src/install/rosidl_typesupport_microxrcedds_cpp:/home/user/robo/sb-robot/microros_ws/src/install/rosidl_typesupport_microxrcedds_c:/home/user/robo/sb-robot/microros_ws/src/install/rosgraph_msgs:/home/user/robo/sb-robot/microros_ws/src/install/microxrcedds_client:/home/user/robo/sb-robot/microros_ws/src/install/microcdr:/home/user/robo/sb-robot/microros_ws/src/install/micro_ros_utilities:/home/user/robo/sb-robot/microros_ws/src/install/micro_ros_setup:/home/user/robo/sb-robot/microros_ws/src/install/micro_ros_msgs:/home/user/robo/sb-robot/microros_ws/src/install/lifecycle_msgs:/home/user/robo/sb-robot/microros_ws/src/install/complex_msgs:/home/user/robo/sb-robot/microros_ws/src/install/builtin_interfaces:/home/user/robo/sb-robot/microros_ws/install/micro_ros_setup:/home/user/robo/sb-robot/microros_ws/install/micro_ros_agent:/home/user/robo/sb-robot/microros_ws/install/micro_ros_msgs:/opt/ros/humble LD_LIBRARY_PATH=/home/user/robo/sb-robot/microros_ws/install/builtin_interfaces/lib:/home/user/robo/sb-robot/microros_ws/src/install/action_msgs/lib:/home/user/robo/sb-robot/microros_ws/src/install/unique_identifier_msgs/lib:/home/user/robo/sb-robot/microros_ws/src/install/std_srvs/lib:/home/user/robo/sb-robot/microros_ws/src/install/statistics_msgs/lib:/home/user/robo/sb-robot/microros_ws/src/install/rmw_microxrcedds/lib:/home/user/robo/sb-robot/microros_ws/src/install/rosidl_typesupport_microxrcedds_cpp/lib:/home/user/robo/sb-robot/microros_ws/src/install/rosidl_typesupport_microxrcedds_c/lib:/home/user/robo/sb-robot/microros_ws/src/install/rosgraph_msgs/lib:/home/user/robo/sb-robot/microros_ws/src/install/microxrcedds_client/lib:/home/user/robo/sb-robot/microros_ws/src/install/microcdr/lib:/home/user/robo/sb-robot/microros_ws/src/install/micro_ros_utilities/lib:/home/user/robo/sb-robot/microros_ws/src/install/micro_ros_msgs/lib:/home/user/robo/sb-robot/microros_ws/src/install/lifecycle_msgs/lib:/home/user/robo/sb-robot/microros_ws/src/install/complex_msgs/lib:/home/user/robo/sb-robot/microros_ws/src/install/builtin_interfaces/lib:/home/user/robo/sb-robot/microros_ws/install/micro_ros_agent/lib:/home/user/robo/sb-robot/microros_ws/install/micro_ros_msgs/lib:/usr/lib/x86_64-linux-gnu/gazebo-11/plugins:/opt/ros/humble/opt/rviz_ogre_vendor/lib:/opt/ros/humble/lib/x86_64-linux-gnu:/opt/ros/humble/lib /usr/bin/cmake --build /home/user/robo/sb-robot/microros_ws/build/rosgraph_msgs -- -j20 -l20
[3.912s] [  2%] [34m[1mGenerating C code for ROS interfaces[0m
[3.923s] [  5%] [34m[1mGenerating C++ code for ROS interfaces[0m
[3.933s] [  5%] Built target ament_cmake_python_copy_rosgraph_msgs
[4.377s] running egg_info
[4.377s] creating rosgraph_msgs.egg-info
[4.377s] writing rosgraph_msgs.egg-info/PKG-INFO
[4.377s] writing dependency_links to rosgraph_msgs.egg-info/dependency_links.txt
[4.377s] writing top-level names to rosgraph_msgs.egg-info/top_level.txt
[4.377s] writing manifest file 'rosgraph_msgs.egg-info/SOURCES.txt'
[4.378s] reading manifest file 'rosgraph_msgs.egg-info/SOURCES.txt'
[4.386s] writing manifest file 'rosgraph_msgs.egg-info/SOURCES.txt'
[4.448s] [  7%] [32mBuilding C object CMakeFiles/rosgraph_msgs__rosidl_generator_c.dir/rosidl_generator_c/rosgraph_msgs/msg/detail/clock__functions.c.o[0m
[4.464s] [  7%] Built target rosgraph_msgs__cpp
[4.506s] [ 10%] [34m[1mGenerating C++ type support for eProsima Micro XRCE-DDS[0m
[4.506s] [ 12%] [34m[1mGenerating C++ type support for eProsima Fast-RTPS[0m
[4.541s] [ 15%] [34m[1mGenerating C++ introspection for ROS interfaces[0m
[4.542s] [ 15%] Built target ament_cmake_python_build_rosgraph_msgs_egg
[4.546s] [ 17%] [34m[1mGenerating C++ type support dispatch for ROS interfaces[0m
[4.559s] [ 20%] [32m[1mLinking C shared library librosgraph_msgs__rosidl_generator_c.so[0m
[4.704s] [ 20%] Built target rosgraph_msgs__rosidl_generator_c
[4.736s] [ 23%] [34m[1mGenerating C type support for eProsima Fast-RTPS[0m
[4.740s] [ 25%] [34m[1mGenerating C type support for eProsima Micro XRCE-DDS[0m
[4.742s] [ 28%] [34m[1mGenerating C introspection for ROS interfaces[0m
[4.752s] [ 30%] [34m[1mGenerating C type support dispatch for ROS interfaces[0m
[5.096s] [ 33%] [32mBuilding CXX object CMakeFiles/rosgraph_msgs__rosidl_typesupport_introspection_cpp.dir/rosidl_typesupport_introspection_cpp/rosgraph_msgs/msg/detail/clock__type_support.cpp.o[0m
[5.165s] [ 35%] [32mBuilding CXX object CMakeFiles/rosgraph_msgs__rosidl_typesupport_microxrcedds_cpp.dir/rosidl_typesupport_microxrcedds_cpp/rosgraph_msgs/msg/detail/microxrcedds/clock__type_support_cpp.cpp.o[0m
[5.262s] [ 38%] [32mBuilding CXX object CMakeFiles/rosgraph_msgs__rosidl_typesupport_fastrtps_cpp.dir/rosidl_typesupport_fastrtps_cpp/rosgraph_msgs/msg/detail/dds_fastrtps/clock__type_support.cpp.o[0m
[5.284s] [ 41%] [32mBuilding CXX object CMakeFiles/rosgraph_msgs__rosidl_typesupport_cpp.dir/rosidl_typesupport_cpp/rosgraph_msgs/msg/clock__type_support.cpp.o[0m
[5.301s] [ 43%] [32mBuilding CXX object CMakeFiles/rosgraph_msgs__rosidl_typesupport_fastrtps_c.dir/rosidl_typesupport_fastrtps_c/rosgraph_msgs/msg/detail/clock__type_support_c.cpp.o[0m
[5.667s] [ 46%] [32mBuilding C object CMakeFiles/rosgraph_msgs__rosidl_typesupport_microxrcedds_c.dir/rosidl_typesupport_microxrcedds_c/rosgraph_msgs/msg/detail/microxrcedds/clock__type_support_c.c.o[0m
[5.673s] [ 48%] [32mBuilding CXX object CMakeFiles/rosgraph_msgs__rosidl_typesupport_c.dir/rosidl_typesupport_c/rosgraph_msgs/msg/clock__type_support.cpp.o[0m
[5.752s] [ 51%] [32m[1mLinking CXX shared library librosgraph_msgs__rosidl_typesupport_c.so[0m
[5.761s] [ 53%] [32mBuilding C object CMakeFiles/rosgraph_msgs__rosidl_typesupport_introspection_c.dir/rosidl_typesupport_introspection_c/rosgraph_msgs/msg/detail/clock__type_support.c.o[0m
[5.803s] [ 56%] [32m[1mLinking C shared library librosgraph_msgs__rosidl_typesupport_microxrcedds_c.so[0m
[5.833s] [ 58%] [32m[1mLinking CXX shared library librosgraph_msgs__rosidl_typesupport_introspection_cpp.so[0m
[5.868s] [ 61%] [32m[1mLinking C shared library librosgraph_msgs__rosidl_typesupport_introspection_c.so[0m
[5.883s] [ 61%] Built target rosgraph_msgs__rosidl_typesupport_c
[5.923s] [ 61%] Built target rosgraph_msgs__rosidl_typesupport_microxrcedds_c
[5.943s] [ 61%] Built target rosgraph_msgs__rosidl_typesupport_introspection_c
[6.034s] [ 64%] [32m[1mLinking CXX shared library librosgraph_msgs__rosidl_typesupport_microxrcedds_cpp.so[0m
[6.057s] [ 64%] Built target rosgraph_msgs__rosidl_typesupport_introspection_cpp
[6.102s] [ 66%] [32m[1mLinking CXX shared library librosgraph_msgs__rosidl_typesupport_fastrtps_c.so[0m
[6.124s] [ 66%] Built target rosgraph_msgs__rosidl_typesupport_microxrcedds_cpp
[6.178s] [ 69%] [32m[1mLinking CXX shared library librosgraph_msgs__rosidl_typesupport_cpp.so[0m
[6.302s] [ 71%] [32m[1mLinking CXX shared library librosgraph_msgs__rosidl_typesupport_fastrtps_cpp.so[0m
[6.307s] [ 71%] Built target rosgraph_msgs__rosidl_typesupport_cpp
[6.360s] [ 71%] Built target rosgraph_msgs__rosidl_typesupport_fastrtps_c
[6.552s] [ 71%] Built target rosgraph_msgs__rosidl_typesupport_fastrtps_cpp
[6.617s] [ 71%] Built target rosgraph_msgs
[6.691s] [ 74%] [34m[1mGenerating Python code for ROS interfaces[0m
[7.185s] [ 74%] Built target rosgraph_msgs__py
[7.202s] [ 76%] [32mBuilding C object CMakeFiles/rosgraph_msgs__rosidl_generator_py.dir/rosidl_generator_py/rosgraph_msgs/msg/_clock_s.c.o[0m
[7.292s] [ 79%] [32m[1mLinking C shared library rosidl_generator_py/rosgraph_msgs/librosgraph_msgs__rosidl_generator_py.so[0m
[7.337s] [ 79%] Built target rosgraph_msgs__rosidl_generator_py
[7.367s] [ 84%] [32mBuilding C object CMakeFiles/rosgraph_msgs__rosidl_typesupport_c__pyext.dir/rosidl_generator_py/rosgraph_msgs/_rosgraph_msgs_s.ep.rosidl_typesupport_c.c.o[0m
[7.367s] [ 84%] [32mBuilding C object CMakeFiles/rosgraph_msgs__rosidl_typesupport_fastrtps_c__pyext.dir/rosidl_generator_py/rosgraph_msgs/_rosgraph_msgs_s.ep.rosidl_typesupport_fastrtps_c.c.o[0m
[7.367s] [ 87%] [32mBuilding C object CMakeFiles/rosgraph_msgs__rosidl_typesupport_introspection_c__pyext.dir/rosidl_generator_py/rosgraph_msgs/_rosgraph_msgs_s.ep.rosidl_typesupport_introspection_c.c.o[0m
[7.368s] [ 89%] [32mBuilding C object CMakeFiles/rosgraph_msgs__rosidl_typesupport_microxrcedds_c__pyext.dir/rosidl_generator_py/rosgraph_msgs/_rosgraph_msgs_s.ep.rosidl_typesupport_microxrcedds_c.c.o[0m
[7.506s] [ 92%] [32m[1mLinking C shared library rosidl_generator_py/rosgraph_msgs/rosgraph_msgs_s__rosidl_typesupport_c.cpython-310-x86_64-linux-gnu.so[0m
[7.520s] [ 94%] [32m[1mLinking C shared library rosidl_generator_py/rosgraph_msgs/rosgraph_msgs_s__rosidl_typesupport_microxrcedds_c.cpython-310-x86_64-linux-gnu.so[0m
[7.521s] [ 97%] [32m[1mLinking C shared library rosidl_generator_py/rosgraph_msgs/rosgraph_msgs_s__rosidl_typesupport_fastrtps_c.cpython-310-x86_64-linux-gnu.so[0m
[7.546s] [100%] [32m[1mLinking C shared library rosidl_generator_py/rosgraph_msgs/rosgraph_msgs_s__rosidl_typesupport_introspection_c.cpython-310-x86_64-linux-gnu.so[0m
[7.577s] [100%] Built target rosgraph_msgs__rosidl_typesupport_c__pyext
[7.630s] [100%] Built target rosgraph_msgs__rosidl_typesupport_microxrcedds_c__pyext
[7.630s] [100%] Built target rosgraph_msgs__rosidl_typesupport_introspection_c__pyext
[7.643s] [100%] Built target rosgraph_msgs__rosidl_typesupport_fastrtps_c__pyext
[7.695s] Invoked command in '/home/user/robo/sb-robot/microros_ws/build/rosgraph_msgs' returned '0': CMAKE_PREFIX_PATH=/home/user/robo/sb-robot/microros_ws/install/builtin_interfaces:/home/user/robo/sb-robot/microros_ws/src/install/action_msgs:/home/user/robo/sb-robot/microros_ws/src/install/unique_identifier_msgs:/home/user/robo/sb-robot/microros_ws/src/install/std_srvs:/home/user/robo/sb-robot/microros_ws/src/install/statistics_msgs:/home/user/robo/sb-robot/microros_ws/src/install/rmw_microxrcedds:/home/user/robo/sb-robot/microros_ws/src/install/rosidl_typesupport_microxrcedds_cpp:/home/user/robo/sb-robot/microros_ws/src/install/rosidl_typesupport_microxrcedds_c:/home/user/robo/sb-robot/microros_ws/src/install/rosgraph_msgs:/home/user/robo/sb-robot/microros_ws/src/install/microxrcedds_client:/home/user/robo/sb-robot/microros_ws/src/install/microcdr:/home/user/robo/sb-robot/microros_ws/src/install/micro_ros_utilities:/home/user/robo/sb-robot/microros_ws/src/install/micro_ros_setup:/home/user/robo/sb-robot/microros_ws/src/install/micro_ros_msgs:/home/user/robo/sb-robot/microros_ws/src/install/lifecycle_msgs:/home/user/robo/sb-robot/microros_ws/src/install/complex_msgs:/home/user/robo/sb-robot/microros_ws/src/install/builtin_interfaces:/home/user/robo/sb-robot/microros_ws/install/micro_ros_setup:/home/user/robo/sb-robot/microros_ws/install/micro_ros_agent:/home/user/robo/sb-robot/microros_ws/install/micro_ros_msgs:/opt/ros/humble LD_LIBRARY_PATH=/home/user/robo/sb-robot/microros_ws/install/builtin_interfaces/lib:/home/user/robo/sb-robot/microros_ws/src/install/action_msgs/lib:/home/user/robo/sb-robot/microros_ws/src/install/unique_identifier_msgs/lib:/home/user/robo/sb-robot/microros_ws/src/install/std_srvs/lib:/home/user/robo/sb-robot/microros_ws/src/install/statistics_msgs/lib:/home/user/robo/sb-robot/microros_ws/src/install/rmw_microxrcedds/lib:/home/user/robo/sb-robot/microros_ws/src/install/rosidl_typesupport_microxrcedds_cpp/lib:/home/user/robo/sb-robot/microros_ws/src/install/rosidl_typesupport_microxrcedds_c/lib:/home/user/robo/sb-robot/microros_ws/src/install/rosgraph_msgs/lib:/home/user/robo/sb-robot/microros_ws/src/install/microxrcedds_client/lib:/home/user/robo/sb-robot/microros_ws/src/install/microcdr/lib:/home/user/robo/sb-robot/microros_ws/src/install/micro_ros_utilities/lib:/home/user/robo/sb-robot/microros_ws/src/install/micro_ros_msgs/lib:/home/user/robo/sb-robot/microros_ws/src/install/lifecycle_msgs/lib:/home/user/robo/sb-robot/microros_ws/src/install/complex_msgs/lib:/home/user/robo/sb-robot/microros_ws/src/install/builtin_interfaces/lib:/home/user/robo/sb-robot/microros_ws/install/micro_ros_agent/lib:/home/user/robo/sb-robot/microros_ws/install/micro_ros_msgs/lib:/usr/lib/x86_64-linux-gnu/gazebo-11/plugins:/opt/ros/humble/opt/rviz_ogre_vendor/lib:/opt/ros/humble/lib/x86_64-linux-gnu:/opt/ros/humble/lib /usr/bin/cmake --build /home/user/robo/sb-robot/microros_ws/build/rosgraph_msgs -- -j20 -l20
[7.695s] Invoking command in '/home/user/robo/sb-robot/microros_ws/build/rosgraph_msgs': CMAKE_PREFIX_PATH=/home/user/robo/sb-robot/microros_ws/install/builtin_interfaces:/home/user/robo/sb-robot/microros_ws/src/install/action_msgs:/home/user/robo/sb-robot/microros_ws/src/install/unique_identifier_msgs:/home/user/robo/sb-robot/microros_ws/src/install/std_srvs:/home/user/robo/sb-robot/microros_ws/src/install/statistics_msgs:/home/user/robo/sb-robot/microros_ws/src/install/rmw_microxrcedds:/home/user/robo/sb-robot/microros_ws/src/install/rosidl_typesupport_microxrcedds_cpp:/home/user/robo/sb-robot/microros_ws/src/install/rosidl_typesupport_microxrcedds_c:/home/user/robo/sb-robot/microros_ws/src/install/rosgraph_msgs:/home/user/robo/sb-robot/microros_ws/src/install/microxrcedds_client:/home/user/robo/sb-robot/microros_ws/src/install/microcdr:/home/user/robo/sb-robot/microros_ws/src/install/micro_ros_utilities:/home/user/robo/sb-robot/microros_ws/src/install/micro_ros_setup:/home/user/robo/sb-robot/microros_ws/src/install/micro_ros_msgs:/home/user/robo/sb-robot/microros_ws/src/install/lifecycle_msgs:/home/user/robo/sb-robot/microros_ws/src/install/complex_msgs:/home/user/robo/sb-robot/microros_ws/src/install/builtin_interfaces:/home/user/robo/sb-robot/microros_ws/install/micro_ros_setup:/home/user/robo/sb-robot/microros_ws/install/micro_ros_agent:/home/user/robo/sb-robot/microros_ws/install/micro_ros_msgs:/opt/ros/humble LD_LIBRARY_PATH=/home/user/robo/sb-robot/microros_ws/install/builtin_interfaces/lib:/home/user/robo/sb-robot/microros_ws/src/install/action_msgs/lib:/home/user/robo/sb-robot/microros_ws/src/install/unique_identifier_msgs/lib:/home/user/robo/sb-robot/microros_ws/src/install/std_srvs/lib:/home/user/robo/sb-robot/microros_ws/src/install/statistics_msgs/lib:/home/user/robo/sb-robot/microros_ws/src/install/rmw_microxrcedds/lib:/home/user/robo/sb-robot/microros_ws/src/install/rosidl_typesupport_microxrcedds_cpp/lib:/home/user/robo/sb-robot/microros_ws/src/install/rosidl_typesupport_microxrcedds_c/lib:/home/user/robo/sb-robot/microros_ws/src/install/rosgraph_msgs/lib:/home/user/robo/sb-robot/microros_ws/src/install/microxrcedds_client/lib:/home/user/robo/sb-robot/microros_ws/src/install/microcdr/lib:/home/user/robo/sb-robot/microros_ws/src/install/micro_ros_utilities/lib:/home/user/robo/sb-robot/microros_ws/src/install/micro_ros_msgs/lib:/home/user/robo/sb-robot/microros_ws/src/install/lifecycle_msgs/lib:/home/user/robo/sb-robot/microros_ws/src/install/complex_msgs/lib:/home/user/robo/sb-robot/microros_ws/src/install/builtin_interfaces/lib:/home/user/robo/sb-robot/microros_ws/install/micro_ros_agent/lib:/home/user/robo/sb-robot/microros_ws/install/micro_ros_msgs/lib:/usr/lib/x86_64-linux-gnu/gazebo-11/plugins:/opt/ros/humble/opt/rviz_ogre_vendor/lib:/opt/ros/humble/lib/x86_64-linux-gnu:/opt/ros/humble/lib /usr/bin/cmake --install /home/user/robo/sb-robot/microros_ws/build/rosgraph_msgs
[7.702s] -- Install configuration: ""
[7.704s] -- Installing: /home/user/robo/sb-robot/microros_ws/install/rosgraph_msgs/share/ament_index/resource_index/rosidl_interfaces/rosgraph_msgs
[7.704s] -- Installing: /home/user/robo/sb-robot/microros_ws/install/rosgraph_msgs/include/rosgraph_msgs/rosgraph_msgs
[7.704s] -- Installing: /home/user/robo/sb-robot/microros_ws/install/rosgraph_msgs/include/rosgraph_msgs/rosgraph_msgs/msg
[7.704s] -- Installing: /home/user/robo/sb-robot/microros_ws/install/rosgraph_msgs/include/rosgraph_msgs/rosgraph_msgs/msg/detail
[7.704s] -- Installing: /home/user/robo/sb-robot/microros_ws/install/rosgraph_msgs/include/rosgraph_msgs/rosgraph_msgs/msg/detail/clock__functions.h
[7.704s] -- Installing: /home/user/robo/sb-robot/microros_ws/install/rosgraph_msgs/include/rosgraph_msgs/rosgraph_msgs/msg/detail/clock__struct.h
[7.704s] -- Installing: /home/user/robo/sb-robot/microros_ws/install/rosgraph_msgs/include/rosgraph_msgs/rosgraph_msgs/msg/detail/clock__functions.c
[7.704s] -- Installing: /home/user/robo/sb-robot/microros_ws/install/rosgraph_msgs/include/rosgraph_msgs/rosgraph_msgs/msg/detail/clock__type_support.h
[7.704s] -- Installing: /home/user/robo/sb-robot/microros_ws/install/rosgraph_msgs/include/rosgraph_msgs/rosgraph_msgs/msg/clock.h
[7.704s] -- Installing: /home/user/robo/sb-robot/microros_ws/install/rosgraph_msgs/include/rosgraph_msgs/rosgraph_msgs/msg/rosidl_generator_c__visibility_control.h
[7.704s] -- Installing: /home/user/robo/sb-robot/microros_ws/install/rosgraph_msgs/share/rosgraph_msgs/environment/library_path.sh
[7.705s] -- Installing: /home/user/robo/sb-robot/microros_ws/install/rosgraph_msgs/share/rosgraph_msgs/environment/library_path.dsv
[7.705s] -- Installing: /home/user/robo/sb-robot/microros_ws/install/rosgraph_msgs/lib/librosgraph_msgs__rosidl_generator_c.so
[7.707s] -- Set runtime path of "/home/user/robo/sb-robot/microros_ws/install/rosgraph_msgs/lib/librosgraph_msgs__rosidl_generator_c.so" to ""
[7.708s] -- Up-to-date: /home/user/robo/sb-robot/microros_ws/install/rosgraph_msgs/include/rosgraph_msgs/rosgraph_msgs
[7.708s] -- Up-to-date: /home/user/robo/sb-robot/microros_ws/install/rosgraph_msgs/include/rosgraph_msgs/rosgraph_msgs/msg
[7.708s] -- Up-to-date: /home/user/robo/sb-robot/microros_ws/install/rosgraph_msgs/include/rosgraph_msgs/rosgraph_msgs/msg/detail
[7.708s] -- Installing: /home/user/robo/sb-robot/microros_ws/install/rosgraph_msgs/include/rosgraph_msgs/rosgraph_msgs/msg/detail/clock__rosidl_typesupport_fastrtps_c.h
[7.708s] -- Installing: /home/user/robo/sb-robot/microros_ws/install/rosgraph_msgs/include/rosgraph_msgs/rosgraph_msgs/msg/rosidl_typesupport_fastrtps_c__visibility_control.h
[7.708s] -- Installing: /home/user/robo/sb-robot/microros_ws/install/rosgraph_msgs/lib/librosgraph_msgs__rosidl_typesupport_fastrtps_c.so
[7.708s] -- Set runtime path of "/home/user/robo/sb-robot/microros_ws/install/rosgraph_msgs/lib/librosgraph_msgs__rosidl_typesupport_fastrtps_c.so" to ""
[7.708s] -- Up-to-date: /home/user/robo/sb-robot/microros_ws/install/rosgraph_msgs/include/rosgraph_msgs/rosgraph_msgs
[7.708s] -- Up-to-date: /home/user/robo/sb-robot/microros_ws/install/rosgraph_msgs/include/rosgraph_msgs/rosgraph_msgs/msg
[7.708s] -- Installing: /home/user/robo/sb-robot/microros_ws/install/rosgraph_msgs/include/rosgraph_msgs/rosgraph_msgs/msg/rosidl_generator_cpp__visibility_control.hpp
[7.708s] -- Up-to-date: /home/user/robo/sb-robot/microros_ws/install/rosgraph_msgs/include/rosgraph_msgs/rosgraph_msgs/msg/detail
[7.708s] -- Installing: /home/user/robo/sb-robot/microros_ws/install/rosgraph_msgs/include/rosgraph_msgs/rosgraph_msgs/msg/detail/clock__struct.hpp
[7.708s] -- Installing: /home/user/robo/sb-robot/microros_ws/install/rosgraph_msgs/include/rosgraph_msgs/rosgraph_msgs/msg/detail/clock__type_support.hpp
[7.708s] -- Installing: /home/user/robo/sb-robot/microros_ws/install/rosgraph_msgs/include/rosgraph_msgs/rosgraph_msgs/msg/detail/clock__builder.hpp
[7.708s] -- Installing: /home/user/robo/sb-robot/microros_ws/install/rosgraph_msgs/include/rosgraph_msgs/rosgraph_msgs/msg/detail/clock__traits.hpp
[7.708s] -- Installing: /home/user/robo/sb-robot/microros_ws/install/rosgraph_msgs/include/rosgraph_msgs/rosgraph_msgs/msg/clock.hpp
[7.708s] -- Up-to-date: /home/user/robo/sb-robot/microros_ws/install/rosgraph_msgs/include/rosgraph_msgs/rosgraph_msgs
[7.708s] -- Up-to-date: /home/user/robo/sb-robot/microros_ws/install/rosgraph_msgs/include/rosgraph_msgs/rosgraph_msgs/msg
[7.709s] -- Installing: /home/user/robo/sb-robot/microros_ws/install/rosgraph_msgs/include/rosgraph_msgs/rosgraph_msgs/msg/rosidl_typesupport_fastrtps_cpp__visibility_control.h
[7.709s] -- Up-to-date: /home/user/robo/sb-robot/microros_ws/install/rosgraph_msgs/include/rosgraph_msgs/rosgraph_msgs/msg/detail
[7.709s] -- Installing: /home/user/robo/sb-robot/microros_ws/install/rosgraph_msgs/include/rosgraph_msgs/rosgraph_msgs/msg/detail/dds_fastrtps
[7.709s] -- Installing: /home/user/robo/sb-robot/microros_ws/install/rosgraph_msgs/include/rosgraph_msgs/rosgraph_msgs/msg/detail/clock__rosidl_typesupport_fastrtps_cpp.hpp
[7.710s] -- Installing: /home/user/robo/sb-robot/microros_ws/install/rosgraph_msgs/lib/librosgraph_msgs__rosidl_typesupport_fastrtps_cpp.so
[7.710s] -- Set runtime path of "/home/user/robo/sb-robot/microros_ws/install/rosgraph_msgs/lib/librosgraph_msgs__rosidl_typesupport_fastrtps_cpp.so" to ""
[7.710s] -- Up-to-date: /home/user/robo/sb-robot/microros_ws/install/rosgraph_msgs/include/rosgraph_msgs
[7.710s] -- Installing: /home/user/robo/sb-robot/microros_ws/install/rosgraph_msgs/include/rosgraph_msgs/msg
[7.710s] -- Installing: /home/user/robo/sb-robot/microros_ws/install/rosgraph_msgs/include/rosgraph_msgs/msg/rosidl_typesupport_microxrcedds_c__visibility_control.h
[7.710s] -- Installing: /home/user/robo/sb-robot/microros_ws/install/rosgraph_msgs/include/rosgraph_msgs/msg/detail
[7.710s] -- Installing: /home/user/robo/sb-robot/microros_ws/install/rosgraph_msgs/include/rosgraph_msgs/msg/detail/microxrcedds
[7.710s] -- Installing: /home/user/robo/sb-robot/microros_ws/install/rosgraph_msgs/include/rosgraph_msgs/msg/detail/clock__rosidl_typesupport_microxrcedds_c.h
[7.710s] -- Installing: /home/user/robo/sb-robot/microros_ws/install/rosgraph_msgs/lib/librosgraph_msgs__rosidl_typesupport_microxrcedds_c.so
[7.710s] -- Set runtime path of "/home/user/robo/sb-robot/microros_ws/install/rosgraph_msgs/lib/librosgraph_msgs__rosidl_typesupport_microxrcedds_c.so" to ""
[7.710s] -- Up-to-date: /home/user/robo/sb-robot/microros_ws/install/rosgraph_msgs/include/rosgraph_msgs/rosgraph_msgs
[7.710s] -- Up-to-date: /home/user/robo/sb-robot/microros_ws/install/rosgraph_msgs/include/rosgraph_msgs/rosgraph_msgs/msg
[7.710s] -- Up-to-date: /home/user/robo/sb-robot/microros_ws/install/rosgraph_msgs/include/rosgraph_msgs/rosgraph_msgs/msg/detail
[7.710s] -- Installing: /home/user/robo/sb-robot/microros_ws/install/rosgraph_msgs/include/rosgraph_msgs/rosgraph_msgs/msg/detail/clock__rosidl_typesupport_introspection_c.h
[7.710s] -- Installing: /home/user/robo/sb-robot/microros_ws/install/rosgraph_msgs/include/rosgraph_msgs/rosgraph_msgs/msg/detail/clock__type_support.c
[7.710s] -- Installing: /home/user/robo/sb-robot/microros_ws/install/rosgraph_msgs/include/rosgraph_msgs/rosgraph_msgs/msg/rosidl_typesupport_introspection_c__visibility_control.h
[7.710s] -- Installing: /home/user/robo/sb-robot/microros_ws/install/rosgraph_msgs/lib/librosgraph_msgs__rosidl_typesupport_introspection_c.so
[7.711s] -- Set runtime path of "/home/user/robo/sb-robot/microros_ws/install/rosgraph_msgs/lib/librosgraph_msgs__rosidl_typesupport_introspection_c.so" to ""
[7.711s] -- Installing: /home/user/robo/sb-robot/microros_ws/install/rosgraph_msgs/lib/librosgraph_msgs__rosidl_typesupport_c.so
[7.711s] -- Set runtime path of "/home/user/robo/sb-robot/microros_ws/install/rosgraph_msgs/lib/librosgraph_msgs__rosidl_typesupport_c.so" to ""
[7.711s] -- Up-to-date: /home/user/robo/sb-robot/microros_ws/install/rosgraph_msgs/include/rosgraph_msgs
[7.711s] -- Up-to-date: /home/user/robo/sb-robot/microros_ws/install/rosgraph_msgs/include/rosgraph_msgs/msg
[7.711s] -- Up-to-date: /home/user/robo/sb-robot/microros_ws/install/rosgraph_msgs/include/rosgraph_msgs/msg/detail
[7.711s] -- Up-to-date: /home/user/robo/sb-robot/microros_ws/install/rosgraph_msgs/include/rosgraph_msgs/msg/detail/microxrcedds
[7.711s] -- Installing: /home/user/robo/sb-robot/microros_ws/install/rosgraph_msgs/include/rosgraph_msgs/msg/detail/microxrcedds/clock__type_support_cpp.cpp
[7.711s] -- Installing: /home/user/robo/sb-robot/microros_ws/install/rosgraph_msgs/include/rosgraph_msgs/msg/detail/clock__rosidl_typesupport_microxrcedds_cpp.hpp
[7.711s] -- Installing: /home/user/robo/sb-robot/microros_ws/install/rosgraph_msgs/include/rosgraph_msgs/msg/rosidl_typesupport_microxrcedds_cpp__visibility_control.h
[7.711s] -- Installing: /home/user/robo/sb-robot/microros_ws/install/rosgraph_msgs/lib/librosgraph_msgs__rosidl_typesupport_microxrcedds_cpp.so
[7.711s] -- Set runtime path of "/home/user/robo/sb-robot/microros_ws/install/rosgraph_msgs/lib/librosgraph_msgs__rosidl_typesupport_microxrcedds_cpp.so" to ""
[7.711s] -- Up-to-date: /home/user/robo/sb-robot/microros_ws/install/rosgraph_msgs/include/rosgraph_msgs/rosgraph_msgs
[7.711s] -- Up-to-date: /home/user/robo/sb-robot/microros_ws/install/rosgraph_msgs/include/rosgraph_msgs/rosgraph_msgs/msg
[7.714s] -- Up-to-date: /home/user/robo/sb-robot/microros_ws/install/rosgraph_msgs/include/rosgraph_msgs/rosgraph_msgs/msg/detail
[7.714s] -- Installing: /home/user/robo/sb-robot/microros_ws/install/rosgraph_msgs/include/rosgraph_msgs/rosgraph_msgs/msg/detail/clock__rosidl_typesupport_introspection_cpp.hpp
[7.714s] -- Installing: /home/user/robo/sb-robot/microros_ws/install/rosgraph_msgs/include/rosgraph_msgs/rosgraph_msgs/msg/detail/clock__type_support.cpp
[7.714s] -- Installing: /home/user/robo/sb-robot/microros_ws/install/rosgraph_msgs/lib/librosgraph_msgs__rosidl_typesupport_introspection_cpp.so
[7.714s] -- Set runtime path of "/home/user/robo/sb-robot/microros_ws/install/rosgraph_msgs/lib/librosgraph_msgs__rosidl_typesupport_introspection_cpp.so" to ""
[7.714s] -- Installing: /home/user/robo/sb-robot/microros_ws/install/rosgraph_msgs/lib/librosgraph_msgs__rosidl_typesupport_cpp.so
[7.714s] -- Set runtime path of "/home/user/robo/sb-robot/microros_ws/install/rosgraph_msgs/lib/librosgraph_msgs__rosidl_typesupport_cpp.so" to ""
[7.714s] -- Installing: /home/user/robo/sb-robot/microros_ws/install/rosgraph_msgs/share/rosgraph_msgs/environment/pythonpath.sh
[7.714s] -- Installing: /home/user/robo/sb-robot/microros_ws/install/rosgraph_msgs/share/rosgraph_msgs/environment/pythonpath.dsv
[7.714s] -- Installing: /home/user/robo/sb-robot/microros_ws/install/rosgraph_msgs/local/lib/python3.10/dist-packages/rosgraph_msgs-1.2.1-py3.10.egg-info
[7.714s] -- Installing: /home/user/robo/sb-robot/microros_ws/install/rosgraph_msgs/local/lib/python3.10/dist-packages/rosgraph_msgs-1.2.1-py3.10.egg-info/top_level.txt
[7.714s] -- Installing: /home/user/robo/sb-robot/microros_ws/install/rosgraph_msgs/local/lib/python3.10/dist-packages/rosgraph_msgs-1.2.1-py3.10.egg-info/dependency_links.txt
[7.714s] -- Installing: /home/user/robo/sb-robot/microros_ws/install/rosgraph_msgs/local/lib/python3.10/dist-packages/rosgraph_msgs-1.2.1-py3.10.egg-info/PKG-INFO
[7.714s] -- Installing: /home/user/robo/sb-robot/microros_ws/install/rosgraph_msgs/local/lib/python3.10/dist-packages/rosgraph_msgs-1.2.1-py3.10.egg-info/SOURCES.txt
[7.714s] -- Installing: /home/user/robo/sb-robot/microros_ws/install/rosgraph_msgs/local/lib/python3.10/dist-packages/rosgraph_msgs
[7.714s] -- Installing: /home/user/robo/sb-robot/microros_ws/install/rosgraph_msgs/local/lib/python3.10/dist-packages/rosgraph_msgs/_rosgraph_msgs_s.ep.rosidl_typesupport_microxrcedds_c.c
[7.714s] -- Installing: /home/user/robo/sb-robot/microros_ws/install/rosgraph_msgs/local/lib/python3.10/dist-packages/rosgraph_msgs/librosgraph_msgs__rosidl_generator_py.so
[7.715s] -- Installing: /home/user/robo/sb-robot/microros_ws/install/rosgraph_msgs/local/lib/python3.10/dist-packages/rosgraph_msgs/rosgraph_msgs_s__rosidl_typesupport_fastrtps_c.cpython-310-x86_64-linux-gnu.so
[7.715s] -- Installing: /home/user/robo/sb-robot/microros_ws/install/rosgraph_msgs/local/lib/python3.10/dist-packages/rosgraph_msgs/_rosgraph_msgs_s.ep.rosidl_typesupport_c.c
[7.715s] -- Installing: /home/user/robo/sb-robot/microros_ws/install/rosgraph_msgs/local/lib/python3.10/dist-packages/rosgraph_msgs/_rosgraph_msgs_s.ep.rosidl_typesupport_fastrtps_c.c
[7.715s] -- Installing: /home/user/robo/sb-robot/microros_ws/install/rosgraph_msgs/local/lib/python3.10/dist-packages/rosgraph_msgs/__init__.py
[7.715s] -- Installing: /home/user/robo/sb-robot/microros_ws/install/rosgraph_msgs/local/lib/python3.10/dist-packages/rosgraph_msgs/rosgraph_msgs_s__rosidl_typesupport_c.cpython-310-x86_64-linux-gnu.so
[7.715s] -- Installing: /home/user/robo/sb-robot/microros_ws/install/rosgraph_msgs/local/lib/python3.10/dist-packages/rosgraph_msgs/rosgraph_msgs_s__rosidl_typesupport_microxrcedds_c.cpython-310-x86_64-linux-gnu.so
[7.715s] -- Installing: /home/user/robo/sb-robot/microros_ws/install/rosgraph_msgs/local/lib/python3.10/dist-packages/rosgraph_msgs/rosgraph_msgs_s__rosidl_typesupport_introspection_c.cpython-310-x86_64-linux-gnu.so
[7.715s] -- Installing: /home/user/robo/sb-robot/microros_ws/install/rosgraph_msgs/local/lib/python3.10/dist-packages/rosgraph_msgs/msg
[7.715s] -- Installing: /home/user/robo/sb-robot/microros_ws/install/rosgraph_msgs/local/lib/python3.10/dist-packages/rosgraph_msgs/msg/_clock_s.c
[7.715s] -- Installing: /home/user/robo/sb-robot/microros_ws/install/rosgraph_msgs/local/lib/python3.10/dist-packages/rosgraph_msgs/msg/__init__.py
[7.715s] -- Installing: /home/user/robo/sb-robot/microros_ws/install/rosgraph_msgs/local/lib/python3.10/dist-packages/rosgraph_msgs/msg/_clock.py
[7.715s] -- Installing: /home/user/robo/sb-robot/microros_ws/install/rosgraph_msgs/local/lib/python3.10/dist-packages/rosgraph_msgs/_rosgraph_msgs_s.ep.rosidl_typesupport_introspection_c.c
[7.782s] Listing '/home/user/robo/sb-robot/microros_ws/install/rosgraph_msgs/local/lib/python3.10/dist-packages/rosgraph_msgs'...
[7.783s] Compiling '/home/user/robo/sb-robot/microros_ws/install/rosgraph_msgs/local/lib/python3.10/dist-packages/rosgraph_msgs/__init__.py'...
[7.783s] Listing '/home/user/robo/sb-robot/microros_ws/install/rosgraph_msgs/local/lib/python3.10/dist-packages/rosgraph_msgs/msg'...
[7.783s] Compiling '/home/user/robo/sb-robot/microros_ws/install/rosgraph_msgs/local/lib/python3.10/dist-packages/rosgraph_msgs/msg/__init__.py'...
[7.783s] Compiling '/home/user/robo/sb-robot/microros_ws/install/rosgraph_msgs/local/lib/python3.10/dist-packages/rosgraph_msgs/msg/_clock.py'...
[7.796s] -- Installing: /home/user/robo/sb-robot/microros_ws/install/rosgraph_msgs/local/lib/python3.10/dist-packages/rosgraph_msgs/rosgraph_msgs_s__rosidl_typesupport_microxrcedds_c.cpython-310-x86_64-linux-gnu.so
[7.796s] -- Set runtime path of "/home/user/robo/sb-robot/microros_ws/install/rosgraph_msgs/local/lib/python3.10/dist-packages/rosgraph_msgs/rosgraph_msgs_s__rosidl_typesupport_microxrcedds_c.cpython-310-x86_64-linux-gnu.so" to ""
[7.796s] -- Installing: /home/user/robo/sb-robot/microros_ws/install/rosgraph_msgs/local/lib/python3.10/dist-packages/rosgraph_msgs/rosgraph_msgs_s__rosidl_typesupport_fastrtps_c.cpython-310-x86_64-linux-gnu.so
[7.797s] -- Set runtime path of "/home/user/robo/sb-robot/microros_ws/install/rosgraph_msgs/local/lib/python3.10/dist-packages/rosgraph_msgs/rosgraph_msgs_s__rosidl_typesupport_fastrtps_c.cpython-310-x86_64-linux-gnu.so" to ""
[7.797s] -- Installing: /home/user/robo/sb-robot/microros_ws/install/rosgraph_msgs/local/lib/python3.10/dist-packages/rosgraph_msgs/rosgraph_msgs_s__rosidl_typesupport_introspection_c.cpython-310-x86_64-linux-gnu.so
[7.797s] -- Set runtime path of "/home/user/robo/sb-robot/microros_ws/install/rosgraph_msgs/local/lib/python3.10/dist-packages/rosgraph_msgs/rosgraph_msgs_s__rosidl_typesupport_introspection_c.cpython-310-x86_64-linux-gnu.so" to ""
[7.797s] -- Installing: /home/user/robo/sb-robot/microros_ws/install/rosgraph_msgs/local/lib/python3.10/dist-packages/rosgraph_msgs/rosgraph_msgs_s__rosidl_typesupport_c.cpython-310-x86_64-linux-gnu.so
[7.798s] -- Set runtime path of "/home/user/robo/sb-robot/microros_ws/install/rosgraph_msgs/local/lib/python3.10/dist-packages/rosgraph_msgs/rosgraph_msgs_s__rosidl_typesupport_c.cpython-310-x86_64-linux-gnu.so" to ""
[7.798s] -- Installing: /home/user/robo/sb-robot/microros_ws/install/rosgraph_msgs/lib/librosgraph_msgs__rosidl_generator_py.so
[7.798s] -- Set runtime path of "/home/user/robo/sb-robot/microros_ws/install/rosgraph_msgs/lib/librosgraph_msgs__rosidl_generator_py.so" to ""
[7.799s] -- Installing: /home/user/robo/sb-robot/microros_ws/install/rosgraph_msgs/share/rosgraph_msgs/msg/Clock.idl
[7.799s] -- Installing: /home/user/robo/sb-robot/microros_ws/install/rosgraph_msgs/share/rosgraph_msgs/msg/Clock.msg
[7.799s] -- Installing: /home/user/robo/sb-robot/microros_ws/install/rosgraph_msgs/share/ament_index/resource_index/package_run_dependencies/rosgraph_msgs
[7.799s] -- Installing: /home/user/robo/sb-robot/microros_ws/install/rosgraph_msgs/share/ament_index/resource_index/parent_prefix_path/rosgraph_msgs
[7.800s] -- Installing: /home/user/robo/sb-robot/microros_ws/install/rosgraph_msgs/share/rosgraph_msgs/environment/ament_prefix_path.sh
[7.800s] -- Installing: /home/user/robo/sb-robot/microros_ws/install/rosgraph_msgs/share/rosgraph_msgs/environment/ament_prefix_path.dsv
[7.800s] -- Installing: /home/user/robo/sb-robot/microros_ws/install/rosgraph_msgs/share/rosgraph_msgs/environment/path.sh
[7.800s] -- Installing: /home/user/robo/sb-robot/microros_ws/install/rosgraph_msgs/share/rosgraph_msgs/environment/path.dsv
[7.801s] -- Installing: /home/user/robo/sb-robot/microros_ws/install/rosgraph_msgs/share/rosgraph_msgs/local_setup.bash
[7.803s] -- Installing: /home/user/robo/sb-robot/microros_ws/install/rosgraph_msgs/share/rosgraph_msgs/local_setup.sh
[7.804s] -- Installing: /home/user/robo/sb-robot/microros_ws/install/rosgraph_msgs/share/rosgraph_msgs/local_setup.zsh
[7.804s] -- Installing: /home/user/robo/sb-robot/microros_ws/install/rosgraph_msgs/share/rosgraph_msgs/local_setup.dsv
[7.804s] -- Installing: /home/user/robo/sb-robot/microros_ws/install/rosgraph_msgs/share/rosgraph_msgs/package.dsv
[7.804s] -- Installing: /home/user/robo/sb-robot/microros_ws/install/rosgraph_msgs/share/ament_index/resource_index/packages/rosgraph_msgs
[7.804s] -- Installing: /home/user/robo/sb-robot/microros_ws/install/rosgraph_msgs/share/rosgraph_msgs/cmake/export_rosgraph_msgs__rosidl_generator_cExport.cmake
[7.804s] -- Installing: /home/user/robo/sb-robot/microros_ws/install/rosgraph_msgs/share/rosgraph_msgs/cmake/export_rosgraph_msgs__rosidl_generator_cExport-noconfig.cmake
[7.805s] -- Installing: /home/user/robo/sb-robot/microros_ws/install/rosgraph_msgs/share/rosgraph_msgs/cmake/export_rosgraph_msgs__rosidl_typesupport_fastrtps_cExport.cmake
[7.805s] -- Installing: /home/user/robo/sb-robot/microros_ws/install/rosgraph_msgs/share/rosgraph_msgs/cmake/export_rosgraph_msgs__rosidl_typesupport_fastrtps_cExport-noconfig.cmake
[7.805s] -- Installing: /home/user/robo/sb-robot/microros_ws/install/rosgraph_msgs/share/rosgraph_msgs/cmake/export_rosgraph_msgs__rosidl_generator_cppExport.cmake
[7.805s] -- Installing: /home/user/robo/sb-robot/microros_ws/install/rosgraph_msgs/share/rosgraph_msgs/cmake/export_rosgraph_msgs__rosidl_typesupport_fastrtps_cppExport.cmake
[7.805s] -- Installing: /home/user/robo/sb-robot/microros_ws/install/rosgraph_msgs/share/rosgraph_msgs/cmake/export_rosgraph_msgs__rosidl_typesupport_fastrtps_cppExport-noconfig.cmake
[7.805s] -- Installing: /home/user/robo/sb-robot/microros_ws/install/rosgraph_msgs/share/rosgraph_msgs/cmake/rosgraph_msgs__rosidl_typesupport_introspection_cExport.cmake
[7.805s] -- Installing: /home/user/robo/sb-robot/microros_ws/install/rosgraph_msgs/share/rosgraph_msgs/cmake/rosgraph_msgs__rosidl_typesupport_introspection_cExport-noconfig.cmake
[7.805s] -- Installing: /home/user/robo/sb-robot/microros_ws/install/rosgraph_msgs/share/rosgraph_msgs/cmake/rosgraph_msgs__rosidl_typesupport_cExport.cmake
[7.805s] -- Installing: /home/user/robo/sb-robot/microros_ws/install/rosgraph_msgs/share/rosgraph_msgs/cmake/rosgraph_msgs__rosidl_typesupport_cExport-noconfig.cmake
[7.805s] -- Installing: /home/user/robo/sb-robot/microros_ws/install/rosgraph_msgs/share/rosgraph_msgs/cmake/rosgraph_msgs__rosidl_typesupport_introspection_cppExport.cmake
[7.805s] -- Installing: /home/user/robo/sb-robot/microros_ws/install/rosgraph_msgs/share/rosgraph_msgs/cmake/rosgraph_msgs__rosidl_typesupport_introspection_cppExport-noconfig.cmake
[7.805s] -- Installing: /home/user/robo/sb-robot/microros_ws/install/rosgraph_msgs/share/rosgraph_msgs/cmake/rosgraph_msgs__rosidl_typesupport_cppExport.cmake
[7.805s] -- Installing: /home/user/robo/sb-robot/microros_ws/install/rosgraph_msgs/share/rosgraph_msgs/cmake/rosgraph_msgs__rosidl_typesupport_cppExport-noconfig.cmake
[7.806s] -- Installing: /home/user/robo/sb-robot/microros_ws/install/rosgraph_msgs/share/rosgraph_msgs/cmake/export_rosgraph_msgs__rosidl_generator_pyExport.cmake
[7.806s] -- Installing: /home/user/robo/sb-robot/microros_ws/install/rosgraph_msgs/share/rosgraph_msgs/cmake/export_rosgraph_msgs__rosidl_generator_pyExport-noconfig.cmake
[7.806s] -- Installing: /home/user/robo/sb-robot/microros_ws/install/rosgraph_msgs/share/rosgraph_msgs/cmake/rosidl_cmake-extras.cmake
[7.807s] -- Installing: /home/user/robo/sb-robot/microros_ws/install/rosgraph_msgs/share/rosgraph_msgs/cmake/ament_cmake_export_dependencies-extras.cmake
[7.807s] -- Installing: /home/user/robo/sb-robot/microros_ws/install/rosgraph_msgs/share/rosgraph_msgs/cmake/ament_cmake_export_include_directories-extras.cmake
[7.807s] -- Installing: /home/user/robo/sb-robot/microros_ws/install/rosgraph_msgs/share/rosgraph_msgs/cmake/ament_cmake_export_libraries-extras.cmake
[7.810s] -- Installing: /home/user/robo/sb-robot/microros_ws/install/rosgraph_msgs/share/rosgraph_msgs/cmake/ament_cmake_export_targets-extras.cmake
[7.810s] -- Installing: /home/user/robo/sb-robot/microros_ws/install/rosgraph_msgs/share/rosgraph_msgs/cmake/rosidl_cmake_export_typesupport_targets-extras.cmake
[7.811s] -- Installing: /home/user/robo/sb-robot/microros_ws/install/rosgraph_msgs/share/rosgraph_msgs/cmake/rosidl_cmake_export_typesupport_libraries-extras.cmake
[7.811s] -- Installing: /home/user/robo/sb-robot/microros_ws/install/rosgraph_msgs/share/rosgraph_msgs/cmake/rosgraph_msgsConfig.cmake
[7.811s] -- Installing: /home/user/robo/sb-robot/microros_ws/install/rosgraph_msgs/share/rosgraph_msgs/cmake/rosgraph_msgsConfig-version.cmake
[7.812s] -- Installing: /home/user/robo/sb-robot/microros_ws/install/rosgraph_msgs/share/rosgraph_msgs/package.xml
[7.821s] Invoked command in '/home/user/robo/sb-robot/microros_ws/build/rosgraph_msgs' returned '0': CMAKE_PREFIX_PATH=/home/user/robo/sb-robot/microros_ws/install/builtin_interfaces:/home/user/robo/sb-robot/microros_ws/src/install/action_msgs:/home/user/robo/sb-robot/microros_ws/src/install/unique_identifier_msgs:/home/user/robo/sb-robot/microros_ws/src/install/std_srvs:/home/user/robo/sb-robot/microros_ws/src/install/statistics_msgs:/home/user/robo/sb-robot/microros_ws/src/install/rmw_microxrcedds:/home/user/robo/sb-robot/microros_ws/src/install/rosidl_typesupport_microxrcedds_cpp:/home/user/robo/sb-robot/microros_ws/src/install/rosidl_typesupport_microxrcedds_c:/home/user/robo/sb-robot/microros_ws/src/install/rosgraph_msgs:/home/user/robo/sb-robot/microros_ws/src/install/microxrcedds_client:/home/user/robo/sb-robot/microros_ws/src/install/microcdr:/home/user/robo/sb-robot/microros_ws/src/install/micro_ros_utilities:/home/user/robo/sb-robot/microros_ws/src/install/micro_ros_setup:/home/user/robo/sb-robot/microros_ws/src/install/micro_ros_msgs:/home/user/robo/sb-robot/microros_ws/src/install/lifecycle_msgs:/home/user/robo/sb-robot/microros_ws/src/install/complex_msgs:/home/user/robo/sb-robot/microros_ws/src/install/builtin_interfaces:/home/user/robo/sb-robot/microros_ws/install/micro_ros_setup:/home/user/robo/sb-robot/microros_ws/install/micro_ros_agent:/home/user/robo/sb-robot/microros_ws/install/micro_ros_msgs:/opt/ros/humble LD_LIBRARY_PATH=/home/user/robo/sb-robot/microros_ws/install/builtin_interfaces/lib:/home/user/robo/sb-robot/microros_ws/src/install/action_msgs/lib:/home/user/robo/sb-robot/microros_ws/src/install/unique_identifier_msgs/lib:/home/user/robo/sb-robot/microros_ws/src/install/std_srvs/lib:/home/user/robo/sb-robot/microros_ws/src/install/statistics_msgs/lib:/home/user/robo/sb-robot/microros_ws/src/install/rmw_microxrcedds/lib:/home/user/robo/sb-robot/microros_ws/src/install/rosidl_typesupport_microxrcedds_cpp/lib:/home/user/robo/sb-robot/microros_ws/src/install/rosidl_typesupport_microxrcedds_c/lib:/home/user/robo/sb-robot/microros_ws/src/install/rosgraph_msgs/lib:/home/user/robo/sb-robot/microros_ws/src/install/microxrcedds_client/lib:/home/user/robo/sb-robot/microros_ws/src/install/microcdr/lib:/home/user/robo/sb-robot/microros_ws/src/install/micro_ros_utilities/lib:/home/user/robo/sb-robot/microros_ws/src/install/micro_ros_msgs/lib:/home/user/robo/sb-robot/microros_ws/src/install/lifecycle_msgs/lib:/home/user/robo/sb-robot/microros_ws/src/install/complex_msgs/lib:/home/user/robo/sb-robot/microros_ws/src/install/builtin_interfaces/lib:/home/user/robo/sb-robot/microros_ws/install/micro_ros_agent/lib:/home/user/robo/sb-robot/microros_ws/install/micro_ros_msgs/lib:/usr/lib/x86_64-linux-gnu/gazebo-11/plugins:/opt/ros/humble/opt/rviz_ogre_vendor/lib:/opt/ros/humble/lib/x86_64-linux-gnu:/opt/ros/humble/lib /usr/bin/cmake --install /home/user/robo/sb-robot/microros_ws/build/rosgraph_msgs
