[0.130s] Invoking command in '/home/user/robo/sb-robot/ros_ws/build/ws_hw_interface': CMAKE_PREFIX_PATH=/opt/ros/humble /usr/bin/cmake --build /home/user/robo/sb-robot/ros_ws/build/ws_hw_interface -- -j20 -l20
[0.146s] -- Found ament_cmake: 1.3.11 (/opt/ros/humble/share/ament_cmake/cmake)
[0.218s] -- Override CMake install command with custom implementation using symlinks instead of copying resources
[0.222s] -- Found rclcpp: 16.0.11 (/opt/ros/humble/share/rclcpp/cmake)
[0.237s] -- Found rosidl_generator_c: 3.1.6 (/opt/ros/humble/share/rosidl_generator_c/cmake)
[0.238s] -- Found rosidl_adapter: 3.1.6 (/opt/ros/humble/share/rosidl_adapter/cmake)
[0.242s] -- Found rosidl_generator_cpp: 3.1.6 (/opt/ros/humble/share/rosidl_generator_cpp/cmake)
[0.246s] -- Using all available rosidl_typesupport_c: rosidl_typesupport_fastrtps_c;rosidl_typesupport_introspection_c
[0.253s] -- Using all available rosidl_typesupport_cpp: rosidl_typesupport_fastrtps_cpp;rosidl_typesupport_introspection_cpp
[0.269s] -- Found rmw_implementation_cmake: 6.1.2 (/opt/ros/humble/share/rmw_implementation_cmake/cmake)
[0.270s] -- Found rmw_fastrtps_cpp: 6.2.7 (/opt/ros/humble/share/rmw_fastrtps_cpp/cmake)
[0.329s] -- Using RMW implementation 'rmw_fastrtps_cpp' as default
[0.355s] -- Found hardware_interface: 2.48.0 (/opt/ros/humble/share/hardware_interface/cmake)
[0.462s] -- Configuring done
[0.473s] -- Generating done
[0.476s] -- Build files have been written to: /home/user/robo/sb-robot/ros_ws/build/ws_hw_interface
[0.494s] [35m[1mConsolidate compiler generated dependencies of target ws_hw_interface[0m
[0.517s] [100%] Built target ws_hw_interface
[0.526s] Invoked command in '/home/user/robo/sb-robot/ros_ws/build/ws_hw_interface' returned '0': CMAKE_PREFIX_PATH=/opt/ros/humble /usr/bin/cmake --build /home/user/robo/sb-robot/ros_ws/build/ws_hw_interface -- -j20 -l20
[0.527s] Invoking command in '/home/user/robo/sb-robot/ros_ws/build/ws_hw_interface': CMAKE_PREFIX_PATH=/opt/ros/humble /usr/bin/cmake --install /home/user/robo/sb-robot/ros_ws/build/ws_hw_interface
[0.530s] -- Install configuration: ""
[0.531s] -- Execute custom install script
[0.531s] -- Up-to-date symlink: /home/user/robo/sb-robot/ros_ws/install/ws_hw_interface/share/ws_hw_interface//ws_hw_interface.xml
[0.532s] -- Up-to-date symlink: /home/user/robo/sb-robot/ros_ws/install/ws_hw_interface/lib/libws_hw_interface.so
[0.532s] -- Up-to-date symlink: /home/user/robo/sb-robot/ros_ws/install/ws_hw_interface/include//ws_hw_interface/sb_system.hpp
[0.532s] -- Up-to-date symlink: /home/user/robo/sb-robot/ros_ws/install/ws_hw_interface/include//ws_hw_interface/wheel.hpp
[0.532s] -- Up-to-date symlink: /home/user/robo/sb-robot/ros_ws/install/ws_hw_interface/include//ws_hw_interface/ws_driver.hpp
[0.532s] -- Up-to-date symlink: /home/user/robo/sb-robot/ros_ws/install/ws_hw_interface/include//ws_hw_interface/ws_driver.hpp_
[0.532s] -- Up-to-date symlink: /home/user/robo/sb-robot/ros_ws/install/ws_hw_interface/share/ws_hw_interface/ws_hw_interface.xml
[0.532s] -- Up-to-date symlink: /home/user/robo/sb-robot/ros_ws/install/ws_hw_interface/share/ament_index/resource_index/package_run_dependencies/ws_hw_interface
[0.532s] -- Up-to-date symlink: /home/user/robo/sb-robot/ros_ws/install/ws_hw_interface/share/ament_index/resource_index/parent_prefix_path/ws_hw_interface
[0.532s] -- Up-to-date symlink: /home/user/robo/sb-robot/ros_ws/install/ws_hw_interface/share/ws_hw_interface/environment/ament_prefix_path.sh
[0.532s] -- Up-to-date symlink: /home/user/robo/sb-robot/ros_ws/install/ws_hw_interface/share/ws_hw_interface/environment/ament_prefix_path.dsv
[0.533s] -- Up-to-date symlink: /home/user/robo/sb-robot/ros_ws/install/ws_hw_interface/share/ws_hw_interface/environment/path.sh
[0.533s] -- Up-to-date symlink: /home/user/robo/sb-robot/ros_ws/install/ws_hw_interface/share/ws_hw_interface/environment/path.dsv
[0.533s] -- Up-to-date symlink: /home/user/robo/sb-robot/ros_ws/install/ws_hw_interface/share/ws_hw_interface/local_setup.bash
[0.533s] -- Up-to-date symlink: /home/user/robo/sb-robot/ros_ws/install/ws_hw_interface/share/ws_hw_interface/local_setup.sh
[0.533s] -- Up-to-date symlink: /home/user/robo/sb-robot/ros_ws/install/ws_hw_interface/share/ws_hw_interface/local_setup.zsh
[0.533s] -- Up-to-date symlink: /home/user/robo/sb-robot/ros_ws/install/ws_hw_interface/share/ws_hw_interface/local_setup.dsv
[0.533s] -- Symlinking: /home/user/robo/sb-robot/ros_ws/install/ws_hw_interface/share/ws_hw_interface/package.dsv
[0.537s] -- Up-to-date symlink: /home/user/robo/sb-robot/ros_ws/install/ws_hw_interface/share/ament_index/resource_index/packages/ws_hw_interface
[0.537s] -- Up-to-date symlink: /home/user/robo/sb-robot/ros_ws/install/ws_hw_interface/share/ament_index/resource_index/hardware_interface__pluginlib__plugin/ws_hw_interface
[0.537s] -- Up-to-date symlink: /home/user/robo/sb-robot/ros_ws/install/ws_hw_interface/share/ws_hw_interface/cmake/ws_hw_interfaceConfig.cmake
[0.537s] -- Up-to-date symlink: /home/user/robo/sb-robot/ros_ws/install/ws_hw_interface/share/ws_hw_interface/cmake/ws_hw_interfaceConfig-version.cmake
[0.538s] -- Up-to-date symlink: /home/user/robo/sb-robot/ros_ws/install/ws_hw_interface/share/ws_hw_interface/package.xml
[0.539s] Invoked command in '/home/user/robo/sb-robot/ros_ws/build/ws_hw_interface' returned '0': CMAKE_PREFIX_PATH=/opt/ros/humble /usr/bin/cmake --install /home/user/robo/sb-robot/ros_ws/build/ws_hw_interface
