[0.015s] Invoking command in '/home/user/robo/sb-robot/microros_ws/build/rosidl_typesupport_microxrcedds_c': CMAKE_PREFIX_PATH=/home/user/robo/sb-robot/microros_ws/install/microcdr:/home/user/robo/sb-robot/microros_ws/src/install/action_msgs:/home/user/robo/sb-robot/microros_ws/src/install/unique_identifier_msgs:/home/user/robo/sb-robot/microros_ws/src/install/std_srvs:/home/user/robo/sb-robot/microros_ws/src/install/statistics_msgs:/home/user/robo/sb-robot/microros_ws/src/install/rmw_microxrcedds:/home/user/robo/sb-robot/microros_ws/src/install/rosidl_typesupport_microxrcedds_cpp:/home/user/robo/sb-robot/microros_ws/src/install/rosidl_typesupport_microxrcedds_c:/home/user/robo/sb-robot/microros_ws/src/install/rosgraph_msgs:/home/user/robo/sb-robot/microros_ws/src/install/microxrcedds_client:/home/user/robo/sb-robot/microros_ws/src/install/microcdr:/home/user/robo/sb-robot/microros_ws/src/install/micro_ros_utilities:/home/user/robo/sb-robot/microros_ws/src/install/micro_ros_setup:/home/user/robo/sb-robot/microros_ws/src/install/micro_ros_msgs:/home/user/robo/sb-robot/microros_ws/src/install/lifecycle_msgs:/home/user/robo/sb-robot/microros_ws/src/install/complex_msgs:/home/user/robo/sb-robot/microros_ws/src/install/builtin_interfaces:/home/user/robo/sb-robot/microros_ws/install/micro_ros_setup:/home/user/robo/sb-robot/microros_ws/install/micro_ros_agent:/home/user/robo/sb-robot/microros_ws/install/micro_ros_msgs:/home/user/robo/sb-robot/microros_ws/install/builtin_interfaces:/opt/ros/humble /usr/bin/cmake /home/user/robo/sb-robot/microros_ws/src/uros/rosidl_typesupport_microxrcedds/rosidl_typesupport_microxrcedds_c -DCMAKE_INSTALL_PREFIX=/home/user/robo/sb-robot/microros_ws/install/rosidl_typesupport_microxrcedds_c
[0.088s] -- The C compiler identification is GNU 11.4.0
[0.095s] -- Detecting C compiler ABI info
[0.197s] -- Detecting C compiler ABI info - done
[0.207s] -- Check for working C compiler: /usr/bin/cc - skipped
[0.207s] -- Detecting C compile features
[0.208s] -- Detecting C compile features - done
[0.213s] -- Found ament_cmake: 1.3.11 (/opt/ros/humble/share/ament_cmake/cmake)
[0.536s] -- Found Python3: /usr/bin/python3 (found version "3.10.12") found components: Interpreter 
[0.855s] -- Found rosidl_runtime_c: 3.1.6 (/opt/ros/humble/share/rosidl_runtime_c/cmake)
[1.009s] -- Found ament_lint_auto: 0.12.11 (/opt/ros/humble/share/ament_lint_auto/cmake)
[1.092s] -- Added test 'copyright' to check source files copyright and LICENSE
[1.093s] -- Added test 'cppcheck' to perform static code analysis on C / C++ code
[1.093s] -- Configured cppcheck include dirs: $<BUILD_INTERFACE:/home/user/robo/sb-robot/microros_ws/src/uros/rosidl_typesupport_microxrcedds/rosidl_typesupport_microxrcedds_c/include>
[1.093s] -- Configured cppcheck exclude dirs and/or files: 
[1.094s] -- Added test 'cpplint' to check C / C++ code against the Google style
[1.095s] -- Configured cpplint exclude dirs and/or files: 
[1.095s] -- Added test 'flake8' to check Python code syntax and style conventions
[1.096s] -- Added test 'lint_cmake' to check CMake code style
[1.096s] -- Added test 'pep257' to check Python code against some of the docstring style conventions in PEP 257
[1.098s] -- Added test 'uncrustify' to check C / C++ code style
[1.098s] -- Configured uncrustify additional arguments: 
[1.098s] -- Added test 'xmllint' to check XML markup files
[1.100s] -- Configuring done
[1.106s] -- Generating done
[1.109s] -- Build files have been written to: /home/user/robo/sb-robot/microros_ws/build/rosidl_typesupport_microxrcedds_c
[1.116s] Invoked command in '/home/user/robo/sb-robot/microros_ws/build/rosidl_typesupport_microxrcedds_c' returned '0': CMAKE_PREFIX_PATH=/home/user/robo/sb-robot/microros_ws/install/microcdr:/home/user/robo/sb-robot/microros_ws/src/install/action_msgs:/home/user/robo/sb-robot/microros_ws/src/install/unique_identifier_msgs:/home/user/robo/sb-robot/microros_ws/src/install/std_srvs:/home/user/robo/sb-robot/microros_ws/src/install/statistics_msgs:/home/user/robo/sb-robot/microros_ws/src/install/rmw_microxrcedds:/home/user/robo/sb-robot/microros_ws/src/install/rosidl_typesupport_microxrcedds_cpp:/home/user/robo/sb-robot/microros_ws/src/install/rosidl_typesupport_microxrcedds_c:/home/user/robo/sb-robot/microros_ws/src/install/rosgraph_msgs:/home/user/robo/sb-robot/microros_ws/src/install/microxrcedds_client:/home/user/robo/sb-robot/microros_ws/src/install/microcdr:/home/user/robo/sb-robot/microros_ws/src/install/micro_ros_utilities:/home/user/robo/sb-robot/microros_ws/src/install/micro_ros_setup:/home/user/robo/sb-robot/microros_ws/src/install/micro_ros_msgs:/home/user/robo/sb-robot/microros_ws/src/install/lifecycle_msgs:/home/user/robo/sb-robot/microros_ws/src/install/complex_msgs:/home/user/robo/sb-robot/microros_ws/src/install/builtin_interfaces:/home/user/robo/sb-robot/microros_ws/install/micro_ros_setup:/home/user/robo/sb-robot/microros_ws/install/micro_ros_agent:/home/user/robo/sb-robot/microros_ws/install/micro_ros_msgs:/home/user/robo/sb-robot/microros_ws/install/builtin_interfaces:/opt/ros/humble /usr/bin/cmake /home/user/robo/sb-robot/microros_ws/src/uros/rosidl_typesupport_microxrcedds/rosidl_typesupport_microxrcedds_c -DCMAKE_INSTALL_PREFIX=/home/user/robo/sb-robot/microros_ws/install/rosidl_typesupport_microxrcedds_c
[1.118s] Invoking command in '/home/user/robo/sb-robot/microros_ws/build/rosidl_typesupport_microxrcedds_c': CMAKE_PREFIX_PATH=/home/user/robo/sb-robot/microros_ws/install/microcdr:/home/user/robo/sb-robot/microros_ws/src/install/action_msgs:/home/user/robo/sb-robot/microros_ws/src/install/unique_identifier_msgs:/home/user/robo/sb-robot/microros_ws/src/install/std_srvs:/home/user/robo/sb-robot/microros_ws/src/install/statistics_msgs:/home/user/robo/sb-robot/microros_ws/src/install/rmw_microxrcedds:/home/user/robo/sb-robot/microros_ws/src/install/rosidl_typesupport_microxrcedds_cpp:/home/user/robo/sb-robot/microros_ws/src/install/rosidl_typesupport_microxrcedds_c:/home/user/robo/sb-robot/microros_ws/src/install/rosgraph_msgs:/home/user/robo/sb-robot/microros_ws/src/install/microxrcedds_client:/home/user/robo/sb-robot/microros_ws/src/install/microcdr:/home/user/robo/sb-robot/microros_ws/src/install/micro_ros_utilities:/home/user/robo/sb-robot/microros_ws/src/install/micro_ros_setup:/home/user/robo/sb-robot/microros_ws/src/install/micro_ros_msgs:/home/user/robo/sb-robot/microros_ws/src/install/lifecycle_msgs:/home/user/robo/sb-robot/microros_ws/src/install/complex_msgs:/home/user/robo/sb-robot/microros_ws/src/install/builtin_interfaces:/home/user/robo/sb-robot/microros_ws/install/micro_ros_setup:/home/user/robo/sb-robot/microros_ws/install/micro_ros_agent:/home/user/robo/sb-robot/microros_ws/install/micro_ros_msgs:/home/user/robo/sb-robot/microros_ws/install/builtin_interfaces:/opt/ros/humble /usr/bin/cmake --build /home/user/robo/sb-robot/microros_ws/build/rosidl_typesupport_microxrcedds_c -- -j20 -l20
[1.180s] [ 50%] [32mBuilding C object CMakeFiles/rosidl_typesupport_microxrcedds_c.dir/src/identifier.c.o[0m
[1.189s] [ 50%] Built target ament_cmake_python_copy_rosidl_typesupport_microxrcedds_c
[1.206s] [100%] [32m[1mLinking C static library librosidl_typesupport_microxrcedds_c.a[0m
[1.314s] [100%] Built target rosidl_typesupport_microxrcedds_c
[1.564s] running egg_info
[1.564s] creating rosidl_typesupport_microxrcedds_c.egg-info
[1.565s] writing rosidl_typesupport_microxrcedds_c.egg-info/PKG-INFO
[1.565s] writing dependency_links to rosidl_typesupport_microxrcedds_c.egg-info/dependency_links.txt
[1.566s] writing top-level names to rosidl_typesupport_microxrcedds_c.egg-info/top_level.txt
[1.568s] writing manifest file 'rosidl_typesupport_microxrcedds_c.egg-info/SOURCES.txt'
[1.571s] reading manifest file 'rosidl_typesupport_microxrcedds_c.egg-info/SOURCES.txt'
[1.572s] writing manifest file 'rosidl_typesupport_microxrcedds_c.egg-info/SOURCES.txt'
[1.650s] [100%] Built target ament_cmake_python_build_rosidl_typesupport_microxrcedds_c_egg
[1.684s] Invoked command in '/home/user/robo/sb-robot/microros_ws/build/rosidl_typesupport_microxrcedds_c' returned '0': CMAKE_PREFIX_PATH=/home/user/robo/sb-robot/microros_ws/install/microcdr:/home/user/robo/sb-robot/microros_ws/src/install/action_msgs:/home/user/robo/sb-robot/microros_ws/src/install/unique_identifier_msgs:/home/user/robo/sb-robot/microros_ws/src/install/std_srvs:/home/user/robo/sb-robot/microros_ws/src/install/statistics_msgs:/home/user/robo/sb-robot/microros_ws/src/install/rmw_microxrcedds:/home/user/robo/sb-robot/microros_ws/src/install/rosidl_typesupport_microxrcedds_cpp:/home/user/robo/sb-robot/microros_ws/src/install/rosidl_typesupport_microxrcedds_c:/home/user/robo/sb-robot/microros_ws/src/install/rosgraph_msgs:/home/user/robo/sb-robot/microros_ws/src/install/microxrcedds_client:/home/user/robo/sb-robot/microros_ws/src/install/microcdr:/home/user/robo/sb-robot/microros_ws/src/install/micro_ros_utilities:/home/user/robo/sb-robot/microros_ws/src/install/micro_ros_setup:/home/user/robo/sb-robot/microros_ws/src/install/micro_ros_msgs:/home/user/robo/sb-robot/microros_ws/src/install/lifecycle_msgs:/home/user/robo/sb-robot/microros_ws/src/install/complex_msgs:/home/user/robo/sb-robot/microros_ws/src/install/builtin_interfaces:/home/user/robo/sb-robot/microros_ws/install/micro_ros_setup:/home/user/robo/sb-robot/microros_ws/install/micro_ros_agent:/home/user/robo/sb-robot/microros_ws/install/micro_ros_msgs:/home/user/robo/sb-robot/microros_ws/install/builtin_interfaces:/opt/ros/humble /usr/bin/cmake --build /home/user/robo/sb-robot/microros_ws/build/rosidl_typesupport_microxrcedds_c -- -j20 -l20
[1.685s] Invoking command in '/home/user/robo/sb-robot/microros_ws/build/rosidl_typesupport_microxrcedds_c': CMAKE_PREFIX_PATH=/home/user/robo/sb-robot/microros_ws/install/microcdr:/home/user/robo/sb-robot/microros_ws/src/install/action_msgs:/home/user/robo/sb-robot/microros_ws/src/install/unique_identifier_msgs:/home/user/robo/sb-robot/microros_ws/src/install/std_srvs:/home/user/robo/sb-robot/microros_ws/src/install/statistics_msgs:/home/user/robo/sb-robot/microros_ws/src/install/rmw_microxrcedds:/home/user/robo/sb-robot/microros_ws/src/install/rosidl_typesupport_microxrcedds_cpp:/home/user/robo/sb-robot/microros_ws/src/install/rosidl_typesupport_microxrcedds_c:/home/user/robo/sb-robot/microros_ws/src/install/rosgraph_msgs:/home/user/robo/sb-robot/microros_ws/src/install/microxrcedds_client:/home/user/robo/sb-robot/microros_ws/src/install/microcdr:/home/user/robo/sb-robot/microros_ws/src/install/micro_ros_utilities:/home/user/robo/sb-robot/microros_ws/src/install/micro_ros_setup:/home/user/robo/sb-robot/microros_ws/src/install/micro_ros_msgs:/home/user/robo/sb-robot/microros_ws/src/install/lifecycle_msgs:/home/user/robo/sb-robot/microros_ws/src/install/complex_msgs:/home/user/robo/sb-robot/microros_ws/src/install/builtin_interfaces:/home/user/robo/sb-robot/microros_ws/install/micro_ros_setup:/home/user/robo/sb-robot/microros_ws/install/micro_ros_agent:/home/user/robo/sb-robot/microros_ws/install/micro_ros_msgs:/home/user/robo/sb-robot/microros_ws/install/builtin_interfaces:/opt/ros/humble /usr/bin/cmake --install /home/user/robo/sb-robot/microros_ws/build/rosidl_typesupport_microxrcedds_c
[1.715s] -- Install configuration: ""
[1.716s] -- Installing: /home/user/robo/sb-robot/microros_ws/install/rosidl_typesupport_microxrcedds_c/share/rosidl_typesupport_microxrcedds_c/environment/pythonpath.sh
[1.716s] -- Installing: /home/user/robo/sb-robot/microros_ws/install/rosidl_typesupport_microxrcedds_c/share/rosidl_typesupport_microxrcedds_c/environment/pythonpath.dsv
[1.720s] -- Installing: /home/user/robo/sb-robot/microros_ws/install/rosidl_typesupport_microxrcedds_c/local/lib/python3.10/dist-packages/rosidl_typesupport_microxrcedds_c-3.0.1-py3.10.egg-info
[1.720s] -- Installing: /home/user/robo/sb-robot/microros_ws/install/rosidl_typesupport_microxrcedds_c/local/lib/python3.10/dist-packages/rosidl_typesupport_microxrcedds_c-3.0.1-py3.10.egg-info/top_level.txt
[1.720s] -- Installing: /home/user/robo/sb-robot/microros_ws/install/rosidl_typesupport_microxrcedds_c/local/lib/python3.10/dist-packages/rosidl_typesupport_microxrcedds_c-3.0.1-py3.10.egg-info/dependency_links.txt
[1.720s] -- Installing: /home/user/robo/sb-robot/microros_ws/install/rosidl_typesupport_microxrcedds_c/local/lib/python3.10/dist-packages/rosidl_typesupport_microxrcedds_c-3.0.1-py3.10.egg-info/PKG-INFO
[1.720s] -- Installing: /home/user/robo/sb-robot/microros_ws/install/rosidl_typesupport_microxrcedds_c/local/lib/python3.10/dist-packages/rosidl_typesupport_microxrcedds_c-3.0.1-py3.10.egg-info/SOURCES.txt
[1.720s] -- Installing: /home/user/robo/sb-robot/microros_ws/install/rosidl_typesupport_microxrcedds_c/local/lib/python3.10/dist-packages/rosidl_typesupport_microxrcedds_c
[1.721s] -- Installing: /home/user/robo/sb-robot/microros_ws/install/rosidl_typesupport_microxrcedds_c/local/lib/python3.10/dist-packages/rosidl_typesupport_microxrcedds_c/__init__.py
[1.785s] Listing '/home/user/robo/sb-robot/microros_ws/install/rosidl_typesupport_microxrcedds_c/local/lib/python3.10/dist-packages/rosidl_typesupport_microxrcedds_c'...
[1.785s] Compiling '/home/user/robo/sb-robot/microros_ws/install/rosidl_typesupport_microxrcedds_c/local/lib/python3.10/dist-packages/rosidl_typesupport_microxrcedds_c/__init__.py'...
[1.794s] -- Installing: /home/user/robo/sb-robot/microros_ws/install/rosidl_typesupport_microxrcedds_c/share/rosidl_typesupport_microxrcedds_c/environment/library_path.sh
[1.795s] -- Installing: /home/user/robo/sb-robot/microros_ws/install/rosidl_typesupport_microxrcedds_c/share/rosidl_typesupport_microxrcedds_c/environment/library_path.dsv
[1.795s] -- Installing: /home/user/robo/sb-robot/microros_ws/install/rosidl_typesupport_microxrcedds_c/share/ament_index/resource_index/rosidl_typesupport_c/rosidl_typesupport_microxrcedds_c
[1.795s] -- Installing: /home/user/robo/sb-robot/microros_ws/install/rosidl_typesupport_microxrcedds_c/share/ament_index/resource_index/package_run_dependencies/rosidl_typesupport_microxrcedds_c
[1.795s] -- Installing: /home/user/robo/sb-robot/microros_ws/install/rosidl_typesupport_microxrcedds_c/share/ament_index/resource_index/parent_prefix_path/rosidl_typesupport_microxrcedds_c
[1.795s] -- Installing: /home/user/robo/sb-robot/microros_ws/install/rosidl_typesupport_microxrcedds_c/share/rosidl_typesupport_microxrcedds_c/environment/ament_prefix_path.sh
[1.796s] -- Installing: /home/user/robo/sb-robot/microros_ws/install/rosidl_typesupport_microxrcedds_c/share/rosidl_typesupport_microxrcedds_c/environment/ament_prefix_path.dsv
[1.796s] -- Installing: /home/user/robo/sb-robot/microros_ws/install/rosidl_typesupport_microxrcedds_c/share/rosidl_typesupport_microxrcedds_c/environment/path.sh
[1.796s] -- Installing: /home/user/robo/sb-robot/microros_ws/install/rosidl_typesupport_microxrcedds_c/share/rosidl_typesupport_microxrcedds_c/environment/path.dsv
[1.796s] -- Installing: /home/user/robo/sb-robot/microros_ws/install/rosidl_typesupport_microxrcedds_c/share/rosidl_typesupport_microxrcedds_c/local_setup.bash
[1.796s] -- Installing: /home/user/robo/sb-robot/microros_ws/install/rosidl_typesupport_microxrcedds_c/share/rosidl_typesupport_microxrcedds_c/local_setup.sh
[1.797s] -- Installing: /home/user/robo/sb-robot/microros_ws/install/rosidl_typesupport_microxrcedds_c/share/rosidl_typesupport_microxrcedds_c/local_setup.zsh
[1.797s] -- Installing: /home/user/robo/sb-robot/microros_ws/install/rosidl_typesupport_microxrcedds_c/share/rosidl_typesupport_microxrcedds_c/local_setup.dsv
[1.797s] -- Installing: /home/user/robo/sb-robot/microros_ws/install/rosidl_typesupport_microxrcedds_c/share/rosidl_typesupport_microxrcedds_c/package.dsv
[1.797s] -- Installing: /home/user/robo/sb-robot/microros_ws/install/rosidl_typesupport_microxrcedds_c/share/ament_index/resource_index/packages/rosidl_typesupport_microxrcedds_c
[1.797s] -- Installing: /home/user/robo/sb-robot/microros_ws/install/rosidl_typesupport_microxrcedds_c/share/rosidl_typesupport_microxrcedds_c/cmake/rosidl_typesupport_microxrcedds_cExport.cmake
[1.797s] -- Installing: /home/user/robo/sb-robot/microros_ws/install/rosidl_typesupport_microxrcedds_c/share/rosidl_typesupport_microxrcedds_c/cmake/rosidl_typesupport_microxrcedds_cExport-noconfig.cmake
[1.798s] -- Installing: /home/user/robo/sb-robot/microros_ws/install/rosidl_typesupport_microxrcedds_c/share/rosidl_typesupport_microxrcedds_c/cmake/rosidl_typesupport_microxrcedds_c-extras.cmake
[1.798s] -- Installing: /home/user/robo/sb-robot/microros_ws/install/rosidl_typesupport_microxrcedds_c/share/rosidl_typesupport_microxrcedds_c/cmake/ament_cmake_export_dependencies-extras.cmake
[1.799s] -- Installing: /home/user/robo/sb-robot/microros_ws/install/rosidl_typesupport_microxrcedds_c/share/rosidl_typesupport_microxrcedds_c/cmake/ament_cmake_export_include_directories-extras.cmake
[1.802s] -- Installing: /home/user/robo/sb-robot/microros_ws/install/rosidl_typesupport_microxrcedds_c/share/rosidl_typesupport_microxrcedds_c/cmake/ament_cmake_export_libraries-extras.cmake
[1.802s] -- Installing: /home/user/robo/sb-robot/microros_ws/install/rosidl_typesupport_microxrcedds_c/share/rosidl_typesupport_microxrcedds_c/cmake/ament_cmake_export_targets-extras.cmake
[1.802s] -- Installing: /home/user/robo/sb-robot/microros_ws/install/rosidl_typesupport_microxrcedds_c/share/rosidl_typesupport_microxrcedds_c/cmake/rosidl_typesupport_microxrcedds_cConfig.cmake
[1.802s] -- Installing: /home/user/robo/sb-robot/microros_ws/install/rosidl_typesupport_microxrcedds_c/share/rosidl_typesupport_microxrcedds_c/cmake/rosidl_typesupport_microxrcedds_cConfig-version.cmake
[1.802s] -- Installing: /home/user/robo/sb-robot/microros_ws/install/rosidl_typesupport_microxrcedds_c/share/rosidl_typesupport_microxrcedds_c/package.xml
[1.803s] -- Installing: /home/user/robo/sb-robot/microros_ws/install/rosidl_typesupport_microxrcedds_c/lib/rosidl_typesupport_microxrcedds_c/rosidl_typesupport_microxrcedds_c
[1.803s] -- Up-to-date: /home/user/robo/sb-robot/microros_ws/install/rosidl_typesupport_microxrcedds_c/share/rosidl_typesupport_microxrcedds_c/cmake
[1.803s] -- Installing: /home/user/robo/sb-robot/microros_ws/install/rosidl_typesupport_microxrcedds_c/share/rosidl_typesupport_microxrcedds_c/cmake/rosidl_typesupport_microxrcedds_c_generate_interfaces.cmake
[1.803s] -- Installing: /home/user/robo/sb-robot/microros_ws/install/rosidl_typesupport_microxrcedds_c/share/rosidl_typesupport_microxrcedds_c/resource
[1.803s] -- Installing: /home/user/robo/sb-robot/microros_ws/install/rosidl_typesupport_microxrcedds_c/share/rosidl_typesupport_microxrcedds_c/resource/srv__type_support_c.c.em
[1.803s] -- Installing: /home/user/robo/sb-robot/microros_ws/install/rosidl_typesupport_microxrcedds_c/share/rosidl_typesupport_microxrcedds_c/resource/rosidl_typesupport_microxrcedds_c__visibility_control.h.in
[1.803s] -- Installing: /home/user/robo/sb-robot/microros_ws/install/rosidl_typesupport_microxrcedds_c/share/rosidl_typesupport_microxrcedds_c/resource/idl__rosidl_typesupport_microxrcedds_c.h.em
[1.803s] -- Installing: /home/user/robo/sb-robot/microros_ws/install/rosidl_typesupport_microxrcedds_c/share/rosidl_typesupport_microxrcedds_c/resource/idl__type_support_c.c.em
[1.803s] -- Installing: /home/user/robo/sb-robot/microros_ws/install/rosidl_typesupport_microxrcedds_c/share/rosidl_typesupport_microxrcedds_c/resource/srv__rosidl_typesupport_microxrcedds_c.h.em
[1.803s] -- Installing: /home/user/robo/sb-robot/microros_ws/install/rosidl_typesupport_microxrcedds_c/share/rosidl_typesupport_microxrcedds_c/resource/msg__rosidl_typesupport_microxrcedds_c.h.em
[1.803s] -- Installing: /home/user/robo/sb-robot/microros_ws/install/rosidl_typesupport_microxrcedds_c/share/rosidl_typesupport_microxrcedds_c/resource/msg__type_support_c.c.em
[1.803s] -- Installing: /home/user/robo/sb-robot/microros_ws/install/rosidl_typesupport_microxrcedds_c/include
[1.803s] -- Installing: /home/user/robo/sb-robot/microros_ws/install/rosidl_typesupport_microxrcedds_c/include/rosidl_typesupport_microxrcedds_c
[1.803s] -- Installing: /home/user/robo/sb-robot/microros_ws/install/rosidl_typesupport_microxrcedds_c/include/rosidl_typesupport_microxrcedds_c/service_type_support.h
[1.803s] -- Installing: /home/user/robo/sb-robot/microros_ws/install/rosidl_typesupport_microxrcedds_c/include/rosidl_typesupport_microxrcedds_c/visibility_control.h
[1.804s] -- Installing: /home/user/robo/sb-robot/microros_ws/install/rosidl_typesupport_microxrcedds_c/include/rosidl_typesupport_microxrcedds_c/message_type_support.h
[1.804s] -- Installing: /home/user/robo/sb-robot/microros_ws/install/rosidl_typesupport_microxrcedds_c/include/rosidl_typesupport_microxrcedds_c/identifier.h
[1.804s] -- Installing: /home/user/robo/sb-robot/microros_ws/install/rosidl_typesupport_microxrcedds_c/lib/librosidl_typesupport_microxrcedds_c.a
[1.807s] Invoked command in '/home/user/robo/sb-robot/microros_ws/build/rosidl_typesupport_microxrcedds_c' returned '0': CMAKE_PREFIX_PATH=/home/user/robo/sb-robot/microros_ws/install/microcdr:/home/user/robo/sb-robot/microros_ws/src/install/action_msgs:/home/user/robo/sb-robot/microros_ws/src/install/unique_identifier_msgs:/home/user/robo/sb-robot/microros_ws/src/install/std_srvs:/home/user/robo/sb-robot/microros_ws/src/install/statistics_msgs:/home/user/robo/sb-robot/microros_ws/src/install/rmw_microxrcedds:/home/user/robo/sb-robot/microros_ws/src/install/rosidl_typesupport_microxrcedds_cpp:/home/user/robo/sb-robot/microros_ws/src/install/rosidl_typesupport_microxrcedds_c:/home/user/robo/sb-robot/microros_ws/src/install/rosgraph_msgs:/home/user/robo/sb-robot/microros_ws/src/install/microxrcedds_client:/home/user/robo/sb-robot/microros_ws/src/install/microcdr:/home/user/robo/sb-robot/microros_ws/src/install/micro_ros_utilities:/home/user/robo/sb-robot/microros_ws/src/install/micro_ros_setup:/home/user/robo/sb-robot/microros_ws/src/install/micro_ros_msgs:/home/user/robo/sb-robot/microros_ws/src/install/lifecycle_msgs:/home/user/robo/sb-robot/microros_ws/src/install/complex_msgs:/home/user/robo/sb-robot/microros_ws/src/install/builtin_interfaces:/home/user/robo/sb-robot/microros_ws/install/micro_ros_setup:/home/user/robo/sb-robot/microros_ws/install/micro_ros_agent:/home/user/robo/sb-robot/microros_ws/install/micro_ros_msgs:/home/user/robo/sb-robot/microros_ws/install/builtin_interfaces:/opt/ros/humble /usr/bin/cmake --install /home/user/robo/sb-robot/microros_ws/build/rosidl_typesupport_microxrcedds_c
