[0.018s] Invoking command in '/home/user/robo/sb-robot/microros_ws/build/lifecycle_msgs': CMAKE_PREFIX_PATH=${CMAKE_PREFIX_PATH}:/opt/ros/humble /usr/bin/cmake /home/user/robo/sb-robot/microros_ws/src/ros2/rcl_interfaces/lifecycle_msgs -DCMAKE_INSTALL_PREFIX=/home/user/robo/sb-robot/microros_ws/install/lifecycle_msgs
[0.058s] -- The C compiler identification is GNU 11.4.0
[0.107s] -- The CXX compiler identification is GNU 11.4.0
[0.114s] -- Detecting C compiler ABI info
[0.166s] -- Detecting C compiler ABI info - done
[0.171s] -- Check for working C compiler: /usr/bin/cc - skipped
[0.171s] -- Detecting C compile features
[0.172s] -- Detecting C compile features - done
[0.174s] -- Detecting CXX compiler ABI info
[0.231s] -- Detecting CXX compiler ABI info - done
[0.239s] -- Check for working CXX compiler: /usr/bin/c++ - skipped
[0.239s] -- Detecting CXX compile features
[0.240s] -- Detecting CXX compile features - done
[0.244s] -- Found ament_cmake: 1.3.11 (/opt/ros/humble/share/ament_cmake/cmake)
[0.391s] -- Found Python3: /usr/bin/python3 (found version "3.10.12") found components: Interpreter 
[0.488s] -- Found rosidl_default_generators: 1.2.0 (/opt/ros/humble/share/rosidl_default_generators/cmake)
[0.492s] -- Using all available rosidl_typesupport_c: rosidl_typesupport_microxrcedds_c;rosidl_typesupport_fastrtps_c;rosidl_typesupport_introspection_c
[0.499s] -- Found rosidl_adapter: 3.1.6 (/opt/ros/humble/share/rosidl_adapter/cmake)
[0.544s] -- Using all available rosidl_typesupport_cpp: rosidl_typesupport_microxrcedds_cpp;rosidl_typesupport_fastrtps_cpp;rosidl_typesupport_introspection_cpp
[0.812s] -- Found ament_cmake_cppcheck: 0.12.11 (/opt/ros/humble/share/ament_cmake_cppcheck/cmake)
[0.815s] -- Found ament_cmake_cpplint: 0.12.11 (/opt/ros/humble/share/ament_cmake_cpplint/cmake)
[0.818s] -- Found ament_cmake_uncrustify: 0.12.11 (/opt/ros/humble/share/ament_cmake_uncrustify/cmake)
[0.821s] -- Found ament_cmake_ros: 0.10.0 (/opt/ros/humble/share/ament_cmake_ros/cmake)
[1.128s] -- Using all available rosidl_typesupport_c: rosidl_typesupport_microxrcedds_c;rosidl_typesupport_fastrtps_c;rosidl_typesupport_introspection_c
[1.658s] -- Using all available rosidl_typesupport_cpp: rosidl_typesupport_microxrcedds_cpp;rosidl_typesupport_fastrtps_cpp;rosidl_typesupport_introspection_cpp
[1.714s] -- Found PythonInterp: /usr/bin/python3 (found suitable version "3.10.12", minimum required is "3.6") 
[1.719s] -- Found python_cmake_module: 0.10.0 (/opt/ros/humble/share/python_cmake_module/cmake)
[1.762s] -- Found PythonLibs: /usr/lib/x86_64-linux-gnu/libpython3.10.so (found suitable version "3.10.12", minimum required is "3.5") 
[1.763s] -- Using PYTHON_EXECUTABLE: /usr/bin/python3
[1.763s] -- Using PYTHON_INCLUDE_DIRS: /usr/include/python3.10
[1.763s] -- Using PYTHON_LIBRARIES: /usr/lib/x86_64-linux-gnu/libpython3.10.so
[1.793s] -- Found PythonExtra: .so  
[1.867s] -- Found ament_cmake_flake8: 0.12.11 (/opt/ros/humble/share/ament_cmake_flake8/cmake)
[1.875s] -- Found ament_cmake_pep257: 0.12.11 (/opt/ros/humble/share/ament_cmake_pep257/cmake)
[1.883s] -- Found ament_lint_auto: 0.12.11 (/opt/ros/humble/share/ament_lint_auto/cmake)
[1.920s] -- Added test 'copyright' to check source files copyright and LICENSE
[1.926s] -- Added test 'lint_cmake' to check CMake code style
[1.926s] -- Added test 'xmllint' to check XML markup files
[1.941s] -- Configuring done
[2.045s] -- Generating done
[2.087s] -- Build files have been written to: /home/user/robo/sb-robot/microros_ws/build/lifecycle_msgs
[2.124s] Invoked command in '/home/user/robo/sb-robot/microros_ws/build/lifecycle_msgs' returned '0': CMAKE_PREFIX_PATH=${CMAKE_PREFIX_PATH}:/opt/ros/humble /usr/bin/cmake /home/user/robo/sb-robot/microros_ws/src/ros2/rcl_interfaces/lifecycle_msgs -DCMAKE_INSTALL_PREFIX=/home/user/robo/sb-robot/microros_ws/install/lifecycle_msgs
[2.127s] Invoking command in '/home/user/robo/sb-robot/microros_ws/build/lifecycle_msgs': CMAKE_PREFIX_PATH=${CMAKE_PREFIX_PATH}:/opt/ros/humble /usr/bin/cmake --build /home/user/robo/sb-robot/microros_ws/build/lifecycle_msgs -- -j20 -l20
[2.190s] [  1%] [34m[1mGenerating C code for ROS interfaces[0m
[2.199s] [  1%] [34m[1mGenerating C++ code for ROS interfaces[0m
[2.211s] [  1%] Built target ament_cmake_python_copy_lifecycle_msgs
[2.425s] running egg_info
[2.425s] creating lifecycle_msgs.egg-info
[2.426s] writing lifecycle_msgs.egg-info/PKG-INFO
[2.426s] writing dependency_links to lifecycle_msgs.egg-info/dependency_links.txt
[2.428s] writing top-level names to lifecycle_msgs.egg-info/top_level.txt
[2.429s] writing manifest file 'lifecycle_msgs.egg-info/SOURCES.txt'
[2.429s] reading manifest file 'lifecycle_msgs.egg-info/SOURCES.txt'
[2.429s] writing manifest file 'lifecycle_msgs.egg-info/SOURCES.txt'
[2.488s] [  1%] Built target ament_cmake_python_build_lifecycle_msgs_egg
[4.084s] [  1%] Built target lifecycle_msgs__cpp
[4.106s] [  2%] [34m[1mGenerating C++ type support dispatch for ROS interfaces[0m
[4.106s] [  3%] [34m[1mGenerating C++ type support for eProsima Fast-RTPS[0m
[4.108s] [  4%] [34m[1mGenerating C++ type support for eProsima Micro XRCE-DDS[0m
[4.110s] [  5%] [34m[1mGenerating C++ introspection for ROS interfaces[0m
[4.174s] [  6%] [32mBuilding C object CMakeFiles/lifecycle_msgs__rosidl_generator_c.dir/rosidl_generator_c/lifecycle_msgs/msg/detail/state__functions.c.o[0m
[4.179s] [  7%] [32mBuilding C object CMakeFiles/lifecycle_msgs__rosidl_generator_c.dir/rosidl_generator_c/lifecycle_msgs/msg/detail/transition__functions.c.o[0m
[4.185s] [  8%] [32mBuilding C object CMakeFiles/lifecycle_msgs__rosidl_generator_c.dir/rosidl_generator_c/lifecycle_msgs/msg/detail/transition_description__functions.c.o[0m
[4.185s] [ 10%] [32mBuilding C object CMakeFiles/lifecycle_msgs__rosidl_generator_c.dir/rosidl_generator_c/lifecycle_msgs/srv/detail/change_state__functions.c.o[0m
[4.187s] [  9%] [32mBuilding C object CMakeFiles/lifecycle_msgs__rosidl_generator_c.dir/rosidl_generator_c/lifecycle_msgs/srv/detail/get_available_states__functions.c.o[0m
[4.188s] [ 11%] [32mBuilding C object CMakeFiles/lifecycle_msgs__rosidl_generator_c.dir/rosidl_generator_c/lifecycle_msgs/msg/detail/transition_event__functions.c.o[0m
[4.192s] [ 12%] [32mBuilding C object CMakeFiles/lifecycle_msgs__rosidl_generator_c.dir/rosidl_generator_c/lifecycle_msgs/srv/detail/get_state__functions.c.o[0m
[4.198s] [ 13%] [32mBuilding C object CMakeFiles/lifecycle_msgs__rosidl_generator_c.dir/rosidl_generator_c/lifecycle_msgs/srv/detail/get_available_transitions__functions.c.o[0m
[4.317s] [ 14%] [32m[1mLinking C shared library liblifecycle_msgs__rosidl_generator_c.so[0m
[4.361s] [ 14%] Built target lifecycle_msgs__rosidl_generator_c
[4.375s] [ 16%] [34m[1mGenerating C type support for eProsima Fast-RTPS[0m
[4.376s] [ 16%] [34m[1mGenerating C type support for eProsima Micro XRCE-DDS[0m
[4.376s] [ 17%] [34m[1mGenerating C type support dispatch for ROS interfaces[0m
[4.376s] [ 18%] [34m[1mGenerating C introspection for ROS interfaces[0m
[5.409s] [ 19%] [32mBuilding CXX object CMakeFiles/lifecycle_msgs__rosidl_typesupport_cpp.dir/rosidl_typesupport_cpp/lifecycle_msgs/msg/state__type_support.cpp.o[0m
[5.412s] [ 19%] [32mBuilding CXX object CMakeFiles/lifecycle_msgs__rosidl_typesupport_cpp.dir/rosidl_typesupport_cpp/lifecycle_msgs/msg/transition_description__type_support.cpp.o[0m
[5.413s] [ 20%] [32mBuilding CXX object CMakeFiles/lifecycle_msgs__rosidl_typesupport_cpp.dir/rosidl_typesupport_cpp/lifecycle_msgs/srv/get_available_transitions__type_support.cpp.o[0m
[5.414s] [ 21%] [32mBuilding CXX object CMakeFiles/lifecycle_msgs__rosidl_typesupport_cpp.dir/rosidl_typesupport_cpp/lifecycle_msgs/msg/transition__type_support.cpp.o[0m
[5.414s] [ 22%] [32mBuilding CXX object CMakeFiles/lifecycle_msgs__rosidl_typesupport_cpp.dir/rosidl_typesupport_cpp/lifecycle_msgs/srv/change_state__type_support.cpp.o[0m
[5.417s] [ 23%] [32mBuilding CXX object CMakeFiles/lifecycle_msgs__rosidl_typesupport_cpp.dir/rosidl_typesupport_cpp/lifecycle_msgs/msg/transition_event__type_support.cpp.o[0m
[5.430s] [ 24%] [32mBuilding CXX object CMakeFiles/lifecycle_msgs__rosidl_typesupport_cpp.dir/rosidl_typesupport_cpp/lifecycle_msgs/srv/get_available_states__type_support.cpp.o[0m
[5.431s] [ 25%] [32mBuilding CXX object CMakeFiles/lifecycle_msgs__rosidl_typesupport_cpp.dir/rosidl_typesupport_cpp/lifecycle_msgs/srv/get_state__type_support.cpp.o[0m
[5.800s] [ 26%] [32mBuilding CXX object CMakeFiles/lifecycle_msgs__rosidl_typesupport_introspection_cpp.dir/rosidl_typesupport_introspection_cpp/lifecycle_msgs/msg/detail/state__type_support.cpp.o[0m
[5.800s] [ 28%] [32mBuilding CXX object CMakeFiles/lifecycle_msgs__rosidl_typesupport_fastrtps_cpp.dir/rosidl_typesupport_fastrtps_cpp/lifecycle_msgs/msg/detail/dds_fastrtps/state__type_support.cpp.o[0m
[5.800s] [ 28%] [32mBuilding CXX object CMakeFiles/lifecycle_msgs__rosidl_typesupport_introspection_cpp.dir/rosidl_typesupport_introspection_cpp/lifecycle_msgs/msg/detail/transition__type_support.cpp.o[0m
[5.800s] [ 29%] [32mBuilding CXX object CMakeFiles/lifecycle_msgs__rosidl_typesupport_introspection_cpp.dir/rosidl_typesupport_introspection_cpp/lifecycle_msgs/msg/detail/transition_event__type_support.cpp.o[0m
[5.809s] [ 30%] [32mBuilding CXX object CMakeFiles/lifecycle_msgs__rosidl_typesupport_fastrtps_cpp.dir/rosidl_typesupport_fastrtps_cpp/lifecycle_msgs/msg/detail/dds_fastrtps/transition__type_support.cpp.o[0m
[5.821s] [ 31%] [32mBuilding CXX object CMakeFiles/lifecycle_msgs__rosidl_typesupport_introspection_cpp.dir/rosidl_typesupport_introspection_cpp/lifecycle_msgs/msg/detail/transition_description__type_support.cpp.o[0m
[5.825s] [ 32%] [32mBuilding CXX object CMakeFiles/lifecycle_msgs__rosidl_typesupport_introspection_cpp.dir/rosidl_typesupport_introspection_cpp/lifecycle_msgs/srv/detail/change_state__type_support.cpp.o[0m
[5.859s] [ 33%] [32mBuilding CXX object CMakeFiles/lifecycle_msgs__rosidl_typesupport_microxrcedds_cpp.dir/rosidl_typesupport_microxrcedds_cpp/lifecycle_msgs/msg/detail/microxrcedds/state__type_support_cpp.cpp.o[0m
[5.912s] [ 34%] [32mBuilding CXX object CMakeFiles/lifecycle_msgs__rosidl_typesupport_fastrtps_cpp.dir/rosidl_typesupport_fastrtps_cpp/lifecycle_msgs/msg/detail/dds_fastrtps/transition_description__type_support.cpp.o[0m
[5.924s] [ 35%] [32mBuilding CXX object CMakeFiles/lifecycle_msgs__rosidl_typesupport_microxrcedds_cpp.dir/rosidl_typesupport_microxrcedds_cpp/lifecycle_msgs/msg/detail/microxrcedds/transition__type_support_cpp.cpp.o[0m
[5.936s] [ 36%] [32mBuilding CXX object CMakeFiles/lifecycle_msgs__rosidl_typesupport_microxrcedds_cpp.dir/rosidl_typesupport_microxrcedds_cpp/lifecycle_msgs/msg/detail/microxrcedds/transition_description__type_support_cpp.cpp.o[0m
[5.945s] [ 37%] [32mBuilding CXX object CMakeFiles/lifecycle_msgs__rosidl_typesupport_microxrcedds_cpp.dir/rosidl_typesupport_microxrcedds_cpp/lifecycle_msgs/msg/detail/microxrcedds/transition_event__type_support_cpp.cpp.o[0m
[5.971s] [ 38%] [32mBuilding CXX object CMakeFiles/lifecycle_msgs__rosidl_typesupport_introspection_cpp.dir/rosidl_typesupport_introspection_cpp/lifecycle_msgs/srv/detail/get_available_states__type_support.cpp.o[0m
[5.997s] [ 39%] [32mBuilding CXX object CMakeFiles/lifecycle_msgs__rosidl_typesupport_fastrtps_cpp.dir/rosidl_typesupport_fastrtps_cpp/lifecycle_msgs/msg/detail/dds_fastrtps/transition_event__type_support.cpp.o[0m
[6.027s] [ 39%] [32mBuilding CXX object CMakeFiles/lifecycle_msgs__rosidl_typesupport_fastrtps_cpp.dir/rosidl_typesupport_fastrtps_cpp/lifecycle_msgs/srv/detail/dds_fastrtps/change_state__type_support.cpp.o[0m
[6.068s] [ 40%] [32m[1mLinking CXX shared library liblifecycle_msgs__rosidl_typesupport_cpp.so[0m
[6.087s] [ 41%] [32mBuilding CXX object CMakeFiles/lifecycle_msgs__rosidl_typesupport_c.dir/rosidl_typesupport_c/lifecycle_msgs/msg/state__type_support.cpp.o[0m
[6.162s] [ 42%] [32mBuilding CXX object CMakeFiles/lifecycle_msgs__rosidl_typesupport_c.dir/rosidl_typesupport_c/lifecycle_msgs/msg/transition__type_support.cpp.o[0m
[6.231s] [ 42%] Built target lifecycle_msgs__rosidl_typesupport_cpp
[6.251s] [ 42%] [32mBuilding CXX object CMakeFiles/lifecycle_msgs__rosidl_typesupport_c.dir/rosidl_typesupport_c/lifecycle_msgs/msg/transition_description__type_support.cpp.o[0m
[6.267s] [ 43%] [32mBuilding CXX object CMakeFiles/lifecycle_msgs__rosidl_typesupport_c.dir/rosidl_typesupport_c/lifecycle_msgs/msg/transition_event__type_support.cpp.o[0m
[6.315s] [ 44%] [32mBuilding C object CMakeFiles/lifecycle_msgs__rosidl_typesupport_introspection_c.dir/rosidl_typesupport_introspection_c/lifecycle_msgs/msg/detail/state__type_support.c.o[0m
[6.352s] [ 45%] [32mBuilding C object CMakeFiles/lifecycle_msgs__rosidl_typesupport_introspection_c.dir/rosidl_typesupport_introspection_c/lifecycle_msgs/msg/detail/transition__type_support.c.o[0m
[6.354s] [ 46%] [32mBuilding CXX object CMakeFiles/lifecycle_msgs__rosidl_typesupport_c.dir/rosidl_typesupport_c/lifecycle_msgs/srv/change_state__type_support.cpp.o[0m
[6.424s] [ 46%] [32mBuilding CXX object CMakeFiles/lifecycle_msgs__rosidl_typesupport_introspection_cpp.dir/rosidl_typesupport_introspection_cpp/lifecycle_msgs/srv/detail/get_available_transitions__type_support.cpp.o[0m
[6.432s] [ 47%] [32mBuilding CXX object CMakeFiles/lifecycle_msgs__rosidl_typesupport_fastrtps_cpp.dir/rosidl_typesupport_fastrtps_cpp/lifecycle_msgs/srv/detail/dds_fastrtps/get_available_states__type_support.cpp.o[0m
[6.460s] [ 48%] [32mBuilding C object CMakeFiles/lifecycle_msgs__rosidl_typesupport_introspection_c.dir/rosidl_typesupport_introspection_c/lifecycle_msgs/msg/detail/transition_description__type_support.c.o[0m
[6.469s] [ 49%] [32mBuilding CXX object CMakeFiles/lifecycle_msgs__rosidl_typesupport_c.dir/rosidl_typesupport_c/lifecycle_msgs/srv/get_available_states__type_support.cpp.o[0m
[6.473s] [ 50%] [32mBuilding C object CMakeFiles/lifecycle_msgs__rosidl_typesupport_introspection_c.dir/rosidl_typesupport_introspection_c/lifecycle_msgs/msg/detail/transition_event__type_support.c.o[0m
[6.477s] [ 51%] [32mBuilding C object CMakeFiles/lifecycle_msgs__rosidl_typesupport_microxrcedds_c.dir/rosidl_typesupport_microxrcedds_c/lifecycle_msgs/msg/detail/microxrcedds/state__type_support_c.c.o[0m
[6.487s] [ 52%] [32mBuilding C object CMakeFiles/lifecycle_msgs__rosidl_typesupport_microxrcedds_c.dir/rosidl_typesupport_microxrcedds_c/lifecycle_msgs/msg/detail/microxrcedds/transition__type_support_c.c.o[0m
[6.541s] [ 54%] [32mBuilding CXX object CMakeFiles/lifecycle_msgs__rosidl_typesupport_c.dir/rosidl_typesupport_c/lifecycle_msgs/srv/get_available_transitions__type_support.cpp.o[0m
[6.541s] [ 54%] [32mBuilding C object CMakeFiles/lifecycle_msgs__rosidl_typesupport_microxrcedds_c.dir/rosidl_typesupport_microxrcedds_c/lifecycle_msgs/msg/detail/microxrcedds/transition_description__type_support_c.c.o[0m
[6.547s] [ 55%] [32mBuilding CXX object CMakeFiles/lifecycle_msgs__rosidl_typesupport_fastrtps_c.dir/rosidl_typesupport_fastrtps_c/lifecycle_msgs/msg/detail/state__type_support_c.cpp.o[0m
[6.560s] [ 56%] [32mBuilding C object CMakeFiles/lifecycle_msgs__rosidl_typesupport_microxrcedds_c.dir/rosidl_typesupport_microxrcedds_c/lifecycle_msgs/msg/detail/microxrcedds/transition_event__type_support_c.c.o[0m
[6.581s] [ 57%] [32mBuilding C object CMakeFiles/lifecycle_msgs__rosidl_typesupport_introspection_c.dir/rosidl_typesupport_introspection_c/lifecycle_msgs/srv/detail/change_state__type_support.c.o[0m
[6.586s] [ 58%] [32mBuilding CXX object CMakeFiles/lifecycle_msgs__rosidl_typesupport_fastrtps_c.dir/rosidl_typesupport_fastrtps_c/lifecycle_msgs/msg/detail/transition__type_support_c.cpp.o[0m
[6.607s] [ 59%] [32mBuilding C object CMakeFiles/lifecycle_msgs__rosidl_typesupport_introspection_c.dir/rosidl_typesupport_introspection_c/lifecycle_msgs/srv/detail/get_available_states__type_support.c.o[0m
[6.611s] [ 60%] [32mBuilding CXX object CMakeFiles/lifecycle_msgs__rosidl_typesupport_fastrtps_cpp.dir/rosidl_typesupport_fastrtps_cpp/lifecycle_msgs/srv/detail/dds_fastrtps/get_available_transitions__type_support.cpp.o[0m
[6.670s] [ 61%] [32mBuilding CXX object CMakeFiles/lifecycle_msgs__rosidl_typesupport_c.dir/rosidl_typesupport_c/lifecycle_msgs/srv/get_state__type_support.cpp.o[0m
[6.707s] [ 62%] [32mBuilding C object CMakeFiles/lifecycle_msgs__rosidl_typesupport_microxrcedds_c.dir/rosidl_typesupport_microxrcedds_c/lifecycle_msgs/srv/detail/microxrcedds/change_state__type_support_c.c.o[0m
[6.707s] [ 62%] [32mBuilding C object CMakeFiles/lifecycle_msgs__rosidl_typesupport_introspection_c.dir/rosidl_typesupport_introspection_c/lifecycle_msgs/srv/detail/get_available_transitions__type_support.c.o[0m
[6.712s] [ 63%] [32mBuilding CXX object CMakeFiles/lifecycle_msgs__rosidl_typesupport_fastrtps_cpp.dir/rosidl_typesupport_fastrtps_cpp/lifecycle_msgs/srv/detail/dds_fastrtps/get_state__type_support.cpp.o[0m
[6.712s] [ 64%] [32mBuilding CXX object CMakeFiles/lifecycle_msgs__rosidl_typesupport_introspection_cpp.dir/rosidl_typesupport_introspection_cpp/lifecycle_msgs/srv/detail/get_state__type_support.cpp.o[0m
[6.713s] [ 65%] [32mBuilding CXX object CMakeFiles/lifecycle_msgs__rosidl_typesupport_microxrcedds_cpp.dir/rosidl_typesupport_microxrcedds_cpp/lifecycle_msgs/srv/detail/microxrcedds/change_state__type_support_cpp.cpp.o[0m
[6.723s] [ 66%] [32mBuilding CXX object CMakeFiles/lifecycle_msgs__rosidl_typesupport_microxrcedds_cpp.dir/rosidl_typesupport_microxrcedds_cpp/lifecycle_msgs/srv/detail/microxrcedds/get_available_states__type_support_cpp.cpp.o[0m
[6.726s] [ 67%] [32m[1mLinking CXX shared library liblifecycle_msgs__rosidl_typesupport_c.so[0m
[6.739s] [ 68%] [32mBuilding CXX object CMakeFiles/lifecycle_msgs__rosidl_typesupport_fastrtps_c.dir/rosidl_typesupport_fastrtps_c/lifecycle_msgs/msg/detail/transition_description__type_support_c.cpp.o[0m
[6.739s] [ 69%] [32mBuilding C object CMakeFiles/lifecycle_msgs__rosidl_typesupport_introspection_c.dir/rosidl_typesupport_introspection_c/lifecycle_msgs/srv/detail/get_state__type_support.c.o[0m
[6.743s] [ 70%] [32mBuilding C object CMakeFiles/lifecycle_msgs__rosidl_typesupport_microxrcedds_c.dir/rosidl_typesupport_microxrcedds_c/lifecycle_msgs/srv/detail/microxrcedds/get_available_states__type_support_c.c.o[0m
[6.743s] [ 71%] [32mBuilding CXX object CMakeFiles/lifecycle_msgs__rosidl_typesupport_microxrcedds_cpp.dir/rosidl_typesupport_microxrcedds_cpp/lifecycle_msgs/srv/detail/microxrcedds/get_available_transitions__type_support_cpp.cpp.o[0m
[6.804s] [ 72%] [32mBuilding CXX object CMakeFiles/lifecycle_msgs__rosidl_typesupport_fastrtps_c.dir/rosidl_typesupport_fastrtps_c/lifecycle_msgs/msg/detail/transition_event__type_support_c.cpp.o[0m
[6.804s] [ 73%] [32mBuilding CXX object CMakeFiles/lifecycle_msgs__rosidl_typesupport_microxrcedds_cpp.dir/rosidl_typesupport_microxrcedds_cpp/lifecycle_msgs/srv/detail/microxrcedds/get_state__type_support_cpp.cpp.o[0m
[6.807s] [ 73%] [32mBuilding CXX object CMakeFiles/lifecycle_msgs__rosidl_typesupport_fastrtps_c.dir/rosidl_typesupport_fastrtps_c/lifecycle_msgs/srv/detail/change_state__type_support_c.cpp.o[0m
[6.817s] [ 74%] [32mBuilding C object CMakeFiles/lifecycle_msgs__rosidl_typesupport_microxrcedds_c.dir/rosidl_typesupport_microxrcedds_c/lifecycle_msgs/srv/detail/microxrcedds/get_available_transitions__type_support_c.c.o[0m
[6.830s] [ 75%] [32mBuilding C object CMakeFiles/lifecycle_msgs__rosidl_typesupport_microxrcedds_c.dir/rosidl_typesupport_microxrcedds_c/lifecycle_msgs/srv/detail/microxrcedds/get_state__type_support_c.c.o[0m
[6.847s] [ 76%] [32m[1mLinking C shared library liblifecycle_msgs__rosidl_typesupport_introspection_c.so[0m
[6.855s] [ 76%] Built target lifecycle_msgs__rosidl_typesupport_c
[6.895s] [ 77%] [32mBuilding CXX object CMakeFiles/lifecycle_msgs__rosidl_typesupport_fastrtps_c.dir/rosidl_typesupport_fastrtps_c/lifecycle_msgs/srv/detail/get_available_states__type_support_c.cpp.o[0m
[6.896s] [ 78%] [32mBuilding CXX object CMakeFiles/lifecycle_msgs__rosidl_typesupport_fastrtps_c.dir/rosidl_typesupport_fastrtps_c/lifecycle_msgs/srv/detail/get_available_transitions__type_support_c.cpp.o[0m
[6.925s] [ 79%] [32mBuilding CXX object CMakeFiles/lifecycle_msgs__rosidl_typesupport_fastrtps_c.dir/rosidl_typesupport_fastrtps_c/lifecycle_msgs/srv/detail/get_state__type_support_c.cpp.o[0m
[6.935s] [ 79%] [32m[1mLinking C shared library liblifecycle_msgs__rosidl_typesupport_microxrcedds_c.so[0m
[6.942s] [ 79%] Built target lifecycle_msgs__rosidl_typesupport_introspection_c
[7.090s] [ 79%] Built target lifecycle_msgs__rosidl_typesupport_microxrcedds_c
[7.377s] [ 80%] [32m[1mLinking CXX shared library liblifecycle_msgs__rosidl_typesupport_introspection_cpp.so[0m
[7.380s] [ 81%] [32m[1mLinking CXX shared library liblifecycle_msgs__rosidl_typesupport_microxrcedds_cpp.so[0m
[7.495s] [ 82%] [32m[1mLinking CXX shared library liblifecycle_msgs__rosidl_typesupport_fastrtps_c.so[0m
[7.515s] [ 83%] [32m[1mLinking CXX shared library liblifecycle_msgs__rosidl_typesupport_fastrtps_cpp.so[0m
[7.532s] [ 83%] Built target lifecycle_msgs__rosidl_typesupport_microxrcedds_cpp
[7.537s] [ 83%] Built target lifecycle_msgs__rosidl_typesupport_introspection_cpp
[7.602s] [ 83%] Built target lifecycle_msgs__rosidl_typesupport_fastrtps_c
[7.640s] [ 83%] Built target lifecycle_msgs__rosidl_typesupport_fastrtps_cpp
[7.659s] [ 83%] Built target lifecycle_msgs
[7.686s] [ 84%] [34m[1mGenerating Python code for ROS interfaces[0m
[11.623s] [ 84%] Built target lifecycle_msgs__py
[11.670s] [ 84%] [32mBuilding C object CMakeFiles/lifecycle_msgs__rosidl_generator_py.dir/rosidl_generator_py/lifecycle_msgs/msg/_state_s.c.o[0m
[11.677s] [ 85%] [32mBuilding C object CMakeFiles/lifecycle_msgs__rosidl_generator_py.dir/rosidl_generator_py/lifecycle_msgs/msg/_transition_description_s.c.o[0m
[11.678s] [ 86%] [32mBuilding C object CMakeFiles/lifecycle_msgs__rosidl_generator_py.dir/rosidl_generator_py/lifecycle_msgs/msg/_transition_s.c.o[0m
[11.686s] [ 88%] [32mBuilding C object CMakeFiles/lifecycle_msgs__rosidl_generator_py.dir/rosidl_generator_py/lifecycle_msgs/msg/_transition_event_s.c.o[0m
[11.686s] [ 87%] [32mBuilding C object CMakeFiles/lifecycle_msgs__rosidl_generator_py.dir/rosidl_generator_py/lifecycle_msgs/srv/_change_state_s.c.o[0m
[11.697s] [ 89%] [32mBuilding C object CMakeFiles/lifecycle_msgs__rosidl_generator_py.dir/rosidl_generator_py/lifecycle_msgs/srv/_get_available_transitions_s.c.o[0m
[11.701s] [ 90%] [32mBuilding C object CMakeFiles/lifecycle_msgs__rosidl_generator_py.dir/rosidl_generator_py/lifecycle_msgs/srv/_get_available_states_s.c.o[0m
[11.706s] [ 91%] [32mBuilding C object CMakeFiles/lifecycle_msgs__rosidl_generator_py.dir/rosidl_generator_py/lifecycle_msgs/srv/_get_state_s.c.o[0m
[12.102s] [ 92%] [32m[1mLinking C shared library rosidl_generator_py/lifecycle_msgs/liblifecycle_msgs__rosidl_generator_py.so[0m
[12.246s] [ 92%] Built target lifecycle_msgs__rosidl_generator_py
[12.299s] [ 93%] [32mBuilding C object CMakeFiles/lifecycle_msgs__rosidl_typesupport_introspection_c__pyext.dir/rosidl_generator_py/lifecycle_msgs/_lifecycle_msgs_s.ep.rosidl_typesupport_introspection_c.c.o[0m
[12.301s] [ 94%] [32mBuilding C object CMakeFiles/lifecycle_msgs__rosidl_typesupport_microxrcedds_c__pyext.dir/rosidl_generator_py/lifecycle_msgs/_lifecycle_msgs_s.ep.rosidl_typesupport_microxrcedds_c.c.o[0m
[12.318s] [ 95%] [32mBuilding C object CMakeFiles/lifecycle_msgs__rosidl_typesupport_fastrtps_c__pyext.dir/rosidl_generator_py/lifecycle_msgs/_lifecycle_msgs_s.ep.rosidl_typesupport_fastrtps_c.c.o[0m
[12.319s] [ 96%] [32mBuilding C object CMakeFiles/lifecycle_msgs__rosidl_typesupport_c__pyext.dir/rosidl_generator_py/lifecycle_msgs/_lifecycle_msgs_s.ep.rosidl_typesupport_c.c.o[0m
[12.567s] [ 97%] [32m[1mLinking C shared library rosidl_generator_py/lifecycle_msgs/lifecycle_msgs_s__rosidl_typesupport_introspection_c.cpython-310-x86_64-linux-gnu.so[0m
[12.657s] [ 98%] [32m[1mLinking C shared library rosidl_generator_py/lifecycle_msgs/lifecycle_msgs_s__rosidl_typesupport_microxrcedds_c.cpython-310-x86_64-linux-gnu.so[0m
[12.668s] [ 98%] Built target lifecycle_msgs__rosidl_typesupport_introspection_c__pyext
[12.732s] [ 99%] [32m[1mLinking C shared library rosidl_generator_py/lifecycle_msgs/lifecycle_msgs_s__rosidl_typesupport_c.cpython-310-x86_64-linux-gnu.so[0m
[12.736s] [100%] [32m[1mLinking C shared library rosidl_generator_py/lifecycle_msgs/lifecycle_msgs_s__rosidl_typesupport_fastrtps_c.cpython-310-x86_64-linux-gnu.so[0m
[12.766s] [100%] Built target lifecycle_msgs__rosidl_typesupport_microxrcedds_c__pyext
[12.863s] [100%] Built target lifecycle_msgs__rosidl_typesupport_c__pyext
[12.863s] [100%] Built target lifecycle_msgs__rosidl_typesupport_fastrtps_c__pyext
[12.933s] Invoked command in '/home/user/robo/sb-robot/microros_ws/build/lifecycle_msgs' returned '0': CMAKE_PREFIX_PATH=${CMAKE_PREFIX_PATH}:/opt/ros/humble /usr/bin/cmake --build /home/user/robo/sb-robot/microros_ws/build/lifecycle_msgs -- -j20 -l20
[12.935s] Invoking command in '/home/user/robo/sb-robot/microros_ws/build/lifecycle_msgs': CMAKE_PREFIX_PATH=${CMAKE_PREFIX_PATH}:/opt/ros/humble /usr/bin/cmake --install /home/user/robo/sb-robot/microros_ws/build/lifecycle_msgs
[12.967s] -- Install configuration: ""
[12.967s] -- Installing: /home/user/robo/sb-robot/microros_ws/install/lifecycle_msgs/share/ament_index/resource_index/rosidl_interfaces/lifecycle_msgs
[12.967s] -- Installing: /home/user/robo/sb-robot/microros_ws/install/lifecycle_msgs/include/lifecycle_msgs/lifecycle_msgs
[12.968s] -- Installing: /home/user/robo/sb-robot/microros_ws/install/lifecycle_msgs/include/lifecycle_msgs/lifecycle_msgs/srv
[12.968s] -- Installing: /home/user/robo/sb-robot/microros_ws/install/lifecycle_msgs/include/lifecycle_msgs/lifecycle_msgs/srv/get_available_states.h
[12.968s] -- Installing: /home/user/robo/sb-robot/microros_ws/install/lifecycle_msgs/include/lifecycle_msgs/lifecycle_msgs/srv/change_state.h
[12.968s] -- Installing: /home/user/robo/sb-robot/microros_ws/install/lifecycle_msgs/include/lifecycle_msgs/lifecycle_msgs/srv/get_available_transitions.h
[12.972s] -- Installing: /home/user/robo/sb-robot/microros_ws/install/lifecycle_msgs/include/lifecycle_msgs/lifecycle_msgs/srv/get_state.h
[12.973s] -- Installing: /home/user/robo/sb-robot/microros_ws/install/lifecycle_msgs/include/lifecycle_msgs/lifecycle_msgs/srv/detail
[12.973s] -- Installing: /home/user/robo/sb-robot/microros_ws/install/lifecycle_msgs/include/lifecycle_msgs/lifecycle_msgs/srv/detail/get_state__functions.h
[12.980s] -- Installing: /home/user/robo/sb-robot/microros_ws/install/lifecycle_msgs/include/lifecycle_msgs/lifecycle_msgs/srv/detail/change_state__functions.h
[12.981s] -- Installing: /home/user/robo/sb-robot/microros_ws/install/lifecycle_msgs/include/lifecycle_msgs/lifecycle_msgs/srv/detail/get_state__type_support.h
[12.981s] -- Installing: /home/user/robo/sb-robot/microros_ws/install/lifecycle_msgs/include/lifecycle_msgs/lifecycle_msgs/srv/detail/get_available_transitions__type_support.h
[12.981s] -- Installing: /home/user/robo/sb-robot/microros_ws/install/lifecycle_msgs/include/lifecycle_msgs/lifecycle_msgs/srv/detail/change_state__type_support.h
[12.981s] -- Installing: /home/user/robo/sb-robot/microros_ws/install/lifecycle_msgs/include/lifecycle_msgs/lifecycle_msgs/srv/detail/get_available_transitions__functions.h
[12.981s] -- Installing: /home/user/robo/sb-robot/microros_ws/install/lifecycle_msgs/include/lifecycle_msgs/lifecycle_msgs/srv/detail/get_state__functions.c
[12.981s] -- Installing: /home/user/robo/sb-robot/microros_ws/install/lifecycle_msgs/include/lifecycle_msgs/lifecycle_msgs/srv/detail/get_available_states__type_support.h
[12.981s] -- Installing: /home/user/robo/sb-robot/microros_ws/install/lifecycle_msgs/include/lifecycle_msgs/lifecycle_msgs/srv/detail/change_state__struct.h
[12.981s] -- Installing: /home/user/robo/sb-robot/microros_ws/install/lifecycle_msgs/include/lifecycle_msgs/lifecycle_msgs/srv/detail/get_available_states__struct.h
[12.981s] -- Installing: /home/user/robo/sb-robot/microros_ws/install/lifecycle_msgs/include/lifecycle_msgs/lifecycle_msgs/srv/detail/get_state__struct.h
[12.981s] -- Installing: /home/user/robo/sb-robot/microros_ws/install/lifecycle_msgs/include/lifecycle_msgs/lifecycle_msgs/srv/detail/get_available_transitions__struct.h
[12.981s] -- Installing: /home/user/robo/sb-robot/microros_ws/install/lifecycle_msgs/include/lifecycle_msgs/lifecycle_msgs/srv/detail/change_state__functions.c
[12.981s] -- Installing: /home/user/robo/sb-robot/microros_ws/install/lifecycle_msgs/include/lifecycle_msgs/lifecycle_msgs/srv/detail/get_available_transitions__functions.c
[12.982s] -- Installing: /home/user/robo/sb-robot/microros_ws/install/lifecycle_msgs/include/lifecycle_msgs/lifecycle_msgs/srv/detail/get_available_states__functions.c
[12.982s] -- Installing: /home/user/robo/sb-robot/microros_ws/install/lifecycle_msgs/include/lifecycle_msgs/lifecycle_msgs/srv/detail/get_available_states__functions.h
[12.982s] -- Installing: /home/user/robo/sb-robot/microros_ws/install/lifecycle_msgs/include/lifecycle_msgs/lifecycle_msgs/msg
[12.982s] -- Installing: /home/user/robo/sb-robot/microros_ws/install/lifecycle_msgs/include/lifecycle_msgs/lifecycle_msgs/msg/state.h
[12.982s] -- Installing: /home/user/robo/sb-robot/microros_ws/install/lifecycle_msgs/include/lifecycle_msgs/lifecycle_msgs/msg/transition.h
[12.982s] -- Installing: /home/user/robo/sb-robot/microros_ws/install/lifecycle_msgs/include/lifecycle_msgs/lifecycle_msgs/msg/transition_description.h
[12.982s] -- Installing: /home/user/robo/sb-robot/microros_ws/install/lifecycle_msgs/include/lifecycle_msgs/lifecycle_msgs/msg/detail
[12.982s] -- Installing: /home/user/robo/sb-robot/microros_ws/install/lifecycle_msgs/include/lifecycle_msgs/lifecycle_msgs/msg/detail/state__functions.h
[12.982s] -- Installing: /home/user/robo/sb-robot/microros_ws/install/lifecycle_msgs/include/lifecycle_msgs/lifecycle_msgs/msg/detail/transition_event__type_support.h
[12.982s] -- Installing: /home/user/robo/sb-robot/microros_ws/install/lifecycle_msgs/include/lifecycle_msgs/lifecycle_msgs/msg/detail/state__type_support.h
[12.982s] -- Installing: /home/user/robo/sb-robot/microros_ws/install/lifecycle_msgs/include/lifecycle_msgs/lifecycle_msgs/msg/detail/transition_description__functions.h
[12.982s] -- Installing: /home/user/robo/sb-robot/microros_ws/install/lifecycle_msgs/include/lifecycle_msgs/lifecycle_msgs/msg/detail/transition_event__struct.h
[12.983s] -- Installing: /home/user/robo/sb-robot/microros_ws/install/lifecycle_msgs/include/lifecycle_msgs/lifecycle_msgs/msg/detail/transition_description__type_support.h
[12.983s] -- Installing: /home/user/robo/sb-robot/microros_ws/install/lifecycle_msgs/include/lifecycle_msgs/lifecycle_msgs/msg/detail/transition__functions.c
[12.983s] -- Installing: /home/user/robo/sb-robot/microros_ws/install/lifecycle_msgs/include/lifecycle_msgs/lifecycle_msgs/msg/detail/transition__type_support.h
[12.983s] -- Installing: /home/user/robo/sb-robot/microros_ws/install/lifecycle_msgs/include/lifecycle_msgs/lifecycle_msgs/msg/detail/transition_description__functions.c
[12.983s] -- Installing: /home/user/robo/sb-robot/microros_ws/install/lifecycle_msgs/include/lifecycle_msgs/lifecycle_msgs/msg/detail/transition_event__functions.c
[12.983s] -- Installing: /home/user/robo/sb-robot/microros_ws/install/lifecycle_msgs/include/lifecycle_msgs/lifecycle_msgs/msg/detail/state__struct.h
[12.983s] -- Installing: /home/user/robo/sb-robot/microros_ws/install/lifecycle_msgs/include/lifecycle_msgs/lifecycle_msgs/msg/detail/transition_event__functions.h
[12.983s] -- Installing: /home/user/robo/sb-robot/microros_ws/install/lifecycle_msgs/include/lifecycle_msgs/lifecycle_msgs/msg/detail/state__functions.c
[12.983s] -- Installing: /home/user/robo/sb-robot/microros_ws/install/lifecycle_msgs/include/lifecycle_msgs/lifecycle_msgs/msg/detail/transition__struct.h
[12.983s] -- Installing: /home/user/robo/sb-robot/microros_ws/install/lifecycle_msgs/include/lifecycle_msgs/lifecycle_msgs/msg/detail/transition_description__struct.h
[12.983s] -- Installing: /home/user/robo/sb-robot/microros_ws/install/lifecycle_msgs/include/lifecycle_msgs/lifecycle_msgs/msg/detail/transition__functions.h
[12.983s] -- Installing: /home/user/robo/sb-robot/microros_ws/install/lifecycle_msgs/include/lifecycle_msgs/lifecycle_msgs/msg/rosidl_generator_c__visibility_control.h
[12.983s] -- Installing: /home/user/robo/sb-robot/microros_ws/install/lifecycle_msgs/include/lifecycle_msgs/lifecycle_msgs/msg/transition_event.h
[12.984s] -- Installing: /home/user/robo/sb-robot/microros_ws/install/lifecycle_msgs/share/lifecycle_msgs/environment/library_path.sh
[12.984s] -- Installing: /home/user/robo/sb-robot/microros_ws/install/lifecycle_msgs/share/lifecycle_msgs/environment/library_path.dsv
[12.991s] -- Installing: /home/user/robo/sb-robot/microros_ws/install/lifecycle_msgs/lib/liblifecycle_msgs__rosidl_generator_c.so
[12.992s] -- Set runtime path of "/home/user/robo/sb-robot/microros_ws/install/lifecycle_msgs/lib/liblifecycle_msgs__rosidl_generator_c.so" to ""
[12.992s] -- Up-to-date: /home/user/robo/sb-robot/microros_ws/install/lifecycle_msgs/include/lifecycle_msgs
[12.992s] -- Installing: /home/user/robo/sb-robot/microros_ws/install/lifecycle_msgs/include/lifecycle_msgs/srv
[12.992s] -- Installing: /home/user/robo/sb-robot/microros_ws/install/lifecycle_msgs/include/lifecycle_msgs/srv/detail
[12.992s] -- Installing: /home/user/robo/sb-robot/microros_ws/install/lifecycle_msgs/include/lifecycle_msgs/srv/detail/get_state__rosidl_typesupport_microxrcedds_c.h
[12.992s] -- Installing: /home/user/robo/sb-robot/microros_ws/install/lifecycle_msgs/include/lifecycle_msgs/srv/detail/microxrcedds
[12.992s] -- Installing: /home/user/robo/sb-robot/microros_ws/install/lifecycle_msgs/include/lifecycle_msgs/srv/detail/get_available_transitions__rosidl_typesupport_microxrcedds_c.h
[12.992s] -- Installing: /home/user/robo/sb-robot/microros_ws/install/lifecycle_msgs/include/lifecycle_msgs/srv/detail/get_available_states__rosidl_typesupport_microxrcedds_c.h
[12.992s] -- Installing: /home/user/robo/sb-robot/microros_ws/install/lifecycle_msgs/include/lifecycle_msgs/srv/detail/change_state__rosidl_typesupport_microxrcedds_c.h
[12.992s] -- Installing: /home/user/robo/sb-robot/microros_ws/install/lifecycle_msgs/include/lifecycle_msgs/msg
[12.992s] -- Installing: /home/user/robo/sb-robot/microros_ws/install/lifecycle_msgs/include/lifecycle_msgs/msg/rosidl_typesupport_microxrcedds_c__visibility_control.h
[12.992s] -- Installing: /home/user/robo/sb-robot/microros_ws/install/lifecycle_msgs/include/lifecycle_msgs/msg/detail
[12.993s] -- Installing: /home/user/robo/sb-robot/microros_ws/install/lifecycle_msgs/include/lifecycle_msgs/msg/detail/microxrcedds
[12.993s] -- Installing: /home/user/robo/sb-robot/microros_ws/install/lifecycle_msgs/include/lifecycle_msgs/msg/detail/transition_event__rosidl_typesupport_microxrcedds_c.h
[12.993s] -- Installing: /home/user/robo/sb-robot/microros_ws/install/lifecycle_msgs/include/lifecycle_msgs/msg/detail/state__rosidl_typesupport_microxrcedds_c.h
[12.993s] -- Installing: /home/user/robo/sb-robot/microros_ws/install/lifecycle_msgs/include/lifecycle_msgs/msg/detail/transition_description__rosidl_typesupport_microxrcedds_c.h
[12.993s] -- Installing: /home/user/robo/sb-robot/microros_ws/install/lifecycle_msgs/include/lifecycle_msgs/msg/detail/transition__rosidl_typesupport_microxrcedds_c.h
[12.993s] -- Installing: /home/user/robo/sb-robot/microros_ws/install/lifecycle_msgs/lib/liblifecycle_msgs__rosidl_typesupport_microxrcedds_c.so
[12.993s] -- Set runtime path of "/home/user/robo/sb-robot/microros_ws/install/lifecycle_msgs/lib/liblifecycle_msgs__rosidl_typesupport_microxrcedds_c.so" to ""
[12.993s] -- Up-to-date: /home/user/robo/sb-robot/microros_ws/install/lifecycle_msgs/include/lifecycle_msgs/lifecycle_msgs
[12.993s] -- Up-to-date: /home/user/robo/sb-robot/microros_ws/install/lifecycle_msgs/include/lifecycle_msgs/lifecycle_msgs/srv
[12.993s] -- Up-to-date: /home/user/robo/sb-robot/microros_ws/install/lifecycle_msgs/include/lifecycle_msgs/lifecycle_msgs/srv/detail
[12.993s] -- Installing: /home/user/robo/sb-robot/microros_ws/install/lifecycle_msgs/include/lifecycle_msgs/lifecycle_msgs/srv/detail/get_available_states__rosidl_typesupport_fastrtps_c.h
[13.000s] -- Installing: /home/user/robo/sb-robot/microros_ws/install/lifecycle_msgs/include/lifecycle_msgs/lifecycle_msgs/srv/detail/get_available_transitions__rosidl_typesupport_fastrtps_c.h
[13.001s] -- Installing: /home/user/robo/sb-robot/microros_ws/install/lifecycle_msgs/include/lifecycle_msgs/lifecycle_msgs/srv/detail/change_state__rosidl_typesupport_fastrtps_c.h
[13.001s] -- Installing: /home/user/robo/sb-robot/microros_ws/install/lifecycle_msgs/include/lifecycle_msgs/lifecycle_msgs/srv/detail/get_state__rosidl_typesupport_fastrtps_c.h
[13.001s] -- Up-to-date: /home/user/robo/sb-robot/microros_ws/install/lifecycle_msgs/include/lifecycle_msgs/lifecycle_msgs/msg
[13.001s] -- Up-to-date: /home/user/robo/sb-robot/microros_ws/install/lifecycle_msgs/include/lifecycle_msgs/lifecycle_msgs/msg/detail
[13.001s] -- Installing: /home/user/robo/sb-robot/microros_ws/install/lifecycle_msgs/include/lifecycle_msgs/lifecycle_msgs/msg/detail/transition_description__rosidl_typesupport_fastrtps_c.h
[13.001s] -- Installing: /home/user/robo/sb-robot/microros_ws/install/lifecycle_msgs/include/lifecycle_msgs/lifecycle_msgs/msg/detail/transition__rosidl_typesupport_fastrtps_c.h
[13.001s] -- Installing: /home/user/robo/sb-robot/microros_ws/install/lifecycle_msgs/include/lifecycle_msgs/lifecycle_msgs/msg/detail/state__rosidl_typesupport_fastrtps_c.h
[13.001s] -- Installing: /home/user/robo/sb-robot/microros_ws/install/lifecycle_msgs/include/lifecycle_msgs/lifecycle_msgs/msg/detail/transition_event__rosidl_typesupport_fastrtps_c.h
[13.001s] -- Installing: /home/user/robo/sb-robot/microros_ws/install/lifecycle_msgs/include/lifecycle_msgs/lifecycle_msgs/msg/rosidl_typesupport_fastrtps_c__visibility_control.h
[13.001s] -- Installing: /home/user/robo/sb-robot/microros_ws/install/lifecycle_msgs/lib/liblifecycle_msgs__rosidl_typesupport_fastrtps_c.so
[13.001s] -- Set runtime path of "/home/user/robo/sb-robot/microros_ws/install/lifecycle_msgs/lib/liblifecycle_msgs__rosidl_typesupport_fastrtps_c.so" to ""
[13.002s] -- Up-to-date: /home/user/robo/sb-robot/microros_ws/install/lifecycle_msgs/include/lifecycle_msgs/lifecycle_msgs
[13.002s] -- Up-to-date: /home/user/robo/sb-robot/microros_ws/install/lifecycle_msgs/include/lifecycle_msgs/lifecycle_msgs/srv
[13.002s] -- Up-to-date: /home/user/robo/sb-robot/microros_ws/install/lifecycle_msgs/include/lifecycle_msgs/lifecycle_msgs/srv/detail
[13.002s] -- Installing: /home/user/robo/sb-robot/microros_ws/install/lifecycle_msgs/include/lifecycle_msgs/lifecycle_msgs/srv/detail/get_state__type_support.c
[13.002s] -- Installing: /home/user/robo/sb-robot/microros_ws/install/lifecycle_msgs/include/lifecycle_msgs/lifecycle_msgs/srv/detail/get_available_transitions__rosidl_typesupport_introspection_c.h
[13.002s] -- Installing: /home/user/robo/sb-robot/microros_ws/install/lifecycle_msgs/include/lifecycle_msgs/lifecycle_msgs/srv/detail/get_available_transitions__type_support.c
[13.002s] -- Installing: /home/user/robo/sb-robot/microros_ws/install/lifecycle_msgs/include/lifecycle_msgs/lifecycle_msgs/srv/detail/get_available_states__rosidl_typesupport_introspection_c.h
[13.002s] -- Installing: /home/user/robo/sb-robot/microros_ws/install/lifecycle_msgs/include/lifecycle_msgs/lifecycle_msgs/srv/detail/get_available_states__type_support.c
[13.002s] -- Installing: /home/user/robo/sb-robot/microros_ws/install/lifecycle_msgs/include/lifecycle_msgs/lifecycle_msgs/srv/detail/change_state__rosidl_typesupport_introspection_c.h
[13.002s] -- Installing: /home/user/robo/sb-robot/microros_ws/install/lifecycle_msgs/include/lifecycle_msgs/lifecycle_msgs/srv/detail/get_state__rosidl_typesupport_introspection_c.h
[13.002s] -- Installing: /home/user/robo/sb-robot/microros_ws/install/lifecycle_msgs/include/lifecycle_msgs/lifecycle_msgs/srv/detail/change_state__type_support.c
[13.006s] -- Up-to-date: /home/user/robo/sb-robot/microros_ws/install/lifecycle_msgs/include/lifecycle_msgs/lifecycle_msgs/msg
[13.007s] -- Up-to-date: /home/user/robo/sb-robot/microros_ws/install/lifecycle_msgs/include/lifecycle_msgs/lifecycle_msgs/msg/detail
[13.007s] -- Installing: /home/user/robo/sb-robot/microros_ws/install/lifecycle_msgs/include/lifecycle_msgs/lifecycle_msgs/msg/detail/transition_event__type_support.c
[13.007s] -- Installing: /home/user/robo/sb-robot/microros_ws/install/lifecycle_msgs/include/lifecycle_msgs/lifecycle_msgs/msg/detail/state__type_support.c
[13.007s] -- Installing: /home/user/robo/sb-robot/microros_ws/install/lifecycle_msgs/include/lifecycle_msgs/lifecycle_msgs/msg/detail/transition_description__type_support.c
[13.007s] -- Installing: /home/user/robo/sb-robot/microros_ws/install/lifecycle_msgs/include/lifecycle_msgs/lifecycle_msgs/msg/detail/transition__type_support.c
[13.007s] -- Installing: /home/user/robo/sb-robot/microros_ws/install/lifecycle_msgs/include/lifecycle_msgs/lifecycle_msgs/msg/detail/transition_event__rosidl_typesupport_introspection_c.h
[13.007s] -- Installing: /home/user/robo/sb-robot/microros_ws/install/lifecycle_msgs/include/lifecycle_msgs/lifecycle_msgs/msg/detail/state__rosidl_typesupport_introspection_c.h
[13.007s] -- Installing: /home/user/robo/sb-robot/microros_ws/install/lifecycle_msgs/include/lifecycle_msgs/lifecycle_msgs/msg/detail/transition_description__rosidl_typesupport_introspection_c.h
[13.007s] -- Installing: /home/user/robo/sb-robot/microros_ws/install/lifecycle_msgs/include/lifecycle_msgs/lifecycle_msgs/msg/detail/transition__rosidl_typesupport_introspection_c.h
[13.007s] -- Installing: /home/user/robo/sb-robot/microros_ws/install/lifecycle_msgs/include/lifecycle_msgs/lifecycle_msgs/msg/rosidl_typesupport_introspection_c__visibility_control.h
[13.007s] -- Installing: /home/user/robo/sb-robot/microros_ws/install/lifecycle_msgs/lib/liblifecycle_msgs__rosidl_typesupport_introspection_c.so
[13.008s] -- Set runtime path of "/home/user/robo/sb-robot/microros_ws/install/lifecycle_msgs/lib/liblifecycle_msgs__rosidl_typesupport_introspection_c.so" to ""
[13.008s] -- Installing: /home/user/robo/sb-robot/microros_ws/install/lifecycle_msgs/lib/liblifecycle_msgs__rosidl_typesupport_c.so
[13.008s] -- Set runtime path of "/home/user/robo/sb-robot/microros_ws/install/lifecycle_msgs/lib/liblifecycle_msgs__rosidl_typesupport_c.so" to ""
[13.008s] -- Up-to-date: /home/user/robo/sb-robot/microros_ws/install/lifecycle_msgs/include/lifecycle_msgs/lifecycle_msgs
[13.008s] -- Up-to-date: /home/user/robo/sb-robot/microros_ws/install/lifecycle_msgs/include/lifecycle_msgs/lifecycle_msgs/srv
[13.008s] -- Installing: /home/user/robo/sb-robot/microros_ws/install/lifecycle_msgs/include/lifecycle_msgs/lifecycle_msgs/srv/get_state.hpp
[13.008s] -- Up-to-date: /home/user/robo/sb-robot/microros_ws/install/lifecycle_msgs/include/lifecycle_msgs/lifecycle_msgs/srv/detail
[13.008s] -- Installing: /home/user/robo/sb-robot/microros_ws/install/lifecycle_msgs/include/lifecycle_msgs/lifecycle_msgs/srv/detail/change_state__struct.hpp
[13.008s] -- Installing: /home/user/robo/sb-robot/microros_ws/install/lifecycle_msgs/include/lifecycle_msgs/lifecycle_msgs/srv/detail/get_available_states__type_support.hpp
[13.008s] -- Installing: /home/user/robo/sb-robot/microros_ws/install/lifecycle_msgs/include/lifecycle_msgs/lifecycle_msgs/srv/detail/change_state__traits.hpp
[13.008s] -- Installing: /home/user/robo/sb-robot/microros_ws/install/lifecycle_msgs/include/lifecycle_msgs/lifecycle_msgs/srv/detail/get_available_transitions__type_support.hpp
[13.008s] -- Installing: /home/user/robo/sb-robot/microros_ws/install/lifecycle_msgs/include/lifecycle_msgs/lifecycle_msgs/srv/detail/get_available_states__builder.hpp
[13.015s] -- Installing: /home/user/robo/sb-robot/microros_ws/install/lifecycle_msgs/include/lifecycle_msgs/lifecycle_msgs/srv/detail/get_state__struct.hpp
[13.016s] -- Installing: /home/user/robo/sb-robot/microros_ws/install/lifecycle_msgs/include/lifecycle_msgs/lifecycle_msgs/srv/detail/get_available_transitions__builder.hpp
[13.016s] -- Installing: /home/user/robo/sb-robot/microros_ws/install/lifecycle_msgs/include/lifecycle_msgs/lifecycle_msgs/srv/detail/get_available_states__struct.hpp
[13.016s] -- Installing: /home/user/robo/sb-robot/microros_ws/install/lifecycle_msgs/include/lifecycle_msgs/lifecycle_msgs/srv/detail/change_state__builder.hpp
[13.016s] -- Installing: /home/user/robo/sb-robot/microros_ws/install/lifecycle_msgs/include/lifecycle_msgs/lifecycle_msgs/srv/detail/get_state__builder.hpp
[13.016s] -- Installing: /home/user/robo/sb-robot/microros_ws/install/lifecycle_msgs/include/lifecycle_msgs/lifecycle_msgs/srv/detail/get_state__type_support.hpp
[13.016s] -- Installing: /home/user/robo/sb-robot/microros_ws/install/lifecycle_msgs/include/lifecycle_msgs/lifecycle_msgs/srv/detail/get_state__traits.hpp
[13.016s] -- Installing: /home/user/robo/sb-robot/microros_ws/install/lifecycle_msgs/include/lifecycle_msgs/lifecycle_msgs/srv/detail/change_state__type_support.hpp
[13.016s] -- Installing: /home/user/robo/sb-robot/microros_ws/install/lifecycle_msgs/include/lifecycle_msgs/lifecycle_msgs/srv/detail/get_available_transitions__struct.hpp
[13.017s] -- Installing: /home/user/robo/sb-robot/microros_ws/install/lifecycle_msgs/include/lifecycle_msgs/lifecycle_msgs/srv/detail/get_available_transitions__traits.hpp
[13.017s] -- Installing: /home/user/robo/sb-robot/microros_ws/install/lifecycle_msgs/include/lifecycle_msgs/lifecycle_msgs/srv/detail/get_available_states__traits.hpp
[13.017s] -- Installing: /home/user/robo/sb-robot/microros_ws/install/lifecycle_msgs/include/lifecycle_msgs/lifecycle_msgs/srv/get_available_transitions.hpp
[13.017s] -- Installing: /home/user/robo/sb-robot/microros_ws/install/lifecycle_msgs/include/lifecycle_msgs/lifecycle_msgs/srv/change_state.hpp
[13.017s] -- Installing: /home/user/robo/sb-robot/microros_ws/install/lifecycle_msgs/include/lifecycle_msgs/lifecycle_msgs/srv/get_available_states.hpp
[13.017s] -- Up-to-date: /home/user/robo/sb-robot/microros_ws/install/lifecycle_msgs/include/lifecycle_msgs/lifecycle_msgs/msg
[13.017s] -- Installing: /home/user/robo/sb-robot/microros_ws/install/lifecycle_msgs/include/lifecycle_msgs/lifecycle_msgs/msg/rosidl_generator_cpp__visibility_control.hpp
[13.017s] -- Installing: /home/user/robo/sb-robot/microros_ws/install/lifecycle_msgs/include/lifecycle_msgs/lifecycle_msgs/msg/transition.hpp
[13.017s] -- Up-to-date: /home/user/robo/sb-robot/microros_ws/install/lifecycle_msgs/include/lifecycle_msgs/lifecycle_msgs/msg/detail
[13.017s] -- Installing: /home/user/robo/sb-robot/microros_ws/install/lifecycle_msgs/include/lifecycle_msgs/lifecycle_msgs/msg/detail/transition_event__type_support.hpp
[13.017s] -- Installing: /home/user/robo/sb-robot/microros_ws/install/lifecycle_msgs/include/lifecycle_msgs/lifecycle_msgs/msg/detail/transition_description__type_support.hpp
[13.017s] -- Installing: /home/user/robo/sb-robot/microros_ws/install/lifecycle_msgs/include/lifecycle_msgs/lifecycle_msgs/msg/detail/state__struct.hpp
[13.024s] -- Installing: /home/user/robo/sb-robot/microros_ws/install/lifecycle_msgs/include/lifecycle_msgs/lifecycle_msgs/msg/detail/transition_event__traits.hpp
[13.025s] -- Installing: /home/user/robo/sb-robot/microros_ws/install/lifecycle_msgs/include/lifecycle_msgs/lifecycle_msgs/msg/detail/state__builder.hpp
[13.025s] -- Installing: /home/user/robo/sb-robot/microros_ws/install/lifecycle_msgs/include/lifecycle_msgs/lifecycle_msgs/msg/detail/state__traits.hpp
[13.025s] -- Installing: /home/user/robo/sb-robot/microros_ws/install/lifecycle_msgs/include/lifecycle_msgs/lifecycle_msgs/msg/detail/transition__type_support.hpp
[13.025s] -- Installing: /home/user/robo/sb-robot/microros_ws/install/lifecycle_msgs/include/lifecycle_msgs/lifecycle_msgs/msg/detail/transition_description__struct.hpp
[13.025s] -- Installing: /home/user/robo/sb-robot/microros_ws/install/lifecycle_msgs/include/lifecycle_msgs/lifecycle_msgs/msg/detail/transition_description__builder.hpp
[13.025s] -- Installing: /home/user/robo/sb-robot/microros_ws/install/lifecycle_msgs/include/lifecycle_msgs/lifecycle_msgs/msg/detail/transition_event__builder.hpp
[13.025s] -- Installing: /home/user/robo/sb-robot/microros_ws/install/lifecycle_msgs/include/lifecycle_msgs/lifecycle_msgs/msg/detail/transition_event__struct.hpp
[13.025s] -- Installing: /home/user/robo/sb-robot/microros_ws/install/lifecycle_msgs/include/lifecycle_msgs/lifecycle_msgs/msg/detail/state__type_support.hpp
[13.025s] -- Installing: /home/user/robo/sb-robot/microros_ws/install/lifecycle_msgs/include/lifecycle_msgs/lifecycle_msgs/msg/detail/transition__struct.hpp
[13.025s] -- Installing: /home/user/robo/sb-robot/microros_ws/install/lifecycle_msgs/include/lifecycle_msgs/lifecycle_msgs/msg/detail/transition_description__traits.hpp
[13.026s] -- Installing: /home/user/robo/sb-robot/microros_ws/install/lifecycle_msgs/include/lifecycle_msgs/lifecycle_msgs/msg/detail/transition__builder.hpp
[13.026s] -- Installing: /home/user/robo/sb-robot/microros_ws/install/lifecycle_msgs/include/lifecycle_msgs/lifecycle_msgs/msg/detail/transition__traits.hpp
[13.026s] -- Installing: /home/user/robo/sb-robot/microros_ws/install/lifecycle_msgs/include/lifecycle_msgs/lifecycle_msgs/msg/transition_description.hpp
[13.026s] -- Installing: /home/user/robo/sb-robot/microros_ws/install/lifecycle_msgs/include/lifecycle_msgs/lifecycle_msgs/msg/state.hpp
[13.026s] -- Installing: /home/user/robo/sb-robot/microros_ws/install/lifecycle_msgs/include/lifecycle_msgs/lifecycle_msgs/msg/transition_event.hpp
[13.026s] -- Up-to-date: /home/user/robo/sb-robot/microros_ws/install/lifecycle_msgs/include/lifecycle_msgs
[13.026s] -- Up-to-date: /home/user/robo/sb-robot/microros_ws/install/lifecycle_msgs/include/lifecycle_msgs/srv
[13.026s] -- Up-to-date: /home/user/robo/sb-robot/microros_ws/install/lifecycle_msgs/include/lifecycle_msgs/srv/detail
[13.026s] -- Installing: /home/user/robo/sb-robot/microros_ws/install/lifecycle_msgs/include/lifecycle_msgs/srv/detail/get_state__rosidl_typesupport_microxrcedds_cpp.hpp
[13.026s] -- Up-to-date: /home/user/robo/sb-robot/microros_ws/install/lifecycle_msgs/include/lifecycle_msgs/srv/detail/microxrcedds
[13.026s] -- Installing: /home/user/robo/sb-robot/microros_ws/install/lifecycle_msgs/include/lifecycle_msgs/srv/detail/microxrcedds/get_state__type_support_cpp.cpp
[13.026s] -- Installing: /home/user/robo/sb-robot/microros_ws/install/lifecycle_msgs/include/lifecycle_msgs/srv/detail/microxrcedds/get_available_states__type_support_cpp.cpp
[13.026s] -- Installing: /home/user/robo/sb-robot/microros_ws/install/lifecycle_msgs/include/lifecycle_msgs/srv/detail/microxrcedds/change_state__type_support_cpp.cpp
[13.027s] -- Installing: /home/user/robo/sb-robot/microros_ws/install/lifecycle_msgs/include/lifecycle_msgs/srv/detail/microxrcedds/get_available_transitions__type_support_cpp.cpp
[13.027s] -- Installing: /home/user/robo/sb-robot/microros_ws/install/lifecycle_msgs/include/lifecycle_msgs/srv/detail/change_state__rosidl_typesupport_microxrcedds_cpp.hpp
[13.027s] -- Installing: /home/user/robo/sb-robot/microros_ws/install/lifecycle_msgs/include/lifecycle_msgs/srv/detail/get_available_states__rosidl_typesupport_microxrcedds_cpp.hpp
[13.027s] -- Installing: /home/user/robo/sb-robot/microros_ws/install/lifecycle_msgs/include/lifecycle_msgs/srv/detail/get_available_transitions__rosidl_typesupport_microxrcedds_cpp.hpp
[13.027s] -- Up-to-date: /home/user/robo/sb-robot/microros_ws/install/lifecycle_msgs/include/lifecycle_msgs/msg
[13.027s] -- Up-to-date: /home/user/robo/sb-robot/microros_ws/install/lifecycle_msgs/include/lifecycle_msgs/msg/detail
[13.027s] -- Installing: /home/user/robo/sb-robot/microros_ws/install/lifecycle_msgs/include/lifecycle_msgs/msg/detail/transition_event__rosidl_typesupport_microxrcedds_cpp.hpp
[13.027s] -- Installing: /home/user/robo/sb-robot/microros_ws/install/lifecycle_msgs/include/lifecycle_msgs/msg/detail/transition__rosidl_typesupport_microxrcedds_cpp.hpp
[13.027s] -- Up-to-date: /home/user/robo/sb-robot/microros_ws/install/lifecycle_msgs/include/lifecycle_msgs/msg/detail/microxrcedds
[13.027s] -- Installing: /home/user/robo/sb-robot/microros_ws/install/lifecycle_msgs/include/lifecycle_msgs/msg/detail/microxrcedds/transition__type_support_cpp.cpp
[13.034s] -- Installing: /home/user/robo/sb-robot/microros_ws/install/lifecycle_msgs/include/lifecycle_msgs/msg/detail/microxrcedds/transition_description__type_support_cpp.cpp
[13.035s] -- Installing: /home/user/robo/sb-robot/microros_ws/install/lifecycle_msgs/include/lifecycle_msgs/msg/detail/microxrcedds/state__type_support_cpp.cpp
[13.035s] -- Installing: /home/user/robo/sb-robot/microros_ws/install/lifecycle_msgs/include/lifecycle_msgs/msg/detail/microxrcedds/transition_event__type_support_cpp.cpp
[13.035s] -- Installing: /home/user/robo/sb-robot/microros_ws/install/lifecycle_msgs/include/lifecycle_msgs/msg/detail/state__rosidl_typesupport_microxrcedds_cpp.hpp
[13.035s] -- Installing: /home/user/robo/sb-robot/microros_ws/install/lifecycle_msgs/include/lifecycle_msgs/msg/detail/transition_description__rosidl_typesupport_microxrcedds_cpp.hpp
[13.035s] -- Installing: /home/user/robo/sb-robot/microros_ws/install/lifecycle_msgs/include/lifecycle_msgs/msg/rosidl_typesupport_microxrcedds_cpp__visibility_control.h
[13.035s] -- Installing: /home/user/robo/sb-robot/microros_ws/install/lifecycle_msgs/lib/liblifecycle_msgs__rosidl_typesupport_microxrcedds_cpp.so
[13.035s] -- Set runtime path of "/home/user/robo/sb-robot/microros_ws/install/lifecycle_msgs/lib/liblifecycle_msgs__rosidl_typesupport_microxrcedds_cpp.so" to ""
[13.035s] -- Up-to-date: /home/user/robo/sb-robot/microros_ws/install/lifecycle_msgs/include/lifecycle_msgs/lifecycle_msgs
[13.035s] -- Up-to-date: /home/user/robo/sb-robot/microros_ws/install/lifecycle_msgs/include/lifecycle_msgs/lifecycle_msgs/srv
[13.035s] -- Up-to-date: /home/user/robo/sb-robot/microros_ws/install/lifecycle_msgs/include/lifecycle_msgs/lifecycle_msgs/srv/detail
[13.035s] -- Installing: /home/user/robo/sb-robot/microros_ws/install/lifecycle_msgs/include/lifecycle_msgs/lifecycle_msgs/srv/detail/get_available_transitions__rosidl_typesupport_fastrtps_cpp.hpp
[13.035s] -- Installing: /home/user/robo/sb-robot/microros_ws/install/lifecycle_msgs/include/lifecycle_msgs/lifecycle_msgs/srv/detail/get_available_states__rosidl_typesupport_fastrtps_cpp.hpp
[13.036s] -- Installing: /home/user/robo/sb-robot/microros_ws/install/lifecycle_msgs/include/lifecycle_msgs/lifecycle_msgs/srv/detail/change_state__rosidl_typesupport_fastrtps_cpp.hpp
[13.036s] -- Installing: /home/user/robo/sb-robot/microros_ws/install/lifecycle_msgs/include/lifecycle_msgs/lifecycle_msgs/srv/detail/get_state__rosidl_typesupport_fastrtps_cpp.hpp
[13.036s] -- Installing: /home/user/robo/sb-robot/microros_ws/install/lifecycle_msgs/include/lifecycle_msgs/lifecycle_msgs/srv/detail/dds_fastrtps
[13.036s] -- Up-to-date: /home/user/robo/sb-robot/microros_ws/install/lifecycle_msgs/include/lifecycle_msgs/lifecycle_msgs/msg
[13.036s] -- Installing: /home/user/robo/sb-robot/microros_ws/install/lifecycle_msgs/include/lifecycle_msgs/lifecycle_msgs/msg/rosidl_typesupport_fastrtps_cpp__visibility_control.h
[13.036s] -- Up-to-date: /home/user/robo/sb-robot/microros_ws/install/lifecycle_msgs/include/lifecycle_msgs/lifecycle_msgs/msg/detail
[13.036s] -- Installing: /home/user/robo/sb-robot/microros_ws/install/lifecycle_msgs/include/lifecycle_msgs/lifecycle_msgs/msg/detail/transition_description__rosidl_typesupport_fastrtps_cpp.hpp
[13.036s] -- Installing: /home/user/robo/sb-robot/microros_ws/install/lifecycle_msgs/include/lifecycle_msgs/lifecycle_msgs/msg/detail/transition__rosidl_typesupport_fastrtps_cpp.hpp
[13.036s] -- Installing: /home/user/robo/sb-robot/microros_ws/install/lifecycle_msgs/include/lifecycle_msgs/lifecycle_msgs/msg/detail/transition_event__rosidl_typesupport_fastrtps_cpp.hpp
[13.036s] -- Installing: /home/user/robo/sb-robot/microros_ws/install/lifecycle_msgs/include/lifecycle_msgs/lifecycle_msgs/msg/detail/state__rosidl_typesupport_fastrtps_cpp.hpp
[13.036s] -- Installing: /home/user/robo/sb-robot/microros_ws/install/lifecycle_msgs/include/lifecycle_msgs/lifecycle_msgs/msg/detail/dds_fastrtps
[13.036s] -- Installing: /home/user/robo/sb-robot/microros_ws/install/lifecycle_msgs/lib/liblifecycle_msgs__rosidl_typesupport_fastrtps_cpp.so
[13.036s] -- Set runtime path of "/home/user/robo/sb-robot/microros_ws/install/lifecycle_msgs/lib/liblifecycle_msgs__rosidl_typesupport_fastrtps_cpp.so" to ""
[13.037s] -- Up-to-date: /home/user/robo/sb-robot/microros_ws/install/lifecycle_msgs/include/lifecycle_msgs/lifecycle_msgs
[13.037s] -- Up-to-date: /home/user/robo/sb-robot/microros_ws/install/lifecycle_msgs/include/lifecycle_msgs/lifecycle_msgs/srv
[13.037s] -- Up-to-date: /home/user/robo/sb-robot/microros_ws/install/lifecycle_msgs/include/lifecycle_msgs/lifecycle_msgs/srv/detail
[13.037s] -- Installing: /home/user/robo/sb-robot/microros_ws/install/lifecycle_msgs/include/lifecycle_msgs/lifecycle_msgs/srv/detail/get_available_transitions__type_support.cpp
[13.037s] -- Installing: /home/user/robo/sb-robot/microros_ws/install/lifecycle_msgs/include/lifecycle_msgs/lifecycle_msgs/srv/detail/get_available_states__rosidl_typesupport_introspection_cpp.hpp
[13.037s] -- Installing: /home/user/robo/sb-robot/microros_ws/install/lifecycle_msgs/include/lifecycle_msgs/lifecycle_msgs/srv/detail/change_state__rosidl_typesupport_introspection_cpp.hpp
[13.037s] -- Installing: /home/user/robo/sb-robot/microros_ws/install/lifecycle_msgs/include/lifecycle_msgs/lifecycle_msgs/srv/detail/get_available_transitions__rosidl_typesupport_introspection_cpp.hpp
[13.037s] -- Installing: /home/user/robo/sb-robot/microros_ws/install/lifecycle_msgs/include/lifecycle_msgs/lifecycle_msgs/srv/detail/get_state__type_support.cpp
[13.037s] -- Installing: /home/user/robo/sb-robot/microros_ws/install/lifecycle_msgs/include/lifecycle_msgs/lifecycle_msgs/srv/detail/get_state__rosidl_typesupport_introspection_cpp.hpp
[13.037s] -- Installing: /home/user/robo/sb-robot/microros_ws/install/lifecycle_msgs/include/lifecycle_msgs/lifecycle_msgs/srv/detail/get_available_states__type_support.cpp
[13.037s] -- Installing: /home/user/robo/sb-robot/microros_ws/install/lifecycle_msgs/include/lifecycle_msgs/lifecycle_msgs/srv/detail/change_state__type_support.cpp
[13.037s] -- Up-to-date: /home/user/robo/sb-robot/microros_ws/install/lifecycle_msgs/include/lifecycle_msgs/lifecycle_msgs/msg
[13.038s] -- Up-to-date: /home/user/robo/sb-robot/microros_ws/install/lifecycle_msgs/include/lifecycle_msgs/lifecycle_msgs/msg/detail
[13.038s] -- Installing: /home/user/robo/sb-robot/microros_ws/install/lifecycle_msgs/include/lifecycle_msgs/lifecycle_msgs/msg/detail/state__type_support.cpp
[13.038s] -- Installing: /home/user/robo/sb-robot/microros_ws/install/lifecycle_msgs/include/lifecycle_msgs/lifecycle_msgs/msg/detail/transition_event__type_support.cpp
[13.038s] -- Installing: /home/user/robo/sb-robot/microros_ws/install/lifecycle_msgs/include/lifecycle_msgs/lifecycle_msgs/msg/detail/transition_event__rosidl_typesupport_introspection_cpp.hpp
[13.038s] -- Installing: /home/user/robo/sb-robot/microros_ws/install/lifecycle_msgs/include/lifecycle_msgs/lifecycle_msgs/msg/detail/state__rosidl_typesupport_introspection_cpp.hpp
[13.038s] -- Installing: /home/user/robo/sb-robot/microros_ws/install/lifecycle_msgs/include/lifecycle_msgs/lifecycle_msgs/msg/detail/transition_description__type_support.cpp
[13.052s] -- Installing: /home/user/robo/sb-robot/microros_ws/install/lifecycle_msgs/include/lifecycle_msgs/lifecycle_msgs/msg/detail/transition__type_support.cpp
[13.053s] -- Installing: /home/user/robo/sb-robot/microros_ws/install/lifecycle_msgs/include/lifecycle_msgs/lifecycle_msgs/msg/detail/transition_description__rosidl_typesupport_introspection_cpp.hpp
[13.053s] -- Installing: /home/user/robo/sb-robot/microros_ws/install/lifecycle_msgs/include/lifecycle_msgs/lifecycle_msgs/msg/detail/transition__rosidl_typesupport_introspection_cpp.hpp
[13.053s] -- Installing: /home/user/robo/sb-robot/microros_ws/install/lifecycle_msgs/lib/liblifecycle_msgs__rosidl_typesupport_introspection_cpp.so
[13.053s] -- Set runtime path of "/home/user/robo/sb-robot/microros_ws/install/lifecycle_msgs/lib/liblifecycle_msgs__rosidl_typesupport_introspection_cpp.so" to ""
[13.053s] -- Installing: /home/user/robo/sb-robot/microros_ws/install/lifecycle_msgs/lib/liblifecycle_msgs__rosidl_typesupport_cpp.so
[13.053s] -- Set runtime path of "/home/user/robo/sb-robot/microros_ws/install/lifecycle_msgs/lib/liblifecycle_msgs__rosidl_typesupport_cpp.so" to ""
[13.053s] -- Installing: /home/user/robo/sb-robot/microros_ws/install/lifecycle_msgs/share/lifecycle_msgs/environment/pythonpath.sh
[13.053s] -- Installing: /home/user/robo/sb-robot/microros_ws/install/lifecycle_msgs/share/lifecycle_msgs/environment/pythonpath.dsv
[13.053s] -- Installing: /home/user/robo/sb-robot/microros_ws/install/lifecycle_msgs/local/lib/python3.10/dist-packages/lifecycle_msgs-1.2.1-py3.10.egg-info
[13.053s] -- Installing: /home/user/robo/sb-robot/microros_ws/install/lifecycle_msgs/local/lib/python3.10/dist-packages/lifecycle_msgs-1.2.1-py3.10.egg-info/top_level.txt
[13.057s] -- Installing: /home/user/robo/sb-robot/microros_ws/install/lifecycle_msgs/local/lib/python3.10/dist-packages/lifecycle_msgs-1.2.1-py3.10.egg-info/dependency_links.txt
[13.058s] -- Installing: /home/user/robo/sb-robot/microros_ws/install/lifecycle_msgs/local/lib/python3.10/dist-packages/lifecycle_msgs-1.2.1-py3.10.egg-info/PKG-INFO
[13.058s] -- Installing: /home/user/robo/sb-robot/microros_ws/install/lifecycle_msgs/local/lib/python3.10/dist-packages/lifecycle_msgs-1.2.1-py3.10.egg-info/SOURCES.txt
[13.058s] -- Installing: /home/user/robo/sb-robot/microros_ws/install/lifecycle_msgs/local/lib/python3.10/dist-packages/lifecycle_msgs
[13.058s] -- Installing: /home/user/robo/sb-robot/microros_ws/install/lifecycle_msgs/local/lib/python3.10/dist-packages/lifecycle_msgs/lifecycle_msgs_s__rosidl_typesupport_fastrtps_c.cpython-310-x86_64-linux-gnu.so
[13.058s] -- Installing: /home/user/robo/sb-robot/microros_ws/install/lifecycle_msgs/local/lib/python3.10/dist-packages/lifecycle_msgs/_lifecycle_msgs_s.ep.rosidl_typesupport_c.c
[13.058s] -- Installing: /home/user/robo/sb-robot/microros_ws/install/lifecycle_msgs/local/lib/python3.10/dist-packages/lifecycle_msgs/_lifecycle_msgs_s.ep.rosidl_typesupport_microxrcedds_c.c
[13.058s] -- Installing: /home/user/robo/sb-robot/microros_ws/install/lifecycle_msgs/local/lib/python3.10/dist-packages/lifecycle_msgs/srv
[13.058s] -- Installing: /home/user/robo/sb-robot/microros_ws/install/lifecycle_msgs/local/lib/python3.10/dist-packages/lifecycle_msgs/srv/_get_available_states_s.c
[13.058s] -- Installing: /home/user/robo/sb-robot/microros_ws/install/lifecycle_msgs/local/lib/python3.10/dist-packages/lifecycle_msgs/srv/_get_state_s.c
[13.058s] -- Installing: /home/user/robo/sb-robot/microros_ws/install/lifecycle_msgs/local/lib/python3.10/dist-packages/lifecycle_msgs/srv/__init__.py
[13.058s] -- Installing: /home/user/robo/sb-robot/microros_ws/install/lifecycle_msgs/local/lib/python3.10/dist-packages/lifecycle_msgs/srv/_change_state.py
[13.059s] -- Installing: /home/user/robo/sb-robot/microros_ws/install/lifecycle_msgs/local/lib/python3.10/dist-packages/lifecycle_msgs/srv/_get_available_transitions_s.c
[13.059s] -- Installing: /home/user/robo/sb-robot/microros_ws/install/lifecycle_msgs/local/lib/python3.10/dist-packages/lifecycle_msgs/srv/_get_state.py
[13.059s] -- Installing: /home/user/robo/sb-robot/microros_ws/install/lifecycle_msgs/local/lib/python3.10/dist-packages/lifecycle_msgs/srv/_get_available_transitions.py
[13.059s] -- Installing: /home/user/robo/sb-robot/microros_ws/install/lifecycle_msgs/local/lib/python3.10/dist-packages/lifecycle_msgs/srv/_get_available_states.py
[13.059s] -- Installing: /home/user/robo/sb-robot/microros_ws/install/lifecycle_msgs/local/lib/python3.10/dist-packages/lifecycle_msgs/srv/_change_state_s.c
[13.059s] -- Installing: /home/user/robo/sb-robot/microros_ws/install/lifecycle_msgs/local/lib/python3.10/dist-packages/lifecycle_msgs/__init__.py
[13.059s] -- Installing: /home/user/robo/sb-robot/microros_ws/install/lifecycle_msgs/local/lib/python3.10/dist-packages/lifecycle_msgs/liblifecycle_msgs__rosidl_generator_py.so
[13.059s] -- Installing: /home/user/robo/sb-robot/microros_ws/install/lifecycle_msgs/local/lib/python3.10/dist-packages/lifecycle_msgs/lifecycle_msgs_s__rosidl_typesupport_c.cpython-310-x86_64-linux-gnu.so
[13.059s] -- Installing: /home/user/robo/sb-robot/microros_ws/install/lifecycle_msgs/local/lib/python3.10/dist-packages/lifecycle_msgs/_lifecycle_msgs_s.ep.rosidl_typesupport_fastrtps_c.c
[13.059s] -- Installing: /home/user/robo/sb-robot/microros_ws/install/lifecycle_msgs/local/lib/python3.10/dist-packages/lifecycle_msgs/_lifecycle_msgs_s.ep.rosidl_typesupport_introspection_c.c
[13.059s] -- Installing: /home/user/robo/sb-robot/microros_ws/install/lifecycle_msgs/local/lib/python3.10/dist-packages/lifecycle_msgs/lifecycle_msgs_s__rosidl_typesupport_introspection_c.cpython-310-x86_64-linux-gnu.so
[13.059s] -- Installing: /home/user/robo/sb-robot/microros_ws/install/lifecycle_msgs/local/lib/python3.10/dist-packages/lifecycle_msgs/msg
[13.059s] -- Installing: /home/user/robo/sb-robot/microros_ws/install/lifecycle_msgs/local/lib/python3.10/dist-packages/lifecycle_msgs/msg/_transition_event_s.c
[13.060s] -- Installing: /home/user/robo/sb-robot/microros_ws/install/lifecycle_msgs/local/lib/python3.10/dist-packages/lifecycle_msgs/msg/_transition_description.py
[13.071s] -- Installing: /home/user/robo/sb-robot/microros_ws/install/lifecycle_msgs/local/lib/python3.10/dist-packages/lifecycle_msgs/msg/_transition_s.c
[13.071s] -- Installing: /home/user/robo/sb-robot/microros_ws/install/lifecycle_msgs/local/lib/python3.10/dist-packages/lifecycle_msgs/msg/_transition_event.py
[13.071s] -- Installing: /home/user/robo/sb-robot/microros_ws/install/lifecycle_msgs/local/lib/python3.10/dist-packages/lifecycle_msgs/msg/__init__.py
[13.071s] -- Installing: /home/user/robo/sb-robot/microros_ws/install/lifecycle_msgs/local/lib/python3.10/dist-packages/lifecycle_msgs/msg/_state_s.c
[13.071s] -- Installing: /home/user/robo/sb-robot/microros_ws/install/lifecycle_msgs/local/lib/python3.10/dist-packages/lifecycle_msgs/msg/_transition_description_s.c
[13.071s] -- Installing: /home/user/robo/sb-robot/microros_ws/install/lifecycle_msgs/local/lib/python3.10/dist-packages/lifecycle_msgs/msg/_state.py
[13.071s] -- Installing: /home/user/robo/sb-robot/microros_ws/install/lifecycle_msgs/local/lib/python3.10/dist-packages/lifecycle_msgs/msg/_transition.py
[13.071s] -- Installing: /home/user/robo/sb-robot/microros_ws/install/lifecycle_msgs/local/lib/python3.10/dist-packages/lifecycle_msgs/lifecycle_msgs_s__rosidl_typesupport_microxrcedds_c.cpython-310-x86_64-linux-gnu.so
[13.188s] Listing '/home/user/robo/sb-robot/microros_ws/install/lifecycle_msgs/local/lib/python3.10/dist-packages/lifecycle_msgs'...
[13.189s] Compiling '/home/user/robo/sb-robot/microros_ws/install/lifecycle_msgs/local/lib/python3.10/dist-packages/lifecycle_msgs/__init__.py'...
[13.189s] Listing '/home/user/robo/sb-robot/microros_ws/install/lifecycle_msgs/local/lib/python3.10/dist-packages/lifecycle_msgs/msg'...
[13.189s] Compiling '/home/user/robo/sb-robot/microros_ws/install/lifecycle_msgs/local/lib/python3.10/dist-packages/lifecycle_msgs/msg/__init__.py'...
[13.189s] Compiling '/home/user/robo/sb-robot/microros_ws/install/lifecycle_msgs/local/lib/python3.10/dist-packages/lifecycle_msgs/msg/_state.py'...
[13.189s] Compiling '/home/user/robo/sb-robot/microros_ws/install/lifecycle_msgs/local/lib/python3.10/dist-packages/lifecycle_msgs/msg/_transition.py'...
[13.189s] Compiling '/home/user/robo/sb-robot/microros_ws/install/lifecycle_msgs/local/lib/python3.10/dist-packages/lifecycle_msgs/msg/_transition_description.py'...
[13.189s] Compiling '/home/user/robo/sb-robot/microros_ws/install/lifecycle_msgs/local/lib/python3.10/dist-packages/lifecycle_msgs/msg/_transition_event.py'...
[13.189s] Listing '/home/user/robo/sb-robot/microros_ws/install/lifecycle_msgs/local/lib/python3.10/dist-packages/lifecycle_msgs/srv'...
[13.189s] Compiling '/home/user/robo/sb-robot/microros_ws/install/lifecycle_msgs/local/lib/python3.10/dist-packages/lifecycle_msgs/srv/__init__.py'...
[13.189s] Compiling '/home/user/robo/sb-robot/microros_ws/install/lifecycle_msgs/local/lib/python3.10/dist-packages/lifecycle_msgs/srv/_change_state.py'...
[13.190s] Compiling '/home/user/robo/sb-robot/microros_ws/install/lifecycle_msgs/local/lib/python3.10/dist-packages/lifecycle_msgs/srv/_get_available_states.py'...
[13.190s] Compiling '/home/user/robo/sb-robot/microros_ws/install/lifecycle_msgs/local/lib/python3.10/dist-packages/lifecycle_msgs/srv/_get_available_transitions.py'...
[13.190s] Compiling '/home/user/robo/sb-robot/microros_ws/install/lifecycle_msgs/local/lib/python3.10/dist-packages/lifecycle_msgs/srv/_get_state.py'...
[13.201s] -- Installing: /home/user/robo/sb-robot/microros_ws/install/lifecycle_msgs/local/lib/python3.10/dist-packages/lifecycle_msgs/lifecycle_msgs_s__rosidl_typesupport_microxrcedds_c.cpython-310-x86_64-linux-gnu.so
[13.202s] -- Set runtime path of "/home/user/robo/sb-robot/microros_ws/install/lifecycle_msgs/local/lib/python3.10/dist-packages/lifecycle_msgs/lifecycle_msgs_s__rosidl_typesupport_microxrcedds_c.cpython-310-x86_64-linux-gnu.so" to ""
[13.204s] -- Installing: /home/user/robo/sb-robot/microros_ws/install/lifecycle_msgs/local/lib/python3.10/dist-packages/lifecycle_msgs/lifecycle_msgs_s__rosidl_typesupport_fastrtps_c.cpython-310-x86_64-linux-gnu.so
[13.205s] -- Set runtime path of "/home/user/robo/sb-robot/microros_ws/install/lifecycle_msgs/local/lib/python3.10/dist-packages/lifecycle_msgs/lifecycle_msgs_s__rosidl_typesupport_fastrtps_c.cpython-310-x86_64-linux-gnu.so" to ""
[13.206s] -- Installing: /home/user/robo/sb-robot/microros_ws/install/lifecycle_msgs/local/lib/python3.10/dist-packages/lifecycle_msgs/lifecycle_msgs_s__rosidl_typesupport_introspection_c.cpython-310-x86_64-linux-gnu.so
[13.207s] -- Set runtime path of "/home/user/robo/sb-robot/microros_ws/install/lifecycle_msgs/local/lib/python3.10/dist-packages/lifecycle_msgs/lifecycle_msgs_s__rosidl_typesupport_introspection_c.cpython-310-x86_64-linux-gnu.so" to ""
[13.209s] -- Installing: /home/user/robo/sb-robot/microros_ws/install/lifecycle_msgs/local/lib/python3.10/dist-packages/lifecycle_msgs/lifecycle_msgs_s__rosidl_typesupport_c.cpython-310-x86_64-linux-gnu.so
[13.209s] -- Set runtime path of "/home/user/robo/sb-robot/microros_ws/install/lifecycle_msgs/local/lib/python3.10/dist-packages/lifecycle_msgs/lifecycle_msgs_s__rosidl_typesupport_c.cpython-310-x86_64-linux-gnu.so" to ""
[13.209s] -- Installing: /home/user/robo/sb-robot/microros_ws/install/lifecycle_msgs/lib/liblifecycle_msgs__rosidl_generator_py.so
[13.212s] -- Set runtime path of "/home/user/robo/sb-robot/microros_ws/install/lifecycle_msgs/lib/liblifecycle_msgs__rosidl_generator_py.so" to ""
[13.213s] -- Installing: /home/user/robo/sb-robot/microros_ws/install/lifecycle_msgs/share/lifecycle_msgs/msg/State.idl
[13.213s] -- Installing: /home/user/robo/sb-robot/microros_ws/install/lifecycle_msgs/share/lifecycle_msgs/msg/Transition.idl
[13.213s] -- Installing: /home/user/robo/sb-robot/microros_ws/install/lifecycle_msgs/share/lifecycle_msgs/msg/TransitionDescription.idl
[13.213s] -- Installing: /home/user/robo/sb-robot/microros_ws/install/lifecycle_msgs/share/lifecycle_msgs/msg/TransitionEvent.idl
[13.213s] -- Installing: /home/user/robo/sb-robot/microros_ws/install/lifecycle_msgs/share/lifecycle_msgs/srv/ChangeState.idl
[13.213s] -- Installing: /home/user/robo/sb-robot/microros_ws/install/lifecycle_msgs/share/lifecycle_msgs/srv/GetAvailableStates.idl
[13.214s] -- Installing: /home/user/robo/sb-robot/microros_ws/install/lifecycle_msgs/share/lifecycle_msgs/srv/GetAvailableTransitions.idl
[13.214s] -- Installing: /home/user/robo/sb-robot/microros_ws/install/lifecycle_msgs/share/lifecycle_msgs/srv/GetState.idl
[13.216s] -- Installing: /home/user/robo/sb-robot/microros_ws/install/lifecycle_msgs/share/lifecycle_msgs/msg/State.msg
[13.216s] -- Installing: /home/user/robo/sb-robot/microros_ws/install/lifecycle_msgs/share/lifecycle_msgs/msg/Transition.msg
[13.216s] -- Installing: /home/user/robo/sb-robot/microros_ws/install/lifecycle_msgs/share/lifecycle_msgs/msg/TransitionDescription.msg
[13.216s] -- Installing: /home/user/robo/sb-robot/microros_ws/install/lifecycle_msgs/share/lifecycle_msgs/msg/TransitionEvent.msg
[13.216s] -- Installing: /home/user/robo/sb-robot/microros_ws/install/lifecycle_msgs/share/lifecycle_msgs/srv/ChangeState.srv
[13.217s] -- Installing: /home/user/robo/sb-robot/microros_ws/install/lifecycle_msgs/share/lifecycle_msgs/srv/ChangeState_Request.msg
[13.218s] -- Installing: /home/user/robo/sb-robot/microros_ws/install/lifecycle_msgs/share/lifecycle_msgs/srv/ChangeState_Response.msg
[13.224s] -- Installing: /home/user/robo/sb-robot/microros_ws/install/lifecycle_msgs/share/lifecycle_msgs/srv/GetAvailableStates.srv
[13.224s] -- Installing: /home/user/robo/sb-robot/microros_ws/install/lifecycle_msgs/share/lifecycle_msgs/srv/GetAvailableStates_Request.msg
[13.224s] -- Installing: /home/user/robo/sb-robot/microros_ws/install/lifecycle_msgs/share/lifecycle_msgs/srv/GetAvailableStates_Response.msg
[13.224s] -- Installing: /home/user/robo/sb-robot/microros_ws/install/lifecycle_msgs/share/lifecycle_msgs/srv/GetAvailableTransitions.srv
[13.224s] -- Installing: /home/user/robo/sb-robot/microros_ws/install/lifecycle_msgs/share/lifecycle_msgs/srv/GetAvailableTransitions_Request.msg
[13.224s] -- Installing: /home/user/robo/sb-robot/microros_ws/install/lifecycle_msgs/share/lifecycle_msgs/srv/GetAvailableTransitions_Response.msg
[13.224s] -- Installing: /home/user/robo/sb-robot/microros_ws/install/lifecycle_msgs/share/lifecycle_msgs/srv/GetState.srv
[13.224s] -- Installing: /home/user/robo/sb-robot/microros_ws/install/lifecycle_msgs/share/lifecycle_msgs/srv/GetState_Request.msg
[13.225s] -- Installing: /home/user/robo/sb-robot/microros_ws/install/lifecycle_msgs/share/lifecycle_msgs/srv/GetState_Response.msg
[13.225s] -- Installing: /home/user/robo/sb-robot/microros_ws/install/lifecycle_msgs/share/ament_index/resource_index/package_run_dependencies/lifecycle_msgs
[13.225s] -- Installing: /home/user/robo/sb-robot/microros_ws/install/lifecycle_msgs/share/ament_index/resource_index/parent_prefix_path/lifecycle_msgs
[13.225s] -- Installing: /home/user/robo/sb-robot/microros_ws/install/lifecycle_msgs/share/lifecycle_msgs/environment/ament_prefix_path.sh
[13.225s] -- Installing: /home/user/robo/sb-robot/microros_ws/install/lifecycle_msgs/share/lifecycle_msgs/environment/ament_prefix_path.dsv
[13.225s] -- Installing: /home/user/robo/sb-robot/microros_ws/install/lifecycle_msgs/share/lifecycle_msgs/environment/path.sh
[13.226s] -- Installing: /home/user/robo/sb-robot/microros_ws/install/lifecycle_msgs/share/lifecycle_msgs/environment/path.dsv
[13.226s] -- Installing: /home/user/robo/sb-robot/microros_ws/install/lifecycle_msgs/share/lifecycle_msgs/local_setup.bash
[13.226s] -- Installing: /home/user/robo/sb-robot/microros_ws/install/lifecycle_msgs/share/lifecycle_msgs/local_setup.sh
[13.226s] -- Installing: /home/user/robo/sb-robot/microros_ws/install/lifecycle_msgs/share/lifecycle_msgs/local_setup.zsh
[13.226s] -- Installing: /home/user/robo/sb-robot/microros_ws/install/lifecycle_msgs/share/lifecycle_msgs/local_setup.dsv
[13.227s] -- Installing: /home/user/robo/sb-robot/microros_ws/install/lifecycle_msgs/share/lifecycle_msgs/package.dsv
[13.232s] -- Installing: /home/user/robo/sb-robot/microros_ws/install/lifecycle_msgs/share/ament_index/resource_index/packages/lifecycle_msgs
[13.232s] -- Installing: /home/user/robo/sb-robot/microros_ws/install/lifecycle_msgs/share/lifecycle_msgs/cmake/export_lifecycle_msgs__rosidl_generator_cExport.cmake
[13.232s] -- Installing: /home/user/robo/sb-robot/microros_ws/install/lifecycle_msgs/share/lifecycle_msgs/cmake/export_lifecycle_msgs__rosidl_generator_cExport-noconfig.cmake
[13.232s] -- Installing: /home/user/robo/sb-robot/microros_ws/install/lifecycle_msgs/share/lifecycle_msgs/cmake/export_lifecycle_msgs__rosidl_typesupport_fastrtps_cExport.cmake
[13.232s] -- Installing: /home/user/robo/sb-robot/microros_ws/install/lifecycle_msgs/share/lifecycle_msgs/cmake/export_lifecycle_msgs__rosidl_typesupport_fastrtps_cExport-noconfig.cmake
[13.232s] -- Installing: /home/user/robo/sb-robot/microros_ws/install/lifecycle_msgs/share/lifecycle_msgs/cmake/lifecycle_msgs__rosidl_typesupport_introspection_cExport.cmake
[13.232s] -- Installing: /home/user/robo/sb-robot/microros_ws/install/lifecycle_msgs/share/lifecycle_msgs/cmake/lifecycle_msgs__rosidl_typesupport_introspection_cExport-noconfig.cmake
[13.233s] -- Installing: /home/user/robo/sb-robot/microros_ws/install/lifecycle_msgs/share/lifecycle_msgs/cmake/lifecycle_msgs__rosidl_typesupport_cExport.cmake
[13.233s] -- Installing: /home/user/robo/sb-robot/microros_ws/install/lifecycle_msgs/share/lifecycle_msgs/cmake/lifecycle_msgs__rosidl_typesupport_cExport-noconfig.cmake
[13.233s] -- Installing: /home/user/robo/sb-robot/microros_ws/install/lifecycle_msgs/share/lifecycle_msgs/cmake/export_lifecycle_msgs__rosidl_generator_cppExport.cmake
[13.235s] -- Installing: /home/user/robo/sb-robot/microros_ws/install/lifecycle_msgs/share/lifecycle_msgs/cmake/export_lifecycle_msgs__rosidl_typesupport_fastrtps_cppExport.cmake
[13.235s] -- Installing: /home/user/robo/sb-robot/microros_ws/install/lifecycle_msgs/share/lifecycle_msgs/cmake/export_lifecycle_msgs__rosidl_typesupport_fastrtps_cppExport-noconfig.cmake
[13.235s] -- Installing: /home/user/robo/sb-robot/microros_ws/install/lifecycle_msgs/share/lifecycle_msgs/cmake/lifecycle_msgs__rosidl_typesupport_introspection_cppExport.cmake
[13.235s] -- Installing: /home/user/robo/sb-robot/microros_ws/install/lifecycle_msgs/share/lifecycle_msgs/cmake/lifecycle_msgs__rosidl_typesupport_introspection_cppExport-noconfig.cmake
[13.236s] -- Installing: /home/user/robo/sb-robot/microros_ws/install/lifecycle_msgs/share/lifecycle_msgs/cmake/lifecycle_msgs__rosidl_typesupport_cppExport.cmake
[13.236s] -- Installing: /home/user/robo/sb-robot/microros_ws/install/lifecycle_msgs/share/lifecycle_msgs/cmake/lifecycle_msgs__rosidl_typesupport_cppExport-noconfig.cmake
[13.237s] -- Installing: /home/user/robo/sb-robot/microros_ws/install/lifecycle_msgs/share/lifecycle_msgs/cmake/export_lifecycle_msgs__rosidl_generator_pyExport.cmake
[13.238s] -- Installing: /home/user/robo/sb-robot/microros_ws/install/lifecycle_msgs/share/lifecycle_msgs/cmake/export_lifecycle_msgs__rosidl_generator_pyExport-noconfig.cmake
[13.238s] -- Installing: /home/user/robo/sb-robot/microros_ws/install/lifecycle_msgs/share/lifecycle_msgs/cmake/rosidl_cmake-extras.cmake
[13.245s] -- Installing: /home/user/robo/sb-robot/microros_ws/install/lifecycle_msgs/share/lifecycle_msgs/cmake/ament_cmake_export_include_directories-extras.cmake
[13.245s] -- Installing: /home/user/robo/sb-robot/microros_ws/install/lifecycle_msgs/share/lifecycle_msgs/cmake/ament_cmake_export_libraries-extras.cmake
[13.245s] -- Installing: /home/user/robo/sb-robot/microros_ws/install/lifecycle_msgs/share/lifecycle_msgs/cmake/ament_cmake_export_targets-extras.cmake
[13.245s] -- Installing: /home/user/robo/sb-robot/microros_ws/install/lifecycle_msgs/share/lifecycle_msgs/cmake/rosidl_cmake_export_typesupport_targets-extras.cmake
[13.245s] -- Installing: /home/user/robo/sb-robot/microros_ws/install/lifecycle_msgs/share/lifecycle_msgs/cmake/ament_cmake_export_dependencies-extras.cmake
[13.245s] -- Installing: /home/user/robo/sb-robot/microros_ws/install/lifecycle_msgs/share/lifecycle_msgs/cmake/rosidl_cmake_export_typesupport_libraries-extras.cmake
[13.245s] -- Installing: /home/user/robo/sb-robot/microros_ws/install/lifecycle_msgs/share/lifecycle_msgs/cmake/lifecycle_msgsConfig.cmake
[13.245s] -- Installing: /home/user/robo/sb-robot/microros_ws/install/lifecycle_msgs/share/lifecycle_msgs/cmake/lifecycle_msgsConfig-version.cmake
[13.245s] -- Installing: /home/user/robo/sb-robot/microros_ws/install/lifecycle_msgs/share/lifecycle_msgs/package.xml
[13.255s] Invoked command in '/home/user/robo/sb-robot/microros_ws/build/lifecycle_msgs' returned '0': CMAKE_PREFIX_PATH=${CMAKE_PREFIX_PATH}:/opt/ros/humble /usr/bin/cmake --install /home/user/robo/sb-robot/microros_ws/build/lifecycle_msgs
