[0.096s] DEBUG:colcon:Command line arguments: ['/usr/bin/colcon', 'build', '--symlink-install']
[0.096s] DEBUG:colcon:Parsed command line arguments: Namespace(log_base=None, log_level=None, verb_name='build', build_base='build', install_base='install', merge_install=False, symlink_install=True, test_result_base=None, continue_on_error=False, executor='parallel', parallel_workers=20, event_handlers=None, ignore_user_meta=False, metas=['./colcon.meta'], base_paths=['.'], packages_ignore=None, packages_ignore_regex=None, paths=None, packages_up_to=None, packages_up_to_regex=None, packages_above=None, packages_above_and_dependencies=None, packages_above_depth=None, packages_select_by_dep=None, packages_skip_by_dep=None, packages_skip_up_to=None, packages_select_build_failed=False, packages_skip_build_finished=False, packages_select_test_failures=False, packages_skip_test_passed=False, packages_select=None, packages_skip=None, packages_select_regex=None, packages_skip_regex=None, packages_start=None, packages_end=None, allow_overriding=[], cmake_args=None, cmake_target=None, cmake_target_skip_unavailable=False, cmake_clean_cache=False, cmake_clean_first=False, cmake_force_configure=False, ament_cmake_args=None, catkin_cmake_args=None, catkin_skip_building_tests=False, mixin_files=None, mixin=None, verb_parser=<colcon_mixin.mixin.mixin_argument.MixinArgumentDecorator object at 0x748040b652d0>, verb_extension=<colcon_core.verb.build.BuildVerb object at 0x748040b64c10>, main=<bound method BuildVerb.main of <colcon_core.verb.build.BuildVerb object at 0x748040b64c10>>, mixin_verb=('build',))
[0.254s] Level 1:colcon.colcon_core.package_discovery:discover_packages(colcon_meta) check parameters
[0.254s] Level 1:colcon.colcon_core.package_discovery:discover_packages(recursive) check parameters
[0.254s] Level 1:colcon.colcon_core.package_discovery:discover_packages(ignore) check parameters
[0.254s] Level 1:colcon.colcon_core.package_discovery:discover_packages(path) check parameters
[0.254s] Level 1:colcon.colcon_core.package_discovery:discover_packages(colcon_meta) discover
[0.254s] Level 1:colcon.colcon_core.package_discovery:discover_packages(recursive) discover
[0.254s] INFO:colcon.colcon_core.package_discovery:Crawling recursively for packages in '/home/user/robo/sb-robot/ros_ws'
[0.254s] Level 1:colcon.colcon_core.package_identification:_identify(.) by extensions ['ignore', 'ignore_ament_install']
[0.254s] Level 1:colcon.colcon_core.package_identification:_identify(.) by extension 'ignore'
[0.254s] Level 1:colcon.colcon_core.package_identification:_identify(.) by extension 'ignore_ament_install'
[0.254s] Level 1:colcon.colcon_core.package_identification:_identify(.) by extensions ['colcon_pkg']
[0.254s] Level 1:colcon.colcon_core.package_identification:_identify(.) by extension 'colcon_pkg'
[0.254s] Level 1:colcon.colcon_core.package_identification:_identify(.) by extensions ['colcon_meta']
[0.254s] Level 1:colcon.colcon_core.package_identification:_identify(.) by extension 'colcon_meta'
[0.254s] Level 1:colcon.colcon_core.package_identification:_identify(.) by extensions ['ros']
[0.254s] Level 1:colcon.colcon_core.package_identification:_identify(.) by extension 'ros'
[0.260s] Level 1:colcon.colcon_core.package_identification:_identify(.) by extensions ['cmake', 'python']
[0.260s] Level 1:colcon.colcon_core.package_identification:_identify(.) by extension 'cmake'
[0.260s] Level 1:colcon.colcon_core.package_identification:_identify(.) by extension 'python'
[0.260s] Level 1:colcon.colcon_core.package_identification:_identify(.) by extensions ['python_setup_py']
[0.260s] Level 1:colcon.colcon_core.package_identification:_identify(.) by extension 'python_setup_py'
[0.260s] Level 1:colcon.colcon_core.package_identification:_identify(build) by extensions ['ignore', 'ignore_ament_install']
[0.260s] Level 1:colcon.colcon_core.package_identification:_identify(build) by extension 'ignore'
[0.260s] Level 1:colcon.colcon_core.package_identification:_identify(build) ignored
[0.260s] Level 1:colcon.colcon_core.package_identification:_identify(install) by extensions ['ignore', 'ignore_ament_install']
[0.260s] Level 1:colcon.colcon_core.package_identification:_identify(install) by extension 'ignore'
[0.260s] Level 1:colcon.colcon_core.package_identification:_identify(install) ignored
[0.260s] Level 1:colcon.colcon_core.package_identification:_identify(log) by extensions ['ignore', 'ignore_ament_install']
[0.260s] Level 1:colcon.colcon_core.package_identification:_identify(log) by extension 'ignore'
[0.260s] Level 1:colcon.colcon_core.package_identification:_identify(log) ignored
[0.260s] Level 1:colcon.colcon_core.package_identification:_identify(src) by extensions ['ignore', 'ignore_ament_install']
[0.260s] Level 1:colcon.colcon_core.package_identification:_identify(src) by extension 'ignore'
[0.260s] Level 1:colcon.colcon_core.package_identification:_identify(src) by extension 'ignore_ament_install'
[0.260s] Level 1:colcon.colcon_core.package_identification:_identify(src) by extensions ['colcon_pkg']
[0.260s] Level 1:colcon.colcon_core.package_identification:_identify(src) by extension 'colcon_pkg'
[0.260s] Level 1:colcon.colcon_core.package_identification:_identify(src) by extensions ['colcon_meta']
[0.260s] Level 1:colcon.colcon_core.package_identification:_identify(src) by extension 'colcon_meta'
[0.260s] Level 1:colcon.colcon_core.package_identification:_identify(src) by extensions ['ros']
[0.260s] Level 1:colcon.colcon_core.package_identification:_identify(src) by extension 'ros'
[0.261s] Level 1:colcon.colcon_core.package_identification:_identify(src) by extensions ['cmake', 'python']
[0.261s] Level 1:colcon.colcon_core.package_identification:_identify(src) by extension 'cmake'
[0.261s] Level 1:colcon.colcon_core.package_identification:_identify(src) by extension 'python'
[0.261s] Level 1:colcon.colcon_core.package_identification:_identify(src) by extensions ['python_setup_py']
[0.261s] Level 1:colcon.colcon_core.package_identification:_identify(src) by extension 'python_setup_py'
[0.261s] Level 1:colcon.colcon_core.package_identification:_identify(src/joy_tester) by extensions ['ignore', 'ignore_ament_install']
[0.261s] Level 1:colcon.colcon_core.package_identification:_identify(src/joy_tester) by extension 'ignore'
[0.261s] Level 1:colcon.colcon_core.package_identification:_identify(src/joy_tester) by extension 'ignore_ament_install'
[0.261s] Level 1:colcon.colcon_core.package_identification:_identify(src/joy_tester) by extensions ['colcon_pkg']
[0.261s] Level 1:colcon.colcon_core.package_identification:_identify(src/joy_tester) by extension 'colcon_pkg'
[0.261s] Level 1:colcon.colcon_core.package_identification:_identify(src/joy_tester) by extensions ['colcon_meta']
[0.261s] Level 1:colcon.colcon_core.package_identification:_identify(src/joy_tester) by extension 'colcon_meta'
[0.261s] Level 1:colcon.colcon_core.package_identification:_identify(src/joy_tester) by extensions ['ros']
[0.261s] Level 1:colcon.colcon_core.package_identification:_identify(src/joy_tester) by extension 'ros'
[0.263s] DEBUG:colcon.colcon_core.package_identification:Package 'src/joy_tester' with type 'ros.ament_python' and name 'joy_tester'
[0.263s] Level 1:colcon.colcon_core.package_identification:_identify(src/sb_robot) by extensions ['ignore', 'ignore_ament_install']
[0.263s] Level 1:colcon.colcon_core.package_identification:_identify(src/sb_robot) by extension 'ignore'
[0.263s] Level 1:colcon.colcon_core.package_identification:_identify(src/sb_robot) by extension 'ignore_ament_install'
[0.263s] Level 1:colcon.colcon_core.package_identification:_identify(src/sb_robot) by extensions ['colcon_pkg']
[0.263s] Level 1:colcon.colcon_core.package_identification:_identify(src/sb_robot) by extension 'colcon_pkg'
[0.263s] Level 1:colcon.colcon_core.package_identification:_identify(src/sb_robot) by extensions ['colcon_meta']
[0.263s] Level 1:colcon.colcon_core.package_identification:_identify(src/sb_robot) by extension 'colcon_meta'
[0.263s] Level 1:colcon.colcon_core.package_identification:_identify(src/sb_robot) by extensions ['ros']
[0.263s] Level 1:colcon.colcon_core.package_identification:_identify(src/sb_robot) by extension 'ros'
[0.263s] DEBUG:colcon.colcon_core.package_identification:Package 'src/sb_robot' with type 'ros.ament_cmake' and name 'sb_robot'
[0.264s] Level 1:colcon.colcon_core.package_identification:_identify(src/ws_hw_interface) by extensions ['ignore', 'ignore_ament_install']
[0.264s] Level 1:colcon.colcon_core.package_identification:_identify(src/ws_hw_interface) by extension 'ignore'
[0.264s] Level 1:colcon.colcon_core.package_identification:_identify(src/ws_hw_interface) by extension 'ignore_ament_install'
[0.264s] Level 1:colcon.colcon_core.package_identification:_identify(src/ws_hw_interface) by extensions ['colcon_pkg']
[0.264s] Level 1:colcon.colcon_core.package_identification:_identify(src/ws_hw_interface) by extension 'colcon_pkg'
[0.264s] Level 1:colcon.colcon_core.package_identification:_identify(src/ws_hw_interface) by extensions ['colcon_meta']
[0.264s] Level 1:colcon.colcon_core.package_identification:_identify(src/ws_hw_interface) by extension 'colcon_meta'
[0.264s] Level 1:colcon.colcon_core.package_identification:_identify(src/ws_hw_interface) by extensions ['ros']
[0.264s] Level 1:colcon.colcon_core.package_identification:_identify(src/ws_hw_interface) by extension 'ros'
[0.264s] DEBUG:colcon.colcon_core.package_identification:Package 'src/ws_hw_interface' with type 'ros.ament_cmake' and name 'ws_hw_interface'
[0.264s] Level 1:colcon.colcon_core.package_identification:_identify(test) by extensions ['ignore', 'ignore_ament_install']
[0.264s] Level 1:colcon.colcon_core.package_identification:_identify(test) by extension 'ignore'
[0.264s] Level 1:colcon.colcon_core.package_identification:_identify(test) ignored
[0.264s] Level 1:colcon.colcon_core.package_discovery:discover_packages(recursive) using defaults
[0.264s] Level 1:colcon.colcon_core.package_discovery:discover_packages(ignore) discover
[0.264s] Level 1:colcon.colcon_core.package_discovery:discover_packages(ignore) using defaults
[0.264s] Level 1:colcon.colcon_core.package_discovery:discover_packages(path) discover
[0.264s] Level 1:colcon.colcon_core.package_discovery:discover_packages(path) using defaults
[0.284s] Level 1:colcon.colcon_core.package_discovery:discover_packages(prefix_path) check parameters
[0.284s] Level 1:colcon.colcon_core.package_discovery:discover_packages(prefix_path) discover
[0.286s] DEBUG:colcon.colcon_installed_package_information.package_discovery:Found 283 installed packages in /opt/ros/humble
[0.287s] Level 1:colcon.colcon_core.package_discovery:discover_packages(prefix_path) using defaults
[0.305s] Level 5:colcon.colcon_core.verb:set package 'joy_tester' build argument 'cmake_args' from command line to 'None'
[0.305s] Level 5:colcon.colcon_core.verb:set package 'joy_tester' build argument 'cmake_target' from command line to 'None'
[0.305s] Level 5:colcon.colcon_core.verb:set package 'joy_tester' build argument 'cmake_target_skip_unavailable' from command line to 'False'
[0.305s] Level 5:colcon.colcon_core.verb:set package 'joy_tester' build argument 'cmake_clean_cache' from command line to 'False'
[0.305s] Level 5:colcon.colcon_core.verb:set package 'joy_tester' build argument 'cmake_clean_first' from command line to 'False'
[0.305s] Level 5:colcon.colcon_core.verb:set package 'joy_tester' build argument 'cmake_force_configure' from command line to 'False'
[0.305s] Level 5:colcon.colcon_core.verb:set package 'joy_tester' build argument 'ament_cmake_args' from command line to 'None'
[0.305s] Level 5:colcon.colcon_core.verb:set package 'joy_tester' build argument 'catkin_cmake_args' from command line to 'None'
[0.305s] Level 5:colcon.colcon_core.verb:set package 'joy_tester' build argument 'catkin_skip_building_tests' from command line to 'False'
[0.305s] DEBUG:colcon.colcon_core.verb:Building package 'joy_tester' with the following arguments: {'ament_cmake_args': None, 'build_base': '/home/user/robo/sb-robot/ros_ws/build/joy_tester', 'catkin_cmake_args': None, 'catkin_skip_building_tests': False, 'cmake_args': None, 'cmake_clean_cache': False, 'cmake_clean_first': False, 'cmake_force_configure': False, 'cmake_target': None, 'cmake_target_skip_unavailable': False, 'install_base': '/home/user/robo/sb-robot/ros_ws/install/joy_tester', 'merge_install': False, 'path': '/home/user/robo/sb-robot/ros_ws/src/joy_tester', 'symlink_install': True, 'test_result_base': None}
[0.306s] Level 5:colcon.colcon_core.verb:set package 'sb_robot' build argument 'cmake_args' from command line to 'None'
[0.306s] Level 5:colcon.colcon_core.verb:set package 'sb_robot' build argument 'cmake_target' from command line to 'None'
[0.306s] Level 5:colcon.colcon_core.verb:set package 'sb_robot' build argument 'cmake_target_skip_unavailable' from command line to 'False'
[0.306s] Level 5:colcon.colcon_core.verb:set package 'sb_robot' build argument 'cmake_clean_cache' from command line to 'False'
[0.306s] Level 5:colcon.colcon_core.verb:set package 'sb_robot' build argument 'cmake_clean_first' from command line to 'False'
[0.306s] Level 5:colcon.colcon_core.verb:set package 'sb_robot' build argument 'cmake_force_configure' from command line to 'False'
[0.306s] Level 5:colcon.colcon_core.verb:set package 'sb_robot' build argument 'ament_cmake_args' from command line to 'None'
[0.306s] Level 5:colcon.colcon_core.verb:set package 'sb_robot' build argument 'catkin_cmake_args' from command line to 'None'
[0.306s] Level 5:colcon.colcon_core.verb:set package 'sb_robot' build argument 'catkin_skip_building_tests' from command line to 'False'
[0.306s] DEBUG:colcon.colcon_core.verb:Building package 'sb_robot' with the following arguments: {'ament_cmake_args': None, 'build_base': '/home/user/robo/sb-robot/ros_ws/build/sb_robot', 'catkin_cmake_args': None, 'catkin_skip_building_tests': False, 'cmake_args': None, 'cmake_clean_cache': False, 'cmake_clean_first': False, 'cmake_force_configure': False, 'cmake_target': None, 'cmake_target_skip_unavailable': False, 'install_base': '/home/user/robo/sb-robot/ros_ws/install/sb_robot', 'merge_install': False, 'path': '/home/user/robo/sb-robot/ros_ws/src/sb_robot', 'symlink_install': True, 'test_result_base': None}
[0.306s] Level 5:colcon.colcon_core.verb:set package 'ws_hw_interface' build argument 'cmake_args' from command line to 'None'
[0.306s] Level 5:colcon.colcon_core.verb:set package 'ws_hw_interface' build argument 'cmake_target' from command line to 'None'
[0.306s] Level 5:colcon.colcon_core.verb:set package 'ws_hw_interface' build argument 'cmake_target_skip_unavailable' from command line to 'False'
[0.306s] Level 5:colcon.colcon_core.verb:set package 'ws_hw_interface' build argument 'cmake_clean_cache' from command line to 'False'
[0.306s] Level 5:colcon.colcon_core.verb:set package 'ws_hw_interface' build argument 'cmake_clean_first' from command line to 'False'
[0.306s] Level 5:colcon.colcon_core.verb:set package 'ws_hw_interface' build argument 'cmake_force_configure' from command line to 'False'
[0.306s] Level 5:colcon.colcon_core.verb:set package 'ws_hw_interface' build argument 'ament_cmake_args' from command line to 'None'
[0.306s] Level 5:colcon.colcon_core.verb:set package 'ws_hw_interface' build argument 'catkin_cmake_args' from command line to 'None'
[0.306s] Level 5:colcon.colcon_core.verb:set package 'ws_hw_interface' build argument 'catkin_skip_building_tests' from command line to 'False'
[0.306s] DEBUG:colcon.colcon_core.verb:Building package 'ws_hw_interface' with the following arguments: {'ament_cmake_args': None, 'build_base': '/home/user/robo/sb-robot/ros_ws/build/ws_hw_interface', 'catkin_cmake_args': None, 'catkin_skip_building_tests': False, 'cmake_args': None, 'cmake_clean_cache': False, 'cmake_clean_first': False, 'cmake_force_configure': False, 'cmake_target': None, 'cmake_target_skip_unavailable': False, 'install_base': '/home/user/robo/sb-robot/ros_ws/install/ws_hw_interface', 'merge_install': False, 'path': '/home/user/robo/sb-robot/ros_ws/src/ws_hw_interface', 'symlink_install': True, 'test_result_base': None}
[0.306s] INFO:colcon.colcon_core.executor:Executing jobs using 'parallel' executor
[0.307s] DEBUG:colcon.colcon_parallel_executor.executor.parallel:run_until_complete
[0.307s] INFO:colcon.colcon_ros.task.ament_python.build:Building ROS package in '/home/user/robo/sb-robot/ros_ws/src/joy_tester' with build type 'ament_python'
[0.307s] Level 1:colcon.colcon_core.shell:create_environment_hook('joy_tester', 'ament_prefix_path')
[0.311s] INFO:colcon.colcon_core.plugin_system:Skipping extension 'colcon_core.shell.bat': Not used on non-Windows systems
[0.311s] INFO:colcon.colcon_core.shell:Creating environment hook '/home/user/robo/sb-robot/ros_ws/install/joy_tester/share/joy_tester/hook/ament_prefix_path.ps1'
[0.312s] INFO:colcon.colcon_core.shell:Creating environment descriptor '/home/user/robo/sb-robot/ros_ws/install/joy_tester/share/joy_tester/hook/ament_prefix_path.dsv'
[0.312s] INFO:colcon.colcon_core.shell:Creating environment hook '/home/user/robo/sb-robot/ros_ws/install/joy_tester/share/joy_tester/hook/ament_prefix_path.sh'
[0.313s] INFO:colcon.colcon_core.shell:Skip shell extension 'powershell' for command environment: Not usable outside of PowerShell
[0.313s] DEBUG:colcon.colcon_core.shell:Skip shell extension 'dsv' for command environment
[0.314s] INFO:colcon.colcon_ros.task.ament_cmake.build:Building ROS package in '/home/user/robo/sb-robot/ros_ws/src/sb_robot' with build type 'ament_cmake'
[0.314s] INFO:colcon.colcon_cmake.task.cmake.build:Building CMake package in '/home/user/robo/sb-robot/ros_ws/src/sb_robot'
[0.314s] INFO:colcon.colcon_core.shell:Skip shell extension 'powershell' for command environment: Not usable outside of PowerShell
[0.314s] DEBUG:colcon.colcon_core.shell:Skip shell extension 'dsv' for command environment
[0.316s] INFO:colcon.colcon_ros.task.ament_cmake.build:Building ROS package in '/home/user/robo/sb-robot/ros_ws/src/ws_hw_interface' with build type 'ament_cmake'
[0.316s] INFO:colcon.colcon_cmake.task.cmake.build:Building CMake package in '/home/user/robo/sb-robot/ros_ws/src/ws_hw_interface'
[0.316s] INFO:colcon.colcon_core.shell:Skip shell extension 'powershell' for command environment: Not usable outside of PowerShell
[0.316s] DEBUG:colcon.colcon_core.shell:Skip shell extension 'dsv' for command environment
[0.446s] INFO:colcon.colcon_core.task.python.build:Building Python package in '/home/user/robo/sb-robot/ros_ws/src/joy_tester'
[0.446s] INFO:colcon.colcon_core.shell:Skip shell extension 'powershell' for command environment: Not usable outside of PowerShell
[0.446s] DEBUG:colcon.colcon_core.shell:Skip shell extension 'dsv' for command environment
[0.452s] DEBUG:colcon.colcon_core.event_handler.log_command:Invoking command in '/home/user/robo/sb-robot/ros_ws/build/sb_robot': CMAKE_PREFIX_PATH=/opt/ros/humble /usr/bin/cmake --build /home/user/robo/sb-robot/ros_ws/build/sb_robot -- -j20 -l20
[0.457s] DEBUG:colcon.colcon_core.event_handler.log_command:Invoking command in '/home/user/robo/sb-robot/ros_ws/build/ws_hw_interface': CMAKE_PREFIX_PATH=/opt/ros/humble /usr/bin/cmake --build /home/user/robo/sb-robot/ros_ws/build/ws_hw_interface -- -j20 -l20
[0.518s] DEBUG:colcon.colcon_core.event_handler.log_command:Invoked command in '/home/user/robo/sb-robot/ros_ws/build/sb_robot' returned '0': CMAKE_PREFIX_PATH=/opt/ros/humble /usr/bin/cmake --build /home/user/robo/sb-robot/ros_ws/build/sb_robot -- -j20 -l20
[0.526s] DEBUG:colcon.colcon_core.event_handler.log_command:Invoking command in '/home/user/robo/sb-robot/ros_ws/build/sb_robot': CMAKE_PREFIX_PATH=/opt/ros/humble /usr/bin/cmake --install /home/user/robo/sb-robot/ros_ws/build/sb_robot
[0.582s] Level 1:colcon.colcon_core.environment:create_environment_scripts_only(sb_robot)
[0.583s] DEBUG:colcon.colcon_core.event_handler.log_command:Invoked command in '/home/user/robo/sb-robot/ros_ws/build/sb_robot' returned '0': CMAKE_PREFIX_PATH=/opt/ros/humble /usr/bin/cmake --install /home/user/robo/sb-robot/ros_ws/build/sb_robot
[0.588s] Level 1:colcon.colcon_core.environment:checking '/home/user/robo/sb-robot/ros_ws/install/sb_robot' for CMake module files
[0.588s] Level 1:colcon.colcon_core.environment:checking '/home/user/robo/sb-robot/ros_ws/install/sb_robot' for CMake config files
[0.589s] Level 1:colcon.colcon_core.shell:create_environment_hook('sb_robot', 'cmake_prefix_path')
[0.589s] INFO:colcon.colcon_core.shell:Creating environment hook '/home/user/robo/sb-robot/ros_ws/install/sb_robot/share/sb_robot/hook/cmake_prefix_path.ps1'
[0.590s] INFO:colcon.colcon_core.shell:Creating environment descriptor '/home/user/robo/sb-robot/ros_ws/install/sb_robot/share/sb_robot/hook/cmake_prefix_path.dsv'
[0.590s] INFO:colcon.colcon_core.shell:Creating environment hook '/home/user/robo/sb-robot/ros_ws/install/sb_robot/share/sb_robot/hook/cmake_prefix_path.sh'
[0.591s] Level 1:colcon.colcon_core.environment:checking '/home/user/robo/sb-robot/ros_ws/install/sb_robot/bin'
[0.591s] Level 1:colcon.colcon_core.environment:checking '/home/user/robo/sb-robot/ros_ws/install/sb_robot/lib/pkgconfig/sb_robot.pc'
[0.591s] Level 1:colcon.colcon_core.environment:checking '/home/user/robo/sb-robot/ros_ws/install/sb_robot/lib/python3.10/site-packages'
[0.591s] Level 1:colcon.colcon_core.environment:checking '/home/user/robo/sb-robot/ros_ws/install/sb_robot/bin'
[0.591s] INFO:colcon.colcon_core.shell:Creating package script '/home/user/robo/sb-robot/ros_ws/install/sb_robot/share/sb_robot/package.ps1'
[0.592s] INFO:colcon.colcon_core.shell:Creating package descriptor '/home/user/robo/sb-robot/ros_ws/install/sb_robot/share/sb_robot/package.dsv'
[0.593s] INFO:colcon.colcon_core.shell:Creating package script '/home/user/robo/sb-robot/ros_ws/install/sb_robot/share/sb_robot/package.sh'
[0.594s] INFO:colcon.colcon_core.shell:Creating package script '/home/user/robo/sb-robot/ros_ws/install/sb_robot/share/sb_robot/package.bash'
[0.595s] INFO:colcon.colcon_core.shell:Creating package script '/home/user/robo/sb-robot/ros_ws/install/sb_robot/share/sb_robot/package.zsh'
[0.596s] Level 1:colcon.colcon_core.environment:create_file_with_runtime_dependencies(/home/user/robo/sb-robot/ros_ws/install/sb_robot/share/colcon-core/packages/sb_robot)
[0.597s] Level 1:colcon.colcon_core.environment:create_environment_scripts_only(sb_robot)
[0.597s] Level 1:colcon.colcon_core.environment:checking '/home/user/robo/sb-robot/ros_ws/install/sb_robot' for CMake module files
[0.597s] Level 1:colcon.colcon_core.environment:checking '/home/user/robo/sb-robot/ros_ws/install/sb_robot' for CMake config files
[0.597s] Level 1:colcon.colcon_core.shell:create_environment_hook('sb_robot', 'cmake_prefix_path')
[0.598s] INFO:colcon.colcon_core.shell:Creating environment hook '/home/user/robo/sb-robot/ros_ws/install/sb_robot/share/sb_robot/hook/cmake_prefix_path.ps1'
[0.598s] INFO:colcon.colcon_core.shell:Creating environment descriptor '/home/user/robo/sb-robot/ros_ws/install/sb_robot/share/sb_robot/hook/cmake_prefix_path.dsv'
[0.598s] INFO:colcon.colcon_core.shell:Creating environment hook '/home/user/robo/sb-robot/ros_ws/install/sb_robot/share/sb_robot/hook/cmake_prefix_path.sh'
[0.598s] Level 1:colcon.colcon_core.environment:checking '/home/user/robo/sb-robot/ros_ws/install/sb_robot/bin'
[0.598s] Level 1:colcon.colcon_core.environment:checking '/home/user/robo/sb-robot/ros_ws/install/sb_robot/lib/pkgconfig/sb_robot.pc'
[0.598s] Level 1:colcon.colcon_core.environment:checking '/home/user/robo/sb-robot/ros_ws/install/sb_robot/lib/python3.10/site-packages'
[0.599s] Level 1:colcon.colcon_core.environment:checking '/home/user/robo/sb-robot/ros_ws/install/sb_robot/bin'
[0.599s] INFO:colcon.colcon_core.shell:Creating package script '/home/user/robo/sb-robot/ros_ws/install/sb_robot/share/sb_robot/package.ps1'
[0.599s] INFO:colcon.colcon_core.shell:Creating package descriptor '/home/user/robo/sb-robot/ros_ws/install/sb_robot/share/sb_robot/package.dsv'
[0.599s] INFO:colcon.colcon_core.shell:Creating package script '/home/user/robo/sb-robot/ros_ws/install/sb_robot/share/sb_robot/package.sh'
[0.599s] INFO:colcon.colcon_core.shell:Creating package script '/home/user/robo/sb-robot/ros_ws/install/sb_robot/share/sb_robot/package.bash'
[0.600s] INFO:colcon.colcon_core.shell:Creating package script '/home/user/robo/sb-robot/ros_ws/install/sb_robot/share/sb_robot/package.zsh'
[0.600s] Level 1:colcon.colcon_core.environment:create_file_with_runtime_dependencies(/home/user/robo/sb-robot/ros_ws/install/sb_robot/share/colcon-core/packages/sb_robot)
[0.669s] DEBUG:colcon.colcon_core.event_handler.log_command:Invoking command in '/home/user/robo/sb-robot/ros_ws/build/joy_tester': PYTHONPATH=/home/user/robo/sb-robot/ros_ws/build/joy_tester/prefix_override:/usr/lib/python3/dist-packages/colcon_core/task/python/colcon_distutils_commands:/home/user/robo/sb-robot/ros_ws/install/joy_tester/lib/python3.10/site-packages:${PYTHONPATH} /usr/bin/python3 -W ignore:setup.py install is deprecated -W ignore:easy_install command is deprecated setup.py develop --editable --build-directory /home/user/robo/sb-robot/ros_ws/build/joy_tester/build --no-deps symlink_data
[0.888s] Level 1:colcon.colcon_core.shell:create_environment_hook('joy_tester', 'pythonpath_develop')
[0.888s] DEBUG:colcon.colcon_core.event_handler.log_command:Invoked command in '/home/user/robo/sb-robot/ros_ws/build/joy_tester' returned '0': PYTHONPATH=/home/user/robo/sb-robot/ros_ws/build/joy_tester/prefix_override:/usr/lib/python3/dist-packages/colcon_core/task/python/colcon_distutils_commands:/home/user/robo/sb-robot/ros_ws/install/joy_tester/lib/python3.10/site-packages:${PYTHONPATH} /usr/bin/python3 -W ignore:setup.py install is deprecated -W ignore:easy_install command is deprecated setup.py develop --editable --build-directory /home/user/robo/sb-robot/ros_ws/build/joy_tester/build --no-deps symlink_data
[0.889s] INFO:colcon.colcon_core.shell:Creating environment hook '/home/user/robo/sb-robot/ros_ws/build/joy_tester/share/joy_tester/hook/pythonpath_develop.ps1'
[0.889s] INFO:colcon.colcon_core.shell:Creating environment descriptor '/home/user/robo/sb-robot/ros_ws/build/joy_tester/share/joy_tester/hook/pythonpath_develop.dsv'
[0.889s] INFO:colcon.colcon_core.shell:Creating environment hook '/home/user/robo/sb-robot/ros_ws/build/joy_tester/share/joy_tester/hook/pythonpath_develop.sh'
[0.889s] Level 1:colcon.colcon_core.environment:checking '/home/user/robo/sb-robot/ros_ws/install/joy_tester' for CMake module files
[0.890s] Level 1:colcon.colcon_core.environment:checking '/home/user/robo/sb-robot/ros_ws/install/joy_tester' for CMake config files
[0.890s] Level 1:colcon.colcon_core.environment:checking '/home/user/robo/sb-robot/ros_ws/install/joy_tester/lib'
[0.890s] Level 1:colcon.colcon_core.environment:checking '/home/user/robo/sb-robot/ros_ws/install/joy_tester/bin'
[0.890s] Level 1:colcon.colcon_core.environment:checking '/home/user/robo/sb-robot/ros_ws/install/joy_tester/lib/pkgconfig/joy_tester.pc'
[0.890s] Level 1:colcon.colcon_core.environment:checking '/home/user/robo/sb-robot/ros_ws/install/joy_tester/lib/python3.10/site-packages'
[0.890s] Level 1:colcon.colcon_core.shell:create_environment_hook('joy_tester', 'pythonpath')
[0.890s] INFO:colcon.colcon_core.shell:Creating environment hook '/home/user/robo/sb-robot/ros_ws/install/joy_tester/share/joy_tester/hook/pythonpath.ps1'
[0.890s] INFO:colcon.colcon_core.shell:Creating environment descriptor '/home/user/robo/sb-robot/ros_ws/install/joy_tester/share/joy_tester/hook/pythonpath.dsv'
[0.891s] INFO:colcon.colcon_core.shell:Creating environment hook '/home/user/robo/sb-robot/ros_ws/install/joy_tester/share/joy_tester/hook/pythonpath.sh'
[0.891s] Level 1:colcon.colcon_core.environment:checking '/home/user/robo/sb-robot/ros_ws/install/joy_tester/bin'
[0.891s] Level 1:colcon.colcon_core.environment:create_environment_scripts_only(joy_tester)
[0.891s] INFO:colcon.colcon_core.shell:Creating package script '/home/user/robo/sb-robot/ros_ws/install/joy_tester/share/joy_tester/package.ps1'
[0.891s] INFO:colcon.colcon_core.shell:Creating package descriptor '/home/user/robo/sb-robot/ros_ws/install/joy_tester/share/joy_tester/package.dsv'
[0.891s] INFO:colcon.colcon_core.shell:Creating package script '/home/user/robo/sb-robot/ros_ws/install/joy_tester/share/joy_tester/package.sh'
[0.892s] INFO:colcon.colcon_core.shell:Creating package script '/home/user/robo/sb-robot/ros_ws/install/joy_tester/share/joy_tester/package.bash'
[0.892s] INFO:colcon.colcon_core.shell:Creating package script '/home/user/robo/sb-robot/ros_ws/install/joy_tester/share/joy_tester/package.zsh'
[0.892s] Level 1:colcon.colcon_core.environment:create_file_with_runtime_dependencies(/home/user/robo/sb-robot/ros_ws/install/joy_tester/share/colcon-core/packages/joy_tester)
[1.065s] DEBUG:colcon.colcon_core.event_handler.log_command:Invoked command in '/home/user/robo/sb-robot/ros_ws/build/ws_hw_interface' returned '0': CMAKE_PREFIX_PATH=/opt/ros/humble /usr/bin/cmake --build /home/user/robo/sb-robot/ros_ws/build/ws_hw_interface -- -j20 -l20
[1.068s] DEBUG:colcon.colcon_core.event_handler.log_command:Invoking command in '/home/user/robo/sb-robot/ros_ws/build/ws_hw_interface': CMAKE_PREFIX_PATH=/opt/ros/humble /usr/bin/cmake --install /home/user/robo/sb-robot/ros_ws/build/ws_hw_interface
[1.077s] DEBUG:colcon.colcon_core.event_handler.log_command:Invoked command in '/home/user/robo/sb-robot/ros_ws/build/ws_hw_interface' returned '1': CMAKE_PREFIX_PATH=/opt/ros/humble /usr/bin/cmake --install /home/user/robo/sb-robot/ros_ws/build/ws_hw_interface
[1.078s] Level 1:colcon.colcon_core.environment:create_environment_scripts_only(ws_hw_interface)
[1.078s] Level 1:colcon.colcon_core.environment:checking '/home/user/robo/sb-robot/ros_ws/install/ws_hw_interface' for CMake module files
[1.078s] Level 1:colcon.colcon_core.environment:checking '/home/user/robo/sb-robot/ros_ws/install/ws_hw_interface' for CMake config files
[1.078s] Level 1:colcon.colcon_core.shell:create_environment_hook('ws_hw_interface', 'cmake_prefix_path')
[1.078s] INFO:colcon.colcon_core.shell:Creating environment hook '/home/user/robo/sb-robot/ros_ws/install/ws_hw_interface/share/ws_hw_interface/hook/cmake_prefix_path.ps1'
[1.079s] INFO:colcon.colcon_core.shell:Creating environment descriptor '/home/user/robo/sb-robot/ros_ws/install/ws_hw_interface/share/ws_hw_interface/hook/cmake_prefix_path.dsv'
[1.079s] INFO:colcon.colcon_core.shell:Creating environment hook '/home/user/robo/sb-robot/ros_ws/install/ws_hw_interface/share/ws_hw_interface/hook/cmake_prefix_path.sh'
[1.079s] Level 1:colcon.colcon_core.environment:checking '/home/user/robo/sb-robot/ros_ws/install/ws_hw_interface/lib'
[1.079s] Level 1:colcon.colcon_core.shell:create_environment_hook('ws_hw_interface', 'ld_library_path_lib')
[1.079s] INFO:colcon.colcon_core.shell:Creating environment hook '/home/user/robo/sb-robot/ros_ws/install/ws_hw_interface/share/ws_hw_interface/hook/ld_library_path_lib.ps1'
[1.079s] INFO:colcon.colcon_core.shell:Creating environment descriptor '/home/user/robo/sb-robot/ros_ws/install/ws_hw_interface/share/ws_hw_interface/hook/ld_library_path_lib.dsv'
[1.080s] INFO:colcon.colcon_core.shell:Creating environment hook '/home/user/robo/sb-robot/ros_ws/install/ws_hw_interface/share/ws_hw_interface/hook/ld_library_path_lib.sh'
[1.080s] Level 1:colcon.colcon_core.environment:checking '/home/user/robo/sb-robot/ros_ws/install/ws_hw_interface/bin'
[1.080s] Level 1:colcon.colcon_core.environment:checking '/home/user/robo/sb-robot/ros_ws/install/ws_hw_interface/lib/pkgconfig/ws_hw_interface.pc'
[1.080s] Level 1:colcon.colcon_core.environment:checking '/home/user/robo/sb-robot/ros_ws/install/ws_hw_interface/lib/python3.10/site-packages'
[1.080s] Level 1:colcon.colcon_core.environment:checking '/home/user/robo/sb-robot/ros_ws/install/ws_hw_interface/bin'
[1.080s] INFO:colcon.colcon_core.shell:Creating package script '/home/user/robo/sb-robot/ros_ws/install/ws_hw_interface/share/ws_hw_interface/package.ps1'
[1.081s] INFO:colcon.colcon_core.shell:Creating package descriptor '/home/user/robo/sb-robot/ros_ws/install/ws_hw_interface/share/ws_hw_interface/package.dsv'
[1.081s] INFO:colcon.colcon_core.shell:Creating package script '/home/user/robo/sb-robot/ros_ws/install/ws_hw_interface/share/ws_hw_interface/package.sh'
[1.081s] INFO:colcon.colcon_core.shell:Creating package script '/home/user/robo/sb-robot/ros_ws/install/ws_hw_interface/share/ws_hw_interface/package.bash'
[1.081s] INFO:colcon.colcon_core.shell:Creating package script '/home/user/robo/sb-robot/ros_ws/install/ws_hw_interface/share/ws_hw_interface/package.zsh'
[1.081s] Level 1:colcon.colcon_core.environment:create_file_with_runtime_dependencies(/home/user/robo/sb-robot/ros_ws/install/ws_hw_interface/share/colcon-core/packages/ws_hw_interface)
[1.092s] DEBUG:colcon.colcon_parallel_executor.executor.parallel:closing loop
[1.092s] DEBUG:colcon.colcon_parallel_executor.executor.parallel:loop closed
[1.092s] DEBUG:colcon.colcon_parallel_executor.executor.parallel:run_until_complete finished with '1'
[1.092s] DEBUG:colcon.colcon_core.event_reactor:joining thread
[1.097s] INFO:colcon.colcon_core.plugin_system:Skipping extension 'colcon_notification.desktop_notification.terminal_notifier': Not used on non-Darwin systems
[1.097s] INFO:colcon.colcon_core.plugin_system:Skipping extension 'colcon_notification.desktop_notification.win32': Not used on non-Windows systems
[1.097s] INFO:colcon.colcon_notification.desktop_notification:Sending desktop notification using 'notify2'
[1.119s] DEBUG:colcon.colcon_core.event_reactor:joined thread
[1.119s] INFO:colcon.colcon_core.shell:Creating prefix script '/home/user/robo/sb-robot/ros_ws/install/local_setup.ps1'
[1.121s] INFO:colcon.colcon_core.shell:Creating prefix util module '/home/user/robo/sb-robot/ros_ws/install/_local_setup_util_ps1.py'
[1.122s] INFO:colcon.colcon_core.shell:Creating prefix chain script '/home/user/robo/sb-robot/ros_ws/install/setup.ps1'
[1.123s] INFO:colcon.colcon_core.shell:Creating prefix script '/home/user/robo/sb-robot/ros_ws/install/local_setup.sh'
[1.124s] INFO:colcon.colcon_core.shell:Creating prefix util module '/home/user/robo/sb-robot/ros_ws/install/_local_setup_util_sh.py'
[1.124s] INFO:colcon.colcon_core.shell:Creating prefix chain script '/home/user/robo/sb-robot/ros_ws/install/setup.sh'
[1.125s] INFO:colcon.colcon_core.shell:Creating prefix script '/home/user/robo/sb-robot/ros_ws/install/local_setup.bash'
[1.126s] INFO:colcon.colcon_core.shell:Creating prefix chain script '/home/user/robo/sb-robot/ros_ws/install/setup.bash'
[1.127s] INFO:colcon.colcon_core.shell:Creating prefix script '/home/user/robo/sb-robot/ros_ws/install/local_setup.zsh'
[1.127s] INFO:colcon.colcon_core.shell:Creating prefix chain script '/home/user/robo/sb-robot/ros_ws/install/setup.zsh'
