[0.042s] Invoking command in '/home/user/robo/sb-robot/microros_ws/build/composition_interfaces': AMENT_PREFIX_PATH=/home/user/robo/sb-robot/microros_ws/install/rcl_interfaces:${AMENT_PREFIX_PATH} CMAKE_PREFIX_PATH=/home/user/robo/sb-robot/microros_ws/install/rcl_interfaces:/home/user/robo/sb-robot/microros_ws/install/builtin_interfaces:/home/user/robo/sb-robot/microros_ws/src/install/action_msgs:/home/user/robo/sb-robot/microros_ws/src/install/unique_identifier_msgs:/home/user/robo/sb-robot/microros_ws/src/install/std_srvs:/home/user/robo/sb-robot/microros_ws/src/install/statistics_msgs:/home/user/robo/sb-robot/microros_ws/src/install/rmw_microxrcedds:/home/user/robo/sb-robot/microros_ws/src/install/rosidl_typesupport_microxrcedds_cpp:/home/user/robo/sb-robot/microros_ws/src/install/rosidl_typesupport_microxrcedds_c:/home/user/robo/sb-robot/microros_ws/src/install/rosgraph_msgs:/home/user/robo/sb-robot/microros_ws/src/install/microxrcedds_client:/home/user/robo/sb-robot/microros_ws/src/install/microcdr:/home/user/robo/sb-robot/microros_ws/src/install/micro_ros_utilities:/home/user/robo/sb-robot/microros_ws/src/install/micro_ros_setup:/home/user/robo/sb-robot/microros_ws/src/install/micro_ros_msgs:/home/user/robo/sb-robot/microros_ws/src/install/lifecycle_msgs:/home/user/robo/sb-robot/microros_ws/src/install/complex_msgs:/home/user/robo/sb-robot/microros_ws/src/install/builtin_interfaces:/home/user/robo/sb-robot/microros_ws/install/micro_ros_setup:/home/user/robo/sb-robot/microros_ws/install/micro_ros_agent:/home/user/robo/sb-robot/microros_ws/install/micro_ros_msgs:/opt/ros/humble LD_LIBRARY_PATH=/home/user/robo/sb-robot/microros_ws/install/rcl_interfaces/lib:/home/user/robo/sb-robot/microros_ws/install/builtin_interfaces/lib:/home/user/robo/sb-robot/microros_ws/src/install/action_msgs/lib:/home/user/robo/sb-robot/microros_ws/src/install/unique_identifier_msgs/lib:/home/user/robo/sb-robot/microros_ws/src/install/std_srvs/lib:/home/user/robo/sb-robot/microros_ws/src/install/statistics_msgs/lib:/home/user/robo/sb-robot/microros_ws/src/install/rmw_microxrcedds/lib:/home/user/robo/sb-robot/microros_ws/src/install/rosidl_typesupport_microxrcedds_cpp/lib:/home/user/robo/sb-robot/microros_ws/src/install/rosidl_typesupport_microxrcedds_c/lib:/home/user/robo/sb-robot/microros_ws/src/install/rosgraph_msgs/lib:/home/user/robo/sb-robot/microros_ws/src/install/microxrcedds_client/lib:/home/user/robo/sb-robot/microros_ws/src/install/microcdr/lib:/home/user/robo/sb-robot/microros_ws/src/install/micro_ros_utilities/lib:/home/user/robo/sb-robot/microros_ws/src/install/micro_ros_msgs/lib:/home/user/robo/sb-robot/microros_ws/src/install/lifecycle_msgs/lib:/home/user/robo/sb-robot/microros_ws/src/install/complex_msgs/lib:/home/user/robo/sb-robot/microros_ws/src/install/builtin_interfaces/lib:/home/user/robo/sb-robot/microros_ws/install/micro_ros_agent/lib:/home/user/robo/sb-robot/microros_ws/install/micro_ros_msgs/lib:/usr/lib/x86_64-linux-gnu/gazebo-11/plugins:/opt/ros/humble/opt/rviz_ogre_vendor/lib:/opt/ros/humble/lib/x86_64-linux-gnu:/opt/ros/humble/lib PYTHONPATH=/home/user/robo/sb-robot/microros_ws/install/rcl_interfaces/local/lib/python3.10/dist-packages:${PYTHONPATH} /usr/bin/cmake /home/user/robo/sb-robot/microros_ws/src/ros2/rcl_interfaces/composition_interfaces -DCMAKE_INSTALL_PREFIX=/home/user/robo/sb-robot/microros_ws/install/composition_interfaces
[0.155s] -- The C compiler identification is GNU 11.4.0
[0.284s] -- The CXX compiler identification is GNU 11.4.0
[0.291s] -- Detecting C compiler ABI info
[0.490s] -- Detecting C compiler ABI info - done
[0.503s] -- Check for working C compiler: /usr/bin/cc - skipped
[0.504s] -- Detecting C compile features
[0.506s] -- Detecting C compile features - done
[0.512s] -- Detecting CXX compiler ABI info
[0.735s] -- Detecting CXX compiler ABI info - done
[0.759s] -- Check for working CXX compiler: /usr/bin/c++ - skipped
[0.765s] -- Detecting CXX compile features
[0.767s] -- Detecting CXX compile features - done
[0.772s] -- Found ament_cmake: 1.3.11 (/opt/ros/humble/share/ament_cmake/cmake)
[1.053s] -- Found Python3: /usr/bin/python3 (found version "3.10.12") found components: Interpreter 
[1.205s] -- Found rosidl_default_generators: 1.2.0 (/opt/ros/humble/share/rosidl_default_generators/cmake)
[1.210s] -- Using all available rosidl_typesupport_c: rosidl_typesupport_microxrcedds_c;rosidl_typesupport_fastrtps_c;rosidl_typesupport_introspection_c
[1.220s] -- Found rosidl_adapter: 3.1.6 (/opt/ros/humble/share/rosidl_adapter/cmake)
[1.291s] -- Using all available rosidl_typesupport_cpp: rosidl_typesupport_microxrcedds_cpp;rosidl_typesupport_fastrtps_cpp;rosidl_typesupport_introspection_cpp
[1.325s] -- Found rcl_interfaces: 1.2.1 (/home/user/robo/sb-robot/microros_ws/install/rcl_interfaces/share/rcl_interfaces/cmake)
[1.681s] -- Found ament_cmake_cppcheck: 0.12.11 (/opt/ros/humble/share/ament_cmake_cppcheck/cmake)
[1.686s] -- Found ament_cmake_cpplint: 0.12.11 (/opt/ros/humble/share/ament_cmake_cpplint/cmake)
[1.690s] -- Found ament_cmake_uncrustify: 0.12.11 (/opt/ros/humble/share/ament_cmake_uncrustify/cmake)
[1.695s] -- Found ament_cmake_ros: 0.10.0 (/opt/ros/humble/share/ament_cmake_ros/cmake)
[2.062s] -- Using all available rosidl_typesupport_c: rosidl_typesupport_microxrcedds_c;rosidl_typesupport_fastrtps_c;rosidl_typesupport_introspection_c
[2.430s] -- Using all available rosidl_typesupport_cpp: rosidl_typesupport_microxrcedds_cpp;rosidl_typesupport_fastrtps_cpp;rosidl_typesupport_introspection_cpp
[2.454s] -- Found PythonInterp: /usr/bin/python3 (found suitable version "3.10.12", minimum required is "3.6") 
[2.456s] -- Found python_cmake_module: 0.10.0 (/opt/ros/humble/share/python_cmake_module/cmake)
[2.481s] -- Found PythonLibs: /usr/lib/x86_64-linux-gnu/libpython3.10.so (found suitable version "3.10.12", minimum required is "3.5") 
[2.481s] -- Using PYTHON_EXECUTABLE: /usr/bin/python3
[2.481s] -- Using PYTHON_INCLUDE_DIRS: /usr/include/python3.10
[2.482s] -- Using PYTHON_LIBRARIES: /usr/lib/x86_64-linux-gnu/libpython3.10.so
[2.503s] -- Found PythonExtra: .so  
[2.587s] -- Found ament_cmake_flake8: 0.12.11 (/opt/ros/humble/share/ament_cmake_flake8/cmake)
[2.589s] -- Found ament_cmake_pep257: 0.12.11 (/opt/ros/humble/share/ament_cmake_pep257/cmake)
[2.595s] -- Configuring done
[2.639s] -- Generating done
[2.652s] -- Build files have been written to: /home/user/robo/sb-robot/microros_ws/build/composition_interfaces
[2.663s] Invoked command in '/home/user/robo/sb-robot/microros_ws/build/composition_interfaces' returned '0': AMENT_PREFIX_PATH=/home/user/robo/sb-robot/microros_ws/install/rcl_interfaces:${AMENT_PREFIX_PATH} CMAKE_PREFIX_PATH=/home/user/robo/sb-robot/microros_ws/install/rcl_interfaces:/home/user/robo/sb-robot/microros_ws/install/builtin_interfaces:/home/user/robo/sb-robot/microros_ws/src/install/action_msgs:/home/user/robo/sb-robot/microros_ws/src/install/unique_identifier_msgs:/home/user/robo/sb-robot/microros_ws/src/install/std_srvs:/home/user/robo/sb-robot/microros_ws/src/install/statistics_msgs:/home/user/robo/sb-robot/microros_ws/src/install/rmw_microxrcedds:/home/user/robo/sb-robot/microros_ws/src/install/rosidl_typesupport_microxrcedds_cpp:/home/user/robo/sb-robot/microros_ws/src/install/rosidl_typesupport_microxrcedds_c:/home/user/robo/sb-robot/microros_ws/src/install/rosgraph_msgs:/home/user/robo/sb-robot/microros_ws/src/install/microxrcedds_client:/home/user/robo/sb-robot/microros_ws/src/install/microcdr:/home/user/robo/sb-robot/microros_ws/src/install/micro_ros_utilities:/home/user/robo/sb-robot/microros_ws/src/install/micro_ros_setup:/home/user/robo/sb-robot/microros_ws/src/install/micro_ros_msgs:/home/user/robo/sb-robot/microros_ws/src/install/lifecycle_msgs:/home/user/robo/sb-robot/microros_ws/src/install/complex_msgs:/home/user/robo/sb-robot/microros_ws/src/install/builtin_interfaces:/home/user/robo/sb-robot/microros_ws/install/micro_ros_setup:/home/user/robo/sb-robot/microros_ws/install/micro_ros_agent:/home/user/robo/sb-robot/microros_ws/install/micro_ros_msgs:/opt/ros/humble LD_LIBRARY_PATH=/home/user/robo/sb-robot/microros_ws/install/rcl_interfaces/lib:/home/user/robo/sb-robot/microros_ws/install/builtin_interfaces/lib:/home/user/robo/sb-robot/microros_ws/src/install/action_msgs/lib:/home/user/robo/sb-robot/microros_ws/src/install/unique_identifier_msgs/lib:/home/user/robo/sb-robot/microros_ws/src/install/std_srvs/lib:/home/user/robo/sb-robot/microros_ws/src/install/statistics_msgs/lib:/home/user/robo/sb-robot/microros_ws/src/install/rmw_microxrcedds/lib:/home/user/robo/sb-robot/microros_ws/src/install/rosidl_typesupport_microxrcedds_cpp/lib:/home/user/robo/sb-robot/microros_ws/src/install/rosidl_typesupport_microxrcedds_c/lib:/home/user/robo/sb-robot/microros_ws/src/install/rosgraph_msgs/lib:/home/user/robo/sb-robot/microros_ws/src/install/microxrcedds_client/lib:/home/user/robo/sb-robot/microros_ws/src/install/microcdr/lib:/home/user/robo/sb-robot/microros_ws/src/install/micro_ros_utilities/lib:/home/user/robo/sb-robot/microros_ws/src/install/micro_ros_msgs/lib:/home/user/robo/sb-robot/microros_ws/src/install/lifecycle_msgs/lib:/home/user/robo/sb-robot/microros_ws/src/install/complex_msgs/lib:/home/user/robo/sb-robot/microros_ws/src/install/builtin_interfaces/lib:/home/user/robo/sb-robot/microros_ws/install/micro_ros_agent/lib:/home/user/robo/sb-robot/microros_ws/install/micro_ros_msgs/lib:/usr/lib/x86_64-linux-gnu/gazebo-11/plugins:/opt/ros/humble/opt/rviz_ogre_vendor/lib:/opt/ros/humble/lib/x86_64-linux-gnu:/opt/ros/humble/lib PYTHONPATH=/home/user/robo/sb-robot/microros_ws/install/rcl_interfaces/local/lib/python3.10/dist-packages:${PYTHONPATH} /usr/bin/cmake /home/user/robo/sb-robot/microros_ws/src/ros2/rcl_interfaces/composition_interfaces -DCMAKE_INSTALL_PREFIX=/home/user/robo/sb-robot/microros_ws/install/composition_interfaces
[2.665s] Invoking command in '/home/user/robo/sb-robot/microros_ws/build/composition_interfaces': AMENT_PREFIX_PATH=/home/user/robo/sb-robot/microros_ws/install/rcl_interfaces:${AMENT_PREFIX_PATH} CMAKE_PREFIX_PATH=/home/user/robo/sb-robot/microros_ws/install/rcl_interfaces:/home/user/robo/sb-robot/microros_ws/install/builtin_interfaces:/home/user/robo/sb-robot/microros_ws/src/install/action_msgs:/home/user/robo/sb-robot/microros_ws/src/install/unique_identifier_msgs:/home/user/robo/sb-robot/microros_ws/src/install/std_srvs:/home/user/robo/sb-robot/microros_ws/src/install/statistics_msgs:/home/user/robo/sb-robot/microros_ws/src/install/rmw_microxrcedds:/home/user/robo/sb-robot/microros_ws/src/install/rosidl_typesupport_microxrcedds_cpp:/home/user/robo/sb-robot/microros_ws/src/install/rosidl_typesupport_microxrcedds_c:/home/user/robo/sb-robot/microros_ws/src/install/rosgraph_msgs:/home/user/robo/sb-robot/microros_ws/src/install/microxrcedds_client:/home/user/robo/sb-robot/microros_ws/src/install/microcdr:/home/user/robo/sb-robot/microros_ws/src/install/micro_ros_utilities:/home/user/robo/sb-robot/microros_ws/src/install/micro_ros_setup:/home/user/robo/sb-robot/microros_ws/src/install/micro_ros_msgs:/home/user/robo/sb-robot/microros_ws/src/install/lifecycle_msgs:/home/user/robo/sb-robot/microros_ws/src/install/complex_msgs:/home/user/robo/sb-robot/microros_ws/src/install/builtin_interfaces:/home/user/robo/sb-robot/microros_ws/install/micro_ros_setup:/home/user/robo/sb-robot/microros_ws/install/micro_ros_agent:/home/user/robo/sb-robot/microros_ws/install/micro_ros_msgs:/opt/ros/humble LD_LIBRARY_PATH=/home/user/robo/sb-robot/microros_ws/install/rcl_interfaces/lib:/home/user/robo/sb-robot/microros_ws/install/builtin_interfaces/lib:/home/user/robo/sb-robot/microros_ws/src/install/action_msgs/lib:/home/user/robo/sb-robot/microros_ws/src/install/unique_identifier_msgs/lib:/home/user/robo/sb-robot/microros_ws/src/install/std_srvs/lib:/home/user/robo/sb-robot/microros_ws/src/install/statistics_msgs/lib:/home/user/robo/sb-robot/microros_ws/src/install/rmw_microxrcedds/lib:/home/user/robo/sb-robot/microros_ws/src/install/rosidl_typesupport_microxrcedds_cpp/lib:/home/user/robo/sb-robot/microros_ws/src/install/rosidl_typesupport_microxrcedds_c/lib:/home/user/robo/sb-robot/microros_ws/src/install/rosgraph_msgs/lib:/home/user/robo/sb-robot/microros_ws/src/install/microxrcedds_client/lib:/home/user/robo/sb-robot/microros_ws/src/install/microcdr/lib:/home/user/robo/sb-robot/microros_ws/src/install/micro_ros_utilities/lib:/home/user/robo/sb-robot/microros_ws/src/install/micro_ros_msgs/lib:/home/user/robo/sb-robot/microros_ws/src/install/lifecycle_msgs/lib:/home/user/robo/sb-robot/microros_ws/src/install/complex_msgs/lib:/home/user/robo/sb-robot/microros_ws/src/install/builtin_interfaces/lib:/home/user/robo/sb-robot/microros_ws/install/micro_ros_agent/lib:/home/user/robo/sb-robot/microros_ws/install/micro_ros_msgs/lib:/usr/lib/x86_64-linux-gnu/gazebo-11/plugins:/opt/ros/humble/opt/rviz_ogre_vendor/lib:/opt/ros/humble/lib/x86_64-linux-gnu:/opt/ros/humble/lib PYTHONPATH=/home/user/robo/sb-robot/microros_ws/install/rcl_interfaces/local/lib/python3.10/dist-packages:${PYTHONPATH} /usr/bin/cmake --build /home/user/robo/sb-robot/microros_ws/build/composition_interfaces -- -j20 -l20
[2.724s] [  1%] [34m[1mGenerating C++ code for ROS interfaces[0m
[3.479s] [  1%] Built target composition_interfaces__cpp
[3.518s] [  1%] Built target ament_cmake_python_copy_composition_interfaces
[3.528s] [  3%] [34m[1mGenerating C++ introspection for ROS interfaces[0m
[4.044s] [  5%] [32mBuilding CXX object CMakeFiles/composition_interfaces__rosidl_typesupport_introspection_cpp.dir/rosidl_typesupport_introspection_cpp/composition_interfaces/srv/detail/load_node__type_support.cpp.o[0m
[4.836s] [  6%] [32mBuilding CXX object CMakeFiles/composition_interfaces__rosidl_typesupport_introspection_cpp.dir/rosidl_typesupport_introspection_cpp/composition_interfaces/srv/detail/unload_node__type_support.cpp.o[0m
[5.121s] [  8%] [32mBuilding CXX object CMakeFiles/composition_interfaces__rosidl_typesupport_introspection_cpp.dir/rosidl_typesupport_introspection_cpp/composition_interfaces/srv/detail/list_nodes__type_support.cpp.o[0m
[5.439s] [ 10%] [32m[1mLinking CXX shared library libcomposition_interfaces__rosidl_typesupport_introspection_cpp.so[0m
[5.565s] [ 10%] Built target composition_interfaces__rosidl_typesupport_introspection_cpp
[5.745s] running egg_info
[5.745s] creating composition_interfaces.egg-info
[5.745s] writing composition_interfaces.egg-info/PKG-INFO
[5.745s] writing dependency_links to composition_interfaces.egg-info/dependency_links.txt
[5.746s] writing top-level names to composition_interfaces.egg-info/top_level.txt
[5.746s] writing manifest file 'composition_interfaces.egg-info/SOURCES.txt'
[5.747s] reading manifest file 'composition_interfaces.egg-info/SOURCES.txt'
[5.747s] writing manifest file 'composition_interfaces.egg-info/SOURCES.txt'
[5.777s] [ 10%] Built target ament_cmake_python_build_composition_interfaces_egg
[5.789s] [ 11%] [34m[1mGenerating C++ type support for eProsima Fast-RTPS[0m
[6.348s] [ 16%] [32mBuilding CXX object CMakeFiles/composition_interfaces__rosidl_typesupport_fastrtps_cpp.dir/rosidl_typesupport_fastrtps_cpp/composition_interfaces/srv/detail/dds_fastrtps/load_node__type_support.cpp.o[0m
[6.348s] [ 16%] [32mBuilding CXX object CMakeFiles/composition_interfaces__rosidl_typesupport_fastrtps_cpp.dir/rosidl_typesupport_fastrtps_cpp/composition_interfaces/srv/detail/dds_fastrtps/list_nodes__type_support.cpp.o[0m
[6.348s] [ 16%] [32mBuilding CXX object CMakeFiles/composition_interfaces__rosidl_typesupport_fastrtps_cpp.dir/rosidl_typesupport_fastrtps_cpp/composition_interfaces/srv/detail/dds_fastrtps/unload_node__type_support.cpp.o[0m
[7.074s] [ 18%] [32m[1mLinking CXX shared library libcomposition_interfaces__rosidl_typesupport_fastrtps_cpp.so[0m
[7.262s] [ 18%] Built target composition_interfaces__rosidl_typesupport_fastrtps_cpp
[7.279s] [ 20%] [34m[1mGenerating C++ type support dispatch for ROS interfaces[0m
[7.298s] [ 22%] [34m[1mGenerating C++ type support for eProsima Micro XRCE-DDS[0m
[7.298s] [ 23%] [34m[1mGenerating C code for ROS interfaces[0m
[8.075s] [ 25%] [32mBuilding CXX object CMakeFiles/composition_interfaces__rosidl_typesupport_cpp.dir/rosidl_typesupport_cpp/composition_interfaces/srv/list_nodes__type_support.cpp.o[0m
[8.079s] [ 27%] [32mBuilding CXX object CMakeFiles/composition_interfaces__rosidl_typesupport_cpp.dir/rosidl_typesupport_cpp/composition_interfaces/srv/load_node__type_support.cpp.o[0m
[8.095s] [ 28%] [32mBuilding CXX object CMakeFiles/composition_interfaces__rosidl_typesupport_cpp.dir/rosidl_typesupport_cpp/composition_interfaces/srv/unload_node__type_support.cpp.o[0m
[8.501s] [ 32%] [32mBuilding CXX object CMakeFiles/composition_interfaces__rosidl_typesupport_microxrcedds_cpp.dir/rosidl_typesupport_microxrcedds_cpp/composition_interfaces/srv/detail/microxrcedds/list_nodes__type_support_cpp.cpp.o[0m
[8.509s] [ 32%] [32mBuilding CXX object CMakeFiles/composition_interfaces__rosidl_typesupport_microxrcedds_cpp.dir/rosidl_typesupport_microxrcedds_cpp/composition_interfaces/srv/detail/microxrcedds/load_node__type_support_cpp.cpp.o[0m
[8.509s] [ 33%] [32mBuilding CXX object CMakeFiles/composition_interfaces__rosidl_typesupport_microxrcedds_cpp.dir/rosidl_typesupport_microxrcedds_cpp/composition_interfaces/srv/detail/microxrcedds/unload_node__type_support_cpp.cpp.o[0m
[8.616s] [ 35%] [32mBuilding C object CMakeFiles/composition_interfaces__rosidl_generator_c.dir/rosidl_generator_c/composition_interfaces/srv/detail/load_node__functions.c.o[0m
[8.624s] [ 37%] [32mBuilding C object CMakeFiles/composition_interfaces__rosidl_generator_c.dir/rosidl_generator_c/composition_interfaces/srv/detail/unload_node__functions.c.o[0m
[8.631s] [ 38%] [32mBuilding C object CMakeFiles/composition_interfaces__rosidl_generator_c.dir/rosidl_generator_c/composition_interfaces/srv/detail/list_nodes__functions.c.o[0m
[8.796s] [ 40%] [32m[1mLinking C shared library libcomposition_interfaces__rosidl_generator_c.so[0m
[8.831s] [ 42%] [32m[1mLinking CXX shared library libcomposition_interfaces__rosidl_typesupport_cpp.so[0m
[8.953s] [ 42%] Built target composition_interfaces__rosidl_generator_c
[8.992s] [ 42%] Built target composition_interfaces__rosidl_typesupport_cpp
[8.995s] [ 44%] [34m[1mGenerating C type support for eProsima Micro XRCE-DDS[0m
[8.995s] [ 45%] [34m[1mGenerating C type support for eProsima Fast-RTPS[0m
[9.001s] [ 47%] [34m[1mGenerating C introspection for ROS interfaces[0m
[9.021s] [ 49%] [34m[1mGenerating C type support dispatch for ROS interfaces[0m
[9.911s] [ 50%] [32m[1mLinking CXX shared library libcomposition_interfaces__rosidl_typesupport_microxrcedds_cpp.so[0m
[10.207s] [ 54%] [32mBuilding CXX object CMakeFiles/composition_interfaces__rosidl_typesupport_fastrtps_c.dir/rosidl_typesupport_fastrtps_c/composition_interfaces/srv/detail/unload_node__type_support_c.cpp.o[0m
[10.211s] [ 55%] [32mBuilding CXX object CMakeFiles/composition_interfaces__rosidl_typesupport_fastrtps_c.dir/rosidl_typesupport_fastrtps_c/composition_interfaces/srv/detail/list_nodes__type_support_c.cpp.o[0m
[10.217s] [ 55%] [32mBuilding CXX object CMakeFiles/composition_interfaces__rosidl_typesupport_fastrtps_c.dir/rosidl_typesupport_fastrtps_c/composition_interfaces/srv/detail/load_node__type_support_c.cpp.o[0m
[10.284s] [ 55%] Built target composition_interfaces__rosidl_typesupport_microxrcedds_cpp
[10.431s] [ 57%] [32mBuilding C object CMakeFiles/composition_interfaces__rosidl_typesupport_microxrcedds_c.dir/rosidl_typesupport_microxrcedds_c/composition_interfaces/srv/detail/microxrcedds/load_node__type_support_c.c.o[0m
[10.431s] [ 59%] [32mBuilding C object CMakeFiles/composition_interfaces__rosidl_typesupport_microxrcedds_c.dir/rosidl_typesupport_microxrcedds_c/composition_interfaces/srv/detail/microxrcedds/unload_node__type_support_c.c.o[0m
[10.431s] [ 61%] [32mBuilding C object CMakeFiles/composition_interfaces__rosidl_typesupport_microxrcedds_c.dir/rosidl_typesupport_microxrcedds_c/composition_interfaces/srv/detail/microxrcedds/list_nodes__type_support_c.c.o[0m
[10.451s] [ 62%] [32mBuilding CXX object CMakeFiles/composition_interfaces__rosidl_typesupport_c.dir/rosidl_typesupport_c/composition_interfaces/srv/unload_node__type_support.cpp.o[0m
[10.452s] [ 64%] [32mBuilding CXX object CMakeFiles/composition_interfaces__rosidl_typesupport_c.dir/rosidl_typesupport_c/composition_interfaces/srv/list_nodes__type_support.cpp.o[0m
[10.457s] [ 66%] [32mBuilding CXX object CMakeFiles/composition_interfaces__rosidl_typesupport_c.dir/rosidl_typesupport_c/composition_interfaces/srv/load_node__type_support.cpp.o[0m
[10.492s] [ 67%] [32mBuilding C object CMakeFiles/composition_interfaces__rosidl_typesupport_introspection_c.dir/rosidl_typesupport_introspection_c/composition_interfaces/srv/detail/load_node__type_support.c.o[0m
[10.496s] [ 69%] [32mBuilding C object CMakeFiles/composition_interfaces__rosidl_typesupport_introspection_c.dir/rosidl_typesupport_introspection_c/composition_interfaces/srv/detail/list_nodes__type_support.c.o[0m
[10.507s] [ 71%] [32mBuilding C object CMakeFiles/composition_interfaces__rosidl_typesupport_introspection_c.dir/rosidl_typesupport_introspection_c/composition_interfaces/srv/detail/unload_node__type_support.c.o[0m
[10.558s] [ 72%] [32m[1mLinking CXX shared library libcomposition_interfaces__rosidl_typesupport_c.so[0m
[10.596s] [ 74%] [32m[1mLinking C shared library libcomposition_interfaces__rosidl_typesupport_introspection_c.so[0m
[10.636s] [ 76%] [32m[1mLinking C shared library libcomposition_interfaces__rosidl_typesupport_microxrcedds_c.so[0m
[10.650s] [ 76%] Built target composition_interfaces__rosidl_typesupport_c
[10.671s] [ 76%] Built target composition_interfaces__rosidl_typesupport_introspection_c
[10.725s] [ 76%] Built target composition_interfaces__rosidl_typesupport_microxrcedds_c
[10.929s] [ 77%] [32m[1mLinking CXX shared library libcomposition_interfaces__rosidl_typesupport_fastrtps_c.so[0m
[11.070s] [ 77%] Built target composition_interfaces__rosidl_typesupport_fastrtps_c
[11.094s] [ 77%] Built target composition_interfaces
[11.112s] [ 79%] [34m[1mGenerating Python code for ROS interfaces[0m
[12.240s] [ 79%] Built target composition_interfaces__py
[12.266s] [ 81%] [32mBuilding C object CMakeFiles/composition_interfaces__rosidl_generator_py.dir/rosidl_generator_py/composition_interfaces/srv/_load_node_s.c.o[0m
[12.361s] [ 83%] [32mBuilding C object CMakeFiles/composition_interfaces__rosidl_generator_py.dir/rosidl_generator_py/composition_interfaces/srv/_unload_node_s.c.o[0m
[12.442s] [ 84%] [32mBuilding C object CMakeFiles/composition_interfaces__rosidl_generator_py.dir/rosidl_generator_py/composition_interfaces/srv/_list_nodes_s.c.o[0m
[12.552s] [ 86%] [32m[1mLinking C shared library rosidl_generator_py/composition_interfaces/libcomposition_interfaces__rosidl_generator_py.so[0m
[12.592s] [ 86%] Built target composition_interfaces__rosidl_generator_py
[12.610s] [ 88%] [32mBuilding C object CMakeFiles/composition_interfaces__rosidl_typesupport_microxrcedds_c__pyext.dir/rosidl_generator_py/composition_interfaces/_composition_interfaces_s.ep.rosidl_typesupport_microxrcedds_c.c.o[0m
[12.693s] [ 89%] [32m[1mLinking C shared library rosidl_generator_py/composition_interfaces/composition_interfaces_s__rosidl_typesupport_microxrcedds_c.cpython-310-x86_64-linux-gnu.so[0m
[12.724s] [ 89%] Built target composition_interfaces__rosidl_typesupport_microxrcedds_c__pyext
[12.742s] [ 91%] [32mBuilding C object CMakeFiles/composition_interfaces__rosidl_typesupport_c__pyext.dir/rosidl_generator_py/composition_interfaces/_composition_interfaces_s.ep.rosidl_typesupport_c.c.o[0m
[12.822s] [ 93%] [32m[1mLinking C shared library rosidl_generator_py/composition_interfaces/composition_interfaces_s__rosidl_typesupport_c.cpython-310-x86_64-linux-gnu.so[0m
[12.856s] [ 93%] Built target composition_interfaces__rosidl_typesupport_c__pyext
[12.880s] [ 94%] [32mBuilding C object CMakeFiles/composition_interfaces__rosidl_typesupport_introspection_c__pyext.dir/rosidl_generator_py/composition_interfaces/_composition_interfaces_s.ep.rosidl_typesupport_introspection_c.c.o[0m
[12.966s] [ 96%] [32m[1mLinking C shared library rosidl_generator_py/composition_interfaces/composition_interfaces_s__rosidl_typesupport_introspection_c.cpython-310-x86_64-linux-gnu.so[0m
[13.009s] [ 96%] Built target composition_interfaces__rosidl_typesupport_introspection_c__pyext
[13.027s] [ 98%] [32mBuilding C object CMakeFiles/composition_interfaces__rosidl_typesupport_fastrtps_c__pyext.dir/rosidl_generator_py/composition_interfaces/_composition_interfaces_s.ep.rosidl_typesupport_fastrtps_c.c.o[0m
[13.142s] [100%] [32m[1mLinking C shared library rosidl_generator_py/composition_interfaces/composition_interfaces_s__rosidl_typesupport_fastrtps_c.cpython-310-x86_64-linux-gnu.so[0m
[13.175s] [100%] Built target composition_interfaces__rosidl_typesupport_fastrtps_c__pyext
[13.185s] Invoked command in '/home/user/robo/sb-robot/microros_ws/build/composition_interfaces' returned '0': AMENT_PREFIX_PATH=/home/user/robo/sb-robot/microros_ws/install/rcl_interfaces:${AMENT_PREFIX_PATH} CMAKE_PREFIX_PATH=/home/user/robo/sb-robot/microros_ws/install/rcl_interfaces:/home/user/robo/sb-robot/microros_ws/install/builtin_interfaces:/home/user/robo/sb-robot/microros_ws/src/install/action_msgs:/home/user/robo/sb-robot/microros_ws/src/install/unique_identifier_msgs:/home/user/robo/sb-robot/microros_ws/src/install/std_srvs:/home/user/robo/sb-robot/microros_ws/src/install/statistics_msgs:/home/user/robo/sb-robot/microros_ws/src/install/rmw_microxrcedds:/home/user/robo/sb-robot/microros_ws/src/install/rosidl_typesupport_microxrcedds_cpp:/home/user/robo/sb-robot/microros_ws/src/install/rosidl_typesupport_microxrcedds_c:/home/user/robo/sb-robot/microros_ws/src/install/rosgraph_msgs:/home/user/robo/sb-robot/microros_ws/src/install/microxrcedds_client:/home/user/robo/sb-robot/microros_ws/src/install/microcdr:/home/user/robo/sb-robot/microros_ws/src/install/micro_ros_utilities:/home/user/robo/sb-robot/microros_ws/src/install/micro_ros_setup:/home/user/robo/sb-robot/microros_ws/src/install/micro_ros_msgs:/home/user/robo/sb-robot/microros_ws/src/install/lifecycle_msgs:/home/user/robo/sb-robot/microros_ws/src/install/complex_msgs:/home/user/robo/sb-robot/microros_ws/src/install/builtin_interfaces:/home/user/robo/sb-robot/microros_ws/install/micro_ros_setup:/home/user/robo/sb-robot/microros_ws/install/micro_ros_agent:/home/user/robo/sb-robot/microros_ws/install/micro_ros_msgs:/opt/ros/humble LD_LIBRARY_PATH=/home/user/robo/sb-robot/microros_ws/install/rcl_interfaces/lib:/home/user/robo/sb-robot/microros_ws/install/builtin_interfaces/lib:/home/user/robo/sb-robot/microros_ws/src/install/action_msgs/lib:/home/user/robo/sb-robot/microros_ws/src/install/unique_identifier_msgs/lib:/home/user/robo/sb-robot/microros_ws/src/install/std_srvs/lib:/home/user/robo/sb-robot/microros_ws/src/install/statistics_msgs/lib:/home/user/robo/sb-robot/microros_ws/src/install/rmw_microxrcedds/lib:/home/user/robo/sb-robot/microros_ws/src/install/rosidl_typesupport_microxrcedds_cpp/lib:/home/user/robo/sb-robot/microros_ws/src/install/rosidl_typesupport_microxrcedds_c/lib:/home/user/robo/sb-robot/microros_ws/src/install/rosgraph_msgs/lib:/home/user/robo/sb-robot/microros_ws/src/install/microxrcedds_client/lib:/home/user/robo/sb-robot/microros_ws/src/install/microcdr/lib:/home/user/robo/sb-robot/microros_ws/src/install/micro_ros_utilities/lib:/home/user/robo/sb-robot/microros_ws/src/install/micro_ros_msgs/lib:/home/user/robo/sb-robot/microros_ws/src/install/lifecycle_msgs/lib:/home/user/robo/sb-robot/microros_ws/src/install/complex_msgs/lib:/home/user/robo/sb-robot/microros_ws/src/install/builtin_interfaces/lib:/home/user/robo/sb-robot/microros_ws/install/micro_ros_agent/lib:/home/user/robo/sb-robot/microros_ws/install/micro_ros_msgs/lib:/usr/lib/x86_64-linux-gnu/gazebo-11/plugins:/opt/ros/humble/opt/rviz_ogre_vendor/lib:/opt/ros/humble/lib/x86_64-linux-gnu:/opt/ros/humble/lib PYTHONPATH=/home/user/robo/sb-robot/microros_ws/install/rcl_interfaces/local/lib/python3.10/dist-packages:${PYTHONPATH} /usr/bin/cmake --build /home/user/robo/sb-robot/microros_ws/build/composition_interfaces -- -j20 -l20
[13.188s] Invoking command in '/home/user/robo/sb-robot/microros_ws/build/composition_interfaces': AMENT_PREFIX_PATH=/home/user/robo/sb-robot/microros_ws/install/rcl_interfaces:${AMENT_PREFIX_PATH} CMAKE_PREFIX_PATH=/home/user/robo/sb-robot/microros_ws/install/rcl_interfaces:/home/user/robo/sb-robot/microros_ws/install/builtin_interfaces:/home/user/robo/sb-robot/microros_ws/src/install/action_msgs:/home/user/robo/sb-robot/microros_ws/src/install/unique_identifier_msgs:/home/user/robo/sb-robot/microros_ws/src/install/std_srvs:/home/user/robo/sb-robot/microros_ws/src/install/statistics_msgs:/home/user/robo/sb-robot/microros_ws/src/install/rmw_microxrcedds:/home/user/robo/sb-robot/microros_ws/src/install/rosidl_typesupport_microxrcedds_cpp:/home/user/robo/sb-robot/microros_ws/src/install/rosidl_typesupport_microxrcedds_c:/home/user/robo/sb-robot/microros_ws/src/install/rosgraph_msgs:/home/user/robo/sb-robot/microros_ws/src/install/microxrcedds_client:/home/user/robo/sb-robot/microros_ws/src/install/microcdr:/home/user/robo/sb-robot/microros_ws/src/install/micro_ros_utilities:/home/user/robo/sb-robot/microros_ws/src/install/micro_ros_setup:/home/user/robo/sb-robot/microros_ws/src/install/micro_ros_msgs:/home/user/robo/sb-robot/microros_ws/src/install/lifecycle_msgs:/home/user/robo/sb-robot/microros_ws/src/install/complex_msgs:/home/user/robo/sb-robot/microros_ws/src/install/builtin_interfaces:/home/user/robo/sb-robot/microros_ws/install/micro_ros_setup:/home/user/robo/sb-robot/microros_ws/install/micro_ros_agent:/home/user/robo/sb-robot/microros_ws/install/micro_ros_msgs:/opt/ros/humble LD_LIBRARY_PATH=/home/user/robo/sb-robot/microros_ws/install/rcl_interfaces/lib:/home/user/robo/sb-robot/microros_ws/install/builtin_interfaces/lib:/home/user/robo/sb-robot/microros_ws/src/install/action_msgs/lib:/home/user/robo/sb-robot/microros_ws/src/install/unique_identifier_msgs/lib:/home/user/robo/sb-robot/microros_ws/src/install/std_srvs/lib:/home/user/robo/sb-robot/microros_ws/src/install/statistics_msgs/lib:/home/user/robo/sb-robot/microros_ws/src/install/rmw_microxrcedds/lib:/home/user/robo/sb-robot/microros_ws/src/install/rosidl_typesupport_microxrcedds_cpp/lib:/home/user/robo/sb-robot/microros_ws/src/install/rosidl_typesupport_microxrcedds_c/lib:/home/user/robo/sb-robot/microros_ws/src/install/rosgraph_msgs/lib:/home/user/robo/sb-robot/microros_ws/src/install/microxrcedds_client/lib:/home/user/robo/sb-robot/microros_ws/src/install/microcdr/lib:/home/user/robo/sb-robot/microros_ws/src/install/micro_ros_utilities/lib:/home/user/robo/sb-robot/microros_ws/src/install/micro_ros_msgs/lib:/home/user/robo/sb-robot/microros_ws/src/install/lifecycle_msgs/lib:/home/user/robo/sb-robot/microros_ws/src/install/complex_msgs/lib:/home/user/robo/sb-robot/microros_ws/src/install/builtin_interfaces/lib:/home/user/robo/sb-robot/microros_ws/install/micro_ros_agent/lib:/home/user/robo/sb-robot/microros_ws/install/micro_ros_msgs/lib:/usr/lib/x86_64-linux-gnu/gazebo-11/plugins:/opt/ros/humble/opt/rviz_ogre_vendor/lib:/opt/ros/humble/lib/x86_64-linux-gnu:/opt/ros/humble/lib PYTHONPATH=/home/user/robo/sb-robot/microros_ws/install/rcl_interfaces/local/lib/python3.10/dist-packages:${PYTHONPATH} /usr/bin/cmake --install /home/user/robo/sb-robot/microros_ws/build/composition_interfaces
[13.194s] -- Install configuration: ""
[13.194s] -- Installing: /home/user/robo/sb-robot/microros_ws/install/composition_interfaces/share/ament_index/resource_index/rosidl_interfaces/composition_interfaces
[13.194s] -- Installing: /home/user/robo/sb-robot/microros_ws/install/composition_interfaces/include/composition_interfaces/composition_interfaces
[13.194s] -- Installing: /home/user/robo/sb-robot/microros_ws/install/composition_interfaces/include/composition_interfaces/composition_interfaces/srv
[13.194s] -- Installing: /home/user/robo/sb-robot/microros_ws/install/composition_interfaces/include/composition_interfaces/composition_interfaces/srv/unload_node.h
[13.194s] -- Installing: /home/user/robo/sb-robot/microros_ws/install/composition_interfaces/include/composition_interfaces/composition_interfaces/srv/load_node.h
[13.194s] -- Installing: /home/user/robo/sb-robot/microros_ws/install/composition_interfaces/include/composition_interfaces/composition_interfaces/srv/detail
[13.195s] -- Installing: /home/user/robo/sb-robot/microros_ws/install/composition_interfaces/include/composition_interfaces/composition_interfaces/srv/detail/unload_node__functions.h
[13.195s] -- Installing: /home/user/robo/sb-robot/microros_ws/install/composition_interfaces/include/composition_interfaces/composition_interfaces/srv/detail/load_node__functions.c
[13.195s] -- Installing: /home/user/robo/sb-robot/microros_ws/install/composition_interfaces/include/composition_interfaces/composition_interfaces/srv/detail/load_node__type_support.h
[13.195s] -- Installing: /home/user/robo/sb-robot/microros_ws/install/composition_interfaces/include/composition_interfaces/composition_interfaces/srv/detail/list_nodes__type_support.h
[13.195s] -- Installing: /home/user/robo/sb-robot/microros_ws/install/composition_interfaces/include/composition_interfaces/composition_interfaces/srv/detail/unload_node__functions.c
[13.195s] -- Installing: /home/user/robo/sb-robot/microros_ws/install/composition_interfaces/include/composition_interfaces/composition_interfaces/srv/detail/list_nodes__functions.c
[13.195s] -- Installing: /home/user/robo/sb-robot/microros_ws/install/composition_interfaces/include/composition_interfaces/composition_interfaces/srv/detail/load_node__functions.h
[13.195s] -- Installing: /home/user/robo/sb-robot/microros_ws/install/composition_interfaces/include/composition_interfaces/composition_interfaces/srv/detail/unload_node__type_support.h
[13.195s] -- Installing: /home/user/robo/sb-robot/microros_ws/install/composition_interfaces/include/composition_interfaces/composition_interfaces/srv/detail/list_nodes__functions.h
[13.195s] -- Installing: /home/user/robo/sb-robot/microros_ws/install/composition_interfaces/include/composition_interfaces/composition_interfaces/srv/detail/unload_node__struct.h
[13.195s] -- Installing: /home/user/robo/sb-robot/microros_ws/install/composition_interfaces/include/composition_interfaces/composition_interfaces/srv/detail/load_node__struct.h
[13.195s] -- Installing: /home/user/robo/sb-robot/microros_ws/install/composition_interfaces/include/composition_interfaces/composition_interfaces/srv/detail/list_nodes__struct.h
[13.195s] -- Installing: /home/user/robo/sb-robot/microros_ws/install/composition_interfaces/include/composition_interfaces/composition_interfaces/srv/list_nodes.h
[13.196s] -- Installing: /home/user/robo/sb-robot/microros_ws/install/composition_interfaces/include/composition_interfaces/composition_interfaces/msg
[13.196s] -- Installing: /home/user/robo/sb-robot/microros_ws/install/composition_interfaces/include/composition_interfaces/composition_interfaces/msg/rosidl_generator_c__visibility_control.h
[13.196s] -- Installing: /home/user/robo/sb-robot/microros_ws/install/composition_interfaces/share/composition_interfaces/environment/library_path.sh
[13.196s] -- Installing: /home/user/robo/sb-robot/microros_ws/install/composition_interfaces/share/composition_interfaces/environment/library_path.dsv
[13.196s] -- Installing: /home/user/robo/sb-robot/microros_ws/install/composition_interfaces/lib/libcomposition_interfaces__rosidl_generator_c.so
[13.196s] -- Set runtime path of "/home/user/robo/sb-robot/microros_ws/install/composition_interfaces/lib/libcomposition_interfaces__rosidl_generator_c.so" to ""
[13.196s] -- Up-to-date: /home/user/robo/sb-robot/microros_ws/install/composition_interfaces/include/composition_interfaces
[13.196s] -- Installing: /home/user/robo/sb-robot/microros_ws/install/composition_interfaces/include/composition_interfaces/srv
[13.196s] -- Installing: /home/user/robo/sb-robot/microros_ws/install/composition_interfaces/include/composition_interfaces/srv/detail
[13.196s] -- Installing: /home/user/robo/sb-robot/microros_ws/install/composition_interfaces/include/composition_interfaces/srv/detail/microxrcedds
[13.196s] -- Installing: /home/user/robo/sb-robot/microros_ws/install/composition_interfaces/include/composition_interfaces/srv/detail/list_nodes__rosidl_typesupport_microxrcedds_c.h
[13.196s] -- Installing: /home/user/robo/sb-robot/microros_ws/install/composition_interfaces/include/composition_interfaces/srv/detail/unload_node__rosidl_typesupport_microxrcedds_c.h
[13.197s] -- Installing: /home/user/robo/sb-robot/microros_ws/install/composition_interfaces/include/composition_interfaces/srv/detail/load_node__rosidl_typesupport_microxrcedds_c.h
[13.197s] -- Installing: /home/user/robo/sb-robot/microros_ws/install/composition_interfaces/include/composition_interfaces/msg
[13.197s] -- Installing: /home/user/robo/sb-robot/microros_ws/install/composition_interfaces/include/composition_interfaces/msg/rosidl_typesupport_microxrcedds_c__visibility_control.h
[13.197s] -- Installing: /home/user/robo/sb-robot/microros_ws/install/composition_interfaces/lib/libcomposition_interfaces__rosidl_typesupport_microxrcedds_c.so
[13.197s] -- Set runtime path of "/home/user/robo/sb-robot/microros_ws/install/composition_interfaces/lib/libcomposition_interfaces__rosidl_typesupport_microxrcedds_c.so" to ""
[13.197s] -- Up-to-date: /home/user/robo/sb-robot/microros_ws/install/composition_interfaces/include/composition_interfaces/composition_interfaces
[13.197s] -- Up-to-date: /home/user/robo/sb-robot/microros_ws/install/composition_interfaces/include/composition_interfaces/composition_interfaces/srv
[13.197s] -- Up-to-date: /home/user/robo/sb-robot/microros_ws/install/composition_interfaces/include/composition_interfaces/composition_interfaces/srv/detail
[13.197s] -- Installing: /home/user/robo/sb-robot/microros_ws/install/composition_interfaces/include/composition_interfaces/composition_interfaces/srv/detail/unload_node__rosidl_typesupport_fastrtps_c.h
[13.197s] -- Installing: /home/user/robo/sb-robot/microros_ws/install/composition_interfaces/include/composition_interfaces/composition_interfaces/srv/detail/load_node__rosidl_typesupport_fastrtps_c.h
[13.197s] -- Installing: /home/user/robo/sb-robot/microros_ws/install/composition_interfaces/include/composition_interfaces/composition_interfaces/srv/detail/list_nodes__rosidl_typesupport_fastrtps_c.h
[13.198s] -- Up-to-date: /home/user/robo/sb-robot/microros_ws/install/composition_interfaces/include/composition_interfaces/composition_interfaces/msg
[13.198s] -- Installing: /home/user/robo/sb-robot/microros_ws/install/composition_interfaces/include/composition_interfaces/composition_interfaces/msg/rosidl_typesupport_fastrtps_c__visibility_control.h
[13.198s] -- Installing: /home/user/robo/sb-robot/microros_ws/install/composition_interfaces/lib/libcomposition_interfaces__rosidl_typesupport_fastrtps_c.so
[13.198s] -- Set runtime path of "/home/user/robo/sb-robot/microros_ws/install/composition_interfaces/lib/libcomposition_interfaces__rosidl_typesupport_fastrtps_c.so" to ""
[13.198s] -- Up-to-date: /home/user/robo/sb-robot/microros_ws/install/composition_interfaces/include/composition_interfaces/composition_interfaces
[13.198s] -- Up-to-date: /home/user/robo/sb-robot/microros_ws/install/composition_interfaces/include/composition_interfaces/composition_interfaces/srv
[13.198s] -- Up-to-date: /home/user/robo/sb-robot/microros_ws/install/composition_interfaces/include/composition_interfaces/composition_interfaces/srv/detail
[13.198s] -- Installing: /home/user/robo/sb-robot/microros_ws/install/composition_interfaces/include/composition_interfaces/composition_interfaces/srv/detail/list_nodes__type_support.c
[13.198s] -- Installing: /home/user/robo/sb-robot/microros_ws/install/composition_interfaces/include/composition_interfaces/composition_interfaces/srv/detail/unload_node__rosidl_typesupport_introspection_c.h
[13.198s] -- Installing: /home/user/robo/sb-robot/microros_ws/install/composition_interfaces/include/composition_interfaces/composition_interfaces/srv/detail/load_node__type_support.c
[13.198s] -- Installing: /home/user/robo/sb-robot/microros_ws/install/composition_interfaces/include/composition_interfaces/composition_interfaces/srv/detail/list_nodes__rosidl_typesupport_introspection_c.h
[13.198s] -- Installing: /home/user/robo/sb-robot/microros_ws/install/composition_interfaces/include/composition_interfaces/composition_interfaces/srv/detail/unload_node__type_support.c
[13.199s] -- Installing: /home/user/robo/sb-robot/microros_ws/install/composition_interfaces/include/composition_interfaces/composition_interfaces/srv/detail/load_node__rosidl_typesupport_introspection_c.h
[13.199s] -- Up-to-date: /home/user/robo/sb-robot/microros_ws/install/composition_interfaces/include/composition_interfaces/composition_interfaces/msg
[13.199s] -- Installing: /home/user/robo/sb-robot/microros_ws/install/composition_interfaces/include/composition_interfaces/composition_interfaces/msg/rosidl_typesupport_introspection_c__visibility_control.h
[13.199s] -- Installing: /home/user/robo/sb-robot/microros_ws/install/composition_interfaces/lib/libcomposition_interfaces__rosidl_typesupport_introspection_c.so
[13.199s] -- Set runtime path of "/home/user/robo/sb-robot/microros_ws/install/composition_interfaces/lib/libcomposition_interfaces__rosidl_typesupport_introspection_c.so" to ""
[13.199s] -- Installing: /home/user/robo/sb-robot/microros_ws/install/composition_interfaces/lib/libcomposition_interfaces__rosidl_typesupport_c.so
[13.199s] -- Set runtime path of "/home/user/robo/sb-robot/microros_ws/install/composition_interfaces/lib/libcomposition_interfaces__rosidl_typesupport_c.so" to ""
[13.199s] -- Up-to-date: /home/user/robo/sb-robot/microros_ws/install/composition_interfaces/include/composition_interfaces/composition_interfaces
[13.199s] -- Up-to-date: /home/user/robo/sb-robot/microros_ws/install/composition_interfaces/include/composition_interfaces/composition_interfaces/srv
[13.199s] -- Installing: /home/user/robo/sb-robot/microros_ws/install/composition_interfaces/include/composition_interfaces/composition_interfaces/srv/list_nodes.hpp
[13.199s] -- Installing: /home/user/robo/sb-robot/microros_ws/install/composition_interfaces/include/composition_interfaces/composition_interfaces/srv/unload_node.hpp
[13.199s] -- Up-to-date: /home/user/robo/sb-robot/microros_ws/install/composition_interfaces/include/composition_interfaces/composition_interfaces/srv/detail
[13.199s] -- Installing: /home/user/robo/sb-robot/microros_ws/install/composition_interfaces/include/composition_interfaces/composition_interfaces/srv/detail/load_node__builder.hpp
[13.200s] -- Installing: /home/user/robo/sb-robot/microros_ws/install/composition_interfaces/include/composition_interfaces/composition_interfaces/srv/detail/unload_node__traits.hpp
[13.200s] -- Installing: /home/user/robo/sb-robot/microros_ws/install/composition_interfaces/include/composition_interfaces/composition_interfaces/srv/detail/unload_node__builder.hpp
[13.200s] -- Installing: /home/user/robo/sb-robot/microros_ws/install/composition_interfaces/include/composition_interfaces/composition_interfaces/srv/detail/unload_node__struct.hpp
[13.200s] -- Installing: /home/user/robo/sb-robot/microros_ws/install/composition_interfaces/include/composition_interfaces/composition_interfaces/srv/detail/list_nodes__traits.hpp
[13.200s] -- Installing: /home/user/robo/sb-robot/microros_ws/install/composition_interfaces/include/composition_interfaces/composition_interfaces/srv/detail/load_node__traits.hpp
[13.200s] -- Installing: /home/user/robo/sb-robot/microros_ws/install/composition_interfaces/include/composition_interfaces/composition_interfaces/srv/detail/list_nodes__struct.hpp
[13.200s] -- Installing: /home/user/robo/sb-robot/microros_ws/install/composition_interfaces/include/composition_interfaces/composition_interfaces/srv/detail/load_node__struct.hpp
[13.200s] -- Installing: /home/user/robo/sb-robot/microros_ws/install/composition_interfaces/include/composition_interfaces/composition_interfaces/srv/detail/list_nodes__type_support.hpp
[13.200s] -- Installing: /home/user/robo/sb-robot/microros_ws/install/composition_interfaces/include/composition_interfaces/composition_interfaces/srv/detail/load_node__type_support.hpp
[13.200s] -- Installing: /home/user/robo/sb-robot/microros_ws/install/composition_interfaces/include/composition_interfaces/composition_interfaces/srv/detail/list_nodes__builder.hpp
[13.200s] -- Installing: /home/user/robo/sb-robot/microros_ws/install/composition_interfaces/include/composition_interfaces/composition_interfaces/srv/detail/unload_node__type_support.hpp
[13.200s] -- Installing: /home/user/robo/sb-robot/microros_ws/install/composition_interfaces/include/composition_interfaces/composition_interfaces/srv/load_node.hpp
[13.200s] -- Up-to-date: /home/user/robo/sb-robot/microros_ws/install/composition_interfaces/include/composition_interfaces/composition_interfaces/msg
[13.200s] -- Installing: /home/user/robo/sb-robot/microros_ws/install/composition_interfaces/include/composition_interfaces/composition_interfaces/msg/rosidl_generator_cpp__visibility_control.hpp
[13.200s] -- Up-to-date: /home/user/robo/sb-robot/microros_ws/install/composition_interfaces/include/composition_interfaces
[13.200s] -- Up-to-date: /home/user/robo/sb-robot/microros_ws/install/composition_interfaces/include/composition_interfaces/srv
[13.200s] -- Up-to-date: /home/user/robo/sb-robot/microros_ws/install/composition_interfaces/include/composition_interfaces/srv/detail
[13.200s] -- Up-to-date: /home/user/robo/sb-robot/microros_ws/install/composition_interfaces/include/composition_interfaces/srv/detail/microxrcedds
[13.200s] -- Installing: /home/user/robo/sb-robot/microros_ws/install/composition_interfaces/include/composition_interfaces/srv/detail/microxrcedds/load_node__type_support_cpp.cpp
[13.200s] -- Installing: /home/user/robo/sb-robot/microros_ws/install/composition_interfaces/include/composition_interfaces/srv/detail/microxrcedds/unload_node__type_support_cpp.cpp
[13.200s] -- Installing: /home/user/robo/sb-robot/microros_ws/install/composition_interfaces/include/composition_interfaces/srv/detail/microxrcedds/list_nodes__type_support_cpp.cpp
[13.200s] -- Installing: /home/user/robo/sb-robot/microros_ws/install/composition_interfaces/include/composition_interfaces/srv/detail/load_node__rosidl_typesupport_microxrcedds_cpp.hpp
[13.200s] -- Installing: /home/user/robo/sb-robot/microros_ws/install/composition_interfaces/include/composition_interfaces/srv/detail/list_nodes__rosidl_typesupport_microxrcedds_cpp.hpp
[13.201s] -- Installing: /home/user/robo/sb-robot/microros_ws/install/composition_interfaces/include/composition_interfaces/srv/detail/unload_node__rosidl_typesupport_microxrcedds_cpp.hpp
[13.201s] -- Up-to-date: /home/user/robo/sb-robot/microros_ws/install/composition_interfaces/include/composition_interfaces/msg
[13.201s] -- Installing: /home/user/robo/sb-robot/microros_ws/install/composition_interfaces/include/composition_interfaces/msg/rosidl_typesupport_microxrcedds_cpp__visibility_control.h
[13.201s] -- Installing: /home/user/robo/sb-robot/microros_ws/install/composition_interfaces/lib/libcomposition_interfaces__rosidl_typesupport_microxrcedds_cpp.so
[13.201s] -- Set runtime path of "/home/user/robo/sb-robot/microros_ws/install/composition_interfaces/lib/libcomposition_interfaces__rosidl_typesupport_microxrcedds_cpp.so" to ""
[13.201s] -- Up-to-date: /home/user/robo/sb-robot/microros_ws/install/composition_interfaces/include/composition_interfaces/composition_interfaces
[13.201s] -- Up-to-date: /home/user/robo/sb-robot/microros_ws/install/composition_interfaces/include/composition_interfaces/composition_interfaces/srv
[13.201s] -- Up-to-date: /home/user/robo/sb-robot/microros_ws/install/composition_interfaces/include/composition_interfaces/composition_interfaces/srv/detail
[13.201s] -- Installing: /home/user/robo/sb-robot/microros_ws/install/composition_interfaces/include/composition_interfaces/composition_interfaces/srv/detail/load_node__rosidl_typesupport_fastrtps_cpp.hpp
[13.201s] -- Installing: /home/user/robo/sb-robot/microros_ws/install/composition_interfaces/include/composition_interfaces/composition_interfaces/srv/detail/list_nodes__rosidl_typesupport_fastrtps_cpp.hpp
[13.201s] -- Installing: /home/user/robo/sb-robot/microros_ws/install/composition_interfaces/include/composition_interfaces/composition_interfaces/srv/detail/unload_node__rosidl_typesupport_fastrtps_cpp.hpp
[13.201s] -- Installing: /home/user/robo/sb-robot/microros_ws/install/composition_interfaces/include/composition_interfaces/composition_interfaces/srv/detail/dds_fastrtps
[13.201s] -- Up-to-date: /home/user/robo/sb-robot/microros_ws/install/composition_interfaces/include/composition_interfaces/composition_interfaces/msg
[13.201s] -- Installing: /home/user/robo/sb-robot/microros_ws/install/composition_interfaces/include/composition_interfaces/composition_interfaces/msg/rosidl_typesupport_fastrtps_cpp__visibility_control.h
[13.201s] -- Installing: /home/user/robo/sb-robot/microros_ws/install/composition_interfaces/lib/libcomposition_interfaces__rosidl_typesupport_fastrtps_cpp.so
[13.201s] -- Set runtime path of "/home/user/robo/sb-robot/microros_ws/install/composition_interfaces/lib/libcomposition_interfaces__rosidl_typesupport_fastrtps_cpp.so" to ""
[13.201s] -- Up-to-date: /home/user/robo/sb-robot/microros_ws/install/composition_interfaces/include/composition_interfaces/composition_interfaces
[13.201s] -- Up-to-date: /home/user/robo/sb-robot/microros_ws/install/composition_interfaces/include/composition_interfaces/composition_interfaces/srv
[13.201s] -- Up-to-date: /home/user/robo/sb-robot/microros_ws/install/composition_interfaces/include/composition_interfaces/composition_interfaces/srv/detail
[13.201s] -- Installing: /home/user/robo/sb-robot/microros_ws/install/composition_interfaces/include/composition_interfaces/composition_interfaces/srv/detail/unload_node__rosidl_typesupport_introspection_cpp.hpp
[13.201s] -- Installing: /home/user/robo/sb-robot/microros_ws/install/composition_interfaces/include/composition_interfaces/composition_interfaces/srv/detail/load_node__rosidl_typesupport_introspection_cpp.hpp
[13.201s] -- Installing: /home/user/robo/sb-robot/microros_ws/install/composition_interfaces/include/composition_interfaces/composition_interfaces/srv/detail/list_nodes__rosidl_typesupport_introspection_cpp.hpp
[13.201s] -- Installing: /home/user/robo/sb-robot/microros_ws/install/composition_interfaces/include/composition_interfaces/composition_interfaces/srv/detail/load_node__type_support.cpp
[13.201s] -- Installing: /home/user/robo/sb-robot/microros_ws/install/composition_interfaces/include/composition_interfaces/composition_interfaces/srv/detail/unload_node__type_support.cpp
[13.201s] -- Installing: /home/user/robo/sb-robot/microros_ws/install/composition_interfaces/include/composition_interfaces/composition_interfaces/srv/detail/list_nodes__type_support.cpp
[13.201s] -- Installing: /home/user/robo/sb-robot/microros_ws/install/composition_interfaces/lib/libcomposition_interfaces__rosidl_typesupport_introspection_cpp.so
[13.201s] -- Set runtime path of "/home/user/robo/sb-robot/microros_ws/install/composition_interfaces/lib/libcomposition_interfaces__rosidl_typesupport_introspection_cpp.so" to ""
[13.201s] -- Installing: /home/user/robo/sb-robot/microros_ws/install/composition_interfaces/lib/libcomposition_interfaces__rosidl_typesupport_cpp.so
[13.201s] -- Set runtime path of "/home/user/robo/sb-robot/microros_ws/install/composition_interfaces/lib/libcomposition_interfaces__rosidl_typesupport_cpp.so" to ""
[13.201s] -- Installing: /home/user/robo/sb-robot/microros_ws/install/composition_interfaces/share/composition_interfaces/environment/pythonpath.sh
[13.202s] -- Installing: /home/user/robo/sb-robot/microros_ws/install/composition_interfaces/share/composition_interfaces/environment/pythonpath.dsv
[13.202s] -- Installing: /home/user/robo/sb-robot/microros_ws/install/composition_interfaces/local/lib/python3.10/dist-packages/composition_interfaces-1.2.1-py3.10.egg-info
[13.202s] -- Installing: /home/user/robo/sb-robot/microros_ws/install/composition_interfaces/local/lib/python3.10/dist-packages/composition_interfaces-1.2.1-py3.10.egg-info/top_level.txt
[13.202s] -- Installing: /home/user/robo/sb-robot/microros_ws/install/composition_interfaces/local/lib/python3.10/dist-packages/composition_interfaces-1.2.1-py3.10.egg-info/dependency_links.txt
[13.202s] -- Installing: /home/user/robo/sb-robot/microros_ws/install/composition_interfaces/local/lib/python3.10/dist-packages/composition_interfaces-1.2.1-py3.10.egg-info/PKG-INFO
[13.202s] -- Installing: /home/user/robo/sb-robot/microros_ws/install/composition_interfaces/local/lib/python3.10/dist-packages/composition_interfaces-1.2.1-py3.10.egg-info/SOURCES.txt
[13.202s] -- Installing: /home/user/robo/sb-robot/microros_ws/install/composition_interfaces/local/lib/python3.10/dist-packages/composition_interfaces
[13.202s] -- Installing: /home/user/robo/sb-robot/microros_ws/install/composition_interfaces/local/lib/python3.10/dist-packages/composition_interfaces/libcomposition_interfaces__rosidl_generator_py.so
[13.202s] -- Installing: /home/user/robo/sb-robot/microros_ws/install/composition_interfaces/local/lib/python3.10/dist-packages/composition_interfaces/composition_interfaces_s__rosidl_typesupport_fastrtps_c.cpython-310-x86_64-linux-gnu.so
[13.202s] -- Installing: /home/user/robo/sb-robot/microros_ws/install/composition_interfaces/local/lib/python3.10/dist-packages/composition_interfaces/srv
[13.202s] -- Installing: /home/user/robo/sb-robot/microros_ws/install/composition_interfaces/local/lib/python3.10/dist-packages/composition_interfaces/srv/_load_node.py
[13.202s] -- Installing: /home/user/robo/sb-robot/microros_ws/install/composition_interfaces/local/lib/python3.10/dist-packages/composition_interfaces/srv/_unload_node.py
[13.202s] -- Installing: /home/user/robo/sb-robot/microros_ws/install/composition_interfaces/local/lib/python3.10/dist-packages/composition_interfaces/srv/_list_nodes.py
[13.202s] -- Installing: /home/user/robo/sb-robot/microros_ws/install/composition_interfaces/local/lib/python3.10/dist-packages/composition_interfaces/srv/_list_nodes_s.c
[13.202s] -- Installing: /home/user/robo/sb-robot/microros_ws/install/composition_interfaces/local/lib/python3.10/dist-packages/composition_interfaces/srv/__init__.py
[13.202s] -- Installing: /home/user/robo/sb-robot/microros_ws/install/composition_interfaces/local/lib/python3.10/dist-packages/composition_interfaces/srv/_unload_node_s.c
[13.202s] -- Installing: /home/user/robo/sb-robot/microros_ws/install/composition_interfaces/local/lib/python3.10/dist-packages/composition_interfaces/srv/_load_node_s.c
[13.202s] -- Installing: /home/user/robo/sb-robot/microros_ws/install/composition_interfaces/local/lib/python3.10/dist-packages/composition_interfaces/_composition_interfaces_s.ep.rosidl_typesupport_c.c
[13.202s] -- Installing: /home/user/robo/sb-robot/microros_ws/install/composition_interfaces/local/lib/python3.10/dist-packages/composition_interfaces/__init__.py
[13.202s] -- Installing: /home/user/robo/sb-robot/microros_ws/install/composition_interfaces/local/lib/python3.10/dist-packages/composition_interfaces/_composition_interfaces_s.ep.rosidl_typesupport_microxrcedds_c.c
[13.202s] -- Installing: /home/user/robo/sb-robot/microros_ws/install/composition_interfaces/local/lib/python3.10/dist-packages/composition_interfaces/composition_interfaces_s__rosidl_typesupport_c.cpython-310-x86_64-linux-gnu.so
[13.202s] -- Installing: /home/user/robo/sb-robot/microros_ws/install/composition_interfaces/local/lib/python3.10/dist-packages/composition_interfaces/_composition_interfaces_s.ep.rosidl_typesupport_fastrtps_c.c
[13.202s] -- Installing: /home/user/robo/sb-robot/microros_ws/install/composition_interfaces/local/lib/python3.10/dist-packages/composition_interfaces/composition_interfaces_s__rosidl_typesupport_microxrcedds_c.cpython-310-x86_64-linux-gnu.so
[13.202s] -- Installing: /home/user/robo/sb-robot/microros_ws/install/composition_interfaces/local/lib/python3.10/dist-packages/composition_interfaces/composition_interfaces_s__rosidl_typesupport_introspection_c.cpython-310-x86_64-linux-gnu.so
[13.202s] -- Installing: /home/user/robo/sb-robot/microros_ws/install/composition_interfaces/local/lib/python3.10/dist-packages/composition_interfaces/_composition_interfaces_s.ep.rosidl_typesupport_introspection_c.c
[13.242s] Listing '/home/user/robo/sb-robot/microros_ws/install/composition_interfaces/local/lib/python3.10/dist-packages/composition_interfaces'...
[13.242s] Compiling '/home/user/robo/sb-robot/microros_ws/install/composition_interfaces/local/lib/python3.10/dist-packages/composition_interfaces/__init__.py'...
[13.242s] Listing '/home/user/robo/sb-robot/microros_ws/install/composition_interfaces/local/lib/python3.10/dist-packages/composition_interfaces/srv'...
[13.242s] Compiling '/home/user/robo/sb-robot/microros_ws/install/composition_interfaces/local/lib/python3.10/dist-packages/composition_interfaces/srv/__init__.py'...
[13.243s] Compiling '/home/user/robo/sb-robot/microros_ws/install/composition_interfaces/local/lib/python3.10/dist-packages/composition_interfaces/srv/_list_nodes.py'...
[13.243s] Compiling '/home/user/robo/sb-robot/microros_ws/install/composition_interfaces/local/lib/python3.10/dist-packages/composition_interfaces/srv/_load_node.py'...
[13.243s] Compiling '/home/user/robo/sb-robot/microros_ws/install/composition_interfaces/local/lib/python3.10/dist-packages/composition_interfaces/srv/_unload_node.py'...
[13.248s] -- Installing: /home/user/robo/sb-robot/microros_ws/install/composition_interfaces/local/lib/python3.10/dist-packages/composition_interfaces/composition_interfaces_s__rosidl_typesupport_microxrcedds_c.cpython-310-x86_64-linux-gnu.so
[13.248s] -- Set runtime path of "/home/user/robo/sb-robot/microros_ws/install/composition_interfaces/local/lib/python3.10/dist-packages/composition_interfaces/composition_interfaces_s__rosidl_typesupport_microxrcedds_c.cpython-310-x86_64-linux-gnu.so" to ""
[13.248s] -- Installing: /home/user/robo/sb-robot/microros_ws/install/composition_interfaces/local/lib/python3.10/dist-packages/composition_interfaces/composition_interfaces_s__rosidl_typesupport_fastrtps_c.cpython-310-x86_64-linux-gnu.so
[13.248s] -- Set runtime path of "/home/user/robo/sb-robot/microros_ws/install/composition_interfaces/local/lib/python3.10/dist-packages/composition_interfaces/composition_interfaces_s__rosidl_typesupport_fastrtps_c.cpython-310-x86_64-linux-gnu.so" to ""
[13.248s] -- Installing: /home/user/robo/sb-robot/microros_ws/install/composition_interfaces/local/lib/python3.10/dist-packages/composition_interfaces/composition_interfaces_s__rosidl_typesupport_introspection_c.cpython-310-x86_64-linux-gnu.so
[13.249s] -- Set runtime path of "/home/user/robo/sb-robot/microros_ws/install/composition_interfaces/local/lib/python3.10/dist-packages/composition_interfaces/composition_interfaces_s__rosidl_typesupport_introspection_c.cpython-310-x86_64-linux-gnu.so" to ""
[13.249s] -- Installing: /home/user/robo/sb-robot/microros_ws/install/composition_interfaces/local/lib/python3.10/dist-packages/composition_interfaces/composition_interfaces_s__rosidl_typesupport_c.cpython-310-x86_64-linux-gnu.so
[13.249s] -- Set runtime path of "/home/user/robo/sb-robot/microros_ws/install/composition_interfaces/local/lib/python3.10/dist-packages/composition_interfaces/composition_interfaces_s__rosidl_typesupport_c.cpython-310-x86_64-linux-gnu.so" to ""
[13.249s] -- Installing: /home/user/robo/sb-robot/microros_ws/install/composition_interfaces/lib/libcomposition_interfaces__rosidl_generator_py.so
[13.249s] -- Set runtime path of "/home/user/robo/sb-robot/microros_ws/install/composition_interfaces/lib/libcomposition_interfaces__rosidl_generator_py.so" to ""
[13.250s] -- Installing: /home/user/robo/sb-robot/microros_ws/install/composition_interfaces/share/composition_interfaces/srv/LoadNode.idl
[13.250s] -- Installing: /home/user/robo/sb-robot/microros_ws/install/composition_interfaces/share/composition_interfaces/srv/ListNodes.idl
[13.250s] -- Installing: /home/user/robo/sb-robot/microros_ws/install/composition_interfaces/share/composition_interfaces/srv/UnloadNode.idl
[13.250s] -- Installing: /home/user/robo/sb-robot/microros_ws/install/composition_interfaces/share/composition_interfaces/srv/LoadNode.srv
[13.250s] -- Installing: /home/user/robo/sb-robot/microros_ws/install/composition_interfaces/share/composition_interfaces/srv/LoadNode_Request.msg
[13.250s] -- Installing: /home/user/robo/sb-robot/microros_ws/install/composition_interfaces/share/composition_interfaces/srv/LoadNode_Response.msg
[13.250s] -- Installing: /home/user/robo/sb-robot/microros_ws/install/composition_interfaces/share/composition_interfaces/srv/ListNodes.srv
[13.250s] -- Installing: /home/user/robo/sb-robot/microros_ws/install/composition_interfaces/share/composition_interfaces/srv/ListNodes_Request.msg
[13.250s] -- Installing: /home/user/robo/sb-robot/microros_ws/install/composition_interfaces/share/composition_interfaces/srv/ListNodes_Response.msg
[13.250s] -- Installing: /home/user/robo/sb-robot/microros_ws/install/composition_interfaces/share/composition_interfaces/srv/UnloadNode.srv
[13.250s] -- Installing: /home/user/robo/sb-robot/microros_ws/install/composition_interfaces/share/composition_interfaces/srv/UnloadNode_Request.msg
[13.251s] -- Installing: /home/user/robo/sb-robot/microros_ws/install/composition_interfaces/share/composition_interfaces/srv/UnloadNode_Response.msg
[13.251s] -- Installing: /home/user/robo/sb-robot/microros_ws/install/composition_interfaces/share/ament_index/resource_index/package_run_dependencies/composition_interfaces
[13.251s] -- Installing: /home/user/robo/sb-robot/microros_ws/install/composition_interfaces/share/ament_index/resource_index/parent_prefix_path/composition_interfaces
[13.251s] -- Installing: /home/user/robo/sb-robot/microros_ws/install/composition_interfaces/share/composition_interfaces/environment/ament_prefix_path.sh
[13.251s] -- Installing: /home/user/robo/sb-robot/microros_ws/install/composition_interfaces/share/composition_interfaces/environment/ament_prefix_path.dsv
[13.251s] -- Installing: /home/user/robo/sb-robot/microros_ws/install/composition_interfaces/share/composition_interfaces/environment/path.sh
[13.251s] -- Installing: /home/user/robo/sb-robot/microros_ws/install/composition_interfaces/share/composition_interfaces/environment/path.dsv
[13.251s] -- Installing: /home/user/robo/sb-robot/microros_ws/install/composition_interfaces/share/composition_interfaces/local_setup.bash
[13.252s] -- Installing: /home/user/robo/sb-robot/microros_ws/install/composition_interfaces/share/composition_interfaces/local_setup.sh
[13.252s] -- Installing: /home/user/robo/sb-robot/microros_ws/install/composition_interfaces/share/composition_interfaces/local_setup.zsh
[13.252s] -- Installing: /home/user/robo/sb-robot/microros_ws/install/composition_interfaces/share/composition_interfaces/local_setup.dsv
[13.252s] -- Installing: /home/user/robo/sb-robot/microros_ws/install/composition_interfaces/share/composition_interfaces/package.dsv
[13.252s] -- Installing: /home/user/robo/sb-robot/microros_ws/install/composition_interfaces/share/ament_index/resource_index/packages/composition_interfaces
[13.252s] -- Installing: /home/user/robo/sb-robot/microros_ws/install/composition_interfaces/share/composition_interfaces/cmake/export_composition_interfaces__rosidl_generator_cExport.cmake
[13.252s] -- Installing: /home/user/robo/sb-robot/microros_ws/install/composition_interfaces/share/composition_interfaces/cmake/export_composition_interfaces__rosidl_generator_cExport-noconfig.cmake
[13.253s] -- Installing: /home/user/robo/sb-robot/microros_ws/install/composition_interfaces/share/composition_interfaces/cmake/export_composition_interfaces__rosidl_typesupport_fastrtps_cExport.cmake
[13.253s] -- Installing: /home/user/robo/sb-robot/microros_ws/install/composition_interfaces/share/composition_interfaces/cmake/export_composition_interfaces__rosidl_typesupport_fastrtps_cExport-noconfig.cmake
[13.253s] -- Installing: /home/user/robo/sb-robot/microros_ws/install/composition_interfaces/share/composition_interfaces/cmake/composition_interfaces__rosidl_typesupport_introspection_cExport.cmake
[13.253s] -- Installing: /home/user/robo/sb-robot/microros_ws/install/composition_interfaces/share/composition_interfaces/cmake/composition_interfaces__rosidl_typesupport_introspection_cExport-noconfig.cmake
[13.253s] -- Installing: /home/user/robo/sb-robot/microros_ws/install/composition_interfaces/share/composition_interfaces/cmake/composition_interfaces__rosidl_typesupport_cExport.cmake
[13.253s] -- Installing: /home/user/robo/sb-robot/microros_ws/install/composition_interfaces/share/composition_interfaces/cmake/composition_interfaces__rosidl_typesupport_cExport-noconfig.cmake
[13.253s] -- Installing: /home/user/robo/sb-robot/microros_ws/install/composition_interfaces/share/composition_interfaces/cmake/export_composition_interfaces__rosidl_generator_cppExport.cmake
[13.254s] -- Installing: /home/user/robo/sb-robot/microros_ws/install/composition_interfaces/share/composition_interfaces/cmake/export_composition_interfaces__rosidl_typesupport_fastrtps_cppExport.cmake
[13.254s] -- Installing: /home/user/robo/sb-robot/microros_ws/install/composition_interfaces/share/composition_interfaces/cmake/export_composition_interfaces__rosidl_typesupport_fastrtps_cppExport-noconfig.cmake
[13.254s] -- Installing: /home/user/robo/sb-robot/microros_ws/install/composition_interfaces/share/composition_interfaces/cmake/composition_interfaces__rosidl_typesupport_introspection_cppExport.cmake
[13.254s] -- Installing: /home/user/robo/sb-robot/microros_ws/install/composition_interfaces/share/composition_interfaces/cmake/composition_interfaces__rosidl_typesupport_introspection_cppExport-noconfig.cmake
[13.254s] -- Installing: /home/user/robo/sb-robot/microros_ws/install/composition_interfaces/share/composition_interfaces/cmake/composition_interfaces__rosidl_typesupport_cppExport.cmake
[13.254s] -- Installing: /home/user/robo/sb-robot/microros_ws/install/composition_interfaces/share/composition_interfaces/cmake/composition_interfaces__rosidl_typesupport_cppExport-noconfig.cmake
[13.254s] -- Installing: /home/user/robo/sb-robot/microros_ws/install/composition_interfaces/share/composition_interfaces/cmake/export_composition_interfaces__rosidl_generator_pyExport.cmake
[13.255s] -- Installing: /home/user/robo/sb-robot/microros_ws/install/composition_interfaces/share/composition_interfaces/cmake/export_composition_interfaces__rosidl_generator_pyExport-noconfig.cmake
[13.255s] -- Installing: /home/user/robo/sb-robot/microros_ws/install/composition_interfaces/share/composition_interfaces/cmake/rosidl_cmake-extras.cmake
[13.255s] -- Installing: /home/user/robo/sb-robot/microros_ws/install/composition_interfaces/share/composition_interfaces/cmake/ament_cmake_export_dependencies-extras.cmake
[13.255s] -- Installing: /home/user/robo/sb-robot/microros_ws/install/composition_interfaces/share/composition_interfaces/cmake/ament_cmake_export_include_directories-extras.cmake
[13.255s] -- Installing: /home/user/robo/sb-robot/microros_ws/install/composition_interfaces/share/composition_interfaces/cmake/ament_cmake_export_libraries-extras.cmake
[13.255s] -- Installing: /home/user/robo/sb-robot/microros_ws/install/composition_interfaces/share/composition_interfaces/cmake/ament_cmake_export_targets-extras.cmake
[13.255s] -- Installing: /home/user/robo/sb-robot/microros_ws/install/composition_interfaces/share/composition_interfaces/cmake/rosidl_cmake_export_typesupport_targets-extras.cmake
[13.256s] -- Installing: /home/user/robo/sb-robot/microros_ws/install/composition_interfaces/share/composition_interfaces/cmake/rosidl_cmake_export_typesupport_libraries-extras.cmake
[13.256s] -- Installing: /home/user/robo/sb-robot/microros_ws/install/composition_interfaces/share/composition_interfaces/cmake/composition_interfacesConfig.cmake
[13.256s] -- Installing: /home/user/robo/sb-robot/microros_ws/install/composition_interfaces/share/composition_interfaces/cmake/composition_interfacesConfig-version.cmake
[13.256s] -- Installing: /home/user/robo/sb-robot/microros_ws/install/composition_interfaces/share/composition_interfaces/package.xml
[13.259s] Invoked command in '/home/user/robo/sb-robot/microros_ws/build/composition_interfaces' returned '0': AMENT_PREFIX_PATH=/home/user/robo/sb-robot/microros_ws/install/rcl_interfaces:${AMENT_PREFIX_PATH} CMAKE_PREFIX_PATH=/home/user/robo/sb-robot/microros_ws/install/rcl_interfaces:/home/user/robo/sb-robot/microros_ws/install/builtin_interfaces:/home/user/robo/sb-robot/microros_ws/src/install/action_msgs:/home/user/robo/sb-robot/microros_ws/src/install/unique_identifier_msgs:/home/user/robo/sb-robot/microros_ws/src/install/std_srvs:/home/user/robo/sb-robot/microros_ws/src/install/statistics_msgs:/home/user/robo/sb-robot/microros_ws/src/install/rmw_microxrcedds:/home/user/robo/sb-robot/microros_ws/src/install/rosidl_typesupport_microxrcedds_cpp:/home/user/robo/sb-robot/microros_ws/src/install/rosidl_typesupport_microxrcedds_c:/home/user/robo/sb-robot/microros_ws/src/install/rosgraph_msgs:/home/user/robo/sb-robot/microros_ws/src/install/microxrcedds_client:/home/user/robo/sb-robot/microros_ws/src/install/microcdr:/home/user/robo/sb-robot/microros_ws/src/install/micro_ros_utilities:/home/user/robo/sb-robot/microros_ws/src/install/micro_ros_setup:/home/user/robo/sb-robot/microros_ws/src/install/micro_ros_msgs:/home/user/robo/sb-robot/microros_ws/src/install/lifecycle_msgs:/home/user/robo/sb-robot/microros_ws/src/install/complex_msgs:/home/user/robo/sb-robot/microros_ws/src/install/builtin_interfaces:/home/user/robo/sb-robot/microros_ws/install/micro_ros_setup:/home/user/robo/sb-robot/microros_ws/install/micro_ros_agent:/home/user/robo/sb-robot/microros_ws/install/micro_ros_msgs:/opt/ros/humble LD_LIBRARY_PATH=/home/user/robo/sb-robot/microros_ws/install/rcl_interfaces/lib:/home/user/robo/sb-robot/microros_ws/install/builtin_interfaces/lib:/home/user/robo/sb-robot/microros_ws/src/install/action_msgs/lib:/home/user/robo/sb-robot/microros_ws/src/install/unique_identifier_msgs/lib:/home/user/robo/sb-robot/microros_ws/src/install/std_srvs/lib:/home/user/robo/sb-robot/microros_ws/src/install/statistics_msgs/lib:/home/user/robo/sb-robot/microros_ws/src/install/rmw_microxrcedds/lib:/home/user/robo/sb-robot/microros_ws/src/install/rosidl_typesupport_microxrcedds_cpp/lib:/home/user/robo/sb-robot/microros_ws/src/install/rosidl_typesupport_microxrcedds_c/lib:/home/user/robo/sb-robot/microros_ws/src/install/rosgraph_msgs/lib:/home/user/robo/sb-robot/microros_ws/src/install/microxrcedds_client/lib:/home/user/robo/sb-robot/microros_ws/src/install/microcdr/lib:/home/user/robo/sb-robot/microros_ws/src/install/micro_ros_utilities/lib:/home/user/robo/sb-robot/microros_ws/src/install/micro_ros_msgs/lib:/home/user/robo/sb-robot/microros_ws/src/install/lifecycle_msgs/lib:/home/user/robo/sb-robot/microros_ws/src/install/complex_msgs/lib:/home/user/robo/sb-robot/microros_ws/src/install/builtin_interfaces/lib:/home/user/robo/sb-robot/microros_ws/install/micro_ros_agent/lib:/home/user/robo/sb-robot/microros_ws/install/micro_ros_msgs/lib:/usr/lib/x86_64-linux-gnu/gazebo-11/plugins:/opt/ros/humble/opt/rviz_ogre_vendor/lib:/opt/ros/humble/lib/x86_64-linux-gnu:/opt/ros/humble/lib PYTHONPATH=/home/user/robo/sb-robot/microros_ws/install/rcl_interfaces/local/lib/python3.10/dist-packages:${PYTHONPATH} /usr/bin/cmake --install /home/user/robo/sb-robot/microros_ws/build/composition_interfaces
