[0.006s] Invoking command in '/home/user/robo/sb-robot/ros_ws/build/sb_robot': CMAKE_PREFIX_PATH=/opt/ros/humble /usr/bin/cmake /home/user/robo/sb-robot/ros_ws/src/sb_robot -DCMAKE_INSTALL_PREFIX=/home/user/robo/sb-robot/ros_ws/install/sb_robot
[0.013s] -- Found ament_cmake: 1.3.11 (/opt/ros/humble/share/ament_cmake/cmake)
[0.083s] -- Override CMake install command with custom implementation using symlinks instead of copying resources
[0.086s] -- Found ament_lint_auto: 0.12.11 (/opt/ros/humble/share/ament_lint_auto/cmake)
[0.129s] -- Configuring done
[0.130s] -- Generating done
[0.131s] -- Build files have been written to: /home/user/robo/sb-robot/ros_ws/build/sb_robot
[0.132s] Invoked command in '/home/user/robo/sb-robot/ros_ws/build/sb_robot' returned '0': CMAKE_PREFIX_PATH=/opt/ros/humble /usr/bin/cmake /home/user/robo/sb-robot/ros_ws/src/sb_robot -DCMAKE_INSTALL_PREFIX=/home/user/robo/sb-robot/ros_ws/install/sb_robot
[0.134s] Invoking command in '/home/user/robo/sb-robot/ros_ws/build/sb_robot': CMAKE_PREFIX_PATH=/opt/ros/humble /usr/bin/cmake --build /home/user/robo/sb-robot/ros_ws/build/sb_robot -- -j20 -l20
[0.157s] Invoked command in '/home/user/robo/sb-robot/ros_ws/build/sb_robot' returned '0': CMAKE_PREFIX_PATH=/opt/ros/humble /usr/bin/cmake --build /home/user/robo/sb-robot/ros_ws/build/sb_robot -- -j20 -l20
[0.165s] Invoking command in '/home/user/robo/sb-robot/ros_ws/build/sb_robot': CMAKE_PREFIX_PATH=/opt/ros/humble /usr/bin/cmake --install /home/user/robo/sb-robot/ros_ws/build/sb_robot
[0.170s] -- Install configuration: ""
[0.171s] -- Execute custom install script
[0.171s] -- Up-to-date symlink: /home/user/robo/sb-robot/ros_ws/install/sb_robot/share/ament_index/resource_index/package_run_dependencies/sb_robot
[0.171s] -- Up-to-date symlink: /home/user/robo/sb-robot/ros_ws/install/sb_robot/share/ament_index/resource_index/parent_prefix_path/sb_robot
[0.171s] -- Up-to-date symlink: /home/user/robo/sb-robot/ros_ws/install/sb_robot/share/sb_robot/environment/ament_prefix_path.sh
[0.171s] -- Up-to-date symlink: /home/user/robo/sb-robot/ros_ws/install/sb_robot/share/sb_robot/environment/ament_prefix_path.dsv
[0.171s] -- Up-to-date symlink: /home/user/robo/sb-robot/ros_ws/install/sb_robot/share/sb_robot/environment/path.sh
[0.171s] -- Up-to-date symlink: /home/user/robo/sb-robot/ros_ws/install/sb_robot/share/sb_robot/environment/path.dsv
[0.171s] -- Up-to-date symlink: /home/user/robo/sb-robot/ros_ws/install/sb_robot/share/sb_robot/local_setup.bash
[0.171s] -- Up-to-date symlink: /home/user/robo/sb-robot/ros_ws/install/sb_robot/share/sb_robot/local_setup.sh
[0.172s] -- Up-to-date symlink: /home/user/robo/sb-robot/ros_ws/install/sb_robot/share/sb_robot/local_setup.zsh
[0.172s] -- Up-to-date symlink: /home/user/robo/sb-robot/ros_ws/install/sb_robot/share/sb_robot/local_setup.dsv
[0.172s] -- Symlinking: /home/user/robo/sb-robot/ros_ws/install/sb_robot/share/sb_robot/package.dsv
[0.177s] -- Up-to-date symlink: /home/user/robo/sb-robot/ros_ws/install/sb_robot/share/ament_index/resource_index/packages/sb_robot
[0.177s] -- Up-to-date symlink: /home/user/robo/sb-robot/ros_ws/install/sb_robot/share/sb_robot/cmake/sb_robotConfig.cmake
[0.177s] -- Up-to-date symlink: /home/user/robo/sb-robot/ros_ws/install/sb_robot/share/sb_robot/cmake/sb_robotConfig-version.cmake
[0.177s] -- Up-to-date symlink: /home/user/robo/sb-robot/ros_ws/install/sb_robot/share/sb_robot/package.xml
[0.178s] Invoked command in '/home/user/robo/sb-robot/ros_ws/build/sb_robot' returned '0': CMAKE_PREFIX_PATH=/opt/ros/humble /usr/bin/cmake --install /home/user/robo/sb-robot/ros_ws/build/sb_robot
